Starting Model 46
OptimizeGA
===============================
Saturation threshold = 
Setting up variables
You entered 2 conditions  (event types) that will each be modeled with a regessor. 
 Note that if you enter 0 as a condition number, those events will not be modeled
 (they are assumed to be rest/inter-stimulus interval periods)

Contrasts entered. You entered matrix of 3 contrasts, with weights across 4 conditions.
 Contrasts:
     1     1    -1    -1
     1     0    -1     0
     0     1     0    -1
 ...adding one column to contrast matrix with weights of 0, to model the intercept
You entered a contrast weight vector across 3 contrasts
 	...Using rests of length 1 and resting every 4
================== Parameters ======================
     Total stimuli in scan      : 60
     Fixed rest length in ITIs  : 1
     Fixed Rest stimuli in scan : 11
     Num blank intervals        : 9
     Num of task conds          : 2
     Num stimuli each cond      : 20  20
====================================================
	...generating lists of organisms
	...USING TRANS2BLOCK >
     freqConditions = 0.2         0.2         0.2         0.2
     conditions = 1  2  3  4
REST INTERVALS: not used (to use, freqCond should be one longer than conditions
  ...randomizing organism start state
	...restMatrix is 20 X 40
ans =
     4     4     4     4     4     4     4     4     4     4
     4     4     4     4     4     4     4     4     4     4
     4     4     4     4     4     4     4     4     4     4
     4     4     4     4     4     4     4     4     4     4
     4     4     4     4     4     4     4     4     4     4
======== Num stimuli, averaged across lists (before instruction/rest stimuli) ========
		Condition 0: 9 stimuli, 15% of total stimuli
		Condition 1: 20 stimuli, 33.3333% of total stimuli
		Condition 2: 20 stimuli, 33.3333% of total stimuli
		Condition 3: 0 stimuli, 0% of total stimuli
		Condition 4: 0 stimuli, 0% of total stimuli
======================================================================================
best of generation 1 / cbal. = 94.3857 / Wtd. con eff = 2.6767 / Wtd. HRF eff = 0.85255 / Pop var. = 0.86406 / time = 0.74
best of generation 2 / cbal. = 94.8464 / Wtd. con eff = 2.7685 / Wtd. HRF eff = 0.71257 / Pop var. = 0.84715 / time = 0.71
best of generation 3 / cbal. = 94.5935 / Wtd. con eff = 3.0281 / Wtd. HRF eff = 0.78154 / Pop var. = 0.82673 / time = 0.72
best of generation 4 / cbal. = 95.0384 / Wtd. con eff = 3.1465 / Wtd. HRF eff = 0.52971 / Pop var. = 0.80663 / time = 0.72
best of generation 5 / cbal. = 94.6621 / Wtd. con eff = 3.2377 / Wtd. HRF eff = 0.57026 / Pop var. = 0.77494 / time = 0.72
best of generation 6 / cbal. = 95.0334 / Wtd. con eff = 3.1766 / Wtd. HRF eff = 0.56588 / Pop var. = 0.70081 / time = 0.74
best of generation 7 / cbal. = 94.6554 / Wtd. con eff = 3.2786 / Wtd. HRF eff = 0.6286 / Pop var. = 0.62193 / time = 0.72
best of generation 8 / cbal. = 94.6554 / Wtd. con eff = 3.2786 / Wtd. HRF eff = 0.6286 / Pop var. = 0.50963 / time = 0.72
best of generation 9 / cbal. = 94.6554 / Wtd. con eff = 3.2786 / Wtd. HRF eff = 0.6286 / Pop var. = 0.44857 / time = 0.72
best of generation 10 / cbal. = 94.6554 / Wtd. con eff = 3.2786 / Wtd. HRF eff = 0.6286 / Pop var. = 0.35553 / time = 0.72
best of generation 11 / cbal. = 94.6554 / Wtd. con eff = 3.2786 / Wtd. HRF eff = 0.6286 / Pop var. = 0.422 / time = 0.75
best of generation 12 / cbal. = 95.1369 / Wtd. con eff = 3.2966 / Wtd. HRF eff = 0.68893 / Pop var. = 0.37393 / time = 0.72
best of generation 13 / cbal. = 95.1369 / Wtd. con eff = 3.2966 / Wtd. HRF eff = 0.68893 / Pop var. = 0.44252 / time = 0.73
best of generation 14 / cbal. = 94.8343 / Wtd. con eff = 3.4367 / Wtd. HRF eff = 0.85224 / Pop var. = 0.40796 / time = 0.73
best of generation 15 / cbal. = 95.1151 / Wtd. con eff = 3.4098 / Wtd. HRF eff = 0.81001 / Pop var. = 0.42166 / time = 0.72
best of generation 16 / cbal. = 95.1151 / Wtd. con eff = 3.4098 / Wtd. HRF eff = 0.81001 / Pop var. = 0.43979 / time = 0.73
best of generation 17 / cbal. = 95.1389 / Wtd. con eff = 3.4048 / Wtd. HRF eff = 0.89504 / Pop var. = 0.4566 / time = 0.74
best of generation 18 / cbal. = 95.2541 / Wtd. con eff = 3.4771 / Wtd. HRF eff = 0.75333 / Pop var. = 0.45499 / time = 0.73
best of generation 19 / cbal. = 95.2541 / Wtd. con eff = 3.4771 / Wtd. HRF eff = 0.75333 / Pop var. = 0.43903 / time = 0.73
best of generation 20 / cbal. = 95.1971 / Wtd. con eff = 3.4677 / Wtd. HRF eff = 0.93243 / Pop var. = 0.38598 / time = 0.73
best of generation 21 / cbal. = 95.1971 / Wtd. con eff = 3.4677 / Wtd. HRF eff = 0.93243 / Pop var. = 0.50253 / time = 0.73
best of generation 22 / cbal. = 95.0977 / Wtd. con eff = 3.5026 / Wtd. HRF eff = 0.9084 / Pop var. = 0.41295 / time = 0.76
best of generation 23 / cbal. = 95.1638 / Wtd. con eff = 3.5173 / Wtd. HRF eff = 1.0215 / Pop var. = 0.3938 / time = 0.74
best of generation 24 / cbal. = 95.1638 / Wtd. con eff = 3.5173 / Wtd. HRF eff = 1.0215 / Pop var. = 0.48256 / time = 0.73
best of generation 25 / cbal. = 95.1638 / Wtd. con eff = 3.5173 / Wtd. HRF eff = 1.0215 / Pop var. = 0.43561 / time = 0.73
best of generation 26 / cbal. = 95.1638 / Wtd. con eff = 3.5173 / Wtd. HRF eff = 1.0215 / Pop var. = 0.3711 / time = 0.72
best of generation 27 / cbal. = 95.1638 / Wtd. con eff = 3.5173 / Wtd. HRF eff = 1.0215 / Pop var. = 0.40865 / time = 0.73
best of generation 28 / cbal. = 95.1638 / Wtd. con eff = 3.5173 / Wtd. HRF eff = 1.0215 / Pop var. = 0.42105 / time = 0.74
best of generation 29 / cbal. = 95.1638 / Wtd. con eff = 3.5173 / Wtd. HRF eff = 1.0215 / Pop var. = 0.43672 / time = 0.74
best of generation 30 / cbal. = 95.0977 / Wtd. con eff = 3.5427 / Wtd. HRF eff = 0.9553 / Pop var. = 0.38445 / time = 0.74
best of generation 31 / cbal. = 95.1638 / Wtd. con eff = 3.5173 / Wtd. HRF eff = 1.0215 / Pop var. = 0.45752 / time = 0.74
best of generation 32 / cbal. = 95.1638 / Wtd. con eff = 3.5173 / Wtd. HRF eff = 1.0215 / Pop var. = 0.41846 / time = 0.74
best of generation 33 / cbal. = 95.1638 / Wtd. con eff = 3.5173 / Wtd. HRF eff = 1.0215 / Pop var. = 0.35653 / time = 0.76
best of generation 34 / cbal. = 95.1638 / Wtd. con eff = 3.5173 / Wtd. HRF eff = 1.0215 / Pop var. = 0.4184 / time = 0.73
best of generation 35 / cbal. = 95.1638 / Wtd. con eff = 3.5173 / Wtd. HRF eff = 1.0215 / Pop var. = 0.40206 / time = 0.73
best of generation 36 / cbal. = 95.0326 / Wtd. con eff = 3.5474 / Wtd. HRF eff = 0.94067 / Pop var. = 0.31711 / time = 0.73
best of generation 37 / cbal. = 95.0326 / Wtd. con eff = 3.5474 / Wtd. HRF eff = 0.94067 / Pop var. = 0.37475 / time = 0.74
best of generation 38 / cbal. = 95.0895 / Wtd. con eff = 3.5504 / Wtd. HRF eff = 1.0174 / Pop var. = 0.45664 / time = 0.75
best of generation 39 / cbal. = 95.0895 / Wtd. con eff = 3.5504 / Wtd. HRF eff = 1.0174 / Pop var. = 0.48038 / time = 0.74
best of generation 40 / cbal. = 95.0895 / Wtd. con eff = 3.5504 / Wtd. HRF eff = 1.0174 / Pop var. = 0.46015 / time = 0.74
best of generation 41 / cbal. = 95.0895 / Wtd. con eff = 3.5313 / Wtd. HRF eff = 1.1098 / Pop var. = 0.44366 / time = 0.73
best of generation 42 / cbal. = 95.0895 / Wtd. con eff = 3.5313 / Wtd. HRF eff = 1.1098 / Pop var. = 0.41745 / time = 0.75
best of generation 43 / cbal. = 95.0895 / Wtd. con eff = 3.5313 / Wtd. HRF eff = 1.1098 / Pop var. = 0.3928 / time = 0.74
best of generation 44 / cbal. = 95.0895 / Wtd. con eff = 3.5313 / Wtd. HRF eff = 1.1098 / Pop var. = 0.46157 / time = 0.78
best of generation 45 / cbal. = 95.0895 / Wtd. con eff = 3.5313 / Wtd. HRF eff = 1.1098 / Pop var. = 0.4244 / time = 0.73
best of generation 46 / cbal. = 95.0895 / Wtd. con eff = 3.5313 / Wtd. HRF eff = 1.1098 / Pop var. = 0.39667 / time = 0.74
best of generation 47 / cbal. = 95.0732 / Wtd. con eff = 3.5816 / Wtd. HRF eff = 0.97147 / Pop var. = 0.4672 / time = 0.74
best of generation 48 / cbal. = 95.0732 / Wtd. con eff = 3.5816 / Wtd. HRF eff = 0.97147 / Pop var. = 0.43877 / time = 0.73
best of generation 49 / cbal. = 95.0732 / Wtd. con eff = 3.5816 / Wtd. HRF eff = 0.97147 / Pop var. = 0.39082 / time = 0.85
best of generation 50 / cbal. = 95.0732 / Wtd. con eff = 3.5816 / Wtd. HRF eff = 0.97147 / Pop var. = 0.50578 / time = 0.74
best of generation 51 / cbal. = 95.0814 / Wtd. con eff = 3.6018 / Wtd. HRF eff = 0.79797 / Pop var. = 0.48209 / time = 0.73
best of generation 52 / cbal. = 94.889 / Wtd. con eff = 3.6259 / Wtd. HRF eff = 0.81445 / Pop var. = 0.44968 / time = 0.75
best of generation 53 / cbal. = 94.889 / Wtd. con eff = 3.6259 / Wtd. HRF eff = 0.81445 / Pop var. = 0.4088 / time = 0.74
best of generation 54 / cbal. = 94.5836 / Wtd. con eff = 3.6525 / Wtd. HRF eff = 1.1414 / Pop var. = 0.42768 / time = 0.73
best of generation 55 / cbal. = 94.5836 / Wtd. con eff = 3.6525 / Wtd. HRF eff = 1.1414 / Pop var. = 0.3816 / time = 0.77
best of generation 56 / cbal. = 94.5836 / Wtd. con eff = 3.6525 / Wtd. HRF eff = 1.1414 / Pop var. = 0.432 / time = 0.74
best of generation 57 / cbal. = 94.5836 / Wtd. con eff = 3.6525 / Wtd. HRF eff = 1.1414 / Pop var. = 0.39343 / time = 0.74
best of generation 58 / cbal. = 94.7571 / Wtd. con eff = 3.6178 / Wtd. HRF eff = 1.1536 / Pop var. = 0.47095 / time = 0.74
best of generation 59 / cbal. = 94.7265 / Wtd. con eff = 3.6498 / Wtd. HRF eff = 1.1798 / Pop var. = 0.41523 / time = 0.74
best of generation 60 / cbal. = 94.4953 / Wtd. con eff = 3.6502 / Wtd. HRF eff = 1.4628 / Pop var. = 0.37468 / time = 0.74
best of generation 61 / cbal. = 94.4953 / Wtd. con eff = 3.6502 / Wtd. HRF eff = 1.4628 / Pop var. = 0.49164 / time = 0.76
best of generation 62 / cbal. = 94.4953 / Wtd. con eff = 3.6502 / Wtd. HRF eff = 1.4628 / Pop var. = 0.45105 / time = 0.74
best of generation 63 / cbal. = 94.5173 / Wtd. con eff = 3.6604 / Wtd. HRF eff = 1.3768 / Pop var. = 0.43497 / time = 0.73
best of generation 64 / cbal. = 94.5173 / Wtd. con eff = 3.6604 / Wtd. HRF eff = 1.3768 / Pop var. = 0.39879 / time = 0.74
best of generation 65 / cbal. = 94.5173 / Wtd. con eff = 3.6604 / Wtd. HRF eff = 1.3768 / Pop var. = 0.47234 / time = 0.74
best of generation 66 / cbal. = 94.5173 / Wtd. con eff = 3.6604 / Wtd. HRF eff = 1.3768 / Pop var. = 0.44026 / time = 0.73
best of generation 67 / cbal. = 94.5173 / Wtd. con eff = 3.6604 / Wtd. HRF eff = 1.3768 / Pop var. = 0.42114 / time = 0.75
best of generation 68 / cbal. = 94.5173 / Wtd. con eff = 3.6604 / Wtd. HRF eff = 1.3768 / Pop var. = 0.33422 / time = 0.73
best of generation 69 / cbal. = 94.5173 / Wtd. con eff = 3.6604 / Wtd. HRF eff = 1.3768 / Pop var. = 0.30101 / time = 0.73
best of generation 70 / cbal. = 94.5173 / Wtd. con eff = 3.6604 / Wtd. HRF eff = 1.3768 / Pop var. = 0.39368 / time = 0.73
best of generation 71 / cbal. = 94.5173 / Wtd. con eff = 3.6604 / Wtd. HRF eff = 1.3768 / Pop var. = 0.45478 / time = 0.73
best of generation 72 / cbal. = 94.5173 / Wtd. con eff = 3.6604 / Wtd. HRF eff = 1.3768 / Pop var. = 0.40096 / time = 0.75
best of generation 73 / cbal. = 94.5173 / Wtd. con eff = 3.6604 / Wtd. HRF eff = 1.3768 / Pop var. = 0.39216 / time = 0.74
best of generation 74 / cbal. = 94.5173 / Wtd. con eff = 3.6604 / Wtd. HRF eff = 1.3768 / Pop var. = 0.44968 / time = 0.74
best of generation 75 / cbal. = 94.5173 / Wtd. con eff = 3.6604 / Wtd. HRF eff = 1.3768 / Pop var. = 0.35714 / time = 0.74
best of generation 76 / cbal. = 94.5173 / Wtd. con eff = 3.6604 / Wtd. HRF eff = 1.3768 / Pop var. = 0.4175 / time = 0.73
best of generation 77 / cbal. = 94.5173 / Wtd. con eff = 3.6604 / Wtd. HRF eff = 1.3768 / Pop var. = 0.36185 / time = 0.75
best of generation 78 / cbal. = 94.5173 / Wtd. con eff = 3.6604 / Wtd. HRF eff = 1.3768 / Pop var. = 0.40059 / time = 0.73
best of generation 79 / cbal. = 94.5173 / Wtd. con eff = 3.6604 / Wtd. HRF eff = 1.3768 / Pop var. = 0.39885 / time = 0.73
best of generation 80 / cbal. = 94.7418 / Wtd. con eff = 3.574 / Wtd. HRF eff = 1.6545 / Pop var. = 0.45249 / time = 0.73
best of generation 81 / cbal. = 94.5985 / Wtd. con eff = 3.6376 / Wtd. HRF eff = 1.1594 / Pop var. = 0.37986 / time = 0.72
best of generation 82 / cbal. = 94.5836 / Wtd. con eff = 3.6602 / Wtd. HRF eff = 1.6257 / Pop var. = 0.45411 / time = 0.73
best of generation 83 / cbal. = 94.5836 / Wtd. con eff = 3.6602 / Wtd. HRF eff = 1.6257 / Pop var. = 0.41285 / time = 0.76
best of generation 84 / cbal. = 94.5836 / Wtd. con eff = 3.6602 / Wtd. HRF eff = 1.6257 / Pop var. = 0.3956 / time = 0.73
best of generation 85 / cbal. = 94.5836 / Wtd. con eff = 3.6602 / Wtd. HRF eff = 1.6257 / Pop var. = 0.42726 / time = 0.73
best of generation 86 / cbal. = 94.5836 / Wtd. con eff = 3.6602 / Wtd. HRF eff = 1.6257 / Pop var. = 0.38206 / time = 0.74
best of generation 87 / cbal. = 94.5836 / Wtd. con eff = 3.6602 / Wtd. HRF eff = 1.6257 / Pop var. = 0.46105 / time = 0.75
best of generation 88 / cbal. = 94.5836 / Wtd. con eff = 3.6602 / Wtd. HRF eff = 1.6257 / Pop var. = 0.42171 / time = 0.76
best of generation 89 / cbal. = 94.5836 / Wtd. con eff = 3.6602 / Wtd. HRF eff = 1.6257 / Pop var. = 0.3742 / time = 0.74
best of generation 90 / cbal. = 94.5836 / Wtd. con eff = 3.6602 / Wtd. HRF eff = 1.6257 / Pop var. = 0.42365 / time = 0.73
best of generation 91 / cbal. = 94.5836 / Wtd. con eff = 3.6602 / Wtd. HRF eff = 1.6257 / Pop var. = 0.3898 / time = 0.72
best of generation 92 / cbal. = 94.5836 / Wtd. con eff = 3.6602 / Wtd. HRF eff = 1.6257 / Pop var. = 0.4604 / time = 0.73
best of generation 93 / cbal. = 94.5836 / Wtd. con eff = 3.6602 / Wtd. HRF eff = 1.6257 / Pop var. = 0.4321 / time = 0.75
best of generation 94 / cbal. = 94.5836 / Wtd. con eff = 3.6602 / Wtd. HRF eff = 1.6257 / Pop var. = 0.39938 / time = 0.76
best of generation 95 / cbal. = 94.4807 / Wtd. con eff = 3.6927 / Wtd. HRF eff = 1.433 / Pop var. = 0.44871 / time = 0.73
best of generation 96 / cbal. = 94.4807 / Wtd. con eff = 3.6927 / Wtd. HRF eff = 1.433 / Pop var. = 0.39971 / time = 0.74
best of generation 97 / cbal. = 94.4807 / Wtd. con eff = 3.6927 / Wtd. HRF eff = 1.433 / Pop var. = 0.46869 / time = 0.73
best of generation 98 / cbal. = 94.4807 / Wtd. con eff = 3.6927 / Wtd. HRF eff = 1.433 / Pop var. = 0.41099 / time = 0.73
best of generation 99 / cbal. = 94.4807 / Wtd. con eff = 3.6927 / Wtd. HRF eff = 1.433 / Pop var. = 0.37645 / time = 0.75
best of generation 100 / cbal. = 94.4807 / Wtd. con eff = 3.6927 / Wtd. HRF eff = 1.433 / Pop var. = 0.41771 / time = 0.74
best of generation 101 / cbal. = 94.4807 / Wtd. con eff = 3.6927 / Wtd. HRF eff = 1.433 / Pop var. = 0.4133 / time = 0.73
best of generation 102 / cbal. = 94.4807 / Wtd. con eff = 3.6927 / Wtd. HRF eff = 1.433 / Pop var. = 0.36213 / time = 0.74
best of generation 103 / cbal. = 94.4807 / Wtd. con eff = 3.6927 / Wtd. HRF eff = 1.433 / Pop var. = 0.45063 / time = 0.73
best of generation 104 / cbal. = 94.4807 / Wtd. con eff = 3.6927 / Wtd. HRF eff = 1.433 / Pop var. = 0.40949 / time = 0.73
best of generation 105 / cbal. = 94.4807 / Wtd. con eff = 3.6927 / Wtd. HRF eff = 1.433 / Pop var. = 0.35353 / time = 0.76
best of generation 106 / cbal. = 94.4807 / Wtd. con eff = 3.6927 / Wtd. HRF eff = 1.433 / Pop var. = 0.35813 / time = 0.73
best of generation 107 / cbal. = 94.4807 / Wtd. con eff = 3.6927 / Wtd. HRF eff = 1.433 / Pop var. = 0.40147 / time = 0.74
best of generation 108 / cbal. = 94.4807 / Wtd. con eff = 3.6927 / Wtd. HRF eff = 1.433 / Pop var. = 0.35665 / time = 0.74
best of generation 109 / cbal. = 94.4807 / Wtd. con eff = 3.6927 / Wtd. HRF eff = 1.433 / Pop var. = 0.43538 / time = 0.73
best of generation 110 / cbal. = 94.4807 / Wtd. con eff = 3.6927 / Wtd. HRF eff = 1.433 / Pop var. = 0.3514 / time = 0.76
best of generation 111 / cbal. = 94.8577 / Wtd. con eff = 3.6141 / Wtd. HRF eff = 1.6965 / Pop var. = 0.42361 / time = 0.72
best of generation 112 / cbal. = 94.4807 / Wtd. con eff = 3.6927 / Wtd. HRF eff = 1.433 / Pop var. = 0.33884 / time = 0.75
best of generation 113 / cbal. = 94.4807 / Wtd. con eff = 3.6927 / Wtd. HRF eff = 1.433 / Pop var. = 0.3951 / time = 0.74
best of generation 114 / cbal. = 94.4807 / Wtd. con eff = 3.6927 / Wtd. HRF eff = 1.433 / Pop var. = 0.46085 / time = 0.73
best of generation 115 / cbal. = 94.4807 / Wtd. con eff = 3.6927 / Wtd. HRF eff = 1.433 / Pop var. = 0.3824 / time = 0.74
best of generation 116 / cbal. = 94.4807 / Wtd. con eff = 3.6927 / Wtd. HRF eff = 1.433 / Pop var. = 0.45365 / time = 0.76
best of generation 117 / cbal. = 94.4807 / Wtd. con eff = 3.6927 / Wtd. HRF eff = 1.433 / Pop var. = 0.41305 / time = 0.74
best of generation 118 / cbal. = 94.4807 / Wtd. con eff = 3.6927 / Wtd. HRF eff = 1.433 / Pop var. = 0.36565 / time = 0.74
best of generation 119 / cbal. = 94.4807 / Wtd. con eff = 3.6927 / Wtd. HRF eff = 1.433 / Pop var. = 0.43109 / time = 0.73
best of generation 120 / cbal. = 94.4807 / Wtd. con eff = 3.6927 / Wtd. HRF eff = 1.433 / Pop var. = 0.39342 / time = 0.74
best of generation 121 / cbal. = 94.4807 / Wtd. con eff = 3.6927 / Wtd. HRF eff = 1.433 / Pop var. = 0.44174 / time = 0.76
best of generation 122 / cbal. = 94.4807 / Wtd. con eff = 3.6927 / Wtd. HRF eff = 1.433 / Pop var. = 0.36266 / time = 0.73
best of generation 123 / cbal. = 94.4807 / Wtd. con eff = 3.6927 / Wtd. HRF eff = 1.433 / Pop var. = 0.41231 / time = 0.73
best of generation 124 / cbal. = 94.4807 / Wtd. con eff = 3.6927 / Wtd. HRF eff = 1.433 / Pop var. = 0.39643 / time = 0.73
best of generation 125 / cbal. = 94.4807 / Wtd. con eff = 3.6927 / Wtd. HRF eff = 1.433 / Pop var. = 0.46746 / time = 0.73
best of generation 126 / cbal. = 94.4807 / Wtd. con eff = 3.6927 / Wtd. HRF eff = 1.433 / Pop var. = 0.38788 / time = 0.74
best of generation 127 / cbal. = 94.4807 / Wtd. con eff = 3.6927 / Wtd. HRF eff = 1.433 / Pop var. = 0.46263 / time = 0.74
best of generation 128 / cbal. = 94.4807 / Wtd. con eff = 3.6927 / Wtd. HRF eff = 1.433 / Pop var. = 0.41856 / time = 0.73
best of generation 129 / cbal. = 94.4807 / Wtd. con eff = 3.6927 / Wtd. HRF eff = 1.433 / Pop var. = 0.36203 / time = 0.73
best of generation 130 / cbal. = 94.4807 / Wtd. con eff = 3.6927 / Wtd. HRF eff = 1.433 / Pop var. = 0.44737 / time = 0.74
best of generation 131 / cbal. = 94.4807 / Wtd. con eff = 3.6927 / Wtd. HRF eff = 1.433 / Pop var. = 0.39185 / time = 0.73
best of generation 132 / cbal. = 94.4807 / Wtd. con eff = 3.6927 / Wtd. HRF eff = 1.433 / Pop var. = 0.43093 / time = 0.76
best of generation 133 / cbal. = 94.4807 / Wtd. con eff = 3.6927 / Wtd. HRF eff = 1.433 / Pop var. = 0.3664 / time = 0.74
best of generation 134 / cbal. = 94.4807 / Wtd. con eff = 3.6927 / Wtd. HRF eff = 1.433 / Pop var. = 0.4484 / time = 0.73
best of generation 135 / cbal. = 94.4807 / Wtd. con eff = 3.6927 / Wtd. HRF eff = 1.433 / Pop var. = 0.41708 / time = 0.74
best of generation 136 / cbal. = 94.4807 / Wtd. con eff = 3.6927 / Wtd. HRF eff = 1.433 / Pop var. = 0.39866 / time = 0.74
best of generation 137 / cbal. = 94.4807 / Wtd. con eff = 3.6927 / Wtd. HRF eff = 1.433 / Pop var. = 0.44843 / time = 0.73
best of generation 138 / cbal. = 94.4807 / Wtd. con eff = 3.6927 / Wtd. HRF eff = 1.433 / Pop var. = 0.43179 / time = 0.74
best of generation 139 / cbal. = 94.4807 / Wtd. con eff = 3.6927 / Wtd. HRF eff = 1.433 / Pop var. = 0.35287 / time = 0.73
best of generation 140 / cbal. = 94.4807 / Wtd. con eff = 3.6927 / Wtd. HRF eff = 1.433 / Pop var. = 0.3906 / time = 0.74
best of generation 141 / cbal. = 94.4807 / Wtd. con eff = 3.6927 / Wtd. HRF eff = 1.433 / Pop var. = 0.43649 / time = 0.72
best of generation 142 / cbal. = 94.4807 / Wtd. con eff = 3.6927 / Wtd. HRF eff = 1.433 / Pop var. = 0.38131 / time = 0.76
best of generation 143 / cbal. = 94.4807 / Wtd. con eff = 3.6927 / Wtd. HRF eff = 1.433 / Pop var. = 0.43336 / time = 0.76
best of generation 144 / cbal. = 94.4807 / Wtd. con eff = 3.6927 / Wtd. HRF eff = 1.433 / Pop var. = 0.38077 / time = 0.74
best of generation 145 / cbal. = 94.4807 / Wtd. con eff = 3.6927 / Wtd. HRF eff = 1.433 / Pop var. = 0.43888 / time = 0.73
best of generation 146 / cbal. = 94.4807 / Wtd. con eff = 3.6927 / Wtd. HRF eff = 1.433 / Pop var. = 0.37306 / time = 0.73
best of generation 147 / cbal. = 94.4807 / Wtd. con eff = 3.6927 / Wtd. HRF eff = 1.433 / Pop var. = 0.43738 / time = 0.74
best of generation 148 / cbal. = 94.4807 / Wtd. con eff = 3.6927 / Wtd. HRF eff = 1.433 / Pop var. = 0.36539 / time = 0.75
best of generation 149 / cbal. = 94.4807 / Wtd. con eff = 3.6927 / Wtd. HRF eff = 1.433 / Pop var. = 0.42388 / time = 0.74
best of generation 150 / cbal. = 94.4807 / Wtd. con eff = 3.6927 / Wtd. HRF eff = 1.433 / Pop var. = 0.37987 / time = 0.73
best of generation 151 / cbal. = 94.4807 / Wtd. con eff = 3.6927 / Wtd. HRF eff = 1.433 / Pop var. = 0.47688 / time = 0.72
best of generation 152 / cbal. = 94.4807 / Wtd. con eff = 3.6927 / Wtd. HRF eff = 1.433 / Pop var. = 0.3963 / time = 0.73
best of generation 153 / cbal. = 94.4807 / Wtd. con eff = 3.6927 / Wtd. HRF eff = 1.433 / Pop var. = 0.44536 / time = 0.73
best of generation 154 / cbal. = 94.4807 / Wtd. con eff = 3.6927 / Wtd. HRF eff = 1.433 / Pop var. = 0.37424 / time = 0.77
best of generation 155 / cbal. = 94.4807 / Wtd. con eff = 3.6927 / Wtd. HRF eff = 1.433 / Pop var. = 0.45792 / time = 0.73
best of generation 156 / cbal. = 94.4807 / Wtd. con eff = 3.6927 / Wtd. HRF eff = 1.433 / Pop var. = 0.40994 / time = 0.73
best of generation 157 / cbal. = 94.4807 / Wtd. con eff = 3.6927 / Wtd. HRF eff = 1.433 / Pop var. = 0.3375 / time = 0.75
best of generation 158 / cbal. = 94.4807 / Wtd. con eff = 3.6927 / Wtd. HRF eff = 1.433 / Pop var. = 0.42546 / time = 0.74
best of generation 159 / cbal. = 94.4807 / Wtd. con eff = 3.6927 / Wtd. HRF eff = 1.433 / Pop var. = 0.40691 / time = 0.75
best of generation 160 / cbal. = 94.4807 / Wtd. con eff = 3.6927 / Wtd. HRF eff = 1.433 / Pop var. = 0.34899 / time = 0.76
saving workspace as GAresults.mat
M = 
     origlist: [49x1 double]
     restlist: [20x1 double]
     stimlist: [60x1 double]
           ga: [1x1 struct]
    bestLists: [60x160 uint8]
         date: '11-9-2014'
optimizeGA done: 120.45 s
