Starting Model 57
OptimizeGA
===============================
Saturation threshold = 
Setting up variables
You entered 2 conditions  (event types) that will each be modeled with a regessor. 
 Note that if you enter 0 as a condition number, those events will not be modeled
 (they are assumed to be rest/inter-stimulus interval periods)

Contrasts entered. You entered matrix of 3 contrasts, with weights across 4 conditions.
 Contrasts:
     1     1    -1    -1
     1     0    -1     0
     0     1     0    -1
 ...adding one column to contrast matrix with weights of 0, to model the intercept
You entered a contrast weight vector across 3 contrasts
 	...Using rests of length 1 and resting every 4
================== Parameters ======================
     Total stimuli in scan      : 60
     Fixed rest length in ITIs  : 1
     Fixed Rest stimuli in scan : 11
     Num blank intervals        : 9
     Num of task conds          : 2
     Num stimuli each cond      : 20  20
====================================================
	...generating lists of organisms
	...USING TRANS2BLOCK >
     freqConditions = 0.2         0.2         0.2         0.2
     conditions = 1  2  3  4
REST INTERVALS: not used (to use, freqCond should be one longer than conditions
  ...randomizing organism start state
	...restMatrix is 20 X 40
ans =
     4     4     4     4     4     4     4     4     4     4
     4     4     4     4     4     4     4     4     4     4
     4     4     4     4     4     4     4     4     4     4
     4     4     4     4     4     4     4     4     4     4
     4     4     4     4     4     4     4     4     4     4
======== Num stimuli, averaged across lists (before instruction/rest stimuli) ========
		Condition 0: 9 stimuli, 15% of total stimuli
		Condition 1: 20 stimuli, 33.3333% of total stimuli
		Condition 2: 20 stimuli, 33.3333% of total stimuli
		Condition 3: 0 stimuli, 0% of total stimuli
		Condition 4: 0 stimuli, 0% of total stimuli
======================================================================================
best of generation 1 / cbal. = 94.2681 / Wtd. con eff = 2.5712 / Wtd. HRF eff = 0.6264 / Pop var. = 0.86105 / time = 0.76
best of generation 2 / cbal. = 94.2681 / Wtd. con eff = 2.5712 / Wtd. HRF eff = 0.6264 / Pop var. = 0.84784 / time = 0.74
best of generation 3 / cbal. = 94.7052 / Wtd. con eff = 2.8591 / Wtd. HRF eff = 0.61999 / Pop var. = 0.82867 / time = 0.72
best of generation 4 / cbal. = 94.7052 / Wtd. con eff = 2.8591 / Wtd. HRF eff = 0.61999 / Pop var. = 0.80518 / time = 0.71
best of generation 5 / cbal. = 94.8709 / Wtd. con eff = 2.8838 / Wtd. HRF eff = 0.61391 / Pop var. = 0.80523 / time = 0.75
best of generation 6 / cbal. = 94.6062 / Wtd. con eff = 3.0201 / Wtd. HRF eff = 1.0176 / Pop var. = 0.77419 / time = 0.75
best of generation 7 / cbal. = 94.7398 / Wtd. con eff = 3.0811 / Wtd. HRF eff = 0.96215 / Pop var. = 0.74066 / time = 0.72
best of generation 8 / cbal. = 95.1627 / Wtd. con eff = 3.1341 / Wtd. HRF eff = 0.68179 / Pop var. = 0.69274 / time = 0.72
best of generation 9 / cbal. = 95.0891 / Wtd. con eff = 3.1562 / Wtd. HRF eff = 0.81404 / Pop var. = 0.63353 / time = 0.72
best of generation 10 / cbal. = 94.8137 / Wtd. con eff = 3.2714 / Wtd. HRF eff = 0.88866 / Pop var. = 0.55784 / time = 0.72
best of generation 11 / cbal. = 94.8137 / Wtd. con eff = 3.2714 / Wtd. HRF eff = 0.88866 / Pop var. = 0.48228 / time = 0.76
best of generation 12 / cbal. = 95.089 / Wtd. con eff = 3.1951 / Wtd. HRF eff = 1.0105 / Pop var. = 0.42012 / time = 0.72
best of generation 13 / cbal. = 95.0673 / Wtd. con eff = 3.313 / Wtd. HRF eff = 0.75166 / Pop var. = 0.38327 / time = 0.73
best of generation 14 / cbal. = 95.0407 / Wtd. con eff = 3.3537 / Wtd. HRF eff = 0.92712 / Pop var. = 0.46471 / time = 0.73
best of generation 15 / cbal. = 95.0407 / Wtd. con eff = 3.3537 / Wtd. HRF eff = 0.92712 / Pop var. = 0.46538 / time = 0.74
best of generation 16 / cbal. = 95.0407 / Wtd. con eff = 3.3537 / Wtd. HRF eff = 0.92712 / Pop var. = 0.44212 / time = 0.76
best of generation 17 / cbal. = 95.0569 / Wtd. con eff = 3.3615 / Wtd. HRF eff = 0.90248 / Pop var. = 0.42033 / time = 0.73
best of generation 18 / cbal. = 95.2815 / Wtd. con eff = 3.3448 / Wtd. HRF eff = 1.0682 / Pop var. = 0.40451 / time = 0.73
best of generation 19 / cbal. = 95.1721 / Wtd. con eff = 3.3957 / Wtd. HRF eff = 0.88948 / Pop var. = 0.34515 / time = 0.74
best of generation 20 / cbal. = 95.1721 / Wtd. con eff = 3.3957 / Wtd. HRF eff = 0.88948 / Pop var. = 0.41408 / time = 0.73
best of generation 21 / cbal. = 94.7955 / Wtd. con eff = 3.4629 / Wtd. HRF eff = 1.6025 / Pop var. = 0.36137 / time = 0.73
best of generation 22 / cbal. = 94.7955 / Wtd. con eff = 3.4629 / Wtd. HRF eff = 1.6025 / Pop var. = 0.43841 / time = 0.76
best of generation 23 / cbal. = 94.7955 / Wtd. con eff = 3.4629 / Wtd. HRF eff = 1.6025 / Pop var. = 0.42327 / time = 0.74
best of generation 24 / cbal. = 94.7955 / Wtd. con eff = 3.4629 / Wtd. HRF eff = 1.6025 / Pop var. = 0.41248 / time = 0.74
best of generation 25 / cbal. = 94.9285 / Wtd. con eff = 3.4779 / Wtd. HRF eff = 1.2701 / Pop var. = 0.39929 / time = 0.76
best of generation 26 / cbal. = 94.9285 / Wtd. con eff = 3.4779 / Wtd. HRF eff = 1.2701 / Pop var. = 0.44503 / time = 0.74
best of generation 27 / cbal. = 94.7189 / Wtd. con eff = 3.5377 / Wtd. HRF eff = 1.011 / Pop var. = 0.43471 / time = 0.74
best of generation 28 / cbal. = 94.7189 / Wtd. con eff = 3.5377 / Wtd. HRF eff = 1.011 / Pop var. = 0.40827 / time = 0.73
best of generation 29 / cbal. = 95.0003 / Wtd. con eff = 3.515 / Wtd. HRF eff = 1.3646 / Pop var. = 0.4103 / time = 0.73
best of generation 30 / cbal. = 95.0003 / Wtd. con eff = 3.515 / Wtd. HRF eff = 1.3646 / Pop var. = 0.37991 / time = 0.74
best of generation 31 / cbal. = 95.0003 / Wtd. con eff = 3.515 / Wtd. HRF eff = 1.3646 / Pop var. = 0.47875 / time = 0.73
best of generation 32 / cbal. = 95.0003 / Wtd. con eff = 3.515 / Wtd. HRF eff = 1.3646 / Pop var. = 0.45061 / time = 0.74
best of generation 33 / cbal. = 95.0003 / Wtd. con eff = 3.515 / Wtd. HRF eff = 1.3646 / Pop var. = 0.44816 / time = 0.77
best of generation 34 / cbal. = 95.0003 / Wtd. con eff = 3.515 / Wtd. HRF eff = 1.3646 / Pop var. = 0.42684 / time = 0.74
best of generation 35 / cbal. = 95.0003 / Wtd. con eff = 3.515 / Wtd. HRF eff = 1.3646 / Pop var. = 0.37225 / time = 0.74
best of generation 36 / cbal. = 95.2986 / Wtd. con eff = 3.4302 / Wtd. HRF eff = 1.4779 / Pop var. = 0.47088 / time = 0.73
best of generation 37 / cbal. = 94.889 / Wtd. con eff = 3.5625 / Wtd. HRF eff = 1.3001 / Pop var. = 0.43438 / time = 0.74
best of generation 38 / cbal. = 94.889 / Wtd. con eff = 3.5625 / Wtd. HRF eff = 1.3001 / Pop var. = 0.40631 / time = 0.75
best of generation 39 / cbal. = 94.1968 / Wtd. con eff = 3.6657 / Wtd. HRF eff = 0.97968 / Pop var. = 0.38719 / time = 0.73
best of generation 40 / cbal. = 94.7955 / Wtd. con eff = 3.5781 / Wtd. HRF eff = 1.4936 / Pop var. = 0.48152 / time = 0.74
best of generation 41 / cbal. = 94.7955 / Wtd. con eff = 3.5781 / Wtd. HRF eff = 1.4936 / Pop var. = 0.47339 / time = 0.73
best of generation 42 / cbal. = 94.7955 / Wtd. con eff = 3.5781 / Wtd. HRF eff = 1.4936 / Pop var. = 0.42877 / time = 0.74
best of generation 43 / cbal. = 94.8265 / Wtd. con eff = 3.5815 / Wtd. HRF eff = 1.4762 / Pop var. = 0.37489 / time = 0.72
best of generation 44 / cbal. = 94.8265 / Wtd. con eff = 3.5815 / Wtd. HRF eff = 1.4762 / Pop var. = 0.4573 / time = 0.77
best of generation 45 / cbal. = 94.8265 / Wtd. con eff = 3.5815 / Wtd. HRF eff = 1.4762 / Pop var. = 0.39305 / time = 0.73
best of generation 46 / cbal. = 94.4372 / Wtd. con eff = 3.6828 / Wtd. HRF eff = 1.4072 / Pop var. = 0.44521 / time = 0.73
best of generation 47 / cbal. = 94.4372 / Wtd. con eff = 3.6828 / Wtd. HRF eff = 1.4072 / Pop var. = 0.41406 / time = 0.73
best of generation 48 / cbal. = 94.4372 / Wtd. con eff = 3.6828 / Wtd. HRF eff = 1.4072 / Pop var. = 0.38594 / time = 0.73
best of generation 49 / cbal. = 94.4372 / Wtd. con eff = 3.6828 / Wtd. HRF eff = 1.4072 / Pop var. = 0.45353 / time = 0.74
best of generation 50 / cbal. = 94.4372 / Wtd. con eff = 3.6828 / Wtd. HRF eff = 1.4072 / Pop var. = 0.39191 / time = 0.73
best of generation 51 / cbal. = 94.4372 / Wtd. con eff = 3.6828 / Wtd. HRF eff = 1.4072 / Pop var. = 0.4551 / time = 0.73
best of generation 52 / cbal. = 94.4372 / Wtd. con eff = 3.6828 / Wtd. HRF eff = 1.4072 / Pop var. = 0.43209 / time = 0.74
best of generation 53 / cbal. = 94.6283 / Wtd. con eff = 3.6723 / Wtd. HRF eff = 1.4095 / Pop var. = 0.3983 / time = 0.74
best of generation 54 / cbal. = 94.6283 / Wtd. con eff = 3.6723 / Wtd. HRF eff = 1.4095 / Pop var. = 0.47192 / time = 0.73
best of generation 55 / cbal. = 94.6283 / Wtd. con eff = 3.6723 / Wtd. HRF eff = 1.4095 / Pop var. = 0.42438 / time = 0.77
best of generation 56 / cbal. = 94.4662 / Wtd. con eff = 3.6979 / Wtd. HRF eff = 1.4539 / Pop var. = 0.37575 / time = 0.73
best of generation 57 / cbal. = 94.811 / Wtd. con eff = 3.6293 / Wtd. HRF eff = 1.4707 / Pop var. = 0.39569 / time = 0.75
best of generation 58 / cbal. = 94.811 / Wtd. con eff = 3.6293 / Wtd. HRF eff = 1.4707 / Pop var. = 0.48902 / time = 0.74
best of generation 59 / cbal. = 94.811 / Wtd. con eff = 3.6293 / Wtd. HRF eff = 1.4707 / Pop var. = 0.45792 / time = 0.74
best of generation 60 / cbal. = 94.811 / Wtd. con eff = 3.6293 / Wtd. HRF eff = 1.4707 / Pop var. = 0.42252 / time = 0.75
best of generation 61 / cbal. = 94.7801 / Wtd. con eff = 3.6462 / Wtd. HRF eff = 1.4365 / Pop var. = 0.40084 / time = 0.73
best of generation 62 / cbal. = 94.3228 / Wtd. con eff = 3.7114 / Wtd. HRF eff = 1.536 / Pop var. = 0.39508 / time = 0.75
best of generation 63 / cbal. = 94.3228 / Wtd. con eff = 3.7114 / Wtd. HRF eff = 1.536 / Pop var. = 0.47251 / time = 0.74
best of generation 64 / cbal. = 95.0003 / Wtd. con eff = 3.61 / Wtd. HRF eff = 1.3701 / Pop var. = 0.42681 / time = 0.74
best of generation 65 / cbal. = 94.3512 / Wtd. con eff = 3.7053 / Wtd. HRF eff = 1.8567 / Pop var. = 0.39813 / time = 0.74
best of generation 66 / cbal. = 94.3512 / Wtd. con eff = 3.7053 / Wtd. HRF eff = 1.8567 / Pop var. = 0.45003 / time = 0.77
best of generation 67 / cbal. = 94.3512 / Wtd. con eff = 3.7053 / Wtd. HRF eff = 1.8567 / Pop var. = 0.38246 / time = 0.74
best of generation 68 / cbal. = 94.3512 / Wtd. con eff = 3.7053 / Wtd. HRF eff = 1.8567 / Pop var. = 0.46672 / time = 0.74
best of generation 69 / cbal. = 94.3512 / Wtd. con eff = 3.7053 / Wtd. HRF eff = 1.8567 / Pop var. = 0.43905 / time = 0.74
best of generation 70 / cbal. = 94.3512 / Wtd. con eff = 3.7053 / Wtd. HRF eff = 1.8567 / Pop var. = 0.38806 / time = 0.74
best of generation 71 / cbal. = 94.3512 / Wtd. con eff = 3.7053 / Wtd. HRF eff = 1.8567 / Pop var. = 0.44123 / time = 0.78
best of generation 72 / cbal. = 94.3512 / Wtd. con eff = 3.7053 / Wtd. HRF eff = 1.8567 / Pop var. = 0.38104 / time = 0.73
best of generation 73 / cbal. = 94.3512 / Wtd. con eff = 3.7053 / Wtd. HRF eff = 1.8567 / Pop var. = 0.37189 / time = 0.74
best of generation 74 / cbal. = 94.3512 / Wtd. con eff = 3.7053 / Wtd. HRF eff = 1.8567 / Pop var. = 0.39488 / time = 0.73
best of generation 75 / cbal. = 94.3512 / Wtd. con eff = 3.7053 / Wtd. HRF eff = 1.8567 / Pop var. = 0.4603 / time = 0.74
best of generation 76 / cbal. = 94.3512 / Wtd. con eff = 3.7053 / Wtd. HRF eff = 1.8567 / Pop var. = 0.38874 / time = 0.74
best of generation 77 / cbal. = 94.3512 / Wtd. con eff = 3.7053 / Wtd. HRF eff = 1.8567 / Pop var. = 0.48606 / time = 0.75
best of generation 78 / cbal. = 94.3512 / Wtd. con eff = 3.7053 / Wtd. HRF eff = 1.8567 / Pop var. = 0.40513 / time = 0.74
best of generation 79 / cbal. = 94.3512 / Wtd. con eff = 3.7053 / Wtd. HRF eff = 1.8567 / Pop var. = 0.37753 / time = 0.75
best of generation 80 / cbal. = 94.3512 / Wtd. con eff = 3.7053 / Wtd. HRF eff = 1.8567 / Pop var. = 0.45072 / time = 0.75
best of generation 81 / cbal. = 94.3512 / Wtd. con eff = 3.7053 / Wtd. HRF eff = 1.8567 / Pop var. = 0.42231 / time = 0.74
best of generation 82 / cbal. = 94.3512 / Wtd. con eff = 3.7053 / Wtd. HRF eff = 1.8567 / Pop var. = 0.34616 / time = 0.78
best of generation 83 / cbal. = 94.3512 / Wtd. con eff = 3.7053 / Wtd. HRF eff = 1.8567 / Pop var. = 0.3607 / time = 0.74
best of generation 84 / cbal. = 94.3512 / Wtd. con eff = 3.7053 / Wtd. HRF eff = 1.8567 / Pop var. = 0.43283 / time = 0.73
best of generation 85 / cbal. = 94.3512 / Wtd. con eff = 3.7053 / Wtd. HRF eff = 1.8567 / Pop var. = 0.36746 / time = 0.75
best of generation 86 / cbal. = 94.3512 / Wtd. con eff = 3.7053 / Wtd. HRF eff = 1.8567 / Pop var. = 0.4241 / time = 0.74
best of generation 87 / cbal. = 94.3512 / Wtd. con eff = 3.7053 / Wtd. HRF eff = 1.8567 / Pop var. = 0.38026 / time = 0.74
best of generation 88 / cbal. = 94.3512 / Wtd. con eff = 3.7053 / Wtd. HRF eff = 1.8567 / Pop var. = 0.42889 / time = 0.78
best of generation 89 / cbal. = 94.3512 / Wtd. con eff = 3.7053 / Wtd. HRF eff = 1.8567 / Pop var. = 0.41175 / time = 0.74
best of generation 90 / cbal. = 94.3512 / Wtd. con eff = 3.7053 / Wtd. HRF eff = 1.8567 / Pop var. = 0.35201 / time = 0.74
best of generation 91 / cbal. = 94.3512 / Wtd. con eff = 3.7053 / Wtd. HRF eff = 1.8567 / Pop var. = 0.3989 / time = 0.74
best of generation 92 / cbal. = 94.3512 / Wtd. con eff = 3.7053 / Wtd. HRF eff = 1.8567 / Pop var. = 0.43984 / time = 0.74
best of generation 93 / cbal. = 94.3512 / Wtd. con eff = 3.7053 / Wtd. HRF eff = 1.8567 / Pop var. = 0.38111 / time = 0.77
best of generation 94 / cbal. = 94.3512 / Wtd. con eff = 3.7053 / Wtd. HRF eff = 1.8567 / Pop var. = 0.45612 / time = 0.74
best of generation 95 / cbal. = 94.3512 / Wtd. con eff = 3.7053 / Wtd. HRF eff = 1.8567 / Pop var. = 0.40454 / time = 0.73
best of generation 96 / cbal. = 94.3512 / Wtd. con eff = 3.7053 / Wtd. HRF eff = 1.8567 / Pop var. = 0.35151 / time = 0.74
best of generation 97 / cbal. = 94.3512 / Wtd. con eff = 3.7053 / Wtd. HRF eff = 1.8567 / Pop var. = 0.40487 / time = 0.74
best of generation 98 / cbal. = 94.3512 / Wtd. con eff = 3.7053 / Wtd. HRF eff = 1.8567 / Pop var. = 0.3463 / time = 0.74
best of generation 99 / cbal. = 94.3512 / Wtd. con eff = 3.7053 / Wtd. HRF eff = 1.8567 / Pop var. = 0.41872 / time = 0.76
best of generation 100 / cbal. = 94.3512 / Wtd. con eff = 3.7053 / Wtd. HRF eff = 1.8567 / Pop var. = 0.39329 / time = 0.72
best of generation 101 / cbal. = 94.3512 / Wtd. con eff = 3.7053 / Wtd. HRF eff = 1.8567 / Pop var. = 0.45598 / time = 0.73
best of generation 102 / cbal. = 94.3512 / Wtd. con eff = 3.7053 / Wtd. HRF eff = 1.8567 / Pop var. = 0.42523 / time = 0.74
best of generation 103 / cbal. = 94.3512 / Wtd. con eff = 3.7053 / Wtd. HRF eff = 1.8567 / Pop var. = 0.35828 / time = 0.74
best of generation 104 / cbal. = 94.3512 / Wtd. con eff = 3.7053 / Wtd. HRF eff = 1.8567 / Pop var. = 0.44537 / time = 0.79
best of generation 105 / cbal. = 94.3512 / Wtd. con eff = 3.7053 / Wtd. HRF eff = 1.8567 / Pop var. = 0.38711 / time = 0.74
best of generation 106 / cbal. = 94.3512 / Wtd. con eff = 3.7053 / Wtd. HRF eff = 1.8567 / Pop var. = 0.45586 / time = 0.74
best of generation 107 / cbal. = 94.3512 / Wtd. con eff = 3.7053 / Wtd. HRF eff = 1.8567 / Pop var. = 0.38063 / time = 0.75
best of generation 108 / cbal. = 94.3512 / Wtd. con eff = 3.7053 / Wtd. HRF eff = 1.8567 / Pop var. = 0.42623 / time = 0.73
best of generation 109 / cbal. = 94.3512 / Wtd. con eff = 3.7053 / Wtd. HRF eff = 1.8567 / Pop var. = 0.3821 / time = 0.75
best of generation 110 / cbal. = 94.5836 / Wtd. con eff = 3.6847 / Wtd. HRF eff = 1.7613 / Pop var. = 0.38507 / time = 0.73
best of generation 111 / cbal. = 94.5836 / Wtd. con eff = 3.6847 / Wtd. HRF eff = 1.7613 / Pop var. = 0.42259 / time = 0.73
best of generation 112 / cbal. = 94.3512 / Wtd. con eff = 3.7053 / Wtd. HRF eff = 1.8567 / Pop var. = 0.34342 / time = 0.74
best of generation 113 / cbal. = 94.3512 / Wtd. con eff = 3.7053 / Wtd. HRF eff = 1.8567 / Pop var. = 0.41062 / time = 0.74
best of generation 114 / cbal. = 94.3512 / Wtd. con eff = 3.7053 / Wtd. HRF eff = 1.8567 / Pop var. = 0.3826 / time = 0.74
best of generation 115 / cbal. = 94.3512 / Wtd. con eff = 3.7053 / Wtd. HRF eff = 1.8567 / Pop var. = 0.48648 / time = 0.77
best of generation 116 / cbal. = 94.3512 / Wtd. con eff = 3.7053 / Wtd. HRF eff = 1.8567 / Pop var. = 0.43779 / time = 0.72
best of generation 117 / cbal. = 94.3512 / Wtd. con eff = 3.7053 / Wtd. HRF eff = 1.8567 / Pop var. = 0.37199 / time = 0.75
best of generation 118 / cbal. = 94.3512 / Wtd. con eff = 3.7053 / Wtd. HRF eff = 1.8567 / Pop var. = 0.47107 / time = 0.74
best of generation 119 / cbal. = 94.3512 / Wtd. con eff = 3.7053 / Wtd. HRF eff = 1.8567 / Pop var. = 0.3868 / time = 0.73
best of generation 120 / cbal. = 94.3512 / Wtd. con eff = 3.7053 / Wtd. HRF eff = 1.8567 / Pop var. = 0.4748 / time = 0.76
best of generation 121 / cbal. = 94.3512 / Wtd. con eff = 3.7053 / Wtd. HRF eff = 1.8567 / Pop var. = 0.43538 / time = 0.75
best of generation 122 / cbal. = 94.3512 / Wtd. con eff = 3.7053 / Wtd. HRF eff = 1.8567 / Pop var. = 0.38371 / time = 0.76
best of generation 123 / cbal. = 94.3512 / Wtd. con eff = 3.7053 / Wtd. HRF eff = 1.8567 / Pop var. = 0.45354 / time = 0.73
best of generation 124 / cbal. = 94.3512 / Wtd. con eff = 3.7053 / Wtd. HRF eff = 1.8567 / Pop var. = 0.41739 / time = 0.74
best of generation 125 / cbal. = 94.3512 / Wtd. con eff = 3.7053 / Wtd. HRF eff = 1.8567 / Pop var. = 0.39534 / time = 0.74
best of generation 126 / cbal. = 94.3512 / Wtd. con eff = 3.7053 / Wtd. HRF eff = 1.8567 / Pop var. = 0.47039 / time = 0.76
best of generation 127 / cbal. = 94.6283 / Wtd. con eff = 3.6618 / Wtd. HRF eff = 1.9947 / Pop var. = 0.37391 / time = 0.75
best of generation 128 / cbal. = 94.6283 / Wtd. con eff = 3.6618 / Wtd. HRF eff = 1.9947 / Pop var. = 0.4237 / time = 0.74
best of generation 129 / cbal. = 94.6283 / Wtd. con eff = 3.6618 / Wtd. HRF eff = 1.9947 / Pop var. = 0.29403 / time = 0.74
best of generation 130 / cbal. = 94.6283 / Wtd. con eff = 3.6618 / Wtd. HRF eff = 1.9947 / Pop var. = 0.37622 / time = 0.73
best of generation 131 / cbal. = 94.6283 / Wtd. con eff = 3.6618 / Wtd. HRF eff = 1.9947 / Pop var. = 0.451 / time = 0.74
best of generation 132 / cbal. = 94.6283 / Wtd. con eff = 3.6618 / Wtd. HRF eff = 1.9947 / Pop var. = 0.41235 / time = 0.75
best of generation 133 / cbal. = 94.3512 / Wtd. con eff = 3.7053 / Wtd. HRF eff = 1.8567 / Pop var. = 0.3438 / time = 0.75
best of generation 134 / cbal. = 94.3512 / Wtd. con eff = 3.7053 / Wtd. HRF eff = 1.8567 / Pop var. = 0.41119 / time = 0.73
best of generation 135 / cbal. = 94.3512 / Wtd. con eff = 3.7053 / Wtd. HRF eff = 1.8567 / Pop var. = 0.36091 / time = 0.73
best of generation 136 / cbal. = 94.3512 / Wtd. con eff = 3.7053 / Wtd. HRF eff = 1.8567 / Pop var. = 0.46426 / time = 0.72
best of generation 137 / cbal. = 94.3512 / Wtd. con eff = 3.7053 / Wtd. HRF eff = 1.8567 / Pop var. = 0.42545 / time = 0.75
best of generation 138 / cbal. = 94.3512 / Wtd. con eff = 3.7053 / Wtd. HRF eff = 1.8567 / Pop var. = 0.3673 / time = 0.73
best of generation 139 / cbal. = 94.3512 / Wtd. con eff = 3.7053 / Wtd. HRF eff = 1.8567 / Pop var. = 0.40204 / time = 0.73
best of generation 140 / cbal. = 94.3512 / Wtd. con eff = 3.7053 / Wtd. HRF eff = 1.8567 / Pop var. = 0.36642 / time = 0.73
best of generation 141 / cbal. = 94.3512 / Wtd. con eff = 3.7053 / Wtd. HRF eff = 1.8567 / Pop var. = 0.47118 / time = 0.72
best of generation 142 / cbal. = 94.3512 / Wtd. con eff = 3.7053 / Wtd. HRF eff = 1.8567 / Pop var. = 0.43245 / time = 0.75
best of generation 143 / cbal. = 94.3512 / Wtd. con eff = 3.7053 / Wtd. HRF eff = 1.8567 / Pop var. = 0.40403 / time = 0.76
best of generation 144 / cbal. = 94.3512 / Wtd. con eff = 3.7053 / Wtd. HRF eff = 1.8567 / Pop var. = 0.36444 / time = 0.74
best of generation 145 / cbal. = 94.3512 / Wtd. con eff = 3.7053 / Wtd. HRF eff = 1.8567 / Pop var. = 0.45153 / time = 0.73
best of generation 146 / cbal. = 94.3512 / Wtd. con eff = 3.7053 / Wtd. HRF eff = 1.8567 / Pop var. = 0.41924 / time = 0.74
best of generation 147 / cbal. = 94.3512 / Wtd. con eff = 3.7053 / Wtd. HRF eff = 1.8567 / Pop var. = 0.38298 / time = 0.74
best of generation 148 / cbal. = 94.3512 / Wtd. con eff = 3.7053 / Wtd. HRF eff = 1.8567 / Pop var. = 0.47306 / time = 0.75
best of generation 149 / cbal. = 94.3512 / Wtd. con eff = 3.7053 / Wtd. HRF eff = 1.8567 / Pop var. = 0.42875 / time = 0.73
best of generation 150 / cbal. = 94.3512 / Wtd. con eff = 3.7053 / Wtd. HRF eff = 1.8567 / Pop var. = 0.37446 / time = 0.73
best of generation 151 / cbal. = 94.3512 / Wtd. con eff = 3.7053 / Wtd. HRF eff = 1.8567 / Pop var. = 0.40459 / time = 0.73
best of generation 152 / cbal. = 94.3512 / Wtd. con eff = 3.7053 / Wtd. HRF eff = 1.8567 / Pop var. = 0.37062 / time = 0.73
best of generation 153 / cbal. = 94.3512 / Wtd. con eff = 3.7053 / Wtd. HRF eff = 1.8567 / Pop var. = 0.44547 / time = 0.76
best of generation 154 / cbal. = 94.3512 / Wtd. con eff = 3.7053 / Wtd. HRF eff = 1.8567 / Pop var. = 0.36685 / time = 0.76
best of generation 155 / cbal. = 94.4084 / Wtd. con eff = 3.679 / Wtd. HRF eff = 3.145 / Pop var. = 0.42592 / time = 0.74
best of generation 156 / cbal. = 94.4084 / Wtd. con eff = 3.679 / Wtd. HRF eff = 3.145 / Pop var. = 0.36748 / time = 0.73
best of generation 157 / cbal. = 94.4084 / Wtd. con eff = 3.679 / Wtd. HRF eff = 3.145 / Pop var. = 0.45747 / time = 0.73
best of generation 158 / cbal. = 94.4084 / Wtd. con eff = 3.679 / Wtd. HRF eff = 3.145 / Pop var. = 0.42378 / time = 0.74
best of generation 159 / cbal. = 94.4084 / Wtd. con eff = 3.679 / Wtd. HRF eff = 3.145 / Pop var. = 0.39098 / time = 0.74
best of generation 160 / cbal. = 94.4084 / Wtd. con eff = 3.679 / Wtd. HRF eff = 3.145 / Pop var. = 0.46325 / time = 0.73
saving workspace as GAresults.mat
M = 
     origlist: [49x1 double]
     restlist: [20x1 double]
     stimlist: [60x1 double]
           ga: [1x1 struct]
    bestLists: [60x160 uint8]
         date: '11-9-2014'
optimizeGA done: 120.82 s
