Starting Model 81
OptimizeGA
===============================
Saturation threshold = 
Setting up variables
You entered 2 conditions  (event types) that will each be modeled with a regessor. 
 Note that if you enter 0 as a condition number, those events will not be modeled
 (they are assumed to be rest/inter-stimulus interval periods)

Contrasts entered. You entered matrix of 3 contrasts, with weights across 4 conditions.
 Contrasts:
     1     1    -1    -1
     1     0    -1     0
     0     1     0    -1
 ...adding one column to contrast matrix with weights of 0, to model the intercept
You entered a contrast weight vector across 3 contrasts
 	...Using rests of length 1 and resting every 4
================== Parameters ======================
     Total stimuli in scan      : 60
     Fixed rest length in ITIs  : 1
     Fixed Rest stimuli in scan : 11
     Num blank intervals        : 9
     Num of task conds          : 2
     Num stimuli each cond      : 20  20
====================================================
	...generating lists of organisms
	...USING TRANS2BLOCK >
     freqConditions = 0.2         0.2         0.2         0.2
     conditions = 1  2  3  4
REST INTERVALS: not used (to use, freqCond should be one longer than conditions
  ...randomizing organism start state
	...restMatrix is 20 X 40
ans =
     4     4     4     4     4     4     4     4     4     4
     4     4     4     4     4     4     4     4     4     4
     4     4     4     4     4     4     4     4     4     4
     4     4     4     4     4     4     4     4     4     4
     4     4     4     4     4     4     4     4     4     4
======== Num stimuli, averaged across lists (before instruction/rest stimuli) ========
		Condition 0: 9 stimuli, 15% of total stimuli
		Condition 1: 20 stimuli, 33.3333% of total stimuli
		Condition 2: 20 stimuli, 33.3333% of total stimuli
		Condition 3: 0 stimuli, 0% of total stimuli
		Condition 4: 0 stimuli, 0% of total stimuli
======================================================================================
best of generation 1 / cbal. = 94.7978 / Wtd. con eff = 2.6408 / Wtd. HRF eff = 0.46951 / Pop var. = 0.86122 / time = 0.72
best of generation 2 / cbal. = 94.9624 / Wtd. con eff = 2.783 / Wtd. HRF eff = 0.49364 / Pop var. = 0.84453 / time = 0.81
best of generation 3 / cbal. = 94.0488 / Wtd. con eff = 3.0645 / Wtd. HRF eff = 0.55696 / Pop var. = 0.8339 / time = 0.72
best of generation 4 / cbal. = 94.0488 / Wtd. con eff = 3.0645 / Wtd. HRF eff = 0.55696 / Pop var. = 0.8174 / time = 0.71
best of generation 5 / cbal. = 94.0488 / Wtd. con eff = 3.0645 / Wtd. HRF eff = 0.55696 / Pop var. = 0.79809 / time = 0.72
best of generation 6 / cbal. = 94.0488 / Wtd. con eff = 3.0645 / Wtd. HRF eff = 0.55696 / Pop var. = 0.78265 / time = 0.71
best of generation 7 / cbal. = 94.419 / Wtd. con eff = 3.2219 / Wtd. HRF eff = 0.60712 / Pop var. = 0.7589 / time = 0.71
best of generation 8 / cbal. = 94.419 / Wtd. con eff = 3.2219 / Wtd. HRF eff = 0.60712 / Pop var. = 0.71868 / time = 0.74
best of generation 9 / cbal. = 94.419 / Wtd. con eff = 3.2219 / Wtd. HRF eff = 0.60712 / Pop var. = 0.68356 / time = 0.72
best of generation 10 / cbal. = 94.419 / Wtd. con eff = 3.2219 / Wtd. HRF eff = 0.60712 / Pop var. = 0.64011 / time = 0.71
best of generation 11 / cbal. = 94.5428 / Wtd. con eff = 3.3043 / Wtd. HRF eff = 0.88045 / Pop var. = 0.55845 / time = 0.72
best of generation 12 / cbal. = 94.5416 / Wtd. con eff = 3.3205 / Wtd. HRF eff = 0.91274 / Pop var. = 0.5046 / time = 0.72
best of generation 13 / cbal. = 94.4894 / Wtd. con eff = 3.2958 / Wtd. HRF eff = 0.86163 / Pop var. = 0.41807 / time = 0.74
best of generation 14 / cbal. = 94.6092 / Wtd. con eff = 3.3542 / Wtd. HRF eff = 0.7898 / Pop var. = 0.36369 / time = 0.74
best of generation 15 / cbal. = 93.5689 / Wtd. con eff = 3.4923 / Wtd. HRF eff = 0.80789 / Pop var. = 0.44286 / time = 0.72
best of generation 16 / cbal. = 95.1434 / Wtd. con eff = 3.374 / Wtd. HRF eff = 0.7675 / Pop var. = 0.45148 / time = 0.72
best of generation 17 / cbal. = 94.8379 / Wtd. con eff = 3.4152 / Wtd. HRF eff = 0.88203 / Pop var. = 0.47309 / time = 0.73
best of generation 18 / cbal. = 93.7372 / Wtd. con eff = 3.5402 / Wtd. HRF eff = 1.0521 / Pop var. = 0.43261 / time = 0.72
best of generation 19 / cbal. = 93.7372 / Wtd. con eff = 3.5402 / Wtd. HRF eff = 1.0521 / Pop var. = 0.4291 / time = 0.77
best of generation 20 / cbal. = 94.3441 / Wtd. con eff = 3.5465 / Wtd. HRF eff = 0.9674 / Pop var. = 0.40213 / time = 0.74
best of generation 21 / cbal. = 95.1142 / Wtd. con eff = 3.5667 / Wtd. HRF eff = 0.87246 / Pop var. = 0.34546 / time = 0.73
best of generation 22 / cbal. = 95.1142 / Wtd. con eff = 3.5667 / Wtd. HRF eff = 0.87246 / Pop var. = 0.44079 / time = 0.73
best of generation 23 / cbal. = 95.1142 / Wtd. con eff = 3.5667 / Wtd. HRF eff = 0.87246 / Pop var. = 0.40039 / time = 0.74
best of generation 24 / cbal. = 95.1142 / Wtd. con eff = 3.5667 / Wtd. HRF eff = 0.87246 / Pop var. = 0.38322 / time = 0.74
best of generation 25 / cbal. = 95.3243 / Wtd. con eff = 3.4997 / Wtd. HRF eff = 1.0958 / Pop var. = 0.49403 / time = 0.76
best of generation 26 / cbal. = 94.7878 / Wtd. con eff = 3.5684 / Wtd. HRF eff = 1.0094 / Pop var. = 0.5033 / time = 0.73
best of generation 27 / cbal. = 94.5246 / Wtd. con eff = 3.5864 / Wtd. HRF eff = 1.1344 / Pop var. = 0.49296 / time = 0.72
best of generation 28 / cbal. = 94.5246 / Wtd. con eff = 3.5864 / Wtd. HRF eff = 1.1344 / Pop var. = 0.47338 / time = 0.72
best of generation 29 / cbal. = 94.4156 / Wtd. con eff = 3.6347 / Wtd. HRF eff = 1.1164 / Pop var. = 0.41317 / time = 0.74
best of generation 30 / cbal. = 94.4156 / Wtd. con eff = 3.6347 / Wtd. HRF eff = 1.1164 / Pop var. = 0.36663 / time = 0.75
best of generation 31 / cbal. = 94.4156 / Wtd. con eff = 3.6347 / Wtd. HRF eff = 1.1164 / Pop var. = 0.47316 / time = 0.72
best of generation 32 / cbal. = 94.5467 / Wtd. con eff = 3.6461 / Wtd. HRF eff = 0.97102 / Pop var. = 0.44943 / time = 0.73
best of generation 33 / cbal. = 94.5467 / Wtd. con eff = 3.6461 / Wtd. HRF eff = 0.97102 / Pop var. = 0.43322 / time = 0.73
best of generation 34 / cbal. = 94.5467 / Wtd. con eff = 3.6461 / Wtd. HRF eff = 0.97102 / Pop var. = 0.40548 / time = 0.73
best of generation 35 / cbal. = 94.4807 / Wtd. con eff = 3.6351 / Wtd. HRF eff = 1.1167 / Pop var. = 0.36395 / time = 0.75
best of generation 36 / cbal. = 94.8812 / Wtd. con eff = 3.5998 / Wtd. HRF eff = 1.0241 / Pop var. = 0.44574 / time = 0.76
best of generation 37 / cbal. = 94.8812 / Wtd. con eff = 3.5998 / Wtd. HRF eff = 1.0241 / Pop var. = 0.43233 / time = 0.74
best of generation 38 / cbal. = 94.5173 / Wtd. con eff = 3.6324 / Wtd. HRF eff = 1.2681 / Pop var. = 0.3769 / time = 0.73
best of generation 39 / cbal. = 94.5173 / Wtd. con eff = 3.6324 / Wtd. HRF eff = 1.2681 / Pop var. = 0.45521 / time = 0.74
best of generation 40 / cbal. = 94.5173 / Wtd. con eff = 3.6324 / Wtd. HRF eff = 1.2681 / Pop var. = 0.41861 / time = 0.73
best of generation 41 / cbal. = 94.5173 / Wtd. con eff = 3.6324 / Wtd. HRF eff = 1.2681 / Pop var. = 0.37859 / time = 0.77
best of generation 42 / cbal. = 94.5173 / Wtd. con eff = 3.6324 / Wtd. HRF eff = 1.2681 / Pop var. = 0.4637 / time = 0.74
best of generation 43 / cbal. = 94.5688 / Wtd. con eff = 3.6257 / Wtd. HRF eff = 1.4816 / Pop var. = 0.45034 / time = 0.73
best of generation 44 / cbal. = 94.5688 / Wtd. con eff = 3.6257 / Wtd. HRF eff = 1.4816 / Pop var. = 0.38878 / time = 0.73
best of generation 45 / cbal. = 94.5688 / Wtd. con eff = 3.6257 / Wtd. HRF eff = 1.4816 / Pop var. = 0.44386 / time = 0.73
best of generation 46 / cbal. = 94.5688 / Wtd. con eff = 3.6257 / Wtd. HRF eff = 1.4816 / Pop var. = 0.43766 / time = 0.75
best of generation 47 / cbal. = 94.5688 / Wtd. con eff = 3.6257 / Wtd. HRF eff = 1.4816 / Pop var. = 0.393 / time = 0.73
best of generation 48 / cbal. = 94.5688 / Wtd. con eff = 3.6257 / Wtd. HRF eff = 1.4816 / Pop var. = 0.4611 / time = 0.74
best of generation 49 / cbal. = 94.5688 / Wtd. con eff = 3.6257 / Wtd. HRF eff = 1.4816 / Pop var. = 0.41404 / time = 0.73
best of generation 50 / cbal. = 94.5246 / Wtd. con eff = 3.6644 / Wtd. HRF eff = 1.2059 / Pop var. = 0.41638 / time = 0.73
best of generation 51 / cbal. = 94.5246 / Wtd. con eff = 3.6644 / Wtd. HRF eff = 1.2059 / Pop var. = 0.43924 / time = 0.72
best of generation 52 / cbal. = 94.5173 / Wtd. con eff = 3.6621 / Wtd. HRF eff = 1.3619 / Pop var. = 0.40545 / time = 0.79
best of generation 53 / cbal. = 94.5173 / Wtd. con eff = 3.6621 / Wtd. HRF eff = 1.3619 / Pop var. = 0.36124 / time = 0.74
best of generation 54 / cbal. = 94.5173 / Wtd. con eff = 3.6621 / Wtd. HRF eff = 1.3619 / Pop var. = 0.45936 / time = 0.73
best of generation 55 / cbal. = 94.5173 / Wtd. con eff = 3.6621 / Wtd. HRF eff = 1.3619 / Pop var. = 0.44335 / time = 0.74
best of generation 56 / cbal. = 94.8499 / Wtd. con eff = 3.6377 / Wtd. HRF eff = 1.2365 / Pop var. = 0.33494 / time = 0.73
best of generation 57 / cbal. = 94.8499 / Wtd. con eff = 3.6377 / Wtd. HRF eff = 1.2365 / Pop var. = 0.36113 / time = 0.73
best of generation 58 / cbal. = 94.8499 / Wtd. con eff = 3.6377 / Wtd. HRF eff = 1.2365 / Pop var. = 0.44066 / time = 0.74
best of generation 59 / cbal. = 94.8499 / Wtd. con eff = 3.6377 / Wtd. HRF eff = 1.2365 / Pop var. = 0.45442 / time = 0.75
best of generation 60 / cbal. = 94.8499 / Wtd. con eff = 3.6377 / Wtd. HRF eff = 1.2365 / Pop var. = 0.43438 / time = 0.74
best of generation 61 / cbal. = 94.8499 / Wtd. con eff = 3.6377 / Wtd. HRF eff = 1.2365 / Pop var. = 0.35399 / time = 0.73
best of generation 62 / cbal. = 94.8499 / Wtd. con eff = 3.6377 / Wtd. HRF eff = 1.2365 / Pop var. = 0.37744 / time = 0.74
best of generation 63 / cbal. = 94.8499 / Wtd. con eff = 3.6377 / Wtd. HRF eff = 1.2365 / Pop var. = 0.44363 / time = 0.78
best of generation 64 / cbal. = 94.8499 / Wtd. con eff = 3.6377 / Wtd. HRF eff = 1.2365 / Pop var. = 0.37254 / time = 0.72
best of generation 65 / cbal. = 94.8499 / Wtd. con eff = 3.6377 / Wtd. HRF eff = 1.2365 / Pop var. = 0.45564 / time = 0.73
best of generation 66 / cbal. = 94.8499 / Wtd. con eff = 3.6377 / Wtd. HRF eff = 1.2365 / Pop var. = 0.41189 / time = 0.75
best of generation 67 / cbal. = 94.8499 / Wtd. con eff = 3.6377 / Wtd. HRF eff = 1.2365 / Pop var. = 0.33388 / time = 0.74
best of generation 68 / cbal. = 94.8499 / Wtd. con eff = 3.6377 / Wtd. HRF eff = 1.2365 / Pop var. = 0.38858 / time = 0.72
best of generation 69 / cbal. = 94.8499 / Wtd. con eff = 3.6377 / Wtd. HRF eff = 1.2365 / Pop var. = 0.40944 / time = 0.74
best of generation 70 / cbal. = 94.8499 / Wtd. con eff = 3.6377 / Wtd. HRF eff = 1.2365 / Pop var. = 0.38356 / time = 0.73
best of generation 71 / cbal. = 94.8499 / Wtd. con eff = 3.6377 / Wtd. HRF eff = 1.2365 / Pop var. = 0.43279 / time = 0.73
best of generation 72 / cbal. = 94.8499 / Wtd. con eff = 3.6377 / Wtd. HRF eff = 1.2365 / Pop var. = 0.36792 / time = 0.74
best of generation 73 / cbal. = 94.8499 / Wtd. con eff = 3.6377 / Wtd. HRF eff = 1.2365 / Pop var. = 0.45709 / time = 0.74
best of generation 74 / cbal. = 94.8499 / Wtd. con eff = 3.6377 / Wtd. HRF eff = 1.2365 / Pop var. = 0.4112 / time = 0.8
best of generation 75 / cbal. = 94.8499 / Wtd. con eff = 3.6377 / Wtd. HRF eff = 1.2365 / Pop var. = 0.33024 / time = 0.74
best of generation 76 / cbal. = 94.8499 / Wtd. con eff = 3.6377 / Wtd. HRF eff = 1.2365 / Pop var. = 0.39389 / time = 0.73
best of generation 77 / cbal. = 94.8499 / Wtd. con eff = 3.6377 / Wtd. HRF eff = 1.2365 / Pop var. = 0.43772 / time = 0.73
best of generation 78 / cbal. = 94.8499 / Wtd. con eff = 3.6377 / Wtd. HRF eff = 1.2365 / Pop var. = 0.38809 / time = 0.73
best of generation 79 / cbal. = 94.8499 / Wtd. con eff = 3.6377 / Wtd. HRF eff = 1.2365 / Pop var. = 0.4108 / time = 0.74
best of generation 80 / cbal. = 94.8499 / Wtd. con eff = 3.6377 / Wtd. HRF eff = 1.2365 / Pop var. = 0.37875 / time = 0.75
best of generation 81 / cbal. = 94.8499 / Wtd. con eff = 3.6377 / Wtd. HRF eff = 1.2365 / Pop var. = 0.41586 / time = 0.73
best of generation 82 / cbal. = 94.8499 / Wtd. con eff = 3.6377 / Wtd. HRF eff = 1.2365 / Pop var. = 0.35832 / time = 0.74
best of generation 83 / cbal. = 94.8499 / Wtd. con eff = 3.6377 / Wtd. HRF eff = 1.2365 / Pop var. = 0.40368 / time = 0.77
best of generation 84 / cbal. = 94.8499 / Wtd. con eff = 3.6377 / Wtd. HRF eff = 1.2365 / Pop var. = 0.35247 / time = 0.76
best of generation 85 / cbal. = 94.8499 / Wtd. con eff = 3.6377 / Wtd. HRF eff = 1.2365 / Pop var. = 0.43466 / time = 0.77
best of generation 86 / cbal. = 94.8499 / Wtd. con eff = 3.6377 / Wtd. HRF eff = 1.2365 / Pop var. = 0.40386 / time = 0.76
best of generation 87 / cbal. = 94.8499 / Wtd. con eff = 3.6377 / Wtd. HRF eff = 1.2365 / Pop var. = 0.33892 / time = 0.75
best of generation 88 / cbal. = 94.8499 / Wtd. con eff = 3.6377 / Wtd. HRF eff = 1.2365 / Pop var. = 0.41505 / time = 0.75
best of generation 89 / cbal. = 94.8499 / Wtd. con eff = 3.6377 / Wtd. HRF eff = 1.2365 / Pop var. = 0.38026 / time = 0.74
best of generation 90 / cbal. = 94.8499 / Wtd. con eff = 3.6377 / Wtd. HRF eff = 1.2365 / Pop var. = 0.43939 / time = 0.74
best of generation 91 / cbal. = 94.8499 / Wtd. con eff = 3.6377 / Wtd. HRF eff = 1.2365 / Pop var. = 0.36712 / time = 0.74
best of generation 92 / cbal. = 94.8499 / Wtd. con eff = 3.6377 / Wtd. HRF eff = 1.2365 / Pop var. = 0.4159 / time = 0.74
best of generation 93 / cbal. = 94.8499 / Wtd. con eff = 3.6377 / Wtd. HRF eff = 1.2365 / Pop var. = 0.40374 / time = 0.74
best of generation 94 / cbal. = 94.8499 / Wtd. con eff = 3.6377 / Wtd. HRF eff = 1.2365 / Pop var. = 0.36131 / time = 0.74
best of generation 95 / cbal. = 94.8499 / Wtd. con eff = 3.6377 / Wtd. HRF eff = 1.2365 / Pop var. = 0.40227 / time = 0.74
best of generation 96 / cbal. = 94.8499 / Wtd. con eff = 3.6377 / Wtd. HRF eff = 1.2365 / Pop var. = 0.32259 / time = 0.78
best of generation 97 / cbal. = 94.8499 / Wtd. con eff = 3.6377 / Wtd. HRF eff = 1.2365 / Pop var. = 0.39013 / time = 0.74
best of generation 98 / cbal. = 94.8499 / Wtd. con eff = 3.6377 / Wtd. HRF eff = 1.2365 / Pop var. = 0.43751 / time = 0.74
best of generation 99 / cbal. = 94.8499 / Wtd. con eff = 3.6377 / Wtd. HRF eff = 1.2365 / Pop var. = 0.38621 / time = 0.74
best of generation 100 / cbal. = 94.8499 / Wtd. con eff = 3.6377 / Wtd. HRF eff = 1.2365 / Pop var. = 0.42611 / time = 0.74
best of generation 101 / cbal. = 94.8499 / Wtd. con eff = 3.6377 / Wtd. HRF eff = 1.2365 / Pop var. = 0.42037 / time = 0.75
best of generation 102 / cbal. = 94.8499 / Wtd. con eff = 3.6377 / Wtd. HRF eff = 1.2365 / Pop var. = 0.40352 / time = 0.79
best of generation 103 / cbal. = 94.8499 / Wtd. con eff = 3.6377 / Wtd. HRF eff = 1.2365 / Pop var. = 0.36636 / time = 0.74
best of generation 104 / cbal. = 94.8499 / Wtd. con eff = 3.6377 / Wtd. HRF eff = 1.2365 / Pop var. = 0.37299 / time = 0.74
best of generation 105 / cbal. = 94.8499 / Wtd. con eff = 3.6377 / Wtd. HRF eff = 1.2365 / Pop var. = 0.44505 / time = 0.74
best of generation 106 / cbal. = 94.8499 / Wtd. con eff = 3.6377 / Wtd. HRF eff = 1.2365 / Pop var. = 0.39715 / time = 0.76
best of generation 107 / cbal. = 94.8033 / Wtd. con eff = 3.6468 / Wtd. HRF eff = 1.3656 / Pop var. = 0.46544 / time = 0.77
best of generation 108 / cbal. = 94.8033 / Wtd. con eff = 3.6468 / Wtd. HRF eff = 1.3656 / Pop var. = 0.37978 / time = 0.73
best of generation 109 / cbal. = 94.8033 / Wtd. con eff = 3.6468 / Wtd. HRF eff = 1.3656 / Pop var. = 0.44888 / time = 0.73
best of generation 110 / cbal. = 94.8033 / Wtd. con eff = 3.6468 / Wtd. HRF eff = 1.3656 / Pop var. = 0.43208 / time = 0.73
best of generation 111 / cbal. = 94.8033 / Wtd. con eff = 3.6468 / Wtd. HRF eff = 1.3656 / Pop var. = 0.36668 / time = 0.72
best of generation 112 / cbal. = 94.8033 / Wtd. con eff = 3.6468 / Wtd. HRF eff = 1.3656 / Pop var. = 0.46746 / time = 0.76
best of generation 113 / cbal. = 94.8033 / Wtd. con eff = 3.6468 / Wtd. HRF eff = 1.3656 / Pop var. = 0.42887 / time = 0.76
best of generation 114 / cbal. = 94.8033 / Wtd. con eff = 3.6468 / Wtd. HRF eff = 1.3656 / Pop var. = 0.40605 / time = 0.76
best of generation 115 / cbal. = 94.8033 / Wtd. con eff = 3.6468 / Wtd. HRF eff = 1.3656 / Pop var. = 0.30929 / time = 0.73
best of generation 116 / cbal. = 94.8033 / Wtd. con eff = 3.6468 / Wtd. HRF eff = 1.3656 / Pop var. = 0.3984 / time = 0.74
best of generation 117 / cbal. = 94.8033 / Wtd. con eff = 3.6468 / Wtd. HRF eff = 1.3656 / Pop var. = 0.47027 / time = 0.74
best of generation 118 / cbal. = 94.8033 / Wtd. con eff = 3.6212 / Wtd. HRF eff = 1.7907 / Pop var. = 0.3869 / time = 0.77
best of generation 119 / cbal. = 94.8033 / Wtd. con eff = 3.6212 / Wtd. HRF eff = 1.7907 / Pop var. = 0.42756 / time = 0.73
best of generation 120 / cbal. = 94.8033 / Wtd. con eff = 3.6212 / Wtd. HRF eff = 1.7907 / Pop var. = 0.39329 / time = 0.72
best of generation 121 / cbal. = 94.8033 / Wtd. con eff = 3.6212 / Wtd. HRF eff = 1.7907 / Pop var. = 0.4177 / time = 0.72
best of generation 122 / cbal. = 94.8033 / Wtd. con eff = 3.6212 / Wtd. HRF eff = 1.7907 / Pop var. = 0.38967 / time = 0.75
best of generation 123 / cbal. = 94.8033 / Wtd. con eff = 3.6212 / Wtd. HRF eff = 1.7907 / Pop var. = 0.47883 / time = 0.75
best of generation 124 / cbal. = 94.8033 / Wtd. con eff = 3.6212 / Wtd. HRF eff = 1.7907 / Pop var. = 0.45991 / time = 0.75
best of generation 125 / cbal. = 94.8033 / Wtd. con eff = 3.6212 / Wtd. HRF eff = 1.7907 / Pop var. = 0.41896 / time = 0.73
best of generation 126 / cbal. = 94.8033 / Wtd. con eff = 3.6212 / Wtd. HRF eff = 1.7907 / Pop var. = 0.37937 / time = 0.73
best of generation 127 / cbal. = 94.8033 / Wtd. con eff = 3.6212 / Wtd. HRF eff = 1.7907 / Pop var. = 0.43187 / time = 0.73
best of generation 128 / cbal. = 94.9206 / Wtd. con eff = 3.601 / Wtd. HRF eff = 1.8969 / Pop var. = 0.35417 / time = 0.73
best of generation 129 / cbal. = 94.9206 / Wtd. con eff = 3.601 / Wtd. HRF eff = 1.8969 / Pop var. = 0.44288 / time = 0.76
best of generation 130 / cbal. = 94.9206 / Wtd. con eff = 3.601 / Wtd. HRF eff = 1.8969 / Pop var. = 0.40376 / time = 0.74
best of generation 131 / cbal. = 94.9206 / Wtd. con eff = 3.601 / Wtd. HRF eff = 1.8969 / Pop var. = 0.36738 / time = 0.75
best of generation 132 / cbal. = 94.9206 / Wtd. con eff = 3.601 / Wtd. HRF eff = 1.8969 / Pop var. = 0.44073 / time = 0.74
best of generation 133 / cbal. = 94.9206 / Wtd. con eff = 3.601 / Wtd. HRF eff = 1.8969 / Pop var. = 0.39873 / time = 0.73
best of generation 134 / cbal. = 94.9206 / Wtd. con eff = 3.601 / Wtd. HRF eff = 1.8969 / Pop var. = 0.48855 / time = 0.75
best of generation 135 / cbal. = 94.9206 / Wtd. con eff = 3.601 / Wtd. HRF eff = 1.8969 / Pop var. = 0.42791 / time = 0.76
best of generation 136 / cbal. = 94.9206 / Wtd. con eff = 3.601 / Wtd. HRF eff = 1.8969 / Pop var. = 0.36225 / time = 0.73
best of generation 137 / cbal. = 94.9206 / Wtd. con eff = 3.601 / Wtd. HRF eff = 1.8969 / Pop var. = 0.42142 / time = 0.74
best of generation 138 / cbal. = 94.9206 / Wtd. con eff = 3.601 / Wtd. HRF eff = 1.8969 / Pop var. = 0.37185 / time = 0.74
best of generation 139 / cbal. = 94.8343 / Wtd. con eff = 3.6374 / Wtd. HRF eff = 1.4147 / Pop var. = 0.41505 / time = 0.74
best of generation 140 / cbal. = 94.8343 / Wtd. con eff = 3.6374 / Wtd. HRF eff = 1.4147 / Pop var. = 0.3627 / time = 0.75
best of generation 141 / cbal. = 94.8343 / Wtd. con eff = 3.6374 / Wtd. HRF eff = 1.4147 / Pop var. = 0.43763 / time = 0.74
best of generation 142 / cbal. = 94.8343 / Wtd. con eff = 3.6374 / Wtd. HRF eff = 1.4147 / Pop var. = 0.41651 / time = 0.74
best of generation 143 / cbal. = 94.8343 / Wtd. con eff = 3.6374 / Wtd. HRF eff = 1.4147 / Pop var. = 0.30337 / time = 0.73
best of generation 144 / cbal. = 94.8343 / Wtd. con eff = 3.6374 / Wtd. HRF eff = 1.4147 / Pop var. = 0.39795 / time = 0.73
best of generation 145 / cbal. = 94.8343 / Wtd. con eff = 3.6374 / Wtd. HRF eff = 1.4147 / Pop var. = 0.44442 / time = 0.76
best of generation 146 / cbal. = 94.8343 / Wtd. con eff = 3.6374 / Wtd. HRF eff = 1.4147 / Pop var. = 0.34271 / time = 0.75
best of generation 147 / cbal. = 94.8343 / Wtd. con eff = 3.6374 / Wtd. HRF eff = 1.4147 / Pop var. = 0.44124 / time = 0.74
best of generation 148 / cbal. = 94.8343 / Wtd. con eff = 3.6374 / Wtd. HRF eff = 1.4147 / Pop var. = 0.39514 / time = 0.74
best of generation 149 / cbal. = 94.6885 / Wtd. con eff = 3.6341 / Wtd. HRF eff = 1.6585 / Pop var. = 0.44932 / time = 0.74
best of generation 150 / cbal. = 94.8343 / Wtd. con eff = 3.6374 / Wtd. HRF eff = 1.4147 / Pop var. = 0.3938 / time = 0.74
best of generation 151 / cbal. = 94.8343 / Wtd. con eff = 3.6374 / Wtd. HRF eff = 1.4147 / Pop var. = 0.45161 / time = 0.8
best of generation 152 / cbal. = 94.8343 / Wtd. con eff = 3.6374 / Wtd. HRF eff = 1.4147 / Pop var. = 0.42944 / time = 0.74
best of generation 153 / cbal. = 94.8343 / Wtd. con eff = 3.6374 / Wtd. HRF eff = 1.4147 / Pop var. = 0.40509 / time = 0.74
best of generation 154 / cbal. = 94.8343 / Wtd. con eff = 3.6374 / Wtd. HRF eff = 1.4147 / Pop var. = 0.37069 / time = 0.74
best of generation 155 / cbal. = 94.8343 / Wtd. con eff = 3.6374 / Wtd. HRF eff = 1.4147 / Pop var. = 0.47893 / time = 0.76
best of generation 156 / cbal. = 94.8343 / Wtd. con eff = 3.6374 / Wtd. HRF eff = 1.4147 / Pop var. = 0.43385 / time = 0.79
best of generation 157 / cbal. = 94.8343 / Wtd. con eff = 3.6374 / Wtd. HRF eff = 1.4147 / Pop var. = 0.4068 / time = 0.8
best of generation 158 / cbal. = 94.8343 / Wtd. con eff = 3.6374 / Wtd. HRF eff = 1.4147 / Pop var. = 0.31527 / time = 0.75
best of generation 159 / cbal. = 94.8343 / Wtd. con eff = 3.6374 / Wtd. HRF eff = 1.4147 / Pop var. = 0.39818 / time = 0.73
best of generation 160 / cbal. = 94.8343 / Wtd. con eff = 3.6374 / Wtd. HRF eff = 1.4147 / Pop var. = 0.4864 / time = 0.78
saving workspace as GAresults.mat
M = 
     origlist: [49x1 double]
     restlist: [20x1 double]
     stimlist: [60x1 double]
           ga: [1x1 struct]
    bestLists: [60x160 uint8]
         date: '11-9-2014'
optimizeGA done: 120.93 s
