Starting Model 39
OptimizeGA
===============================
Saturation threshold = 
Setting up variables
You entered 2 conditions  (event types) that will each be modeled with a regessor. 
 Note that if you enter 0 as a condition number, those events will not be modeled
 (they are assumed to be rest/inter-stimulus interval periods)

Contrasts entered. You entered matrix of 3 contrasts, with weights across 4 conditions.
 Contrasts:
     1     1    -1    -1
     1     0    -1     0
     0     1     0    -1
 ...adding one column to contrast matrix with weights of 0, to model the intercept
You entered a contrast weight vector across 3 contrasts
 	...Using rests of length 1 and resting every 4
================== Parameters ======================
     Total stimuli in scan      : 60
     Fixed rest length in ITIs  : 1
     Fixed Rest stimuli in scan : 11
     Num blank intervals        : 9
     Num of task conds          : 2
     Num stimuli each cond      : 20  20
====================================================
	...generating lists of organisms
	...USING TRANS2BLOCK >
     freqConditions = 0.2         0.2         0.2         0.2
     conditions = 1  2  3  4
REST INTERVALS: not used (to use, freqCond should be one longer than conditions
  ...randomizing organism start state
	...restMatrix is 20 X 40
ans =
     4     4     4     4     4     4     4     4     4     4
     4     4     4     4     4     4     4     4     4     4
     4     4     4     4     4     4     4     4     4     4
     4     4     4     4     4     4     4     4     4     4
     4     4     4     4     4     4     4     4     4     4
======== Num stimuli, averaged across lists (before instruction/rest stimuli) ========
		Condition 0: 9 stimuli, 15% of total stimuli
		Condition 1: 20 stimuli, 33.3333% of total stimuli
		Condition 2: 20 stimuli, 33.3333% of total stimuli
		Condition 3: 0 stimuli, 0% of total stimuli
		Condition 4: 0 stimuli, 0% of total stimuli
======================================================================================
best of generation 1 / cbal. = 94.5744 / Wtd. con eff = 2.5797 / Wtd. HRF eff = 0.81147 / Pop var. = 0.86428 / time = 0.74
best of generation 2 / cbal. = 94.836 / Wtd. con eff = 2.7789 / Wtd. HRF eff = 0.60771 / Pop var. = 0.85037 / time = 0.74
best of generation 3 / cbal. = 94.8882 / Wtd. con eff = 2.888 / Wtd. HRF eff = 0.49956 / Pop var. = 0.83101 / time = 0.74
best of generation 4 / cbal. = 95.0758 / Wtd. con eff = 2.8802 / Wtd. HRF eff = 0.60816 / Pop var. = 0.81327 / time = 0.71
best of generation 5 / cbal. = 94.863 / Wtd. con eff = 3.1068 / Wtd. HRF eff = 0.64242 / Pop var. = 0.79308 / time = 0.72
best of generation 6 / cbal. = 94.863 / Wtd. con eff = 3.1068 / Wtd. HRF eff = 0.64242 / Pop var. = 0.784 / time = 0.72
best of generation 7 / cbal. = 94.8981 / Wtd. con eff = 3.1485 / Wtd. HRF eff = 0.76725 / Pop var. = 0.74463 / time = 0.72
best of generation 8 / cbal. = 94.8817 / Wtd. con eff = 3.2596 / Wtd. HRF eff = 0.94717 / Pop var. = 0.73705 / time = 0.73
best of generation 9 / cbal. = 94.957 / Wtd. con eff = 3.1841 / Wtd. HRF eff = 1.0249 / Pop var. = 0.71157 / time = 0.72
best of generation 10 / cbal. = 94.957 / Wtd. con eff = 3.1841 / Wtd. HRF eff = 1.0249 / Pop var. = 0.65603 / time = 0.72
best of generation 11 / cbal. = 95.0096 / Wtd. con eff = 3.3966 / Wtd. HRF eff = 1.0442 / Pop var. = 0.61717 / time = 0.72
best of generation 12 / cbal. = 95.0096 / Wtd. con eff = 3.3966 / Wtd. HRF eff = 1.0442 / Pop var. = 0.55977 / time = 0.73
best of generation 13 / cbal. = 95.0096 / Wtd. con eff = 3.3966 / Wtd. HRF eff = 1.0442 / Pop var. = 0.42493 / time = 0.75
best of generation 14 / cbal. = 94.9063 / Wtd. con eff = 3.4746 / Wtd. HRF eff = 0.88438 / Pop var. = 0.46223 / time = 0.73
best of generation 15 / cbal. = 95.2223 / Wtd. con eff = 3.449 / Wtd. HRF eff = 1.0806 / Pop var. = 0.44481 / time = 0.73
best of generation 16 / cbal. = 95.0895 / Wtd. con eff = 3.4812 / Wtd. HRF eff = 0.97353 / Pop var. = 0.44598 / time = 0.72
best of generation 17 / cbal. = 95.3502 / Wtd. con eff = 3.4219 / Wtd. HRF eff = 1.078 / Pop var. = 0.44745 / time = 0.73
best of generation 18 / cbal. = 95.2986 / Wtd. con eff = 3.4314 / Wtd. HRF eff = 1.1517 / Pop var. = 0.39518 / time = 0.73
best of generation 19 / cbal. = 95.3675 / Wtd. con eff = 3.4588 / Wtd. HRF eff = 1.2443 / Pop var. = 0.44738 / time = 0.75
best of generation 20 / cbal. = 95.3675 / Wtd. con eff = 3.4588 / Wtd. HRF eff = 1.2443 / Pop var. = 0.43244 / time = 0.73
best of generation 21 / cbal. = 95.3675 / Wtd. con eff = 3.4588 / Wtd. HRF eff = 1.2443 / Pop var. = 0.35044 / time = 0.73
best of generation 22 / cbal. = 95.3675 / Wtd. con eff = 3.4588 / Wtd. HRF eff = 1.2443 / Pop var. = 0.46862 / time = 0.74
best of generation 23 / cbal. = 95.3675 / Wtd. con eff = 3.4588 / Wtd. HRF eff = 1.2443 / Pop var. = 0.42378 / time = 0.73
best of generation 24 / cbal. = 95.3675 / Wtd. con eff = 3.4588 / Wtd. HRF eff = 1.2443 / Pop var. = 0.37338 / time = 0.76
best of generation 25 / cbal. = 95.2307 / Wtd. con eff = 3.5289 / Wtd. HRF eff = 1.2262 / Pop var. = 0.48237 / time = 0.73
best of generation 26 / cbal. = 94.7341 / Wtd. con eff = 3.5981 / Wtd. HRF eff = 1.1375 / Pop var. = 0.45448 / time = 0.73
best of generation 27 / cbal. = 95.2307 / Wtd. con eff = 3.5289 / Wtd. HRF eff = 1.2262 / Pop var. = 0.44506 / time = 0.74
best of generation 28 / cbal. = 94.7341 / Wtd. con eff = 3.5981 / Wtd. HRF eff = 1.1375 / Pop var. = 0.39704 / time = 0.74
best of generation 29 / cbal. = 95.2139 / Wtd. con eff = 3.5347 / Wtd. HRF eff = 1.235 / Pop var. = 0.47953 / time = 0.73
best of generation 30 / cbal. = 95.2139 / Wtd. con eff = 3.5347 / Wtd. HRF eff = 1.235 / Pop var. = 0.42111 / time = 0.73
best of generation 31 / cbal. = 95.2139 / Wtd. con eff = 3.5347 / Wtd. HRF eff = 1.235 / Pop var. = 0.41882 / time = 0.73
best of generation 32 / cbal. = 94.9364 / Wtd. con eff = 3.5905 / Wtd. HRF eff = 1.1076 / Pop var. = 0.38684 / time = 0.73
best of generation 33 / cbal. = 94.9364 / Wtd. con eff = 3.5905 / Wtd. HRF eff = 1.1076 / Pop var. = 0.43462 / time = 0.74
best of generation 34 / cbal. = 94.9364 / Wtd. con eff = 3.5905 / Wtd. HRF eff = 1.1076 / Pop var. = 0.41275 / time = 0.73
best of generation 35 / cbal. = 94.5393 / Wtd. con eff = 3.6854 / Wtd. HRF eff = 1.1762 / Pop var. = 0.43828 / time = 0.75
best of generation 36 / cbal. = 94.5393 / Wtd. con eff = 3.6854 / Wtd. HRF eff = 1.1762 / Pop var. = 0.40234 / time = 0.73
best of generation 37 / cbal. = 94.6583 / Wtd. con eff = 3.6674 / Wtd. HRF eff = 1.2852 / Pop var. = 0.39289 / time = 0.73
best of generation 38 / cbal. = 94.6583 / Wtd. con eff = 3.6674 / Wtd. HRF eff = 1.2852 / Pop var. = 0.46498 / time = 0.73
best of generation 39 / cbal. = 94.6583 / Wtd. con eff = 3.6674 / Wtd. HRF eff = 1.2852 / Pop var. = 0.40423 / time = 0.73
best of generation 40 / cbal. = 94.6961 / Wtd. con eff = 3.6065 / Wtd. HRF eff = 1.7538 / Pop var. = 0.35599 / time = 0.73
best of generation 41 / cbal. = 94.6961 / Wtd. con eff = 3.6065 / Wtd. HRF eff = 1.7538 / Pop var. = 0.43351 / time = 0.76
best of generation 42 / cbal. = 94.6961 / Wtd. con eff = 3.6065 / Wtd. HRF eff = 1.7538 / Pop var. = 0.39527 / time = 0.73
best of generation 43 / cbal. = 94.6961 / Wtd. con eff = 3.6065 / Wtd. HRF eff = 1.7538 / Pop var. = 0.492 / time = 0.74
best of generation 44 / cbal. = 94.6961 / Wtd. con eff = 3.6065 / Wtd. HRF eff = 1.7538 / Pop var. = 0.45507 / time = 0.73
best of generation 45 / cbal. = 94.6961 / Wtd. con eff = 3.6065 / Wtd. HRF eff = 1.7538 / Pop var. = 0.40444 / time = 0.73
best of generation 46 / cbal. = 94.6961 / Wtd. con eff = 3.6364 / Wtd. HRF eff = 1.8728 / Pop var. = 0.33564 / time = 0.73
best of generation 47 / cbal. = 94.6961 / Wtd. con eff = 3.6364 / Wtd. HRF eff = 1.8728 / Pop var. = 0.43152 / time = 0.73
best of generation 48 / cbal. = 94.6961 / Wtd. con eff = 3.6364 / Wtd. HRF eff = 1.8728 / Pop var. = 0.3616 / time = 0.73
best of generation 49 / cbal. = 94.6961 / Wtd. con eff = 3.6364 / Wtd. HRF eff = 1.8728 / Pop var. = 0.41623 / time = 0.73
best of generation 50 / cbal. = 94.6961 / Wtd. con eff = 3.6364 / Wtd. HRF eff = 1.8728 / Pop var. = 0.40096 / time = 0.73
best of generation 51 / cbal. = 94.6961 / Wtd. con eff = 3.6364 / Wtd. HRF eff = 1.8728 / Pop var. = 0.40108 / time = 0.72
best of generation 52 / cbal. = 94.6961 / Wtd. con eff = 3.6364 / Wtd. HRF eff = 1.8728 / Pop var. = 0.405 / time = 0.76
best of generation 53 / cbal. = 94.6961 / Wtd. con eff = 3.6364 / Wtd. HRF eff = 1.8728 / Pop var. = 0.38442 / time = 0.73
best of generation 54 / cbal. = 94.6961 / Wtd. con eff = 3.6364 / Wtd. HRF eff = 1.8728 / Pop var. = 0.45315 / time = 0.73
best of generation 55 / cbal. = 94.6961 / Wtd. con eff = 3.6364 / Wtd. HRF eff = 1.8728 / Pop var. = 0.40812 / time = 0.73
best of generation 56 / cbal. = 94.6961 / Wtd. con eff = 3.6364 / Wtd. HRF eff = 1.8728 / Pop var. = 0.34046 / time = 0.73
best of generation 57 / cbal. = 94.6961 / Wtd. con eff = 3.6364 / Wtd. HRF eff = 1.8728 / Pop var. = 0.4197 / time = 0.74
best of generation 58 / cbal. = 94.6961 / Wtd. con eff = 3.6364 / Wtd. HRF eff = 1.8728 / Pop var. = 0.36238 / time = 0.73
best of generation 59 / cbal. = 94.6961 / Wtd. con eff = 3.6364 / Wtd. HRF eff = 1.8728 / Pop var. = 0.43035 / time = 0.73
best of generation 60 / cbal. = 94.6961 / Wtd. con eff = 3.6364 / Wtd. HRF eff = 1.8728 / Pop var. = 0.35122 / time = 0.73
best of generation 61 / cbal. = 94.6961 / Wtd. con eff = 3.6364 / Wtd. HRF eff = 1.8728 / Pop var. = 0.47879 / time = 0.72
best of generation 62 / cbal. = 94.6961 / Wtd. con eff = 3.6364 / Wtd. HRF eff = 1.8728 / Pop var. = 0.42949 / time = 0.75
best of generation 63 / cbal. = 94.6961 / Wtd. con eff = 3.6364 / Wtd. HRF eff = 1.8728 / Pop var. = 0.38841 / time = 0.75
best of generation 64 / cbal. = 94.6961 / Wtd. con eff = 3.6364 / Wtd. HRF eff = 1.8728 / Pop var. = 0.45982 / time = 0.73
best of generation 65 / cbal. = 94.6961 / Wtd. con eff = 3.6364 / Wtd. HRF eff = 1.8728 / Pop var. = 0.43602 / time = 0.73
best of generation 66 / cbal. = 94.6961 / Wtd. con eff = 3.6364 / Wtd. HRF eff = 1.8728 / Pop var. = 0.433 / time = 0.76
best of generation 67 / cbal. = 94.6961 / Wtd. con eff = 3.6364 / Wtd. HRF eff = 1.8728 / Pop var. = 0.41641 / time = 0.74
best of generation 68 / cbal. = 94.9763 / Wtd. con eff = 3.619 / Wtd. HRF eff = 1.4413 / Pop var. = 0.34361 / time = 0.75
best of generation 69 / cbal. = 94.6961 / Wtd. con eff = 3.6364 / Wtd. HRF eff = 1.8728 / Pop var. = 0.43335 / time = 0.74
best of generation 70 / cbal. = 94.6961 / Wtd. con eff = 3.6364 / Wtd. HRF eff = 1.8728 / Pop var. = 0.37259 / time = 0.74
best of generation 71 / cbal. = 94.6961 / Wtd. con eff = 3.6364 / Wtd. HRF eff = 1.8728 / Pop var. = 0.44972 / time = 0.73
best of generation 72 / cbal. = 94.6961 / Wtd. con eff = 3.6364 / Wtd. HRF eff = 1.8728 / Pop var. = 0.39724 / time = 0.75
best of generation 73 / cbal. = 94.6961 / Wtd. con eff = 3.6364 / Wtd. HRF eff = 1.8728 / Pop var. = 0.42114 / time = 0.73
best of generation 74 / cbal. = 94.6961 / Wtd. con eff = 3.6364 / Wtd. HRF eff = 1.8728 / Pop var. = 0.38661 / time = 0.83
best of generation 75 / cbal. = 94.6961 / Wtd. con eff = 3.6364 / Wtd. HRF eff = 1.8728 / Pop var. = 0.40944 / time = 0.73
best of generation 76 / cbal. = 94.6961 / Wtd. con eff = 3.6364 / Wtd. HRF eff = 1.8728 / Pop var. = 0.32106 / time = 0.75
best of generation 77 / cbal. = 94.6961 / Wtd. con eff = 3.6364 / Wtd. HRF eff = 1.8728 / Pop var. = 0.37221 / time = 0.73
best of generation 78 / cbal. = 94.6961 / Wtd. con eff = 3.6364 / Wtd. HRF eff = 1.8728 / Pop var. = 0.47376 / time = 0.74
best of generation 79 / cbal. = 94.6961 / Wtd. con eff = 3.6364 / Wtd. HRF eff = 1.8728 / Pop var. = 0.3961 / time = 0.74
best of generation 80 / cbal. = 94.6961 / Wtd. con eff = 3.6364 / Wtd. HRF eff = 1.8728 / Pop var. = 0.47887 / time = 0.73
best of generation 81 / cbal. = 94.6961 / Wtd. con eff = 3.6364 / Wtd. HRF eff = 1.8728 / Pop var. = 0.39921 / time = 0.72
best of generation 82 / cbal. = 94.6961 / Wtd. con eff = 3.6364 / Wtd. HRF eff = 1.8728 / Pop var. = 0.43084 / time = 0.74
best of generation 83 / cbal. = 94.5246 / Wtd. con eff = 3.676 / Wtd. HRF eff = 1.6455 / Pop var. = 0.37439 / time = 0.74
best of generation 84 / cbal. = 94.5246 / Wtd. con eff = 3.676 / Wtd. HRF eff = 1.6455 / Pop var. = 0.42444 / time = 0.73
best of generation 85 / cbal. = 94.6961 / Wtd. con eff = 3.6364 / Wtd. HRF eff = 1.8728 / Pop var. = 0.33769 / time = 0.75
best of generation 86 / cbal. = 94.6961 / Wtd. con eff = 3.6364 / Wtd. HRF eff = 1.8728 / Pop var. = 0.35609 / time = 0.74
best of generation 87 / cbal. = 94.6961 / Wtd. con eff = 3.6364 / Wtd. HRF eff = 1.8728 / Pop var. = 0.46407 / time = 0.74
best of generation 88 / cbal. = 94.6961 / Wtd. con eff = 3.6364 / Wtd. HRF eff = 1.8728 / Pop var. = 0.41749 / time = 0.74
best of generation 89 / cbal. = 94.6961 / Wtd. con eff = 3.6364 / Wtd. HRF eff = 1.8728 / Pop var. = 0.35817 / time = 0.72
best of generation 90 / cbal. = 94.6961 / Wtd. con eff = 3.6364 / Wtd. HRF eff = 1.8728 / Pop var. = 0.4241 / time = 0.74
best of generation 91 / cbal. = 94.6961 / Wtd. con eff = 3.6364 / Wtd. HRF eff = 1.8728 / Pop var. = 0.33399 / time = 0.74
best of generation 92 / cbal. = 94.5985 / Wtd. con eff = 3.6514 / Wtd. HRF eff = 2.1165 / Pop var. = 0.38935 / time = 0.73
best of generation 93 / cbal. = 94.5985 / Wtd. con eff = 3.6514 / Wtd. HRF eff = 2.1165 / Pop var. = 0.43958 / time = 0.74
best of generation 94 / cbal. = 94.5985 / Wtd. con eff = 3.6514 / Wtd. HRF eff = 2.1165 / Pop var. = 0.38023 / time = 0.73
best of generation 95 / cbal. = 94.5985 / Wtd. con eff = 3.6514 / Wtd. HRF eff = 2.1165 / Pop var. = 0.42139 / time = 0.73
best of generation 96 / cbal. = 94.5985 / Wtd. con eff = 3.6514 / Wtd. HRF eff = 2.1165 / Pop var. = 0.3617 / time = 0.75
best of generation 97 / cbal. = 94.5985 / Wtd. con eff = 3.6514 / Wtd. HRF eff = 2.1165 / Pop var. = 0.48591 / time = 0.75
best of generation 98 / cbal. = 94.5985 / Wtd. con eff = 3.6514 / Wtd. HRF eff = 2.1165 / Pop var. = 0.42949 / time = 0.73
best of generation 99 / cbal. = 94.5985 / Wtd. con eff = 3.6514 / Wtd. HRF eff = 2.1165 / Pop var. = 0.40106 / time = 0.74
best of generation 100 / cbal. = 94.5985 / Wtd. con eff = 3.6514 / Wtd. HRF eff = 2.1165 / Pop var. = 0.32973 / time = 0.74
best of generation 101 / cbal. = 94.5985 / Wtd. con eff = 3.6514 / Wtd. HRF eff = 2.1165 / Pop var. = 0.42201 / time = 0.74
best of generation 102 / cbal. = 94.5985 / Wtd. con eff = 3.6514 / Wtd. HRF eff = 2.1165 / Pop var. = 0.36451 / time = 0.74
best of generation 103 / cbal. = 94.5985 / Wtd. con eff = 3.6514 / Wtd. HRF eff = 2.1165 / Pop var. = 0.39087 / time = 0.75
best of generation 104 / cbal. = 94.5985 / Wtd. con eff = 3.6514 / Wtd. HRF eff = 2.1165 / Pop var. = 0.4706 / time = 0.73
best of generation 105 / cbal. = 94.5985 / Wtd. con eff = 3.6514 / Wtd. HRF eff = 2.1165 / Pop var. = 0.43087 / time = 0.75
best of generation 106 / cbal. = 94.5985 / Wtd. con eff = 3.6514 / Wtd. HRF eff = 2.1165 / Pop var. = 0.39792 / time = 0.74
best of generation 107 / cbal. = 94.5985 / Wtd. con eff = 3.6514 / Wtd. HRF eff = 2.1165 / Pop var. = 0.48077 / time = 0.74
best of generation 108 / cbal. = 94.5985 / Wtd. con eff = 3.6514 / Wtd. HRF eff = 2.1165 / Pop var. = 0.46467 / time = 0.73
best of generation 109 / cbal. = 94.5985 / Wtd. con eff = 3.6514 / Wtd. HRF eff = 2.1165 / Pop var. = 0.3859 / time = 0.73
best of generation 110 / cbal. = 94.5985 / Wtd. con eff = 3.6514 / Wtd. HRF eff = 2.1165 / Pop var. = 0.40722 / time = 0.74
best of generation 111 / cbal. = 94.5985 / Wtd. con eff = 3.6514 / Wtd. HRF eff = 2.1165 / Pop var. = 0.39085 / time = 0.73
best of generation 112 / cbal. = 94.5985 / Wtd. con eff = 3.6514 / Wtd. HRF eff = 2.1165 / Pop var. = 0.46191 / time = 0.76
best of generation 113 / cbal. = 94.5985 / Wtd. con eff = 3.6514 / Wtd. HRF eff = 2.1165 / Pop var. = 0.4253 / time = 0.74
best of generation 114 / cbal. = 94.1416 / Wtd. con eff = 3.6949 / Wtd. HRF eff = 3.5527 / Pop var. = 0.41507 / time = 0.73
best of generation 115 / cbal. = 94.1416 / Wtd. con eff = 3.6949 / Wtd. HRF eff = 3.5527 / Pop var. = 0.40527 / time = 0.73
best of generation 116 / cbal. = 94.1416 / Wtd. con eff = 3.6949 / Wtd. HRF eff = 3.5527 / Pop var. = 0.39012 / time = 0.74
best of generation 117 / cbal. = 94.1416 / Wtd. con eff = 3.6949 / Wtd. HRF eff = 3.5527 / Pop var. = 0.45705 / time = 0.73
best of generation 118 / cbal. = 94.1416 / Wtd. con eff = 3.6949 / Wtd. HRF eff = 3.5527 / Pop var. = 0.41398 / time = 0.76
best of generation 119 / cbal. = 94.1416 / Wtd. con eff = 3.6949 / Wtd. HRF eff = 3.5527 / Pop var. = 0.36534 / time = 0.74
best of generation 120 / cbal. = 94.1416 / Wtd. con eff = 3.6949 / Wtd. HRF eff = 3.5527 / Pop var. = 0.44379 / time = 0.74
best of generation 121 / cbal. = 94.1416 / Wtd. con eff = 3.6949 / Wtd. HRF eff = 3.5527 / Pop var. = 0.4237 / time = 0.73
best of generation 122 / cbal. = 94.1416 / Wtd. con eff = 3.6949 / Wtd. HRF eff = 3.5527 / Pop var. = 0.38953 / time = 0.73
best of generation 123 / cbal. = 94.1416 / Wtd. con eff = 3.6949 / Wtd. HRF eff = 3.5527 / Pop var. = 0.47004 / time = 0.75
best of generation 124 / cbal. = 94.1416 / Wtd. con eff = 3.6949 / Wtd. HRF eff = 3.5527 / Pop var. = 0.42566 / time = 0.75
best of generation 125 / cbal. = 94.1416 / Wtd. con eff = 3.6949 / Wtd. HRF eff = 3.5527 / Pop var. = 0.38085 / time = 0.74
best of generation 126 / cbal. = 94.1416 / Wtd. con eff = 3.6949 / Wtd. HRF eff = 3.5527 / Pop var. = 0.45468 / time = 0.73
best of generation 127 / cbal. = 94.1416 / Wtd. con eff = 3.6949 / Wtd. HRF eff = 3.5527 / Pop var. = 0.41356 / time = 0.73
best of generation 128 / cbal. = 94.1416 / Wtd. con eff = 3.6949 / Wtd. HRF eff = 3.5527 / Pop var. = 0.38246 / time = 0.73
best of generation 129 / cbal. = 94.1416 / Wtd. con eff = 3.6949 / Wtd. HRF eff = 3.5527 / Pop var. = 0.49423 / time = 0.74
best of generation 130 / cbal. = 94.1416 / Wtd. con eff = 3.6949 / Wtd. HRF eff = 3.5527 / Pop var. = 0.46261 / time = 0.74
best of generation 131 / cbal. = 94.1416 / Wtd. con eff = 3.6949 / Wtd. HRF eff = 3.5527 / Pop var. = 0.43611 / time = 0.72
best of generation 132 / cbal. = 94.337 / Wtd. con eff = 3.6881 / Wtd. HRF eff = 3.401 / Pop var. = 0.39104 / time = 0.74
best of generation 133 / cbal. = 94.337 / Wtd. con eff = 3.6881 / Wtd. HRF eff = 3.401 / Pop var. = 0.46325 / time = 0.74
best of generation 134 / cbal. = 94.337 / Wtd. con eff = 3.6881 / Wtd. HRF eff = 3.401 / Pop var. = 0.41108 / time = 0.75
best of generation 135 / cbal. = 94.337 / Wtd. con eff = 3.6881 / Wtd. HRF eff = 3.401 / Pop var. = 0.33627 / time = 0.74
best of generation 136 / cbal. = 94.337 / Wtd. con eff = 3.6881 / Wtd. HRF eff = 3.401 / Pop var. = 0.38668 / time = 0.75
best of generation 137 / cbal. = 94.337 / Wtd. con eff = 3.6881 / Wtd. HRF eff = 3.401 / Pop var. = 0.44288 / time = 0.73
best of generation 138 / cbal. = 94.337 / Wtd. con eff = 3.6881 / Wtd. HRF eff = 3.401 / Pop var. = 0.40579 / time = 0.72
best of generation 139 / cbal. = 94.337 / Wtd. con eff = 3.6881 / Wtd. HRF eff = 3.401 / Pop var. = 0.37791 / time = 0.73
best of generation 140 / cbal. = 94.337 / Wtd. con eff = 3.6881 / Wtd. HRF eff = 3.401 / Pop var. = 0.4464 / time = 0.74
best of generation 141 / cbal. = 94.337 / Wtd. con eff = 3.6881 / Wtd. HRF eff = 3.401 / Pop var. = 0.37866 / time = 0.73
best of generation 142 / cbal. = 94.337 / Wtd. con eff = 3.6881 / Wtd. HRF eff = 3.401 / Pop var. = 0.45504 / time = 0.73
best of generation 143 / cbal. = 94.337 / Wtd. con eff = 3.6881 / Wtd. HRF eff = 3.401 / Pop var. = 0.40739 / time = 0.73
best of generation 144 / cbal. = 94.337 / Wtd. con eff = 3.6881 / Wtd. HRF eff = 3.401 / Pop var. = 0.34707 / time = 0.74
best of generation 145 / cbal. = 94.337 / Wtd. con eff = 3.6881 / Wtd. HRF eff = 3.401 / Pop var. = 0.43711 / time = 0.74
best of generation 146 / cbal. = 94.337 / Wtd. con eff = 3.6881 / Wtd. HRF eff = 3.401 / Pop var. = 0.38529 / time = 0.76
best of generation 147 / cbal. = 94.337 / Wtd. con eff = 3.6881 / Wtd. HRF eff = 3.401 / Pop var. = 0.44448 / time = 0.74
best of generation 148 / cbal. = 94.337 / Wtd. con eff = 3.6881 / Wtd. HRF eff = 3.401 / Pop var. = 0.43427 / time = 0.74
best of generation 149 / cbal. = 94.337 / Wtd. con eff = 3.6881 / Wtd. HRF eff = 3.401 / Pop var. = 0.35206 / time = 0.73
best of generation 150 / cbal. = 94.337 / Wtd. con eff = 3.6881 / Wtd. HRF eff = 3.401 / Pop var. = 0.40508 / time = 0.73
best of generation 151 / cbal. = 94.337 / Wtd. con eff = 3.6881 / Wtd. HRF eff = 3.401 / Pop var. = 0.38473 / time = 0.76
best of generation 152 / cbal. = 94.337 / Wtd. con eff = 3.6881 / Wtd. HRF eff = 3.401 / Pop var. = 0.50069 / time = 0.75
best of generation 153 / cbal. = 94.337 / Wtd. con eff = 3.6881 / Wtd. HRF eff = 3.401 / Pop var. = 0.42415 / time = 0.74
best of generation 154 / cbal. = 94.337 / Wtd. con eff = 3.6881 / Wtd. HRF eff = 3.401 / Pop var. = 0.3908 / time = 0.74
best of generation 155 / cbal. = 94.337 / Wtd. con eff = 3.6881 / Wtd. HRF eff = 3.401 / Pop var. = 0.43467 / time = 0.73
best of generation 156 / cbal. = 94.337 / Wtd. con eff = 3.6881 / Wtd. HRF eff = 3.401 / Pop var. = 0.40734 / time = 0.73
best of generation 157 / cbal. = 94.337 / Wtd. con eff = 3.6881 / Wtd. HRF eff = 3.401 / Pop var. = 0.32744 / time = 0.73
best of generation 158 / cbal. = 94.337 / Wtd. con eff = 3.6881 / Wtd. HRF eff = 3.401 / Pop var. = 0.40425 / time = 0.72
best of generation 159 / cbal. = 94.1899 / Wtd. con eff = 3.7238 / Wtd. HRF eff = 3.4958 / Pop var. = 0.33805 / time = 0.74
best of generation 160 / cbal. = 94.1899 / Wtd. con eff = 3.7238 / Wtd. HRF eff = 3.4958 / Pop var. = 0.39851 / time = 0.73
best of generation 161 / cbal. = 94.1899 / Wtd. con eff = 3.7238 / Wtd. HRF eff = 3.4958 / Pop var. = 0.48524 / time = 0.73
saving workspace as GAresults.mat
M = 
     origlist: [49x1 double]
     restlist: [20x1 double]
     stimlist: [60x1 double]
           ga: [1x1 struct]
    bestLists: [60x161 uint8]
         date: '11-9-2014'
optimizeGA done: 120.88 s
