Starting Model 75
OptimizeGA
===============================
Saturation threshold = 
Setting up variables
You entered 2 conditions  (event types) that will each be modeled with a regessor. 
 Note that if you enter 0 as a condition number, those events will not be modeled
 (they are assumed to be rest/inter-stimulus interval periods)

Contrasts entered. You entered matrix of 3 contrasts, with weights across 4 conditions.
 Contrasts:
     1     1    -1    -1
     1     0    -1     0
     0     1     0    -1
 ...adding one column to contrast matrix with weights of 0, to model the intercept
You entered a contrast weight vector across 3 contrasts
 	...Using rests of length 1 and resting every 4
================== Parameters ======================
     Total stimuli in scan      : 60
     Fixed rest length in ITIs  : 1
     Fixed Rest stimuli in scan : 11
     Num blank intervals        : 9
     Num of task conds          : 2
     Num stimuli each cond      : 20  20
====================================================
	...generating lists of organisms
	...USING TRANS2BLOCK >
     freqConditions = 0.2         0.2         0.2         0.2
     conditions = 1  2  3  4
REST INTERVALS: not used (to use, freqCond should be one longer than conditions
  ...randomizing organism start state
	...restMatrix is 20 X 40
ans =
     4     4     4     4     4     4     4     4     4     4
     4     4     4     4     4     4     4     4     4     4
     4     4     4     4     4     4     4     4     4     4
     4     4     4     4     4     4     4     4     4     4
     4     4     4     4     4     4     4     4     4     4
======== Num stimuli, averaged across lists (before instruction/rest stimuli) ========
		Condition 0: 9 stimuli, 15% of total stimuli
		Condition 1: 20 stimuli, 33.3333% of total stimuli
		Condition 2: 20 stimuli, 33.3333% of total stimuli
		Condition 3: 0 stimuli, 0% of total stimuli
		Condition 4: 0 stimuli, 0% of total stimuli
======================================================================================
best of generation 1 / cbal. = 95.1142 / Wtd. con eff = 2.6671 / Wtd. HRF eff = 0.53865 / Pop var. = 0.86526 / time = 0.74
best of generation 2 / cbal. = 94.6912 / Wtd. con eff = 2.8737 / Wtd. HRF eff = 0.73803 / Pop var. = 0.84828 / time = 0.78
best of generation 3 / cbal. = 95.0589 / Wtd. con eff = 3.1011 / Wtd. HRF eff = 0.72567 / Pop var. = 0.83054 / time = 0.74
best of generation 4 / cbal. = 95.0589 / Wtd. con eff = 3.1011 / Wtd. HRF eff = 0.72567 / Pop var. = 0.83034 / time = 0.71
best of generation 5 / cbal. = 95.1784 / Wtd. con eff = 3.2283 / Wtd. HRF eff = 0.84436 / Pop var. = 0.81927 / time = 0.72
best of generation 6 / cbal. = 95.23 / Wtd. con eff = 3.241 / Wtd. HRF eff = 0.86403 / Pop var. = 0.7888 / time = 0.72
best of generation 7 / cbal. = 95.23 / Wtd. con eff = 3.241 / Wtd. HRF eff = 0.86403 / Pop var. = 0.73578 / time = 0.73
best of generation 8 / cbal. = 95.172 / Wtd. con eff = 3.2761 / Wtd. HRF eff = 0.93425 / Pop var. = 0.65372 / time = 0.75
best of generation 9 / cbal. = 95.172 / Wtd. con eff = 3.2761 / Wtd. HRF eff = 0.93425 / Pop var. = 0.62633 / time = 0.74
best of generation 10 / cbal. = 94.9127 / Wtd. con eff = 3.3941 / Wtd. HRF eff = 1.1841 / Pop var. = 0.57696 / time = 0.74
best of generation 11 / cbal. = 94.9127 / Wtd. con eff = 3.3941 / Wtd. HRF eff = 1.1841 / Pop var. = 0.59281 / time = 0.72
best of generation 12 / cbal. = 95.273 / Wtd. con eff = 3.4122 / Wtd. HRF eff = 0.99983 / Pop var. = 0.61265 / time = 0.72
best of generation 13 / cbal. = 95.3588 / Wtd. con eff = 3.4099 / Wtd. HRF eff = 0.94144 / Pop var. = 0.57523 / time = 0.78
best of generation 14 / cbal. = 95.3675 / Wtd. con eff = 3.4123 / Wtd. HRF eff = 0.82024 / Pop var. = 0.54191 / time = 0.73
best of generation 15 / cbal. = 95.1306 / Wtd. con eff = 3.4421 / Wtd. HRF eff = 0.96657 / Pop var. = 0.52601 / time = 0.73
best of generation 16 / cbal. = 95.1306 / Wtd. con eff = 3.4421 / Wtd. HRF eff = 0.96657 / Pop var. = 0.47239 / time = 0.73
best of generation 17 / cbal. = 95.0003 / Wtd. con eff = 3.5451 / Wtd. HRF eff = 0.95511 / Pop var. = 0.4667 / time = 0.73
best of generation 18 / cbal. = 95.0003 / Wtd. con eff = 3.5451 / Wtd. HRF eff = 0.95511 / Pop var. = 0.43085 / time = 0.74
best of generation 19 / cbal. = 95.0003 / Wtd. con eff = 3.5451 / Wtd. HRF eff = 0.95511 / Pop var. = 0.42607 / time = 0.78
best of generation 20 / cbal. = 95.0003 / Wtd. con eff = 3.5451 / Wtd. HRF eff = 0.95511 / Pop var. = 0.42414 / time = 0.73
best of generation 21 / cbal. = 94.7189 / Wtd. con eff = 3.5715 / Wtd. HRF eff = 1.0117 / Pop var. = 0.35816 / time = 0.73
best of generation 22 / cbal. = 94.7189 / Wtd. con eff = 3.5715 / Wtd. HRF eff = 1.0117 / Pop var. = 0.41287 / time = 0.74
best of generation 23 / cbal. = 95.0003 / Wtd. con eff = 3.5451 / Wtd. HRF eff = 0.95511 / Pop var. = 0.37875 / time = 0.73
best of generation 24 / cbal. = 95.0003 / Wtd. con eff = 3.5713 / Wtd. HRF eff = 0.87368 / Pop var. = 0.45031 / time = 0.79
best of generation 25 / cbal. = 95.0003 / Wtd. con eff = 3.5713 / Wtd. HRF eff = 0.87368 / Pop var. = 0.42802 / time = 0.74
best of generation 26 / cbal. = 95.0003 / Wtd. con eff = 3.5713 / Wtd. HRF eff = 0.87368 / Pop var. = 0.42887 / time = 0.74
best of generation 27 / cbal. = 94.9364 / Wtd. con eff = 3.5999 / Wtd. HRF eff = 0.90259 / Pop var. = 0.40906 / time = 0.74
best of generation 28 / cbal. = 94.9364 / Wtd. con eff = 3.5999 / Wtd. HRF eff = 0.90259 / Pop var. = 0.32681 / time = 0.73
best of generation 29 / cbal. = 94.9364 / Wtd. con eff = 3.5999 / Wtd. HRF eff = 0.90259 / Pop var. = 0.415 / time = 0.74
best of generation 30 / cbal. = 94.9364 / Wtd. con eff = 3.5999 / Wtd. HRF eff = 0.90259 / Pop var. = 0.37053 / time = 0.75
best of generation 31 / cbal. = 94.9364 / Wtd. con eff = 3.5999 / Wtd. HRF eff = 0.90259 / Pop var. = 0.45909 / time = 0.73
best of generation 32 / cbal. = 94.9364 / Wtd. con eff = 3.5999 / Wtd. HRF eff = 0.90259 / Pop var. = 0.43237 / time = 0.74
best of generation 33 / cbal. = 94.7801 / Wtd. con eff = 3.6169 / Wtd. HRF eff = 1.2661 / Pop var. = 0.38566 / time = 0.73
best of generation 34 / cbal. = 94.7801 / Wtd. con eff = 3.6169 / Wtd. HRF eff = 1.2661 / Pop var. = 0.46685 / time = 0.73
best of generation 35 / cbal. = 94.7801 / Wtd. con eff = 3.6169 / Wtd. HRF eff = 1.2661 / Pop var. = 0.39787 / time = 0.78
best of generation 36 / cbal. = 94.7801 / Wtd. con eff = 3.6169 / Wtd. HRF eff = 1.2661 / Pop var. = 0.48059 / time = 0.74
best of generation 37 / cbal. = 94.7801 / Wtd. con eff = 3.6169 / Wtd. HRF eff = 1.2661 / Pop var. = 0.44655 / time = 0.74
best of generation 38 / cbal. = 94.7801 / Wtd. con eff = 3.6169 / Wtd. HRF eff = 1.2661 / Pop var. = 0.43147 / time = 0.73
best of generation 39 / cbal. = 94.7801 / Wtd. con eff = 3.6169 / Wtd. HRF eff = 1.2661 / Pop var. = 0.3976 / time = 0.73
best of generation 40 / cbal. = 94.7801 / Wtd. con eff = 3.6169 / Wtd. HRF eff = 1.2661 / Pop var. = 0.46924 / time = 0.73
best of generation 41 / cbal. = 94.7801 / Wtd. con eff = 3.6169 / Wtd. HRF eff = 1.2661 / Pop var. = 0.46474 / time = 0.76
best of generation 42 / cbal. = 94.7801 / Wtd. con eff = 3.6169 / Wtd. HRF eff = 1.2661 / Pop var. = 0.46848 / time = 0.74
best of generation 43 / cbal. = 94.7801 / Wtd. con eff = 3.6169 / Wtd. HRF eff = 1.2661 / Pop var. = 0.42727 / time = 0.74
best of generation 44 / cbal. = 94.7801 / Wtd. con eff = 3.6169 / Wtd. HRF eff = 1.2661 / Pop var. = 0.39479 / time = 0.74
best of generation 45 / cbal. = 95.0164 / Wtd. con eff = 3.5616 / Wtd. HRF eff = 1.3842 / Pop var. = 0.44247 / time = 0.73
best of generation 46 / cbal. = 94.9048 / Wtd. con eff = 3.596 / Wtd. HRF eff = 1.2265 / Pop var. = 0.40098 / time = 0.75
best of generation 47 / cbal. = 94.9206 / Wtd. con eff = 3.5935 / Wtd. HRF eff = 1.2269 / Pop var. = 0.32682 / time = 0.73
best of generation 48 / cbal. = 94.9206 / Wtd. con eff = 3.5935 / Wtd. HRF eff = 1.2269 / Pop var. = 0.44038 / time = 0.73
best of generation 49 / cbal. = 94.7801 / Wtd. con eff = 3.6591 / Wtd. HRF eff = 1.1583 / Pop var. = 0.37761 / time = 0.74
best of generation 50 / cbal. = 94.7801 / Wtd. con eff = 3.6591 / Wtd. HRF eff = 1.1583 / Pop var. = 0.45721 / time = 0.73
best of generation 51 / cbal. = 94.7801 / Wtd. con eff = 3.6591 / Wtd. HRF eff = 1.1583 / Pop var. = 0.39635 / time = 0.73
best of generation 52 / cbal. = 94.7801 / Wtd. con eff = 3.6591 / Wtd. HRF eff = 1.1583 / Pop var. = 0.46658 / time = 0.78
best of generation 53 / cbal. = 94.7801 / Wtd. con eff = 3.6591 / Wtd. HRF eff = 1.1583 / Pop var. = 0.40595 / time = 0.74
best of generation 54 / cbal. = 94.7801 / Wtd. con eff = 3.6591 / Wtd. HRF eff = 1.1583 / Pop var. = 0.34181 / time = 0.74
best of generation 55 / cbal. = 94.7801 / Wtd. con eff = 3.6591 / Wtd. HRF eff = 1.1583 / Pop var. = 0.42899 / time = 0.74
best of generation 56 / cbal. = 94.7801 / Wtd. con eff = 3.6591 / Wtd. HRF eff = 1.1583 / Pop var. = 0.37218 / time = 0.73
best of generation 57 / cbal. = 94.7801 / Wtd. con eff = 3.6591 / Wtd. HRF eff = 1.1583 / Pop var. = 0.43498 / time = 0.75
best of generation 58 / cbal. = 94.7801 / Wtd. con eff = 3.6591 / Wtd. HRF eff = 1.1583 / Pop var. = 0.40091 / time = 0.73
best of generation 59 / cbal. = 94.7801 / Wtd. con eff = 3.6591 / Wtd. HRF eff = 1.1583 / Pop var. = 0.37066 / time = 0.74
best of generation 60 / cbal. = 94.8421 / Wtd. con eff = 3.6263 / Wtd. HRF eff = 1.3072 / Pop var. = 0.4058 / time = 0.73
best of generation 61 / cbal. = 94.8421 / Wtd. con eff = 3.6263 / Wtd. HRF eff = 1.3072 / Pop var. = 0.35202 / time = 0.73
best of generation 62 / cbal. = 94.8421 / Wtd. con eff = 3.6263 / Wtd. HRF eff = 1.3072 / Pop var. = 0.43958 / time = 0.74
best of generation 63 / cbal. = 94.8421 / Wtd. con eff = 3.6263 / Wtd. HRF eff = 1.3072 / Pop var. = 0.44209 / time = 0.77
best of generation 64 / cbal. = 94.8421 / Wtd. con eff = 3.6263 / Wtd. HRF eff = 1.3072 / Pop var. = 0.39807 / time = 0.75
best of generation 65 / cbal. = 94.8421 / Wtd. con eff = 3.6263 / Wtd. HRF eff = 1.3072 / Pop var. = 0.47208 / time = 0.73
best of generation 66 / cbal. = 94.8421 / Wtd. con eff = 3.6263 / Wtd. HRF eff = 1.3072 / Pop var. = 0.45647 / time = 0.74
best of generation 67 / cbal. = 94.8421 / Wtd. con eff = 3.6263 / Wtd. HRF eff = 1.3072 / Pop var. = 0.45322 / time = 0.75
best of generation 68 / cbal. = 94.1829 / Wtd. con eff = 3.7092 / Wtd. HRF eff = 1.2782 / Pop var. = 0.42601 / time = 0.75
best of generation 69 / cbal. = 94.1829 / Wtd. con eff = 3.7092 / Wtd. HRF eff = 1.2782 / Pop var. = 0.40788 / time = 0.74
best of generation 70 / cbal. = 94.7037 / Wtd. con eff = 3.6648 / Wtd. HRF eff = 1.1752 / Pop var. = 0.38738 / time = 0.74
best of generation 71 / cbal. = 94.7037 / Wtd. con eff = 3.6648 / Wtd. HRF eff = 1.1752 / Pop var. = 0.46735 / time = 0.73
best of generation 72 / cbal. = 94.7037 / Wtd. con eff = 3.6648 / Wtd. HRF eff = 1.1752 / Pop var. = 0.42218 / time = 0.75
best of generation 73 / cbal. = 94.7037 / Wtd. con eff = 3.6648 / Wtd. HRF eff = 1.1752 / Pop var. = 0.41739 / time = 0.74
best of generation 74 / cbal. = 94.7037 / Wtd. con eff = 3.6648 / Wtd. HRF eff = 1.1752 / Pop var. = 0.38606 / time = 0.78
best of generation 75 / cbal. = 94.7037 / Wtd. con eff = 3.6648 / Wtd. HRF eff = 1.1752 / Pop var. = 0.4848 / time = 0.73
best of generation 76 / cbal. = 94.7037 / Wtd. con eff = 3.6648 / Wtd. HRF eff = 1.1752 / Pop var. = 0.44181 / time = 0.73
best of generation 77 / cbal. = 94.7037 / Wtd. con eff = 3.6648 / Wtd. HRF eff = 1.1752 / Pop var. = 0.36645 / time = 0.73
best of generation 78 / cbal. = 94.7037 / Wtd. con eff = 3.6648 / Wtd. HRF eff = 1.1752 / Pop var. = 0.39407 / time = 0.74
best of generation 79 / cbal. = 94.7037 / Wtd. con eff = 3.6648 / Wtd. HRF eff = 1.1752 / Pop var. = 0.45568 / time = 0.74
best of generation 80 / cbal. = 94.7037 / Wtd. con eff = 3.6648 / Wtd. HRF eff = 1.1752 / Pop var. = 0.39575 / time = 0.74
best of generation 81 / cbal. = 94.7037 / Wtd. con eff = 3.6648 / Wtd. HRF eff = 1.1752 / Pop var. = 0.46592 / time = 0.72
best of generation 82 / cbal. = 94.7037 / Wtd. con eff = 3.6648 / Wtd. HRF eff = 1.1752 / Pop var. = 0.40756 / time = 0.73
best of generation 83 / cbal. = 95.0164 / Wtd. con eff = 3.5772 / Wtd. HRF eff = 1.5238 / Pop var. = 0.30075 / time = 0.74
best of generation 84 / cbal. = 94.7494 / Wtd. con eff = 3.6402 / Wtd. HRF eff = 1.5206 / Pop var. = 0.37704 / time = 0.73
best of generation 85 / cbal. = 94.7494 / Wtd. con eff = 3.6402 / Wtd. HRF eff = 1.5206 / Pop var. = 0.47454 / time = 0.78
best of generation 86 / cbal. = 94.7494 / Wtd. con eff = 3.6402 / Wtd. HRF eff = 1.5206 / Pop var. = 0.43654 / time = 0.74
best of generation 87 / cbal. = 94.7494 / Wtd. con eff = 3.6402 / Wtd. HRF eff = 1.5206 / Pop var. = 0.38481 / time = 0.74
best of generation 88 / cbal. = 94.7494 / Wtd. con eff = 3.6402 / Wtd. HRF eff = 1.5206 / Pop var. = 0.44559 / time = 0.74
best of generation 89 / cbal. = 94.7494 / Wtd. con eff = 3.6402 / Wtd. HRF eff = 1.5206 / Pop var. = 0.4014 / time = 0.74
best of generation 90 / cbal. = 94.7494 / Wtd. con eff = 3.6402 / Wtd. HRF eff = 1.5206 / Pop var. = 0.35433 / time = 0.77
best of generation 91 / cbal. = 94.7494 / Wtd. con eff = 3.6402 / Wtd. HRF eff = 1.5206 / Pop var. = 0.43708 / time = 0.74
best of generation 92 / cbal. = 94.7494 / Wtd. con eff = 3.6402 / Wtd. HRF eff = 1.5206 / Pop var. = 0.41112 / time = 0.74
best of generation 93 / cbal. = 94.7878 / Wtd. con eff = 3.6562 / Wtd. HRF eff = 1.2737 / Pop var. = 0.35736 / time = 0.74
best of generation 94 / cbal. = 94.9683 / Wtd. con eff = 3.6078 / Wtd. HRF eff = 1.8854 / Pop var. = 0.45904 / time = 0.74
best of generation 95 / cbal. = 94.6508 / Wtd. con eff = 3.679 / Wtd. HRF eff = 1.4986 / Pop var. = 0.43595 / time = 0.73
best of generation 96 / cbal. = 94.9683 / Wtd. con eff = 3.6028 / Wtd. HRF eff = 2.3584 / Pop var. = 0.40063 / time = 0.78
best of generation 97 / cbal. = 94.9683 / Wtd. con eff = 3.6028 / Wtd. HRF eff = 2.3584 / Pop var. = 0.38057 / time = 0.73
best of generation 98 / cbal. = 94.9683 / Wtd. con eff = 3.6028 / Wtd. HRF eff = 2.3584 / Pop var. = 0.41245 / time = 0.72
best of generation 99 / cbal. = 94.7189 / Wtd. con eff = 3.666 / Wtd. HRF eff = 1.7862 / Pop var. = 0.36147 / time = 0.73
best of generation 100 / cbal. = 94.7189 / Wtd. con eff = 3.666 / Wtd. HRF eff = 1.7862 / Pop var. = 0.46295 / time = 0.75
best of generation 101 / cbal. = 94.7189 / Wtd. con eff = 3.666 / Wtd. HRF eff = 1.7862 / Pop var. = 0.43341 / time = 0.76
best of generation 102 / cbal. = 94.7189 / Wtd. con eff = 3.666 / Wtd. HRF eff = 1.7862 / Pop var. = 0.37914 / time = 0.74
best of generation 103 / cbal. = 94.7189 / Wtd. con eff = 3.666 / Wtd. HRF eff = 1.7862 / Pop var. = 0.40285 / time = 0.73
best of generation 104 / cbal. = 94.7189 / Wtd. con eff = 3.666 / Wtd. HRF eff = 1.7862 / Pop var. = 0.363 / time = 0.73
best of generation 105 / cbal. = 94.7189 / Wtd. con eff = 3.666 / Wtd. HRF eff = 1.7862 / Pop var. = 0.43177 / time = 0.73
best of generation 106 / cbal. = 94.7189 / Wtd. con eff = 3.666 / Wtd. HRF eff = 1.7862 / Pop var. = 0.37584 / time = 0.74
best of generation 107 / cbal. = 94.7189 / Wtd. con eff = 3.666 / Wtd. HRF eff = 1.7862 / Pop var. = 0.46593 / time = 0.76
best of generation 108 / cbal. = 94.7189 / Wtd. con eff = 3.666 / Wtd. HRF eff = 1.7862 / Pop var. = 0.40524 / time = 0.73
best of generation 109 / cbal. = 94.7189 / Wtd. con eff = 3.666 / Wtd. HRF eff = 1.7862 / Pop var. = 0.38418 / time = 0.73
best of generation 110 / cbal. = 94.7189 / Wtd. con eff = 3.666 / Wtd. HRF eff = 1.7862 / Pop var. = 0.49498 / time = 0.74
best of generation 111 / cbal. = 94.7189 / Wtd. con eff = 3.666 / Wtd. HRF eff = 1.7862 / Pop var. = 0.41289 / time = 0.73
best of generation 112 / cbal. = 94.7189 / Wtd. con eff = 3.666 / Wtd. HRF eff = 1.7862 / Pop var. = 0.36808 / time = 0.79
best of generation 113 / cbal. = 94.7189 / Wtd. con eff = 3.664 / Wtd. HRF eff = 1.8376 / Pop var. = 0.41199 / time = 0.74
best of generation 114 / cbal. = 94.7189 / Wtd. con eff = 3.664 / Wtd. HRF eff = 1.8376 / Pop var. = 0.36881 / time = 0.73
best of generation 115 / cbal. = 94.7189 / Wtd. con eff = 3.664 / Wtd. HRF eff = 1.8376 / Pop var. = 0.45131 / time = 0.74
best of generation 116 / cbal. = 94.7189 / Wtd. con eff = 3.664 / Wtd. HRF eff = 1.8376 / Pop var. = 0.41015 / time = 0.73
best of generation 117 / cbal. = 94.7189 / Wtd. con eff = 3.664 / Wtd. HRF eff = 1.8376 / Pop var. = 0.37474 / time = 0.73
best of generation 118 / cbal. = 94.7189 / Wtd. con eff = 3.664 / Wtd. HRF eff = 1.8376 / Pop var. = 0.44242 / time = 0.77
best of generation 119 / cbal. = 94.7189 / Wtd. con eff = 3.664 / Wtd. HRF eff = 1.8376 / Pop var. = 0.41277 / time = 0.74
best of generation 120 / cbal. = 94.7189 / Wtd. con eff = 3.664 / Wtd. HRF eff = 1.8376 / Pop var. = 0.35768 / time = 0.74
best of generation 121 / cbal. = 94.7189 / Wtd. con eff = 3.664 / Wtd. HRF eff = 1.8376 / Pop var. = 0.44143 / time = 0.73
best of generation 122 / cbal. = 94.7189 / Wtd. con eff = 3.664 / Wtd. HRF eff = 1.8376 / Pop var. = 0.37871 / time = 0.73
best of generation 123 / cbal. = 94.7189 / Wtd. con eff = 3.664 / Wtd. HRF eff = 1.8376 / Pop var. = 0.44631 / time = 0.78
best of generation 124 / cbal. = 94.7189 / Wtd. con eff = 3.664 / Wtd. HRF eff = 1.8376 / Pop var. = 0.3832 / time = 0.74
best of generation 125 / cbal. = 94.7189 / Wtd. con eff = 3.664 / Wtd. HRF eff = 1.8376 / Pop var. = 0.42755 / time = 0.73
best of generation 126 / cbal. = 94.7189 / Wtd. con eff = 3.664 / Wtd. HRF eff = 1.8376 / Pop var. = 0.42953 / time = 0.73
best of generation 127 / cbal. = 94.7189 / Wtd. con eff = 3.664 / Wtd. HRF eff = 1.8376 / Pop var. = 0.32966 / time = 0.74
best of generation 128 / cbal. = 94.7189 / Wtd. con eff = 3.664 / Wtd. HRF eff = 1.8376 / Pop var. = 0.35296 / time = 0.74
best of generation 129 / cbal. = 94.7189 / Wtd. con eff = 3.664 / Wtd. HRF eff = 1.8376 / Pop var. = 0.43901 / time = 0.75
best of generation 130 / cbal. = 94.7189 / Wtd. con eff = 3.664 / Wtd. HRF eff = 1.8376 / Pop var. = 0.36169 / time = 0.74
best of generation 131 / cbal. = 94.7189 / Wtd. con eff = 3.664 / Wtd. HRF eff = 1.8376 / Pop var. = 0.38719 / time = 0.73
best of generation 132 / cbal. = 94.7189 / Wtd. con eff = 3.664 / Wtd. HRF eff = 1.8376 / Pop var. = 0.45555 / time = 0.74
best of generation 133 / cbal. = 94.7189 / Wtd. con eff = 3.664 / Wtd. HRF eff = 1.8376 / Pop var. = 0.39485 / time = 0.73
best of generation 134 / cbal. = 94.7189 / Wtd. con eff = 3.664 / Wtd. HRF eff = 1.8376 / Pop var. = 0.41849 / time = 0.77
best of generation 135 / cbal. = 94.7189 / Wtd. con eff = 3.664 / Wtd. HRF eff = 1.8376 / Pop var. = 0.34178 / time = 0.73
best of generation 136 / cbal. = 94.7189 / Wtd. con eff = 3.664 / Wtd. HRF eff = 1.8376 / Pop var. = 0.40759 / time = 0.74
best of generation 137 / cbal. = 94.7189 / Wtd. con eff = 3.666 / Wtd. HRF eff = 1.7862 / Pop var. = 0.35687 / time = 0.74
best of generation 138 / cbal. = 94.889 / Wtd. con eff = 3.6228 / Wtd. HRF eff = 2.4754 / Pop var. = 0.40808 / time = 0.73
best of generation 139 / cbal. = 94.889 / Wtd. con eff = 3.6228 / Wtd. HRF eff = 2.4754 / Pop var. = 0.33777 / time = 0.74
best of generation 140 / cbal. = 94.889 / Wtd. con eff = 3.6228 / Wtd. HRF eff = 2.4754 / Pop var. = 0.3983 / time = 0.75
best of generation 141 / cbal. = 94.889 / Wtd. con eff = 3.6228 / Wtd. HRF eff = 2.4754 / Pop var. = 0.46407 / time = 0.73
best of generation 142 / cbal. = 94.889 / Wtd. con eff = 3.6228 / Wtd. HRF eff = 2.4754 / Pop var. = 0.42287 / time = 0.74
best of generation 143 / cbal. = 94.889 / Wtd. con eff = 3.6228 / Wtd. HRF eff = 2.4754 / Pop var. = 0.40656 / time = 0.73
best of generation 144 / cbal. = 94.889 / Wtd. con eff = 3.6228 / Wtd. HRF eff = 2.4754 / Pop var. = 0.35923 / time = 0.74
best of generation 145 / cbal. = 94.889 / Wtd. con eff = 3.6228 / Wtd. HRF eff = 2.4754 / Pop var. = 0.45311 / time = 0.79
best of generation 146 / cbal. = 94.889 / Wtd. con eff = 3.6228 / Wtd. HRF eff = 2.4754 / Pop var. = 0.3757 / time = 0.73
best of generation 147 / cbal. = 94.889 / Wtd. con eff = 3.6228 / Wtd. HRF eff = 2.4754 / Pop var. = 0.43751 / time = 0.74
best of generation 148 / cbal. = 94.889 / Wtd. con eff = 3.6228 / Wtd. HRF eff = 2.4754 / Pop var. = 0.41663 / time = 0.74
best of generation 149 / cbal. = 94.889 / Wtd. con eff = 3.6228 / Wtd. HRF eff = 2.4754 / Pop var. = 0.3968 / time = 0.74
best of generation 150 / cbal. = 94.889 / Wtd. con eff = 3.6228 / Wtd. HRF eff = 2.4754 / Pop var. = 0.46221 / time = 0.73
best of generation 151 / cbal. = 94.889 / Wtd. con eff = 3.6228 / Wtd. HRF eff = 2.4754 / Pop var. = 0.45026 / time = 0.76
best of generation 152 / cbal. = 94.889 / Wtd. con eff = 3.6228 / Wtd. HRF eff = 2.4754 / Pop var. = 0.42489 / time = 0.73
best of generation 153 / cbal. = 94.3797 / Wtd. con eff = 3.6762 / Wtd. HRF eff = 3.3736 / Pop var. = 0.34066 / time = 0.73
best of generation 154 / cbal. = 94.3797 / Wtd. con eff = 3.6762 / Wtd. HRF eff = 3.3736 / Pop var. = 0.43468 / time = 0.74
best of generation 155 / cbal. = 94.3797 / Wtd. con eff = 3.6762 / Wtd. HRF eff = 3.3736 / Pop var. = 0.40369 / time = 0.74
best of generation 156 / cbal. = 94.3797 / Wtd. con eff = 3.6762 / Wtd. HRF eff = 3.3736 / Pop var. = 0.36031 / time = 0.75
best of generation 157 / cbal. = 94.4372 / Wtd. con eff = 3.6629 / Wtd. HRF eff = 3.7343 / Pop var. = 0.46671 / time = 0.75
best of generation 158 / cbal. = 94.4372 / Wtd. con eff = 3.6629 / Wtd. HRF eff = 3.7343 / Pop var. = 0.40597 / time = 0.72
best of generation 159 / cbal. = 94.4372 / Wtd. con eff = 3.6629 / Wtd. HRF eff = 3.7343 / Pop var. = 0.3703 / time = 0.73
best of generation 160 / cbal. = 94.4372 / Wtd. con eff = 3.6629 / Wtd. HRF eff = 3.7343 / Pop var. = 0.4312 / time = 0.73
saving workspace as GAresults.mat
M = 
     origlist: [49x1 double]
     restlist: [20x1 double]
     stimlist: [60x1 double]
           ga: [1x1 struct]
    bestLists: [60x160 uint8]
         date: '11-9-2014'
optimizeGA done: 120.71 s
