Starting Model 96
OptimizeGA
===============================
Saturation threshold = 
Setting up variables
You entered 2 conditions  (event types) that will each be modeled with a regessor. 
 Note that if you enter 0 as a condition number, those events will not be modeled
 (they are assumed to be rest/inter-stimulus interval periods)

Contrasts entered. You entered matrix of 3 contrasts, with weights across 4 conditions.
 Contrasts:
     1     1    -1    -1
     1     0    -1     0
     0     1     0    -1
 ...adding one column to contrast matrix with weights of 0, to model the intercept
You entered a contrast weight vector across 3 contrasts
 	...Using rests of length 1 and resting every 4
================== Parameters ======================
     Total stimuli in scan      : 60
     Fixed rest length in ITIs  : 1
     Fixed Rest stimuli in scan : 11
     Num blank intervals        : 9
     Num of task conds          : 2
     Num stimuli each cond      : 20  20
====================================================
	...generating lists of organisms
	...USING TRANS2BLOCK >
     freqConditions = 0.2         0.2         0.2         0.2
     conditions = 1  2  3  4
REST INTERVALS: not used (to use, freqCond should be one longer than conditions
  ...randomizing organism start state
	...restMatrix is 20 X 40
ans =
     4     4     4     4     4     4     4     4     4     4
     4     4     4     4     4     4     4     4     4     4
     4     4     4     4     4     4     4     4     4     4
     4     4     4     4     4     4     4     4     4     4
     4     4     4     4     4     4     4     4     4     4
======== Num stimuli, averaged across lists (before instruction/rest stimuli) ========
		Condition 0: 9 stimuli, 15% of total stimuli
		Condition 1: 20 stimuli, 33.3333% of total stimuli
		Condition 2: 20 stimuli, 33.3333% of total stimuli
		Condition 3: 0 stimuli, 0% of total stimuli
		Condition 4: 0 stimuli, 0% of total stimuli
======================================================================================
best of generation 1 / cbal. = 94.2508 / Wtd. con eff = 2.726 / Wtd. HRF eff = 0.6639 / Pop var. = 0.86498 / time = 0.74
best of generation 2 / cbal. = 93.8072 / Wtd. con eff = 2.9867 / Wtd. HRF eff = 0.55392 / Pop var. = 0.84416 / time = 0.72
best of generation 3 / cbal. = 94.863 / Wtd. con eff = 2.8772 / Wtd. HRF eff = 0.53302 / Pop var. = 0.82993 / time = 0.74
best of generation 4 / cbal. = 94.5181 / Wtd. con eff = 2.9466 / Wtd. HRF eff = 0.46502 / Pop var. = 0.81607 / time = 0.72
best of generation 5 / cbal. = 94.732 / Wtd. con eff = 3.1391 / Wtd. HRF eff = 0.88972 / Pop var. = 0.79382 / time = 0.74
best of generation 6 / cbal. = 94.6671 / Wtd. con eff = 3.0502 / Wtd. HRF eff = 0.63241 / Pop var. = 0.76166 / time = 0.74
best of generation 7 / cbal. = 94.731 / Wtd. con eff = 3.047 / Wtd. HRF eff = 0.62455 / Pop var. = 0.70822 / time = 0.71
best of generation 8 / cbal. = 94.731 / Wtd. con eff = 3.047 / Wtd. HRF eff = 0.62455 / Pop var. = 0.62207 / time = 0.72
best of generation 9 / cbal. = 95.0589 / Wtd. con eff = 3.065 / Wtd. HRF eff = 0.66894 / Pop var. = 0.6252 / time = 0.73
best of generation 10 / cbal. = 94.8793 / Wtd. con eff = 3.2567 / Wtd. HRF eff = 0.87892 / Pop var. = 0.5067 / time = 0.72
best of generation 11 / cbal. = 95.413 / Wtd. con eff = 3.1946 / Wtd. HRF eff = 0.89882 / Pop var. = 0.47219 / time = 0.76
best of generation 12 / cbal. = 95.0266 / Wtd. con eff = 3.2755 / Wtd. HRF eff = 0.65687 / Pop var. = 0.47916 / time = 0.72
best of generation 13 / cbal. = 95.311 / Wtd. con eff = 3.2145 / Wtd. HRF eff = 0.77136 / Pop var. = 0.43187 / time = 0.72
best of generation 14 / cbal. = 95.1411 / Wtd. con eff = 3.2756 / Wtd. HRF eff = 1.0922 / Pop var. = 0.37721 / time = 0.73
best of generation 15 / cbal. = 95.1411 / Wtd. con eff = 3.2756 / Wtd. HRF eff = 1.0922 / Pop var. = 0.4225 / time = 0.73
best of generation 16 / cbal. = 94.9272 / Wtd. con eff = 3.3469 / Wtd. HRF eff = 0.81555 / Pop var. = 0.34262 / time = 0.77
best of generation 17 / cbal. = 95.0545 / Wtd. con eff = 3.3985 / Wtd. HRF eff = 0.77572 / Pop var. = 0.40281 / time = 0.73
best of generation 18 / cbal. = 95.256 / Wtd. con eff = 3.4829 / Wtd. HRF eff = 0.93882 / Pop var. = 0.40646 / time = 0.73
best of generation 19 / cbal. = 95.256 / Wtd. con eff = 3.4829 / Wtd. HRF eff = 0.93882 / Pop var. = 0.42274 / time = 0.74
best of generation 20 / cbal. = 95.29 / Wtd. con eff = 3.4067 / Wtd. HRF eff = 0.87582 / Pop var. = 0.47164 / time = 0.73
best of generation 21 / cbal. = 95.29 / Wtd. con eff = 3.4067 / Wtd. HRF eff = 0.87582 / Pop var. = 0.44586 / time = 0.73
best of generation 22 / cbal. = 95.0977 / Wtd. con eff = 3.4856 / Wtd. HRF eff = 1.0078 / Pop var. = 0.46474 / time = 0.79
best of generation 23 / cbal. = 94.9206 / Wtd. con eff = 3.5316 / Wtd. HRF eff = 0.93651 / Pop var. = 0.44293 / time = 0.74
best of generation 24 / cbal. = 94.9206 / Wtd. con eff = 3.5316 / Wtd. HRF eff = 0.93651 / Pop var. = 0.38985 / time = 0.74
best of generation 25 / cbal. = 94.9206 / Wtd. con eff = 3.5316 / Wtd. HRF eff = 0.93651 / Pop var. = 0.4772 / time = 0.73
best of generation 26 / cbal. = 94.9206 / Wtd. con eff = 3.5316 / Wtd. HRF eff = 0.93651 / Pop var. = 0.43508 / time = 0.74
best of generation 27 / cbal. = 95.4023 / Wtd. con eff = 3.4889 / Wtd. HRF eff = 1.0974 / Pop var. = 0.43555 / time = 0.77
best of generation 28 / cbal. = 95.4023 / Wtd. con eff = 3.4889 / Wtd. HRF eff = 1.0974 / Pop var. = 0.39249 / time = 0.74
best of generation 29 / cbal. = 95.4023 / Wtd. con eff = 3.4889 / Wtd. HRF eff = 1.0974 / Pop var. = 0.47348 / time = 0.73
best of generation 30 / cbal. = 95.4023 / Wtd. con eff = 3.4889 / Wtd. HRF eff = 1.0974 / Pop var. = 0.42423 / time = 0.74
best of generation 31 / cbal. = 95.1472 / Wtd. con eff = 3.5477 / Wtd. HRF eff = 1.5032 / Pop var. = 0.42088 / time = 0.74
best of generation 32 / cbal. = 95.1472 / Wtd. con eff = 3.5477 / Wtd. HRF eff = 1.5032 / Pop var. = 0.39998 / time = 0.74
best of generation 33 / cbal. = 95.1472 / Wtd. con eff = 3.5477 / Wtd. HRF eff = 1.5032 / Pop var. = 0.49216 / time = 0.79
best of generation 34 / cbal. = 95.1472 / Wtd. con eff = 3.5477 / Wtd. HRF eff = 1.5032 / Pop var. = 0.42451 / time = 0.74
best of generation 35 / cbal. = 95.1472 / Wtd. con eff = 3.5477 / Wtd. HRF eff = 1.5032 / Pop var. = 0.39262 / time = 0.75
best of generation 36 / cbal. = 94.7037 / Wtd. con eff = 3.6374 / Wtd. HRF eff = 1.7545 / Pop var. = 0.45072 / time = 0.74
best of generation 37 / cbal. = 94.7037 / Wtd. con eff = 3.6374 / Wtd. HRF eff = 1.7545 / Pop var. = 0.38939 / time = 0.74
best of generation 38 / cbal. = 94.7037 / Wtd. con eff = 3.6374 / Wtd. HRF eff = 1.7545 / Pop var. = 0.43199 / time = 0.76
best of generation 39 / cbal. = 94.7037 / Wtd. con eff = 3.6374 / Wtd. HRF eff = 1.7545 / Pop var. = 0.41573 / time = 0.74
best of generation 40 / cbal. = 94.7037 / Wtd. con eff = 3.6374 / Wtd. HRF eff = 1.7545 / Pop var. = 0.3449 / time = 0.74
best of generation 41 / cbal. = 94.7037 / Wtd. con eff = 3.6374 / Wtd. HRF eff = 1.7545 / Pop var. = 0.43385 / time = 0.74
best of generation 42 / cbal. = 94.7037 / Wtd. con eff = 3.6374 / Wtd. HRF eff = 1.7545 / Pop var. = 0.41802 / time = 0.74
best of generation 43 / cbal. = 94.7037 / Wtd. con eff = 3.6374 / Wtd. HRF eff = 1.7545 / Pop var. = 0.3618 / time = 0.76
best of generation 44 / cbal. = 94.7037 / Wtd. con eff = 3.6374 / Wtd. HRF eff = 1.7545 / Pop var. = 0.42145 / time = 0.78
best of generation 45 / cbal. = 94.7037 / Wtd. con eff = 3.6374 / Wtd. HRF eff = 1.7545 / Pop var. = 0.40815 / time = 0.75
best of generation 46 / cbal. = 94.5246 / Wtd. con eff = 3.6824 / Wtd. HRF eff = 1.933 / Pop var. = 0.34848 / time = 0.73
best of generation 47 / cbal. = 94.5246 / Wtd. con eff = 3.6824 / Wtd. HRF eff = 1.933 / Pop var. = 0.42998 / time = 0.73
best of generation 48 / cbal. = 94.5246 / Wtd. con eff = 3.6824 / Wtd. HRF eff = 1.933 / Pop var. = 0.38239 / time = 0.74
best of generation 49 / cbal. = 94.5246 / Wtd. con eff = 3.6824 / Wtd. HRF eff = 1.933 / Pop var. = 0.43551 / time = 0.76
best of generation 50 / cbal. = 94.5246 / Wtd. con eff = 3.6824 / Wtd. HRF eff = 1.933 / Pop var. = 0.38372 / time = 0.74
best of generation 51 / cbal. = 94.5246 / Wtd. con eff = 3.6824 / Wtd. HRF eff = 1.933 / Pop var. = 0.47762 / time = 0.74
best of generation 52 / cbal. = 94.5246 / Wtd. con eff = 3.6824 / Wtd. HRF eff = 1.933 / Pop var. = 0.4028 / time = 0.75
best of generation 53 / cbal. = 94.5246 / Wtd. con eff = 3.6824 / Wtd. HRF eff = 1.933 / Pop var. = 0.35016 / time = 0.74
best of generation 54 / cbal. = 94.5246 / Wtd. con eff = 3.6824 / Wtd. HRF eff = 1.933 / Pop var. = 0.39688 / time = 0.74
best of generation 55 / cbal. = 94.5246 / Wtd. con eff = 3.6824 / Wtd. HRF eff = 1.933 / Pop var. = 0.40925 / time = 0.8
best of generation 56 / cbal. = 94.5246 / Wtd. con eff = 3.6824 / Wtd. HRF eff = 1.933 / Pop var. = 0.33459 / time = 0.73
best of generation 57 / cbal. = 94.5246 / Wtd. con eff = 3.6824 / Wtd. HRF eff = 1.933 / Pop var. = 0.45026 / time = 0.75
best of generation 58 / cbal. = 94.5246 / Wtd. con eff = 3.6824 / Wtd. HRF eff = 1.933 / Pop var. = 0.41221 / time = 0.75
best of generation 59 / cbal. = 94.5246 / Wtd. con eff = 3.6824 / Wtd. HRF eff = 1.933 / Pop var. = 0.38841 / time = 0.74
best of generation 60 / cbal. = 94.5246 / Wtd. con eff = 3.6824 / Wtd. HRF eff = 1.933 / Pop var. = 0.46501 / time = 0.76
best of generation 61 / cbal. = 94.5246 / Wtd. con eff = 3.6824 / Wtd. HRF eff = 1.933 / Pop var. = 0.41524 / time = 0.73
best of generation 62 / cbal. = 94.5246 / Wtd. con eff = 3.6824 / Wtd. HRF eff = 1.933 / Pop var. = 0.35491 / time = 0.74
best of generation 63 / cbal. = 94.5246 / Wtd. con eff = 3.6824 / Wtd. HRF eff = 1.933 / Pop var. = 0.42856 / time = 0.74
best of generation 64 / cbal. = 94.5246 / Wtd. con eff = 3.6824 / Wtd. HRF eff = 1.933 / Pop var. = 0.38606 / time = 0.75
best of generation 65 / cbal. = 94.5246 / Wtd. con eff = 3.6824 / Wtd. HRF eff = 1.933 / Pop var. = 0.48688 / time = 0.74
best of generation 66 / cbal. = 94.5246 / Wtd. con eff = 3.6824 / Wtd. HRF eff = 1.933 / Pop var. = 0.43921 / time = 0.8
best of generation 67 / cbal. = 94.5246 / Wtd. con eff = 3.6824 / Wtd. HRF eff = 1.933 / Pop var. = 0.40772 / time = 0.73
best of generation 68 / cbal. = 94.5246 / Wtd. con eff = 3.6824 / Wtd. HRF eff = 1.933 / Pop var. = 0.3693 / time = 0.75
best of generation 69 / cbal. = 94.5246 / Wtd. con eff = 3.6824 / Wtd. HRF eff = 1.933 / Pop var. = 0.39646 / time = 0.74
best of generation 70 / cbal. = 94.5246 / Wtd. con eff = 3.6824 / Wtd. HRF eff = 1.933 / Pop var. = 0.42797 / time = 0.74
best of generation 71 / cbal. = 94.5246 / Wtd. con eff = 3.6824 / Wtd. HRF eff = 1.933 / Pop var. = 0.35022 / time = 0.79
best of generation 72 / cbal. = 94.5246 / Wtd. con eff = 3.6824 / Wtd. HRF eff = 1.933 / Pop var. = 0.43528 / time = 0.74
best of generation 73 / cbal. = 94.5246 / Wtd. con eff = 3.6824 / Wtd. HRF eff = 1.933 / Pop var. = 0.39112 / time = 0.74
best of generation 74 / cbal. = 94.5246 / Wtd. con eff = 3.6824 / Wtd. HRF eff = 1.933 / Pop var. = 0.46391 / time = 0.74
best of generation 75 / cbal. = 94.5246 / Wtd. con eff = 3.6824 / Wtd. HRF eff = 1.933 / Pop var. = 0.40079 / time = 0.75
best of generation 76 / cbal. = 94.5246 / Wtd. con eff = 3.6824 / Wtd. HRF eff = 1.933 / Pop var. = 0.31551 / time = 0.75
best of generation 77 / cbal. = 94.5246 / Wtd. con eff = 3.6824 / Wtd. HRF eff = 1.933 / Pop var. = 0.37927 / time = 0.75
best of generation 78 / cbal. = 94.5246 / Wtd. con eff = 3.6824 / Wtd. HRF eff = 1.933 / Pop var. = 0.48791 / time = 0.75
best of generation 79 / cbal. = 94.5246 / Wtd. con eff = 3.6824 / Wtd. HRF eff = 1.933 / Pop var. = 0.44277 / time = 0.75
best of generation 80 / cbal. = 94.5246 / Wtd. con eff = 3.6824 / Wtd. HRF eff = 1.933 / Pop var. = 0.40706 / time = 0.74
best of generation 81 / cbal. = 94.5246 / Wtd. con eff = 3.6824 / Wtd. HRF eff = 1.933 / Pop var. = 0.34226 / time = 0.73
best of generation 82 / cbal. = 94.5246 / Wtd. con eff = 3.6824 / Wtd. HRF eff = 1.933 / Pop var. = 0.40505 / time = 0.85
best of generation 83 / cbal. = 94.5246 / Wtd. con eff = 3.6824 / Wtd. HRF eff = 1.933 / Pop var. = 0.37414 / time = 0.76
best of generation 84 / cbal. = 94.5246 / Wtd. con eff = 3.6824 / Wtd. HRF eff = 1.933 / Pop var. = 0.43543 / time = 0.75
best of generation 85 / cbal. = 94.4228 / Wtd. con eff = 3.6629 / Wtd. HRF eff = 3.6319 / Pop var. = 0.38639 / time = 0.74
best of generation 86 / cbal. = 94.4228 / Wtd. con eff = 3.6629 / Wtd. HRF eff = 3.6319 / Pop var. = 0.44774 / time = 0.74
best of generation 87 / cbal. = 94.4228 / Wtd. con eff = 3.6629 / Wtd. HRF eff = 3.6319 / Pop var. = 0.42396 / time = 0.77
best of generation 88 / cbal. = 94.4228 / Wtd. con eff = 3.6629 / Wtd. HRF eff = 3.6319 / Pop var. = 0.41786 / time = 0.75
best of generation 89 / cbal. = 94.4228 / Wtd. con eff = 3.6629 / Wtd. HRF eff = 3.6319 / Pop var. = 0.39834 / time = 0.74
best of generation 90 / cbal. = 94.4228 / Wtd. con eff = 3.6629 / Wtd. HRF eff = 3.6319 / Pop var. = 0.50205 / time = 0.73
best of generation 91 / cbal. = 94.4228 / Wtd. con eff = 3.6629 / Wtd. HRF eff = 3.6319 / Pop var. = 0.44718 / time = 0.73
best of generation 92 / cbal. = 94.4228 / Wtd. con eff = 3.6629 / Wtd. HRF eff = 3.6319 / Pop var. = 0.35174 / time = 0.78
best of generation 93 / cbal. = 94.4228 / Wtd. con eff = 3.6629 / Wtd. HRF eff = 3.6319 / Pop var. = 0.43012 / time = 0.81
best of generation 94 / cbal. = 94.4228 / Wtd. con eff = 3.6629 / Wtd. HRF eff = 3.6319 / Pop var. = 0.37311 / time = 0.74
best of generation 95 / cbal. = 94.4228 / Wtd. con eff = 3.6629 / Wtd. HRF eff = 3.6319 / Pop var. = 0.43036 / time = 0.73
best of generation 96 / cbal. = 94.4228 / Wtd. con eff = 3.6629 / Wtd. HRF eff = 3.6319 / Pop var. = 0.40084 / time = 0.73
best of generation 97 / cbal. = 94.4228 / Wtd. con eff = 3.6629 / Wtd. HRF eff = 3.6319 / Pop var. = 0.35914 / time = 0.75
best of generation 98 / cbal. = 94.4228 / Wtd. con eff = 3.6629 / Wtd. HRF eff = 3.6319 / Pop var. = 0.42364 / time = 0.76
best of generation 99 / cbal. = 94.4228 / Wtd. con eff = 3.6629 / Wtd. HRF eff = 3.6319 / Pop var. = 0.39125 / time = 0.74
best of generation 100 / cbal. = 94.4228 / Wtd. con eff = 3.6629 / Wtd. HRF eff = 3.6319 / Pop var. = 0.4648 / time = 0.74
best of generation 101 / cbal. = 94.4228 / Wtd. con eff = 3.6629 / Wtd. HRF eff = 3.6319 / Pop var. = 0.41689 / time = 0.73
best of generation 102 / cbal. = 94.4228 / Wtd. con eff = 3.6629 / Wtd. HRF eff = 3.6319 / Pop var. = 0.36582 / time = 0.73
best of generation 103 / cbal. = 94.4228 / Wtd. con eff = 3.6629 / Wtd. HRF eff = 3.6319 / Pop var. = 0.42669 / time = 0.74
best of generation 104 / cbal. = 94.4228 / Wtd. con eff = 3.6629 / Wtd. HRF eff = 3.6319 / Pop var. = 0.40487 / time = 0.8
best of generation 105 / cbal. = 94.4228 / Wtd. con eff = 3.6629 / Wtd. HRF eff = 3.6319 / Pop var. = 0.37654 / time = 0.74
best of generation 106 / cbal. = 94.0396 / Wtd. con eff = 3.6937 / Wtd. HRF eff = 4.6184 / Pop var. = 0.42071 / time = 0.73
best of generation 107 / cbal. = 94.0396 / Wtd. con eff = 3.6937 / Wtd. HRF eff = 4.6184 / Pop var. = 0.37467 / time = 0.73
best of generation 108 / cbal. = 94.0396 / Wtd. con eff = 3.6937 / Wtd. HRF eff = 4.6184 / Pop var. = 0.48563 / time = 0.74
best of generation 109 / cbal. = 94.0396 / Wtd. con eff = 3.6937 / Wtd. HRF eff = 4.6184 / Pop var. = 0.47343 / time = 0.76
best of generation 110 / cbal. = 94.0396 / Wtd. con eff = 3.6937 / Wtd. HRF eff = 4.6184 / Pop var. = 0.42238 / time = 0.74
best of generation 111 / cbal. = 94.0396 / Wtd. con eff = 3.6937 / Wtd. HRF eff = 4.6184 / Pop var. = 0.36296 / time = 0.74
best of generation 112 / cbal. = 94.0396 / Wtd. con eff = 3.6937 / Wtd. HRF eff = 4.6184 / Pop var. = 0.44668 / time = 0.74
best of generation 113 / cbal. = 94.0396 / Wtd. con eff = 3.6937 / Wtd. HRF eff = 4.6184 / Pop var. = 0.40423 / time = 0.74
best of generation 114 / cbal. = 94.0396 / Wtd. con eff = 3.6937 / Wtd. HRF eff = 4.6184 / Pop var. = 0.33944 / time = 0.74
best of generation 115 / cbal. = 94.0396 / Wtd. con eff = 3.6937 / Wtd. HRF eff = 4.6184 / Pop var. = 0.42999 / time = 0.79
best of generation 116 / cbal. = 94.0396 / Wtd. con eff = 3.6937 / Wtd. HRF eff = 4.6184 / Pop var. = 0.38415 / time = 0.74
best of generation 117 / cbal. = 94.2106 / Wtd. con eff = 3.7057 / Wtd. HRF eff = 4.1657 / Pop var. = 0.44621 / time = 0.74
best of generation 118 / cbal. = 94.2106 / Wtd. con eff = 3.7057 / Wtd. HRF eff = 4.1657 / Pop var. = 0.35726 / time = 0.74
best of generation 119 / cbal. = 94.337 / Wtd. con eff = 3.6944 / Wtd. HRF eff = 3.7685 / Pop var. = 0.41351 / time = 0.74
best of generation 120 / cbal. = 94.337 / Wtd. con eff = 3.6944 / Wtd. HRF eff = 3.7685 / Pop var. = 0.36337 / time = 0.8
best of generation 121 / cbal. = 94.337 / Wtd. con eff = 3.6944 / Wtd. HRF eff = 3.7685 / Pop var. = 0.42995 / time = 0.73
best of generation 122 / cbal. = 94.337 / Wtd. con eff = 3.6944 / Wtd. HRF eff = 3.7685 / Pop var. = 0.35041 / time = 0.74
best of generation 123 / cbal. = 94.337 / Wtd. con eff = 3.6944 / Wtd. HRF eff = 3.7685 / Pop var. = 0.45055 / time = 0.73
best of generation 124 / cbal. = 94.337 / Wtd. con eff = 3.6944 / Wtd. HRF eff = 3.7685 / Pop var. = 0.41216 / time = 0.73
best of generation 125 / cbal. = 94.5393 / Wtd. con eff = 3.6686 / Wtd. HRF eff = 4.2147 / Pop var. = 0.40846 / time = 0.74
best of generation 126 / cbal. = 94.5393 / Wtd. con eff = 3.6686 / Wtd. HRF eff = 4.2147 / Pop var. = 0.36714 / time = 0.8
best of generation 127 / cbal. = 94.5393 / Wtd. con eff = 3.6686 / Wtd. HRF eff = 4.2147 / Pop var. = 0.44525 / time = 0.74
best of generation 128 / cbal. = 94.5393 / Wtd. con eff = 3.6686 / Wtd. HRF eff = 4.2147 / Pop var. = 0.41417 / time = 0.74
best of generation 129 / cbal. = 94.394 / Wtd. con eff = 3.6947 / Wtd. HRF eff = 4.5102 / Pop var. = 0.35601 / time = 0.73
best of generation 130 / cbal. = 94.394 / Wtd. con eff = 3.6947 / Wtd. HRF eff = 4.5102 / Pop var. = 0.43885 / time = 0.74
best of generation 131 / cbal. = 94.394 / Wtd. con eff = 3.6947 / Wtd. HRF eff = 4.5102 / Pop var. = 0.36928 / time = 0.8
best of generation 132 / cbal. = 94.394 / Wtd. con eff = 3.6947 / Wtd. HRF eff = 4.5102 / Pop var. = 0.46163 / time = 0.74
best of generation 133 / cbal. = 94.394 / Wtd. con eff = 3.6947 / Wtd. HRF eff = 4.5102 / Pop var. = 0.41755 / time = 0.74
best of generation 134 / cbal. = 94.394 / Wtd. con eff = 3.6947 / Wtd. HRF eff = 4.5102 / Pop var. = 0.39973 / time = 0.74
best of generation 135 / cbal. = 94.394 / Wtd. con eff = 3.6947 / Wtd. HRF eff = 4.5102 / Pop var. = 0.46553 / time = 0.74
best of generation 136 / cbal. = 94.394 / Wtd. con eff = 3.6947 / Wtd. HRF eff = 4.5102 / Pop var. = 0.38832 / time = 0.74
best of generation 137 / cbal. = 94.394 / Wtd. con eff = 3.6947 / Wtd. HRF eff = 4.5102 / Pop var. = 0.41721 / time = 0.77
best of generation 138 / cbal. = 94.394 / Wtd. con eff = 3.6947 / Wtd. HRF eff = 4.5102 / Pop var. = 0.37849 / time = 0.74
best of generation 139 / cbal. = 94.394 / Wtd. con eff = 3.6947 / Wtd. HRF eff = 4.5102 / Pop var. = 0.41494 / time = 0.73
best of generation 140 / cbal. = 94.394 / Wtd. con eff = 3.6947 / Wtd. HRF eff = 4.5102 / Pop var. = 0.38315 / time = 0.74
best of generation 141 / cbal. = 94.394 / Wtd. con eff = 3.6947 / Wtd. HRF eff = 4.5102 / Pop var. = 0.43334 / time = 0.73
best of generation 142 / cbal. = 94.394 / Wtd. con eff = 3.6947 / Wtd. HRF eff = 4.5102 / Pop var. = 0.36171 / time = 0.79
best of generation 143 / cbal. = 94.394 / Wtd. con eff = 3.6947 / Wtd. HRF eff = 4.5102 / Pop var. = 0.43234 / time = 0.73
best of generation 144 / cbal. = 94.394 / Wtd. con eff = 3.6947 / Wtd. HRF eff = 4.5102 / Pop var. = 0.40488 / time = 0.75
best of generation 145 / cbal. = 94.394 / Wtd. con eff = 3.6947 / Wtd. HRF eff = 4.5102 / Pop var. = 0.34828 / time = 0.74
best of generation 146 / cbal. = 94.394 / Wtd. con eff = 3.6947 / Wtd. HRF eff = 4.5102 / Pop var. = 0.40118 / time = 0.74
best of generation 147 / cbal. = 94.394 / Wtd. con eff = 3.6947 / Wtd. HRF eff = 4.5102 / Pop var. = 0.38986 / time = 0.74
best of generation 148 / cbal. = 94.394 / Wtd. con eff = 3.6947 / Wtd. HRF eff = 4.5102 / Pop var. = 0.36655 / time = 0.75
best of generation 149 / cbal. = 94.394 / Wtd. con eff = 3.6947 / Wtd. HRF eff = 4.5102 / Pop var. = 0.43217 / time = 0.74
best of generation 150 / cbal. = 94.394 / Wtd. con eff = 3.6947 / Wtd. HRF eff = 4.5102 / Pop var. = 0.39615 / time = 0.74
best of generation 151 / cbal. = 94.394 / Wtd. con eff = 3.6947 / Wtd. HRF eff = 4.5102 / Pop var. = 0.47703 / time = 0.73
best of generation 152 / cbal. = 94.394 / Wtd. con eff = 3.6947 / Wtd. HRF eff = 4.5102 / Pop var. = 0.44019 / time = 0.75
best of generation 153 / cbal. = 94.394 / Wtd. con eff = 3.6947 / Wtd. HRF eff = 4.5102 / Pop var. = 0.39919 / time = 0.79
best of generation 154 / cbal. = 94.394 / Wtd. con eff = 3.6947 / Wtd. HRF eff = 4.5102 / Pop var. = 0.4575 / time = 0.74
best of generation 155 / cbal. = 94.394 / Wtd. con eff = 3.6947 / Wtd. HRF eff = 4.5102 / Pop var. = 0.38543 / time = 0.73
best of generation 156 / cbal. = 94.394 / Wtd. con eff = 3.6947 / Wtd. HRF eff = 4.5102 / Pop var. = 0.4709 / time = 0.74
best of generation 157 / cbal. = 94.394 / Wtd. con eff = 3.6947 / Wtd. HRF eff = 4.5102 / Pop var. = 0.44027 / time = 0.74
best of generation 158 / cbal. = 94.394 / Wtd. con eff = 3.6947 / Wtd. HRF eff = 4.5102 / Pop var. = 0.3672 / time = 0.74
saving workspace as GAresults.mat
M = 
     origlist: [49x1 double]
     restlist: [20x1 double]
     stimlist: [60x1 double]
           ga: [1x1 struct]
    bestLists: [60x158 uint8]
         date: '11-9-2014'
optimizeGA done: 120.19 s
