Starting Model 67
OptimizeGA
===============================
Saturation threshold = 
Setting up variables
You entered 2 conditions  (event types) that will each be modeled with a regessor. 
 Note that if you enter 0 as a condition number, those events will not be modeled
 (they are assumed to be rest/inter-stimulus interval periods)

Contrasts entered. You entered matrix of 3 contrasts, with weights across 4 conditions.
 Contrasts:
     1     1    -1    -1
     1     0    -1     0
     0     1     0    -1
 ...adding one column to contrast matrix with weights of 0, to model the intercept
You entered a contrast weight vector across 3 contrasts
 	...Using rests of length 1 and resting every 4
================== Parameters ======================
     Total stimuli in scan      : 60
     Fixed rest length in ITIs  : 1
     Fixed Rest stimuli in scan : 11
     Num blank intervals        : 9
     Num of task conds          : 2
     Num stimuli each cond      : 20  20
====================================================
	...generating lists of organisms
	...USING TRANS2BLOCK >
     freqConditions = 0.2         0.2         0.2         0.2
     conditions = 1  2  3  4
REST INTERVALS: not used (to use, freqCond should be one longer than conditions
  ...randomizing organism start state
	...restMatrix is 20 X 40
ans =
     4     4     4     4     4     4     4     4     4     4
     4     4     4     4     4     4     4     4     4     4
     4     4     4     4     4     4     4     4     4     4
     4     4     4     4     4     4     4     4     4     4
     4     4     4     4     4     4     4     4     4     4
======== Num stimuli, averaged across lists (before instruction/rest stimuli) ========
		Condition 0: 9 stimuli, 15% of total stimuli
		Condition 1: 20 stimuli, 33.3333% of total stimuli
		Condition 2: 20 stimuli, 33.3333% of total stimuli
		Condition 3: 0 stimuli, 0% of total stimuli
		Condition 4: 0 stimuli, 0% of total stimuli
======================================================================================
best of generation 1 / cbal. = 93.578 / Wtd. con eff = 2.7385 / Wtd. HRF eff = 0.94914 / Pop var. = 0.86143 / time = 0.78
best of generation 2 / cbal. = 94.7571 / Wtd. con eff = 2.7137 / Wtd. HRF eff = 0.59177 / Pop var. = 0.85136 / time = 0.73
best of generation 3 / cbal. = 94.5324 / Wtd. con eff = 2.995 / Wtd. HRF eff = 0.5584 / Pop var. = 0.84012 / time = 0.72
best of generation 4 / cbal. = 94.5324 / Wtd. con eff = 2.995 / Wtd. HRF eff = 0.5584 / Pop var. = 0.81157 / time = 0.72
best of generation 5 / cbal. = 94.4828 / Wtd. con eff = 2.9576 / Wtd. HRF eff = 0.64624 / Pop var. = 0.79704 / time = 0.74
best of generation 6 / cbal. = 95.129 / Wtd. con eff = 3.0627 / Wtd. HRF eff = 0.59799 / Pop var. = 0.76793 / time = 0.74
best of generation 7 / cbal. = 95.129 / Wtd. con eff = 3.0627 / Wtd. HRF eff = 0.59799 / Pop var. = 0.76926 / time = 0.72
best of generation 8 / cbal. = 94.9947 / Wtd. con eff = 3.326 / Wtd. HRF eff = 0.73909 / Pop var. = 0.73151 / time = 0.73
best of generation 9 / cbal. = 94.9947 / Wtd. con eff = 3.326 / Wtd. HRF eff = 0.73909 / Pop var. = 0.72072 / time = 0.72
best of generation 10 / cbal. = 94.9947 / Wtd. con eff = 3.326 / Wtd. HRF eff = 0.73909 / Pop var. = 0.7039 / time = 0.72
best of generation 11 / cbal. = 94.4126 / Wtd. con eff = 3.3269 / Wtd. HRF eff = 0.74533 / Pop var. = 0.70887 / time = 0.76
best of generation 12 / cbal. = 95.1209 / Wtd. con eff = 3.2861 / Wtd. HRF eff = 0.65349 / Pop var. = 0.67835 / time = 0.72
best of generation 13 / cbal. = 94.3994 / Wtd. con eff = 3.3781 / Wtd. HRF eff = 0.75223 / Pop var. = 0.65983 / time = 0.73
best of generation 14 / cbal. = 94.8969 / Wtd. con eff = 3.4111 / Wtd. HRF eff = 0.76215 / Pop var. = 0.56314 / time = 0.73
best of generation 15 / cbal. = 95.0245 / Wtd. con eff = 3.4766 / Wtd. HRF eff = 0.77082 / Pop var. = 0.5121 / time = 0.73
best of generation 16 / cbal. = 94.6892 / Wtd. con eff = 3.4692 / Wtd. HRF eff = 0.71581 / Pop var. = 0.50846 / time = 0.74
best of generation 17 / cbal. = 94.8343 / Wtd. con eff = 3.5531 / Wtd. HRF eff = 0.82921 / Pop var. = 0.49241 / time = 0.73
best of generation 18 / cbal. = 94.8343 / Wtd. con eff = 3.5531 / Wtd. HRF eff = 0.82921 / Pop var. = 0.40837 / time = 0.72
best of generation 19 / cbal. = 94.8343 / Wtd. con eff = 3.5531 / Wtd. HRF eff = 0.82921 / Pop var. = 0.36914 / time = 0.75
best of generation 20 / cbal. = 94.8343 / Wtd. con eff = 3.5531 / Wtd. HRF eff = 0.82921 / Pop var. = 0.45441 / time = 0.72
best of generation 21 / cbal. = 94.8343 / Wtd. con eff = 3.5531 / Wtd. HRF eff = 0.82921 / Pop var. = 0.40986 / time = 0.72
best of generation 22 / cbal. = 94.7113 / Wtd. con eff = 3.5774 / Wtd. HRF eff = 1.2498 / Pop var. = 0.37703 / time = 0.77
best of generation 23 / cbal. = 95.1059 / Wtd. con eff = 3.5131 / Wtd. HRF eff = 1.133 / Pop var. = 0.43783 / time = 0.73
best of generation 24 / cbal. = 95.1059 / Wtd. con eff = 3.5131 / Wtd. HRF eff = 1.133 / Pop var. = 0.41351 / time = 0.74
best of generation 25 / cbal. = 95.1059 / Wtd. con eff = 3.5131 / Wtd. HRF eff = 1.133 / Pop var. = 0.36642 / time = 0.73
best of generation 26 / cbal. = 94.8499 / Wtd. con eff = 3.6097 / Wtd. HRF eff = 0.94259 / Pop var. = 0.45112 / time = 0.73
best of generation 27 / cbal. = 94.8499 / Wtd. con eff = 3.6097 / Wtd. HRF eff = 0.94259 / Pop var. = 0.43113 / time = 0.75
best of generation 28 / cbal. = 94.8499 / Wtd. con eff = 3.6097 / Wtd. HRF eff = 0.94259 / Pop var. = 0.42328 / time = 0.73
best of generation 29 / cbal. = 94.8499 / Wtd. con eff = 3.6097 / Wtd. HRF eff = 0.94259 / Pop var. = 0.35489 / time = 0.73
best of generation 30 / cbal. = 94.8499 / Wtd. con eff = 3.6097 / Wtd. HRF eff = 0.94259 / Pop var. = 0.40905 / time = 0.73
best of generation 31 / cbal. = 94.8499 / Wtd. con eff = 3.6097 / Wtd. HRF eff = 0.94259 / Pop var. = 0.38324 / time = 0.74
best of generation 32 / cbal. = 95.2307 / Wtd. con eff = 3.5681 / Wtd. HRF eff = 0.90546 / Pop var. = 0.44971 / time = 0.74
best of generation 33 / cbal. = 95.2307 / Wtd. con eff = 3.5681 / Wtd. HRF eff = 0.90546 / Pop var. = 0.41189 / time = 0.77
best of generation 34 / cbal. = 95.2307 / Wtd. con eff = 3.5681 / Wtd. HRF eff = 0.90546 / Pop var. = 0.36967 / time = 0.73
best of generation 35 / cbal. = 94.889 / Wtd. con eff = 3.5922 / Wtd. HRF eff = 1.2572 / Pop var. = 0.4753 / time = 0.73
best of generation 36 / cbal. = 94.8812 / Wtd. con eff = 3.6313 / Wtd. HRF eff = 0.85886 / Pop var. = 0.45734 / time = 0.73
best of generation 37 / cbal. = 94.8265 / Wtd. con eff = 3.621 / Wtd. HRF eff = 1.0464 / Pop var. = 0.42481 / time = 0.73
best of generation 38 / cbal. = 94.8265 / Wtd. con eff = 3.621 / Wtd. HRF eff = 1.0464 / Pop var. = 0.3862 / time = 0.75
best of generation 39 / cbal. = 94.8265 / Wtd. con eff = 3.621 / Wtd. HRF eff = 1.0464 / Pop var. = 0.49594 / time = 0.74
best of generation 40 / cbal. = 94.8265 / Wtd. con eff = 3.621 / Wtd. HRF eff = 1.0464 / Pop var. = 0.42762 / time = 0.74
best of generation 41 / cbal. = 95.0164 / Wtd. con eff = 3.6021 / Wtd. HRF eff = 1.0307 / Pop var. = 0.38918 / time = 0.72
best of generation 42 / cbal. = 95.0164 / Wtd. con eff = 3.6021 / Wtd. HRF eff = 1.0307 / Pop var. = 0.44815 / time = 0.74
best of generation 43 / cbal. = 95.0164 / Wtd. con eff = 3.6021 / Wtd. HRF eff = 1.0307 / Pop var. = 0.44409 / time = 0.73
best of generation 44 / cbal. = 95.0164 / Wtd. con eff = 3.6021 / Wtd. HRF eff = 1.0307 / Pop var. = 0.39032 / time = 0.78
best of generation 45 / cbal. = 95.0164 / Wtd. con eff = 3.6021 / Wtd. HRF eff = 1.0307 / Pop var. = 0.48713 / time = 0.73
best of generation 46 / cbal. = 95.0164 / Wtd. con eff = 3.6021 / Wtd. HRF eff = 1.0307 / Pop var. = 0.442 / time = 0.73
best of generation 47 / cbal. = 94.6734 / Wtd. con eff = 3.6753 / Wtd. HRF eff = 1.0305 / Pop var. = 0.4071 / time = 0.73
best of generation 48 / cbal. = 94.6734 / Wtd. con eff = 3.6753 / Wtd. HRF eff = 1.0305 / Pop var. = 0.382 / time = 0.73
best of generation 49 / cbal. = 94.6734 / Wtd. con eff = 3.6753 / Wtd. HRF eff = 1.0305 / Pop var. = 0.47336 / time = 0.75
best of generation 50 / cbal. = 94.6734 / Wtd. con eff = 3.6753 / Wtd. HRF eff = 1.0305 / Pop var. = 0.44796 / time = 0.74
best of generation 51 / cbal. = 94.6734 / Wtd. con eff = 3.6753 / Wtd. HRF eff = 1.0305 / Pop var. = 0.42859 / time = 0.73
best of generation 52 / cbal. = 94.6734 / Wtd. con eff = 3.6753 / Wtd. HRF eff = 1.0305 / Pop var. = 0.39695 / time = 0.73
best of generation 53 / cbal. = 94.7955 / Wtd. con eff = 3.6633 / Wtd. HRF eff = 1.1026 / Pop var. = 0.44113 / time = 0.74
best of generation 54 / cbal. = 94.7955 / Wtd. con eff = 3.6633 / Wtd. HRF eff = 1.1026 / Pop var. = 0.36111 / time = 0.74
best of generation 55 / cbal. = 94.7955 / Wtd. con eff = 3.6633 / Wtd. HRF eff = 1.1026 / Pop var. = 0.43697 / time = 0.78
best of generation 56 / cbal. = 94.7955 / Wtd. con eff = 3.6633 / Wtd. HRF eff = 1.1026 / Pop var. = 0.40215 / time = 0.73
best of generation 57 / cbal. = 94.7955 / Wtd. con eff = 3.6633 / Wtd. HRF eff = 1.1026 / Pop var. = 0.35835 / time = 0.74
best of generation 58 / cbal. = 94.7955 / Wtd. con eff = 3.6633 / Wtd. HRF eff = 1.1026 / Pop var. = 0.47943 / time = 0.73
best of generation 59 / cbal. = 94.7955 / Wtd. con eff = 3.6633 / Wtd. HRF eff = 1.1026 / Pop var. = 0.45622 / time = 0.74
best of generation 60 / cbal. = 94.7955 / Wtd. con eff = 3.6633 / Wtd. HRF eff = 1.1026 / Pop var. = 0.39898 / time = 0.75
best of generation 61 / cbal. = 94.7955 / Wtd. con eff = 3.6633 / Wtd. HRF eff = 1.1026 / Pop var. = 0.41828 / time = 0.73
best of generation 62 / cbal. = 94.7955 / Wtd. con eff = 3.6633 / Wtd. HRF eff = 1.1026 / Pop var. = 0.38745 / time = 0.74
best of generation 63 / cbal. = 94.7955 / Wtd. con eff = 3.6633 / Wtd. HRF eff = 1.1026 / Pop var. = 0.484 / time = 0.74
best of generation 64 / cbal. = 94.7955 / Wtd. con eff = 3.6633 / Wtd. HRF eff = 1.1026 / Pop var. = 0.45126 / time = 0.74
best of generation 65 / cbal. = 94.7955 / Wtd. con eff = 3.6633 / Wtd. HRF eff = 1.1026 / Pop var. = 0.41767 / time = 0.73
best of generation 66 / cbal. = 94.7955 / Wtd. con eff = 3.6633 / Wtd. HRF eff = 1.1026 / Pop var. = 0.34326 / time = 0.78
best of generation 67 / cbal. = 95.1142 / Wtd. con eff = 3.6109 / Wtd. HRF eff = 1.149 / Pop var. = 0.42057 / time = 0.73
best of generation 68 / cbal. = 94.7955 / Wtd. con eff = 3.6633 / Wtd. HRF eff = 1.1026 / Pop var. = 0.38144 / time = 0.73
best of generation 69 / cbal. = 94.7955 / Wtd. con eff = 3.6633 / Wtd. HRF eff = 1.1026 / Pop var. = 0.43742 / time = 0.73
best of generation 70 / cbal. = 94.7955 / Wtd. con eff = 3.6633 / Wtd. HRF eff = 1.1026 / Pop var. = 0.43638 / time = 0.73
best of generation 71 / cbal. = 94.7955 / Wtd. con eff = 3.6633 / Wtd. HRF eff = 1.1026 / Pop var. = 0.35041 / time = 0.74
best of generation 72 / cbal. = 94.8733 / Wtd. con eff = 3.6293 / Wtd. HRF eff = 1.4105 / Pop var. = 0.39644 / time = 0.75
best of generation 73 / cbal. = 94.8733 / Wtd. con eff = 3.6293 / Wtd. HRF eff = 1.4105 / Pop var. = 0.44271 / time = 0.73
best of generation 74 / cbal. = 94.8733 / Wtd. con eff = 3.6293 / Wtd. HRF eff = 1.4105 / Pop var. = 0.42554 / time = 0.75
best of generation 75 / cbal. = 94.7494 / Wtd. con eff = 3.6686 / Wtd. HRF eff = 1.3145 / Pop var. = 0.37387 / time = 0.74
best of generation 76 / cbal. = 94.7494 / Wtd. con eff = 3.6686 / Wtd. HRF eff = 1.3145 / Pop var. = 0.44742 / time = 0.73
best of generation 77 / cbal. = 94.7494 / Wtd. con eff = 3.6686 / Wtd. HRF eff = 1.3145 / Pop var. = 0.41195 / time = 0.75
best of generation 78 / cbal. = 94.7494 / Wtd. con eff = 3.6686 / Wtd. HRF eff = 1.3145 / Pop var. = 0.38997 / time = 0.74
best of generation 79 / cbal. = 94.7494 / Wtd. con eff = 3.6686 / Wtd. HRF eff = 1.3145 / Pop var. = 0.44305 / time = 0.73
best of generation 80 / cbal. = 94.7494 / Wtd. con eff = 3.6686 / Wtd. HRF eff = 1.3145 / Pop var. = 0.41146 / time = 0.73
best of generation 81 / cbal. = 94.7494 / Wtd. con eff = 3.6686 / Wtd. HRF eff = 1.3145 / Pop var. = 0.32623 / time = 0.73
best of generation 82 / cbal. = 94.7494 / Wtd. con eff = 3.6686 / Wtd. HRF eff = 1.3145 / Pop var. = 0.41578 / time = 0.75
best of generation 83 / cbal. = 94.7494 / Wtd. con eff = 3.6686 / Wtd. HRF eff = 1.3145 / Pop var. = 0.37019 / time = 0.75
best of generation 84 / cbal. = 94.7494 / Wtd. con eff = 3.6686 / Wtd. HRF eff = 1.3145 / Pop var. = 0.45079 / time = 0.73
best of generation 85 / cbal. = 94.7494 / Wtd. con eff = 3.659 / Wtd. HRF eff = 1.6536 / Pop var. = 0.36292 / time = 0.73
best of generation 86 / cbal. = 94.7494 / Wtd. con eff = 3.659 / Wtd. HRF eff = 1.6536 / Pop var. = 0.40012 / time = 0.74
best of generation 87 / cbal. = 94.7494 / Wtd. con eff = 3.659 / Wtd. HRF eff = 1.6536 / Pop var. = 0.33629 / time = 0.74
best of generation 88 / cbal. = 94.7494 / Wtd. con eff = 3.659 / Wtd. HRF eff = 1.6536 / Pop var. = 0.37419 / time = 0.79
best of generation 89 / cbal. = 94.7494 / Wtd. con eff = 3.659 / Wtd. HRF eff = 1.6536 / Pop var. = 0.44113 / time = 0.73
best of generation 90 / cbal. = 94.7494 / Wtd. con eff = 3.659 / Wtd. HRF eff = 1.6536 / Pop var. = 0.41122 / time = 0.73
best of generation 91 / cbal. = 94.7494 / Wtd. con eff = 3.659 / Wtd. HRF eff = 1.6536 / Pop var. = 0.3741 / time = 0.72
best of generation 92 / cbal. = 94.7494 / Wtd. con eff = 3.659 / Wtd. HRF eff = 1.6536 / Pop var. = 0.41956 / time = 0.74
best of generation 93 / cbal. = 94.7494 / Wtd. con eff = 3.659 / Wtd. HRF eff = 1.6536 / Pop var. = 0.33307 / time = 0.75
best of generation 94 / cbal. = 94.7494 / Wtd. con eff = 3.659 / Wtd. HRF eff = 1.6536 / Pop var. = 0.38749 / time = 0.76
best of generation 95 / cbal. = 94.7494 / Wtd. con eff = 3.659 / Wtd. HRF eff = 1.6536 / Pop var. = 0.43936 / time = 0.73
best of generation 96 / cbal. = 94.7494 / Wtd. con eff = 3.659 / Wtd. HRF eff = 1.6536 / Pop var. = 0.36861 / time = 0.73
best of generation 97 / cbal. = 94.7494 / Wtd. con eff = 3.659 / Wtd. HRF eff = 1.6536 / Pop var. = 0.42544 / time = 0.72
best of generation 98 / cbal. = 94.7494 / Wtd. con eff = 3.659 / Wtd. HRF eff = 1.6536 / Pop var. = 0.38859 / time = 0.75
best of generation 99 / cbal. = 94.7494 / Wtd. con eff = 3.659 / Wtd. HRF eff = 1.6536 / Pop var. = 0.44347 / time = 0.74
best of generation 100 / cbal. = 94.7494 / Wtd. con eff = 3.659 / Wtd. HRF eff = 1.6536 / Pop var. = 0.43921 / time = 0.73
best of generation 101 / cbal. = 94.7494 / Wtd. con eff = 3.659 / Wtd. HRF eff = 1.6536 / Pop var. = 0.40073 / time = 0.73
best of generation 102 / cbal. = 94.7494 / Wtd. con eff = 3.659 / Wtd. HRF eff = 1.6536 / Pop var. = 0.32809 / time = 0.73
best of generation 103 / cbal. = 94.7494 / Wtd. con eff = 3.659 / Wtd. HRF eff = 1.6536 / Pop var. = 0.38463 / time = 0.73
best of generation 104 / cbal. = 94.7494 / Wtd. con eff = 3.659 / Wtd. HRF eff = 1.6536 / Pop var. = 0.46436 / time = 0.75
best of generation 105 / cbal. = 94.7494 / Wtd. con eff = 3.659 / Wtd. HRF eff = 1.6536 / Pop var. = 0.41107 / time = 0.75
best of generation 106 / cbal. = 94.7494 / Wtd. con eff = 3.659 / Wtd. HRF eff = 1.6536 / Pop var. = 0.31534 / time = 0.73
best of generation 107 / cbal. = 94.7494 / Wtd. con eff = 3.659 / Wtd. HRF eff = 1.6536 / Pop var. = 0.38939 / time = 0.74
best of generation 108 / cbal. = 94.7494 / Wtd. con eff = 3.659 / Wtd. HRF eff = 1.6536 / Pop var. = 0.45716 / time = 0.74
best of generation 109 / cbal. = 94.7494 / Wtd. con eff = 3.659 / Wtd. HRF eff = 1.6536 / Pop var. = 0.39043 / time = 0.73
best of generation 110 / cbal. = 94.7494 / Wtd. con eff = 3.659 / Wtd. HRF eff = 1.6536 / Pop var. = 0.46943 / time = 0.75
best of generation 111 / cbal. = 94.7494 / Wtd. con eff = 3.659 / Wtd. HRF eff = 1.6536 / Pop var. = 0.41633 / time = 0.72
best of generation 112 / cbal. = 94.7494 / Wtd. con eff = 3.659 / Wtd. HRF eff = 1.6536 / Pop var. = 0.40088 / time = 0.74
best of generation 113 / cbal. = 94.7494 / Wtd. con eff = 3.659 / Wtd. HRF eff = 1.6536 / Pop var. = 0.33471 / time = 0.74
best of generation 114 / cbal. = 94.7494 / Wtd. con eff = 3.659 / Wtd. HRF eff = 1.6536 / Pop var. = 0.40819 / time = 0.74
best of generation 115 / cbal. = 94.7494 / Wtd. con eff = 3.659 / Wtd. HRF eff = 1.6536 / Pop var. = 0.38392 / time = 0.74
best of generation 116 / cbal. = 94.7494 / Wtd. con eff = 3.659 / Wtd. HRF eff = 1.6536 / Pop var. = 0.45853 / time = 0.75
best of generation 117 / cbal. = 94.7494 / Wtd. con eff = 3.659 / Wtd. HRF eff = 1.6536 / Pop var. = 0.3753 / time = 0.74
best of generation 118 / cbal. = 94.6734 / Wtd. con eff = 3.6575 / Wtd. HRF eff = 2.072 / Pop var. = 0.44881 / time = 0.73
best of generation 119 / cbal. = 94.6734 / Wtd. con eff = 3.6575 / Wtd. HRF eff = 2.072 / Pop var. = 0.37247 / time = 0.74
best of generation 120 / cbal. = 94.6734 / Wtd. con eff = 3.6575 / Wtd. HRF eff = 2.072 / Pop var. = 0.40816 / time = 0.73
best of generation 121 / cbal. = 94.6734 / Wtd. con eff = 3.6575 / Wtd. HRF eff = 2.072 / Pop var. = 0.36801 / time = 0.76
best of generation 122 / cbal. = 94.6734 / Wtd. con eff = 3.6575 / Wtd. HRF eff = 2.072 / Pop var. = 0.45049 / time = 0.75
best of generation 123 / cbal. = 94.6734 / Wtd. con eff = 3.6575 / Wtd. HRF eff = 2.072 / Pop var. = 0.40295 / time = 0.74
best of generation 124 / cbal. = 94.6734 / Wtd. con eff = 3.6575 / Wtd. HRF eff = 2.072 / Pop var. = 0.33417 / time = 0.73
best of generation 125 / cbal. = 94.6734 / Wtd. con eff = 3.6575 / Wtd. HRF eff = 2.072 / Pop var. = 0.41266 / time = 0.73
best of generation 126 / cbal. = 94.6734 / Wtd. con eff = 3.6575 / Wtd. HRF eff = 2.072 / Pop var. = 0.34548 / time = 0.75
best of generation 127 / cbal. = 94.6734 / Wtd. con eff = 3.6575 / Wtd. HRF eff = 2.072 / Pop var. = 0.40108 / time = 0.74
best of generation 128 / cbal. = 94.6734 / Wtd. con eff = 3.6575 / Wtd. HRF eff = 2.072 / Pop var. = 0.39082 / time = 0.74
best of generation 129 / cbal. = 94.6734 / Wtd. con eff = 3.6575 / Wtd. HRF eff = 2.072 / Pop var. = 0.48998 / time = 0.75
best of generation 130 / cbal. = 94.6734 / Wtd. con eff = 3.6575 / Wtd. HRF eff = 2.072 / Pop var. = 0.40981 / time = 0.74
best of generation 131 / cbal. = 94.7037 / Wtd. con eff = 3.6784 / Wtd. HRF eff = 1.5299 / Pop var. = 0.35139 / time = 0.73
best of generation 132 / cbal. = 94.6734 / Wtd. con eff = 3.6575 / Wtd. HRF eff = 2.072 / Pop var. = 0.44608 / time = 0.78
best of generation 133 / cbal. = 94.6734 / Wtd. con eff = 3.6575 / Wtd. HRF eff = 2.072 / Pop var. = 0.4178 / time = 0.73
best of generation 134 / cbal. = 94.6734 / Wtd. con eff = 3.6575 / Wtd. HRF eff = 2.072 / Pop var. = 0.33427 / time = 0.74
best of generation 135 / cbal. = 94.6734 / Wtd. con eff = 3.6575 / Wtd. HRF eff = 2.072 / Pop var. = 0.4024 / time = 0.74
best of generation 136 / cbal. = 94.6885 / Wtd. con eff = 3.6674 / Wtd. HRF eff = 2.0093 / Pop var. = 0.33501 / time = 0.74
best of generation 137 / cbal. = 94.6885 / Wtd. con eff = 3.6674 / Wtd. HRF eff = 2.0093 / Pop var. = 0.39551 / time = 0.73
best of generation 138 / cbal. = 94.6885 / Wtd. con eff = 3.6674 / Wtd. HRF eff = 2.0093 / Pop var. = 0.44166 / time = 0.74
best of generation 139 / cbal. = 94.6885 / Wtd. con eff = 3.6674 / Wtd. HRF eff = 2.0093 / Pop var. = 0.41167 / time = 0.75
best of generation 140 / cbal. = 94.6885 / Wtd. con eff = 3.6674 / Wtd. HRF eff = 2.0093 / Pop var. = 0.3559 / time = 0.78
best of generation 141 / cbal. = 94.6885 / Wtd. con eff = 3.6674 / Wtd. HRF eff = 2.0093 / Pop var. = 0.44537 / time = 0.73
best of generation 142 / cbal. = 94.6885 / Wtd. con eff = 3.6674 / Wtd. HRF eff = 2.0093 / Pop var. = 0.36414 / time = 0.74
best of generation 143 / cbal. = 94.6885 / Wtd. con eff = 3.6674 / Wtd. HRF eff = 2.0093 / Pop var. = 0.43581 / time = 0.77
best of generation 144 / cbal. = 94.6885 / Wtd. con eff = 3.6674 / Wtd. HRF eff = 2.0093 / Pop var. = 0.35468 / time = 0.76
best of generation 145 / cbal. = 94.6885 / Wtd. con eff = 3.6674 / Wtd. HRF eff = 2.0093 / Pop var. = 0.41169 / time = 0.73
best of generation 146 / cbal. = 94.6885 / Wtd. con eff = 3.6674 / Wtd. HRF eff = 2.0093 / Pop var. = 0.35519 / time = 0.73
best of generation 147 / cbal. = 94.6885 / Wtd. con eff = 3.6674 / Wtd. HRF eff = 2.0093 / Pop var. = 0.42289 / time = 0.74
best of generation 148 / cbal. = 94.6885 / Wtd. con eff = 3.6674 / Wtd. HRF eff = 2.0093 / Pop var. = 0.39089 / time = 0.76
best of generation 149 / cbal. = 94.6885 / Wtd. con eff = 3.6674 / Wtd. HRF eff = 2.0093 / Pop var. = 0.49427 / time = 0.73
best of generation 150 / cbal. = 94.6885 / Wtd. con eff = 3.6674 / Wtd. HRF eff = 2.0093 / Pop var. = 0.45437 / time = 0.73
best of generation 151 / cbal. = 94.6885 / Wtd. con eff = 3.6674 / Wtd. HRF eff = 2.0093 / Pop var. = 0.39281 / time = 0.72
best of generation 152 / cbal. = 94.6885 / Wtd. con eff = 3.6674 / Wtd. HRF eff = 2.0093 / Pop var. = 0.46494 / time = 0.74
best of generation 153 / cbal. = 94.6885 / Wtd. con eff = 3.6674 / Wtd. HRF eff = 2.0093 / Pop var. = 0.43326 / time = 0.74
best of generation 154 / cbal. = 94.6885 / Wtd. con eff = 3.6674 / Wtd. HRF eff = 2.0093 / Pop var. = 0.39453 / time = 0.78
best of generation 155 / cbal. = 94.6885 / Wtd. con eff = 3.6674 / Wtd. HRF eff = 2.0093 / Pop var. = 0.41976 / time = 0.73
best of generation 156 / cbal. = 94.6885 / Wtd. con eff = 3.6674 / Wtd. HRF eff = 2.0093 / Pop var. = 0.37556 / time = 0.73
best of generation 157 / cbal. = 94.6885 / Wtd. con eff = 3.6674 / Wtd. HRF eff = 2.0093 / Pop var. = 0.43252 / time = 0.74
best of generation 158 / cbal. = 94.6885 / Wtd. con eff = 3.6674 / Wtd. HRF eff = 2.0093 / Pop var. = 0.41719 / time = 0.73
best of generation 159 / cbal. = 94.6885 / Wtd. con eff = 3.6674 / Wtd. HRF eff = 2.0093 / Pop var. = 0.35533 / time = 0.75
best of generation 160 / cbal. = 94.6885 / Wtd. con eff = 3.6674 / Wtd. HRF eff = 2.0093 / Pop var. = 0.41986 / time = 0.73
saving workspace as GAresults.mat
M = 
     origlist: [49x1 double]
     restlist: [20x1 double]
     stimlist: [60x1 double]
           ga: [1x1 struct]
    bestLists: [60x160 uint8]
         date: '11-9-2014'
optimizeGA done: 120.51 s
