Starting Model 90
OptimizeGA
===============================
Saturation threshold = 
Setting up variables
You entered 2 conditions  (event types) that will each be modeled with a regessor. 
 Note that if you enter 0 as a condition number, those events will not be modeled
 (they are assumed to be rest/inter-stimulus interval periods)

Contrasts entered. You entered matrix of 3 contrasts, with weights across 4 conditions.
 Contrasts:
     1     1    -1    -1
     1     0    -1     0
     0     1     0    -1
 ...adding one column to contrast matrix with weights of 0, to model the intercept
You entered a contrast weight vector across 3 contrasts
 	...Using rests of length 1 and resting every 4
================== Parameters ======================
     Total stimuli in scan      : 60
     Fixed rest length in ITIs  : 1
     Fixed Rest stimuli in scan : 11
     Num blank intervals        : 9
     Num of task conds          : 2
     Num stimuli each cond      : 20  20
====================================================
	...generating lists of organisms
	...USING TRANS2BLOCK >
     freqConditions = 0.2         0.2         0.2         0.2
     conditions = 1  2  3  4
REST INTERVALS: not used (to use, freqCond should be one longer than conditions
  ...randomizing organism start state
	...restMatrix is 20 X 40
ans =
     4     4     4     4     4     4     4     4     4     4
     4     4     4     4     4     4     4     4     4     4
     4     4     4     4     4     4     4     4     4     4
     4     4     4     4     4     4     4     4     4     4
     4     4     4     4     4     4     4     4     4     4
======== Num stimuli, averaged across lists (before instruction/rest stimuli) ========
		Condition 0: 9 stimuli, 15% of total stimuli
		Condition 1: 20 stimuli, 33.3333% of total stimuli
		Condition 2: 20 stimuli, 33.3333% of total stimuli
		Condition 3: 0 stimuli, 0% of total stimuli
		Condition 4: 0 stimuli, 0% of total stimuli
======================================================================================
best of generation 1 / cbal. = 94.8179 / Wtd. con eff = 2.5834 / Wtd. HRF eff = 0.68585 / Pop var. = 0.85813 / time = 0.79
best of generation 2 / cbal. = 94.3649 / Wtd. con eff = 2.8428 / Wtd. HRF eff = 0.58629 / Pop var. = 0.83651 / time = 0.73
best of generation 3 / cbal. = 94.9889 / Wtd. con eff = 2.6257 / Wtd. HRF eff = 0.70759 / Pop var. = 0.81721 / time = 0.73
best of generation 4 / cbal. = 94.3276 / Wtd. con eff = 3.068 / Wtd. HRF eff = 0.80206 / Pop var. = 0.79663 / time = 0.72
best of generation 5 / cbal. = 94.4035 / Wtd. con eff = 3.0283 / Wtd. HRF eff = 0.75646 / Pop var. = 0.79867 / time = 0.72
best of generation 6 / cbal. = 95.1644 / Wtd. con eff = 3.2846 / Wtd. HRF eff = 0.80723 / Pop var. = 0.791 / time = 0.73
best of generation 7 / cbal. = 95.1644 / Wtd. con eff = 3.2846 / Wtd. HRF eff = 0.80723 / Pop var. = 0.7612 / time = 0.75
best of generation 8 / cbal. = 95.1224 / Wtd. con eff = 3.4033 / Wtd. HRF eff = 1.048 / Pop var. = 0.72766 / time = 0.73
best of generation 9 / cbal. = 94.7647 / Wtd. con eff = 3.3651 / Wtd. HRF eff = 0.98064 / Pop var. = 0.68699 / time = 0.73
best of generation 10 / cbal. = 95.1224 / Wtd. con eff = 3.4033 / Wtd. HRF eff = 1.048 / Pop var. = 0.64499 / time = 0.73
best of generation 11 / cbal. = 95.1224 / Wtd. con eff = 3.4033 / Wtd. HRF eff = 1.048 / Pop var. = 0.55691 / time = 0.72
best of generation 12 / cbal. = 95.2541 / Wtd. con eff = 3.4216 / Wtd. HRF eff = 0.79326 / Pop var. = 0.47601 / time = 0.74
best of generation 13 / cbal. = 95.161 / Wtd. con eff = 3.4593 / Wtd. HRF eff = 0.84206 / Pop var. = 0.35902 / time = 0.77
best of generation 14 / cbal. = 95.161 / Wtd. con eff = 3.4593 / Wtd. HRF eff = 0.84206 / Pop var. = 0.39099 / time = 0.75
best of generation 15 / cbal. = 95.1971 / Wtd. con eff = 3.5338 / Wtd. HRF eff = 0.9078 / Pop var. = 0.46284 / time = 0.74
best of generation 16 / cbal. = 95.1971 / Wtd. con eff = 3.5338 / Wtd. HRF eff = 0.9078 / Pop var. = 0.43492 / time = 0.74
best of generation 17 / cbal. = 95.1971 / Wtd. con eff = 3.5338 / Wtd. HRF eff = 0.9078 / Pop var. = 0.40342 / time = 0.73
best of generation 18 / cbal. = 95.0003 / Wtd. con eff = 3.6027 / Wtd. HRF eff = 0.86251 / Pop var. = 0.38758 / time = 0.79
best of generation 19 / cbal. = 95.0084 / Wtd. con eff = 3.5804 / Wtd. HRF eff = 1.0801 / Pop var. = 0.44573 / time = 0.73
best of generation 20 / cbal. = 95.1804 / Wtd. con eff = 3.5537 / Wtd. HRF eff = 1.1803 / Pop var. = 0.39777 / time = 0.74
best of generation 21 / cbal. = 95.1804 / Wtd. con eff = 3.5537 / Wtd. HRF eff = 1.1803 / Pop var. = 0.46912 / time = 0.73
best of generation 22 / cbal. = 95.1804 / Wtd. con eff = 3.5537 / Wtd. HRF eff = 1.1803 / Pop var. = 0.42817 / time = 0.78
best of generation 23 / cbal. = 95.1804 / Wtd. con eff = 3.5537 / Wtd. HRF eff = 1.1803 / Pop var. = 0.39244 / time = 0.77
best of generation 24 / cbal. = 95.1804 / Wtd. con eff = 3.5537 / Wtd. HRF eff = 1.1803 / Pop var. = 0.43371 / time = 0.76
best of generation 25 / cbal. = 95.1804 / Wtd. con eff = 3.5537 / Wtd. HRF eff = 1.1803 / Pop var. = 0.37094 / time = 0.73
best of generation 26 / cbal. = 95.1804 / Wtd. con eff = 3.5537 / Wtd. HRF eff = 1.1803 / Pop var. = 0.42211 / time = 0.74
best of generation 27 / cbal. = 95.1804 / Wtd. con eff = 3.5537 / Wtd. HRF eff = 1.1803 / Pop var. = 0.37928 / time = 0.73
best of generation 28 / cbal. = 95.1804 / Wtd. con eff = 3.5537 / Wtd. HRF eff = 1.1803 / Pop var. = 0.43932 / time = 0.73
best of generation 29 / cbal. = 95.1804 / Wtd. con eff = 3.5537 / Wtd. HRF eff = 1.1803 / Pop var. = 0.38059 / time = 0.75
best of generation 30 / cbal. = 95.1804 / Wtd. con eff = 3.5537 / Wtd. HRF eff = 1.1803 / Pop var. = 0.4439 / time = 0.74
best of generation 31 / cbal. = 95.0814 / Wtd. con eff = 3.5848 / Wtd. HRF eff = 1.2797 / Pop var. = 0.36364 / time = 0.73
best of generation 32 / cbal. = 95.0814 / Wtd. con eff = 3.5848 / Wtd. HRF eff = 1.2797 / Pop var. = 0.45275 / time = 0.75
best of generation 33 / cbal. = 95.0814 / Wtd. con eff = 3.5848 / Wtd. HRF eff = 1.2797 / Pop var. = 0.42728 / time = 0.73
best of generation 34 / cbal. = 95.0814 / Wtd. con eff = 3.5848 / Wtd. HRF eff = 1.2797 / Pop var. = 0.36065 / time = 0.76
best of generation 35 / cbal. = 95.0814 / Wtd. con eff = 3.5848 / Wtd. HRF eff = 1.2797 / Pop var. = 0.38717 / time = 0.79
best of generation 36 / cbal. = 95.0814 / Wtd. con eff = 3.5848 / Wtd. HRF eff = 1.2797 / Pop var. = 0.4223 / time = 0.74
best of generation 37 / cbal. = 95.0814 / Wtd. con eff = 3.5848 / Wtd. HRF eff = 1.2797 / Pop var. = 0.33386 / time = 0.74
best of generation 38 / cbal. = 95.0814 / Wtd. con eff = 3.5848 / Wtd. HRF eff = 1.2797 / Pop var. = 0.43241 / time = 0.73
best of generation 39 / cbal. = 95.0814 / Wtd. con eff = 3.5848 / Wtd. HRF eff = 1.2797 / Pop var. = 0.35022 / time = 0.74
best of generation 40 / cbal. = 95.0814 / Wtd. con eff = 3.5848 / Wtd. HRF eff = 1.2797 / Pop var. = 0.41323 / time = 0.76
best of generation 41 / cbal. = 94.8577 / Wtd. con eff = 3.6252 / Wtd. HRF eff = 1.2539 / Pop var. = 0.34819 / time = 0.73
best of generation 42 / cbal. = 94.8577 / Wtd. con eff = 3.6252 / Wtd. HRF eff = 1.2539 / Pop var. = 0.4264 / time = 0.74
best of generation 43 / cbal. = 94.8577 / Wtd. con eff = 3.6252 / Wtd. HRF eff = 1.2539 / Pop var. = 0.40262 / time = 0.75
best of generation 44 / cbal. = 94.7955 / Wtd. con eff = 3.6412 / Wtd. HRF eff = 1.5355 / Pop var. = 0.35314 / time = 0.75
best of generation 45 / cbal. = 94.7955 / Wtd. con eff = 3.6412 / Wtd. HRF eff = 1.5355 / Pop var. = 0.45333 / time = 0.78
best of generation 46 / cbal. = 94.7955 / Wtd. con eff = 3.6412 / Wtd. HRF eff = 1.5355 / Pop var. = 0.42317 / time = 0.75
best of generation 47 / cbal. = 94.6134 / Wtd. con eff = 3.6564 / Wtd. HRF eff = 1.6167 / Pop var. = 0.35734 / time = 0.74
best of generation 48 / cbal. = 94.6134 / Wtd. con eff = 3.6564 / Wtd. HRF eff = 1.6167 / Pop var. = 0.40859 / time = 0.74
best of generation 49 / cbal. = 94.6134 / Wtd. con eff = 3.6564 / Wtd. HRF eff = 1.6167 / Pop var. = 0.36674 / time = 0.74
best of generation 50 / cbal. = 94.6134 / Wtd. con eff = 3.6564 / Wtd. HRF eff = 1.6167 / Pop var. = 0.41764 / time = 0.75
best of generation 51 / cbal. = 94.6134 / Wtd. con eff = 3.6564 / Wtd. HRF eff = 1.6167 / Pop var. = 0.41993 / time = 0.79
best of generation 52 / cbal. = 94.6134 / Wtd. con eff = 3.6564 / Wtd. HRF eff = 1.6167 / Pop var. = 0.31389 / time = 0.74
best of generation 53 / cbal. = 94.6134 / Wtd. con eff = 3.6564 / Wtd. HRF eff = 1.6167 / Pop var. = 0.40468 / time = 0.74
best of generation 54 / cbal. = 94.6134 / Wtd. con eff = 3.6564 / Wtd. HRF eff = 1.6167 / Pop var. = 0.33824 / time = 0.74
best of generation 55 / cbal. = 94.6134 / Wtd. con eff = 3.6564 / Wtd. HRF eff = 1.6167 / Pop var. = 0.3967 / time = 0.74
best of generation 56 / cbal. = 94.6134 / Wtd. con eff = 3.6564 / Wtd. HRF eff = 1.6167 / Pop var. = 0.46365 / time = 0.79
best of generation 57 / cbal. = 94.6134 / Wtd. con eff = 3.6564 / Wtd. HRF eff = 1.6167 / Pop var. = 0.41326 / time = 0.74
best of generation 58 / cbal. = 94.6134 / Wtd. con eff = 3.6564 / Wtd. HRF eff = 1.6167 / Pop var. = 0.37118 / time = 0.74
best of generation 59 / cbal. = 94.6134 / Wtd. con eff = 3.6564 / Wtd. HRF eff = 1.6167 / Pop var. = 0.43986 / time = 0.74
best of generation 60 / cbal. = 94.8733 / Wtd. con eff = 3.6415 / Wtd. HRF eff = 1.3963 / Pop var. = 0.41361 / time = 0.74
best of generation 61 / cbal. = 94.8733 / Wtd. con eff = 3.6415 / Wtd. HRF eff = 1.3963 / Pop var. = 0.32729 / time = 0.73
best of generation 62 / cbal. = 94.8733 / Wtd. con eff = 3.6415 / Wtd. HRF eff = 1.3963 / Pop var. = 0.42757 / time = 0.78
best of generation 63 / cbal. = 94.8733 / Wtd. con eff = 3.6415 / Wtd. HRF eff = 1.3963 / Pop var. = 0.36753 / time = 0.74
best of generation 64 / cbal. = 94.8733 / Wtd. con eff = 3.6415 / Wtd. HRF eff = 1.3963 / Pop var. = 0.44465 / time = 0.74
best of generation 65 / cbal. = 94.8733 / Wtd. con eff = 3.6415 / Wtd. HRF eff = 1.3963 / Pop var. = 0.40804 / time = 0.74
best of generation 66 / cbal. = 94.8733 / Wtd. con eff = 3.6415 / Wtd. HRF eff = 1.3963 / Pop var. = 0.37998 / time = 0.74
best of generation 67 / cbal. = 94.8733 / Wtd. con eff = 3.6415 / Wtd. HRF eff = 1.3963 / Pop var. = 0.43863 / time = 0.77
best of generation 68 / cbal. = 94.8733 / Wtd. con eff = 3.6415 / Wtd. HRF eff = 1.3963 / Pop var. = 0.39772 / time = 0.74
best of generation 69 / cbal. = 94.8733 / Wtd. con eff = 3.6415 / Wtd. HRF eff = 1.3963 / Pop var. = 0.42082 / time = 0.74
best of generation 70 / cbal. = 94.8733 / Wtd. con eff = 3.6415 / Wtd. HRF eff = 1.3963 / Pop var. = 0.36962 / time = 0.73
best of generation 71 / cbal. = 94.8733 / Wtd. con eff = 3.6415 / Wtd. HRF eff = 1.3963 / Pop var. = 0.43981 / time = 0.74
best of generation 72 / cbal. = 94.8733 / Wtd. con eff = 3.6415 / Wtd. HRF eff = 1.3963 / Pop var. = 0.38061 / time = 0.74
best of generation 73 / cbal. = 94.8733 / Wtd. con eff = 3.6415 / Wtd. HRF eff = 1.3963 / Pop var. = 0.45522 / time = 0.79
best of generation 74 / cbal. = 94.8733 / Wtd. con eff = 3.6415 / Wtd. HRF eff = 1.3963 / Pop var. = 0.39032 / time = 0.75
best of generation 75 / cbal. = 94.8733 / Wtd. con eff = 3.6415 / Wtd. HRF eff = 1.3963 / Pop var. = 0.43274 / time = 0.74
best of generation 76 / cbal. = 94.8733 / Wtd. con eff = 3.6415 / Wtd. HRF eff = 1.3963 / Pop var. = 0.39216 / time = 0.74
best of generation 77 / cbal. = 95.0488 / Wtd. con eff = 3.5918 / Wtd. HRF eff = 1.4839 / Pop var. = 0.43119 / time = 0.74
best of generation 78 / cbal. = 95.0488 / Wtd. con eff = 3.5918 / Wtd. HRF eff = 1.4839 / Pop var. = 0.36055 / time = 0.78
best of generation 79 / cbal. = 95.0488 / Wtd. con eff = 3.5918 / Wtd. HRF eff = 1.4839 / Pop var. = 0.47158 / time = 0.74
best of generation 80 / cbal. = 95.0488 / Wtd. con eff = 3.5918 / Wtd. HRF eff = 1.4839 / Pop var. = 0.45975 / time = 0.76
best of generation 81 / cbal. = 95.0488 / Wtd. con eff = 3.5918 / Wtd. HRF eff = 1.4839 / Pop var. = 0.41367 / time = 0.74
best of generation 82 / cbal. = 95.0488 / Wtd. con eff = 3.5918 / Wtd. HRF eff = 1.4839 / Pop var. = 0.33942 / time = 0.74
best of generation 83 / cbal. = 95.0488 / Wtd. con eff = 3.5918 / Wtd. HRF eff = 1.4839 / Pop var. = 0.42397 / time = 0.75
best of generation 84 / cbal. = 95.0488 / Wtd. con eff = 3.5918 / Wtd. HRF eff = 1.4839 / Pop var. = 0.40625 / time = 0.78
best of generation 85 / cbal. = 95.0488 / Wtd. con eff = 3.5918 / Wtd. HRF eff = 1.4839 / Pop var. = 0.40421 / time = 0.73
best of generation 86 / cbal. = 95.0488 / Wtd. con eff = 3.5918 / Wtd. HRF eff = 1.4839 / Pop var. = 0.38013 / time = 0.74
best of generation 87 / cbal. = 95.0488 / Wtd. con eff = 3.5918 / Wtd. HRF eff = 1.4839 / Pop var. = 0.45602 / time = 0.74
best of generation 88 / cbal. = 95.0488 / Wtd. con eff = 3.5918 / Wtd. HRF eff = 1.4839 / Pop var. = 0.43327 / time = 0.74
best of generation 89 / cbal. = 95.0488 / Wtd. con eff = 3.5918 / Wtd. HRF eff = 1.4839 / Pop var. = 0.40771 / time = 0.78
best of generation 90 / cbal. = 95.0488 / Wtd. con eff = 3.5918 / Wtd. HRF eff = 1.4839 / Pop var. = 0.32919 / time = 0.73
best of generation 91 / cbal. = 95.0488 / Wtd. con eff = 3.5918 / Wtd. HRF eff = 1.4839 / Pop var. = 0.41615 / time = 0.73
best of generation 92 / cbal. = 95.0488 / Wtd. con eff = 3.5918 / Wtd. HRF eff = 1.4839 / Pop var. = 0.39866 / time = 0.74
best of generation 93 / cbal. = 95.0488 / Wtd. con eff = 3.5918 / Wtd. HRF eff = 1.4839 / Pop var. = 0.44446 / time = 0.75
best of generation 94 / cbal. = 94.9048 / Wtd. con eff = 3.5947 / Wtd. HRF eff = 1.8078 / Pop var. = 0.42983 / time = 0.76
best of generation 95 / cbal. = 94.9048 / Wtd. con eff = 3.5947 / Wtd. HRF eff = 1.8078 / Pop var. = 0.43132 / time = 0.79
best of generation 96 / cbal. = 94.9048 / Wtd. con eff = 3.5947 / Wtd. HRF eff = 1.8078 / Pop var. = 0.3893 / time = 0.74
best of generation 97 / cbal. = 94.9048 / Wtd. con eff = 3.5947 / Wtd. HRF eff = 1.8078 / Pop var. = 0.44592 / time = 0.75
best of generation 98 / cbal. = 94.6885 / Wtd. con eff = 3.6552 / Wtd. HRF eff = 1.3651 / Pop var. = 0.38393 / time = 0.75
best of generation 99 / cbal. = 94.6885 / Wtd. con eff = 3.6552 / Wtd. HRF eff = 1.3651 / Pop var. = 0.44457 / time = 0.76
best of generation 100 / cbal. = 94.6885 / Wtd. con eff = 3.6552 / Wtd. HRF eff = 1.3651 / Pop var. = 0.40774 / time = 0.76
best of generation 101 / cbal. = 94.6885 / Wtd. con eff = 3.6552 / Wtd. HRF eff = 1.3651 / Pop var. = 0.36027 / time = 0.73
best of generation 102 / cbal. = 94.6885 / Wtd. con eff = 3.6552 / Wtd. HRF eff = 1.3651 / Pop var. = 0.42027 / time = 0.74
best of generation 103 / cbal. = 94.6885 / Wtd. con eff = 3.6552 / Wtd. HRF eff = 1.3651 / Pop var. = 0.42035 / time = 0.74
best of generation 104 / cbal. = 94.6885 / Wtd. con eff = 3.6552 / Wtd. HRF eff = 1.3651 / Pop var. = 0.36645 / time = 0.75
best of generation 105 / cbal. = 94.7955 / Wtd. con eff = 3.6128 / Wtd. HRF eff = 1.4326 / Pop var. = 0.44227 / time = 0.77
best of generation 106 / cbal. = 94.7955 / Wtd. con eff = 3.6128 / Wtd. HRF eff = 1.4326 / Pop var. = 0.37218 / time = 0.75
best of generation 107 / cbal. = 94.7955 / Wtd. con eff = 3.6128 / Wtd. HRF eff = 1.4326 / Pop var. = 0.45909 / time = 0.74
best of generation 108 / cbal. = 95.0164 / Wtd. con eff = 3.5998 / Wtd. HRF eff = 1.247 / Pop var. = 0.39874 / time = 0.75
best of generation 109 / cbal. = 95.0977 / Wtd. con eff = 3.5724 / Wtd. HRF eff = 1.4852 / Pop var. = 0.46115 / time = 0.74
best of generation 110 / cbal. = 95.0977 / Wtd. con eff = 3.5724 / Wtd. HRF eff = 1.4852 / Pop var. = 0.41297 / time = 0.75
best of generation 111 / cbal. = 94.811 / Wtd. con eff = 3.633 / Wtd. HRF eff = 1.8523 / Pop var. = 0.38071 / time = 0.78
best of generation 112 / cbal. = 94.811 / Wtd. con eff = 3.633 / Wtd. HRF eff = 1.8523 / Pop var. = 0.45986 / time = 0.75
best of generation 113 / cbal. = 94.811 / Wtd. con eff = 3.633 / Wtd. HRF eff = 1.8523 / Pop var. = 0.4123 / time = 0.74
best of generation 114 / cbal. = 94.811 / Wtd. con eff = 3.633 / Wtd. HRF eff = 1.8523 / Pop var. = 0.36682 / time = 0.73
best of generation 115 / cbal. = 94.811 / Wtd. con eff = 3.633 / Wtd. HRF eff = 1.8523 / Pop var. = 0.40848 / time = 0.75
best of generation 116 / cbal. = 94.811 / Wtd. con eff = 3.633 / Wtd. HRF eff = 1.8523 / Pop var. = 0.38385 / time = 0.76
best of generation 117 / cbal. = 94.811 / Wtd. con eff = 3.633 / Wtd. HRF eff = 1.8523 / Pop var. = 0.48188 / time = 0.74
best of generation 118 / cbal. = 94.811 / Wtd. con eff = 3.633 / Wtd. HRF eff = 1.8523 / Pop var. = 0.40919 / time = 0.73
best of generation 119 / cbal. = 94.811 / Wtd. con eff = 3.633 / Wtd. HRF eff = 1.8523 / Pop var. = 0.34113 / time = 0.75
best of generation 120 / cbal. = 94.811 / Wtd. con eff = 3.633 / Wtd. HRF eff = 1.8523 / Pop var. = 0.39985 / time = 0.73
best of generation 121 / cbal. = 94.811 / Wtd. con eff = 3.633 / Wtd. HRF eff = 1.8523 / Pop var. = 0.45504 / time = 0.73
best of generation 122 / cbal. = 94.811 / Wtd. con eff = 3.633 / Wtd. HRF eff = 1.8523 / Pop var. = 0.39372 / time = 0.8
best of generation 123 / cbal. = 94.811 / Wtd. con eff = 3.633 / Wtd. HRF eff = 1.8523 / Pop var. = 0.4661 / time = 0.74
best of generation 124 / cbal. = 94.811 / Wtd. con eff = 3.633 / Wtd. HRF eff = 1.8523 / Pop var. = 0.41341 / time = 0.75
best of generation 125 / cbal. = 94.9048 / Wtd. con eff = 3.6274 / Wtd. HRF eff = 1.9373 / Pop var. = 0.39471 / time = 0.74
best of generation 126 / cbal. = 94.9048 / Wtd. con eff = 3.6274 / Wtd. HRF eff = 1.9373 / Pop var. = 0.45147 / time = 0.74
best of generation 127 / cbal. = 94.9048 / Wtd. con eff = 3.6274 / Wtd. HRF eff = 1.9373 / Pop var. = 0.3916 / time = 0.75
best of generation 128 / cbal. = 94.9048 / Wtd. con eff = 3.6274 / Wtd. HRF eff = 1.9373 / Pop var. = 0.47353 / time = 0.74
best of generation 129 / cbal. = 94.9048 / Wtd. con eff = 3.6274 / Wtd. HRF eff = 1.9373 / Pop var. = 0.41205 / time = 0.75
best of generation 130 / cbal. = 94.9048 / Wtd. con eff = 3.6274 / Wtd. HRF eff = 1.9373 / Pop var. = 0.33648 / time = 0.73
best of generation 131 / cbal. = 94.9048 / Wtd. con eff = 3.6274 / Wtd. HRF eff = 1.9373 / Pop var. = 0.39369 / time = 0.73
best of generation 132 / cbal. = 94.9048 / Wtd. con eff = 3.6274 / Wtd. HRF eff = 1.9373 / Pop var. = 0.4917 / time = 0.74
best of generation 133 / cbal. = 94.9048 / Wtd. con eff = 3.6274 / Wtd. HRF eff = 1.9373 / Pop var. = 0.46008 / time = 0.8
best of generation 134 / cbal. = 94.9048 / Wtd. con eff = 3.6274 / Wtd. HRF eff = 1.9373 / Pop var. = 0.40774 / time = 0.73
best of generation 135 / cbal. = 94.9048 / Wtd. con eff = 3.6274 / Wtd. HRF eff = 1.9373 / Pop var. = 0.37962 / time = 0.74
best of generation 136 / cbal. = 94.9048 / Wtd. con eff = 3.6274 / Wtd. HRF eff = 1.9373 / Pop var. = 0.40253 / time = 0.74
best of generation 137 / cbal. = 94.9048 / Wtd. con eff = 3.6274 / Wtd. HRF eff = 1.9373 / Pop var. = 0.347 / time = 0.74
best of generation 138 / cbal. = 94.9048 / Wtd. con eff = 3.6274 / Wtd. HRF eff = 1.9373 / Pop var. = 0.44485 / time = 0.76
best of generation 139 / cbal. = 94.9048 / Wtd. con eff = 3.6274 / Wtd. HRF eff = 1.9373 / Pop var. = 0.35931 / time = 0.75
best of generation 140 / cbal. = 94.9048 / Wtd. con eff = 3.6274 / Wtd. HRF eff = 1.9373 / Pop var. = 0.43159 / time = 0.73
best of generation 141 / cbal. = 94.9048 / Wtd. con eff = 3.6274 / Wtd. HRF eff = 1.9373 / Pop var. = 0.35512 / time = 0.73
best of generation 142 / cbal. = 94.9048 / Wtd. con eff = 3.6274 / Wtd. HRF eff = 1.9373 / Pop var. = 0.3914 / time = 0.74
best of generation 143 / cbal. = 94.9048 / Wtd. con eff = 3.6274 / Wtd. HRF eff = 1.9373 / Pop var. = 0.4831 / time = 0.75
best of generation 144 / cbal. = 94.9048 / Wtd. con eff = 3.6274 / Wtd. HRF eff = 1.9373 / Pop var. = 0.44074 / time = 0.77
best of generation 145 / cbal. = 94.9048 / Wtd. con eff = 3.6274 / Wtd. HRF eff = 1.9373 / Pop var. = 0.40505 / time = 0.74
best of generation 146 / cbal. = 94.9048 / Wtd. con eff = 3.6274 / Wtd. HRF eff = 1.9373 / Pop var. = 0.35928 / time = 0.75
best of generation 147 / cbal. = 94.9048 / Wtd. con eff = 3.6274 / Wtd. HRF eff = 1.9373 / Pop var. = 0.39899 / time = 0.74
best of generation 148 / cbal. = 94.9048 / Wtd. con eff = 3.6274 / Wtd. HRF eff = 1.9373 / Pop var. = 0.47936 / time = 0.74
best of generation 149 / cbal. = 94.9048 / Wtd. con eff = 3.6493 / Wtd. HRF eff = 1.8198 / Pop var. = 0.44853 / time = 0.76
best of generation 150 / cbal. = 94.9048 / Wtd. con eff = 3.6493 / Wtd. HRF eff = 1.8198 / Pop var. = 0.46331 / time = 0.74
best of generation 151 / cbal. = 94.9048 / Wtd. con eff = 3.6493 / Wtd. HRF eff = 1.8198 / Pop var. = 0.43176 / time = 0.75
best of generation 152 / cbal. = 94.9048 / Wtd. con eff = 3.6493 / Wtd. HRF eff = 1.8198 / Pop var. = 0.32528 / time = 0.74
best of generation 153 / cbal. = 94.9048 / Wtd. con eff = 3.6493 / Wtd. HRF eff = 1.8198 / Pop var. = 0.38341 / time = 0.74
best of generation 154 / cbal. = 94.5688 / Wtd. con eff = 3.6581 / Wtd. HRF eff = 4.33 / Pop var. = 0.4721 / time = 0.77
best of generation 155 / cbal. = 94.5688 / Wtd. con eff = 3.6581 / Wtd. HRF eff = 4.33 / Pop var. = 0.3754 / time = 0.78
best of generation 156 / cbal. = 94.5688 / Wtd. con eff = 3.6581 / Wtd. HRF eff = 4.33 / Pop var. = 0.43581 / time = 0.75
best of generation 157 / cbal. = 95.1804 / Wtd. con eff = 3.6156 / Wtd. HRF eff = 1.1379 / Pop var. = 0.39503 / time = 0.75
best of generation 158 / cbal. = 95.1804 / Wtd. con eff = 3.6156 / Wtd. HRF eff = 1.1379 / Pop var. = 0.45696 / time = 0.74
saving workspace as GAresults.mat
M = 
     origlist: [49x1 double]
     restlist: [20x1 double]
     stimlist: [60x1 double]
           ga: [1x1 struct]
    bestLists: [60x158 uint8]
         date: '11-9-2014'
optimizeGA done: 120.39 s
