Starting Model 56
OptimizeGA
===============================
Saturation threshold = 
Setting up variables
You entered 2 conditions  (event types) that will each be modeled with a regessor. 
 Note that if you enter 0 as a condition number, those events will not be modeled
 (they are assumed to be rest/inter-stimulus interval periods)

Contrasts entered. You entered matrix of 3 contrasts, with weights across 4 conditions.
 Contrasts:
     1     1    -1    -1
     1     0    -1     0
     0     1     0    -1
 ...adding one column to contrast matrix with weights of 0, to model the intercept
You entered a contrast weight vector across 3 contrasts
 	...Using rests of length 1 and resting every 4
================== Parameters ======================
     Total stimuli in scan      : 60
     Fixed rest length in ITIs  : 1
     Fixed Rest stimuli in scan : 11
     Num blank intervals        : 9
     Num of task conds          : 2
     Num stimuli each cond      : 20  20
====================================================
	...generating lists of organisms
	...USING TRANS2BLOCK >
     freqConditions = 0.2         0.2         0.2         0.2
     conditions = 1  2  3  4
REST INTERVALS: not used (to use, freqCond should be one longer than conditions
  ...randomizing organism start state
	...restMatrix is 20 X 40
ans =
     4     4     4     4     4     4     4     4     4     4
     4     4     4     4     4     4     4     4     4     4
     4     4     4     4     4     4     4     4     4     4
     4     4     4     4     4     4     4     4     4     4
     4     4     4     4     4     4     4     4     4     4
======== Num stimuli, averaged across lists (before instruction/rest stimuli) ========
		Condition 0: 9 stimuli, 15% of total stimuli
		Condition 1: 20 stimuli, 33.3333% of total stimuli
		Condition 2: 20 stimuli, 33.3333% of total stimuli
		Condition 3: 0 stimuli, 0% of total stimuli
		Condition 4: 0 stimuli, 0% of total stimuli
======================================================================================
best of generation 1 / cbal. = 94.6595 / Wtd. con eff = 2.6253 / Wtd. HRF eff = 0.6652 / Pop var. = 0.86084 / time = 0.74
best of generation 2 / cbal. = 94.8061 / Wtd. con eff = 3.021 / Wtd. HRF eff = 0.59248 / Pop var. = 0.84506 / time = 0.76
best of generation 3 / cbal. = 94.8061 / Wtd. con eff = 3.021 / Wtd. HRF eff = 0.59248 / Pop var. = 0.81445 / time = 0.71
best of generation 4 / cbal. = 94.8061 / Wtd. con eff = 3.021 / Wtd. HRF eff = 0.59248 / Pop var. = 0.80271 / time = 0.73
best of generation 5 / cbal. = 94.8061 / Wtd. con eff = 3.021 / Wtd. HRF eff = 0.59248 / Pop var. = 0.79643 / time = 0.72
best of generation 6 / cbal. = 95.0455 / Wtd. con eff = 3.0862 / Wtd. HRF eff = 0.64208 / Pop var. = 0.75124 / time = 0.72
best of generation 7 / cbal. = 94.4823 / Wtd. con eff = 3.0401 / Wtd. HRF eff = 0.69105 / Pop var. = 0.728 / time = 0.7
best of generation 8 / cbal. = 95.2652 / Wtd. con eff = 3.1354 / Wtd. HRF eff = 0.58574 / Pop var. = 0.72508 / time = 0.73
best of generation 9 / cbal. = 94.5821 / Wtd. con eff = 3.2162 / Wtd. HRF eff = 0.66736 / Pop var. = 0.69118 / time = 0.71
best of generation 10 / cbal. = 94.7834 / Wtd. con eff = 3.2971 / Wtd. HRF eff = 0.89421 / Pop var. = 0.66761 / time = 0.71
best of generation 11 / cbal. = 95.1059 / Wtd. con eff = 3.4737 / Wtd. HRF eff = 0.94735 / Pop var. = 0.63527 / time = 0.73
best of generation 12 / cbal. = 95.1059 / Wtd. con eff = 3.4737 / Wtd. HRF eff = 0.94735 / Pop var. = 0.65356 / time = 0.72
best of generation 13 / cbal. = 95.1059 / Wtd. con eff = 3.4737 / Wtd. HRF eff = 0.94735 / Pop var. = 0.60457 / time = 0.76
best of generation 14 / cbal. = 95.1059 / Wtd. con eff = 3.4737 / Wtd. HRF eff = 0.94735 / Pop var. = 0.5938 / time = 0.73
best of generation 15 / cbal. = 95.0084 / Wtd. con eff = 3.413 / Wtd. HRF eff = 1.0732 / Pop var. = 0.54154 / time = 0.73
best of generation 16 / cbal. = 95.0732 / Wtd. con eff = 3.5357 / Wtd. HRF eff = 0.8751 / Pop var. = 0.51841 / time = 0.74
best of generation 17 / cbal. = 95.2307 / Wtd. con eff = 3.4272 / Wtd. HRF eff = 0.77898 / Pop var. = 0.47879 / time = 0.74
best of generation 18 / cbal. = 95.2307 / Wtd. con eff = 3.4272 / Wtd. HRF eff = 0.77898 / Pop var. = 0.46919 / time = 0.73
best of generation 19 / cbal. = 94.5173 / Wtd. con eff = 3.6001 / Wtd. HRF eff = 1.0243 / Pop var. = 0.49074 / time = 0.78
best of generation 20 / cbal. = 95.0084 / Wtd. con eff = 3.525 / Wtd. HRF eff = 0.94948 / Pop var. = 0.49227 / time = 0.74
best of generation 21 / cbal. = 95.0084 / Wtd. con eff = 3.525 / Wtd. HRF eff = 0.94948 / Pop var. = 0.45216 / time = 0.74
best of generation 22 / cbal. = 95.0084 / Wtd. con eff = 3.525 / Wtd. HRF eff = 0.94948 / Pop var. = 0.41909 / time = 0.73
best of generation 23 / cbal. = 95.0084 / Wtd. con eff = 3.525 / Wtd. HRF eff = 0.94948 / Pop var. = 0.35387 / time = 0.74
best of generation 24 / cbal. = 95.0977 / Wtd. con eff = 3.5763 / Wtd. HRF eff = 0.88972 / Pop var. = 0.42347 / time = 0.76
best of generation 25 / cbal. = 95.0977 / Wtd. con eff = 3.5763 / Wtd. HRF eff = 0.88972 / Pop var. = 0.38019 / time = 0.74
best of generation 26 / cbal. = 95.0977 / Wtd. con eff = 3.5763 / Wtd. HRF eff = 0.88972 / Pop var. = 0.4644 / time = 0.74
best of generation 27 / cbal. = 95.3329 / Wtd. con eff = 3.4804 / Wtd. HRF eff = 1.1006 / Pop var. = 0.45509 / time = 0.73
best of generation 28 / cbal. = 95.3329 / Wtd. con eff = 3.4804 / Wtd. HRF eff = 1.1006 / Pop var. = 0.39764 / time = 0.74
best of generation 29 / cbal. = 95.3329 / Wtd. con eff = 3.4804 / Wtd. HRF eff = 1.1006 / Pop var. = 0.49968 / time = 0.73
best of generation 30 / cbal. = 95.1804 / Wtd. con eff = 3.5512 / Wtd. HRF eff = 0.93057 / Pop var. = 0.48642 / time = 0.76
best of generation 31 / cbal. = 95.0326 / Wtd. con eff = 3.5853 / Wtd. HRF eff = 0.96866 / Pop var. = 0.49981 / time = 0.73
best of generation 32 / cbal. = 95.0326 / Wtd. con eff = 3.5853 / Wtd. HRF eff = 0.96866 / Pop var. = 0.49487 / time = 0.74
best of generation 33 / cbal. = 95.0326 / Wtd. con eff = 3.5853 / Wtd. HRF eff = 0.96866 / Pop var. = 0.43296 / time = 0.73
best of generation 34 / cbal. = 95.0326 / Wtd. con eff = 3.5853 / Wtd. HRF eff = 0.96866 / Pop var. = 0.33531 / time = 0.73
best of generation 35 / cbal. = 95.0326 / Wtd. con eff = 3.5853 / Wtd. HRF eff = 0.96866 / Pop var. = 0.43624 / time = 0.76
best of generation 36 / cbal. = 95.0326 / Wtd. con eff = 3.5853 / Wtd. HRF eff = 0.96866 / Pop var. = 0.39655 / time = 0.74
best of generation 37 / cbal. = 95.0084 / Wtd. con eff = 3.6021 / Wtd. HRF eff = 0.95771 / Pop var. = 0.48653 / time = 0.73
best of generation 38 / cbal. = 95.0084 / Wtd. con eff = 3.6021 / Wtd. HRF eff = 0.95771 / Pop var. = 0.47056 / time = 0.74
best of generation 39 / cbal. = 95.0084 / Wtd. con eff = 3.6021 / Wtd. HRF eff = 0.95771 / Pop var. = 0.38488 / time = 0.73
best of generation 40 / cbal. = 95.0732 / Wtd. con eff = 3.5826 / Wtd. HRF eff = 1.1029 / Pop var. = 0.43873 / time = 0.74
best of generation 41 / cbal. = 94.8969 / Wtd. con eff = 3.6353 / Wtd. HRF eff = 0.86729 / Pop var. = 0.41399 / time = 0.76
best of generation 42 / cbal. = 94.3299 / Wtd. con eff = 3.6774 / Wtd. HRF eff = 1.2562 / Pop var. = 0.39955 / time = 0.74
best of generation 43 / cbal. = 94.3299 / Wtd. con eff = 3.6774 / Wtd. HRF eff = 1.2562 / Pop var. = 0.4558 / time = 0.74
best of generation 44 / cbal. = 94.3299 / Wtd. con eff = 3.6774 / Wtd. HRF eff = 1.2562 / Pop var. = 0.40215 / time = 0.74
best of generation 45 / cbal. = 94.3299 / Wtd. con eff = 3.6774 / Wtd. HRF eff = 1.2562 / Pop var. = 0.35528 / time = 0.74
best of generation 46 / cbal. = 94.3299 / Wtd. con eff = 3.6774 / Wtd. HRF eff = 1.2562 / Pop var. = 0.47328 / time = 0.75
best of generation 47 / cbal. = 94.3299 / Wtd. con eff = 3.6774 / Wtd. HRF eff = 1.2562 / Pop var. = 0.41612 / time = 0.74
best of generation 48 / cbal. = 94.9127 / Wtd. con eff = 3.618 / Wtd. HRF eff = 1.2093 / Pop var. = 0.37834 / time = 0.74
best of generation 49 / cbal. = 94.9127 / Wtd. con eff = 3.618 / Wtd. HRF eff = 1.2093 / Pop var. = 0.48665 / time = 0.73
best of generation 50 / cbal. = 94.9127 / Wtd. con eff = 3.618 / Wtd. HRF eff = 1.2093 / Pop var. = 0.42048 / time = 0.74
best of generation 51 / cbal. = 94.3299 / Wtd. con eff = 3.6774 / Wtd. HRF eff = 1.2562 / Pop var. = 0.38369 / time = 0.75
best of generation 52 / cbal. = 94.3299 / Wtd. con eff = 3.6774 / Wtd. HRF eff = 1.2562 / Pop var. = 0.46517 / time = 0.75
best of generation 53 / cbal. = 94.5026 / Wtd. con eff = 3.6382 / Wtd. HRF eff = 1.5008 / Pop var. = 0.4128 / time = 0.74
best of generation 54 / cbal. = 94.3299 / Wtd. con eff = 3.6774 / Wtd. HRF eff = 1.2562 / Pop var. = 0.35782 / time = 0.74
best of generation 55 / cbal. = 94.9206 / Wtd. con eff = 3.6157 / Wtd. HRF eff = 1.0971 / Pop var. = 0.45042 / time = 0.74
best of generation 56 / cbal. = 94.9206 / Wtd. con eff = 3.6157 / Wtd. HRF eff = 1.0971 / Pop var. = 0.40798 / time = 0.74
best of generation 57 / cbal. = 94.8812 / Wtd. con eff = 3.6393 / Wtd. HRF eff = 1.1545 / Pop var. = 0.40756 / time = 0.75
best of generation 58 / cbal. = 94.8812 / Wtd. con eff = 3.6393 / Wtd. HRF eff = 1.1545 / Pop var. = 0.37602 / time = 0.74
best of generation 59 / cbal. = 94.8812 / Wtd. con eff = 3.6393 / Wtd. HRF eff = 1.1545 / Pop var. = 0.45667 / time = 0.74
best of generation 60 / cbal. = 94.8812 / Wtd. con eff = 3.6393 / Wtd. HRF eff = 1.1545 / Pop var. = 0.45164 / time = 0.73
best of generation 61 / cbal. = 94.8812 / Wtd. con eff = 3.6393 / Wtd. HRF eff = 1.1545 / Pop var. = 0.4231 / time = 0.73
best of generation 62 / cbal. = 94.2176 / Wtd. con eff = 3.6639 / Wtd. HRF eff = 1.8876 / Pop var. = 0.41238 / time = 0.75
best of generation 63 / cbal. = 94.2176 / Wtd. con eff = 3.6639 / Wtd. HRF eff = 1.8876 / Pop var. = 0.36004 / time = 0.77
best of generation 64 / cbal. = 94.4953 / Wtd. con eff = 3.6395 / Wtd. HRF eff = 1.7726 / Pop var. = 0.45856 / time = 0.74
best of generation 65 / cbal. = 94.2176 / Wtd. con eff = 3.6639 / Wtd. HRF eff = 1.8876 / Pop var. = 0.39525 / time = 0.74
best of generation 66 / cbal. = 94.2176 / Wtd. con eff = 3.6639 / Wtd. HRF eff = 1.8876 / Pop var. = 0.46082 / time = 0.75
best of generation 67 / cbal. = 94.5762 / Wtd. con eff = 3.6481 / Wtd. HRF eff = 1.8824 / Pop var. = 0.42028 / time = 0.74
best of generation 68 / cbal. = 94.6134 / Wtd. con eff = 3.6699 / Wtd. HRF eff = 1.6304 / Pop var. = 0.4072 / time = 0.76
best of generation 69 / cbal. = 94.6134 / Wtd. con eff = 3.6699 / Wtd. HRF eff = 1.6304 / Pop var. = 0.36576 / time = 0.73
best of generation 70 / cbal. = 94.6134 / Wtd. con eff = 3.6699 / Wtd. HRF eff = 1.6304 / Pop var. = 0.44818 / time = 0.74
best of generation 71 / cbal. = 94.6134 / Wtd. con eff = 3.6699 / Wtd. HRF eff = 1.6304 / Pop var. = 0.44278 / time = 0.73
best of generation 72 / cbal. = 94.6134 / Wtd. con eff = 3.6699 / Wtd. HRF eff = 1.6304 / Pop var. = 0.41171 / time = 0.75
best of generation 73 / cbal. = 94.6134 / Wtd. con eff = 3.6699 / Wtd. HRF eff = 1.6304 / Pop var. = 0.37701 / time = 0.75
best of generation 74 / cbal. = 94.4735 / Wtd. con eff = 3.6904 / Wtd. HRF eff = 1.6877 / Pop var. = 0.4424 / time = 0.74
best of generation 75 / cbal. = 94.4735 / Wtd. con eff = 3.6904 / Wtd. HRF eff = 1.6877 / Pop var. = 0.39718 / time = 0.73
best of generation 76 / cbal. = 94.4735 / Wtd. con eff = 3.6904 / Wtd. HRF eff = 1.6877 / Pop var. = 0.50618 / time = 0.73
best of generation 77 / cbal. = 94.4735 / Wtd. con eff = 3.6904 / Wtd. HRF eff = 1.6877 / Pop var. = 0.4599 / time = 0.74
best of generation 78 / cbal. = 94.4735 / Wtd. con eff = 3.6904 / Wtd. HRF eff = 1.6877 / Pop var. = 0.41992 / time = 0.74
best of generation 79 / cbal. = 94.4735 / Wtd. con eff = 3.6904 / Wtd. HRF eff = 1.6877 / Pop var. = 0.33259 / time = 0.75
best of generation 80 / cbal. = 94.4735 / Wtd. con eff = 3.6904 / Wtd. HRF eff = 1.6877 / Pop var. = 0.42682 / time = 0.74
best of generation 81 / cbal. = 94.4735 / Wtd. con eff = 3.6904 / Wtd. HRF eff = 1.6877 / Pop var. = 0.41657 / time = 0.72
best of generation 82 / cbal. = 94.4735 / Wtd. con eff = 3.6904 / Wtd. HRF eff = 1.6877 / Pop var. = 0.3568 / time = 0.74
best of generation 83 / cbal. = 94.4735 / Wtd. con eff = 3.6904 / Wtd. HRF eff = 1.6877 / Pop var. = 0.41991 / time = 0.73
best of generation 84 / cbal. = 94.7037 / Wtd. con eff = 3.6577 / Wtd. HRF eff = 2.0272 / Pop var. = 0.31098 / time = 0.76
best of generation 85 / cbal. = 94.7037 / Wtd. con eff = 3.6577 / Wtd. HRF eff = 2.0272 / Pop var. = 0.35806 / time = 0.75
best of generation 86 / cbal. = 94.7037 / Wtd. con eff = 3.6577 / Wtd. HRF eff = 2.0272 / Pop var. = 0.43106 / time = 0.73
best of generation 87 / cbal. = 94.7037 / Wtd. con eff = 3.6577 / Wtd. HRF eff = 2.0272 / Pop var. = 0.393 / time = 0.73
best of generation 88 / cbal. = 94.7037 / Wtd. con eff = 3.6577 / Wtd. HRF eff = 2.0272 / Pop var. = 0.47881 / time = 0.74
best of generation 89 / cbal. = 94.7037 / Wtd. con eff = 3.6577 / Wtd. HRF eff = 2.0272 / Pop var. = 0.42 / time = 0.74
best of generation 90 / cbal. = 94.7037 / Wtd. con eff = 3.6577 / Wtd. HRF eff = 2.0272 / Pop var. = 0.37363 / time = 0.76
best of generation 91 / cbal. = 94.7037 / Wtd. con eff = 3.6577 / Wtd. HRF eff = 2.0272 / Pop var. = 0.44413 / time = 0.73
best of generation 92 / cbal. = 94.7037 / Wtd. con eff = 3.6577 / Wtd. HRF eff = 2.0272 / Pop var. = 0.40993 / time = 0.74
best of generation 93 / cbal. = 94.5319 / Wtd. con eff = 3.6751 / Wtd. HRF eff = 2.0516 / Pop var. = 0.39026 / time = 0.75
best of generation 94 / cbal. = 94.5319 / Wtd. con eff = 3.6751 / Wtd. HRF eff = 2.0516 / Pop var. = 0.46328 / time = 0.73
best of generation 95 / cbal. = 94.5319 / Wtd. con eff = 3.6751 / Wtd. HRF eff = 2.0516 / Pop var. = 0.40242 / time = 0.74
best of generation 96 / cbal. = 94.5319 / Wtd. con eff = 3.6751 / Wtd. HRF eff = 2.0516 / Pop var. = 0.3704 / time = 0.76
best of generation 97 / cbal. = 94.5319 / Wtd. con eff = 3.6751 / Wtd. HRF eff = 2.0516 / Pop var. = 0.45301 / time = 0.72
best of generation 98 / cbal. = 94.5319 / Wtd. con eff = 3.6751 / Wtd. HRF eff = 2.0516 / Pop var. = 0.41234 / time = 0.73
best of generation 99 / cbal. = 94.5319 / Wtd. con eff = 3.6751 / Wtd. HRF eff = 2.0516 / Pop var. = 0.37451 / time = 0.73
best of generation 100 / cbal. = 94.5319 / Wtd. con eff = 3.6751 / Wtd. HRF eff = 2.0516 / Pop var. = 0.44918 / time = 0.74
best of generation 101 / cbal. = 94.5319 / Wtd. con eff = 3.6751 / Wtd. HRF eff = 2.0516 / Pop var. = 0.44476 / time = 0.76
best of generation 102 / cbal. = 94.5319 / Wtd. con eff = 3.6751 / Wtd. HRF eff = 2.0516 / Pop var. = 0.39203 / time = 0.73
best of generation 103 / cbal. = 94.5319 / Wtd. con eff = 3.6751 / Wtd. HRF eff = 2.0516 / Pop var. = 0.49145 / time = 0.74
best of generation 104 / cbal. = 94.5319 / Wtd. con eff = 3.6751 / Wtd. HRF eff = 2.0516 / Pop var. = 0.44928 / time = 0.73
best of generation 105 / cbal. = 94.5319 / Wtd. con eff = 3.6751 / Wtd. HRF eff = 2.0516 / Pop var. = 0.33372 / time = 0.73
best of generation 106 / cbal. = 94.5319 / Wtd. con eff = 3.6751 / Wtd. HRF eff = 2.0516 / Pop var. = 0.38163 / time = 0.75
best of generation 107 / cbal. = 94.5319 / Wtd. con eff = 3.6751 / Wtd. HRF eff = 2.0516 / Pop var. = 0.4096 / time = 0.74
best of generation 108 / cbal. = 94.5319 / Wtd. con eff = 3.6751 / Wtd. HRF eff = 2.0516 / Pop var. = 0.36022 / time = 0.73
best of generation 109 / cbal. = 94.5319 / Wtd. con eff = 3.6751 / Wtd. HRF eff = 2.0516 / Pop var. = 0.41425 / time = 0.74
best of generation 110 / cbal. = 94.5319 / Wtd. con eff = 3.6751 / Wtd. HRF eff = 2.0516 / Pop var. = 0.3601 / time = 0.74
best of generation 111 / cbal. = 94.5319 / Wtd. con eff = 3.6751 / Wtd. HRF eff = 2.0516 / Pop var. = 0.41998 / time = 0.73
best of generation 112 / cbal. = 94.5319 / Wtd. con eff = 3.6751 / Wtd. HRF eff = 2.0516 / Pop var. = 0.36637 / time = 0.78
best of generation 113 / cbal. = 94.5319 / Wtd. con eff = 3.6751 / Wtd. HRF eff = 2.0516 / Pop var. = 0.41193 / time = 0.73
best of generation 114 / cbal. = 94.5319 / Wtd. con eff = 3.6751 / Wtd. HRF eff = 2.0516 / Pop var. = 0.36901 / time = 0.74
best of generation 115 / cbal. = 94.5319 / Wtd. con eff = 3.6751 / Wtd. HRF eff = 2.0516 / Pop var. = 0.44452 / time = 0.73
best of generation 116 / cbal. = 94.5319 / Wtd. con eff = 3.6751 / Wtd. HRF eff = 2.0516 / Pop var. = 0.36807 / time = 0.73
best of generation 117 / cbal. = 94.5319 / Wtd. con eff = 3.6751 / Wtd. HRF eff = 2.0516 / Pop var. = 0.43382 / time = 0.73
best of generation 118 / cbal. = 94.5319 / Wtd. con eff = 3.6751 / Wtd. HRF eff = 2.0516 / Pop var. = 0.35942 / time = 0.75
best of generation 119 / cbal. = 94.5319 / Wtd. con eff = 3.6751 / Wtd. HRF eff = 2.0516 / Pop var. = 0.44404 / time = 0.74
best of generation 120 / cbal. = 94.5319 / Wtd. con eff = 3.6751 / Wtd. HRF eff = 2.0516 / Pop var. = 0.41443 / time = 0.74
best of generation 121 / cbal. = 94.5319 / Wtd. con eff = 3.6751 / Wtd. HRF eff = 2.0516 / Pop var. = 0.36707 / time = 0.73
best of generation 122 / cbal. = 94.5319 / Wtd. con eff = 3.6751 / Wtd. HRF eff = 2.0516 / Pop var. = 0.40664 / time = 0.73
best of generation 123 / cbal. = 94.5319 / Wtd. con eff = 3.6751 / Wtd. HRF eff = 2.0516 / Pop var. = 0.35004 / time = 0.76
best of generation 124 / cbal. = 94.5319 / Wtd. con eff = 3.6751 / Wtd. HRF eff = 2.0516 / Pop var. = 0.47007 / time = 0.74
best of generation 125 / cbal. = 94.5319 / Wtd. con eff = 3.6751 / Wtd. HRF eff = 2.0516 / Pop var. = 0.3956 / time = 0.74
best of generation 126 / cbal. = 94.7265 / Wtd. con eff = 3.6705 / Wtd. HRF eff = 1.7973 / Pop var. = 0.45267 / time = 0.73
best of generation 127 / cbal. = 94.7265 / Wtd. con eff = 3.6705 / Wtd. HRF eff = 1.7973 / Pop var. = 0.40462 / time = 0.74
best of generation 128 / cbal. = 94.7265 / Wtd. con eff = 3.6705 / Wtd. HRF eff = 1.7973 / Pop var. = 0.36288 / time = 0.74
best of generation 129 / cbal. = 94.7265 / Wtd. con eff = 3.6705 / Wtd. HRF eff = 1.7973 / Pop var. = 0.43299 / time = 0.74
best of generation 130 / cbal. = 94.7265 / Wtd. con eff = 3.6705 / Wtd. HRF eff = 1.7973 / Pop var. = 0.40095 / time = 0.74
best of generation 131 / cbal. = 94.7265 / Wtd. con eff = 3.6705 / Wtd. HRF eff = 1.7973 / Pop var. = 0.37411 / time = 0.73
best of generation 132 / cbal. = 94.7265 / Wtd. con eff = 3.6705 / Wtd. HRF eff = 1.7973 / Pop var. = 0.47502 / time = 0.73
best of generation 133 / cbal. = 94.7265 / Wtd. con eff = 3.6705 / Wtd. HRF eff = 1.7973 / Pop var. = 0.39554 / time = 0.73
best of generation 134 / cbal. = 94.7265 / Wtd. con eff = 3.6705 / Wtd. HRF eff = 1.7973 / Pop var. = 0.46758 / time = 0.77
best of generation 135 / cbal. = 94.7265 / Wtd. con eff = 3.6705 / Wtd. HRF eff = 1.7973 / Pop var. = 0.38837 / time = 0.73
best of generation 136 / cbal. = 94.7265 / Wtd. con eff = 3.6705 / Wtd. HRF eff = 1.7973 / Pop var. = 0.45003 / time = 0.74
best of generation 137 / cbal. = 94.7265 / Wtd. con eff = 3.6705 / Wtd. HRF eff = 1.7973 / Pop var. = 0.36432 / time = 0.74
best of generation 138 / cbal. = 94.7265 / Wtd. con eff = 3.6705 / Wtd. HRF eff = 1.7973 / Pop var. = 0.44605 / time = 0.73
best of generation 139 / cbal. = 94.7265 / Wtd. con eff = 3.6705 / Wtd. HRF eff = 1.7973 / Pop var. = 0.4045 / time = 0.74
best of generation 140 / cbal. = 94.7265 / Wtd. con eff = 3.6705 / Wtd. HRF eff = 1.7973 / Pop var. = 0.33466 / time = 0.75
best of generation 141 / cbal. = 94.7265 / Wtd. con eff = 3.6705 / Wtd. HRF eff = 1.7973 / Pop var. = 0.4175 / time = 0.73
best of generation 142 / cbal. = 94.7265 / Wtd. con eff = 3.6705 / Wtd. HRF eff = 1.7973 / Pop var. = 0.39925 / time = 0.74
best of generation 143 / cbal. = 94.7265 / Wtd. con eff = 3.6705 / Wtd. HRF eff = 1.7973 / Pop var. = 0.4712 / time = 0.74
best of generation 144 / cbal. = 94.7265 / Wtd. con eff = 3.6705 / Wtd. HRF eff = 1.7973 / Pop var. = 0.41892 / time = 0.74
best of generation 145 / cbal. = 94.7265 / Wtd. con eff = 3.6705 / Wtd. HRF eff = 1.7973 / Pop var. = 0.37757 / time = 0.77
best of generation 146 / cbal. = 94.7265 / Wtd. con eff = 3.6705 / Wtd. HRF eff = 1.7973 / Pop var. = 0.40154 / time = 0.74
best of generation 147 / cbal. = 94.7265 / Wtd. con eff = 3.6705 / Wtd. HRF eff = 1.7973 / Pop var. = 0.32735 / time = 0.74
best of generation 148 / cbal. = 94.7265 / Wtd. con eff = 3.6705 / Wtd. HRF eff = 1.7973 / Pop var. = 0.41087 / time = 0.73
best of generation 149 / cbal. = 94.7265 / Wtd. con eff = 3.6705 / Wtd. HRF eff = 1.7973 / Pop var. = 0.31932 / time = 0.74
best of generation 150 / cbal. = 94.7265 / Wtd. con eff = 3.6705 / Wtd. HRF eff = 1.7973 / Pop var. = 0.40339 / time = 0.75
best of generation 151 / cbal. = 94.7265 / Wtd. con eff = 3.6705 / Wtd. HRF eff = 1.7973 / Pop var. = 0.32462 / time = 0.77
best of generation 152 / cbal. = 94.7265 / Wtd. con eff = 3.6705 / Wtd. HRF eff = 1.7973 / Pop var. = 0.43834 / time = 0.73
best of generation 153 / cbal. = 94.7265 / Wtd. con eff = 3.6705 / Wtd. HRF eff = 1.7973 / Pop var. = 0.37811 / time = 0.74
best of generation 154 / cbal. = 94.7265 / Wtd. con eff = 3.6705 / Wtd. HRF eff = 1.7973 / Pop var. = 0.45483 / time = 0.72
best of generation 155 / cbal. = 94.7265 / Wtd. con eff = 3.6705 / Wtd. HRF eff = 1.7973 / Pop var. = 0.39789 / time = 0.74
best of generation 156 / cbal. = 94.7265 / Wtd. con eff = 3.6705 / Wtd. HRF eff = 1.7973 / Pop var. = 0.45532 / time = 0.74
best of generation 157 / cbal. = 94.7265 / Wtd. con eff = 3.6705 / Wtd. HRF eff = 1.7973 / Pop var. = 0.42696 / time = 0.73
best of generation 158 / cbal. = 94.7265 / Wtd. con eff = 3.6705 / Wtd. HRF eff = 1.7973 / Pop var. = 0.37186 / time = 0.74
best of generation 159 / cbal. = 94.7265 / Wtd. con eff = 3.6705 / Wtd. HRF eff = 1.7973 / Pop var. = 0.41156 / time = 0.73
best of generation 160 / cbal. = 94.7265 / Wtd. con eff = 3.6705 / Wtd. HRF eff = 1.7973 / Pop var. = 0.39191 / time = 0.73
saving workspace as GAresults.mat
M = 
     origlist: [49x1 double]
     restlist: [20x1 double]
     stimlist: [60x1 double]
           ga: [1x1 struct]
    bestLists: [60x160 uint8]
         date: '11-9-2014'
optimizeGA done: 120.58 s
