Starting Model 52
OptimizeGA
===============================
Saturation threshold = 
Setting up variables
You entered 2 conditions  (event types) that will each be modeled with a regessor. 
 Note that if you enter 0 as a condition number, those events will not be modeled
 (they are assumed to be rest/inter-stimulus interval periods)

Contrasts entered. You entered matrix of 3 contrasts, with weights across 4 conditions.
 Contrasts:
     1     1    -1    -1
     1     0    -1     0
     0     1     0    -1
 ...adding one column to contrast matrix with weights of 0, to model the intercept
You entered a contrast weight vector across 3 contrasts
 	...Using rests of length 1 and resting every 4
================== Parameters ======================
     Total stimuli in scan      : 60
     Fixed rest length in ITIs  : 1
     Fixed Rest stimuli in scan : 11
     Num blank intervals        : 9
     Num of task conds          : 2
     Num stimuli each cond      : 20  20
====================================================
	...generating lists of organisms
	...USING TRANS2BLOCK >
     freqConditions = 0.2         0.2         0.2         0.2
     conditions = 1  2  3  4
REST INTERVALS: not used (to use, freqCond should be one longer than conditions
  ...randomizing organism start state
	...restMatrix is 20 X 40
ans =
     4     4     4     4     4     4     4     4     4     4
     4     4     4     4     4     4     4     4     4     4
     4     4     4     4     4     4     4     4     4     4
     4     4     4     4     4     4     4     4     4     4
     4     4     4     4     4     4     4     4     4     4
======== Num stimuli, averaged across lists (before instruction/rest stimuli) ========
		Condition 0: 9 stimuli, 15% of total stimuli
		Condition 1: 20 stimuli, 33.3333% of total stimuli
		Condition 2: 20 stimuli, 33.3333% of total stimuli
		Condition 3: 0 stimuli, 0% of total stimuli
		Condition 4: 0 stimuli, 0% of total stimuli
======================================================================================
best of generation 1 / cbal. = 93.9671 / Wtd. con eff = 2.7035 / Wtd. HRF eff = 0.53104 / Pop var. = 0.86596 / time = 0.76
best of generation 2 / cbal. = 93.9671 / Wtd. con eff = 2.7035 / Wtd. HRF eff = 0.53104 / Pop var. = 0.85349 / time = 0.71
best of generation 3 / cbal. = 94.8451 / Wtd. con eff = 2.6261 / Wtd. HRF eff = 0.67224 / Pop var. = 0.83235 / time = 0.74
best of generation 4 / cbal. = 95.0263 / Wtd. con eff = 2.7808 / Wtd. HRF eff = 0.55516 / Pop var. = 0.83004 / time = 0.71
best of generation 5 / cbal. = 95.0263 / Wtd. con eff = 2.7808 / Wtd. HRF eff = 0.55516 / Pop var. = 0.8189 / time = 0.71
best of generation 6 / cbal. = 95.0263 / Wtd. con eff = 2.7808 / Wtd. HRF eff = 0.55516 / Pop var. = 0.8025 / time = 0.74
best of generation 7 / cbal. = 94.6995 / Wtd. con eff = 2.8338 / Wtd. HRF eff = 0.80619 / Pop var. = 0.779 / time = 0.7
best of generation 8 / cbal. = 94.7666 / Wtd. con eff = 2.9429 / Wtd. HRF eff = 0.72291 / Pop var. = 0.72713 / time = 0.72
best of generation 9 / cbal. = 94.5324 / Wtd. con eff = 2.9165 / Wtd. HRF eff = 0.71273 / Pop var. = 0.72526 / time = 0.71
best of generation 10 / cbal. = 95.0328 / Wtd. con eff = 2.9828 / Wtd. HRF eff = 0.5966 / Pop var. = 0.63653 / time = 0.72
best of generation 11 / cbal. = 94.4933 / Wtd. con eff = 3.0519 / Wtd. HRF eff = 0.79616 / Pop var. = 0.62308 / time = 0.74
best of generation 12 / cbal. = 94.6646 / Wtd. con eff = 3.001 / Wtd. HRF eff = 0.70125 / Pop var. = 0.6115 / time = 0.73
best of generation 13 / cbal. = 94.4942 / Wtd. con eff = 3.1254 / Wtd. HRF eff = 0.7398 / Pop var. = 0.60499 / time = 0.72
best of generation 14 / cbal. = 94.9689 / Wtd. con eff = 3.1097 / Wtd. HRF eff = 0.65398 / Pop var. = 0.56601 / time = 0.72
best of generation 15 / cbal. = 94.4707 / Wtd. con eff = 3.2945 / Wtd. HRF eff = 0.77925 / Pop var. = 0.57876 / time = 0.72
best of generation 16 / cbal. = 94.4707 / Wtd. con eff = 3.2945 / Wtd. HRF eff = 0.77925 / Pop var. = 0.55669 / time = 0.72
best of generation 17 / cbal. = 94.8793 / Wtd. con eff = 3.3165 / Wtd. HRF eff = 0.68692 / Pop var. = 0.58254 / time = 0.74
best of generation 18 / cbal. = 94.8793 / Wtd. con eff = 3.3165 / Wtd. HRF eff = 0.68692 / Pop var. = 0.59642 / time = 0.74
best of generation 19 / cbal. = 95.076 / Wtd. con eff = 3.2668 / Wtd. HRF eff = 0.78254 / Pop var. = 0.61172 / time = 0.72
best of generation 20 / cbal. = 94.7341 / Wtd. con eff = 3.3718 / Wtd. HRF eff = 0.88787 / Pop var. = 0.59921 / time = 0.72
best of generation 21 / cbal. = 94.8655 / Wtd. con eff = 3.5177 / Wtd. HRF eff = 0.84587 / Pop var. = 0.57371 / time = 0.73
best of generation 22 / cbal. = 94.5319 / Wtd. con eff = 3.5075 / Wtd. HRF eff = 0.9713 / Pop var. = 0.5574 / time = 0.74
best of generation 23 / cbal. = 94.5319 / Wtd. con eff = 3.5075 / Wtd. HRF eff = 0.9713 / Pop var. = 0.53938 / time = 0.76
best of generation 24 / cbal. = 95.0569 / Wtd. con eff = 3.46 / Wtd. HRF eff = 1.0975 / Pop var. = 0.52442 / time = 0.73
best of generation 25 / cbal. = 95.0569 / Wtd. con eff = 3.46 / Wtd. HRF eff = 1.0975 / Pop var. = 0.46115 / time = 0.73
best of generation 26 / cbal. = 94.8577 / Wtd. con eff = 3.5223 / Wtd. HRF eff = 1.0394 / Pop var. = 0.40897 / time = 0.72
best of generation 27 / cbal. = 94.8577 / Wtd. con eff = 3.5223 / Wtd. HRF eff = 1.0394 / Pop var. = 0.3169 / time = 0.74
best of generation 28 / cbal. = 95.256 / Wtd. con eff = 3.4816 / Wtd. HRF eff = 0.99384 / Pop var. = 0.41861 / time = 0.74
best of generation 29 / cbal. = 94.9523 / Wtd. con eff = 3.5821 / Wtd. HRF eff = 0.86671 / Pop var. = 0.3956 / time = 0.73
best of generation 30 / cbal. = 95.0084 / Wtd. con eff = 3.5459 / Wtd. HRF eff = 1.0576 / Pop var. = 0.48079 / time = 0.73
best of generation 31 / cbal. = 95.0084 / Wtd. con eff = 3.5459 / Wtd. HRF eff = 1.0576 / Pop var. = 0.45741 / time = 0.73
best of generation 32 / cbal. = 95.0084 / Wtd. con eff = 3.5459 / Wtd. HRF eff = 1.0576 / Pop var. = 0.45061 / time = 0.74
best of generation 33 / cbal. = 95.0164 / Wtd. con eff = 3.5644 / Wtd. HRF eff = 0.9424 / Pop var. = 0.4126 / time = 0.74
best of generation 34 / cbal. = 94.7571 / Wtd. con eff = 3.5741 / Wtd. HRF eff = 1.2389 / Pop var. = 0.39672 / time = 0.75
best of generation 35 / cbal. = 95.065 / Wtd. con eff = 3.5509 / Wtd. HRF eff = 1.6285 / Pop var. = 0.45891 / time = 0.73
best of generation 36 / cbal. = 95.065 / Wtd. con eff = 3.5509 / Wtd. HRF eff = 1.6285 / Pop var. = 0.40021 / time = 0.73
best of generation 37 / cbal. = 94.8733 / Wtd. con eff = 3.5767 / Wtd. HRF eff = 1.5667 / Pop var. = 0.35251 / time = 0.73
best of generation 38 / cbal. = 94.8733 / Wtd. con eff = 3.5767 / Wtd. HRF eff = 1.5667 / Pop var. = 0.43267 / time = 0.73
best of generation 39 / cbal. = 94.8733 / Wtd. con eff = 3.5767 / Wtd. HRF eff = 1.5667 / Pop var. = 0.41755 / time = 0.74
best of generation 40 / cbal. = 94.8733 / Wtd. con eff = 3.5767 / Wtd. HRF eff = 1.5667 / Pop var. = 0.38979 / time = 0.73
best of generation 41 / cbal. = 94.8733 / Wtd. con eff = 3.5767 / Wtd. HRF eff = 1.5667 / Pop var. = 0.42223 / time = 0.72
best of generation 42 / cbal. = 94.8733 / Wtd. con eff = 3.5767 / Wtd. HRF eff = 1.5667 / Pop var. = 0.40328 / time = 0.72
best of generation 43 / cbal. = 94.8733 / Wtd. con eff = 3.5767 / Wtd. HRF eff = 1.5667 / Pop var. = 0.35714 / time = 0.74
best of generation 44 / cbal. = 94.8733 / Wtd. con eff = 3.5767 / Wtd. HRF eff = 1.5667 / Pop var. = 0.44642 / time = 0.74
best of generation 45 / cbal. = 94.8733 / Wtd. con eff = 3.5767 / Wtd. HRF eff = 1.5667 / Pop var. = 0.40909 / time = 0.75
best of generation 46 / cbal. = 94.8733 / Wtd. con eff = 3.5767 / Wtd. HRF eff = 1.5667 / Pop var. = 0.35503 / time = 0.73
best of generation 47 / cbal. = 94.8733 / Wtd. con eff = 3.5767 / Wtd. HRF eff = 1.5667 / Pop var. = 0.41562 / time = 0.73
best of generation 48 / cbal. = 94.5985 / Wtd. con eff = 3.618 / Wtd. HRF eff = 1.8653 / Pop var. = 0.35333 / time = 0.73
best of generation 49 / cbal. = 94.5985 / Wtd. con eff = 3.618 / Wtd. HRF eff = 1.8653 / Pop var. = 0.4634 / time = 0.73
best of generation 50 / cbal. = 94.9603 / Wtd. con eff = 3.5973 / Wtd. HRF eff = 1.3127 / Pop var. = 0.39081 / time = 0.74
best of generation 51 / cbal. = 94.9603 / Wtd. con eff = 3.5973 / Wtd. HRF eff = 1.3127 / Pop var. = 0.50014 / time = 0.73
best of generation 52 / cbal. = 94.9603 / Wtd. con eff = 3.5973 / Wtd. HRF eff = 1.3127 / Pop var. = 0.44869 / time = 0.73
best of generation 53 / cbal. = 94.9603 / Wtd. con eff = 3.5973 / Wtd. HRF eff = 1.3127 / Pop var. = 0.39276 / time = 0.73
best of generation 54 / cbal. = 94.9603 / Wtd. con eff = 3.5973 / Wtd. HRF eff = 1.3127 / Pop var. = 0.47524 / time = 0.74
best of generation 55 / cbal. = 94.9603 / Wtd. con eff = 3.5973 / Wtd. HRF eff = 1.3127 / Pop var. = 0.4634 / time = 0.74
best of generation 56 / cbal. = 94.8343 / Wtd. con eff = 3.6264 / Wtd. HRF eff = 1.2766 / Pop var. = 0.41623 / time = 0.75
best of generation 57 / cbal. = 94.5911 / Wtd. con eff = 3.6485 / Wtd. HRF eff = 1.7953 / Pop var. = 0.33515 / time = 0.73
best of generation 58 / cbal. = 94.5911 / Wtd. con eff = 3.6485 / Wtd. HRF eff = 1.7953 / Pop var. = 0.43445 / time = 0.73
best of generation 59 / cbal. = 94.5911 / Wtd. con eff = 3.6485 / Wtd. HRF eff = 1.7953 / Pop var. = 0.37817 / time = 0.73
best of generation 60 / cbal. = 94.5911 / Wtd. con eff = 3.6485 / Wtd. HRF eff = 1.7953 / Pop var. = 0.44976 / time = 0.74
best of generation 61 / cbal. = 94.5911 / Wtd. con eff = 3.6485 / Wtd. HRF eff = 1.7953 / Pop var. = 0.40039 / time = 0.76
best of generation 62 / cbal. = 94.5911 / Wtd. con eff = 3.6485 / Wtd. HRF eff = 1.7953 / Pop var. = 0.41486 / time = 0.74
best of generation 63 / cbal. = 94.5911 / Wtd. con eff = 3.6485 / Wtd. HRF eff = 1.7953 / Pop var. = 0.40095 / time = 0.74
best of generation 64 / cbal. = 94.5911 / Wtd. con eff = 3.6485 / Wtd. HRF eff = 1.7953 / Pop var. = 0.34838 / time = 0.73
best of generation 65 / cbal. = 94.6433 / Wtd. con eff = 3.6286 / Wtd. HRF eff = 2.1761 / Pop var. = 0.43931 / time = 0.74
best of generation 66 / cbal. = 94.6433 / Wtd. con eff = 3.6286 / Wtd. HRF eff = 2.1761 / Pop var. = 0.37509 / time = 0.75
best of generation 67 / cbal. = 94.6433 / Wtd. con eff = 3.6286 / Wtd. HRF eff = 2.1761 / Pop var. = 0.44962 / time = 0.73
best of generation 68 / cbal. = 94.6433 / Wtd. con eff = 3.6286 / Wtd. HRF eff = 2.1761 / Pop var. = 0.4352 / time = 0.73
best of generation 69 / cbal. = 94.6433 / Wtd. con eff = 3.6286 / Wtd. HRF eff = 2.1761 / Pop var. = 0.37916 / time = 0.73
best of generation 70 / cbal. = 94.6433 / Wtd. con eff = 3.6286 / Wtd. HRF eff = 2.1761 / Pop var. = 0.4286 / time = 0.73
best of generation 71 / cbal. = 94.6433 / Wtd. con eff = 3.6286 / Wtd. HRF eff = 2.1761 / Pop var. = 0.39192 / time = 0.73
best of generation 72 / cbal. = 94.6433 / Wtd. con eff = 3.6286 / Wtd. HRF eff = 2.1761 / Pop var. = 0.46095 / time = 0.77
best of generation 73 / cbal. = 94.6433 / Wtd. con eff = 3.6286 / Wtd. HRF eff = 2.1761 / Pop var. = 0.41441 / time = 0.74
best of generation 74 / cbal. = 94.6508 / Wtd. con eff = 3.6209 / Wtd. HRF eff = 2.3369 / Pop var. = 0.38283 / time = 0.73
best of generation 75 / cbal. = 94.6508 / Wtd. con eff = 3.6209 / Wtd. HRF eff = 2.3369 / Pop var. = 0.45079 / time = 0.73
best of generation 76 / cbal. = 94.6508 / Wtd. con eff = 3.6209 / Wtd. HRF eff = 2.3369 / Pop var. = 0.41668 / time = 0.73
best of generation 77 / cbal. = 94.6508 / Wtd. con eff = 3.6209 / Wtd. HRF eff = 2.3369 / Pop var. = 0.38024 / time = 0.74
best of generation 78 / cbal. = 94.6508 / Wtd. con eff = 3.6209 / Wtd. HRF eff = 2.3369 / Pop var. = 0.40936 / time = 0.74
best of generation 79 / cbal. = 94.5246 / Wtd. con eff = 3.6653 / Wtd. HRF eff = 1.6809 / Pop var. = 0.36433 / time = 0.73
best of generation 80 / cbal. = 94.5246 / Wtd. con eff = 3.6653 / Wtd. HRF eff = 1.6809 / Pop var. = 0.41381 / time = 0.74
best of generation 81 / cbal. = 94.5246 / Wtd. con eff = 3.6653 / Wtd. HRF eff = 1.6809 / Pop var. = 0.43519 / time = 0.73
best of generation 82 / cbal. = 94.5246 / Wtd. con eff = 3.6653 / Wtd. HRF eff = 1.6809 / Pop var. = 0.38254 / time = 0.75
best of generation 83 / cbal. = 94.5246 / Wtd. con eff = 3.6653 / Wtd. HRF eff = 1.6809 / Pop var. = 0.43103 / time = 0.77
best of generation 84 / cbal. = 94.5246 / Wtd. con eff = 3.6653 / Wtd. HRF eff = 1.6809 / Pop var. = 0.40669 / time = 0.74
best of generation 85 / cbal. = 94.5246 / Wtd. con eff = 3.6653 / Wtd. HRF eff = 1.6809 / Pop var. = 0.34725 / time = 0.74
best of generation 86 / cbal. = 94.5246 / Wtd. con eff = 3.6653 / Wtd. HRF eff = 1.6809 / Pop var. = 0.45884 / time = 0.74
best of generation 87 / cbal. = 94.5246 / Wtd. con eff = 3.6653 / Wtd. HRF eff = 1.6809 / Pop var. = 0.39863 / time = 0.74
best of generation 88 / cbal. = 94.5246 / Wtd. con eff = 3.6653 / Wtd. HRF eff = 1.6809 / Pop var. = 0.47959 / time = 0.74
best of generation 89 / cbal. = 94.7189 / Wtd. con eff = 3.6605 / Wtd. HRF eff = 1.3148 / Pop var. = 0.40506 / time = 0.75
best of generation 90 / cbal. = 94.7189 / Wtd. con eff = 3.6605 / Wtd. HRF eff = 1.3148 / Pop var. = 0.38532 / time = 0.73
best of generation 91 / cbal. = 94.7189 / Wtd. con eff = 3.6605 / Wtd. HRF eff = 1.3148 / Pop var. = 0.44 / time = 0.72
best of generation 92 / cbal. = 94.7189 / Wtd. con eff = 3.6605 / Wtd. HRF eff = 1.3148 / Pop var. = 0.42316 / time = 0.74
best of generation 93 / cbal. = 94.9048 / Wtd. con eff = 3.6534 / Wtd. HRF eff = 1.3754 / Pop var. = 0.40207 / time = 0.75
best of generation 94 / cbal. = 94.7037 / Wtd. con eff = 3.6621 / Wtd. HRF eff = 1.651 / Pop var. = 0.34262 / time = 0.76
best of generation 95 / cbal. = 94.7037 / Wtd. con eff = 3.6497 / Wtd. HRF eff = 1.9295 / Pop var. = 0.42568 / time = 0.73
best of generation 96 / cbal. = 94.8577 / Wtd. con eff = 3.6489 / Wtd. HRF eff = 1.9443 / Pop var. = 0.44106 / time = 0.74
best of generation 97 / cbal. = 94.8577 / Wtd. con eff = 3.6489 / Wtd. HRF eff = 1.9443 / Pop var. = 0.41576 / time = 0.74
best of generation 98 / cbal. = 94.8577 / Wtd. con eff = 3.6489 / Wtd. HRF eff = 1.9443 / Pop var. = 0.40372 / time = 0.73
best of generation 99 / cbal. = 94.8577 / Wtd. con eff = 3.6489 / Wtd. HRF eff = 1.9443 / Pop var. = 0.36846 / time = 0.73
best of generation 100 / cbal. = 94.8577 / Wtd. con eff = 3.6489 / Wtd. HRF eff = 1.9443 / Pop var. = 0.4291 / time = 0.74
best of generation 101 / cbal. = 94.8577 / Wtd. con eff = 3.6489 / Wtd. HRF eff = 1.9443 / Pop var. = 0.40913 / time = 0.72
best of generation 102 / cbal. = 94.8577 / Wtd. con eff = 3.6489 / Wtd. HRF eff = 1.9443 / Pop var. = 0.37556 / time = 0.74
best of generation 103 / cbal. = 94.8577 / Wtd. con eff = 3.6489 / Wtd. HRF eff = 1.9443 / Pop var. = 0.44851 / time = 0.73
best of generation 104 / cbal. = 94.8577 / Wtd. con eff = 3.6489 / Wtd. HRF eff = 1.9443 / Pop var. = 0.38626 / time = 0.74
best of generation 105 / cbal. = 94.8577 / Wtd. con eff = 3.6489 / Wtd. HRF eff = 1.9443 / Pop var. = 0.48299 / time = 0.76
best of generation 106 / cbal. = 94.8577 / Wtd. con eff = 3.6489 / Wtd. HRF eff = 1.9443 / Pop var. = 0.45285 / time = 0.73
best of generation 107 / cbal. = 94.8577 / Wtd. con eff = 3.6489 / Wtd. HRF eff = 1.9443 / Pop var. = 0.40992 / time = 0.74
best of generation 108 / cbal. = 94.8577 / Wtd. con eff = 3.6489 / Wtd. HRF eff = 1.9443 / Pop var. = 0.35949 / time = 0.74
best of generation 109 / cbal. = 94.8577 / Wtd. con eff = 3.6489 / Wtd. HRF eff = 1.9443 / Pop var. = 0.42209 / time = 0.73
best of generation 110 / cbal. = 94.8577 / Wtd. con eff = 3.6489 / Wtd. HRF eff = 1.9443 / Pop var. = 0.30223 / time = 0.74
best of generation 111 / cbal. = 94.8577 / Wtd. con eff = 3.6489 / Wtd. HRF eff = 1.9443 / Pop var. = 0.37983 / time = 0.75
best of generation 112 / cbal. = 94.3869 / Wtd. con eff = 3.6651 / Wtd. HRF eff = 4.2071 / Pop var. = 0.45908 / time = 0.75
best of generation 113 / cbal. = 94.3869 / Wtd. con eff = 3.6651 / Wtd. HRF eff = 4.2071 / Pop var. = 0.42497 / time = 0.74
best of generation 114 / cbal. = 94.3869 / Wtd. con eff = 3.6651 / Wtd. HRF eff = 4.2071 / Pop var. = 0.38949 / time = 0.73
best of generation 115 / cbal. = 94.3869 / Wtd. con eff = 3.6651 / Wtd. HRF eff = 4.2071 / Pop var. = 0.47539 / time = 0.73
best of generation 116 / cbal. = 94.3869 / Wtd. con eff = 3.6651 / Wtd. HRF eff = 4.2071 / Pop var. = 0.41662 / time = 0.74
best of generation 117 / cbal. = 94.3869 / Wtd. con eff = 3.6651 / Wtd. HRF eff = 4.2071 / Pop var. = 0.39209 / time = 0.73
best of generation 118 / cbal. = 94.3869 / Wtd. con eff = 3.6651 / Wtd. HRF eff = 4.2071 / Pop var. = 0.48532 / time = 0.73
best of generation 119 / cbal. = 94.3869 / Wtd. con eff = 3.6651 / Wtd. HRF eff = 4.2071 / Pop var. = 0.43769 / time = 0.74
best of generation 120 / cbal. = 94.3869 / Wtd. con eff = 3.6651 / Wtd. HRF eff = 4.2071 / Pop var. = 0.37215 / time = 0.74
best of generation 121 / cbal. = 94.7189 / Wtd. con eff = 3.6136 / Wtd. HRF eff = 4.4041 / Pop var. = 0.42674 / time = 0.73
best of generation 122 / cbal. = 94.7189 / Wtd. con eff = 3.6136 / Wtd. HRF eff = 4.4041 / Pop var. = 0.42754 / time = 0.79
best of generation 123 / cbal. = 94.7189 / Wtd. con eff = 3.6136 / Wtd. HRF eff = 4.4041 / Pop var. = 0.38225 / time = 0.73
best of generation 124 / cbal. = 94.7189 / Wtd. con eff = 3.6136 / Wtd. HRF eff = 4.4041 / Pop var. = 0.45972 / time = 0.73
best of generation 125 / cbal. = 94.7189 / Wtd. con eff = 3.6136 / Wtd. HRF eff = 4.4041 / Pop var. = 0.37188 / time = 0.73
best of generation 126 / cbal. = 94.7189 / Wtd. con eff = 3.6136 / Wtd. HRF eff = 4.4041 / Pop var. = 0.4435 / time = 0.73
best of generation 127 / cbal. = 94.5099 / Wtd. con eff = 3.6554 / Wtd. HRF eff = 4.0123 / Pop var. = 0.38718 / time = 0.74
best of generation 128 / cbal. = 94.3087 / Wtd. con eff = 3.7019 / Wtd. HRF eff = 4.3377 / Pop var. = 0.45829 / time = 0.74
best of generation 129 / cbal. = 94.3087 / Wtd. con eff = 3.7019 / Wtd. HRF eff = 4.3377 / Pop var. = 0.38947 / time = 0.74
best of generation 130 / cbal. = 94.5688 / Wtd. con eff = 3.6608 / Wtd. HRF eff = 4.1782 / Pop var. = 0.44124 / time = 0.73
best of generation 131 / cbal. = 94.4228 / Wtd. con eff = 3.6974 / Wtd. HRF eff = 4.1762 / Pop var. = 0.37928 / time = 0.73
best of generation 132 / cbal. = 94.4228 / Wtd. con eff = 3.6974 / Wtd. HRF eff = 4.1762 / Pop var. = 0.43745 / time = 0.75
best of generation 133 / cbal. = 94.4228 / Wtd. con eff = 3.6974 / Wtd. HRF eff = 4.1762 / Pop var. = 0.3747 / time = 0.76
best of generation 134 / cbal. = 94.4228 / Wtd. con eff = 3.6974 / Wtd. HRF eff = 4.1762 / Pop var. = 0.42969 / time = 0.73
best of generation 135 / cbal. = 94.4228 / Wtd. con eff = 3.6974 / Wtd. HRF eff = 4.1762 / Pop var. = 0.42151 / time = 0.74
best of generation 136 / cbal. = 94.4228 / Wtd. con eff = 3.6974 / Wtd. HRF eff = 4.1762 / Pop var. = 0.36579 / time = 0.74
best of generation 137 / cbal. = 94.4228 / Wtd. con eff = 3.6974 / Wtd. HRF eff = 4.1762 / Pop var. = 0.4499 / time = 0.73
best of generation 138 / cbal. = 94.1899 / Wtd. con eff = 3.7283 / Wtd. HRF eff = 3.7552 / Pop var. = 0.39959 / time = 0.74
best of generation 139 / cbal. = 94.4228 / Wtd. con eff = 3.6974 / Wtd. HRF eff = 4.1762 / Pop var. = 0.41615 / time = 0.73
best of generation 140 / cbal. = 94.4228 / Wtd. con eff = 3.6974 / Wtd. HRF eff = 4.1762 / Pop var. = 0.33263 / time = 0.73
best of generation 141 / cbal. = 94.4228 / Wtd. con eff = 3.6974 / Wtd. HRF eff = 4.1762 / Pop var. = 0.38691 / time = 0.73
best of generation 142 / cbal. = 94.4228 / Wtd. con eff = 3.6974 / Wtd. HRF eff = 4.1762 / Pop var. = 0.44149 / time = 0.75
best of generation 143 / cbal. = 94.4228 / Wtd. con eff = 3.6974 / Wtd. HRF eff = 4.1762 / Pop var. = 0.3812 / time = 0.73
best of generation 144 / cbal. = 94.4228 / Wtd. con eff = 3.6974 / Wtd. HRF eff = 4.1762 / Pop var. = 0.42948 / time = 0.77
best of generation 145 / cbal. = 94.4228 / Wtd. con eff = 3.6974 / Wtd. HRF eff = 4.1762 / Pop var. = 0.3329 / time = 0.73
best of generation 146 / cbal. = 94.4228 / Wtd. con eff = 3.6974 / Wtd. HRF eff = 4.1762 / Pop var. = 0.4048 / time = 0.73
best of generation 147 / cbal. = 94.4228 / Wtd. con eff = 3.6974 / Wtd. HRF eff = 4.1762 / Pop var. = 0.383 / time = 0.73
best of generation 148 / cbal. = 94.4228 / Wtd. con eff = 3.6974 / Wtd. HRF eff = 4.1762 / Pop var. = 0.45171 / time = 0.72
best of generation 149 / cbal. = 94.4228 / Wtd. con eff = 3.6974 / Wtd. HRF eff = 4.1762 / Pop var. = 0.38033 / time = 0.74
best of generation 150 / cbal. = 94.4228 / Wtd. con eff = 3.6974 / Wtd. HRF eff = 4.1762 / Pop var. = 0.43005 / time = 0.73
best of generation 151 / cbal. = 94.4228 / Wtd. con eff = 3.6974 / Wtd. HRF eff = 4.1762 / Pop var. = 0.39597 / time = 0.73
best of generation 152 / cbal. = 94.4228 / Wtd. con eff = 3.6974 / Wtd. HRF eff = 4.1762 / Pop var. = 0.44797 / time = 0.74
best of generation 153 / cbal. = 94.4228 / Wtd. con eff = 3.6974 / Wtd. HRF eff = 4.1762 / Pop var. = 0.40224 / time = 0.74
best of generation 154 / cbal. = 94.4228 / Wtd. con eff = 3.6974 / Wtd. HRF eff = 4.1762 / Pop var. = 0.32683 / time = 0.74
best of generation 155 / cbal. = 94.4228 / Wtd. con eff = 3.6974 / Wtd. HRF eff = 4.1762 / Pop var. = 0.40992 / time = 0.76
best of generation 156 / cbal. = 94.4228 / Wtd. con eff = 3.6974 / Wtd. HRF eff = 4.1762 / Pop var. = 0.37344 / time = 0.73
best of generation 157 / cbal. = 94.4228 / Wtd. con eff = 3.6974 / Wtd. HRF eff = 4.1762 / Pop var. = 0.41527 / time = 0.73
best of generation 158 / cbal. = 94.4228 / Wtd. con eff = 3.6974 / Wtd. HRF eff = 4.1762 / Pop var. = 0.36437 / time = 0.73
best of generation 159 / cbal. = 94.4228 / Wtd. con eff = 3.6974 / Wtd. HRF eff = 4.1762 / Pop var. = 0.45027 / time = 0.73
best of generation 160 / cbal. = 94.4228 / Wtd. con eff = 3.6974 / Wtd. HRF eff = 4.1762 / Pop var. = 0.43199 / time = 0.75
best of generation 161 / cbal. = 94.4228 / Wtd. con eff = 3.6974 / Wtd. HRF eff = 4.1762 / Pop var. = 0.39204 / time = 0.73
saving workspace as GAresults.mat
M = 
     origlist: [49x1 double]
     restlist: [20x1 double]
     stimlist: [60x1 double]
           ga: [1x1 struct]
    bestLists: [60x161 uint8]
         date: '11-9-2014'
optimizeGA done: 120.88 s
