Starting Model 4
OptimizeGA
===============================
Saturation threshold = 
Setting up variables
You entered 2 conditions  (event types) that will each be modeled with a regessor. 
 Note that if you enter 0 as a condition number, those events will not be modeled
 (they are assumed to be rest/inter-stimulus interval periods)

Contrasts entered. You entered matrix of 3 contrasts, with weights across 4 conditions.
 Contrasts:
     1     1    -1    -1
     1     0    -1     0
     0     1     0    -1
 ...adding one column to contrast matrix with weights of 0, to model the intercept
You entered a contrast weight vector across 3 contrasts
 	...Using rests of length 1 and resting every 4
================== Parameters ======================
     Total stimuli in scan      : 60
     Fixed rest length in ITIs  : 1
     Fixed Rest stimuli in scan : 11
     Num blank intervals        : 9
     Num of task conds          : 2
     Num stimuli each cond      : 20  20
====================================================
	...generating lists of organisms
	...USING TRANS2BLOCK >
     freqConditions = 0.2         0.2         0.2         0.2
     conditions = 1  2  3  4
REST INTERVALS: not used (to use, freqCond should be one longer than conditions
  ...randomizing organism start state
	...restMatrix is 20 X 40
ans =
     4     4     4     4     4     4     4     4     4     4
     4     4     4     4     4     4     4     4     4     4
     4     4     4     4     4     4     4     4     4     4
     4     4     4     4     4     4     4     4     4     4
     4     4     4     4     4     4     4     4     4     4
======== Num stimuli, averaged across lists (before instruction/rest stimuli) ========
		Condition 0: 9 stimuli, 15% of total stimuli
		Condition 1: 20 stimuli, 33.3333% of total stimuli
		Condition 2: 20 stimuli, 33.3333% of total stimuli
		Condition 3: 0 stimuli, 0% of total stimuli
		Condition 4: 0 stimuli, 0% of total stimuli
======================================================================================
best of generation 1 / cbal. = 94.4002 / Wtd. con eff = 2.5895 / Wtd. HRF eff = 1.1942 / Pop var. = 0.86157 / time = 0.76
best of generation 2 / cbal. = 95.0021 / Wtd. con eff = 2.6669 / Wtd. HRF eff = 0.5797 / Pop var. = 0.8488 / time = 0.73
best of generation 3 / cbal. = 95.0114 / Wtd. con eff = 2.8238 / Wtd. HRF eff = 0.4701 / Pop var. = 0.82408 / time = 0.73
best of generation 4 / cbal. = 94.8568 / Wtd. con eff = 2.9133 / Wtd. HRF eff = 0.46831 / Pop var. = 0.80684 / time = 0.73
best of generation 5 / cbal. = 94.8568 / Wtd. con eff = 2.9133 / Wtd. HRF eff = 0.46831 / Pop var. = 0.77834 / time = 0.72
best of generation 6 / cbal. = 94.8568 / Wtd. con eff = 2.9133 / Wtd. HRF eff = 0.46831 / Pop var. = 0.71186 / time = 0.72
best of generation 7 / cbal. = 95.0796 / Wtd. con eff = 3.0404 / Wtd. HRF eff = 0.49819 / Pop var. = 0.67298 / time = 0.72
best of generation 8 / cbal. = 94.7022 / Wtd. con eff = 3.1112 / Wtd. HRF eff = 0.62509 / Pop var. = 0.67973 / time = 0.73
best of generation 9 / cbal. = 94.877 / Wtd. con eff = 3.0834 / Wtd. HRF eff = 0.63734 / Pop var. = 0.6494 / time = 0.73
best of generation 10 / cbal. = 94.877 / Wtd. con eff = 3.0834 / Wtd. HRF eff = 0.63734 / Pop var. = 0.65153 / time = 0.72
best of generation 11 / cbal. = 95.0796 / Wtd. con eff = 3.1975 / Wtd. HRF eff = 0.58156 / Pop var. = 0.64346 / time = 0.74
best of generation 12 / cbal. = 95.0796 / Wtd. con eff = 3.1975 / Wtd. HRF eff = 0.58156 / Pop var. = 0.65793 / time = 0.72
best of generation 13 / cbal. = 94.9028 / Wtd. con eff = 3.2715 / Wtd. HRF eff = 0.79266 / Pop var. = 0.65111 / time = 0.73
best of generation 14 / cbal. = 94.9028 / Wtd. con eff = 3.2715 / Wtd. HRF eff = 0.79266 / Pop var. = 0.62842 / time = 0.72
best of generation 15 / cbal. = 94.9989 / Wtd. con eff = 3.2309 / Wtd. HRF eff = 1.0824 / Pop var. = 0.62481 / time = 0.73
best of generation 16 / cbal. = 94.9989 / Wtd. con eff = 3.2309 / Wtd. HRF eff = 1.0824 / Pop var. = 0.58406 / time = 0.71
best of generation 17 / cbal. = 94.9883 / Wtd. con eff = 3.3169 / Wtd. HRF eff = 1.0405 / Pop var. = 0.46415 / time = 0.73
best of generation 18 / cbal. = 94.5676 / Wtd. con eff = 3.4636 / Wtd. HRF eff = 0.87513 / Pop var. = 0.3349 / time = 0.74
best of generation 19 / cbal. = 95.1555 / Wtd. con eff = 3.4929 / Wtd. HRF eff = 1.2479 / Pop var. = 0.34399 / time = 0.73
best of generation 20 / cbal. = 95.1555 / Wtd. con eff = 3.4929 / Wtd. HRF eff = 1.2479 / Pop var. = 0.44542 / time = 0.76
best of generation 21 / cbal. = 95.1555 / Wtd. con eff = 3.4929 / Wtd. HRF eff = 1.2479 / Pop var. = 0.41085 / time = 0.75
best of generation 22 / cbal. = 95.1555 / Wtd. con eff = 3.4929 / Wtd. HRF eff = 1.2479 / Pop var. = 0.3904 / time = 0.75
best of generation 23 / cbal. = 95.1555 / Wtd. con eff = 3.4929 / Wtd. HRF eff = 1.2479 / Pop var. = 0.4725 / time = 0.74
best of generation 24 / cbal. = 95.1555 / Wtd. con eff = 3.4929 / Wtd. HRF eff = 1.2479 / Pop var. = 0.41234 / time = 0.75
best of generation 25 / cbal. = 95.1555 / Wtd. con eff = 3.4929 / Wtd. HRF eff = 1.2479 / Pop var. = 0.36642 / time = 0.73
best of generation 26 / cbal. = 95.1555 / Wtd. con eff = 3.4929 / Wtd. HRF eff = 1.2479 / Pop var. = 0.45116 / time = 0.74
best of generation 27 / cbal. = 95.1555 / Wtd. con eff = 3.4929 / Wtd. HRF eff = 1.2479 / Pop var. = 0.43234 / time = 0.73
best of generation 28 / cbal. = 94.9364 / Wtd. con eff = 3.5546 / Wtd. HRF eff = 1.2464 / Pop var. = 0.36272 / time = 0.73
best of generation 29 / cbal. = 94.9364 / Wtd. con eff = 3.5546 / Wtd. HRF eff = 1.2464 / Pop var. = 0.41787 / time = 0.73
best of generation 30 / cbal. = 94.9364 / Wtd. con eff = 3.5546 / Wtd. HRF eff = 1.2464 / Pop var. = 0.40407 / time = 0.74
best of generation 31 / cbal. = 94.7494 / Wtd. con eff = 3.5864 / Wtd. HRF eff = 1.4041 / Pop var. = 0.33956 / time = 0.75
best of generation 32 / cbal. = 94.7494 / Wtd. con eff = 3.5864 / Wtd. HRF eff = 1.4041 / Pop var. = 0.41507 / time = 0.73
best of generation 33 / cbal. = 94.7494 / Wtd. con eff = 3.5864 / Wtd. HRF eff = 1.4041 / Pop var. = 0.37506 / time = 0.73
best of generation 34 / cbal. = 94.8733 / Wtd. con eff = 3.6065 / Wtd. HRF eff = 1.1607 / Pop var. = 0.41912 / time = 0.73
best of generation 35 / cbal. = 94.8733 / Wtd. con eff = 3.6065 / Wtd. HRF eff = 1.1607 / Pop var. = 0.32113 / time = 0.73
best of generation 36 / cbal. = 94.8733 / Wtd. con eff = 3.6065 / Wtd. HRF eff = 1.1607 / Pop var. = 0.4354 / time = 0.73
best of generation 37 / cbal. = 94.8733 / Wtd. con eff = 3.6065 / Wtd. HRF eff = 1.1607 / Pop var. = 0.35906 / time = 0.74
best of generation 38 / cbal. = 94.8733 / Wtd. con eff = 3.6065 / Wtd. HRF eff = 1.1607 / Pop var. = 0.44827 / time = 0.73
best of generation 39 / cbal. = 94.8733 / Wtd. con eff = 3.6065 / Wtd. HRF eff = 1.1607 / Pop var. = 0.39784 / time = 0.73
best of generation 40 / cbal. = 94.8733 / Wtd. con eff = 3.6065 / Wtd. HRF eff = 1.1607 / Pop var. = 0.4466 / time = 0.73
best of generation 41 / cbal. = 94.8733 / Wtd. con eff = 3.6065 / Wtd. HRF eff = 1.1607 / Pop var. = 0.43744 / time = 0.73
best of generation 42 / cbal. = 94.8577 / Wtd. con eff = 3.6195 / Wtd. HRF eff = 1.1724 / Pop var. = 0.40521 / time = 0.74
best of generation 43 / cbal. = 94.8577 / Wtd. con eff = 3.6195 / Wtd. HRF eff = 1.1724 / Pop var. = 0.3452 / time = 0.74
best of generation 44 / cbal. = 94.8577 / Wtd. con eff = 3.6195 / Wtd. HRF eff = 1.1724 / Pop var. = 0.41129 / time = 0.73
best of generation 45 / cbal. = 94.8577 / Wtd. con eff = 3.6195 / Wtd. HRF eff = 1.1724 / Pop var. = 0.36612 / time = 0.73
best of generation 46 / cbal. = 94.8577 / Wtd. con eff = 3.6195 / Wtd. HRF eff = 1.1724 / Pop var. = 0.48023 / time = 0.74
best of generation 47 / cbal. = 94.8577 / Wtd. con eff = 3.6195 / Wtd. HRF eff = 1.1724 / Pop var. = 0.36831 / time = 0.73
best of generation 48 / cbal. = 94.9523 / Wtd. con eff = 3.596 / Wtd. HRF eff = 1.7125 / Pop var. = 0.43613 / time = 0.73
best of generation 49 / cbal. = 94.9523 / Wtd. con eff = 3.596 / Wtd. HRF eff = 1.7125 / Pop var. = 0.39804 / time = 0.75
best of generation 50 / cbal. = 94.9523 / Wtd. con eff = 3.596 / Wtd. HRF eff = 1.7125 / Pop var. = 0.49106 / time = 0.75
best of generation 51 / cbal. = 94.9523 / Wtd. con eff = 3.596 / Wtd. HRF eff = 1.7125 / Pop var. = 0.45352 / time = 0.76
best of generation 52 / cbal. = 94.9523 / Wtd. con eff = 3.596 / Wtd. HRF eff = 1.7125 / Pop var. = 0.3937 / time = 0.74
best of generation 53 / cbal. = 94.9523 / Wtd. con eff = 3.596 / Wtd. HRF eff = 1.7125 / Pop var. = 0.4456 / time = 0.75
best of generation 54 / cbal. = 94.9523 / Wtd. con eff = 3.596 / Wtd. HRF eff = 1.7125 / Pop var. = 0.40765 / time = 0.74
best of generation 55 / cbal. = 94.9523 / Wtd. con eff = 3.596 / Wtd. HRF eff = 1.7125 / Pop var. = 0.35372 / time = 0.75
best of generation 56 / cbal. = 94.4953 / Wtd. con eff = 3.6882 / Wtd. HRF eff = 1.6578 / Pop var. = 0.42732 / time = 0.75
best of generation 57 / cbal. = 94.4953 / Wtd. con eff = 3.6882 / Wtd. HRF eff = 1.6578 / Pop var. = 0.40068 / time = 0.74
best of generation 58 / cbal. = 94.4953 / Wtd. con eff = 3.6882 / Wtd. HRF eff = 1.6578 / Pop var. = 0.38566 / time = 0.73
best of generation 59 / cbal. = 94.4953 / Wtd. con eff = 3.6882 / Wtd. HRF eff = 1.6578 / Pop var. = 0.46247 / time = 0.75
best of generation 60 / cbal. = 94.4953 / Wtd. con eff = 3.6882 / Wtd. HRF eff = 1.6578 / Pop var. = 0.4322 / time = 0.75
best of generation 61 / cbal. = 94.4953 / Wtd. con eff = 3.6882 / Wtd. HRF eff = 1.6578 / Pop var. = 0.3393 / time = 0.74
best of generation 62 / cbal. = 94.4953 / Wtd. con eff = 3.6882 / Wtd. HRF eff = 1.6578 / Pop var. = 0.35704 / time = 0.76
best of generation 63 / cbal. = 95.0977 / Wtd. con eff = 3.6135 / Wtd. HRF eff = 1.573 / Pop var. = 0.41197 / time = 0.76
best of generation 64 / cbal. = 94.4953 / Wtd. con eff = 3.6882 / Wtd. HRF eff = 1.6578 / Pop var. = 0.36086 / time = 0.75
best of generation 65 / cbal. = 94.4953 / Wtd. con eff = 3.6882 / Wtd. HRF eff = 1.6578 / Pop var. = 0.42105 / time = 0.75
best of generation 66 / cbal. = 94.4953 / Wtd. con eff = 3.6882 / Wtd. HRF eff = 1.6578 / Pop var. = 0.41292 / time = 0.73
best of generation 67 / cbal. = 94.4953 / Wtd. con eff = 3.6882 / Wtd. HRF eff = 1.6578 / Pop var. = 0.38817 / time = 0.75
best of generation 68 / cbal. = 94.4953 / Wtd. con eff = 3.6882 / Wtd. HRF eff = 1.6578 / Pop var. = 0.50084 / time = 0.73
best of generation 69 / cbal. = 94.4953 / Wtd. con eff = 3.6882 / Wtd. HRF eff = 1.6578 / Pop var. = 0.46338 / time = 0.75
best of generation 70 / cbal. = 94.4953 / Wtd. con eff = 3.6882 / Wtd. HRF eff = 1.6578 / Pop var. = 0.40492 / time = 0.77
best of generation 71 / cbal. = 94.4953 / Wtd. con eff = 3.6882 / Wtd. HRF eff = 1.6578 / Pop var. = 0.32313 / time = 0.76
best of generation 72 / cbal. = 94.4953 / Wtd. con eff = 3.6882 / Wtd. HRF eff = 1.6578 / Pop var. = 0.43741 / time = 0.78
best of generation 73 / cbal. = 94.4953 / Wtd. con eff = 3.6882 / Wtd. HRF eff = 1.6578 / Pop var. = 0.42776 / time = 0.77
best of generation 74 / cbal. = 94.4953 / Wtd. con eff = 3.6882 / Wtd. HRF eff = 1.6578 / Pop var. = 0.35158 / time = 0.75
best of generation 75 / cbal. = 94.4953 / Wtd. con eff = 3.6882 / Wtd. HRF eff = 1.6578 / Pop var. = 0.45384 / time = 0.86
best of generation 76 / cbal. = 94.4953 / Wtd. con eff = 3.6882 / Wtd. HRF eff = 1.6578 / Pop var. = 0.4008 / time = 0.75
best of generation 77 / cbal. = 94.4953 / Wtd. con eff = 3.6882 / Wtd. HRF eff = 1.6578 / Pop var. = 0.36081 / time = 0.77
best of generation 78 / cbal. = 94.4953 / Wtd. con eff = 3.6882 / Wtd. HRF eff = 1.6578 / Pop var. = 0.38549 / time = 0.76
best of generation 79 / cbal. = 94.4953 / Wtd. con eff = 3.6882 / Wtd. HRF eff = 1.6578 / Pop var. = 0.42639 / time = 0.75
best of generation 80 / cbal. = 94.4953 / Wtd. con eff = 3.6882 / Wtd. HRF eff = 1.6578 / Pop var. = 0.42878 / time = 0.76
best of generation 81 / cbal. = 94.4953 / Wtd. con eff = 3.6882 / Wtd. HRF eff = 1.6578 / Pop var. = 0.38531 / time = 0.75
best of generation 82 / cbal. = 94.4953 / Wtd. con eff = 3.6882 / Wtd. HRF eff = 1.6578 / Pop var. = 0.48103 / time = 0.74
best of generation 83 / cbal. = 94.4953 / Wtd. con eff = 3.6882 / Wtd. HRF eff = 1.6578 / Pop var. = 0.46933 / time = 0.73
best of generation 84 / cbal. = 94.4953 / Wtd. con eff = 3.6882 / Wtd. HRF eff = 1.6578 / Pop var. = 0.42079 / time = 0.75
best of generation 85 / cbal. = 94.4953 / Wtd. con eff = 3.6882 / Wtd. HRF eff = 1.6578 / Pop var. = 0.37705 / time = 0.73
best of generation 86 / cbal. = 94.4953 / Wtd. con eff = 3.6882 / Wtd. HRF eff = 1.6578 / Pop var. = 0.42414 / time = 0.74
best of generation 87 / cbal. = 94.4953 / Wtd. con eff = 3.6882 / Wtd. HRF eff = 1.6578 / Pop var. = 0.34256 / time = 0.74
best of generation 88 / cbal. = 94.4953 / Wtd. con eff = 3.6882 / Wtd. HRF eff = 1.6578 / Pop var. = 0.39931 / time = 0.74
best of generation 89 / cbal. = 94.4953 / Wtd. con eff = 3.6882 / Wtd. HRF eff = 1.6578 / Pop var. = 0.52731 / time = 0.73
best of generation 90 / cbal. = 94.4953 / Wtd. con eff = 3.6882 / Wtd. HRF eff = 1.6578 / Pop var. = 0.45145 / time = 0.74
best of generation 91 / cbal. = 94.4953 / Wtd. con eff = 3.6882 / Wtd. HRF eff = 1.6578 / Pop var. = 0.40229 / time = 0.77
best of generation 92 / cbal. = 94.4953 / Wtd. con eff = 3.6882 / Wtd. HRF eff = 1.6578 / Pop var. = 0.34667 / time = 0.75
best of generation 93 / cbal. = 94.4953 / Wtd. con eff = 3.6882 / Wtd. HRF eff = 1.6578 / Pop var. = 0.40429 / time = 0.75
best of generation 94 / cbal. = 94.4953 / Wtd. con eff = 3.6882 / Wtd. HRF eff = 1.6578 / Pop var. = 0.35278 / time = 0.76
best of generation 95 / cbal. = 94.4953 / Wtd. con eff = 3.6882 / Wtd. HRF eff = 1.6578 / Pop var. = 0.39406 / time = 0.78
best of generation 96 / cbal. = 94.4953 / Wtd. con eff = 3.6882 / Wtd. HRF eff = 1.6578 / Pop var. = 0.46231 / time = 0.75
best of generation 97 / cbal. = 94.4953 / Wtd. con eff = 3.6882 / Wtd. HRF eff = 1.6578 / Pop var. = 0.40875 / time = 0.76
best of generation 98 / cbal. = 94.4953 / Wtd. con eff = 3.6882 / Wtd. HRF eff = 1.6578 / Pop var. = 0.35908 / time = 0.74
best of generation 99 / cbal. = 94.4953 / Wtd. con eff = 3.6882 / Wtd. HRF eff = 1.6578 / Pop var. = 0.43689 / time = 0.75
best of generation 100 / cbal. = 94.4953 / Wtd. con eff = 3.6882 / Wtd. HRF eff = 1.6578 / Pop var. = 0.40564 / time = 0.74
best of generation 101 / cbal. = 94.2245 / Wtd. con eff = 3.7075 / Wtd. HRF eff = 1.9851 / Pop var. = 0.38552 / time = 0.76
best of generation 102 / cbal. = 94.2245 / Wtd. con eff = 3.7075 / Wtd. HRF eff = 1.9851 / Pop var. = 0.45257 / time = 0.76
best of generation 103 / cbal. = 94.2245 / Wtd. con eff = 3.7075 / Wtd. HRF eff = 1.9851 / Pop var. = 0.36361 / time = 0.75
best of generation 104 / cbal. = 94.2245 / Wtd. con eff = 3.7075 / Wtd. HRF eff = 1.9851 / Pop var. = 0.41535 / time = 0.75
best of generation 105 / cbal. = 94.2245 / Wtd. con eff = 3.7075 / Wtd. HRF eff = 1.9851 / Pop var. = 0.3632 / time = 0.74
best of generation 106 / cbal. = 94.2245 / Wtd. con eff = 3.7075 / Wtd. HRF eff = 1.9851 / Pop var. = 0.44557 / time = 0.75
best of generation 107 / cbal. = 94.2245 / Wtd. con eff = 3.7075 / Wtd. HRF eff = 1.9851 / Pop var. = 0.43417 / time = 0.74
best of generation 108 / cbal. = 94.2245 / Wtd. con eff = 3.7075 / Wtd. HRF eff = 1.9851 / Pop var. = 0.38172 / time = 0.74
best of generation 109 / cbal. = 94.2245 / Wtd. con eff = 3.7075 / Wtd. HRF eff = 1.9851 / Pop var. = 0.45011 / time = 0.76
best of generation 110 / cbal. = 94.2245 / Wtd. con eff = 3.7075 / Wtd. HRF eff = 1.9851 / Pop var. = 0.39523 / time = 0.74
best of generation 111 / cbal. = 94.2245 / Wtd. con eff = 3.7075 / Wtd. HRF eff = 1.9851 / Pop var. = 0.4383 / time = 0.77
best of generation 112 / cbal. = 94.8733 / Wtd. con eff = 3.5908 / Wtd. HRF eff = 2.1906 / Pop var. = 0.40221 / time = 0.76
best of generation 113 / cbal. = 94.4228 / Wtd. con eff = 3.6814 / Wtd. HRF eff = 1.797 / Pop var. = 0.37997 / time = 0.77
best of generation 114 / cbal. = 94.4228 / Wtd. con eff = 3.6814 / Wtd. HRF eff = 1.797 / Pop var. = 0.41297 / time = 0.75
best of generation 115 / cbal. = 94.5836 / Wtd. con eff = 3.6488 / Wtd. HRF eff = 1.9778 / Pop var. = 0.40307 / time = 0.75
best of generation 116 / cbal. = 94.6583 / Wtd. con eff = 3.6607 / Wtd. HRF eff = 1.7318 / Pop var. = 0.37284 / time = 0.74
best of generation 117 / cbal. = 94.6583 / Wtd. con eff = 3.6607 / Wtd. HRF eff = 1.7318 / Pop var. = 0.44924 / time = 0.74
best of generation 118 / cbal. = 94.2245 / Wtd. con eff = 3.7075 / Wtd. HRF eff = 1.9851 / Pop var. = 0.38591 / time = 0.76
best of generation 119 / cbal. = 94.2245 / Wtd. con eff = 3.7075 / Wtd. HRF eff = 1.9851 / Pop var. = 0.4613 / time = 0.76
best of generation 120 / cbal. = 94.2245 / Wtd. con eff = 3.7075 / Wtd. HRF eff = 1.9851 / Pop var. = 0.42813 / time = 0.75
best of generation 121 / cbal. = 94.2245 / Wtd. con eff = 3.7075 / Wtd. HRF eff = 1.9851 / Pop var. = 0.37548 / time = 0.74
best of generation 122 / cbal. = 94.2245 / Wtd. con eff = 3.7075 / Wtd. HRF eff = 1.9851 / Pop var. = 0.41814 / time = 0.74
best of generation 123 / cbal. = 94.3512 / Wtd. con eff = 3.7083 / Wtd. HRF eff = 2.0365 / Pop var. = 0.38609 / time = 0.76
best of generation 124 / cbal. = 94.3512 / Wtd. con eff = 3.7083 / Wtd. HRF eff = 2.0365 / Pop var. = 0.47689 / time = 0.76
best of generation 125 / cbal. = 94.3512 / Wtd. con eff = 3.7083 / Wtd. HRF eff = 2.0365 / Pop var. = 0.4277 / time = 0.74
best of generation 126 / cbal. = 94.3512 / Wtd. con eff = 3.7083 / Wtd. HRF eff = 2.0365 / Pop var. = 0.33433 / time = 0.75
best of generation 127 / cbal. = 94.3512 / Wtd. con eff = 3.7083 / Wtd. HRF eff = 2.0365 / Pop var. = 0.39758 / time = 0.74
best of generation 128 / cbal. = 94.3512 / Wtd. con eff = 3.7083 / Wtd. HRF eff = 2.0365 / Pop var. = 0.44164 / time = 0.75
best of generation 129 / cbal. = 94.3512 / Wtd. con eff = 3.7083 / Wtd. HRF eff = 2.0365 / Pop var. = 0.37519 / time = 0.74
best of generation 130 / cbal. = 94.3512 / Wtd. con eff = 3.7083 / Wtd. HRF eff = 2.0365 / Pop var. = 0.437 / time = 0.73
best of generation 131 / cbal. = 94.3512 / Wtd. con eff = 3.7083 / Wtd. HRF eff = 2.0365 / Pop var. = 0.38196 / time = 0.74
best of generation 132 / cbal. = 94.3512 / Wtd. con eff = 3.7083 / Wtd. HRF eff = 2.0365 / Pop var. = 0.44346 / time = 0.73
best of generation 133 / cbal. = 94.3512 / Wtd. con eff = 3.7083 / Wtd. HRF eff = 2.0365 / Pop var. = 0.3893 / time = 0.74
best of generation 134 / cbal. = 94.3512 / Wtd. con eff = 3.7083 / Wtd. HRF eff = 2.0365 / Pop var. = 0.43574 / time = 0.75
best of generation 135 / cbal. = 94.3512 / Wtd. con eff = 3.7083 / Wtd. HRF eff = 2.0365 / Pop var. = 0.40906 / time = 0.73
best of generation 136 / cbal. = 94.3512 / Wtd. con eff = 3.7083 / Wtd. HRF eff = 2.0365 / Pop var. = 0.34498 / time = 0.74
best of generation 137 / cbal. = 94.3512 / Wtd. con eff = 3.7083 / Wtd. HRF eff = 2.0365 / Pop var. = 0.44252 / time = 0.74
best of generation 138 / cbal. = 94.3512 / Wtd. con eff = 3.7083 / Wtd. HRF eff = 2.0365 / Pop var. = 0.37158 / time = 0.73
best of generation 139 / cbal. = 94.3512 / Wtd. con eff = 3.7083 / Wtd. HRF eff = 2.0365 / Pop var. = 0.39347 / time = 0.73
best of generation 140 / cbal. = 94.3512 / Wtd. con eff = 3.7083 / Wtd. HRF eff = 2.0365 / Pop var. = 0.48579 / time = 0.73
best of generation 141 / cbal. = 94.3512 / Wtd. con eff = 3.7083 / Wtd. HRF eff = 2.0365 / Pop var. = 0.44926 / time = 0.72
best of generation 142 / cbal. = 94.3512 / Wtd. con eff = 3.7083 / Wtd. HRF eff = 2.0365 / Pop var. = 0.3651 / time = 0.73
best of generation 143 / cbal. = 94.3512 / Wtd. con eff = 3.7083 / Wtd. HRF eff = 2.0365 / Pop var. = 0.42811 / time = 0.75
best of generation 144 / cbal. = 94.3512 / Wtd. con eff = 3.7083 / Wtd. HRF eff = 2.0365 / Pop var. = 0.40044 / time = 0.74
best of generation 145 / cbal. = 94.3512 / Wtd. con eff = 3.7083 / Wtd. HRF eff = 2.0365 / Pop var. = 0.32693 / time = 0.73
best of generation 146 / cbal. = 94.3512 / Wtd. con eff = 3.7083 / Wtd. HRF eff = 2.0365 / Pop var. = 0.42746 / time = 0.74
best of generation 147 / cbal. = 94.3512 / Wtd. con eff = 3.7083 / Wtd. HRF eff = 2.0365 / Pop var. = 0.35899 / time = 0.76
best of generation 148 / cbal. = 94.3512 / Wtd. con eff = 3.7083 / Wtd. HRF eff = 2.0365 / Pop var. = 0.36811 / time = 0.73
best of generation 149 / cbal. = 94.3512 / Wtd. con eff = 3.7083 / Wtd. HRF eff = 2.0365 / Pop var. = 0.45069 / time = 0.74
best of generation 150 / cbal. = 94.3512 / Wtd. con eff = 3.7083 / Wtd. HRF eff = 2.0365 / Pop var. = 0.43022 / time = 0.75
best of generation 151 / cbal. = 94.3512 / Wtd. con eff = 3.7083 / Wtd. HRF eff = 2.0365 / Pop var. = 0.35391 / time = 0.74
best of generation 152 / cbal. = 94.3512 / Wtd. con eff = 3.7083 / Wtd. HRF eff = 2.0365 / Pop var. = 0.43039 / time = 0.75
best of generation 153 / cbal. = 94.3512 / Wtd. con eff = 3.7083 / Wtd. HRF eff = 2.0365 / Pop var. = 0.38943 / time = 0.73
best of generation 154 / cbal. = 94.3512 / Wtd. con eff = 3.7083 / Wtd. HRF eff = 2.0365 / Pop var. = 0.43667 / time = 0.74
best of generation 155 / cbal. = 94.3512 / Wtd. con eff = 3.7083 / Wtd. HRF eff = 2.0365 / Pop var. = 0.35793 / time = 0.74
best of generation 156 / cbal. = 94.3512 / Wtd. con eff = 3.7083 / Wtd. HRF eff = 2.0365 / Pop var. = 0.43779 / time = 0.74
best of generation 157 / cbal. = 94.3512 / Wtd. con eff = 3.7083 / Wtd. HRF eff = 2.0365 / Pop var. = 0.37402 / time = 0.74
best of generation 158 / cbal. = 94.3512 / Wtd. con eff = 3.7083 / Wtd. HRF eff = 2.0365 / Pop var. = 0.42257 / time = 0.74
best of generation 159 / cbal. = 94.3512 / Wtd. con eff = 3.7083 / Wtd. HRF eff = 2.0365 / Pop var. = 0.37687 / time = 0.76
saving workspace as GAresults.mat
M = 
     origlist: [49x1 double]
     restlist: [20x1 double]
     stimlist: [60x1 double]
           ga: [1x1 struct]
    bestLists: [60x159 uint8]
         date: '11-9-2014'
optimizeGA done: 120.6 s
