Starting Model 23
OptimizeGA
===============================
Saturation threshold = 
Setting up variables
You entered 2 conditions  (event types) that will each be modeled with a regessor. 
 Note that if you enter 0 as a condition number, those events will not be modeled
 (they are assumed to be rest/inter-stimulus interval periods)

Contrasts entered. You entered matrix of 3 contrasts, with weights across 4 conditions.
 Contrasts:
     1     1    -1    -1
     1     0    -1     0
     0     1     0    -1
 ...adding one column to contrast matrix with weights of 0, to model the intercept
You entered a contrast weight vector across 3 contrasts
 	...Using rests of length 1 and resting every 4
================== Parameters ======================
     Total stimuli in scan      : 60
     Fixed rest length in ITIs  : 1
     Fixed Rest stimuli in scan : 11
     Num blank intervals        : 9
     Num of task conds          : 2
     Num stimuli each cond      : 20  20
====================================================
	...generating lists of organisms
	...USING TRANS2BLOCK >
     freqConditions = 0.2         0.2         0.2         0.2
     conditions = 1  2  3  4
REST INTERVALS: not used (to use, freqCond should be one longer than conditions
  ...randomizing organism start state
	...restMatrix is 20 X 40
ans =
     4     4     4     4     4     4     4     4     4     4
     4     4     4     4     4     4     4     4     4     4
     4     4     4     4     4     4     4     4     4     4
     4     4     4     4     4     4     4     4     4     4
     4     4     4     4     4     4     4     4     4     4
======== Num stimuli, averaged across lists (before instruction/rest stimuli) ========
		Condition 0: 9 stimuli, 15% of total stimuli
		Condition 1: 20 stimuli, 33.3333% of total stimuli
		Condition 2: 20 stimuli, 33.3333% of total stimuli
		Condition 3: 0 stimuli, 0% of total stimuli
		Condition 4: 0 stimuli, 0% of total stimuli
======================================================================================
best of generation 1 / cbal. = 94.6392 / Wtd. con eff = 2.6514 / Wtd. HRF eff = 0.56384 / Pop var. = 0.86364 / time = 0.73
best of generation 2 / cbal. = 94.2713 / Wtd. con eff = 2.7163 / Wtd. HRF eff = 0.74206 / Pop var. = 0.83756 / time = 0.73
best of generation 3 / cbal. = 94.6793 / Wtd. con eff = 2.9721 / Wtd. HRF eff = 0.57714 / Pop var. = 0.83232 / time = 0.72
best of generation 4 / cbal. = 95.011 / Wtd. con eff = 2.7496 / Wtd. HRF eff = 0.53795 / Pop var. = 0.81231 / time = 0.73
best of generation 5 / cbal. = 94.9425 / Wtd. con eff = 2.8308 / Wtd. HRF eff = 0.61129 / Pop var. = 0.79378 / time = 0.72
best of generation 6 / cbal. = 94.3211 / Wtd. con eff = 2.8335 / Wtd. HRF eff = 0.97041 / Pop var. = 0.75372 / time = 0.73
best of generation 7 / cbal. = 94.8956 / Wtd. con eff = 2.9997 / Wtd. HRF eff = 0.62383 / Pop var. = 0.76553 / time = 0.73
best of generation 8 / cbal. = 95.0817 / Wtd. con eff = 2.8758 / Wtd. HRF eff = 0.75859 / Pop var. = 0.74833 / time = 0.72
best of generation 9 / cbal. = 94.8468 / Wtd. con eff = 3.0484 / Wtd. HRF eff = 0.78838 / Pop var. = 0.7127 / time = 0.73
best of generation 10 / cbal. = 94.7891 / Wtd. con eff = 3.1121 / Wtd. HRF eff = 0.61698 / Pop var. = 0.62893 / time = 0.72
best of generation 11 / cbal. = 94.931 / Wtd. con eff = 3.1943 / Wtd. HRF eff = 0.68909 / Pop var. = 0.57386 / time = 0.74
best of generation 12 / cbal. = 94.931 / Wtd. con eff = 3.1943 / Wtd. HRF eff = 0.68909 / Pop var. = 0.55939 / time = 0.73
best of generation 13 / cbal. = 95.089 / Wtd. con eff = 3.1944 / Wtd. HRF eff = 0.62497 / Pop var. = 0.55354 / time = 0.73
best of generation 14 / cbal. = 95.102 / Wtd. con eff = 3.3401 / Wtd. HRF eff = 0.67205 / Pop var. = 0.55107 / time = 0.73
best of generation 15 / cbal. = 95.2675 / Wtd. con eff = 3.023 / Wtd. HRF eff = 0.8779 / Pop var. = 0.58672 / time = 0.73
best of generation 16 / cbal. = 95.1472 / Wtd. con eff = 3.4018 / Wtd. HRF eff = 0.78652 / Pop var. = 0.5481 / time = 0.73
best of generation 17 / cbal. = 95.1472 / Wtd. con eff = 3.4018 / Wtd. HRF eff = 0.78652 / Pop var. = 0.48645 / time = 0.73
best of generation 18 / cbal. = 95.1472 / Wtd. con eff = 3.4018 / Wtd. HRF eff = 0.78652 / Pop var. = 0.4457 / time = 0.73
best of generation 19 / cbal. = 95.1472 / Wtd. con eff = 3.4018 / Wtd. HRF eff = 0.78652 / Pop var. = 0.3665 / time = 0.8
best of generation 20 / cbal. = 95.3243 / Wtd. con eff = 3.4449 / Wtd. HRF eff = 0.77234 / Pop var. = 0.42083 / time = 0.73
best of generation 21 / cbal. = 95.3243 / Wtd. con eff = 3.4449 / Wtd. HRF eff = 0.77234 / Pop var. = 0.40236 / time = 0.73
best of generation 22 / cbal. = 95.3243 / Wtd. con eff = 3.4449 / Wtd. HRF eff = 0.77234 / Pop var. = 0.40384 / time = 0.74
best of generation 23 / cbal. = 94.8733 / Wtd. con eff = 3.5816 / Wtd. HRF eff = 0.95314 / Pop var. = 0.38345 / time = 0.73
best of generation 24 / cbal. = 94.8733 / Wtd. con eff = 3.5816 / Wtd. HRF eff = 0.95314 / Pop var. = 0.50724 / time = 0.75
best of generation 25 / cbal. = 94.8733 / Wtd. con eff = 3.5816 / Wtd. HRF eff = 0.95314 / Pop var. = 0.47751 / time = 0.74
best of generation 26 / cbal. = 94.8733 / Wtd. con eff = 3.5816 / Wtd. HRF eff = 0.95314 / Pop var. = 0.4217 / time = 0.75
best of generation 27 / cbal. = 94.8733 / Wtd. con eff = 3.5816 / Wtd. HRF eff = 0.95314 / Pop var. = 0.43671 / time = 0.73
best of generation 28 / cbal. = 94.9048 / Wtd. con eff = 3.5707 / Wtd. HRF eff = 1.0974 / Pop var. = 0.40199 / time = 0.74
best of generation 29 / cbal. = 94.9048 / Wtd. con eff = 3.5707 / Wtd. HRF eff = 1.0974 / Pop var. = 0.34296 / time = 0.74
best of generation 30 / cbal. = 94.9048 / Wtd. con eff = 3.5707 / Wtd. HRF eff = 1.0974 / Pop var. = 0.37405 / time = 0.73
best of generation 31 / cbal. = 94.9048 / Wtd. con eff = 3.5973 / Wtd. HRF eff = 1.1661 / Pop var. = 0.45872 / time = 0.73
best of generation 32 / cbal. = 95.0977 / Wtd. con eff = 3.5734 / Wtd. HRF eff = 1.1945 / Pop var. = 0.45973 / time = 0.74
best of generation 33 / cbal. = 94.9048 / Wtd. con eff = 3.5973 / Wtd. HRF eff = 1.1661 / Pop var. = 0.40135 / time = 0.74
best of generation 34 / cbal. = 94.9048 / Wtd. con eff = 3.5973 / Wtd. HRF eff = 1.1661 / Pop var. = 0.32449 / time = 0.74
best of generation 35 / cbal. = 94.9048 / Wtd. con eff = 3.5973 / Wtd. HRF eff = 1.1661 / Pop var. = 0.39534 / time = 0.73
best of generation 36 / cbal. = 94.9048 / Wtd. con eff = 3.5973 / Wtd. HRF eff = 1.1661 / Pop var. = 0.47214 / time = 0.72
best of generation 37 / cbal. = 94.9048 / Wtd. con eff = 3.5973 / Wtd. HRF eff = 1.1661 / Pop var. = 0.40873 / time = 0.72
best of generation 38 / cbal. = 94.9048 / Wtd. con eff = 3.5973 / Wtd. HRF eff = 1.1661 / Pop var. = 0.33817 / time = 0.73
best of generation 39 / cbal. = 94.8733 / Wtd. con eff = 3.6076 / Wtd. HRF eff = 1.5437 / Pop var. = 0.40507 / time = 0.74
best of generation 40 / cbal. = 94.8733 / Wtd. con eff = 3.6076 / Wtd. HRF eff = 1.5437 / Pop var. = 0.4108 / time = 0.73
best of generation 41 / cbal. = 94.8733 / Wtd. con eff = 3.6076 / Wtd. HRF eff = 1.5437 / Pop var. = 0.37192 / time = 0.73
best of generation 42 / cbal. = 94.8733 / Wtd. con eff = 3.6076 / Wtd. HRF eff = 1.5437 / Pop var. = 0.44536 / time = 0.72
best of generation 43 / cbal. = 94.8733 / Wtd. con eff = 3.6076 / Wtd. HRF eff = 1.5437 / Pop var. = 0.39 / time = 0.75
best of generation 44 / cbal. = 94.8733 / Wtd. con eff = 3.6076 / Wtd. HRF eff = 1.5437 / Pop var. = 0.46709 / time = 0.74
best of generation 45 / cbal. = 94.8733 / Wtd. con eff = 3.6076 / Wtd. HRF eff = 1.5437 / Pop var. = 0.43875 / time = 0.74
best of generation 46 / cbal. = 94.8733 / Wtd. con eff = 3.6076 / Wtd. HRF eff = 1.5437 / Pop var. = 0.38521 / time = 0.73
best of generation 47 / cbal. = 94.8733 / Wtd. con eff = 3.6076 / Wtd. HRF eff = 1.5437 / Pop var. = 0.47632 / time = 0.74
best of generation 48 / cbal. = 94.4807 / Wtd. con eff = 3.6811 / Wtd. HRF eff = 1.2438 / Pop var. = 0.45421 / time = 0.73
best of generation 49 / cbal. = 94.4807 / Wtd. con eff = 3.6811 / Wtd. HRF eff = 1.2438 / Pop var. = 0.43842 / time = 0.73
best of generation 50 / cbal. = 94.4807 / Wtd. con eff = 3.6811 / Wtd. HRF eff = 1.2438 / Pop var. = 0.37224 / time = 0.74
best of generation 51 / cbal. = 94.4807 / Wtd. con eff = 3.6811 / Wtd. HRF eff = 1.2438 / Pop var. = 0.4621 / time = 0.73
best of generation 52 / cbal. = 94.4807 / Wtd. con eff = 3.6811 / Wtd. HRF eff = 1.2438 / Pop var. = 0.44068 / time = 0.75
best of generation 53 / cbal. = 94.4807 / Wtd. con eff = 3.6811 / Wtd. HRF eff = 1.2438 / Pop var. = 0.39257 / time = 0.74
best of generation 54 / cbal. = 94.6734 / Wtd. con eff = 3.6488 / Wtd. HRF eff = 1.6096 / Pop var. = 0.49428 / time = 0.74
best of generation 55 / cbal. = 94.6734 / Wtd. con eff = 3.6488 / Wtd. HRF eff = 1.6096 / Pop var. = 0.44898 / time = 0.74
best of generation 56 / cbal. = 94.6508 / Wtd. con eff = 3.6523 / Wtd. HRF eff = 1.6706 / Pop var. = 0.43887 / time = 0.77
best of generation 57 / cbal. = 94.6508 / Wtd. con eff = 3.6523 / Wtd. HRF eff = 1.6706 / Pop var. = 0.42493 / time = 0.73
best of generation 58 / cbal. = 94.6508 / Wtd. con eff = 3.6523 / Wtd. HRF eff = 1.6706 / Pop var. = 0.41831 / time = 0.73
best of generation 59 / cbal. = 94.6508 / Wtd. con eff = 3.6523 / Wtd. HRF eff = 1.6706 / Pop var. = 0.39022 / time = 0.74
best of generation 60 / cbal. = 94.6508 / Wtd. con eff = 3.6523 / Wtd. HRF eff = 1.6706 / Pop var. = 0.4328 / time = 0.73
best of generation 61 / cbal. = 94.6508 / Wtd. con eff = 3.6523 / Wtd. HRF eff = 1.6706 / Pop var. = 0.39823 / time = 0.76
best of generation 62 / cbal. = 94.6508 / Wtd. con eff = 3.6523 / Wtd. HRF eff = 1.6706 / Pop var. = 0.48274 / time = 0.74
best of generation 63 / cbal. = 94.6508 / Wtd. con eff = 3.6523 / Wtd. HRF eff = 1.6706 / Pop var. = 0.47087 / time = 0.74
best of generation 64 / cbal. = 94.6508 / Wtd. con eff = 3.6523 / Wtd. HRF eff = 1.6706 / Pop var. = 0.43046 / time = 0.74
best of generation 65 / cbal. = 94.6508 / Wtd. con eff = 3.6523 / Wtd. HRF eff = 1.6706 / Pop var. = 0.43122 / time = 0.73
best of generation 66 / cbal. = 94.6508 / Wtd. con eff = 3.6523 / Wtd. HRF eff = 1.6706 / Pop var. = 0.41865 / time = 0.74
best of generation 67 / cbal. = 94.6508 / Wtd. con eff = 3.6523 / Wtd. HRF eff = 1.6706 / Pop var. = 0.37823 / time = 0.74
best of generation 68 / cbal. = 94.6508 / Wtd. con eff = 3.6523 / Wtd. HRF eff = 1.6706 / Pop var. = 0.41714 / time = 0.74
best of generation 69 / cbal. = 94.6508 / Wtd. con eff = 3.6523 / Wtd. HRF eff = 1.6706 / Pop var. = 0.37024 / time = 0.73
best of generation 70 / cbal. = 94.6508 / Wtd. con eff = 3.6523 / Wtd. HRF eff = 1.6706 / Pop var. = 0.45158 / time = 0.74
best of generation 71 / cbal. = 94.6508 / Wtd. con eff = 3.6523 / Wtd. HRF eff = 1.6706 / Pop var. = 0.3968 / time = 0.73
best of generation 72 / cbal. = 94.6508 / Wtd. con eff = 3.6523 / Wtd. HRF eff = 1.6706 / Pop var. = 0.48095 / time = 0.76
best of generation 73 / cbal. = 94.6508 / Wtd. con eff = 3.6523 / Wtd. HRF eff = 1.6706 / Pop var. = 0.43635 / time = 0.74
best of generation 74 / cbal. = 94.6508 / Wtd. con eff = 3.6523 / Wtd. HRF eff = 1.6706 / Pop var. = 0.37775 / time = 0.74
best of generation 75 / cbal. = 94.6508 / Wtd. con eff = 3.6523 / Wtd. HRF eff = 1.6706 / Pop var. = 0.41952 / time = 0.73
best of generation 76 / cbal. = 94.6508 / Wtd. con eff = 3.6523 / Wtd. HRF eff = 1.6706 / Pop var. = 0.3883 / time = 0.74
best of generation 77 / cbal. = 94.6508 / Wtd. con eff = 3.6523 / Wtd. HRF eff = 1.6706 / Pop var. = 0.44314 / time = 0.74
best of generation 78 / cbal. = 94.6508 / Wtd. con eff = 3.6523 / Wtd. HRF eff = 1.6706 / Pop var. = 0.38298 / time = 0.74
best of generation 79 / cbal. = 94.6508 / Wtd. con eff = 3.6523 / Wtd. HRF eff = 1.6706 / Pop var. = 0.45729 / time = 0.73
best of generation 80 / cbal. = 94.6508 / Wtd. con eff = 3.6523 / Wtd. HRF eff = 1.6706 / Pop var. = 0.41966 / time = 0.73
best of generation 81 / cbal. = 94.6508 / Wtd. con eff = 3.6523 / Wtd. HRF eff = 1.6706 / Pop var. = 0.34498 / time = 0.72
best of generation 82 / cbal. = 93.7564 / Wtd. con eff = 3.7061 / Wtd. HRF eff = 3.5901 / Pop var. = 0.43921 / time = 0.74
best of generation 83 / cbal. = 93.7564 / Wtd. con eff = 3.7061 / Wtd. HRF eff = 3.5901 / Pop var. = 0.3562 / time = 0.75
best of generation 84 / cbal. = 93.7564 / Wtd. con eff = 3.7061 / Wtd. HRF eff = 3.5901 / Pop var. = 0.43604 / time = 0.73
best of generation 85 / cbal. = 93.7564 / Wtd. con eff = 3.7061 / Wtd. HRF eff = 3.5901 / Pop var. = 0.35506 / time = 0.73
best of generation 86 / cbal. = 93.7564 / Wtd. con eff = 3.7061 / Wtd. HRF eff = 3.5901 / Pop var. = 0.44743 / time = 0.74
best of generation 87 / cbal. = 94.4517 / Wtd. con eff = 3.6575 / Wtd. HRF eff = 3.151 / Pop var. = 0.45219 / time = 0.74
best of generation 88 / cbal. = 94.4517 / Wtd. con eff = 3.6575 / Wtd. HRF eff = 3.151 / Pop var. = 0.4355 / time = 0.74
best of generation 89 / cbal. = 94.4517 / Wtd. con eff = 3.6575 / Wtd. HRF eff = 3.151 / Pop var. = 0.38095 / time = 0.76
best of generation 90 / cbal. = 94.4517 / Wtd. con eff = 3.6575 / Wtd. HRF eff = 3.151 / Pop var. = 0.43767 / time = 0.72
best of generation 91 / cbal. = 94.4517 / Wtd. con eff = 3.6575 / Wtd. HRF eff = 3.151 / Pop var. = 0.37504 / time = 0.72
best of generation 92 / cbal. = 94.4517 / Wtd. con eff = 3.6575 / Wtd. HRF eff = 3.151 / Pop var. = 0.44717 / time = 0.75
best of generation 93 / cbal. = 94.4517 / Wtd. con eff = 3.6575 / Wtd. HRF eff = 3.151 / Pop var. = 0.44029 / time = 0.74
best of generation 94 / cbal. = 94.4517 / Wtd. con eff = 3.6575 / Wtd. HRF eff = 3.151 / Pop var. = 0.39897 / time = 0.9
best of generation 95 / cbal. = 94.4517 / Wtd. con eff = 3.6575 / Wtd. HRF eff = 3.151 / Pop var. = 0.44622 / time = 0.74
best of generation 96 / cbal. = 94.4517 / Wtd. con eff = 3.6575 / Wtd. HRF eff = 3.151 / Pop var. = 0.41723 / time = 0.73
best of generation 97 / cbal. = 94.394 / Wtd. con eff = 3.6813 / Wtd. HRF eff = 3.059 / Pop var. = 0.3887 / time = 0.74
best of generation 98 / cbal. = 94.394 / Wtd. con eff = 3.6813 / Wtd. HRF eff = 3.059 / Pop var. = 0.47347 / time = 0.73
best of generation 99 / cbal. = 94.394 / Wtd. con eff = 3.6813 / Wtd. HRF eff = 3.059 / Pop var. = 0.41604 / time = 0.74
best of generation 100 / cbal. = 94.394 / Wtd. con eff = 3.6813 / Wtd. HRF eff = 3.059 / Pop var. = 0.37697 / time = 0.74
best of generation 101 / cbal. = 94.394 / Wtd. con eff = 3.6813 / Wtd. HRF eff = 3.059 / Pop var. = 0.43866 / time = 0.73
best of generation 102 / cbal. = 94.394 / Wtd. con eff = 3.6813 / Wtd. HRF eff = 3.059 / Pop var. = 0.38489 / time = 0.72
best of generation 103 / cbal. = 94.394 / Wtd. con eff = 3.6813 / Wtd. HRF eff = 3.059 / Pop var. = 0.43706 / time = 0.74
best of generation 104 / cbal. = 94.0802 / Wtd. con eff = 3.7172 / Wtd. HRF eff = 3.4171 / Pop var. = 0.3605 / time = 0.74
best of generation 105 / cbal. = 94.0802 / Wtd. con eff = 3.7172 / Wtd. HRF eff = 3.4171 / Pop var. = 0.45623 / time = 0.74
best of generation 106 / cbal. = 94.0802 / Wtd. con eff = 3.7172 / Wtd. HRF eff = 3.4171 / Pop var. = 0.42307 / time = 0.73
best of generation 107 / cbal. = 94.0802 / Wtd. con eff = 3.7172 / Wtd. HRF eff = 3.4171 / Pop var. = 0.37149 / time = 0.73
best of generation 108 / cbal. = 94.0802 / Wtd. con eff = 3.7172 / Wtd. HRF eff = 3.4171 / Pop var. = 0.4288 / time = 0.73
best of generation 109 / cbal. = 94.0802 / Wtd. con eff = 3.7172 / Wtd. HRF eff = 3.4171 / Pop var. = 0.3729 / time = 0.74
best of generation 110 / cbal. = 94.0802 / Wtd. con eff = 3.7172 / Wtd. HRF eff = 3.4171 / Pop var. = 0.42776 / time = 0.75
best of generation 111 / cbal. = 94.0802 / Wtd. con eff = 3.7172 / Wtd. HRF eff = 3.4171 / Pop var. = 0.36624 / time = 0.73
best of generation 112 / cbal. = 94.0802 / Wtd. con eff = 3.7172 / Wtd. HRF eff = 3.4171 / Pop var. = 0.41954 / time = 0.74
best of generation 113 / cbal. = 94.0802 / Wtd. con eff = 3.7172 / Wtd. HRF eff = 3.4171 / Pop var. = 0.40765 / time = 0.74
best of generation 114 / cbal. = 94.0802 / Wtd. con eff = 3.7172 / Wtd. HRF eff = 3.4171 / Pop var. = 0.36133 / time = 0.74
best of generation 115 / cbal. = 94.0802 / Wtd. con eff = 3.7172 / Wtd. HRF eff = 3.4171 / Pop var. = 0.44322 / time = 0.73
best of generation 116 / cbal. = 94.0802 / Wtd. con eff = 3.7172 / Wtd. HRF eff = 3.4171 / Pop var. = 0.37641 / time = 0.76
best of generation 117 / cbal. = 94.0802 / Wtd. con eff = 3.7172 / Wtd. HRF eff = 3.4171 / Pop var. = 0.44579 / time = 0.73
best of generation 118 / cbal. = 94.0802 / Wtd. con eff = 3.7172 / Wtd. HRF eff = 3.4171 / Pop var. = 0.44038 / time = 0.73
best of generation 119 / cbal. = 94.0802 / Wtd. con eff = 3.7172 / Wtd. HRF eff = 3.4171 / Pop var. = 0.41525 / time = 0.74
best of generation 120 / cbal. = 94.0802 / Wtd. con eff = 3.7172 / Wtd. HRF eff = 3.4171 / Pop var. = 0.35227 / time = 0.73
best of generation 121 / cbal. = 94.0802 / Wtd. con eff = 3.7172 / Wtd. HRF eff = 3.4171 / Pop var. = 0.40399 / time = 0.74
best of generation 122 / cbal. = 94.0802 / Wtd. con eff = 3.7172 / Wtd. HRF eff = 3.4171 / Pop var. = 0.34813 / time = 0.73
best of generation 123 / cbal. = 94.0802 / Wtd. con eff = 3.7172 / Wtd. HRF eff = 3.4171 / Pop var. = 0.42156 / time = 0.75
best of generation 124 / cbal. = 94.5985 / Wtd. con eff = 3.6664 / Wtd. HRF eff = 3.5081 / Pop var. = 0.37371 / time = 0.73
best of generation 125 / cbal. = 94.5985 / Wtd. con eff = 3.6664 / Wtd. HRF eff = 3.5081 / Pop var. = 0.42094 / time = 0.74
best of generation 126 / cbal. = 94.5985 / Wtd. con eff = 3.6664 / Wtd. HRF eff = 3.5081 / Pop var. = 0.3156 / time = 0.74
best of generation 127 / cbal. = 94.5985 / Wtd. con eff = 3.6664 / Wtd. HRF eff = 3.5081 / Pop var. = 0.35626 / time = 0.74
best of generation 128 / cbal. = 94.5985 / Wtd. con eff = 3.6664 / Wtd. HRF eff = 3.5081 / Pop var. = 0.41892 / time = 0.74
best of generation 129 / cbal. = 94.5985 / Wtd. con eff = 3.6664 / Wtd. HRF eff = 3.5081 / Pop var. = 0.35896 / time = 0.73
best of generation 130 / cbal. = 94.5985 / Wtd. con eff = 3.6664 / Wtd. HRF eff = 3.5081 / Pop var. = 0.44584 / time = 0.74
best of generation 131 / cbal. = 94.5985 / Wtd. con eff = 3.6664 / Wtd. HRF eff = 3.5081 / Pop var. = 0.38494 / time = 0.73
best of generation 132 / cbal. = 94.5985 / Wtd. con eff = 3.6664 / Wtd. HRF eff = 3.5081 / Pop var. = 0.44844 / time = 0.74
best of generation 133 / cbal. = 94.6283 / Wtd. con eff = 3.6639 / Wtd. HRF eff = 3.6428 / Pop var. = 0.36579 / time = 0.74
best of generation 134 / cbal. = 94.6283 / Wtd. con eff = 3.6639 / Wtd. HRF eff = 3.6428 / Pop var. = 0.41054 / time = 0.74
best of generation 135 / cbal. = 94.6283 / Wtd. con eff = 3.6639 / Wtd. HRF eff = 3.6428 / Pop var. = 0.36995 / time = 0.73
best of generation 136 / cbal. = 94.6283 / Wtd. con eff = 3.6639 / Wtd. HRF eff = 3.6428 / Pop var. = 0.44467 / time = 0.73
best of generation 137 / cbal. = 94.6283 / Wtd. con eff = 3.6639 / Wtd. HRF eff = 3.6428 / Pop var. = 0.38942 / time = 0.73
best of generation 138 / cbal. = 94.6283 / Wtd. con eff = 3.6639 / Wtd. HRF eff = 3.6428 / Pop var. = 0.45641 / time = 0.73
best of generation 139 / cbal. = 94.6283 / Wtd. con eff = 3.6639 / Wtd. HRF eff = 3.6428 / Pop var. = 0.40186 / time = 0.74
best of generation 140 / cbal. = 94.6283 / Wtd. con eff = 3.6639 / Wtd. HRF eff = 3.6428 / Pop var. = 0.29751 / time = 0.74
best of generation 141 / cbal. = 94.6283 / Wtd. con eff = 3.6639 / Wtd. HRF eff = 3.6428 / Pop var. = 0.38274 / time = 0.73
best of generation 142 / cbal. = 94.6283 / Wtd. con eff = 3.6639 / Wtd. HRF eff = 3.6428 / Pop var. = 0.45371 / time = 0.75
best of generation 143 / cbal. = 94.6283 / Wtd. con eff = 3.6639 / Wtd. HRF eff = 3.6428 / Pop var. = 0.39827 / time = 0.76
best of generation 144 / cbal. = 94.6283 / Wtd. con eff = 3.6639 / Wtd. HRF eff = 3.6428 / Pop var. = 0.43888 / time = 0.73
best of generation 145 / cbal. = 94.6283 / Wtd. con eff = 3.6639 / Wtd. HRF eff = 3.6428 / Pop var. = 0.36506 / time = 0.73
best of generation 146 / cbal. = 94.6283 / Wtd. con eff = 3.6639 / Wtd. HRF eff = 3.6428 / Pop var. = 0.42588 / time = 0.73
best of generation 147 / cbal. = 94.6283 / Wtd. con eff = 3.6639 / Wtd. HRF eff = 3.6428 / Pop var. = 0.39333 / time = 0.74
best of generation 148 / cbal. = 94.6283 / Wtd. con eff = 3.6639 / Wtd. HRF eff = 3.6428 / Pop var. = 0.44159 / time = 0.74
best of generation 149 / cbal. = 94.6283 / Wtd. con eff = 3.6639 / Wtd. HRF eff = 3.6428 / Pop var. = 0.41531 / time = 0.74
best of generation 150 / cbal. = 94.6283 / Wtd. con eff = 3.6639 / Wtd. HRF eff = 3.6428 / Pop var. = 0.33694 / time = 0.73
best of generation 151 / cbal. = 94.6283 / Wtd. con eff = 3.6639 / Wtd. HRF eff = 3.6428 / Pop var. = 0.4182 / time = 0.73
best of generation 152 / cbal. = 94.6283 / Wtd. con eff = 3.6639 / Wtd. HRF eff = 3.6428 / Pop var. = 0.38166 / time = 0.74
best of generation 153 / cbal. = 94.6283 / Wtd. con eff = 3.6639 / Wtd. HRF eff = 3.6428 / Pop var. = 0.45644 / time = 0.73
best of generation 154 / cbal. = 94.6283 / Wtd. con eff = 3.6639 / Wtd. HRF eff = 3.6428 / Pop var. = 0.36723 / time = 0.75
best of generation 155 / cbal. = 94.6283 / Wtd. con eff = 3.6639 / Wtd. HRF eff = 3.6428 / Pop var. = 0.43607 / time = 0.74
best of generation 156 / cbal. = 94.6283 / Wtd. con eff = 3.6639 / Wtd. HRF eff = 3.6428 / Pop var. = 0.38692 / time = 0.73
best of generation 157 / cbal. = 94.6283 / Wtd. con eff = 3.6639 / Wtd. HRF eff = 3.6428 / Pop var. = 0.44974 / time = 0.73
best of generation 158 / cbal. = 94.6283 / Wtd. con eff = 3.6639 / Wtd. HRF eff = 3.6428 / Pop var. = 0.40108 / time = 0.74
best of generation 159 / cbal. = 94.6283 / Wtd. con eff = 3.6639 / Wtd. HRF eff = 3.6428 / Pop var. = 0.34369 / time = 0.74
best of generation 160 / cbal. = 94.6283 / Wtd. con eff = 3.6639 / Wtd. HRF eff = 3.6428 / Pop var. = 0.40829 / time = 0.75
saving workspace as GAresults.mat
M = 
     origlist: [49x1 double]
     restlist: [20x1 double]
     stimlist: [60x1 double]
           ga: [1x1 struct]
    bestLists: [60x160 uint8]
         date: '11-9-2014'
optimizeGA done: 120.56 s
