Starting Model 29
OptimizeGA
===============================
Saturation threshold = 
Setting up variables
You entered 2 conditions  (event types) that will each be modeled with a regessor. 
 Note that if you enter 0 as a condition number, those events will not be modeled
 (they are assumed to be rest/inter-stimulus interval periods)

Contrasts entered. You entered matrix of 3 contrasts, with weights across 4 conditions.
 Contrasts:
     1     1    -1    -1
     1     0    -1     0
     0     1     0    -1
 ...adding one column to contrast matrix with weights of 0, to model the intercept
You entered a contrast weight vector across 3 contrasts
 	...Using rests of length 1 and resting every 4
================== Parameters ======================
     Total stimuli in scan      : 60
     Fixed rest length in ITIs  : 1
     Fixed Rest stimuli in scan : 11
     Num blank intervals        : 9
     Num of task conds          : 2
     Num stimuli each cond      : 20  20
====================================================
	...generating lists of organisms
	...USING TRANS2BLOCK >
     freqConditions = 0.2         0.2         0.2         0.2
     conditions = 1  2  3  4
REST INTERVALS: not used (to use, freqCond should be one longer than conditions
  ...randomizing organism start state
	...restMatrix is 20 X 40
ans =
     4     4     4     4     4     4     4     4     4     4
     4     4     4     4     4     4     4     4     4     4
     4     4     4     4     4     4     4     4     4     4
     4     4     4     4     4     4     4     4     4     4
     4     4     4     4     4     4     4     4     4     4
======== Num stimuli, averaged across lists (before instruction/rest stimuli) ========
		Condition 0: 9 stimuli, 15% of total stimuli
		Condition 1: 20 stimuli, 33.3333% of total stimuli
		Condition 2: 20 stimuli, 33.3333% of total stimuli
		Condition 3: 0 stimuli, 0% of total stimuli
		Condition 4: 0 stimuli, 0% of total stimuli
======================================================================================
best of generation 1 / cbal. = 94.6284 / Wtd. con eff = 2.6563 / Wtd. HRF eff = 0.5987 / Pop var. = 0.86325 / time = 0.84
best of generation 2 / cbal. = 94.9099 / Wtd. con eff = 2.6077 / Wtd. HRF eff = 0.64301 / Pop var. = 0.84387 / time = 0.85
best of generation 3 / cbal. = 94.5994 / Wtd. con eff = 2.8065 / Wtd. HRF eff = 0.73848 / Pop var. = 0.82798 / time = 0.86
best of generation 4 / cbal. = 94.3759 / Wtd. con eff = 2.8763 / Wtd. HRF eff = 0.56782 / Pop var. = 0.79651 / time = 0.89
best of generation 5 / cbal. = 95.225 / Wtd. con eff = 2.7621 / Wtd. HRF eff = 0.61726 / Pop var. = 0.75134 / time = 0.89
best of generation 6 / cbal. = 95.225 / Wtd. con eff = 2.7621 / Wtd. HRF eff = 0.61726 / Pop var. = 0.73666 / time = 0.87
best of generation 7 / cbal. = 95.3688 / Wtd. con eff = 2.9434 / Wtd. HRF eff = 0.60226 / Pop var. = 0.73485 / time = 0.91
best of generation 8 / cbal. = 95.3688 / Wtd. con eff = 2.9434 / Wtd. HRF eff = 0.60226 / Pop var. = 0.72501 / time = 0.83
best of generation 9 / cbal. = 94.5446 / Wtd. con eff = 3.0465 / Wtd. HRF eff = 0.75835 / Pop var. = 0.68741 / time = 0.83
best of generation 10 / cbal. = 95.0447 / Wtd. con eff = 3.2513 / Wtd. HRF eff = 0.74889 / Pop var. = 0.64957 / time = 0.84
best of generation 11 / cbal. = 95.0447 / Wtd. con eff = 3.2513 / Wtd. HRF eff = 0.74889 / Pop var. = 0.63111 / time = 0.82
best of generation 12 / cbal. = 94.9369 / Wtd. con eff = 3.2453 / Wtd. HRF eff = 0.86173 / Pop var. = 0.65389 / time = 0.86
best of generation 13 / cbal. = 94.9369 / Wtd. con eff = 3.2453 / Wtd. HRF eff = 0.86173 / Pop var. = 0.66129 / time = 0.79
best of generation 14 / cbal. = 95.2442 / Wtd. con eff = 3.2798 / Wtd. HRF eff = 0.64174 / Pop var. = 0.63305 / time = 0.86
best of generation 15 / cbal. = 95.0074 / Wtd. con eff = 3.3813 / Wtd. HRF eff = 0.77552 / Pop var. = 0.58277 / time = 0.87
best of generation 16 / cbal. = 95.0074 / Wtd. con eff = 3.3813 / Wtd. HRF eff = 0.77552 / Pop var. = 0.51234 / time = 0.86
best of generation 17 / cbal. = 95.0488 / Wtd. con eff = 3.3297 / Wtd. HRF eff = 0.86834 / Pop var. = 0.51908 / time = 0.88
best of generation 18 / cbal. = 95.4817 / Wtd. con eff = 3.3839 / Wtd. HRF eff = 0.85327 / Pop var. = 0.48421 / time = 0.94
best of generation 19 / cbal. = 95.4817 / Wtd. con eff = 3.3839 / Wtd. HRF eff = 0.85327 / Pop var. = 0.42728 / time = 0.9
best of generation 20 / cbal. = 95.065 / Wtd. con eff = 3.4291 / Wtd. HRF eff = 0.94352 / Pop var. = 0.34695 / time = 0.92
best of generation 21 / cbal. = 95.065 / Wtd. con eff = 3.4291 / Wtd. HRF eff = 0.94352 / Pop var. = 0.37254 / time = 0.86
best of generation 22 / cbal. = 95.065 / Wtd. con eff = 3.4291 / Wtd. HRF eff = 0.94352 / Pop var. = 0.4307 / time = 0.86
best of generation 23 / cbal. = 95.1555 / Wtd. con eff = 3.4824 / Wtd. HRF eff = 1.2737 / Pop var. = 0.36381 / time = 0.9
best of generation 24 / cbal. = 94.7955 / Wtd. con eff = 3.5449 / Wtd. HRF eff = 1.3164 / Pop var. = 0.46847 / time = 0.83
best of generation 25 / cbal. = 94.7955 / Wtd. con eff = 3.5449 / Wtd. HRF eff = 1.3164 / Pop var. = 0.39854 / time = 0.89
best of generation 26 / cbal. = 94.7955 / Wtd. con eff = 3.5449 / Wtd. HRF eff = 1.3164 / Pop var. = 0.50302 / time = 0.88
best of generation 27 / cbal. = 94.7955 / Wtd. con eff = 3.5449 / Wtd. HRF eff = 1.3164 / Pop var. = 0.51714 / time = 0.84
best of generation 28 / cbal. = 94.7955 / Wtd. con eff = 3.5449 / Wtd. HRF eff = 1.3164 / Pop var. = 0.4754 / time = 0.86
best of generation 29 / cbal. = 95.1721 / Wtd. con eff = 3.5521 / Wtd. HRF eff = 0.87533 / Pop var. = 0.44365 / time = 0.84
best of generation 30 / cbal. = 95.1472 / Wtd. con eff = 3.5617 / Wtd. HRF eff = 0.79697 / Pop var. = 0.39543 / time = 0.82
best of generation 31 / cbal. = 94.7113 / Wtd. con eff = 3.5712 / Wtd. HRF eff = 1.466 / Pop var. = 0.45119 / time = 0.84
best of generation 32 / cbal. = 94.7955 / Wtd. con eff = 3.6152 / Wtd. HRF eff = 1.0791 / Pop var. = 0.45472 / time = 0.9
best of generation 33 / cbal. = 94.7955 / Wtd. con eff = 3.6152 / Wtd. HRF eff = 1.0791 / Pop var. = 0.38652 / time = 0.92
best of generation 34 / cbal. = 94.7955 / Wtd. con eff = 3.6152 / Wtd. HRF eff = 1.0791 / Pop var. = 0.50062 / time = 0.87
best of generation 35 / cbal. = 94.6734 / Wtd. con eff = 3.6325 / Wtd. HRF eff = 1.8196 / Pop var. = 0.48979 / time = 0.91
best of generation 36 / cbal. = 94.6734 / Wtd. con eff = 3.6325 / Wtd. HRF eff = 1.8196 / Pop var. = 0.42671 / time = 0.91
best of generation 37 / cbal. = 94.6734 / Wtd. con eff = 3.6325 / Wtd. HRF eff = 1.8196 / Pop var. = 0.40114 / time = 0.9
best of generation 38 / cbal. = 94.6134 / Wtd. con eff = 3.6477 / Wtd. HRF eff = 1.6063 / Pop var. = 0.36852 / time = 0.93
best of generation 39 / cbal. = 94.394 / Wtd. con eff = 3.6755 / Wtd. HRF eff = 3.8379 / Pop var. = 0.47997 / time = 0.89
best of generation 40 / cbal. = 94.394 / Wtd. con eff = 3.684 / Wtd. HRF eff = 3.8345 / Pop var. = 0.45423 / time = 0.89
best of generation 41 / cbal. = 94.394 / Wtd. con eff = 3.684 / Wtd. HRF eff = 3.8345 / Pop var. = 0.38481 / time = 0.87
best of generation 42 / cbal. = 94.394 / Wtd. con eff = 3.684 / Wtd. HRF eff = 3.8345 / Pop var. = 0.40907 / time = 0.93
best of generation 43 / cbal. = 94.394 / Wtd. con eff = 3.684 / Wtd. HRF eff = 3.8345 / Pop var. = 0.32029 / time = 0.92
best of generation 44 / cbal. = 94.394 / Wtd. con eff = 3.684 / Wtd. HRF eff = 3.8345 / Pop var. = 0.39062 / time = 0.89
best of generation 45 / cbal. = 94.394 / Wtd. con eff = 3.684 / Wtd. HRF eff = 3.8345 / Pop var. = 0.45602 / time = 0.89
best of generation 46 / cbal. = 94.394 / Wtd. con eff = 3.684 / Wtd. HRF eff = 3.8345 / Pop var. = 0.3593 / time = 0.92
best of generation 47 / cbal. = 94.394 / Wtd. con eff = 3.684 / Wtd. HRF eff = 3.8345 / Pop var. = 0.45129 / time = 0.9
best of generation 48 / cbal. = 94.394 / Wtd. con eff = 3.684 / Wtd. HRF eff = 3.8345 / Pop var. = 0.41984 / time = 0.92
best of generation 49 / cbal. = 94.394 / Wtd. con eff = 3.684 / Wtd. HRF eff = 3.8345 / Pop var. = 0.40645 / time = 0.9
best of generation 50 / cbal. = 94.394 / Wtd. con eff = 3.684 / Wtd. HRF eff = 3.8345 / Pop var. = 0.34028 / time = 0.88
best of generation 51 / cbal. = 94.394 / Wtd. con eff = 3.684 / Wtd. HRF eff = 3.8345 / Pop var. = 0.41538 / time = 0.84
best of generation 52 / cbal. = 94.394 / Wtd. con eff = 3.684 / Wtd. HRF eff = 3.8345 / Pop var. = 0.39299 / time = 0.91
best of generation 53 / cbal. = 94.394 / Wtd. con eff = 3.684 / Wtd. HRF eff = 3.8345 / Pop var. = 0.4481 / time = 0.91
best of generation 54 / cbal. = 94.394 / Wtd. con eff = 3.684 / Wtd. HRF eff = 3.8345 / Pop var. = 0.37949 / time = 0.89
best of generation 55 / cbal. = 94.394 / Wtd. con eff = 3.684 / Wtd. HRF eff = 3.8345 / Pop var. = 0.37042 / time = 0.89
best of generation 56 / cbal. = 94.394 / Wtd. con eff = 3.684 / Wtd. HRF eff = 3.8345 / Pop var. = 0.4436 / time = 0.93
best of generation 57 / cbal. = 94.394 / Wtd. con eff = 3.684 / Wtd. HRF eff = 3.8345 / Pop var. = 0.40213 / time = 0.9
best of generation 58 / cbal. = 94.394 / Wtd. con eff = 3.684 / Wtd. HRF eff = 3.8345 / Pop var. = 0.36926 / time = 0.91
best of generation 59 / cbal. = 94.5099 / Wtd. con eff = 3.6696 / Wtd. HRF eff = 3.9106 / Pop var. = 0.41478 / time = 0.91
best of generation 60 / cbal. = 94.3654 / Wtd. con eff = 3.686 / Wtd. HRF eff = 4.0777 / Pop var. = 0.34042 / time = 0.9
best of generation 61 / cbal. = 94.3654 / Wtd. con eff = 3.686 / Wtd. HRF eff = 4.0777 / Pop var. = 0.40395 / time = 0.86
best of generation 62 / cbal. = 94.3654 / Wtd. con eff = 3.686 / Wtd. HRF eff = 4.0777 / Pop var. = 0.35634 / time = 0.87
best of generation 63 / cbal. = 94.3654 / Wtd. con eff = 3.686 / Wtd. HRF eff = 4.0777 / Pop var. = 0.4134 / time = 0.85
best of generation 64 / cbal. = 94.3654 / Wtd. con eff = 3.686 / Wtd. HRF eff = 4.0777 / Pop var. = 0.34585 / time = 0.85
best of generation 65 / cbal. = 94.3654 / Wtd. con eff = 3.686 / Wtd. HRF eff = 4.0777 / Pop var. = 0.46253 / time = 0.85
best of generation 66 / cbal. = 94.3654 / Wtd. con eff = 3.686 / Wtd. HRF eff = 4.0777 / Pop var. = 0.41026 / time = 0.87
best of generation 67 / cbal. = 94.3654 / Wtd. con eff = 3.686 / Wtd. HRF eff = 4.0777 / Pop var. = 0.36415 / time = 0.87
best of generation 68 / cbal. = 94.3654 / Wtd. con eff = 3.686 / Wtd. HRF eff = 4.0777 / Pop var. = 0.41577 / time = 0.85
best of generation 69 / cbal. = 94.3654 / Wtd. con eff = 3.686 / Wtd. HRF eff = 4.0777 / Pop var. = 0.30405 / time = 0.86
best of generation 70 / cbal. = 94.3654 / Wtd. con eff = 3.686 / Wtd. HRF eff = 4.0777 / Pop var. = 0.38573 / time = 0.87
best of generation 71 / cbal. = 94.3654 / Wtd. con eff = 3.686 / Wtd. HRF eff = 4.0777 / Pop var. = 0.43992 / time = 0.91
best of generation 72 / cbal. = 94.3654 / Wtd. con eff = 3.686 / Wtd. HRF eff = 4.0777 / Pop var. = 0.38102 / time = 0.84
best of generation 73 / cbal. = 94.3654 / Wtd. con eff = 3.686 / Wtd. HRF eff = 4.0777 / Pop var. = 0.43071 / time = 0.87
best of generation 74 / cbal. = 94.3654 / Wtd. con eff = 3.686 / Wtd. HRF eff = 4.0777 / Pop var. = 0.40969 / time = 0.86
best of generation 75 / cbal. = 94.3654 / Wtd. con eff = 3.686 / Wtd. HRF eff = 4.0777 / Pop var. = 0.35922 / time = 0.87
best of generation 76 / cbal. = 94.3654 / Wtd. con eff = 3.686 / Wtd. HRF eff = 4.0777 / Pop var. = 0.45355 / time = 0.87
best of generation 77 / cbal. = 94.3654 / Wtd. con eff = 3.686 / Wtd. HRF eff = 4.0777 / Pop var. = 0.39827 / time = 0.86
best of generation 78 / cbal. = 94.3654 / Wtd. con eff = 3.686 / Wtd. HRF eff = 4.0777 / Pop var. = 0.45976 / time = 0.85
best of generation 79 / cbal. = 94.3654 / Wtd. con eff = 3.686 / Wtd. HRF eff = 4.0777 / Pop var. = 0.42188 / time = 0.86
best of generation 80 / cbal. = 94.3654 / Wtd. con eff = 3.686 / Wtd. HRF eff = 4.0777 / Pop var. = 0.38977 / time = 0.85
best of generation 81 / cbal. = 94.3654 / Wtd. con eff = 3.686 / Wtd. HRF eff = 4.0777 / Pop var. = 0.46082 / time = 0.88
best of generation 82 / cbal. = 94.3654 / Wtd. con eff = 3.686 / Wtd. HRF eff = 4.0777 / Pop var. = 0.41062 / time = 0.84
best of generation 83 / cbal. = 94.3654 / Wtd. con eff = 3.686 / Wtd. HRF eff = 4.0777 / Pop var. = 0.34385 / time = 0.85
best of generation 84 / cbal. = 94.3654 / Wtd. con eff = 3.686 / Wtd. HRF eff = 4.0777 / Pop var. = 0.42756 / time = 0.87
best of generation 85 / cbal. = 94.3654 / Wtd. con eff = 3.686 / Wtd. HRF eff = 4.0777 / Pop var. = 0.39439 / time = 0.87
best of generation 86 / cbal. = 94.3654 / Wtd. con eff = 3.686 / Wtd. HRF eff = 4.0777 / Pop var. = 0.44424 / time = 0.87
best of generation 87 / cbal. = 94.3654 / Wtd. con eff = 3.686 / Wtd. HRF eff = 4.0777 / Pop var. = 0.40806 / time = 0.86
best of generation 88 / cbal. = 94.3654 / Wtd. con eff = 3.686 / Wtd. HRF eff = 4.0777 / Pop var. = 0.33993 / time = 0.86
best of generation 89 / cbal. = 94.3654 / Wtd. con eff = 3.686 / Wtd. HRF eff = 4.0777 / Pop var. = 0.40867 / time = 0.87
best of generation 90 / cbal. = 94.3654 / Wtd. con eff = 3.686 / Wtd. HRF eff = 4.0777 / Pop var. = 0.32703 / time = 0.86
best of generation 91 / cbal. = 94.3654 / Wtd. con eff = 3.686 / Wtd. HRF eff = 4.0777 / Pop var. = 0.3778 / time = 0.87
best of generation 92 / cbal. = 94.3654 / Wtd. con eff = 3.686 / Wtd. HRF eff = 4.0777 / Pop var. = 0.42854 / time = 0.86
best of generation 93 / cbal. = 94.3654 / Wtd. con eff = 3.686 / Wtd. HRF eff = 4.0777 / Pop var. = 0.38387 / time = 0.86
best of generation 94 / cbal. = 94.3654 / Wtd. con eff = 3.686 / Wtd. HRF eff = 4.0777 / Pop var. = 0.45286 / time = 0.85
best of generation 95 / cbal. = 94.3654 / Wtd. con eff = 3.686 / Wtd. HRF eff = 4.0777 / Pop var. = 0.39418 / time = 0.86
best of generation 96 / cbal. = 94.3654 / Wtd. con eff = 3.686 / Wtd. HRF eff = 4.0777 / Pop var. = 0.43486 / time = 0.86
best of generation 97 / cbal. = 94.3654 / Wtd. con eff = 3.686 / Wtd. HRF eff = 4.0777 / Pop var. = 0.38193 / time = 0.85
best of generation 98 / cbal. = 94.3654 / Wtd. con eff = 3.686 / Wtd. HRF eff = 4.0777 / Pop var. = 0.43307 / time = 0.86
best of generation 99 / cbal. = 94.3654 / Wtd. con eff = 3.686 / Wtd. HRF eff = 4.0777 / Pop var. = 0.37462 / time = 0.87
best of generation 100 / cbal. = 94.3654 / Wtd. con eff = 3.686 / Wtd. HRF eff = 4.0777 / Pop var. = 0.46468 / time = 0.86
best of generation 101 / cbal. = 94.3654 / Wtd. con eff = 3.686 / Wtd. HRF eff = 4.0777 / Pop var. = 0.42075 / time = 0.86
best of generation 102 / cbal. = 94.3654 / Wtd. con eff = 3.686 / Wtd. HRF eff = 4.0777 / Pop var. = 0.36241 / time = 0.86
best of generation 103 / cbal. = 94.3654 / Wtd. con eff = 3.686 / Wtd. HRF eff = 4.0777 / Pop var. = 0.41787 / time = 0.85
best of generation 104 / cbal. = 94.3654 / Wtd. con eff = 3.686 / Wtd. HRF eff = 4.0777 / Pop var. = 0.35383 / time = 0.86
best of generation 105 / cbal. = 94.3654 / Wtd. con eff = 3.686 / Wtd. HRF eff = 4.0777 / Pop var. = 0.42241 / time = 0.86
best of generation 106 / cbal. = 94.3654 / Wtd. con eff = 3.686 / Wtd. HRF eff = 4.0777 / Pop var. = 0.36676 / time = 0.86
best of generation 107 / cbal. = 94.3654 / Wtd. con eff = 3.686 / Wtd. HRF eff = 4.0777 / Pop var. = 0.42918 / time = 0.86
best of generation 108 / cbal. = 94.3654 / Wtd. con eff = 3.686 / Wtd. HRF eff = 4.0777 / Pop var. = 0.39052 / time = 0.84
best of generation 109 / cbal. = 94.3654 / Wtd. con eff = 3.686 / Wtd. HRF eff = 4.0777 / Pop var. = 0.45989 / time = 0.85
best of generation 110 / cbal. = 94.3654 / Wtd. con eff = 3.686 / Wtd. HRF eff = 4.0777 / Pop var. = 0.34876 / time = 0.86
best of generation 111 / cbal. = 94.3654 / Wtd. con eff = 3.686 / Wtd. HRF eff = 4.0777 / Pop var. = 0.43819 / time = 0.85
best of generation 112 / cbal. = 94.3654 / Wtd. con eff = 3.686 / Wtd. HRF eff = 4.0777 / Pop var. = 0.3772 / time = 0.86
best of generation 113 / cbal. = 94.4807 / Wtd. con eff = 3.677 / Wtd. HRF eff = 3.8309 / Pop var. = 0.40356 / time = 0.85
best of generation 114 / cbal. = 94.3654 / Wtd. con eff = 3.686 / Wtd. HRF eff = 4.0777 / Pop var. = 0.31868 / time = 0.87
best of generation 115 / cbal. = 94.3654 / Wtd. con eff = 3.686 / Wtd. HRF eff = 4.0777 / Pop var. = 0.40278 / time = 0.87
best of generation 116 / cbal. = 94.3654 / Wtd. con eff = 3.686 / Wtd. HRF eff = 4.0777 / Pop var. = 0.35798 / time = 0.9
best of generation 117 / cbal. = 94.3654 / Wtd. con eff = 3.686 / Wtd. HRF eff = 4.0777 / Pop var. = 0.42213 / time = 0.84
best of generation 118 / cbal. = 94.3654 / Wtd. con eff = 3.686 / Wtd. HRF eff = 4.0777 / Pop var. = 0.35751 / time = 0.85
best of generation 119 / cbal. = 94.2524 / Wtd. con eff = 3.7218 / Wtd. HRF eff = 4.1974 / Pop var. = 0.42355 / time = 0.86
best of generation 120 / cbal. = 94.2524 / Wtd. con eff = 3.7218 / Wtd. HRF eff = 4.1974 / Pop var. = 0.38783 / time = 0.86
best of generation 121 / cbal. = 94.2524 / Wtd. con eff = 3.7218 / Wtd. HRF eff = 4.1974 / Pop var. = 0.45018 / time = 0.85
best of generation 122 / cbal. = 94.2524 / Wtd. con eff = 3.7218 / Wtd. HRF eff = 4.1974 / Pop var. = 0.37078 / time = 0.81
best of generation 123 / cbal. = 94.2524 / Wtd. con eff = 3.7218 / Wtd. HRF eff = 4.1974 / Pop var. = 0.4302 / time = 0.79
best of generation 124 / cbal. = 94.2524 / Wtd. con eff = 3.7218 / Wtd. HRF eff = 4.1974 / Pop var. = 0.36123 / time = 0.79
best of generation 125 / cbal. = 94.2524 / Wtd. con eff = 3.7218 / Wtd. HRF eff = 4.1974 / Pop var. = 0.41972 / time = 0.8
best of generation 126 / cbal. = 94.2524 / Wtd. con eff = 3.7218 / Wtd. HRF eff = 4.1974 / Pop var. = 0.39024 / time = 0.81
best of generation 127 / cbal. = 94.2524 / Wtd. con eff = 3.7218 / Wtd. HRF eff = 4.1974 / Pop var. = 0.43626 / time = 0.81
best of generation 128 / cbal. = 94.2524 / Wtd. con eff = 3.7218 / Wtd. HRF eff = 4.1974 / Pop var. = 0.38474 / time = 0.79
best of generation 129 / cbal. = 94.2524 / Wtd. con eff = 3.7218 / Wtd. HRF eff = 4.1974 / Pop var. = 0.43172 / time = 0.8
best of generation 130 / cbal. = 94.2524 / Wtd. con eff = 3.7218 / Wtd. HRF eff = 4.1974 / Pop var. = 0.39917 / time = 0.79
best of generation 131 / cbal. = 94.2524 / Wtd. con eff = 3.7218 / Wtd. HRF eff = 4.1974 / Pop var. = 0.45509 / time = 0.8
best of generation 132 / cbal. = 94.2524 / Wtd. con eff = 3.7218 / Wtd. HRF eff = 4.1974 / Pop var. = 0.39034 / time = 0.82
best of generation 133 / cbal. = 94.2524 / Wtd. con eff = 3.7218 / Wtd. HRF eff = 4.1974 / Pop var. = 0.48547 / time = 0.8
best of generation 134 / cbal. = 94.2524 / Wtd. con eff = 3.7218 / Wtd. HRF eff = 4.1974 / Pop var. = 0.41475 / time = 0.8
best of generation 135 / cbal. = 94.2524 / Wtd. con eff = 3.7218 / Wtd. HRF eff = 4.1974 / Pop var. = 0.34333 / time = 0.81
best of generation 136 / cbal. = 94.2524 / Wtd. con eff = 3.7218 / Wtd. HRF eff = 4.1974 / Pop var. = 0.41795 / time = 0.8
best of generation 137 / cbal. = 94.5099 / Wtd. con eff = 3.6928 / Wtd. HRF eff = 3.9868 / Pop var. = 0.38439 / time = 0.82
saving workspace as GAresults.mat
M = 
     origlist: [49x1 double]
     restlist: [20x1 double]
     stimlist: [60x1 double]
           ga: [1x1 struct]
    bestLists: [60x137 uint8]
         date: '11-9-2014'
optimizeGA done: 120.52 s
