Starting Model 14
OptimizeGA
===============================
Saturation threshold = 
Setting up variables
You entered 2 conditions  (event types) that will each be modeled with a regessor. 
 Note that if you enter 0 as a condition number, those events will not be modeled
 (they are assumed to be rest/inter-stimulus interval periods)

Contrasts entered. You entered matrix of 3 contrasts, with weights across 4 conditions.
 Contrasts:
     1     1    -1    -1
     1     0    -1     0
     0     1     0    -1
 ...adding one column to contrast matrix with weights of 0, to model the intercept
You entered a contrast weight vector across 3 contrasts
 	...Using rests of length 1 and resting every 4
================== Parameters ======================
     Total stimuli in scan      : 60
     Fixed rest length in ITIs  : 1
     Fixed Rest stimuli in scan : 11
     Num blank intervals        : 9
     Num of task conds          : 2
     Num stimuli each cond      : 20  20
====================================================
	...generating lists of organisms
	...USING TRANS2BLOCK >
     freqConditions = 0.2         0.2         0.2         0.2
     conditions = 1  2  3  4
REST INTERVALS: not used (to use, freqCond should be one longer than conditions
  ...randomizing organism start state
	...restMatrix is 20 X 40
ans =
     4     4     4     4     4     4     4     4     4     4
     4     4     4     4     4     4     4     4     4     4
     4     4     4     4     4     4     4     4     4     4
     4     4     4     4     4     4     4     4     4     4
     4     4     4     4     4     4     4     4     4     4
======== Num stimuli, averaged across lists (before instruction/rest stimuli) ========
		Condition 0: 9 stimuli, 15% of total stimuli
		Condition 1: 20 stimuli, 33.3333% of total stimuli
		Condition 2: 20 stimuli, 33.3333% of total stimuli
		Condition 3: 0 stimuli, 0% of total stimuli
		Condition 4: 0 stimuli, 0% of total stimuli
======================================================================================
best of generation 1 / cbal. = 95.0063 / Wtd. con eff = 2.664 / Wtd. HRF eff = 0.57528 / Pop var. = 0.86478 / time = 0.76
best of generation 2 / cbal. = 95.0063 / Wtd. con eff = 2.664 / Wtd. HRF eff = 0.57528 / Pop var. = 0.8462 / time = 0.71
best of generation 3 / cbal. = 94.7043 / Wtd. con eff = 2.646 / Wtd. HRF eff = 0.55473 / Pop var. = 0.81607 / time = 0.73
best of generation 4 / cbal. = 94.8178 / Wtd. con eff = 2.9248 / Wtd. HRF eff = 0.56503 / Pop var. = 0.79506 / time = 0.72
best of generation 5 / cbal. = 95.1758 / Wtd. con eff = 2.8947 / Wtd. HRF eff = 0.55701 / Pop var. = 0.77484 / time = 0.72
best of generation 6 / cbal. = 94.7834 / Wtd. con eff = 3.3313 / Wtd. HRF eff = 0.66385 / Pop var. = 0.72236 / time = 0.72
best of generation 7 / cbal. = 94.8661 / Wtd. con eff = 3.3391 / Wtd. HRF eff = 0.69466 / Pop var. = 0.71058 / time = 0.73
best of generation 8 / cbal. = 94.9013 / Wtd. con eff = 3.3726 / Wtd. HRF eff = 0.63887 / Pop var. = 0.65592 / time = 0.72
best of generation 9 / cbal. = 94.9013 / Wtd. con eff = 3.3726 / Wtd. HRF eff = 0.63887 / Pop var. = 0.60367 / time = 0.72
best of generation 10 / cbal. = 94.9013 / Wtd. con eff = 3.3726 / Wtd. HRF eff = 0.63887 / Pop var. = 0.55009 / time = 0.73
best of generation 11 / cbal. = 94.9815 / Wtd. con eff = 3.375 / Wtd. HRF eff = 0.62716 / Pop var. = 0.48472 / time = 0.73
best of generation 12 / cbal. = 94.9084 / Wtd. con eff = 3.4348 / Wtd. HRF eff = 0.64863 / Pop var. = 0.35656 / time = 0.74
best of generation 13 / cbal. = 94.9084 / Wtd. con eff = 3.4348 / Wtd. HRF eff = 0.64863 / Pop var. = 0.41767 / time = 0.73
best of generation 14 / cbal. = 94.9084 / Wtd. con eff = 3.4348 / Wtd. HRF eff = 0.64863 / Pop var. = 0.39085 / time = 0.72
best of generation 15 / cbal. = 94.9048 / Wtd. con eff = 3.4724 / Wtd. HRF eff = 1.0703 / Pop var. = 0.52198 / time = 0.73
best of generation 16 / cbal. = 94.9763 / Wtd. con eff = 3.4259 / Wtd. HRF eff = 0.86875 / Pop var. = 0.49694 / time = 0.73
best of generation 17 / cbal. = 94.9763 / Wtd. con eff = 3.4259 / Wtd. HRF eff = 0.86875 / Pop var. = 0.45382 / time = 0.73
best of generation 18 / cbal. = 94.9763 / Wtd. con eff = 3.4259 / Wtd. HRF eff = 0.86875 / Pop var. = 0.44092 / time = 0.73
best of generation 19 / cbal. = 94.6283 / Wtd. con eff = 3.5888 / Wtd. HRF eff = 1.4413 / Pop var. = 0.45838 / time = 0.72
best of generation 20 / cbal. = 94.2594 / Wtd. con eff = 3.6654 / Wtd. HRF eff = 1.468 / Pop var. = 0.4716 / time = 0.74
best of generation 21 / cbal. = 94.2594 / Wtd. con eff = 3.6654 / Wtd. HRF eff = 1.468 / Pop var. = 0.49315 / time = 0.74
best of generation 22 / cbal. = 94.2594 / Wtd. con eff = 3.6654 / Wtd. HRF eff = 1.468 / Pop var. = 0.49536 / time = 0.73
best of generation 23 / cbal. = 94.3583 / Wtd. con eff = 3.6139 / Wtd. HRF eff = 1.2329 / Pop var. = 0.48454 / time = 0.74
best of generation 24 / cbal. = 94.3583 / Wtd. con eff = 3.6139 / Wtd. HRF eff = 1.2329 / Pop var. = 0.46343 / time = 0.74
best of generation 25 / cbal. = 94.3583 / Wtd. con eff = 3.6139 / Wtd. HRF eff = 1.2329 / Pop var. = 0.39431 / time = 0.75
best of generation 26 / cbal. = 94.8265 / Wtd. con eff = 3.6103 / Wtd. HRF eff = 1.2303 / Pop var. = 0.45952 / time = 0.73
best of generation 27 / cbal. = 94.6059 / Wtd. con eff = 3.5983 / Wtd. HRF eff = 1.7462 / Pop var. = 0.41329 / time = 0.74
best of generation 28 / cbal. = 94.8265 / Wtd. con eff = 3.6103 / Wtd. HRF eff = 1.2303 / Pop var. = 0.36158 / time = 0.73
best of generation 29 / cbal. = 94.8265 / Wtd. con eff = 3.6103 / Wtd. HRF eff = 1.2303 / Pop var. = 0.43783 / time = 0.73
best of generation 30 / cbal. = 94.8265 / Wtd. con eff = 3.6103 / Wtd. HRF eff = 1.2303 / Pop var. = 0.42418 / time = 0.73
best of generation 31 / cbal. = 94.7189 / Wtd. con eff = 3.6432 / Wtd. HRF eff = 1.9934 / Pop var. = 0.42438 / time = 0.72
best of generation 32 / cbal. = 94.7189 / Wtd. con eff = 3.6432 / Wtd. HRF eff = 1.9934 / Pop var. = 0.36346 / time = 0.75
best of generation 33 / cbal. = 94.7189 / Wtd. con eff = 3.6432 / Wtd. HRF eff = 1.9934 / Pop var. = 0.48209 / time = 0.73
best of generation 34 / cbal. = 94.7189 / Wtd. con eff = 3.6432 / Wtd. HRF eff = 1.9934 / Pop var. = 0.42028 / time = 0.74
best of generation 35 / cbal. = 94.7189 / Wtd. con eff = 3.6432 / Wtd. HRF eff = 1.9934 / Pop var. = 0.37311 / time = 0.75
best of generation 36 / cbal. = 94.7189 / Wtd. con eff = 3.6432 / Wtd. HRF eff = 1.9934 / Pop var. = 0.4533 / time = 0.74
best of generation 37 / cbal. = 94.7189 / Wtd. con eff = 3.6432 / Wtd. HRF eff = 1.9934 / Pop var. = 0.41616 / time = 0.74
best of generation 38 / cbal. = 94.7189 / Wtd. con eff = 3.6432 / Wtd. HRF eff = 1.9934 / Pop var. = 0.33911 / time = 0.73
best of generation 39 / cbal. = 94.7189 / Wtd. con eff = 3.6432 / Wtd. HRF eff = 1.9934 / Pop var. = 0.40513 / time = 0.73
best of generation 40 / cbal. = 94.7189 / Wtd. con eff = 3.6432 / Wtd. HRF eff = 1.9934 / Pop var. = 0.36876 / time = 0.75
best of generation 41 / cbal. = 94.7189 / Wtd. con eff = 3.6432 / Wtd. HRF eff = 1.9934 / Pop var. = 0.4687 / time = 0.74
best of generation 42 / cbal. = 94.7189 / Wtd. con eff = 3.6432 / Wtd. HRF eff = 1.9934 / Pop var. = 0.45522 / time = 0.73
best of generation 43 / cbal. = 94.7189 / Wtd. con eff = 3.6432 / Wtd. HRF eff = 1.9934 / Pop var. = 0.45078 / time = 0.75
best of generation 44 / cbal. = 94.7189 / Wtd. con eff = 3.6432 / Wtd. HRF eff = 1.9934 / Pop var. = 0.3884 / time = 0.74
best of generation 45 / cbal. = 94.7189 / Wtd. con eff = 3.6432 / Wtd. HRF eff = 1.9934 / Pop var. = 0.46879 / time = 0.73
best of generation 46 / cbal. = 94.7189 / Wtd. con eff = 3.6432 / Wtd. HRF eff = 1.9934 / Pop var. = 0.40949 / time = 0.73
best of generation 47 / cbal. = 94.7189 / Wtd. con eff = 3.6432 / Wtd. HRF eff = 1.9934 / Pop var. = 0.39539 / time = 0.74
best of generation 48 / cbal. = 94.1968 / Wtd. con eff = 3.6465 / Wtd. HRF eff = 5.0992 / Pop var. = 0.47784 / time = 0.73
best of generation 49 / cbal. = 94.1968 / Wtd. con eff = 3.6465 / Wtd. HRF eff = 5.0992 / Pop var. = 0.45515 / time = 0.73
best of generation 50 / cbal. = 94.1968 / Wtd. con eff = 3.6465 / Wtd. HRF eff = 5.0992 / Pop var. = 0.42963 / time = 0.74
best of generation 51 / cbal. = 94.1968 / Wtd. con eff = 3.6465 / Wtd. HRF eff = 5.0992 / Pop var. = 0.42212 / time = 0.73
best of generation 52 / cbal. = 94.1968 / Wtd. con eff = 3.6465 / Wtd. HRF eff = 5.0992 / Pop var. = 0.42442 / time = 0.73
best of generation 53 / cbal. = 94.5985 / Wtd. con eff = 3.6338 / Wtd. HRF eff = 3.7459 / Pop var. = 0.40858 / time = 0.73
best of generation 54 / cbal. = 94.0599 / Wtd. con eff = 3.6652 / Wtd. HRF eff = 6.6543 / Pop var. = 0.35056 / time = 0.75
best of generation 55 / cbal. = 94.0599 / Wtd. con eff = 3.6652 / Wtd. HRF eff = 6.6543 / Pop var. = 0.47383 / time = 0.75
best of generation 56 / cbal. = 94.2245 / Wtd. con eff = 3.6764 / Wtd. HRF eff = 4.6724 / Pop var. = 0.38972 / time = 0.73
best of generation 57 / cbal. = 94.2245 / Wtd. con eff = 3.6764 / Wtd. HRF eff = 4.6724 / Pop var. = 0.50392 / time = 0.75
best of generation 58 / cbal. = 94.2245 / Wtd. con eff = 3.6764 / Wtd. HRF eff = 4.6724 / Pop var. = 0.46779 / time = 0.74
best of generation 59 / cbal. = 94.2245 / Wtd. con eff = 3.6764 / Wtd. HRF eff = 4.6724 / Pop var. = 0.43563 / time = 0.73
best of generation 60 / cbal. = 94.006 / Wtd. con eff = 3.7023 / Wtd. HRF eff = 5.7713 / Pop var. = 0.35412 / time = 0.75
best of generation 61 / cbal. = 94.006 / Wtd. con eff = 3.7023 / Wtd. HRF eff = 5.7713 / Pop var. = 0.39144 / time = 0.74
best of generation 62 / cbal. = 94.006 / Wtd. con eff = 3.7023 / Wtd. HRF eff = 5.7713 / Pop var. = 0.45065 / time = 0.74
best of generation 63 / cbal. = 94.006 / Wtd. con eff = 3.7023 / Wtd. HRF eff = 5.7713 / Pop var. = 0.41265 / time = 0.73
best of generation 64 / cbal. = 94.006 / Wtd. con eff = 3.7023 / Wtd. HRF eff = 5.7713 / Pop var. = 0.36882 / time = 0.75
best of generation 65 / cbal. = 94.006 / Wtd. con eff = 3.7023 / Wtd. HRF eff = 5.7713 / Pop var. = 0.41978 / time = 0.74
best of generation 66 / cbal. = 93.7952 / Wtd. con eff = 3.7281 / Wtd. HRF eff = 7.1185 / Pop var. = 0.36252 / time = 0.73
best of generation 67 / cbal. = 93.7952 / Wtd. con eff = 3.7281 / Wtd. HRF eff = 7.1185 / Pop var. = 0.43584 / time = 0.73
best of generation 68 / cbal. = 93.7952 / Wtd. con eff = 3.7281 / Wtd. HRF eff = 7.1185 / Pop var. = 0.4071 / time = 0.73
best of generation 69 / cbal. = 93.7952 / Wtd. con eff = 3.7281 / Wtd. HRF eff = 7.1185 / Pop var. = 0.35798 / time = 0.74
best of generation 70 / cbal. = 93.7952 / Wtd. con eff = 3.7281 / Wtd. HRF eff = 7.1185 / Pop var. = 0.41879 / time = 0.73
best of generation 71 / cbal. = 93.7952 / Wtd. con eff = 3.7281 / Wtd. HRF eff = 7.1185 / Pop var. = 0.36509 / time = 0.75
best of generation 72 / cbal. = 93.7952 / Wtd. con eff = 3.7281 / Wtd. HRF eff = 7.1185 / Pop var. = 0.41733 / time = 0.73
best of generation 73 / cbal. = 93.7952 / Wtd. con eff = 3.7281 / Wtd. HRF eff = 7.1185 / Pop var. = 0.38642 / time = 0.75
best of generation 74 / cbal. = 93.7952 / Wtd. con eff = 3.7281 / Wtd. HRF eff = 7.1185 / Pop var. = 0.45096 / time = 0.75
best of generation 75 / cbal. = 93.7952 / Wtd. con eff = 3.7281 / Wtd. HRF eff = 7.1185 / Pop var. = 0.40043 / time = 0.74
best of generation 76 / cbal. = 93.7952 / Wtd. con eff = 3.7281 / Wtd. HRF eff = 7.1185 / Pop var. = 0.38271 / time = 0.73
best of generation 77 / cbal. = 93.7952 / Wtd. con eff = 3.7281 / Wtd. HRF eff = 7.1185 / Pop var. = 0.42484 / time = 0.73
best of generation 78 / cbal. = 93.7952 / Wtd. con eff = 3.7281 / Wtd. HRF eff = 7.1185 / Pop var. = 0.36914 / time = 0.74
best of generation 79 / cbal. = 93.7952 / Wtd. con eff = 3.7281 / Wtd. HRF eff = 7.1185 / Pop var. = 0.44453 / time = 0.74
best of generation 80 / cbal. = 93.7952 / Wtd. con eff = 3.7281 / Wtd. HRF eff = 7.1185 / Pop var. = 0.39621 / time = 0.74
best of generation 81 / cbal. = 93.7952 / Wtd. con eff = 3.7281 / Wtd. HRF eff = 7.1185 / Pop var. = 0.44282 / time = 0.73
best of generation 82 / cbal. = 93.7952 / Wtd. con eff = 3.7281 / Wtd. HRF eff = 7.1185 / Pop var. = 0.40842 / time = 0.75
best of generation 83 / cbal. = 93.7952 / Wtd. con eff = 3.7281 / Wtd. HRF eff = 7.1185 / Pop var. = 0.38508 / time = 0.73
best of generation 84 / cbal. = 93.7952 / Wtd. con eff = 3.7281 / Wtd. HRF eff = 7.1185 / Pop var. = 0.42409 / time = 0.75
best of generation 85 / cbal. = 93.7952 / Wtd. con eff = 3.7281 / Wtd. HRF eff = 7.1185 / Pop var. = 0.3674 / time = 0.74
best of generation 86 / cbal. = 93.7952 / Wtd. con eff = 3.7281 / Wtd. HRF eff = 7.1185 / Pop var. = 0.43247 / time = 0.74
best of generation 87 / cbal. = 93.7952 / Wtd. con eff = 3.7281 / Wtd. HRF eff = 7.1185 / Pop var. = 0.36455 / time = 0.74
best of generation 88 / cbal. = 93.7952 / Wtd. con eff = 3.7281 / Wtd. HRF eff = 7.1185 / Pop var. = 0.41249 / time = 0.73
best of generation 89 / cbal. = 93.7952 / Wtd. con eff = 3.7281 / Wtd. HRF eff = 7.1185 / Pop var. = 0.36714 / time = 0.73
best of generation 90 / cbal. = 93.7952 / Wtd. con eff = 3.7281 / Wtd. HRF eff = 7.1185 / Pop var. = 0.41215 / time = 0.73
best of generation 91 / cbal. = 93.7952 / Wtd. con eff = 3.7281 / Wtd. HRF eff = 7.1185 / Pop var. = 0.36642 / time = 0.73
best of generation 92 / cbal. = 93.7952 / Wtd. con eff = 3.7281 / Wtd. HRF eff = 7.1185 / Pop var. = 0.41745 / time = 0.74
best of generation 93 / cbal. = 93.7952 / Wtd. con eff = 3.7281 / Wtd. HRF eff = 7.1185 / Pop var. = 0.38872 / time = 0.76
best of generation 94 / cbal. = 93.7952 / Wtd. con eff = 3.7281 / Wtd. HRF eff = 7.1185 / Pop var. = 0.46272 / time = 0.74
best of generation 95 / cbal. = 93.7952 / Wtd. con eff = 3.7281 / Wtd. HRF eff = 7.1185 / Pop var. = 0.4059 / time = 0.74
best of generation 96 / cbal. = 93.7952 / Wtd. con eff = 3.7281 / Wtd. HRF eff = 7.1185 / Pop var. = 0.37079 / time = 0.75
best of generation 97 / cbal. = 93.7952 / Wtd. con eff = 3.7281 / Wtd. HRF eff = 7.1185 / Pop var. = 0.44519 / time = 0.74
best of generation 98 / cbal. = 93.7952 / Wtd. con eff = 3.7281 / Wtd. HRF eff = 7.1185 / Pop var. = 0.40726 / time = 0.75
best of generation 99 / cbal. = 93.7952 / Wtd. con eff = 3.7281 / Wtd. HRF eff = 7.1185 / Pop var. = 0.3536 / time = 0.78
best of generation 100 / cbal. = 93.7952 / Wtd. con eff = 3.7281 / Wtd. HRF eff = 7.1185 / Pop var. = 0.42127 / time = 0.73
best of generation 101 / cbal. = 93.7952 / Wtd. con eff = 3.7281 / Wtd. HRF eff = 7.1185 / Pop var. = 0.38095 / time = 0.74
best of generation 102 / cbal. = 93.7952 / Wtd. con eff = 3.7281 / Wtd. HRF eff = 7.1185 / Pop var. = 0.43506 / time = 0.74
best of generation 103 / cbal. = 93.7952 / Wtd. con eff = 3.7281 / Wtd. HRF eff = 7.1185 / Pop var. = 0.37941 / time = 0.74
best of generation 104 / cbal. = 93.7952 / Wtd. con eff = 3.7281 / Wtd. HRF eff = 7.1185 / Pop var. = 0.39936 / time = 0.75
best of generation 105 / cbal. = 93.7952 / Wtd. con eff = 3.7281 / Wtd. HRF eff = 7.1185 / Pop var. = 0.44963 / time = 0.74
best of generation 106 / cbal. = 93.7952 / Wtd. con eff = 3.7281 / Wtd. HRF eff = 7.1185 / Pop var. = 0.38106 / time = 0.74
best of generation 107 / cbal. = 93.7952 / Wtd. con eff = 3.7281 / Wtd. HRF eff = 7.1185 / Pop var. = 0.48229 / time = 0.74
best of generation 108 / cbal. = 93.7952 / Wtd. con eff = 3.7281 / Wtd. HRF eff = 7.1185 / Pop var. = 0.44052 / time = 0.73
best of generation 109 / cbal. = 93.7952 / Wtd. con eff = 3.7281 / Wtd. HRF eff = 7.1185 / Pop var. = 0.39152 / time = 0.74
best of generation 110 / cbal. = 93.7952 / Wtd. con eff = 3.7281 / Wtd. HRF eff = 7.1185 / Pop var. = 0.43208 / time = 0.74
best of generation 111 / cbal. = 93.7952 / Wtd. con eff = 3.7281 / Wtd. HRF eff = 7.1185 / Pop var. = 0.35905 / time = 0.73
best of generation 112 / cbal. = 93.7952 / Wtd. con eff = 3.7281 / Wtd. HRF eff = 7.1185 / Pop var. = 0.42505 / time = 0.74
best of generation 113 / cbal. = 93.7952 / Wtd. con eff = 3.7281 / Wtd. HRF eff = 7.1185 / Pop var. = 0.40828 / time = 0.73
best of generation 114 / cbal. = 93.7952 / Wtd. con eff = 3.7281 / Wtd. HRF eff = 7.1185 / Pop var. = 0.3546 / time = 0.73
best of generation 115 / cbal. = 93.7952 / Wtd. con eff = 3.7281 / Wtd. HRF eff = 7.1185 / Pop var. = 0.43321 / time = 0.74
best of generation 116 / cbal. = 93.7952 / Wtd. con eff = 3.7281 / Wtd. HRF eff = 7.1185 / Pop var. = 0.4007 / time = 0.75
best of generation 117 / cbal. = 93.7952 / Wtd. con eff = 3.7281 / Wtd. HRF eff = 7.1185 / Pop var. = 0.36248 / time = 0.74
best of generation 118 / cbal. = 93.7952 / Wtd. con eff = 3.7281 / Wtd. HRF eff = 7.1185 / Pop var. = 0.4471 / time = 0.73
best of generation 119 / cbal. = 93.7952 / Wtd. con eff = 3.7281 / Wtd. HRF eff = 7.1185 / Pop var. = 0.39717 / time = 0.74
best of generation 120 / cbal. = 93.7952 / Wtd. con eff = 3.7281 / Wtd. HRF eff = 7.1185 / Pop var. = 0.47556 / time = 0.75
best of generation 121 / cbal. = 93.7952 / Wtd. con eff = 3.7281 / Wtd. HRF eff = 7.1185 / Pop var. = 0.39627 / time = 0.74
best of generation 122 / cbal. = 93.7952 / Wtd. con eff = 3.7281 / Wtd. HRF eff = 7.1185 / Pop var. = 0.47137 / time = 0.73
best of generation 123 / cbal. = 93.7952 / Wtd. con eff = 3.7281 / Wtd. HRF eff = 7.1185 / Pop var. = 0.42498 / time = 0.73
best of generation 124 / cbal. = 93.7952 / Wtd. con eff = 3.7281 / Wtd. HRF eff = 7.1185 / Pop var. = 0.36828 / time = 0.75
best of generation 125 / cbal. = 93.7952 / Wtd. con eff = 3.7281 / Wtd. HRF eff = 7.1185 / Pop var. = 0.44554 / time = 0.73
best of generation 126 / cbal. = 93.7952 / Wtd. con eff = 3.7281 / Wtd. HRF eff = 7.1185 / Pop var. = 0.3945 / time = 0.76
best of generation 127 / cbal. = 93.7952 / Wtd. con eff = 3.7281 / Wtd. HRF eff = 7.1185 / Pop var. = 0.45028 / time = 0.73
best of generation 128 / cbal. = 93.7952 / Wtd. con eff = 3.7281 / Wtd. HRF eff = 7.1185 / Pop var. = 0.40642 / time = 0.74
best of generation 129 / cbal. = 93.7952 / Wtd. con eff = 3.7281 / Wtd. HRF eff = 7.1185 / Pop var. = 0.33207 / time = 0.73
best of generation 130 / cbal. = 93.7952 / Wtd. con eff = 3.7281 / Wtd. HRF eff = 7.1185 / Pop var. = 0.37326 / time = 0.73
best of generation 131 / cbal. = 93.7952 / Wtd. con eff = 3.7281 / Wtd. HRF eff = 7.1185 / Pop var. = 0.45353 / time = 0.74
best of generation 132 / cbal. = 93.7952 / Wtd. con eff = 3.7281 / Wtd. HRF eff = 7.1185 / Pop var. = 0.39912 / time = 0.73
best of generation 133 / cbal. = 93.7952 / Wtd. con eff = 3.7281 / Wtd. HRF eff = 7.1185 / Pop var. = 0.45457 / time = 0.75
best of generation 134 / cbal. = 93.7952 / Wtd. con eff = 3.7281 / Wtd. HRF eff = 7.1185 / Pop var. = 0.41317 / time = 0.74
best of generation 135 / cbal. = 93.7952 / Wtd. con eff = 3.7281 / Wtd. HRF eff = 7.1185 / Pop var. = 0.34436 / time = 0.74
best of generation 136 / cbal. = 93.7952 / Wtd. con eff = 3.7281 / Wtd. HRF eff = 7.1185 / Pop var. = 0.39501 / time = 0.76
best of generation 137 / cbal. = 93.7952 / Wtd. con eff = 3.7281 / Wtd. HRF eff = 7.1185 / Pop var. = 0.47525 / time = 0.74
best of generation 138 / cbal. = 93.7952 / Wtd. con eff = 3.7281 / Wtd. HRF eff = 7.1185 / Pop var. = 0.42332 / time = 0.73
best of generation 139 / cbal. = 93.7952 / Wtd. con eff = 3.7281 / Wtd. HRF eff = 7.1185 / Pop var. = 0.3602 / time = 0.74
best of generation 140 / cbal. = 93.7952 / Wtd. con eff = 3.7281 / Wtd. HRF eff = 7.1185 / Pop var. = 0.45854 / time = 0.73
best of generation 141 / cbal. = 93.7952 / Wtd. con eff = 3.7281 / Wtd. HRF eff = 7.1185 / Pop var. = 0.39342 / time = 0.73
best of generation 142 / cbal. = 93.7952 / Wtd. con eff = 3.7281 / Wtd. HRF eff = 7.1185 / Pop var. = 0.45796 / time = 0.74
best of generation 143 / cbal. = 93.7952 / Wtd. con eff = 3.7281 / Wtd. HRF eff = 7.1185 / Pop var. = 0.39874 / time = 0.73
best of generation 144 / cbal. = 93.7952 / Wtd. con eff = 3.7281 / Wtd. HRF eff = 7.1185 / Pop var. = 0.43144 / time = 0.73
best of generation 145 / cbal. = 93.7952 / Wtd. con eff = 3.7281 / Wtd. HRF eff = 7.1185 / Pop var. = 0.39079 / time = 0.74
best of generation 146 / cbal. = 93.7952 / Wtd. con eff = 3.7281 / Wtd. HRF eff = 7.1185 / Pop var. = 0.45633 / time = 0.75
best of generation 147 / cbal. = 93.7952 / Wtd. con eff = 3.7281 / Wtd. HRF eff = 7.1185 / Pop var. = 0.41196 / time = 0.73
best of generation 148 / cbal. = 93.7952 / Wtd. con eff = 3.7281 / Wtd. HRF eff = 7.1185 / Pop var. = 0.31602 / time = 0.74
best of generation 149 / cbal. = 93.7952 / Wtd. con eff = 3.7281 / Wtd. HRF eff = 7.1185 / Pop var. = 0.38867 / time = 0.73
best of generation 150 / cbal. = 93.7952 / Wtd. con eff = 3.7281 / Wtd. HRF eff = 7.1185 / Pop var. = 0.45084 / time = 0.77
best of generation 151 / cbal. = 93.7952 / Wtd. con eff = 3.7281 / Wtd. HRF eff = 7.1185 / Pop var. = 0.41048 / time = 0.73
best of generation 152 / cbal. = 93.7952 / Wtd. con eff = 3.7281 / Wtd. HRF eff = 7.1185 / Pop var. = 0.34827 / time = 0.73
best of generation 153 / cbal. = 93.7952 / Wtd. con eff = 3.7281 / Wtd. HRF eff = 7.1185 / Pop var. = 0.40848 / time = 0.76
best of generation 154 / cbal. = 93.7952 / Wtd. con eff = 3.7281 / Wtd. HRF eff = 7.1185 / Pop var. = 0.36827 / time = 0.74
best of generation 155 / cbal. = 93.75 / Wtd. con eff = 3.7256 / Wtd. HRF eff = 8.3247 / Pop var. = 0.40603 / time = 0.74
best of generation 156 / cbal. = 93.75 / Wtd. con eff = 3.7256 / Wtd. HRF eff = 8.3247 / Pop var. = 0.37065 / time = 0.74
best of generation 157 / cbal. = 93.75 / Wtd. con eff = 3.7256 / Wtd. HRF eff = 8.3247 / Pop var. = 0.42025 / time = 0.74
best of generation 158 / cbal. = 93.75 / Wtd. con eff = 3.7256 / Wtd. HRF eff = 8.3247 / Pop var. = 0.38206 / time = 0.75
best of generation 159 / cbal. = 93.75 / Wtd. con eff = 3.7256 / Wtd. HRF eff = 8.3247 / Pop var. = 0.48403 / time = 0.74
best of generation 160 / cbal. = 93.75 / Wtd. con eff = 3.7256 / Wtd. HRF eff = 8.3247 / Pop var. = 0.44672 / time = 0.75
saving workspace as GAresults.mat
M = 
     origlist: [49x1 double]
     restlist: [20x1 double]
     stimlist: [60x1 double]
           ga: [1x1 struct]
    bestLists: [60x160 uint8]
         date: '11-9-2014'
optimizeGA done: 120.34 s
