Starting Model 2
OptimizeGA
===============================
Saturation threshold = 
Setting up variables
You entered 2 conditions  (event types) that will each be modeled with a regessor. 
 Note that if you enter 0 as a condition number, those events will not be modeled
 (they are assumed to be rest/inter-stimulus interval periods)

Contrasts entered. You entered matrix of 3 contrasts, with weights across 4 conditions.
 Contrasts:
     1     1    -1    -1
     1     0    -1     0
     0     1     0    -1
 ...adding one column to contrast matrix with weights of 0, to model the intercept
You entered a contrast weight vector across 3 contrasts
 	...Using rests of length 1 and resting every 4
================== Parameters ======================
     Total stimuli in scan      : 60
     Fixed rest length in ITIs  : 1
     Fixed Rest stimuli in scan : 11
     Num blank intervals        : 9
     Num of task conds          : 2
     Num stimuli each cond      : 20  20
====================================================
	...generating lists of organisms
	...USING TRANS2BLOCK >
     freqConditions = 0.2         0.2         0.2         0.2
     conditions = 1  2  3  4
REST INTERVALS: not used (to use, freqCond should be one longer than conditions
  ...randomizing organism start state
	...restMatrix is 20 X 40
ans =
     4     4     4     4     4     4     4     4     4     4
     4     4     4     4     4     4     4     4     4     4
     4     4     4     4     4     4     4     4     4     4
     4     4     4     4     4     4     4     4     4     4
     4     4     4     4     4     4     4     4     4     4
======== Num stimuli, averaged across lists (before instruction/rest stimuli) ========
		Condition 0: 9 stimuli, 15% of total stimuli
		Condition 1: 20 stimuli, 33.3333% of total stimuli
		Condition 2: 20 stimuli, 33.3333% of total stimuli
		Condition 3: 0 stimuli, 0% of total stimuli
		Condition 4: 0 stimuli, 0% of total stimuli
======================================================================================
best of generation 1 / cbal. = 94.0191 / Wtd. con eff = 2.7477 / Wtd. HRF eff = 0.69913 / Pop var. = 0.85733 / time = 0.73
best of generation 2 / cbal. = 94.4379 / Wtd. con eff = 2.6965 / Wtd. HRF eff = 0.70628 / Pop var. = 0.8454 / time = 0.72
best of generation 3 / cbal. = 94.9228 / Wtd. con eff = 2.8733 / Wtd. HRF eff = 0.61306 / Pop var. = 0.82765 / time = 0.77
best of generation 4 / cbal. = 94.7253 / Wtd. con eff = 2.8697 / Wtd. HRF eff = 0.63563 / Pop var. = 0.79937 / time = 0.76
best of generation 5 / cbal. = 94.8882 / Wtd. con eff = 2.9611 / Wtd. HRF eff = 0.594 / Pop var. = 0.79569 / time = 0.72
best of generation 6 / cbal. = 94.848 / Wtd. con eff = 3.1059 / Wtd. HRF eff = 0.60963 / Pop var. = 0.78927 / time = 0.72
best of generation 7 / cbal. = 94.848 / Wtd. con eff = 3.1059 / Wtd. HRF eff = 0.60963 / Pop var. = 0.75941 / time = 0.72
best of generation 8 / cbal. = 95.0619 / Wtd. con eff = 3.0556 / Wtd. HRF eff = 0.6277 / Pop var. = 0.73024 / time = 0.72
best of generation 9 / cbal. = 95.0619 / Wtd. con eff = 3.0556 / Wtd. HRF eff = 0.6277 / Pop var. = 0.70562 / time = 0.71
best of generation 10 / cbal. = 95.2021 / Wtd. con eff = 3.0942 / Wtd. HRF eff = 0.65186 / Pop var. = 0.6921 / time = 0.73
best of generation 11 / cbal. = 94.663 / Wtd. con eff = 3.2809 / Wtd. HRF eff = 0.75908 / Pop var. = 0.66125 / time = 0.73
best of generation 12 / cbal. = 94.663 / Wtd. con eff = 3.2809 / Wtd. HRF eff = 0.75908 / Pop var. = 0.58411 / time = 0.73
best of generation 13 / cbal. = 94.977 / Wtd. con eff = 3.3537 / Wtd. HRF eff = 0.70665 / Pop var. = 0.53368 / time = 0.74
best of generation 14 / cbal. = 94.977 / Wtd. con eff = 3.3537 / Wtd. HRF eff = 0.70665 / Pop var. = 0.52415 / time = 0.74
best of generation 15 / cbal. = 94.977 / Wtd. con eff = 3.3537 / Wtd. HRF eff = 0.70665 / Pop var. = 0.49246 / time = 0.74
best of generation 16 / cbal. = 94.977 / Wtd. con eff = 3.3537 / Wtd. HRF eff = 0.70665 / Pop var. = 0.51377 / time = 0.75
best of generation 17 / cbal. = 94.9763 / Wtd. con eff = 3.5326 / Wtd. HRF eff = 1.0186 / Pop var. = 0.47427 / time = 0.74
best of generation 18 / cbal. = 95.0245 / Wtd. con eff = 3.552 / Wtd. HRF eff = 1.2556 / Pop var. = 0.46016 / time = 0.74
best of generation 19 / cbal. = 94.7801 / Wtd. con eff = 3.5762 / Wtd. HRF eff = 1.2555 / Pop var. = 0.40681 / time = 0.73
best of generation 20 / cbal. = 94.7801 / Wtd. con eff = 3.5762 / Wtd. HRF eff = 1.2555 / Pop var. = 0.40279 / time = 0.75
best of generation 21 / cbal. = 94.7801 / Wtd. con eff = 3.5762 / Wtd. HRF eff = 1.2555 / Pop var. = 0.35021 / time = 0.73
best of generation 22 / cbal. = 94.7801 / Wtd. con eff = 3.5762 / Wtd. HRF eff = 1.2555 / Pop var. = 0.42583 / time = 0.73
best of generation 23 / cbal. = 94.7801 / Wtd. con eff = 3.5762 / Wtd. HRF eff = 1.2555 / Pop var. = 0.40526 / time = 0.76
best of generation 24 / cbal. = 94.7801 / Wtd. con eff = 3.5762 / Wtd. HRF eff = 1.2555 / Pop var. = 0.38395 / time = 0.73
best of generation 25 / cbal. = 94.7801 / Wtd. con eff = 3.5762 / Wtd. HRF eff = 1.2555 / Pop var. = 0.4836 / time = 0.75
best of generation 26 / cbal. = 94.7801 / Wtd. con eff = 3.5762 / Wtd. HRF eff = 1.2555 / Pop var. = 0.47484 / time = 0.74
best of generation 27 / cbal. = 94.6659 / Wtd. con eff = 3.5846 / Wtd. HRF eff = 1.3065 / Pop var. = 0.46191 / time = 0.74
best of generation 28 / cbal. = 94.6659 / Wtd. con eff = 3.5846 / Wtd. HRF eff = 1.3065 / Pop var. = 0.45803 / time = 0.74
best of generation 29 / cbal. = 94.6659 / Wtd. con eff = 3.5846 / Wtd. HRF eff = 1.3065 / Pop var. = 0.44769 / time = 0.74
best of generation 30 / cbal. = 94.6659 / Wtd. con eff = 3.5962 / Wtd. HRF eff = 1.2244 / Pop var. = 0.39943 / time = 0.74
best of generation 31 / cbal. = 94.7494 / Wtd. con eff = 3.5629 / Wtd. HRF eff = 1.4069 / Pop var. = 0.48274 / time = 0.74
best of generation 32 / cbal. = 95.0003 / Wtd. con eff = 3.5586 / Wtd. HRF eff = 1.6775 / Pop var. = 0.49772 / time = 0.74
best of generation 33 / cbal. = 95.0003 / Wtd. con eff = 3.5586 / Wtd. HRF eff = 1.6775 / Pop var. = 0.47395 / time = 0.74
best of generation 34 / cbal. = 95.0003 / Wtd. con eff = 3.5586 / Wtd. HRF eff = 1.6775 / Pop var. = 0.50177 / time = 0.73
best of generation 35 / cbal. = 95.0003 / Wtd. con eff = 3.5586 / Wtd. HRF eff = 1.6775 / Pop var. = 0.50637 / time = 0.74
best of generation 36 / cbal. = 95.0003 / Wtd. con eff = 3.5586 / Wtd. HRF eff = 1.6775 / Pop var. = 0.4919 / time = 0.74
best of generation 37 / cbal. = 94.7878 / Wtd. con eff = 3.6164 / Wtd. HRF eff = 1.4547 / Pop var. = 0.41999 / time = 0.74
best of generation 38 / cbal. = 94.7878 / Wtd. con eff = 3.6164 / Wtd. HRF eff = 1.4547 / Pop var. = 0.35357 / time = 0.74
best of generation 39 / cbal. = 95.1472 / Wtd. con eff = 3.5518 / Wtd. HRF eff = 1.7993 / Pop var. = 0.4637 / time = 0.73
best of generation 40 / cbal. = 95.1472 / Wtd. con eff = 3.5518 / Wtd. HRF eff = 1.7993 / Pop var. = 0.45845 / time = 0.74
best of generation 41 / cbal. = 95.1472 / Wtd. con eff = 3.5518 / Wtd. HRF eff = 1.7993 / Pop var. = 0.44435 / time = 0.73
best of generation 42 / cbal. = 94.3654 / Wtd. con eff = 3.6515 / Wtd. HRF eff = 1.5038 / Pop var. = 0.40917 / time = 0.74
best of generation 43 / cbal. = 94.176 / Wtd. con eff = 3.6899 / Wtd. HRF eff = 1.8564 / Pop var. = 0.41424 / time = 0.74
best of generation 44 / cbal. = 94.176 / Wtd. con eff = 3.6899 / Wtd. HRF eff = 1.8564 / Pop var. = 0.42715 / time = 0.75
best of generation 45 / cbal. = 94.176 / Wtd. con eff = 3.6899 / Wtd. HRF eff = 1.8564 / Pop var. = 0.40791 / time = 0.74
best of generation 46 / cbal. = 94.176 / Wtd. con eff = 3.6899 / Wtd. HRF eff = 1.8564 / Pop var. = 0.40433 / time = 0.74
best of generation 47 / cbal. = 94.6358 / Wtd. con eff = 3.6175 / Wtd. HRF eff = 2.3106 / Pop var. = 0.4 / time = 0.75
best of generation 48 / cbal. = 94.6358 / Wtd. con eff = 3.6175 / Wtd. HRF eff = 2.3106 / Pop var. = 0.48774 / time = 0.73
best of generation 49 / cbal. = 94.6358 / Wtd. con eff = 3.6175 / Wtd. HRF eff = 2.3106 / Pop var. = 0.44338 / time = 0.76
best of generation 50 / cbal. = 94.6358 / Wtd. con eff = 3.6175 / Wtd. HRF eff = 2.3106 / Pop var. = 0.38225 / time = 0.74
best of generation 51 / cbal. = 94.6358 / Wtd. con eff = 3.6175 / Wtd. HRF eff = 2.3106 / Pop var. = 0.45124 / time = 0.73
best of generation 52 / cbal. = 94.6358 / Wtd. con eff = 3.6175 / Wtd. HRF eff = 2.3106 / Pop var. = 0.41024 / time = 0.74
best of generation 53 / cbal. = 94.6358 / Wtd. con eff = 3.6175 / Wtd. HRF eff = 2.3106 / Pop var. = 0.37836 / time = 0.75
best of generation 54 / cbal. = 94.6358 / Wtd. con eff = 3.6175 / Wtd. HRF eff = 2.3106 / Pop var. = 0.45115 / time = 0.74
best of generation 55 / cbal. = 94.6508 / Wtd. con eff = 3.6327 / Wtd. HRF eff = 2.134 / Pop var. = 0.41271 / time = 0.74
best of generation 56 / cbal. = 94.6508 / Wtd. con eff = 3.6327 / Wtd. HRF eff = 2.134 / Pop var. = 0.39261 / time = 0.74
best of generation 57 / cbal. = 94.6508 / Wtd. con eff = 3.6327 / Wtd. HRF eff = 2.134 / Pop var. = 0.45485 / time = 0.73
best of generation 58 / cbal. = 94.6508 / Wtd. con eff = 3.6327 / Wtd. HRF eff = 2.134 / Pop var. = 0.48988 / time = 0.74
best of generation 59 / cbal. = 94.6508 / Wtd. con eff = 3.6327 / Wtd. HRF eff = 2.134 / Pop var. = 0.43351 / time = 0.74
best of generation 60 / cbal. = 94.6508 / Wtd. con eff = 3.6327 / Wtd. HRF eff = 2.134 / Pop var. = 0.39748 / time = 0.74
best of generation 61 / cbal. = 94.6508 / Wtd. con eff = 3.6327 / Wtd. HRF eff = 2.134 / Pop var. = 0.49679 / time = 0.73
best of generation 62 / cbal. = 94.6508 / Wtd. con eff = 3.6327 / Wtd. HRF eff = 2.134 / Pop var. = 0.46253 / time = 0.74
best of generation 63 / cbal. = 94.6508 / Wtd. con eff = 3.6327 / Wtd. HRF eff = 2.134 / Pop var. = 0.43322 / time = 0.74
best of generation 64 / cbal. = 94.4735 / Wtd. con eff = 3.6513 / Wtd. HRF eff = 2.1083 / Pop var. = 0.37188 / time = 0.76
best of generation 65 / cbal. = 94.6508 / Wtd. con eff = 3.6327 / Wtd. HRF eff = 2.134 / Pop var. = 0.46173 / time = 0.74
best of generation 66 / cbal. = 94.6508 / Wtd. con eff = 3.6327 / Wtd. HRF eff = 2.134 / Pop var. = 0.43201 / time = 0.73
best of generation 67 / cbal. = 94.4735 / Wtd. con eff = 3.6513 / Wtd. HRF eff = 2.1083 / Pop var. = 0.39339 / time = 0.74
best of generation 68 / cbal. = 94.4735 / Wtd. con eff = 3.6513 / Wtd. HRF eff = 2.1083 / Pop var. = 0.48409 / time = 0.74
best of generation 69 / cbal. = 94.4735 / Wtd. con eff = 3.6513 / Wtd. HRF eff = 2.1083 / Pop var. = 0.43856 / time = 0.74
best of generation 70 / cbal. = 94.4735 / Wtd. con eff = 3.6513 / Wtd. HRF eff = 2.1083 / Pop var. = 0.41926 / time = 0.75
best of generation 71 / cbal. = 94.4735 / Wtd. con eff = 3.6513 / Wtd. HRF eff = 2.1083 / Pop var. = 0.3775 / time = 0.74
best of generation 72 / cbal. = 94.4735 / Wtd. con eff = 3.6513 / Wtd. HRF eff = 2.1083 / Pop var. = 0.4679 / time = 0.75
best of generation 73 / cbal. = 94.4735 / Wtd. con eff = 3.6513 / Wtd. HRF eff = 2.1083 / Pop var. = 0.43692 / time = 0.74
best of generation 74 / cbal. = 94.4735 / Wtd. con eff = 3.6513 / Wtd. HRF eff = 2.1083 / Pop var. = 0.3723 / time = 0.74
best of generation 75 / cbal. = 94.4735 / Wtd. con eff = 3.6513 / Wtd. HRF eff = 2.1083 / Pop var. = 0.46964 / time = 0.74
best of generation 76 / cbal. = 94.4735 / Wtd. con eff = 3.6513 / Wtd. HRF eff = 2.1083 / Pop var. = 0.42926 / time = 0.74
best of generation 77 / cbal. = 94.4662 / Wtd. con eff = 3.6678 / Wtd. HRF eff = 1.8312 / Pop var. = 0.39246 / time = 0.75
best of generation 78 / cbal. = 94.4662 / Wtd. con eff = 3.6678 / Wtd. HRF eff = 1.8312 / Pop var. = 0.428 / time = 0.74
best of generation 79 / cbal. = 94.4662 / Wtd. con eff = 3.6678 / Wtd. HRF eff = 1.8312 / Pop var. = 0.41463 / time = 0.73
best of generation 80 / cbal. = 94.4662 / Wtd. con eff = 3.6678 / Wtd. HRF eff = 1.8312 / Pop var. = 0.37046 / time = 0.74
best of generation 81 / cbal. = 94.4662 / Wtd. con eff = 3.6678 / Wtd. HRF eff = 1.8312 / Pop var. = 0.48952 / time = 0.73
best of generation 82 / cbal. = 94.4662 / Wtd. con eff = 3.6678 / Wtd. HRF eff = 1.8312 / Pop var. = 0.48516 / time = 0.74
best of generation 83 / cbal. = 94.4662 / Wtd. con eff = 3.6678 / Wtd. HRF eff = 1.8312 / Pop var. = 0.45395 / time = 0.75
best of generation 84 / cbal. = 94.4662 / Wtd. con eff = 3.6678 / Wtd. HRF eff = 1.8312 / Pop var. = 0.38852 / time = 0.75
best of generation 85 / cbal. = 94.4662 / Wtd. con eff = 3.6678 / Wtd. HRF eff = 1.8312 / Pop var. = 0.48634 / time = 0.74
best of generation 86 / cbal. = 94.4662 / Wtd. con eff = 3.6678 / Wtd. HRF eff = 1.8312 / Pop var. = 0.40479 / time = 0.74
best of generation 87 / cbal. = 94.4662 / Wtd. con eff = 3.6678 / Wtd. HRF eff = 1.8312 / Pop var. = 0.37335 / time = 0.74
best of generation 88 / cbal. = 94.4662 / Wtd. con eff = 3.6678 / Wtd. HRF eff = 1.8312 / Pop var. = 0.40201 / time = 0.74
best of generation 89 / cbal. = 94.4662 / Wtd. con eff = 3.6678 / Wtd. HRF eff = 1.8312 / Pop var. = 0.35768 / time = 0.75
best of generation 90 / cbal. = 94.4662 / Wtd. con eff = 3.6678 / Wtd. HRF eff = 1.8312 / Pop var. = 0.41429 / time = 0.74
best of generation 91 / cbal. = 94.4662 / Wtd. con eff = 3.6678 / Wtd. HRF eff = 1.8312 / Pop var. = 0.35822 / time = 0.74
best of generation 92 / cbal. = 94.4662 / Wtd. con eff = 3.6678 / Wtd. HRF eff = 1.8312 / Pop var. = 0.38316 / time = 0.73
best of generation 93 / cbal. = 94.4662 / Wtd. con eff = 3.6678 / Wtd. HRF eff = 1.8312 / Pop var. = 0.44942 / time = 0.74
best of generation 94 / cbal. = 94.4662 / Wtd. con eff = 3.6678 / Wtd. HRF eff = 1.8312 / Pop var. = 0.38606 / time = 0.74
best of generation 95 / cbal. = 94.4662 / Wtd. con eff = 3.6678 / Wtd. HRF eff = 1.8312 / Pop var. = 0.45234 / time = 0.74
best of generation 96 / cbal. = 94.4662 / Wtd. con eff = 3.6678 / Wtd. HRF eff = 1.8312 / Pop var. = 0.41602 / time = 0.74
best of generation 97 / cbal. = 94.4662 / Wtd. con eff = 3.6678 / Wtd. HRF eff = 1.8312 / Pop var. = 0.354 / time = 0.74
best of generation 98 / cbal. = 94.4662 / Wtd. con eff = 3.6678 / Wtd. HRF eff = 1.8312 / Pop var. = 0.39418 / time = 0.74
best of generation 99 / cbal. = 94.4662 / Wtd. con eff = 3.6678 / Wtd. HRF eff = 1.8312 / Pop var. = 0.46751 / time = 0.74
best of generation 100 / cbal. = 94.4662 / Wtd. con eff = 3.6678 / Wtd. HRF eff = 1.8312 / Pop var. = 0.44786 / time = 0.74
best of generation 101 / cbal. = 94.4662 / Wtd. con eff = 3.6678 / Wtd. HRF eff = 1.8312 / Pop var. = 0.37784 / time = 0.73
best of generation 102 / cbal. = 94.4662 / Wtd. con eff = 3.6678 / Wtd. HRF eff = 1.8312 / Pop var. = 0.45841 / time = 0.75
best of generation 103 / cbal. = 94.4662 / Wtd. con eff = 3.6678 / Wtd. HRF eff = 1.8312 / Pop var. = 0.39999 / time = 0.74
best of generation 104 / cbal. = 94.4662 / Wtd. con eff = 3.6678 / Wtd. HRF eff = 1.8312 / Pop var. = 0.43737 / time = 0.73
best of generation 105 / cbal. = 94.7801 / Wtd. con eff = 3.6263 / Wtd. HRF eff = 1.9617 / Pop var. = 0.38922 / time = 0.74
best of generation 106 / cbal. = 94.7801 / Wtd. con eff = 3.6263 / Wtd. HRF eff = 1.9617 / Pop var. = 0.40935 / time = 0.75
best of generation 107 / cbal. = 94.7801 / Wtd. con eff = 3.6263 / Wtd. HRF eff = 1.9617 / Pop var. = 0.34307 / time = 0.73
best of generation 108 / cbal. = 94.7801 / Wtd. con eff = 3.6263 / Wtd. HRF eff = 1.9617 / Pop var. = 0.40458 / time = 0.76
best of generation 109 / cbal. = 94.7801 / Wtd. con eff = 3.6263 / Wtd. HRF eff = 1.9617 / Pop var. = 0.36801 / time = 0.75
best of generation 110 / cbal. = 94.7801 / Wtd. con eff = 3.6263 / Wtd. HRF eff = 1.9617 / Pop var. = 0.4194 / time = 0.74
best of generation 111 / cbal. = 94.7801 / Wtd. con eff = 3.6263 / Wtd. HRF eff = 1.9617 / Pop var. = 0.39824 / time = 0.73
best of generation 112 / cbal. = 94.7801 / Wtd. con eff = 3.6263 / Wtd. HRF eff = 1.9617 / Pop var. = 0.4729 / time = 0.74
best of generation 113 / cbal. = 94.7801 / Wtd. con eff = 3.6263 / Wtd. HRF eff = 1.9617 / Pop var. = 0.40311 / time = 0.76
best of generation 114 / cbal. = 94.7801 / Wtd. con eff = 3.6263 / Wtd. HRF eff = 1.9617 / Pop var. = 0.36205 / time = 0.75
best of generation 115 / cbal. = 94.7801 / Wtd. con eff = 3.6263 / Wtd. HRF eff = 1.9617 / Pop var. = 0.43747 / time = 0.74
best of generation 116 / cbal. = 94.7801 / Wtd. con eff = 3.6263 / Wtd. HRF eff = 1.9617 / Pop var. = 0.4213 / time = 0.74
best of generation 117 / cbal. = 94.7801 / Wtd. con eff = 3.6263 / Wtd. HRF eff = 1.9617 / Pop var. = 0.31938 / time = 0.73
best of generation 118 / cbal. = 94.7801 / Wtd. con eff = 3.6263 / Wtd. HRF eff = 1.9617 / Pop var. = 0.34104 / time = 0.74
best of generation 119 / cbal. = 94.7801 / Wtd. con eff = 3.6263 / Wtd. HRF eff = 1.9617 / Pop var. = 0.40951 / time = 0.74
best of generation 120 / cbal. = 94.7801 / Wtd. con eff = 3.6263 / Wtd. HRF eff = 1.9617 / Pop var. = 0.31758 / time = 0.74
best of generation 121 / cbal. = 94.7801 / Wtd. con eff = 3.6263 / Wtd. HRF eff = 1.9617 / Pop var. = 0.40075 / time = 0.74
best of generation 122 / cbal. = 94.7801 / Wtd. con eff = 3.6263 / Wtd. HRF eff = 1.9617 / Pop var. = 0.3668 / time = 0.8
best of generation 123 / cbal. = 94.7801 / Wtd. con eff = 3.6263 / Wtd. HRF eff = 1.9617 / Pop var. = 0.45143 / time = 0.74
best of generation 124 / cbal. = 94.7801 / Wtd. con eff = 3.6263 / Wtd. HRF eff = 1.9617 / Pop var. = 0.38674 / time = 0.74
best of generation 125 / cbal. = 94.7801 / Wtd. con eff = 3.6263 / Wtd. HRF eff = 1.9617 / Pop var. = 0.4524 / time = 0.74
best of generation 126 / cbal. = 94.7801 / Wtd. con eff = 3.6263 / Wtd. HRF eff = 1.9617 / Pop var. = 0.38993 / time = 0.75
best of generation 127 / cbal. = 94.7801 / Wtd. con eff = 3.6263 / Wtd. HRF eff = 1.9617 / Pop var. = 0.47928 / time = 0.74
best of generation 128 / cbal. = 94.7801 / Wtd. con eff = 3.6263 / Wtd. HRF eff = 1.9617 / Pop var. = 0.42629 / time = 0.73
best of generation 129 / cbal. = 94.7801 / Wtd. con eff = 3.6263 / Wtd. HRF eff = 1.9617 / Pop var. = 0.37229 / time = 0.74
best of generation 130 / cbal. = 94.7801 / Wtd. con eff = 3.6263 / Wtd. HRF eff = 1.9617 / Pop var. = 0.39052 / time = 0.73
best of generation 131 / cbal. = 94.7801 / Wtd. con eff = 3.6263 / Wtd. HRF eff = 1.9617 / Pop var. = 0.45948 / time = 0.73
best of generation 132 / cbal. = 94.7801 / Wtd. con eff = 3.6263 / Wtd. HRF eff = 1.9617 / Pop var. = 0.4021 / time = 0.75
best of generation 133 / cbal. = 94.7801 / Wtd. con eff = 3.6263 / Wtd. HRF eff = 1.9617 / Pop var. = 0.34986 / time = 0.73
best of generation 134 / cbal. = 94.7801 / Wtd. con eff = 3.6263 / Wtd. HRF eff = 1.9617 / Pop var. = 0.41867 / time = 0.74
best of generation 135 / cbal. = 94.7801 / Wtd. con eff = 3.6263 / Wtd. HRF eff = 1.9617 / Pop var. = 0.3458 / time = 0.75
best of generation 136 / cbal. = 94.7801 / Wtd. con eff = 3.6263 / Wtd. HRF eff = 1.9617 / Pop var. = 0.39762 / time = 0.74
best of generation 137 / cbal. = 94.7801 / Wtd. con eff = 3.6263 / Wtd. HRF eff = 1.9617 / Pop var. = 0.45015 / time = 0.74
best of generation 138 / cbal. = 94.7801 / Wtd. con eff = 3.6263 / Wtd. HRF eff = 1.9617 / Pop var. = 0.40196 / time = 0.73
best of generation 139 / cbal. = 94.4444 / Wtd. con eff = 3.6744 / Wtd. HRF eff = 2.064 / Pop var. = 0.36156 / time = 0.73
best of generation 140 / cbal. = 93.9659 / Wtd. con eff = 3.6608 / Wtd. HRF eff = 4.2838 / Pop var. = 0.42835 / time = 0.74
best of generation 141 / cbal. = 93.9659 / Wtd. con eff = 3.6608 / Wtd. HRF eff = 4.2838 / Pop var. = 0.3588 / time = 0.73
best of generation 142 / cbal. = 93.9659 / Wtd. con eff = 3.6608 / Wtd. HRF eff = 4.2838 / Pop var. = 0.39632 / time = 0.74
best of generation 143 / cbal. = 93.9659 / Wtd. con eff = 3.6608 / Wtd. HRF eff = 4.2838 / Pop var. = 0.48092 / time = 0.76
best of generation 144 / cbal. = 94.7189 / Wtd. con eff = 3.6489 / Wtd. HRF eff = 1.6538 / Pop var. = 0.40668 / time = 0.74
best of generation 145 / cbal. = 94.7189 / Wtd. con eff = 3.6489 / Wtd. HRF eff = 1.6538 / Pop var. = 0.33088 / time = 0.74
best of generation 146 / cbal. = 94.7189 / Wtd. con eff = 3.6489 / Wtd. HRF eff = 1.6538 / Pop var. = 0.37527 / time = 0.75
best of generation 147 / cbal. = 94.7189 / Wtd. con eff = 3.6489 / Wtd. HRF eff = 1.6538 / Pop var. = 0.42936 / time = 0.74
best of generation 148 / cbal. = 94.7189 / Wtd. con eff = 3.6489 / Wtd. HRF eff = 1.6538 / Pop var. = 0.36055 / time = 0.74
best of generation 149 / cbal. = 94.7189 / Wtd. con eff = 3.6489 / Wtd. HRF eff = 1.6538 / Pop var. = 0.43389 / time = 0.74
best of generation 150 / cbal. = 94.7189 / Wtd. con eff = 3.6489 / Wtd. HRF eff = 1.6538 / Pop var. = 0.40203 / time = 0.74
best of generation 151 / cbal. = 94.7189 / Wtd. con eff = 3.6489 / Wtd. HRF eff = 1.6538 / Pop var. = 0.31082 / time = 0.74
best of generation 152 / cbal. = 94.7189 / Wtd. con eff = 3.6489 / Wtd. HRF eff = 1.6538 / Pop var. = 0.35386 / time = 0.73
best of generation 153 / cbal. = 94.681 / Wtd. con eff = 3.655 / Wtd. HRF eff = 1.701 / Pop var. = 0.41265 / time = 0.75
best of generation 154 / cbal. = 94.4807 / Wtd. con eff = 3.6604 / Wtd. HRF eff = 3.7369 / Pop var. = 0.35155 / time = 0.73
best of generation 155 / cbal. = 94.4807 / Wtd. con eff = 3.6604 / Wtd. HRF eff = 3.7369 / Pop var. = 0.4487 / time = 0.74
best of generation 156 / cbal. = 94.4807 / Wtd. con eff = 3.6604 / Wtd. HRF eff = 3.7369 / Pop var. = 0.37278 / time = 0.74
best of generation 157 / cbal. = 94.4807 / Wtd. con eff = 3.6604 / Wtd. HRF eff = 3.7369 / Pop var. = 0.46769 / time = 0.74
best of generation 158 / cbal. = 94.4807 / Wtd. con eff = 3.6604 / Wtd. HRF eff = 3.7369 / Pop var. = 0.40745 / time = 0.74
best of generation 159 / cbal. = 94.4807 / Wtd. con eff = 3.6604 / Wtd. HRF eff = 3.7369 / Pop var. = 0.38102 / time = 0.73
best of generation 160 / cbal. = 94.4807 / Wtd. con eff = 3.6604 / Wtd. HRF eff = 3.7369 / Pop var. = 0.3969 / time = 0.73
saving workspace as GAresults.mat
M = 
     origlist: [49x1 double]
     restlist: [20x1 double]
     stimlist: [60x1 double]
           ga: [1x1 struct]
    bestLists: [60x160 uint8]
         date: '11-9-2014'
optimizeGA done: 120.58 s
