Starting Model 83
OptimizeGA
===============================
Saturation threshold = 
Setting up variables
You entered 2 conditions  (event types) that will each be modeled with a regessor. 
 Note that if you enter 0 as a condition number, those events will not be modeled
 (they are assumed to be rest/inter-stimulus interval periods)

Contrasts entered. You entered matrix of 3 contrasts, with weights across 4 conditions.
 Contrasts:
     1     1    -1    -1
     1     0    -1     0
     0     1     0    -1
 ...adding one column to contrast matrix with weights of 0, to model the intercept
You entered a contrast weight vector across 3 contrasts
 	...Using rests of length 1 and resting every 4
================== Parameters ======================
     Total stimuli in scan      : 60
     Fixed rest length in ITIs  : 1
     Fixed Rest stimuli in scan : 11
     Num blank intervals        : 9
     Num of task conds          : 2
     Num stimuli each cond      : 20  20
====================================================
	...generating lists of organisms
	...USING TRANS2BLOCK >
     freqConditions = 0.2         0.2         0.2         0.2
     conditions = 1  2  3  4
REST INTERVALS: not used (to use, freqCond should be one longer than conditions
  ...randomizing organism start state
	...restMatrix is 20 X 40
ans =
     4     4     4     4     4     4     4     4     4     4
     4     4     4     4     4     4     4     4     4     4
     4     4     4     4     4     4     4     4     4     4
     4     4     4     4     4     4     4     4     4     4
     4     4     4     4     4     4     4     4     4     4
======== Num stimuli, averaged across lists (before instruction/rest stimuli) ========
		Condition 0: 9 stimuli, 15% of total stimuli
		Condition 1: 20 stimuli, 33.3333% of total stimuli
		Condition 2: 20 stimuli, 33.3333% of total stimuli
		Condition 3: 0 stimuli, 0% of total stimuli
		Condition 4: 0 stimuli, 0% of total stimuli
======================================================================================
best of generation 1 / cbal. = 94.4555 / Wtd. con eff = 2.7156 / Wtd. HRF eff = 0.55025 / Pop var. = 0.86219 / time = 0.75
best of generation 2 / cbal. = 94.4555 / Wtd. con eff = 2.7156 / Wtd. HRF eff = 0.55025 / Pop var. = 0.84516 / time = 0.77
best of generation 3 / cbal. = 94.3182 / Wtd. con eff = 2.8848 / Wtd. HRF eff = 0.48241 / Pop var. = 0.84017 / time = 0.75
best of generation 4 / cbal. = 94.4961 / Wtd. con eff = 2.9033 / Wtd. HRF eff = 0.5952 / Pop var. = 0.82975 / time = 0.75
best of generation 5 / cbal. = 94.4961 / Wtd. con eff = 2.9033 / Wtd. HRF eff = 0.5952 / Pop var. = 0.7971 / time = 0.77
best of generation 6 / cbal. = 94.8066 / Wtd. con eff = 2.8797 / Wtd. HRF eff = 0.722 / Pop var. = 0.76676 / time = 0.74
best of generation 7 / cbal. = 94.5839 / Wtd. con eff = 3.1084 / Wtd. HRF eff = 0.56635 / Pop var. = 0.7479 / time = 0.75
best of generation 8 / cbal. = 94.644 / Wtd. con eff = 3.1198 / Wtd. HRF eff = 0.5666 / Pop var. = 0.73038 / time = 0.72
best of generation 9 / cbal. = 94.4026 / Wtd. con eff = 3.2476 / Wtd. HRF eff = 0.72626 / Pop var. = 0.72607 / time = 0.74
best of generation 10 / cbal. = 94.4026 / Wtd. con eff = 3.2476 / Wtd. HRF eff = 0.72626 / Pop var. = 0.71682 / time = 0.76
best of generation 11 / cbal. = 94.4026 / Wtd. con eff = 3.2476 / Wtd. HRF eff = 0.72626 / Pop var. = 0.71999 / time = 0.73
best of generation 12 / cbal. = 94.5801 / Wtd. con eff = 3.2186 / Wtd. HRF eff = 0.63318 / Pop var. = 0.65771 / time = 0.72
best of generation 13 / cbal. = 94.5058 / Wtd. con eff = 3.3201 / Wtd. HRF eff = 0.72661 / Pop var. = 0.62517 / time = 0.73
best of generation 14 / cbal. = 94.6134 / Wtd. con eff = 3.439 / Wtd. HRF eff = 0.88543 / Pop var. = 0.59186 / time = 0.73
best of generation 15 / cbal. = 94.6134 / Wtd. con eff = 3.439 / Wtd. HRF eff = 0.88543 / Pop var. = 0.54982 / time = 0.74
best of generation 16 / cbal. = 94.6134 / Wtd. con eff = 3.439 / Wtd. HRF eff = 0.88543 / Pop var. = 0.53248 / time = 0.78
best of generation 17 / cbal. = 94.647 / Wtd. con eff = 3.4242 / Wtd. HRF eff = 1.19 / Pop var. = 0.46714 / time = 0.73
best of generation 18 / cbal. = 94.2496 / Wtd. con eff = 3.4893 / Wtd. HRF eff = 1.0921 / Pop var. = 0.31604 / time = 0.74
best of generation 19 / cbal. = 94.2496 / Wtd. con eff = 3.4893 / Wtd. HRF eff = 1.0921 / Pop var. = 0.36413 / time = 0.73
best of generation 20 / cbal. = 94.3804 / Wtd. con eff = 3.5379 / Wtd. HRF eff = 1.2775 / Pop var. = 0.35568 / time = 0.81
best of generation 21 / cbal. = 94.3804 / Wtd. con eff = 3.5379 / Wtd. HRF eff = 1.2775 / Pop var. = 0.43411 / time = 0.84
best of generation 22 / cbal. = 95.4551 / Wtd. con eff = 3.474 / Wtd. HRF eff = 0.96626 / Pop var. = 0.43238 / time = 0.79
best of generation 23 / cbal. = 95.0164 / Wtd. con eff = 3.5748 / Wtd. HRF eff = 1.127 / Pop var. = 0.46258 / time = 0.74
best of generation 24 / cbal. = 94.9683 / Wtd. con eff = 3.5857 / Wtd. HRF eff = 1.2428 / Pop var. = 0.41682 / time = 0.75
best of generation 25 / cbal. = 94.9683 / Wtd. con eff = 3.5857 / Wtd. HRF eff = 1.2428 / Pop var. = 0.36784 / time = 0.75
best of generation 26 / cbal. = 94.9683 / Wtd. con eff = 3.5857 / Wtd. HRF eff = 1.2428 / Pop var. = 0.4484 / time = 0.76
best of generation 27 / cbal. = 94.9683 / Wtd. con eff = 3.5857 / Wtd. HRF eff = 1.2428 / Pop var. = 0.40806 / time = 0.76
best of generation 28 / cbal. = 94.9683 / Wtd. con eff = 3.5857 / Wtd. HRF eff = 1.2428 / Pop var. = 0.39216 / time = 0.74
best of generation 29 / cbal. = 94.9683 / Wtd. con eff = 3.5857 / Wtd. HRF eff = 1.2428 / Pop var. = 0.45004 / time = 0.76
best of generation 30 / cbal. = 94.9683 / Wtd. con eff = 3.5857 / Wtd. HRF eff = 1.2428 / Pop var. = 0.39908 / time = 0.76
best of generation 31 / cbal. = 94.9683 / Wtd. con eff = 3.5857 / Wtd. HRF eff = 1.2428 / Pop var. = 0.47026 / time = 0.76
best of generation 32 / cbal. = 94.9683 / Wtd. con eff = 3.5857 / Wtd. HRF eff = 1.2428 / Pop var. = 0.43831 / time = 0.81
best of generation 33 / cbal. = 94.9683 / Wtd. con eff = 3.5857 / Wtd. HRF eff = 1.2428 / Pop var. = 0.43613 / time = 0.76
best of generation 34 / cbal. = 94.9683 / Wtd. con eff = 3.5857 / Wtd. HRF eff = 1.2428 / Pop var. = 0.39682 / time = 0.76
best of generation 35 / cbal. = 94.9683 / Wtd. con eff = 3.5857 / Wtd. HRF eff = 1.2428 / Pop var. = 0.45757 / time = 0.76
best of generation 36 / cbal. = 94.9048 / Wtd. con eff = 3.5974 / Wtd. HRF eff = 1.3948 / Pop var. = 0.40053 / time = 0.76
best of generation 37 / cbal. = 94.9048 / Wtd. con eff = 3.5974 / Wtd. HRF eff = 1.3948 / Pop var. = 0.36486 / time = 0.77
best of generation 38 / cbal. = 94.9048 / Wtd. con eff = 3.5974 / Wtd. HRF eff = 1.3948 / Pop var. = 0.46404 / time = 0.76
best of generation 39 / cbal. = 94.9048 / Wtd. con eff = 3.5974 / Wtd. HRF eff = 1.3948 / Pop var. = 0.40975 / time = 0.76
best of generation 40 / cbal. = 94.9048 / Wtd. con eff = 3.5974 / Wtd. HRF eff = 1.3948 / Pop var. = 0.36223 / time = 0.76
best of generation 41 / cbal. = 94.9048 / Wtd. con eff = 3.5974 / Wtd. HRF eff = 1.3948 / Pop var. = 0.46086 / time = 0.75
best of generation 42 / cbal. = 94.9048 / Wtd. con eff = 3.5974 / Wtd. HRF eff = 1.3948 / Pop var. = 0.4142 / time = 0.78
best of generation 43 / cbal. = 94.9048 / Wtd. con eff = 3.5974 / Wtd. HRF eff = 1.3948 / Pop var. = 0.37575 / time = 0.79
best of generation 44 / cbal. = 95.1142 / Wtd. con eff = 3.5834 / Wtd. HRF eff = 1.3985 / Pop var. = 0.40849 / time = 0.77
best of generation 45 / cbal. = 95.1142 / Wtd. con eff = 3.5834 / Wtd. HRF eff = 1.3985 / Pop var. = 0.36398 / time = 0.76
best of generation 46 / cbal. = 95.1142 / Wtd. con eff = 3.5834 / Wtd. HRF eff = 1.3985 / Pop var. = 0.44462 / time = 0.76
best of generation 47 / cbal. = 94.6734 / Wtd. con eff = 3.6203 / Wtd. HRF eff = 1.8294 / Pop var. = 0.43448 / time = 0.77
best of generation 48 / cbal. = 94.6734 / Wtd. con eff = 3.6203 / Wtd. HRF eff = 1.8294 / Pop var. = 0.37728 / time = 0.78
best of generation 49 / cbal. = 94.6734 / Wtd. con eff = 3.6203 / Wtd. HRF eff = 1.8294 / Pop var. = 0.41379 / time = 0.77
best of generation 50 / cbal. = 94.6734 / Wtd. con eff = 3.6203 / Wtd. HRF eff = 1.8294 / Pop var. = 0.39191 / time = 0.77
best of generation 51 / cbal. = 94.6734 / Wtd. con eff = 3.6203 / Wtd. HRF eff = 1.8294 / Pop var. = 0.44649 / time = 0.77
best of generation 52 / cbal. = 94.5246 / Wtd. con eff = 3.6468 / Wtd. HRF eff = 1.5898 / Pop var. = 0.34951 / time = 0.76
best of generation 53 / cbal. = 94.5246 / Wtd. con eff = 3.6468 / Wtd. HRF eff = 1.5898 / Pop var. = 0.4512 / time = 0.8
best of generation 54 / cbal. = 94.4517 / Wtd. con eff = 3.6682 / Wtd. HRF eff = 1.5803 / Pop var. = 0.42784 / time = 0.76
best of generation 55 / cbal. = 94.4517 / Wtd. con eff = 3.6682 / Wtd. HRF eff = 1.5803 / Pop var. = 0.42393 / time = 0.76
best of generation 56 / cbal. = 94.4517 / Wtd. con eff = 3.6682 / Wtd. HRF eff = 1.5803 / Pop var. = 0.42128 / time = 0.84
best of generation 57 / cbal. = 94.4517 / Wtd. con eff = 3.6682 / Wtd. HRF eff = 1.5803 / Pop var. = 0.41594 / time = 0.84
best of generation 58 / cbal. = 94.5393 / Wtd. con eff = 3.6616 / Wtd. HRF eff = 1.7773 / Pop var. = 0.39739 / time = 0.81
best of generation 59 / cbal. = 94.5393 / Wtd. con eff = 3.6616 / Wtd. HRF eff = 1.7773 / Pop var. = 0.47688 / time = 0.76
best of generation 60 / cbal. = 94.5393 / Wtd. con eff = 3.6616 / Wtd. HRF eff = 1.7773 / Pop var. = 0.4463 / time = 0.75
best of generation 61 / cbal. = 94.5393 / Wtd. con eff = 3.6616 / Wtd. HRF eff = 1.7773 / Pop var. = 0.38592 / time = 0.75
best of generation 62 / cbal. = 94.5393 / Wtd. con eff = 3.6616 / Wtd. HRF eff = 1.7773 / Pop var. = 0.47912 / time = 0.76
best of generation 63 / cbal. = 94.5393 / Wtd. con eff = 3.6616 / Wtd. HRF eff = 1.7773 / Pop var. = 0.45695 / time = 0.76
best of generation 64 / cbal. = 94.5393 / Wtd. con eff = 3.6616 / Wtd. HRF eff = 1.7773 / Pop var. = 0.3827 / time = 0.81
best of generation 65 / cbal. = 94.5393 / Wtd. con eff = 3.6616 / Wtd. HRF eff = 1.7773 / Pop var. = 0.50357 / time = 0.75
best of generation 66 / cbal. = 94.5393 / Wtd. con eff = 3.6616 / Wtd. HRF eff = 1.7773 / Pop var. = 0.48604 / time = 0.76
best of generation 67 / cbal. = 94.7647 / Wtd. con eff = 3.6189 / Wtd. HRF eff = 2.0716 / Pop var. = 0.45114 / time = 0.77
best of generation 68 / cbal. = 94.7647 / Wtd. con eff = 3.6189 / Wtd. HRF eff = 2.0716 / Pop var. = 0.45118 / time = 0.76
best of generation 69 / cbal. = 94.7647 / Wtd. con eff = 3.6189 / Wtd. HRF eff = 2.0716 / Pop var. = 0.4616 / time = 0.78
best of generation 70 / cbal. = 94.7647 / Wtd. con eff = 3.6189 / Wtd. HRF eff = 2.0716 / Pop var. = 0.40248 / time = 0.77
best of generation 71 / cbal. = 94.7647 / Wtd. con eff = 3.6189 / Wtd. HRF eff = 2.0716 / Pop var. = 0.31867 / time = 0.76
best of generation 72 / cbal. = 94.7647 / Wtd. con eff = 3.6189 / Wtd. HRF eff = 2.0716 / Pop var. = 0.43004 / time = 0.76
best of generation 73 / cbal. = 94.7647 / Wtd. con eff = 3.6189 / Wtd. HRF eff = 2.0716 / Pop var. = 0.35575 / time = 0.76
best of generation 74 / cbal. = 94.7647 / Wtd. con eff = 3.6189 / Wtd. HRF eff = 2.0716 / Pop var. = 0.46181 / time = 0.82
best of generation 75 / cbal. = 94.7647 / Wtd. con eff = 3.6189 / Wtd. HRF eff = 2.0716 / Pop var. = 0.40347 / time = 0.76
best of generation 76 / cbal. = 94.7647 / Wtd. con eff = 3.6189 / Wtd. HRF eff = 2.0716 / Pop var. = 0.34059 / time = 0.76
best of generation 77 / cbal. = 94.7647 / Wtd. con eff = 3.6189 / Wtd. HRF eff = 2.0716 / Pop var. = 0.43229 / time = 0.76
best of generation 78 / cbal. = 94.7647 / Wtd. con eff = 3.6189 / Wtd. HRF eff = 2.0716 / Pop var. = 0.37677 / time = 0.76
best of generation 79 / cbal. = 94.7647 / Wtd. con eff = 3.6189 / Wtd. HRF eff = 2.0716 / Pop var. = 0.41754 / time = 0.78
best of generation 80 / cbal. = 94.5614 / Wtd. con eff = 3.6732 / Wtd. HRF eff = 1.7529 / Pop var. = 0.3804 / time = 0.77
best of generation 81 / cbal. = 94.5614 / Wtd. con eff = 3.6732 / Wtd. HRF eff = 1.7529 / Pop var. = 0.46933 / time = 0.75
best of generation 82 / cbal. = 94.5614 / Wtd. con eff = 3.6732 / Wtd. HRF eff = 1.7529 / Pop var. = 0.4145 / time = 0.77
best of generation 83 / cbal. = 94.5614 / Wtd. con eff = 3.6732 / Wtd. HRF eff = 1.7529 / Pop var. = 0.36948 / time = 0.76
best of generation 84 / cbal. = 94.5614 / Wtd. con eff = 3.6732 / Wtd. HRF eff = 1.7529 / Pop var. = 0.45014 / time = 0.77
best of generation 85 / cbal. = 94.5614 / Wtd. con eff = 3.6732 / Wtd. HRF eff = 1.7529 / Pop var. = 0.4411 / time = 0.79
best of generation 86 / cbal. = 94.5614 / Wtd. con eff = 3.6732 / Wtd. HRF eff = 1.7529 / Pop var. = 0.41333 / time = 0.78
best of generation 87 / cbal. = 94.5614 / Wtd. con eff = 3.6732 / Wtd. HRF eff = 1.7529 / Pop var. = 0.3631 / time = 0.76
best of generation 88 / cbal. = 94.5614 / Wtd. con eff = 3.6732 / Wtd. HRF eff = 1.7529 / Pop var. = 0.45701 / time = 0.76
best of generation 89 / cbal. = 94.5614 / Wtd. con eff = 3.6732 / Wtd. HRF eff = 1.7529 / Pop var. = 0.44363 / time = 0.76
best of generation 90 / cbal. = 94.5614 / Wtd. con eff = 3.6732 / Wtd. HRF eff = 1.7529 / Pop var. = 0.37378 / time = 0.81
best of generation 91 / cbal. = 94.5614 / Wtd. con eff = 3.6732 / Wtd. HRF eff = 1.7529 / Pop var. = 0.41959 / time = 0.77
best of generation 92 / cbal. = 94.5614 / Wtd. con eff = 3.6732 / Wtd. HRF eff = 1.7529 / Pop var. = 0.3665 / time = 0.77
best of generation 93 / cbal. = 94.5614 / Wtd. con eff = 3.6732 / Wtd. HRF eff = 1.7529 / Pop var. = 0.41263 / time = 0.74
best of generation 94 / cbal. = 94.5614 / Wtd. con eff = 3.6732 / Wtd. HRF eff = 1.7529 / Pop var. = 0.35544 / time = 0.76
best of generation 95 / cbal. = 94.5614 / Wtd. con eff = 3.6732 / Wtd. HRF eff = 1.7529 / Pop var. = 0.45653 / time = 0.76
best of generation 96 / cbal. = 94.5614 / Wtd. con eff = 3.6732 / Wtd. HRF eff = 1.7529 / Pop var. = 0.40156 / time = 0.8
best of generation 97 / cbal. = 94.5614 / Wtd. con eff = 3.6732 / Wtd. HRF eff = 1.7529 / Pop var. = 0.35506 / time = 0.78
best of generation 98 / cbal. = 94.5614 / Wtd. con eff = 3.6732 / Wtd. HRF eff = 1.7529 / Pop var. = 0.37761 / time = 0.79
best of generation 99 / cbal. = 94.5614 / Wtd. con eff = 3.6732 / Wtd. HRF eff = 1.7529 / Pop var. = 0.4523 / time = 0.78
best of generation 100 / cbal. = 94.5614 / Wtd. con eff = 3.6732 / Wtd. HRF eff = 1.7529 / Pop var. = 0.41087 / time = 0.77
best of generation 101 / cbal. = 94.4156 / Wtd. con eff = 3.6354 / Wtd. HRF eff = 3.5736 / Pop var. = 0.32909 / time = 0.81
best of generation 102 / cbal. = 94.4156 / Wtd. con eff = 3.6354 / Wtd. HRF eff = 3.5736 / Pop var. = 0.39417 / time = 0.75
best of generation 103 / cbal. = 94.4156 / Wtd. con eff = 3.6354 / Wtd. HRF eff = 3.5736 / Pop var. = 0.4488 / time = 0.77
best of generation 104 / cbal. = 94.4156 / Wtd. con eff = 3.6354 / Wtd. HRF eff = 3.5736 / Pop var. = 0.39508 / time = 0.75
best of generation 105 / cbal. = 94.4156 / Wtd. con eff = 3.6354 / Wtd. HRF eff = 3.5736 / Pop var. = 0.45807 / time = 0.75
best of generation 106 / cbal. = 94.6209 / Wtd. con eff = 3.6594 / Wtd. HRF eff = 1.3873 / Pop var. = 0.44298 / time = 0.78
best of generation 107 / cbal. = 94.5026 / Wtd. con eff = 3.6401 / Wtd. HRF eff = 3.518 / Pop var. = 0.39895 / time = 0.75
best of generation 108 / cbal. = 94.5026 / Wtd. con eff = 3.6401 / Wtd. HRF eff = 3.518 / Pop var. = 0.43869 / time = 0.75
best of generation 109 / cbal. = 94.5614 / Wtd. con eff = 3.6732 / Wtd. HRF eff = 1.7529 / Pop var. = 0.36464 / time = 0.76
best of generation 110 / cbal. = 94.5614 / Wtd. con eff = 3.6732 / Wtd. HRF eff = 1.7529 / Pop var. = 0.45476 / time = 0.75
best of generation 111 / cbal. = 94.5614 / Wtd. con eff = 3.6732 / Wtd. HRF eff = 1.7529 / Pop var. = 0.40973 / time = 0.76
best of generation 112 / cbal. = 94.5614 / Wtd. con eff = 3.6732 / Wtd. HRF eff = 1.7529 / Pop var. = 0.33488 / time = 0.81
best of generation 113 / cbal. = 94.5614 / Wtd. con eff = 3.6732 / Wtd. HRF eff = 1.7529 / Pop var. = 0.41003 / time = 0.75
best of generation 114 / cbal. = 94.43 / Wtd. con eff = 3.6669 / Wtd. HRF eff = 3.6145 / Pop var. = 0.37676 / time = 0.77
best of generation 115 / cbal. = 94.43 / Wtd. con eff = 3.6669 / Wtd. HRF eff = 3.6145 / Pop var. = 0.46534 / time = 0.75
best of generation 116 / cbal. = 94.43 / Wtd. con eff = 3.6669 / Wtd. HRF eff = 3.6145 / Pop var. = 0.42661 / time = 0.76
best of generation 117 / cbal. = 94.43 / Wtd. con eff = 3.6669 / Wtd. HRF eff = 3.6145 / Pop var. = 0.38793 / time = 0.77
best of generation 118 / cbal. = 94.43 / Wtd. con eff = 3.6669 / Wtd. HRF eff = 3.6145 / Pop var. = 0.44836 / time = 0.74
best of generation 119 / cbal. = 94.43 / Wtd. con eff = 3.6669 / Wtd. HRF eff = 3.6145 / Pop var. = 0.36345 / time = 0.76
best of generation 120 / cbal. = 94.43 / Wtd. con eff = 3.6669 / Wtd. HRF eff = 3.6145 / Pop var. = 0.41625 / time = 0.75
best of generation 121 / cbal. = 94.43 / Wtd. con eff = 3.6669 / Wtd. HRF eff = 3.6145 / Pop var. = 0.3615 / time = 0.75
best of generation 122 / cbal. = 94.43 / Wtd. con eff = 3.6669 / Wtd. HRF eff = 3.6145 / Pop var. = 0.43081 / time = 0.76
best of generation 123 / cbal. = 94.43 / Wtd. con eff = 3.6669 / Wtd. HRF eff = 3.6145 / Pop var. = 0.33376 / time = 0.79
best of generation 124 / cbal. = 94.43 / Wtd. con eff = 3.6669 / Wtd. HRF eff = 3.6145 / Pop var. = 0.39458 / time = 0.75
best of generation 125 / cbal. = 94.43 / Wtd. con eff = 3.6669 / Wtd. HRF eff = 3.6145 / Pop var. = 0.44963 / time = 0.75
best of generation 126 / cbal. = 94.43 / Wtd. con eff = 3.6669 / Wtd. HRF eff = 3.6145 / Pop var. = 0.40264 / time = 0.76
best of generation 127 / cbal. = 94.43 / Wtd. con eff = 3.6669 / Wtd. HRF eff = 3.6145 / Pop var. = 0.3637 / time = 0.77
best of generation 128 / cbal. = 94.43 / Wtd. con eff = 3.6669 / Wtd. HRF eff = 3.6145 / Pop var. = 0.40272 / time = 0.76
best of generation 129 / cbal. = 94.43 / Wtd. con eff = 3.6669 / Wtd. HRF eff = 3.6145 / Pop var. = 0.38983 / time = 0.76
best of generation 130 / cbal. = 94.43 / Wtd. con eff = 3.6669 / Wtd. HRF eff = 3.6145 / Pop var. = 0.41765 / time = 0.76
best of generation 131 / cbal. = 94.43 / Wtd. con eff = 3.6669 / Wtd. HRF eff = 3.6145 / Pop var. = 0.36631 / time = 0.75
best of generation 132 / cbal. = 94.43 / Wtd. con eff = 3.6669 / Wtd. HRF eff = 3.6145 / Pop var. = 0.44981 / time = 0.76
best of generation 133 / cbal. = 94.43 / Wtd. con eff = 3.6669 / Wtd. HRF eff = 3.6145 / Pop var. = 0.37409 / time = 0.76
best of generation 134 / cbal. = 94.43 / Wtd. con eff = 3.6669 / Wtd. HRF eff = 3.6145 / Pop var. = 0.45542 / time = 0.77
best of generation 135 / cbal. = 94.43 / Wtd. con eff = 3.6669 / Wtd. HRF eff = 3.6145 / Pop var. = 0.38904 / time = 0.76
best of generation 136 / cbal. = 94.43 / Wtd. con eff = 3.6669 / Wtd. HRF eff = 3.6145 / Pop var. = 0.42477 / time = 0.76
best of generation 137 / cbal. = 94.43 / Wtd. con eff = 3.6669 / Wtd. HRF eff = 3.6145 / Pop var. = 0.38976 / time = 0.76
best of generation 138 / cbal. = 94.43 / Wtd. con eff = 3.6669 / Wtd. HRF eff = 3.6145 / Pop var. = 0.46451 / time = 0.74
best of generation 139 / cbal. = 94.43 / Wtd. con eff = 3.6669 / Wtd. HRF eff = 3.6145 / Pop var. = 0.41886 / time = 0.76
best of generation 140 / cbal. = 94.43 / Wtd. con eff = 3.6669 / Wtd. HRF eff = 3.6145 / Pop var. = 0.41526 / time = 0.76
best of generation 141 / cbal. = 94.43 / Wtd. con eff = 3.6669 / Wtd. HRF eff = 3.6145 / Pop var. = 0.35082 / time = 0.76
best of generation 142 / cbal. = 94.43 / Wtd. con eff = 3.6669 / Wtd. HRF eff = 3.6145 / Pop var. = 0.41649 / time = 0.76
best of generation 143 / cbal. = 94.43 / Wtd. con eff = 3.6669 / Wtd. HRF eff = 3.6145 / Pop var. = 0.35964 / time = 0.75
best of generation 144 / cbal. = 94.43 / Wtd. con eff = 3.6669 / Wtd. HRF eff = 3.6145 / Pop var. = 0.41759 / time = 0.79
best of generation 145 / cbal. = 94.3441 / Wtd. con eff = 3.6842 / Wtd. HRF eff = 3.5856 / Pop var. = 0.34647 / time = 0.76
best of generation 146 / cbal. = 94.3441 / Wtd. con eff = 3.6842 / Wtd. HRF eff = 3.5856 / Pop var. = 0.40526 / time = 0.75
best of generation 147 / cbal. = 94.3441 / Wtd. con eff = 3.6842 / Wtd. HRF eff = 3.5856 / Pop var. = 0.36614 / time = 0.75
best of generation 148 / cbal. = 94.3441 / Wtd. con eff = 3.6842 / Wtd. HRF eff = 3.5856 / Pop var. = 0.45193 / time = 0.75
best of generation 149 / cbal. = 94.3441 / Wtd. con eff = 3.6842 / Wtd. HRF eff = 3.5856 / Pop var. = 0.36249 / time = 0.76
best of generation 150 / cbal. = 94.3441 / Wtd. con eff = 3.6842 / Wtd. HRF eff = 3.5856 / Pop var. = 0.43028 / time = 0.77
best of generation 151 / cbal. = 94.3441 / Wtd. con eff = 3.6842 / Wtd. HRF eff = 3.5856 / Pop var. = 0.384 / time = 0.76
best of generation 152 / cbal. = 94.5467 / Wtd. con eff = 3.6573 / Wtd. HRF eff = 3.4387 / Pop var. = 0.46539 / time = 0.75
best of generation 153 / cbal. = 94.5467 / Wtd. con eff = 3.6573 / Wtd. HRF eff = 3.4387 / Pop var. = 0.43404 / time = 0.76
best of generation 154 / cbal. = 94.3441 / Wtd. con eff = 3.6842 / Wtd. HRF eff = 3.5856 / Pop var. = 0.39968 / time = 0.75
best of generation 155 / cbal. = 94.3441 / Wtd. con eff = 3.6842 / Wtd. HRF eff = 3.5856 / Pop var. = 0.47682 / time = 0.8
saving workspace as GAresults.mat
M = 
     origlist: [49x1 double]
     restlist: [20x1 double]
     stimlist: [60x1 double]
           ga: [1x1 struct]
    bestLists: [60x155 uint8]
         date: '11-9-2014'
optimizeGA done: 120.87 s
