Starting Model 55
OptimizeGA
===============================
Saturation threshold = 
Setting up variables
You entered 2 conditions  (event types) that will each be modeled with a regessor. 
 Note that if you enter 0 as a condition number, those events will not be modeled
 (they are assumed to be rest/inter-stimulus interval periods)

Contrasts entered. You entered matrix of 3 contrasts, with weights across 4 conditions.
 Contrasts:
     1     1    -1    -1
     1     0    -1     0
     0     1     0    -1
 ...adding one column to contrast matrix with weights of 0, to model the intercept
You entered a contrast weight vector across 3 contrasts
 	...Using rests of length 1 and resting every 4
================== Parameters ======================
     Total stimuli in scan      : 60
     Fixed rest length in ITIs  : 1
     Fixed Rest stimuli in scan : 11
     Num blank intervals        : 9
     Num of task conds          : 2
     Num stimuli each cond      : 20  20
====================================================
	...generating lists of organisms
	...USING TRANS2BLOCK >
     freqConditions = 0.2         0.2         0.2         0.2
     conditions = 1  2  3  4
REST INTERVALS: not used (to use, freqCond should be one longer than conditions
  ...randomizing organism start state
	...restMatrix is 20 X 40
ans =
     4     4     4     4     4     4     4     4     4     4
     4     4     4     4     4     4     4     4     4     4
     4     4     4     4     4     4     4     4     4     4
     4     4     4     4     4     4     4     4     4     4
     4     4     4     4     4     4     4     4     4     4
======== Num stimuli, averaged across lists (before instruction/rest stimuli) ========
		Condition 0: 9 stimuli, 15% of total stimuli
		Condition 1: 20 stimuli, 33.3333% of total stimuli
		Condition 2: 20 stimuli, 33.3333% of total stimuli
		Condition 3: 0 stimuli, 0% of total stimuli
		Condition 4: 0 stimuli, 0% of total stimuli
======================================================================================
best of generation 1 / cbal. = 94.6105 / Wtd. con eff = 2.7541 / Wtd. HRF eff = 0.52319 / Pop var. = 0.8638 / time = 0.74
best of generation 2 / cbal. = 94.6105 / Wtd. con eff = 2.7541 / Wtd. HRF eff = 0.52319 / Pop var. = 0.83889 / time = 0.74
best of generation 3 / cbal. = 94.9869 / Wtd. con eff = 2.8262 / Wtd. HRF eff = 0.85455 / Pop var. = 0.82847 / time = 0.72
best of generation 4 / cbal. = 94.8441 / Wtd. con eff = 3.0075 / Wtd. HRF eff = 0.56206 / Pop var. = 0.7967 / time = 0.76
best of generation 5 / cbal. = 94.8894 / Wtd. con eff = 2.8215 / Wtd. HRF eff = 0.92582 / Pop var. = 0.7735 / time = 0.72
best of generation 6 / cbal. = 95.0994 / Wtd. con eff = 3.0867 / Wtd. HRF eff = 0.59062 / Pop var. = 0.71576 / time = 0.72
best of generation 7 / cbal. = 95.0994 / Wtd. con eff = 3.0867 / Wtd. HRF eff = 0.59062 / Pop var. = 0.72685 / time = 0.72
best of generation 8 / cbal. = 94.9872 / Wtd. con eff = 3.1247 / Wtd. HRF eff = 0.6835 / Pop var. = 0.71148 / time = 0.73
best of generation 9 / cbal. = 95.1349 / Wtd. con eff = 3.0996 / Wtd. HRF eff = 0.58814 / Pop var. = 0.68788 / time = 0.72
best of generation 10 / cbal. = 95.2617 / Wtd. con eff = 3.1526 / Wtd. HRF eff = 0.62633 / Pop var. = 0.6497 / time = 0.73
best of generation 11 / cbal. = 95.2617 / Wtd. con eff = 3.1526 / Wtd. HRF eff = 0.62633 / Pop var. = 0.60703 / time = 0.72
best of generation 12 / cbal. = 95.2162 / Wtd. con eff = 3.1917 / Wtd. HRF eff = 0.63198 / Pop var. = 0.55676 / time = 0.73
best of generation 13 / cbal. = 95.2162 / Wtd. con eff = 3.1917 / Wtd. HRF eff = 0.63198 / Pop var. = 0.48955 / time = 0.72
best of generation 14 / cbal. = 95.2162 / Wtd. con eff = 3.1917 / Wtd. HRF eff = 0.63198 / Pop var. = 0.5201 / time = 0.72
best of generation 15 / cbal. = 95.0843 / Wtd. con eff = 3.3294 / Wtd. HRF eff = 0.85091 / Pop var. = 0.45497 / time = 0.75
best of generation 16 / cbal. = 94.9903 / Wtd. con eff = 3.3378 / Wtd. HRF eff = 0.95967 / Pop var. = 0.40396 / time = 0.72
best of generation 17 / cbal. = 94.9976 / Wtd. con eff = 3.3282 / Wtd. HRF eff = 1.2069 / Pop var. = 0.45642 / time = 0.72
best of generation 18 / cbal. = 94.9976 / Wtd. con eff = 3.3282 / Wtd. HRF eff = 1.2069 / Pop var. = 0.47928 / time = 0.73
best of generation 19 / cbal. = 94.9976 / Wtd. con eff = 3.3282 / Wtd. HRF eff = 1.2069 / Pop var. = 0.44992 / time = 0.72
best of generation 20 / cbal. = 94.9976 / Wtd. con eff = 3.3282 / Wtd. HRF eff = 1.2069 / Pop var. = 0.44665 / time = 0.73
best of generation 21 / cbal. = 94.9976 / Wtd. con eff = 3.3282 / Wtd. HRF eff = 1.2069 / Pop var. = 0.38036 / time = 0.75
best of generation 22 / cbal. = 94.9976 / Wtd. con eff = 3.3282 / Wtd. HRF eff = 1.2069 / Pop var. = 0.38018 / time = 0.72
best of generation 23 / cbal. = 95.3263 / Wtd. con eff = 3.3515 / Wtd. HRF eff = 0.88801 / Pop var. = 0.46926 / time = 0.75
best of generation 24 / cbal. = 95.1588 / Wtd. con eff = 3.4078 / Wtd. HRF eff = 0.88207 / Pop var. = 0.4413 / time = 0.72
best of generation 25 / cbal. = 95.1588 / Wtd. con eff = 3.4078 / Wtd. HRF eff = 0.88207 / Pop var. = 0.4348 / time = 0.73
best of generation 26 / cbal. = 95.1588 / Wtd. con eff = 3.4078 / Wtd. HRF eff = 0.88207 / Pop var. = 0.41349 / time = 0.73
best of generation 27 / cbal. = 95.194 / Wtd. con eff = 3.4535 / Wtd. HRF eff = 0.83247 / Pop var. = 0.42632 / time = 0.74
best of generation 28 / cbal. = 95.0164 / Wtd. con eff = 3.453 / Wtd. HRF eff = 0.99936 / Pop var. = 0.43 / time = 0.73
best of generation 29 / cbal. = 95.0224 / Wtd. con eff = 3.5366 / Wtd. HRF eff = 0.95284 / Pop var. = 0.41557 / time = 0.73
best of generation 30 / cbal. = 95.0224 / Wtd. con eff = 3.5366 / Wtd. HRF eff = 0.95284 / Pop var. = 0.38836 / time = 0.73
best of generation 31 / cbal. = 94.9843 / Wtd. con eff = 3.5469 / Wtd. HRF eff = 1.0467 / Pop var. = 0.4809 / time = 0.73
best of generation 32 / cbal. = 94.9843 / Wtd. con eff = 3.5469 / Wtd. HRF eff = 1.0467 / Pop var. = 0.45138 / time = 0.76
best of generation 33 / cbal. = 95.0488 / Wtd. con eff = 3.547 / Wtd. HRF eff = 1.0205 / Pop var. = 0.41592 / time = 0.73
best of generation 34 / cbal. = 95.0488 / Wtd. con eff = 3.547 / Wtd. HRF eff = 1.0205 / Pop var. = 0.34653 / time = 0.73
best of generation 35 / cbal. = 95.0488 / Wtd. con eff = 3.547 / Wtd. HRF eff = 1.0205 / Pop var. = 0.4728 / time = 0.73
best of generation 36 / cbal. = 95.0488 / Wtd. con eff = 3.547 / Wtd. HRF eff = 1.0205 / Pop var. = 0.42063 / time = 0.75
best of generation 37 / cbal. = 95.0003 / Wtd. con eff = 3.5565 / Wtd. HRF eff = 1.2192 / Pop var. = 0.3843 / time = 0.75
best of generation 38 / cbal. = 95.0003 / Wtd. con eff = 3.5565 / Wtd. HRF eff = 1.2192 / Pop var. = 0.45815 / time = 0.74
best of generation 39 / cbal. = 95.0003 / Wtd. con eff = 3.5565 / Wtd. HRF eff = 1.2192 / Pop var. = 0.38967 / time = 0.73
best of generation 40 / cbal. = 95.0003 / Wtd. con eff = 3.5565 / Wtd. HRF eff = 1.2192 / Pop var. = 0.41723 / time = 0.74
best of generation 41 / cbal. = 95.0003 / Wtd. con eff = 3.5565 / Wtd. HRF eff = 1.2192 / Pop var. = 0.38031 / time = 0.74
best of generation 42 / cbal. = 95.0003 / Wtd. con eff = 3.5565 / Wtd. HRF eff = 1.2192 / Pop var. = 0.43815 / time = 0.73
best of generation 43 / cbal. = 95.0003 / Wtd. con eff = 3.5565 / Wtd. HRF eff = 1.2192 / Pop var. = 0.34717 / time = 0.77
best of generation 44 / cbal. = 95.0003 / Wtd. con eff = 3.5565 / Wtd. HRF eff = 1.2192 / Pop var. = 0.41477 / time = 0.73
best of generation 45 / cbal. = 95.0003 / Wtd. con eff = 3.5565 / Wtd. HRF eff = 1.2192 / Pop var. = 0.38411 / time = 0.74
best of generation 46 / cbal. = 95.0003 / Wtd. con eff = 3.5565 / Wtd. HRF eff = 1.2192 / Pop var. = 0.48097 / time = 0.73
best of generation 47 / cbal. = 95.0003 / Wtd. con eff = 3.5565 / Wtd. HRF eff = 1.2192 / Pop var. = 0.41372 / time = 0.74
best of generation 48 / cbal. = 95.0003 / Wtd. con eff = 3.5565 / Wtd. HRF eff = 1.2192 / Pop var. = 0.35647 / time = 0.74
best of generation 49 / cbal. = 95.0003 / Wtd. con eff = 3.5565 / Wtd. HRF eff = 1.2192 / Pop var. = 0.4413 / time = 0.74
best of generation 50 / cbal. = 95.0003 / Wtd. con eff = 3.5565 / Wtd. HRF eff = 1.2192 / Pop var. = 0.37582 / time = 0.74
best of generation 51 / cbal. = 95.0003 / Wtd. con eff = 3.5565 / Wtd. HRF eff = 1.2192 / Pop var. = 0.43695 / time = 0.73
best of generation 52 / cbal. = 95.0003 / Wtd. con eff = 3.5565 / Wtd. HRF eff = 1.2192 / Pop var. = 0.44489 / time = 0.73
best of generation 53 / cbal. = 95.0003 / Wtd. con eff = 3.5565 / Wtd. HRF eff = 1.2192 / Pop var. = 0.43474 / time = 0.74
best of generation 54 / cbal. = 94.9683 / Wtd. con eff = 3.5841 / Wtd. HRF eff = 1.2285 / Pop var. = 0.35456 / time = 0.77
best of generation 55 / cbal. = 94.9683 / Wtd. con eff = 3.5841 / Wtd. HRF eff = 1.2285 / Pop var. = 0.4707 / time = 0.72
best of generation 56 / cbal. = 94.9683 / Wtd. con eff = 3.5841 / Wtd. HRF eff = 1.2285 / Pop var. = 0.42297 / time = 0.74
best of generation 57 / cbal. = 94.9683 / Wtd. con eff = 3.5841 / Wtd. HRF eff = 1.2285 / Pop var. = 0.36029 / time = 0.74
best of generation 58 / cbal. = 94.9683 / Wtd. con eff = 3.5841 / Wtd. HRF eff = 1.2285 / Pop var. = 0.36344 / time = 0.72
best of generation 59 / cbal. = 94.9683 / Wtd. con eff = 3.5841 / Wtd. HRF eff = 1.2285 / Pop var. = 0.44146 / time = 0.75
best of generation 60 / cbal. = 94.9683 / Wtd. con eff = 3.5841 / Wtd. HRF eff = 1.2285 / Pop var. = 0.41332 / time = 0.74
best of generation 61 / cbal. = 94.9683 / Wtd. con eff = 3.5841 / Wtd. HRF eff = 1.2285 / Pop var. = 0.40468 / time = 0.73
best of generation 62 / cbal. = 94.9683 / Wtd. con eff = 3.5841 / Wtd. HRF eff = 1.2285 / Pop var. = 0.32724 / time = 0.73
best of generation 63 / cbal. = 94.9683 / Wtd. con eff = 3.5841 / Wtd. HRF eff = 1.2285 / Pop var. = 0.43306 / time = 0.74
best of generation 64 / cbal. = 94.9683 / Wtd. con eff = 3.5841 / Wtd. HRF eff = 1.2285 / Pop var. = 0.3937 / time = 0.73
best of generation 65 / cbal. = 94.9683 / Wtd. con eff = 3.5841 / Wtd. HRF eff = 1.2285 / Pop var. = 0.4662 / time = 0.78
best of generation 66 / cbal. = 94.9683 / Wtd. con eff = 3.5841 / Wtd. HRF eff = 1.2285 / Pop var. = 0.40527 / time = 0.72
best of generation 67 / cbal. = 94.9683 / Wtd. con eff = 3.5841 / Wtd. HRF eff = 1.2285 / Pop var. = 0.40999 / time = 0.74
best of generation 68 / cbal. = 94.9683 / Wtd. con eff = 3.5841 / Wtd. HRF eff = 1.2285 / Pop var. = 0.38214 / time = 0.73
best of generation 69 / cbal. = 94.9683 / Wtd. con eff = 3.5841 / Wtd. HRF eff = 1.2285 / Pop var. = 0.46713 / time = 0.72
best of generation 70 / cbal. = 94.9683 / Wtd. con eff = 3.5841 / Wtd. HRF eff = 1.2285 / Pop var. = 0.34034 / time = 0.74
best of generation 71 / cbal. = 94.9683 / Wtd. con eff = 3.5841 / Wtd. HRF eff = 1.2285 / Pop var. = 0.39004 / time = 0.71
best of generation 72 / cbal. = 94.9683 / Wtd. con eff = 3.5841 / Wtd. HRF eff = 1.2285 / Pop var. = 0.45657 / time = 0.75
best of generation 73 / cbal. = 94.9683 / Wtd. con eff = 3.5841 / Wtd. HRF eff = 1.2285 / Pop var. = 0.40569 / time = 0.74
best of generation 74 / cbal. = 94.9683 / Wtd. con eff = 3.5841 / Wtd. HRF eff = 1.2285 / Pop var. = 0.38831 / time = 0.73
best of generation 75 / cbal. = 94.9683 / Wtd. con eff = 3.5841 / Wtd. HRF eff = 1.2285 / Pop var. = 0.46734 / time = 0.73
best of generation 76 / cbal. = 94.9683 / Wtd. con eff = 3.5841 / Wtd. HRF eff = 1.2285 / Pop var. = 0.3965 / time = 0.76
best of generation 77 / cbal. = 94.9683 / Wtd. con eff = 3.5841 / Wtd. HRF eff = 1.2285 / Pop var. = 0.44241 / time = 0.73
best of generation 78 / cbal. = 94.9683 / Wtd. con eff = 3.5841 / Wtd. HRF eff = 1.2285 / Pop var. = 0.44659 / time = 0.74
best of generation 79 / cbal. = 94.9683 / Wtd. con eff = 3.5841 / Wtd. HRF eff = 1.2285 / Pop var. = 0.39687 / time = 0.74
best of generation 80 / cbal. = 94.9683 / Wtd. con eff = 3.5841 / Wtd. HRF eff = 1.2285 / Pop var. = 0.47738 / time = 0.73
best of generation 81 / cbal. = 94.9683 / Wtd. con eff = 3.5841 / Wtd. HRF eff = 1.2285 / Pop var. = 0.39929 / time = 0.81
best of generation 82 / cbal. = 94.9683 / Wtd. con eff = 3.5841 / Wtd. HRF eff = 1.2285 / Pop var. = 0.4458 / time = 0.74
best of generation 83 / cbal. = 94.9683 / Wtd. con eff = 3.5841 / Wtd. HRF eff = 1.2285 / Pop var. = 0.37602 / time = 0.74
best of generation 84 / cbal. = 94.9683 / Wtd. con eff = 3.5841 / Wtd. HRF eff = 1.2285 / Pop var. = 0.4498 / time = 0.73
best of generation 85 / cbal. = 94.9683 / Wtd. con eff = 3.5841 / Wtd. HRF eff = 1.2285 / Pop var. = 0.39224 / time = 0.74
best of generation 86 / cbal. = 94.9683 / Wtd. con eff = 3.5841 / Wtd. HRF eff = 1.2285 / Pop var. = 0.49026 / time = 0.72
best of generation 87 / cbal. = 94.9683 / Wtd. con eff = 3.5841 / Wtd. HRF eff = 1.2285 / Pop var. = 0.43349 / time = 0.77
best of generation 88 / cbal. = 94.9683 / Wtd. con eff = 3.5841 / Wtd. HRF eff = 1.2285 / Pop var. = 0.34366 / time = 0.73
best of generation 89 / cbal. = 94.9683 / Wtd. con eff = 3.5841 / Wtd. HRF eff = 1.2285 / Pop var. = 0.3856 / time = 0.73
best of generation 90 / cbal. = 94.9683 / Wtd. con eff = 3.5841 / Wtd. HRF eff = 1.2285 / Pop var. = 0.38944 / time = 0.73
best of generation 91 / cbal. = 94.9683 / Wtd. con eff = 3.5841 / Wtd. HRF eff = 1.2285 / Pop var. = 0.41087 / time = 0.73
best of generation 92 / cbal. = 94.9683 / Wtd. con eff = 3.5841 / Wtd. HRF eff = 1.2285 / Pop var. = 0.39332 / time = 0.77
best of generation 93 / cbal. = 94.9683 / Wtd. con eff = 3.5841 / Wtd. HRF eff = 1.2285 / Pop var. = 0.42807 / time = 0.73
best of generation 94 / cbal. = 94.9683 / Wtd. con eff = 3.5841 / Wtd. HRF eff = 1.2285 / Pop var. = 0.41743 / time = 0.73
best of generation 95 / cbal. = 94.9683 / Wtd. con eff = 3.5841 / Wtd. HRF eff = 1.2285 / Pop var. = 0.33022 / time = 0.73
best of generation 96 / cbal. = 94.9683 / Wtd. con eff = 3.5841 / Wtd. HRF eff = 1.2285 / Pop var. = 0.38419 / time = 0.75
best of generation 97 / cbal. = 94.9683 / Wtd. con eff = 3.5841 / Wtd. HRF eff = 1.2285 / Pop var. = 0.40692 / time = 0.73
best of generation 98 / cbal. = 94.9683 / Wtd. con eff = 3.5841 / Wtd. HRF eff = 1.2285 / Pop var. = 0.34981 / time = 0.75
best of generation 99 / cbal. = 94.9683 / Wtd. con eff = 3.5841 / Wtd. HRF eff = 1.2285 / Pop var. = 0.43602 / time = 0.74
best of generation 100 / cbal. = 94.9683 / Wtd. con eff = 3.5841 / Wtd. HRF eff = 1.2285 / Pop var. = 0.38995 / time = 0.73
best of generation 101 / cbal. = 94.9683 / Wtd. con eff = 3.5841 / Wtd. HRF eff = 1.2285 / Pop var. = 0.48893 / time = 0.74
best of generation 102 / cbal. = 95.0814 / Wtd. con eff = 3.5715 / Wtd. HRF eff = 1.3296 / Pop var. = 0.44216 / time = 0.74
best of generation 103 / cbal. = 95.0814 / Wtd. con eff = 3.5715 / Wtd. HRF eff = 1.3296 / Pop var. = 0.32654 / time = 0.78
best of generation 104 / cbal. = 95.0814 / Wtd. con eff = 3.5715 / Wtd. HRF eff = 1.3296 / Pop var. = 0.38315 / time = 0.73
best of generation 105 / cbal. = 95.0814 / Wtd. con eff = 3.5715 / Wtd. HRF eff = 1.3296 / Pop var. = 0.44464 / time = 0.73
best of generation 106 / cbal. = 95.0814 / Wtd. con eff = 3.5715 / Wtd. HRF eff = 1.3296 / Pop var. = 0.42132 / time = 0.72
best of generation 107 / cbal. = 95.0814 / Wtd. con eff = 3.5715 / Wtd. HRF eff = 1.3296 / Pop var. = 0.38057 / time = 0.74
best of generation 108 / cbal. = 95.0814 / Wtd. con eff = 3.5715 / Wtd. HRF eff = 1.3296 / Pop var. = 0.4367 / time = 0.73
best of generation 109 / cbal. = 95.0814 / Wtd. con eff = 3.5715 / Wtd. HRF eff = 1.3296 / Pop var. = 0.42759 / time = 0.75
best of generation 110 / cbal. = 95.0814 / Wtd. con eff = 3.5715 / Wtd. HRF eff = 1.3296 / Pop var. = 0.43084 / time = 0.73
best of generation 111 / cbal. = 95.0814 / Wtd. con eff = 3.5715 / Wtd. HRF eff = 1.3296 / Pop var. = 0.43424 / time = 0.73
best of generation 112 / cbal. = 95.0814 / Wtd. con eff = 3.5715 / Wtd. HRF eff = 1.3296 / Pop var. = 0.41022 / time = 0.74
best of generation 113 / cbal. = 95.0814 / Wtd. con eff = 3.5715 / Wtd. HRF eff = 1.3296 / Pop var. = 0.33147 / time = 0.73
best of generation 114 / cbal. = 95.0814 / Wtd. con eff = 3.5715 / Wtd. HRF eff = 1.3296 / Pop var. = 0.39944 / time = 0.77
best of generation 115 / cbal. = 95.0814 / Wtd. con eff = 3.5715 / Wtd. HRF eff = 1.3296 / Pop var. = 0.46628 / time = 0.72
best of generation 116 / cbal. = 95.0814 / Wtd. con eff = 3.5715 / Wtd. HRF eff = 1.3296 / Pop var. = 0.3839 / time = 0.74
best of generation 117 / cbal. = 95.0814 / Wtd. con eff = 3.5715 / Wtd. HRF eff = 1.3296 / Pop var. = 0.4811 / time = 0.74
best of generation 118 / cbal. = 95.0814 / Wtd. con eff = 3.5715 / Wtd. HRF eff = 1.3296 / Pop var. = 0.42468 / time = 0.73
best of generation 119 / cbal. = 95.0814 / Wtd. con eff = 3.5715 / Wtd. HRF eff = 1.3296 / Pop var. = 0.39072 / time = 0.74
best of generation 120 / cbal. = 95.0814 / Wtd. con eff = 3.5715 / Wtd. HRF eff = 1.3296 / Pop var. = 0.5126 / time = 0.77
best of generation 121 / cbal. = 95.0814 / Wtd. con eff = 3.5715 / Wtd. HRF eff = 1.3296 / Pop var. = 0.47793 / time = 0.73
best of generation 122 / cbal. = 95.0814 / Wtd. con eff = 3.5715 / Wtd. HRF eff = 1.3296 / Pop var. = 0.44181 / time = 0.74
best of generation 123 / cbal. = 95.0084 / Wtd. con eff = 3.594 / Wtd. HRF eff = 1.5947 / Pop var. = 0.41196 / time = 0.73
best of generation 124 / cbal. = 95.2391 / Wtd. con eff = 3.5734 / Wtd. HRF eff = 1.5203 / Pop var. = 0.36325 / time = 0.74
best of generation 125 / cbal. = 95.2391 / Wtd. con eff = 3.5734 / Wtd. HRF eff = 1.5203 / Pop var. = 0.46177 / time = 0.77
best of generation 126 / cbal. = 95.0084 / Wtd. con eff = 3.594 / Wtd. HRF eff = 1.5947 / Pop var. = 0.37765 / time = 0.73
best of generation 127 / cbal. = 95.0084 / Wtd. con eff = 3.594 / Wtd. HRF eff = 1.5947 / Pop var. = 0.43634 / time = 0.73
best of generation 128 / cbal. = 95.0084 / Wtd. con eff = 3.594 / Wtd. HRF eff = 1.5947 / Pop var. = 0.42634 / time = 0.73
best of generation 129 / cbal. = 94.7494 / Wtd. con eff = 3.6477 / Wtd. HRF eff = 1.5466 / Pop var. = 0.38863 / time = 0.74
best of generation 130 / cbal. = 94.7494 / Wtd. con eff = 3.6477 / Wtd. HRF eff = 1.5466 / Pop var. = 0.43169 / time = 0.73
best of generation 131 / cbal. = 94.7494 / Wtd. con eff = 3.6477 / Wtd. HRF eff = 1.5466 / Pop var. = 0.37807 / time = 0.76
best of generation 132 / cbal. = 94.7494 / Wtd. con eff = 3.6477 / Wtd. HRF eff = 1.5466 / Pop var. = 0.45896 / time = 0.75
best of generation 133 / cbal. = 94.7494 / Wtd. con eff = 3.6477 / Wtd. HRF eff = 1.5466 / Pop var. = 0.40097 / time = 0.72
best of generation 134 / cbal. = 94.7494 / Wtd. con eff = 3.6477 / Wtd. HRF eff = 1.5466 / Pop var. = 0.34467 / time = 0.73
best of generation 135 / cbal. = 94.7494 / Wtd. con eff = 3.6477 / Wtd. HRF eff = 1.5466 / Pop var. = 0.44262 / time = 0.73
best of generation 136 / cbal. = 94.7494 / Wtd. con eff = 3.6477 / Wtd. HRF eff = 1.5466 / Pop var. = 0.40737 / time = 0.74
best of generation 137 / cbal. = 94.7494 / Wtd. con eff = 3.6477 / Wtd. HRF eff = 1.5466 / Pop var. = 0.3631 / time = 0.75
best of generation 138 / cbal. = 94.7494 / Wtd. con eff = 3.6477 / Wtd. HRF eff = 1.5466 / Pop var. = 0.43299 / time = 0.73
best of generation 139 / cbal. = 94.7494 / Wtd. con eff = 3.6477 / Wtd. HRF eff = 1.5466 / Pop var. = 0.38035 / time = 0.72
best of generation 140 / cbal. = 94.7494 / Wtd. con eff = 3.6477 / Wtd. HRF eff = 1.5466 / Pop var. = 0.44314 / time = 0.74
best of generation 141 / cbal. = 94.7494 / Wtd. con eff = 3.6477 / Wtd. HRF eff = 1.5466 / Pop var. = 0.41017 / time = 0.74
best of generation 142 / cbal. = 94.7494 / Wtd. con eff = 3.6477 / Wtd. HRF eff = 1.5466 / Pop var. = 0.37109 / time = 0.76
best of generation 143 / cbal. = 94.7494 / Wtd. con eff = 3.6477 / Wtd. HRF eff = 1.5466 / Pop var. = 0.45596 / time = 0.73
best of generation 144 / cbal. = 94.7494 / Wtd. con eff = 3.6477 / Wtd. HRF eff = 1.5466 / Pop var. = 0.40534 / time = 0.74
best of generation 145 / cbal. = 94.7494 / Wtd. con eff = 3.6477 / Wtd. HRF eff = 1.5466 / Pop var. = 0.36545 / time = 0.73
best of generation 146 / cbal. = 94.7494 / Wtd. con eff = 3.6477 / Wtd. HRF eff = 1.5466 / Pop var. = 0.43989 / time = 0.74
best of generation 147 / cbal. = 94.7494 / Wtd. con eff = 3.6477 / Wtd. HRF eff = 1.5466 / Pop var. = 0.41428 / time = 0.75
best of generation 148 / cbal. = 95.0326 / Wtd. con eff = 3.63 / Wtd. HRF eff = 1.1944 / Pop var. = 0.38832 / time = 0.73
best of generation 149 / cbal. = 95.0326 / Wtd. con eff = 3.63 / Wtd. HRF eff = 1.1944 / Pop var. = 0.46963 / time = 0.73
best of generation 150 / cbal. = 95.0326 / Wtd. con eff = 3.63 / Wtd. HRF eff = 1.1944 / Pop var. = 0.43724 / time = 0.73
best of generation 151 / cbal. = 94.3797 / Wtd. con eff = 3.669 / Wtd. HRF eff = 1.6577 / Pop var. = 0.39625 / time = 0.73
best of generation 152 / cbal. = 94.3797 / Wtd. con eff = 3.669 / Wtd. HRF eff = 1.6577 / Pop var. = 0.4696 / time = 0.73
best of generation 153 / cbal. = 94.3797 / Wtd. con eff = 3.669 / Wtd. HRF eff = 1.6577 / Pop var. = 0.47529 / time = 0.76
best of generation 154 / cbal. = 94.7647 / Wtd. con eff = 3.6334 / Wtd. HRF eff = 1.4462 / Pop var. = 0.42992 / time = 0.73
best of generation 155 / cbal. = 94.3583 / Wtd. con eff = 3.6989 / Wtd. HRF eff = 1.5842 / Pop var. = 0.37458 / time = 0.74
best of generation 156 / cbal. = 94.3583 / Wtd. con eff = 3.6989 / Wtd. HRF eff = 1.5842 / Pop var. = 0.43496 / time = 0.73
best of generation 157 / cbal. = 94.3583 / Wtd. con eff = 3.6989 / Wtd. HRF eff = 1.5842 / Pop var. = 0.38306 / time = 0.73
best of generation 158 / cbal. = 94.3583 / Wtd. con eff = 3.6989 / Wtd. HRF eff = 1.5842 / Pop var. = 0.46275 / time = 0.76
best of generation 159 / cbal. = 94.3583 / Wtd. con eff = 3.6989 / Wtd. HRF eff = 1.5842 / Pop var. = 0.39177 / time = 0.73
best of generation 160 / cbal. = 94.3583 / Wtd. con eff = 3.6989 / Wtd. HRF eff = 1.5842 / Pop var. = 0.4738 / time = 0.73
saving workspace as GAresults.mat
M = 
     origlist: [49x1 double]
     restlist: [20x1 double]
     stimlist: [60x1 double]
           ga: [1x1 struct]
    bestLists: [60x160 uint8]
         date: '11-9-2014'
optimizeGA done: 120.35 s
