Starting Model 71
OptimizeGA
===============================
Saturation threshold = 
Setting up variables
You entered 2 conditions  (event types) that will each be modeled with a regessor. 
 Note that if you enter 0 as a condition number, those events will not be modeled
 (they are assumed to be rest/inter-stimulus interval periods)

Contrasts entered. You entered matrix of 3 contrasts, with weights across 4 conditions.
 Contrasts:
     1     1    -1    -1
     1     0    -1     0
     0     1     0    -1
 ...adding one column to contrast matrix with weights of 0, to model the intercept
You entered a contrast weight vector across 3 contrasts
 	...Using rests of length 1 and resting every 4
================== Parameters ======================
     Total stimuli in scan      : 60
     Fixed rest length in ITIs  : 1
     Fixed Rest stimuli in scan : 11
     Num blank intervals        : 9
     Num of task conds          : 2
     Num stimuli each cond      : 20  20
====================================================
	...generating lists of organisms
	...USING TRANS2BLOCK >
     freqConditions = 0.2         0.2         0.2         0.2
     conditions = 1  2  3  4
REST INTERVALS: not used (to use, freqCond should be one longer than conditions
  ...randomizing organism start state
	...restMatrix is 20 X 40
ans =
     4     4     4     4     4     4     4     4     4     4
     4     4     4     4     4     4     4     4     4     4
     4     4     4     4     4     4     4     4     4     4
     4     4     4     4     4     4     4     4     4     4
     4     4     4     4     4     4     4     4     4     4
======== Num stimuli, averaged across lists (before instruction/rest stimuli) ========
		Condition 0: 9 stimuli, 15% of total stimuli
		Condition 1: 20 stimuli, 33.3333% of total stimuli
		Condition 2: 20 stimuli, 33.3333% of total stimuli
		Condition 3: 0 stimuli, 0% of total stimuli
		Condition 4: 0 stimuli, 0% of total stimuli
======================================================================================
best of generation 1 / cbal. = 95.0407 / Wtd. con eff = 2.5621 / Wtd. HRF eff = 0.5035 / Pop var. = 0.86382 / time = 0.81
best of generation 2 / cbal. = 94.7178 / Wtd. con eff = 2.8046 / Wtd. HRF eff = 0.61092 / Pop var. = 0.83834 / time = 0.72
best of generation 3 / cbal. = 94.7605 / Wtd. con eff = 2.749 / Wtd. HRF eff = 0.55914 / Pop var. = 0.83449 / time = 0.74
best of generation 4 / cbal. = 93.866 / Wtd. con eff = 3.229 / Wtd. HRF eff = 0.55622 / Pop var. = 0.81321 / time = 0.71
best of generation 5 / cbal. = 93.9729 / Wtd. con eff = 3.1125 / Wtd. HRF eff = 0.68269 / Pop var. = 0.80438 / time = 0.71
best of generation 6 / cbal. = 93.9729 / Wtd. con eff = 3.1125 / Wtd. HRF eff = 0.68269 / Pop var. = 0.7898 / time = 0.73
best of generation 7 / cbal. = 94.6912 / Wtd. con eff = 3.0213 / Wtd. HRF eff = 0.68408 / Pop var. = 0.74615 / time = 0.72
best of generation 8 / cbal. = 93.8461 / Wtd. con eff = 3.0857 / Wtd. HRF eff = 0.74031 / Pop var. = 0.70523 / time = 0.72
best of generation 9 / cbal. = 94.062 / Wtd. con eff = 3.2235 / Wtd. HRF eff = 0.73919 / Pop var. = 0.68149 / time = 0.72
best of generation 10 / cbal. = 94.0947 / Wtd. con eff = 3.3574 / Wtd. HRF eff = 0.70287 / Pop var. = 0.64594 / time = 0.72
best of generation 11 / cbal. = 94.0947 / Wtd. con eff = 3.3574 / Wtd. HRF eff = 0.70287 / Pop var. = 0.62739 / time = 0.72
best of generation 12 / cbal. = 94.472 / Wtd. con eff = 3.4827 / Wtd. HRF eff = 0.70396 / Pop var. = 0.55428 / time = 0.76
best of generation 13 / cbal. = 94.977 / Wtd. con eff = 3.3349 / Wtd. HRF eff = 0.80564 / Pop var. = 0.51713 / time = 0.73
best of generation 14 / cbal. = 94.5319 / Wtd. con eff = 3.4855 / Wtd. HRF eff = 0.82259 / Pop var. = 0.56199 / time = 0.71
best of generation 15 / cbal. = 94.5319 / Wtd. con eff = 3.4855 / Wtd. HRF eff = 0.82259 / Pop var. = 0.51525 / time = 0.72
best of generation 16 / cbal. = 94.6734 / Wtd. con eff = 3.6028 / Wtd. HRF eff = 1.0126 / Pop var. = 0.34558 / time = 0.73
best of generation 17 / cbal. = 94.6734 / Wtd. con eff = 3.6028 / Wtd. HRF eff = 1.0126 / Pop var. = 0.40541 / time = 0.74
best of generation 18 / cbal. = 94.6734 / Wtd. con eff = 3.6028 / Wtd. HRF eff = 1.0126 / Pop var. = 0.3363 / time = 0.73
best of generation 19 / cbal. = 94.6734 / Wtd. con eff = 3.6028 / Wtd. HRF eff = 1.0126 / Pop var. = 0.42925 / time = 0.73
best of generation 20 / cbal. = 94.6734 / Wtd. con eff = 3.6028 / Wtd. HRF eff = 1.0126 / Pop var. = 0.39536 / time = 0.73
best of generation 21 / cbal. = 94.6734 / Wtd. con eff = 3.6028 / Wtd. HRF eff = 1.0126 / Pop var. = 0.43509 / time = 0.72
best of generation 22 / cbal. = 94.6734 / Wtd. con eff = 3.6028 / Wtd. HRF eff = 1.0126 / Pop var. = 0.39904 / time = 0.74
best of generation 23 / cbal. = 94.6734 / Wtd. con eff = 3.6028 / Wtd. HRF eff = 1.0126 / Pop var. = 0.45192 / time = 0.79
best of generation 24 / cbal. = 94.6734 / Wtd. con eff = 3.6028 / Wtd. HRF eff = 1.0126 / Pop var. = 0.40996 / time = 0.73
best of generation 25 / cbal. = 94.6734 / Wtd. con eff = 3.6028 / Wtd. HRF eff = 1.0126 / Pop var. = 0.3796 / time = 0.73
best of generation 26 / cbal. = 94.6734 / Wtd. con eff = 3.6028 / Wtd. HRF eff = 1.0126 / Pop var. = 0.49441 / time = 0.73
best of generation 27 / cbal. = 94.6734 / Wtd. con eff = 3.6028 / Wtd. HRF eff = 1.0126 / Pop var. = 0.44413 / time = 0.73
best of generation 28 / cbal. = 94.6734 / Wtd. con eff = 3.6028 / Wtd. HRF eff = 1.0126 / Pop var. = 0.39039 / time = 0.73
best of generation 29 / cbal. = 94.6734 / Wtd. con eff = 3.6028 / Wtd. HRF eff = 1.0126 / Pop var. = 0.48435 / time = 0.74
best of generation 30 / cbal. = 94.6734 / Wtd. con eff = 3.6028 / Wtd. HRF eff = 1.0126 / Pop var. = 0.43845 / time = 0.73
best of generation 31 / cbal. = 94.6734 / Wtd. con eff = 3.6028 / Wtd. HRF eff = 1.0126 / Pop var. = 0.42665 / time = 0.72
best of generation 32 / cbal. = 94.7955 / Wtd. con eff = 3.6014 / Wtd. HRF eff = 0.91718 / Pop var. = 0.3453 / time = 0.74
best of generation 33 / cbal. = 94.7955 / Wtd. con eff = 3.6014 / Wtd. HRF eff = 0.91718 / Pop var. = 0.43144 / time = 0.73
best of generation 34 / cbal. = 94.4807 / Wtd. con eff = 3.5759 / Wtd. HRF eff = 1.5889 / Pop var. = 0.39508 / time = 0.77
best of generation 35 / cbal. = 94.4807 / Wtd. con eff = 3.5759 / Wtd. HRF eff = 1.5889 / Pop var. = 0.5084 / time = 0.74
best of generation 36 / cbal. = 94.4807 / Wtd. con eff = 3.5759 / Wtd. HRF eff = 1.5889 / Pop var. = 0.40645 / time = 0.73
best of generation 37 / cbal. = 94.4807 / Wtd. con eff = 3.5759 / Wtd. HRF eff = 1.5889 / Pop var. = 0.37187 / time = 0.73
best of generation 38 / cbal. = 94.7113 / Wtd. con eff = 3.6349 / Wtd. HRF eff = 1.0518 / Pop var. = 0.42871 / time = 0.73
best of generation 39 / cbal. = 94.7113 / Wtd. con eff = 3.6349 / Wtd. HRF eff = 1.0518 / Pop var. = 0.43766 / time = 0.73
best of generation 40 / cbal. = 94.7113 / Wtd. con eff = 3.6349 / Wtd. HRF eff = 1.0518 / Pop var. = 0.4128 / time = 0.74
best of generation 41 / cbal. = 94.7113 / Wtd. con eff = 3.6349 / Wtd. HRF eff = 1.0518 / Pop var. = 0.38272 / time = 0.73
best of generation 42 / cbal. = 94.5911 / Wtd. con eff = 3.6554 / Wtd. HRF eff = 1.1543 / Pop var. = 0.47084 / time = 0.74
best of generation 43 / cbal. = 94.5688 / Wtd. con eff = 3.6351 / Wtd. HRF eff = 1.4363 / Pop var. = 0.42168 / time = 0.73
best of generation 44 / cbal. = 94.5688 / Wtd. con eff = 3.6351 / Wtd. HRF eff = 1.4363 / Pop var. = 0.37929 / time = 0.73
best of generation 45 / cbal. = 94.5688 / Wtd. con eff = 3.6351 / Wtd. HRF eff = 1.4363 / Pop var. = 0.42726 / time = 0.78
best of generation 46 / cbal. = 94.5688 / Wtd. con eff = 3.6351 / Wtd. HRF eff = 1.4363 / Pop var. = 0.38923 / time = 0.73
best of generation 47 / cbal. = 94.5688 / Wtd. con eff = 3.6351 / Wtd. HRF eff = 1.4363 / Pop var. = 0.47169 / time = 0.73
best of generation 48 / cbal. = 94.5688 / Wtd. con eff = 3.6351 / Wtd. HRF eff = 1.4363 / Pop var. = 0.4442 / time = 0.73
best of generation 49 / cbal. = 94.5688 / Wtd. con eff = 3.6351 / Wtd. HRF eff = 1.4363 / Pop var. = 0.41554 / time = 0.73
best of generation 50 / cbal. = 94.554 / Wtd. con eff = 3.6612 / Wtd. HRF eff = 1.1796 / Pop var. = 0.39657 / time = 0.74
best of generation 51 / cbal. = 94.554 / Wtd. con eff = 3.6612 / Wtd. HRF eff = 1.1796 / Pop var. = 0.48505 / time = 0.76
best of generation 52 / cbal. = 94.554 / Wtd. con eff = 3.6612 / Wtd. HRF eff = 1.1796 / Pop var. = 0.44756 / time = 0.74
best of generation 53 / cbal. = 94.554 / Wtd. con eff = 3.6612 / Wtd. HRF eff = 1.1796 / Pop var. = 0.43531 / time = 0.73
best of generation 54 / cbal. = 94.554 / Wtd. con eff = 3.6612 / Wtd. HRF eff = 1.1796 / Pop var. = 0.42145 / time = 0.73
best of generation 55 / cbal. = 94.1829 / Wtd. con eff = 3.6885 / Wtd. HRF eff = 1.4489 / Pop var. = 0.4192 / time = 0.73
best of generation 56 / cbal. = 94.1829 / Wtd. con eff = 3.6885 / Wtd. HRF eff = 1.4489 / Pop var. = 0.39694 / time = 0.75
best of generation 57 / cbal. = 94.1829 / Wtd. con eff = 3.6885 / Wtd. HRF eff = 1.4489 / Pop var. = 0.45123 / time = 0.73
best of generation 58 / cbal. = 94.1829 / Wtd. con eff = 3.6885 / Wtd. HRF eff = 1.4489 / Pop var. = 0.43803 / time = 0.73
best of generation 59 / cbal. = 94.1829 / Wtd. con eff = 3.6885 / Wtd. HRF eff = 1.4489 / Pop var. = 0.40635 / time = 0.73
best of generation 60 / cbal. = 94.1829 / Wtd. con eff = 3.6885 / Wtd. HRF eff = 1.4489 / Pop var. = 0.34728 / time = 0.73
best of generation 61 / cbal. = 94.1829 / Wtd. con eff = 3.6885 / Wtd. HRF eff = 1.4489 / Pop var. = 0.44343 / time = 0.73
best of generation 62 / cbal. = 94.1829 / Wtd. con eff = 3.6885 / Wtd. HRF eff = 1.4489 / Pop var. = 0.3958 / time = 0.78
best of generation 63 / cbal. = 94.1829 / Wtd. con eff = 3.6885 / Wtd. HRF eff = 1.4489 / Pop var. = 0.47711 / time = 0.72
best of generation 64 / cbal. = 94.1829 / Wtd. con eff = 3.6885 / Wtd. HRF eff = 1.4489 / Pop var. = 0.45578 / time = 0.72
best of generation 65 / cbal. = 94.1829 / Wtd. con eff = 3.6885 / Wtd. HRF eff = 1.4489 / Pop var. = 0.42699 / time = 0.73
best of generation 66 / cbal. = 94.1829 / Wtd. con eff = 3.6885 / Wtd. HRF eff = 1.4489 / Pop var. = 0.38108 / time = 0.73
best of generation 67 / cbal. = 94.1829 / Wtd. con eff = 3.6885 / Wtd. HRF eff = 1.4489 / Pop var. = 0.42462 / time = 0.75
best of generation 68 / cbal. = 94.1829 / Wtd. con eff = 3.6885 / Wtd. HRF eff = 1.4489 / Pop var. = 0.30854 / time = 0.74
best of generation 69 / cbal. = 94.1829 / Wtd. con eff = 3.6885 / Wtd. HRF eff = 1.4489 / Pop var. = 0.4224 / time = 0.73
best of generation 70 / cbal. = 94.1829 / Wtd. con eff = 3.6885 / Wtd. HRF eff = 1.4489 / Pop var. = 0.38407 / time = 0.73
best of generation 71 / cbal. = 94.1829 / Wtd. con eff = 3.6885 / Wtd. HRF eff = 1.4489 / Pop var. = 0.41107 / time = 0.73
best of generation 72 / cbal. = 94.3441 / Wtd. con eff = 3.6875 / Wtd. HRF eff = 1.4032 / Pop var. = 0.37552 / time = 0.74
best of generation 73 / cbal. = 94.3441 / Wtd. con eff = 3.6875 / Wtd. HRF eff = 1.4032 / Pop var. = 0.45428 / time = 0.8
best of generation 74 / cbal. = 94.3441 / Wtd. con eff = 3.6875 / Wtd. HRF eff = 1.4032 / Pop var. = 0.41928 / time = 0.74
best of generation 75 / cbal. = 94.3441 / Wtd. con eff = 3.6875 / Wtd. HRF eff = 1.4032 / Pop var. = 0.42042 / time = 0.74
best of generation 76 / cbal. = 94.3441 / Wtd. con eff = 3.6875 / Wtd. HRF eff = 1.4032 / Pop var. = 0.40545 / time = 0.74
best of generation 77 / cbal. = 94.3441 / Wtd. con eff = 3.6875 / Wtd. HRF eff = 1.4032 / Pop var. = 0.3756 / time = 0.73
best of generation 78 / cbal. = 94.3441 / Wtd. con eff = 3.6875 / Wtd. HRF eff = 1.4032 / Pop var. = 0.45864 / time = 0.74
best of generation 79 / cbal. = 94.3441 / Wtd. con eff = 3.6875 / Wtd. HRF eff = 1.4032 / Pop var. = 0.46139 / time = 0.72
best of generation 80 / cbal. = 94.3441 / Wtd. con eff = 3.6875 / Wtd. HRF eff = 1.4032 / Pop var. = 0.42098 / time = 0.74
best of generation 81 / cbal. = 94.3441 / Wtd. con eff = 3.6875 / Wtd. HRF eff = 1.4032 / Pop var. = 0.38699 / time = 0.73
best of generation 82 / cbal. = 94.3441 / Wtd. con eff = 3.6875 / Wtd. HRF eff = 1.4032 / Pop var. = 0.4808 / time = 0.73
best of generation 83 / cbal. = 94.3441 / Wtd. con eff = 3.6875 / Wtd. HRF eff = 1.4032 / Pop var. = 0.39547 / time = 0.73
best of generation 84 / cbal. = 94.3441 / Wtd. con eff = 3.6875 / Wtd. HRF eff = 1.4032 / Pop var. = 0.44363 / time = 0.77
best of generation 85 / cbal. = 94.3441 / Wtd. con eff = 3.6875 / Wtd. HRF eff = 1.4032 / Pop var. = 0.37779 / time = 0.73
best of generation 86 / cbal. = 94.3441 / Wtd. con eff = 3.6875 / Wtd. HRF eff = 1.4032 / Pop var. = 0.47313 / time = 0.74
best of generation 87 / cbal. = 94.6885 / Wtd. con eff = 3.6444 / Wtd. HRF eff = 1.6353 / Pop var. = 0.42004 / time = 0.74
best of generation 88 / cbal. = 94.6885 / Wtd. con eff = 3.6444 / Wtd. HRF eff = 1.6353 / Pop var. = 0.37051 / time = 0.73
best of generation 89 / cbal. = 94.6885 / Wtd. con eff = 3.6444 / Wtd. HRF eff = 1.6353 / Pop var. = 0.43946 / time = 0.77
best of generation 90 / cbal. = 94.6885 / Wtd. con eff = 3.6444 / Wtd. HRF eff = 1.6353 / Pop var. = 0.38937 / time = 0.74
best of generation 91 / cbal. = 94.6885 / Wtd. con eff = 3.6444 / Wtd. HRF eff = 1.6353 / Pop var. = 0.43653 / time = 0.73
best of generation 92 / cbal. = 94.3512 / Wtd. con eff = 3.6862 / Wtd. HRF eff = 1.7437 / Pop var. = 0.38608 / time = 0.73
best of generation 93 / cbal. = 94.3512 / Wtd. con eff = 3.6862 / Wtd. HRF eff = 1.7437 / Pop var. = 0.44678 / time = 0.74
best of generation 94 / cbal. = 94.3512 / Wtd. con eff = 3.6862 / Wtd. HRF eff = 1.7437 / Pop var. = 0.4416 / time = 0.74
best of generation 95 / cbal. = 94.3512 / Wtd. con eff = 3.6862 / Wtd. HRF eff = 1.7437 / Pop var. = 0.41139 / time = 0.77
best of generation 96 / cbal. = 94.3512 / Wtd. con eff = 3.6862 / Wtd. HRF eff = 1.7437 / Pop var. = 0.41105 / time = 0.73
best of generation 97 / cbal. = 94.9523 / Wtd. con eff = 3.63 / Wtd. HRF eff = 1.3553 / Pop var. = 0.35794 / time = 0.73
best of generation 98 / cbal. = 94.9523 / Wtd. con eff = 3.63 / Wtd. HRF eff = 1.3553 / Pop var. = 0.44845 / time = 0.73
best of generation 99 / cbal. = 94.9523 / Wtd. con eff = 3.63 / Wtd. HRF eff = 1.3553 / Pop var. = 0.41572 / time = 0.73
best of generation 100 / cbal. = 94.9523 / Wtd. con eff = 3.63 / Wtd. HRF eff = 1.3553 / Pop var. = 0.37479 / time = 0.75
best of generation 101 / cbal. = 94.9523 / Wtd. con eff = 3.63 / Wtd. HRF eff = 1.3553 / Pop var. = 0.46552 / time = 0.73
best of generation 102 / cbal. = 94.9523 / Wtd. con eff = 3.63 / Wtd. HRF eff = 1.3553 / Pop var. = 0.41343 / time = 0.74
best of generation 103 / cbal. = 94.6734 / Wtd. con eff = 3.6468 / Wtd. HRF eff = 2.0238 / Pop var. = 0.35266 / time = 0.73
best of generation 104 / cbal. = 94.6734 / Wtd. con eff = 3.6468 / Wtd. HRF eff = 2.0238 / Pop var. = 0.42059 / time = 0.74
best of generation 105 / cbal. = 94.6734 / Wtd. con eff = 3.6468 / Wtd. HRF eff = 2.0238 / Pop var. = 0.35569 / time = 0.73
best of generation 106 / cbal. = 94.6734 / Wtd. con eff = 3.6468 / Wtd. HRF eff = 2.0238 / Pop var. = 0.3842 / time = 0.79
best of generation 107 / cbal. = 94.6734 / Wtd. con eff = 3.6468 / Wtd. HRF eff = 2.0238 / Pop var. = 0.51232 / time = 0.74
best of generation 108 / cbal. = 94.6734 / Wtd. con eff = 3.6468 / Wtd. HRF eff = 2.0238 / Pop var. = 0.47193 / time = 0.74
best of generation 109 / cbal. = 94.6734 / Wtd. con eff = 3.6468 / Wtd. HRF eff = 2.0238 / Pop var. = 0.38261 / time = 0.73
best of generation 110 / cbal. = 94.6734 / Wtd. con eff = 3.6468 / Wtd. HRF eff = 2.0238 / Pop var. = 0.4792 / time = 0.73
best of generation 111 / cbal. = 94.6734 / Wtd. con eff = 3.6468 / Wtd. HRF eff = 2.0238 / Pop var. = 0.44186 / time = 0.76
best of generation 112 / cbal. = 94.6734 / Wtd. con eff = 3.6468 / Wtd. HRF eff = 2.0238 / Pop var. = 0.34629 / time = 0.74
best of generation 113 / cbal. = 94.6734 / Wtd. con eff = 3.6468 / Wtd. HRF eff = 2.0238 / Pop var. = 0.38458 / time = 0.74
best of generation 114 / cbal. = 94.6734 / Wtd. con eff = 3.6468 / Wtd. HRF eff = 2.0238 / Pop var. = 0.45094 / time = 0.74
best of generation 115 / cbal. = 94.6734 / Wtd. con eff = 3.6468 / Wtd. HRF eff = 2.0238 / Pop var. = 0.41094 / time = 0.74
best of generation 116 / cbal. = 94.6734 / Wtd. con eff = 3.6468 / Wtd. HRF eff = 2.0238 / Pop var. = 0.38791 / time = 0.74
best of generation 117 / cbal. = 94.6734 / Wtd. con eff = 3.6468 / Wtd. HRF eff = 2.0238 / Pop var. = 0.45492 / time = 0.74
best of generation 118 / cbal. = 94.6734 / Wtd. con eff = 3.6468 / Wtd. HRF eff = 2.0238 / Pop var. = 0.39909 / time = 0.73
best of generation 119 / cbal. = 94.6734 / Wtd. con eff = 3.6468 / Wtd. HRF eff = 2.0238 / Pop var. = 0.46078 / time = 0.74
best of generation 120 / cbal. = 94.6734 / Wtd. con eff = 3.6468 / Wtd. HRF eff = 2.0238 / Pop var. = 0.41383 / time = 0.73
best of generation 121 / cbal. = 94.6734 / Wtd. con eff = 3.6468 / Wtd. HRF eff = 2.0238 / Pop var. = 0.37647 / time = 0.72
best of generation 122 / cbal. = 94.7955 / Wtd. con eff = 3.6142 / Wtd. HRF eff = 2.1787 / Pop var. = 0.4189 / time = 0.79
best of generation 123 / cbal. = 94.6734 / Wtd. con eff = 3.6468 / Wtd. HRF eff = 2.0238 / Pop var. = 0.37015 / time = 0.74
best of generation 124 / cbal. = 94.6734 / Wtd. con eff = 3.6468 / Wtd. HRF eff = 2.0238 / Pop var. = 0.43587 / time = 0.74
best of generation 125 / cbal. = 94.6734 / Wtd. con eff = 3.6468 / Wtd. HRF eff = 2.0238 / Pop var. = 0.38669 / time = 0.74
best of generation 126 / cbal. = 94.6734 / Wtd. con eff = 3.6468 / Wtd. HRF eff = 2.0238 / Pop var. = 0.4968 / time = 0.73
best of generation 127 / cbal. = 94.6734 / Wtd. con eff = 3.6468 / Wtd. HRF eff = 2.0238 / Pop var. = 0.45478 / time = 0.74
best of generation 128 / cbal. = 94.6734 / Wtd. con eff = 3.6468 / Wtd. HRF eff = 2.0238 / Pop var. = 0.45413 / time = 0.75
best of generation 129 / cbal. = 94.6734 / Wtd. con eff = 3.6468 / Wtd. HRF eff = 2.0238 / Pop var. = 0.41912 / time = 0.73
best of generation 130 / cbal. = 94.6734 / Wtd. con eff = 3.6468 / Wtd. HRF eff = 2.0238 / Pop var. = 0.39336 / time = 0.73
best of generation 131 / cbal. = 94.6734 / Wtd. con eff = 3.6468 / Wtd. HRF eff = 2.0238 / Pop var. = 0.46389 / time = 0.73
best of generation 132 / cbal. = 94.6734 / Wtd. con eff = 3.6468 / Wtd. HRF eff = 2.0238 / Pop var. = 0.4061 / time = 0.76
best of generation 133 / cbal. = 94.6734 / Wtd. con eff = 3.6468 / Wtd. HRF eff = 2.0238 / Pop var. = 0.3348 / time = 0.77
best of generation 134 / cbal. = 94.6734 / Wtd. con eff = 3.6468 / Wtd. HRF eff = 2.0238 / Pop var. = 0.41757 / time = 0.73
best of generation 135 / cbal. = 94.9285 / Wtd. con eff = 3.6398 / Wtd. HRF eff = 1.5826 / Pop var. = 0.40992 / time = 0.73
best of generation 136 / cbal. = 94.9285 / Wtd. con eff = 3.6398 / Wtd. HRF eff = 1.5826 / Pop var. = 0.38795 / time = 0.73
best of generation 137 / cbal. = 94.9285 / Wtd. con eff = 3.6398 / Wtd. HRF eff = 1.5826 / Pop var. = 0.45015 / time = 0.73
best of generation 138 / cbal. = 94.9285 / Wtd. con eff = 3.6398 / Wtd. HRF eff = 1.5826 / Pop var. = 0.42869 / time = 0.73
best of generation 139 / cbal. = 94.9285 / Wtd. con eff = 3.6398 / Wtd. HRF eff = 1.5826 / Pop var. = 0.33214 / time = 0.75
best of generation 140 / cbal. = 94.9285 / Wtd. con eff = 3.6398 / Wtd. HRF eff = 1.5826 / Pop var. = 0.4088 / time = 0.74
best of generation 141 / cbal. = 94.9285 / Wtd. con eff = 3.6398 / Wtd. HRF eff = 1.5826 / Pop var. = 0.39083 / time = 0.73
best of generation 142 / cbal. = 94.9285 / Wtd. con eff = 3.6398 / Wtd. HRF eff = 1.5826 / Pop var. = 0.44987 / time = 0.74
best of generation 143 / cbal. = 94.9285 / Wtd. con eff = 3.6398 / Wtd. HRF eff = 1.5826 / Pop var. = 0.42017 / time = 0.73
best of generation 144 / cbal. = 94.9285 / Wtd. con eff = 3.6398 / Wtd. HRF eff = 1.5826 / Pop var. = 0.39031 / time = 0.76
best of generation 145 / cbal. = 94.9285 / Wtd. con eff = 3.6398 / Wtd. HRF eff = 1.5826 / Pop var. = 0.49206 / time = 0.74
best of generation 146 / cbal. = 94.9285 / Wtd. con eff = 3.6398 / Wtd. HRF eff = 1.5826 / Pop var. = 0.4068 / time = 0.74
best of generation 147 / cbal. = 94.9285 / Wtd. con eff = 3.6398 / Wtd. HRF eff = 1.5826 / Pop var. = 0.32877 / time = 0.74
best of generation 148 / cbal. = 94.9285 / Wtd. con eff = 3.6398 / Wtd. HRF eff = 1.5826 / Pop var. = 0.4249 / time = 0.74
best of generation 149 / cbal. = 94.9285 / Wtd. con eff = 3.6398 / Wtd. HRF eff = 1.5826 / Pop var. = 0.36828 / time = 0.74
best of generation 150 / cbal. = 94.9285 / Wtd. con eff = 3.6398 / Wtd. HRF eff = 1.5826 / Pop var. = 0.4314 / time = 0.74
best of generation 151 / cbal. = 94.9285 / Wtd. con eff = 3.6398 / Wtd. HRF eff = 1.5826 / Pop var. = 0.40767 / time = 0.73
best of generation 152 / cbal. = 94.9285 / Wtd. con eff = 3.6398 / Wtd. HRF eff = 1.5826 / Pop var. = 0.32381 / time = 0.73
best of generation 153 / cbal. = 94.9285 / Wtd. con eff = 3.6398 / Wtd. HRF eff = 1.5826 / Pop var. = 0.39973 / time = 0.74
best of generation 154 / cbal. = 94.9285 / Wtd. con eff = 3.6398 / Wtd. HRF eff = 1.5826 / Pop var. = 0.45417 / time = 0.73
best of generation 155 / cbal. = 94.9285 / Wtd. con eff = 3.6398 / Wtd. HRF eff = 1.5826 / Pop var. = 0.37685 / time = 0.76
best of generation 156 / cbal. = 94.9285 / Wtd. con eff = 3.6398 / Wtd. HRF eff = 1.5826 / Pop var. = 0.44394 / time = 0.73
best of generation 157 / cbal. = 94.9285 / Wtd. con eff = 3.6398 / Wtd. HRF eff = 1.5826 / Pop var. = 0.39261 / time = 0.74
best of generation 158 / cbal. = 94.9285 / Wtd. con eff = 3.6398 / Wtd. HRF eff = 1.5826 / Pop var. = 0.46453 / time = 0.73
best of generation 159 / cbal. = 94.9285 / Wtd. con eff = 3.6398 / Wtd. HRF eff = 1.5826 / Pop var. = 0.43751 / time = 0.73
best of generation 160 / cbal. = 94.9285 / Wtd. con eff = 3.6398 / Wtd. HRF eff = 1.5826 / Pop var. = 0.39118 / time = 0.72
saving workspace as GAresults.mat
M = 
     origlist: [49x1 double]
     restlist: [20x1 double]
     stimlist: [60x1 double]
           ga: [1x1 struct]
    bestLists: [60x160 uint8]
         date: '11-9-2014'
optimizeGA done: 120.28 s
