Starting Model 97
OptimizeGA
===============================
Saturation threshold = 
Setting up variables
You entered 2 conditions  (event types) that will each be modeled with a regessor. 
 Note that if you enter 0 as a condition number, those events will not be modeled
 (they are assumed to be rest/inter-stimulus interval periods)

Contrasts entered. You entered matrix of 3 contrasts, with weights across 4 conditions.
 Contrasts:
     1     1    -1    -1
     1     0    -1     0
     0     1     0    -1
 ...adding one column to contrast matrix with weights of 0, to model the intercept
You entered a contrast weight vector across 3 contrasts
 	...Using rests of length 1 and resting every 4
================== Parameters ======================
     Total stimuli in scan      : 60
     Fixed rest length in ITIs  : 1
     Fixed Rest stimuli in scan : 11
     Num blank intervals        : 9
     Num of task conds          : 2
     Num stimuli each cond      : 20  20
====================================================
	...generating lists of organisms
	...USING TRANS2BLOCK >
     freqConditions = 0.2         0.2         0.2         0.2
     conditions = 1  2  3  4
REST INTERVALS: not used (to use, freqCond should be one longer than conditions
  ...randomizing organism start state
	...restMatrix is 20 X 40
ans =
     4     4     4     4     4     4     4     4     4     4
     4     4     4     4     4     4     4     4     4     4
     4     4     4     4     4     4     4     4     4     4
     4     4     4     4     4     4     4     4     4     4
     4     4     4     4     4     4     4     4     4     4
======== Num stimuli, averaged across lists (before instruction/rest stimuli) ========
		Condition 0: 9 stimuli, 15% of total stimuli
		Condition 1: 20 stimuli, 33.3333% of total stimuli
		Condition 2: 20 stimuli, 33.3333% of total stimuli
		Condition 3: 0 stimuli, 0% of total stimuli
		Condition 4: 0 stimuli, 0% of total stimuli
======================================================================================
best of generation 1 / cbal. = 93.9258 / Wtd. con eff = 2.7616 / Wtd. HRF eff = 0.82249 / Pop var. = 0.86694 / time = 0.76
best of generation 2 / cbal. = 93.9258 / Wtd. con eff = 2.7616 / Wtd. HRF eff = 0.82249 / Pop var. = 0.85108 / time = 0.72
best of generation 3 / cbal. = 94.436 / Wtd. con eff = 2.9297 / Wtd. HRF eff = 0.53592 / Pop var. = 0.84756 / time = 0.77
best of generation 4 / cbal. = 94.5567 / Wtd. con eff = 2.9971 / Wtd. HRF eff = 0.66741 / Pop var. = 0.81678 / time = 0.73
best of generation 5 / cbal. = 94.6058 / Wtd. con eff = 2.8656 / Wtd. HRF eff = 0.7189 / Pop var. = 0.81508 / time = 0.72
best of generation 6 / cbal. = 94.8654 / Wtd. con eff = 3.1138 / Wtd. HRF eff = 0.7031 / Pop var. = 0.78996 / time = 0.72
best of generation 7 / cbal. = 94.8654 / Wtd. con eff = 3.1138 / Wtd. HRF eff = 0.7031 / Pop var. = 0.75047 / time = 0.72
best of generation 8 / cbal. = 94.8654 / Wtd. con eff = 3.1138 / Wtd. HRF eff = 0.7031 / Pop var. = 0.72065 / time = 0.74
best of generation 9 / cbal. = 94.6438 / Wtd. con eff = 3.0859 / Wtd. HRF eff = 0.74345 / Pop var. = 0.57407 / time = 0.72
best of generation 10 / cbal. = 94.6438 / Wtd. con eff = 3.0859 / Wtd. HRF eff = 0.74345 / Pop var. = 0.43987 / time = 0.72
best of generation 11 / cbal. = 94.9995 / Wtd. con eff = 3.1997 / Wtd. HRF eff = 0.65925 / Pop var. = 0.37428 / time = 0.72
best of generation 12 / cbal. = 94.9999 / Wtd. con eff = 3.2543 / Wtd. HRF eff = 0.72864 / Pop var. = 0.42414 / time = 0.73
best of generation 13 / cbal. = 94.9999 / Wtd. con eff = 3.2543 / Wtd. HRF eff = 0.72864 / Pop var. = 0.39459 / time = 0.73
best of generation 14 / cbal. = 94.7265 / Wtd. con eff = 3.4029 / Wtd. HRF eff = 0.83459 / Pop var. = 0.48613 / time = 0.8
best of generation 15 / cbal. = 95.0407 / Wtd. con eff = 3.4435 / Wtd. HRF eff = 0.81534 / Pop var. = 0.49932 / time = 0.72
best of generation 16 / cbal. = 95.1389 / Wtd. con eff = 3.4784 / Wtd. HRF eff = 0.808 / Pop var. = 0.53578 / time = 0.73
best of generation 17 / cbal. = 95.1389 / Wtd. con eff = 3.4784 / Wtd. HRF eff = 0.808 / Pop var. = 0.52061 / time = 0.74
best of generation 18 / cbal. = 94.7113 / Wtd. con eff = 3.4418 / Wtd. HRF eff = 0.91626 / Pop var. = 0.52443 / time = 0.73
best of generation 19 / cbal. = 94.889 / Wtd. con eff = 3.4381 / Wtd. HRF eff = 0.8468 / Pop var. = 0.498 / time = 0.75
best of generation 20 / cbal. = 94.7571 / Wtd. con eff = 3.6073 / Wtd. HRF eff = 1.056 / Pop var. = 0.40206 / time = 0.77
best of generation 21 / cbal. = 95.0569 / Wtd. con eff = 3.4634 / Wtd. HRF eff = 0.97813 / Pop var. = 0.41254 / time = 0.73
best of generation 22 / cbal. = 95.0814 / Wtd. con eff = 3.5049 / Wtd. HRF eff = 0.83401 / Pop var. = 0.39082 / time = 0.74
best of generation 23 / cbal. = 95.0814 / Wtd. con eff = 3.5049 / Wtd. HRF eff = 0.83401 / Pop var. = 0.50305 / time = 0.73
best of generation 24 / cbal. = 95.0814 / Wtd. con eff = 3.5049 / Wtd. HRF eff = 0.83401 / Pop var. = 0.4965 / time = 0.73
best of generation 25 / cbal. = 95.0814 / Wtd. con eff = 3.5049 / Wtd. HRF eff = 0.83401 / Pop var. = 0.47204 / time = 0.79
best of generation 26 / cbal. = 95.1971 / Wtd. con eff = 3.4608 / Wtd. HRF eff = 0.99103 / Pop var. = 0.47187 / time = 0.75
best of generation 27 / cbal. = 94.9285 / Wtd. con eff = 3.5764 / Wtd. HRF eff = 0.94533 / Pop var. = 0.43512 / time = 0.74
best of generation 28 / cbal. = 94.9285 / Wtd. con eff = 3.5764 / Wtd. HRF eff = 0.94533 / Pop var. = 0.39534 / time = 0.73
best of generation 29 / cbal. = 94.9285 / Wtd. con eff = 3.5764 / Wtd. HRF eff = 0.94533 / Pop var. = 0.49328 / time = 0.73
best of generation 30 / cbal. = 94.7037 / Wtd. con eff = 3.6266 / Wtd. HRF eff = 0.87385 / Pop var. = 0.453 / time = 0.76
best of generation 31 / cbal. = 94.9285 / Wtd. con eff = 3.5764 / Wtd. HRF eff = 0.94533 / Pop var. = 0.42733 / time = 0.73
best of generation 32 / cbal. = 94.6885 / Wtd. con eff = 3.6095 / Wtd. HRF eff = 0.95165 / Pop var. = 0.40123 / time = 0.74
best of generation 33 / cbal. = 94.6433 / Wtd. con eff = 3.6401 / Wtd. HRF eff = 1.0083 / Pop var. = 0.36858 / time = 0.73
best of generation 34 / cbal. = 95.1306 / Wtd. con eff = 3.5668 / Wtd. HRF eff = 0.96052 / Pop var. = 0.44668 / time = 0.73
best of generation 35 / cbal. = 95.1306 / Wtd. con eff = 3.5668 / Wtd. HRF eff = 0.96052 / Pop var. = 0.38113 / time = 0.74
best of generation 36 / cbal. = 94.8577 / Wtd. con eff = 3.607 / Wtd. HRF eff = 0.96719 / Pop var. = 0.43049 / time = 0.79
best of generation 37 / cbal. = 94.8577 / Wtd. con eff = 3.607 / Wtd. HRF eff = 0.96719 / Pop var. = 0.40068 / time = 0.73
best of generation 38 / cbal. = 94.8265 / Wtd. con eff = 3.5814 / Wtd. HRF eff = 1.1348 / Pop var. = 0.35538 / time = 0.74
best of generation 39 / cbal. = 94.8265 / Wtd. con eff = 3.5814 / Wtd. HRF eff = 1.1348 / Pop var. = 0.42312 / time = 0.73
best of generation 40 / cbal. = 95.0488 / Wtd. con eff = 3.5827 / Wtd. HRF eff = 0.99965 / Pop var. = 0.39375 / time = 0.73
best of generation 41 / cbal. = 95.0488 / Wtd. con eff = 3.5827 / Wtd. HRF eff = 0.99965 / Pop var. = 0.48547 / time = 0.8
best of generation 42 / cbal. = 94.8577 / Wtd. con eff = 3.6119 / Wtd. HRF eff = 1.0345 / Pop var. = 0.42688 / time = 0.74
best of generation 43 / cbal. = 94.8577 / Wtd. con eff = 3.6119 / Wtd. HRF eff = 1.0345 / Pop var. = 0.39659 / time = 0.73
best of generation 44 / cbal. = 94.9843 / Wtd. con eff = 3.6012 / Wtd. HRF eff = 1.0305 / Pop var. = 0.46637 / time = 0.74
best of generation 45 / cbal. = 94.9843 / Wtd. con eff = 3.6012 / Wtd. HRF eff = 1.0305 / Pop var. = 0.44071 / time = 0.73
best of generation 46 / cbal. = 94.9843 / Wtd. con eff = 3.6012 / Wtd. HRF eff = 1.0305 / Pop var. = 0.41372 / time = 0.73
best of generation 47 / cbal. = 94.7647 / Wtd. con eff = 3.644 / Wtd. HRF eff = 0.99612 / Pop var. = 0.4313 / time = 0.76
best of generation 48 / cbal. = 94.6734 / Wtd. con eff = 3.6591 / Wtd. HRF eff = 1.0034 / Pop var. = 0.40944 / time = 0.76
best of generation 49 / cbal. = 94.6583 / Wtd. con eff = 3.6557 / Wtd. HRF eff = 1.0618 / Pop var. = 0.3739 / time = 0.74
best of generation 50 / cbal. = 95.0814 / Wtd. con eff = 3.5686 / Wtd. HRF eff = 1.2802 / Pop var. = 0.47378 / time = 0.73
best of generation 51 / cbal. = 95.0814 / Wtd. con eff = 3.5686 / Wtd. HRF eff = 1.2802 / Pop var. = 0.47292 / time = 0.73
best of generation 52 / cbal. = 95.0814 / Wtd. con eff = 3.5686 / Wtd. HRF eff = 1.2802 / Pop var. = 0.44529 / time = 0.79
best of generation 53 / cbal. = 95.0814 / Wtd. con eff = 3.5686 / Wtd. HRF eff = 1.2802 / Pop var. = 0.44847 / time = 0.74
best of generation 54 / cbal. = 95.2476 / Wtd. con eff = 3.5482 / Wtd. HRF eff = 1.3569 / Pop var. = 0.46001 / time = 0.75
best of generation 55 / cbal. = 95.2476 / Wtd. con eff = 3.5482 / Wtd. HRF eff = 1.3569 / Pop var. = 0.4498 / time = 0.74
best of generation 56 / cbal. = 94.6583 / Wtd. con eff = 3.6557 / Wtd. HRF eff = 1.0618 / Pop var. = 0.44963 / time = 0.74
best of generation 57 / cbal. = 94.7113 / Wtd. con eff = 3.6695 / Wtd. HRF eff = 1.3147 / Pop var. = 0.39392 / time = 0.72
best of generation 58 / cbal. = 94.7113 / Wtd. con eff = 3.6695 / Wtd. HRF eff = 1.3147 / Pop var. = 0.49933 / time = 0.76
best of generation 59 / cbal. = 94.9923 / Wtd. con eff = 3.6287 / Wtd. HRF eff = 1.1939 / Pop var. = 0.42335 / time = 0.73
best of generation 60 / cbal. = 94.7113 / Wtd. con eff = 3.6695 / Wtd. HRF eff = 1.3147 / Pop var. = 0.43181 / time = 0.74
best of generation 61 / cbal. = 94.7113 / Wtd. con eff = 3.6695 / Wtd. HRF eff = 1.3147 / Pop var. = 0.36953 / time = 0.73
best of generation 62 / cbal. = 94.7113 / Wtd. con eff = 3.6695 / Wtd. HRF eff = 1.3147 / Pop var. = 0.43814 / time = 0.74
best of generation 63 / cbal. = 94.8421 / Wtd. con eff = 3.6255 / Wtd. HRF eff = 1.9441 / Pop var. = 0.37864 / time = 0.81
best of generation 64 / cbal. = 94.8421 / Wtd. con eff = 3.6255 / Wtd. HRF eff = 1.9441 / Pop var. = 0.46574 / time = 0.73
best of generation 65 / cbal. = 94.8421 / Wtd. con eff = 3.6255 / Wtd. HRF eff = 1.9441 / Pop var. = 0.42031 / time = 0.74
best of generation 66 / cbal. = 94.8421 / Wtd. con eff = 3.6255 / Wtd. HRF eff = 1.9441 / Pop var. = 0.41092 / time = 0.74
best of generation 67 / cbal. = 94.9523 / Wtd. con eff = 3.6375 / Wtd. HRF eff = 1.337 / Pop var. = 0.39884 / time = 0.73
best of generation 68 / cbal. = 94.9523 / Wtd. con eff = 3.6375 / Wtd. HRF eff = 1.337 / Pop var. = 0.4815 / time = 0.74
best of generation 69 / cbal. = 94.9523 / Wtd. con eff = 3.6375 / Wtd. HRF eff = 1.337 / Pop var. = 0.45661 / time = 0.76
best of generation 70 / cbal. = 94.8577 / Wtd. con eff = 3.6793 / Wtd. HRF eff = 1.0673 / Pop var. = 0.44275 / time = 0.74
best of generation 71 / cbal. = 94.8577 / Wtd. con eff = 3.6793 / Wtd. HRF eff = 1.0673 / Pop var. = 0.43267 / time = 0.73
best of generation 72 / cbal. = 94.8577 / Wtd. con eff = 3.6793 / Wtd. HRF eff = 1.0673 / Pop var. = 0.42074 / time = 0.74
best of generation 73 / cbal. = 94.7189 / Wtd. con eff = 3.6677 / Wtd. HRF eff = 1.6865 / Pop var. = 0.4039 / time = 0.74
best of generation 74 / cbal. = 94.7189 / Wtd. con eff = 3.6677 / Wtd. HRF eff = 1.6865 / Pop var. = 0.37661 / time = 0.8
best of generation 75 / cbal. = 94.7189 / Wtd. con eff = 3.6677 / Wtd. HRF eff = 1.6865 / Pop var. = 0.47629 / time = 0.74
best of generation 76 / cbal. = 94.7189 / Wtd. con eff = 3.6677 / Wtd. HRF eff = 1.6865 / Pop var. = 0.44266 / time = 0.74
best of generation 77 / cbal. = 94.7189 / Wtd. con eff = 3.6677 / Wtd. HRF eff = 1.6865 / Pop var. = 0.37016 / time = 0.72
best of generation 78 / cbal. = 94.7189 / Wtd. con eff = 3.6677 / Wtd. HRF eff = 1.6865 / Pop var. = 0.44757 / time = 0.73
best of generation 79 / cbal. = 94.7189 / Wtd. con eff = 3.6677 / Wtd. HRF eff = 1.6865 / Pop var. = 0.36862 / time = 0.73
best of generation 80 / cbal. = 94.7189 / Wtd. con eff = 3.6677 / Wtd. HRF eff = 1.6865 / Pop var. = 0.43967 / time = 0.75
best of generation 81 / cbal. = 94.7189 / Wtd. con eff = 3.6677 / Wtd. HRF eff = 1.6865 / Pop var. = 0.40532 / time = 0.73
best of generation 82 / cbal. = 94.7189 / Wtd. con eff = 3.6677 / Wtd. HRF eff = 1.6865 / Pop var. = 0.29029 / time = 0.74
best of generation 83 / cbal. = 94.7189 / Wtd. con eff = 3.6677 / Wtd. HRF eff = 1.6865 / Pop var. = 0.36818 / time = 0.73
best of generation 84 / cbal. = 94.7189 / Wtd. con eff = 3.6677 / Wtd. HRF eff = 1.6865 / Pop var. = 0.40062 / time = 0.74
best of generation 85 / cbal. = 94.7189 / Wtd. con eff = 3.6677 / Wtd. HRF eff = 1.6865 / Pop var. = 0.34684 / time = 0.79
best of generation 86 / cbal. = 94.7189 / Wtd. con eff = 3.6677 / Wtd. HRF eff = 1.6865 / Pop var. = 0.41431 / time = 0.74
best of generation 87 / cbal. = 94.7189 / Wtd. con eff = 3.6677 / Wtd. HRF eff = 1.6865 / Pop var. = 0.3727 / time = 0.74
best of generation 88 / cbal. = 94.7189 / Wtd. con eff = 3.6677 / Wtd. HRF eff = 1.6865 / Pop var. = 0.4475 / time = 0.74
best of generation 89 / cbal. = 94.7189 / Wtd. con eff = 3.6677 / Wtd. HRF eff = 1.6865 / Pop var. = 0.4148 / time = 0.74
best of generation 90 / cbal. = 94.7189 / Wtd. con eff = 3.6677 / Wtd. HRF eff = 1.6865 / Pop var. = 0.34577 / time = 0.74
best of generation 91 / cbal. = 94.7189 / Wtd. con eff = 3.6677 / Wtd. HRF eff = 1.6865 / Pop var. = 0.41003 / time = 0.78
best of generation 92 / cbal. = 94.7189 / Wtd. con eff = 3.6677 / Wtd. HRF eff = 1.6865 / Pop var. = 0.36809 / time = 0.74
best of generation 93 / cbal. = 94.7189 / Wtd. con eff = 3.6677 / Wtd. HRF eff = 1.6865 / Pop var. = 0.47038 / time = 0.74
best of generation 94 / cbal. = 94.7189 / Wtd. con eff = 3.6677 / Wtd. HRF eff = 1.6865 / Pop var. = 0.40169 / time = 0.74
best of generation 95 / cbal. = 94.7189 / Wtd. con eff = 3.6677 / Wtd. HRF eff = 1.6865 / Pop var. = 0.35135 / time = 0.74
best of generation 96 / cbal. = 94.7189 / Wtd. con eff = 3.6677 / Wtd. HRF eff = 1.6865 / Pop var. = 0.49348 / time = 0.76
best of generation 97 / cbal. = 94.7189 / Wtd. con eff = 3.6677 / Wtd. HRF eff = 1.6865 / Pop var. = 0.42928 / time = 0.72
best of generation 98 / cbal. = 94.7189 / Wtd. con eff = 3.6677 / Wtd. HRF eff = 1.6865 / Pop var. = 0.3622 / time = 0.74
best of generation 99 / cbal. = 94.7189 / Wtd. con eff = 3.6677 / Wtd. HRF eff = 1.6865 / Pop var. = 0.45525 / time = 0.74
best of generation 100 / cbal. = 94.7189 / Wtd. con eff = 3.6677 / Wtd. HRF eff = 1.6865 / Pop var. = 0.40865 / time = 0.73
best of generation 101 / cbal. = 94.7189 / Wtd. con eff = 3.6677 / Wtd. HRF eff = 1.6865 / Pop var. = 0.34744 / time = 0.72
best of generation 102 / cbal. = 94.7189 / Wtd. con eff = 3.6677 / Wtd. HRF eff = 1.6865 / Pop var. = 0.40328 / time = 0.79
best of generation 103 / cbal. = 94.7189 / Wtd. con eff = 3.6677 / Wtd. HRF eff = 1.6865 / Pop var. = 0.38387 / time = 0.75
best of generation 104 / cbal. = 94.7189 / Wtd. con eff = 3.6677 / Wtd. HRF eff = 1.6865 / Pop var. = 0.44349 / time = 0.74
best of generation 105 / cbal. = 94.7189 / Wtd. con eff = 3.6677 / Wtd. HRF eff = 1.6865 / Pop var. = 0.32336 / time = 0.73
best of generation 106 / cbal. = 94.7189 / Wtd. con eff = 3.6677 / Wtd. HRF eff = 1.6865 / Pop var. = 0.4077 / time = 0.74
best of generation 107 / cbal. = 94.7189 / Wtd. con eff = 3.6677 / Wtd. HRF eff = 1.6865 / Pop var. = 0.3639 / time = 0.76
best of generation 108 / cbal. = 94.7189 / Wtd. con eff = 3.6677 / Wtd. HRF eff = 1.6865 / Pop var. = 0.43188 / time = 0.73
best of generation 109 / cbal. = 94.7189 / Wtd. con eff = 3.6677 / Wtd. HRF eff = 1.6865 / Pop var. = 0.34033 / time = 0.74
best of generation 110 / cbal. = 94.7189 / Wtd. con eff = 3.6677 / Wtd. HRF eff = 1.6865 / Pop var. = 0.40313 / time = 0.74
best of generation 111 / cbal. = 94.7189 / Wtd. con eff = 3.6677 / Wtd. HRF eff = 1.6865 / Pop var. = 0.38482 / time = 0.73
best of generation 112 / cbal. = 94.7189 / Wtd. con eff = 3.6677 / Wtd. HRF eff = 1.6865 / Pop var. = 0.4373 / time = 0.75
best of generation 113 / cbal. = 94.7189 / Wtd. con eff = 3.6677 / Wtd. HRF eff = 1.6865 / Pop var. = 0.41843 / time = 0.78
best of generation 114 / cbal. = 94.7189 / Wtd. con eff = 3.6677 / Wtd. HRF eff = 1.6865 / Pop var. = 0.37442 / time = 0.74
best of generation 115 / cbal. = 94.7189 / Wtd. con eff = 3.6677 / Wtd. HRF eff = 1.6865 / Pop var. = 0.47871 / time = 0.74
best of generation 116 / cbal. = 94.7189 / Wtd. con eff = 3.6677 / Wtd. HRF eff = 1.6865 / Pop var. = 0.41049 / time = 0.73
best of generation 117 / cbal. = 94.7189 / Wtd. con eff = 3.6677 / Wtd. HRF eff = 1.6865 / Pop var. = 0.35672 / time = 0.72
best of generation 118 / cbal. = 94.7189 / Wtd. con eff = 3.6677 / Wtd. HRF eff = 1.6865 / Pop var. = 0.44306 / time = 0.78
best of generation 119 / cbal. = 94.7189 / Wtd. con eff = 3.6677 / Wtd. HRF eff = 1.6865 / Pop var. = 0.39334 / time = 0.73
best of generation 120 / cbal. = 94.7189 / Wtd. con eff = 3.6677 / Wtd. HRF eff = 1.6865 / Pop var. = 0.45523 / time = 0.73
best of generation 121 / cbal. = 94.7189 / Wtd. con eff = 3.6677 / Wtd. HRF eff = 1.6865 / Pop var. = 0.42225 / time = 0.72
best of generation 122 / cbal. = 94.7189 / Wtd. con eff = 3.6677 / Wtd. HRF eff = 1.6865 / Pop var. = 0.31642 / time = 0.75
best of generation 123 / cbal. = 94.7189 / Wtd. con eff = 3.6677 / Wtd. HRF eff = 1.6865 / Pop var. = 0.39349 / time = 0.74
best of generation 124 / cbal. = 94.7189 / Wtd. con eff = 3.6677 / Wtd. HRF eff = 1.6865 / Pop var. = 0.45742 / time = 0.79
best of generation 125 / cbal. = 94.7189 / Wtd. con eff = 3.6677 / Wtd. HRF eff = 1.6865 / Pop var. = 0.42117 / time = 0.74
best of generation 126 / cbal. = 94.7189 / Wtd. con eff = 3.6677 / Wtd. HRF eff = 1.6865 / Pop var. = 0.373 / time = 0.73
best of generation 127 / cbal. = 94.7189 / Wtd. con eff = 3.6677 / Wtd. HRF eff = 1.6865 / Pop var. = 0.40483 / time = 0.74
best of generation 128 / cbal. = 94.7189 / Wtd. con eff = 3.6677 / Wtd. HRF eff = 1.6865 / Pop var. = 0.35157 / time = 0.74
best of generation 129 / cbal. = 94.7189 / Wtd. con eff = 3.6677 / Wtd. HRF eff = 1.6865 / Pop var. = 0.4247 / time = 0.75
best of generation 130 / cbal. = 94.7189 / Wtd. con eff = 3.6677 / Wtd. HRF eff = 1.6865 / Pop var. = 0.37229 / time = 0.74
best of generation 131 / cbal. = 94.7724 / Wtd. con eff = 3.6616 / Wtd. HRF eff = 1.6862 / Pop var. = 0.41191 / time = 0.73
best of generation 132 / cbal. = 94.7724 / Wtd. con eff = 3.6616 / Wtd. HRF eff = 1.6862 / Pop var. = 0.33765 / time = 0.74
best of generation 133 / cbal. = 94.7724 / Wtd. con eff = 3.6616 / Wtd. HRF eff = 1.6862 / Pop var. = 0.40674 / time = 0.74
best of generation 134 / cbal. = 94.7724 / Wtd. con eff = 3.6616 / Wtd. HRF eff = 1.6862 / Pop var. = 0.30653 / time = 0.73
best of generation 135 / cbal. = 94.7724 / Wtd. con eff = 3.6616 / Wtd. HRF eff = 1.6862 / Pop var. = 0.41975 / time = 0.79
best of generation 136 / cbal. = 94.7724 / Wtd. con eff = 3.6616 / Wtd. HRF eff = 1.6862 / Pop var. = 0.37622 / time = 0.74
best of generation 137 / cbal. = 94.7724 / Wtd. con eff = 3.6616 / Wtd. HRF eff = 1.6862 / Pop var. = 0.42278 / time = 0.74
best of generation 138 / cbal. = 94.7724 / Wtd. con eff = 3.6616 / Wtd. HRF eff = 1.6862 / Pop var. = 0.36171 / time = 0.72
best of generation 139 / cbal. = 94.7724 / Wtd. con eff = 3.6616 / Wtd. HRF eff = 1.6862 / Pop var. = 0.38375 / time = 0.73
best of generation 140 / cbal. = 94.7724 / Wtd. con eff = 3.6616 / Wtd. HRF eff = 1.6862 / Pop var. = 0.42435 / time = 0.77
best of generation 141 / cbal. = 94.7724 / Wtd. con eff = 3.6616 / Wtd. HRF eff = 1.6862 / Pop var. = 0.36154 / time = 0.73
best of generation 142 / cbal. = 94.7724 / Wtd. con eff = 3.6616 / Wtd. HRF eff = 1.6862 / Pop var. = 0.38988 / time = 0.74
best of generation 143 / cbal. = 94.7724 / Wtd. con eff = 3.6616 / Wtd. HRF eff = 1.6862 / Pop var. = 0.43283 / time = 0.74
best of generation 144 / cbal. = 94.7724 / Wtd. con eff = 3.6616 / Wtd. HRF eff = 1.6862 / Pop var. = 0.37125 / time = 0.73
best of generation 145 / cbal. = 94.7724 / Wtd. con eff = 3.6616 / Wtd. HRF eff = 1.6862 / Pop var. = 0.41883 / time = 0.74
best of generation 146 / cbal. = 94.7724 / Wtd. con eff = 3.6616 / Wtd. HRF eff = 1.6862 / Pop var. = 0.40531 / time = 0.82
best of generation 147 / cbal. = 94.7724 / Wtd. con eff = 3.6616 / Wtd. HRF eff = 1.6862 / Pop var. = 0.35175 / time = 0.73
best of generation 148 / cbal. = 94.7724 / Wtd. con eff = 3.6616 / Wtd. HRF eff = 1.6862 / Pop var. = 0.39488 / time = 0.73
best of generation 149 / cbal. = 94.7724 / Wtd. con eff = 3.6616 / Wtd. HRF eff = 1.6862 / Pop var. = 0.4982 / time = 0.74
best of generation 150 / cbal. = 94.7724 / Wtd. con eff = 3.6616 / Wtd. HRF eff = 1.6862 / Pop var. = 0.46832 / time = 0.74
best of generation 151 / cbal. = 94.4228 / Wtd. con eff = 3.6952 / Wtd. HRF eff = 3.1468 / Pop var. = 0.40617 / time = 0.8
best of generation 152 / cbal. = 94.4228 / Wtd. con eff = 3.6952 / Wtd. HRF eff = 3.1468 / Pop var. = 0.33907 / time = 0.74
best of generation 153 / cbal. = 94.4228 / Wtd. con eff = 3.6952 / Wtd. HRF eff = 3.1468 / Pop var. = 0.43059 / time = 0.74
best of generation 154 / cbal. = 94.4228 / Wtd. con eff = 3.6952 / Wtd. HRF eff = 3.1468 / Pop var. = 0.41782 / time = 0.73
best of generation 155 / cbal. = 94.4228 / Wtd. con eff = 3.6952 / Wtd. HRF eff = 3.1468 / Pop var. = 0.41558 / time = 0.73
best of generation 156 / cbal. = 94.4228 / Wtd. con eff = 3.6952 / Wtd. HRF eff = 3.1468 / Pop var. = 0.36571 / time = 0.74
best of generation 157 / cbal. = 94.4228 / Wtd. con eff = 3.6952 / Wtd. HRF eff = 3.1468 / Pop var. = 0.46859 / time = 0.76
best of generation 158 / cbal. = 94.4228 / Wtd. con eff = 3.6952 / Wtd. HRF eff = 3.1468 / Pop var. = 0.40602 / time = 0.73
best of generation 159 / cbal. = 94.4228 / Wtd. con eff = 3.6952 / Wtd. HRF eff = 3.1468 / Pop var. = 0.36242 / time = 0.73
saving workspace as GAresults.mat
M = 
     origlist: [49x1 double]
     restlist: [20x1 double]
     stimlist: [60x1 double]
           ga: [1x1 struct]
    bestLists: [60x159 uint8]
         date: '11-9-2014'
optimizeGA done: 120.47 s
