Starting Model 11
OptimizeGA
===============================
Saturation threshold = 
Setting up variables
You entered 2 conditions  (event types) that will each be modeled with a regessor. 
 Note that if you enter 0 as a condition number, those events will not be modeled
 (they are assumed to be rest/inter-stimulus interval periods)

Contrasts entered. You entered matrix of 3 contrasts, with weights across 4 conditions.
 Contrasts:
     1     1    -1    -1
     1     0    -1     0
     0     1     0    -1
 ...adding one column to contrast matrix with weights of 0, to model the intercept
You entered a contrast weight vector across 3 contrasts
 	...Using rests of length 1 and resting every 4
================== Parameters ======================
     Total stimuli in scan      : 60
     Fixed rest length in ITIs  : 1
     Fixed Rest stimuli in scan : 11
     Num blank intervals        : 9
     Num of task conds          : 2
     Num stimuli each cond      : 20  20
====================================================
	...generating lists of organisms
	...USING TRANS2BLOCK >
     freqConditions = 0.2         0.2         0.2         0.2
     conditions = 1  2  3  4
REST INTERVALS: not used (to use, freqCond should be one longer than conditions
  ...randomizing organism start state
	...restMatrix is 20 X 40
ans =
     4     4     4     4     4     4     4     4     4     4
     4     4     4     4     4     4     4     4     4     4
     4     4     4     4     4     4     4     4     4     4
     4     4     4     4     4     4     4     4     4     4
     4     4     4     4     4     4     4     4     4     4
======== Num stimuli, averaged across lists (before instruction/rest stimuli) ========
		Condition 0: 9 stimuli, 15% of total stimuli
		Condition 1: 20 stimuli, 33.3333% of total stimuli
		Condition 2: 20 stimuli, 33.3333% of total stimuli
		Condition 3: 0 stimuli, 0% of total stimuli
		Condition 4: 0 stimuli, 0% of total stimuli
======================================================================================
best of generation 1 / cbal. = 94.822 / Wtd. con eff = 2.7847 / Wtd. HRF eff = 0.56577 / Pop var. = 0.86088 / time = 0.74
best of generation 2 / cbal. = 94.6926 / Wtd. con eff = 2.9786 / Wtd. HRF eff = 0.74961 / Pop var. = 0.84632 / time = 0.74
best of generation 3 / cbal. = 94.6926 / Wtd. con eff = 2.9786 / Wtd. HRF eff = 0.74961 / Pop var. = 0.82969 / time = 0.73
best of generation 4 / cbal. = 94.6496 / Wtd. con eff = 2.9317 / Wtd. HRF eff = 0.5096 / Pop var. = 0.81829 / time = 0.73
best of generation 5 / cbal. = 95.0891 / Wtd. con eff = 3.0874 / Wtd. HRF eff = 0.77292 / Pop var. = 0.76017 / time = 0.74
best of generation 6 / cbal. = 95.0891 / Wtd. con eff = 3.0874 / Wtd. HRF eff = 0.77292 / Pop var. = 0.74296 / time = 0.72
best of generation 7 / cbal. = 95.0891 / Wtd. con eff = 3.0874 / Wtd. HRF eff = 0.77292 / Pop var. = 0.71538 / time = 0.73
best of generation 8 / cbal. = 95.249 / Wtd. con eff = 3.2206 / Wtd. HRF eff = 0.92905 / Pop var. = 0.71794 / time = 0.76
best of generation 9 / cbal. = 95.249 / Wtd. con eff = 3.2206 / Wtd. HRF eff = 0.92905 / Pop var. = 0.66935 / time = 0.74
best of generation 10 / cbal. = 95.1226 / Wtd. con eff = 3.2783 / Wtd. HRF eff = 0.94354 / Pop var. = 0.62226 / time = 0.73
best of generation 11 / cbal. = 94.9523 / Wtd. con eff = 3.3674 / Wtd. HRF eff = 1.1617 / Pop var. = 0.51732 / time = 0.74
best of generation 12 / cbal. = 94.9843 / Wtd. con eff = 3.3874 / Wtd. HRF eff = 1.4105 / Pop var. = 0.47181 / time = 0.75
best of generation 13 / cbal. = 95.0488 / Wtd. con eff = 3.4648 / Wtd. HRF eff = 0.81098 / Pop var. = 0.44317 / time = 0.73
best of generation 14 / cbal. = 95.0488 / Wtd. con eff = 3.447 / Wtd. HRF eff = 1.2454 / Pop var. = 0.40778 / time = 0.74
best of generation 15 / cbal. = 95.0488 / Wtd. con eff = 3.447 / Wtd. HRF eff = 1.2454 / Pop var. = 0.30135 / time = 0.72
best of generation 16 / cbal. = 95.0488 / Wtd. con eff = 3.447 / Wtd. HRF eff = 1.2454 / Pop var. = 0.41513 / time = 0.75
best of generation 17 / cbal. = 95.0488 / Wtd. con eff = 3.447 / Wtd. HRF eff = 1.2454 / Pop var. = 0.4039 / time = 0.74
best of generation 18 / cbal. = 95.0488 / Wtd. con eff = 3.447 / Wtd. HRF eff = 1.2454 / Pop var. = 0.35078 / time = 0.75
best of generation 19 / cbal. = 95.0488 / Wtd. con eff = 3.447 / Wtd. HRF eff = 1.2454 / Pop var. = 0.45585 / time = 0.75
best of generation 20 / cbal. = 95.065 / Wtd. con eff = 3.4754 / Wtd. HRF eff = 0.98563 / Pop var. = 0.40987 / time = 0.74
best of generation 21 / cbal. = 95.065 / Wtd. con eff = 3.4754 / Wtd. HRF eff = 0.98563 / Pop var. = 0.38045 / time = 0.76
best of generation 22 / cbal. = 95.1472 / Wtd. con eff = 3.4766 / Wtd. HRF eff = 0.95035 / Pop var. = 0.4613 / time = 0.73
best of generation 23 / cbal. = 94.6885 / Wtd. con eff = 3.4768 / Wtd. HRF eff = 1.3656 / Pop var. = 0.43893 / time = 0.76
best of generation 24 / cbal. = 95.2391 / Wtd. con eff = 3.465 / Wtd. HRF eff = 1.0998 / Pop var. = 0.45103 / time = 0.73
best of generation 25 / cbal. = 94.681 / Wtd. con eff = 3.5946 / Wtd. HRF eff = 0.9321 / Pop var. = 0.39912 / time = 0.73
best of generation 26 / cbal. = 94.681 / Wtd. con eff = 3.5946 / Wtd. HRF eff = 0.9321 / Pop var. = 0.45009 / time = 0.74
best of generation 27 / cbal. = 94.681 / Wtd. con eff = 3.5946 / Wtd. HRF eff = 0.9321 / Pop var. = 0.41239 / time = 0.74
best of generation 28 / cbal. = 95.1887 / Wtd. con eff = 3.5257 / Wtd. HRF eff = 1.0654 / Pop var. = 0.36651 / time = 0.74
best of generation 29 / cbal. = 95.1887 / Wtd. con eff = 3.5257 / Wtd. HRF eff = 1.0654 / Pop var. = 0.47193 / time = 0.74
best of generation 30 / cbal. = 95.1887 / Wtd. con eff = 3.5257 / Wtd. HRF eff = 1.0654 / Pop var. = 0.43143 / time = 0.75
best of generation 31 / cbal. = 95.1887 / Wtd. con eff = 3.5257 / Wtd. HRF eff = 1.0654 / Pop var. = 0.45978 / time = 0.73
best of generation 32 / cbal. = 95.1887 / Wtd. con eff = 3.5257 / Wtd. HRF eff = 1.0654 / Pop var. = 0.44988 / time = 0.75
best of generation 33 / cbal. = 95.1059 / Wtd. con eff = 3.5429 / Wtd. HRF eff = 1.0375 / Pop var. = 0.40954 / time = 0.74
best of generation 34 / cbal. = 95.1059 / Wtd. con eff = 3.5429 / Wtd. HRF eff = 1.0375 / Pop var. = 0.39355 / time = 0.75
best of generation 35 / cbal. = 94.9127 / Wtd. con eff = 3.5802 / Wtd. HRF eff = 1.0954 / Pop var. = 0.46072 / time = 0.73
best of generation 36 / cbal. = 94.9127 / Wtd. con eff = 3.5802 / Wtd. HRF eff = 1.0954 / Pop var. = 0.41131 / time = 0.74
best of generation 37 / cbal. = 94.7265 / Wtd. con eff = 3.6532 / Wtd. HRF eff = 1.2973 / Pop var. = 0.38297 / time = 0.75
best of generation 38 / cbal. = 94.7265 / Wtd. con eff = 3.6532 / Wtd. HRF eff = 1.2973 / Pop var. = 0.45898 / time = 0.74
best of generation 39 / cbal. = 94.7265 / Wtd. con eff = 3.6532 / Wtd. HRF eff = 1.2973 / Pop var. = 0.46788 / time = 0.74
best of generation 40 / cbal. = 94.7265 / Wtd. con eff = 3.6532 / Wtd. HRF eff = 1.2973 / Pop var. = 0.36198 / time = 0.79
best of generation 41 / cbal. = 94.7265 / Wtd. con eff = 3.6532 / Wtd. HRF eff = 1.2973 / Pop var. = 0.46747 / time = 0.75
best of generation 42 / cbal. = 94.7265 / Wtd. con eff = 3.6532 / Wtd. HRF eff = 1.2973 / Pop var. = 0.38994 / time = 0.75
best of generation 43 / cbal. = 94.7265 / Wtd. con eff = 3.6532 / Wtd. HRF eff = 1.2973 / Pop var. = 0.4742 / time = 0.75
best of generation 44 / cbal. = 94.7265 / Wtd. con eff = 3.6532 / Wtd. HRF eff = 1.2973 / Pop var. = 0.40427 / time = 0.74
best of generation 45 / cbal. = 94.7265 / Wtd. con eff = 3.6532 / Wtd. HRF eff = 1.2973 / Pop var. = 0.39572 / time = 0.74
best of generation 46 / cbal. = 94.7265 / Wtd. con eff = 3.6532 / Wtd. HRF eff = 1.2973 / Pop var. = 0.41839 / time = 0.74
best of generation 47 / cbal. = 94.7265 / Wtd. con eff = 3.6532 / Wtd. HRF eff = 1.2973 / Pop var. = 0.34026 / time = 0.74
best of generation 48 / cbal. = 94.7265 / Wtd. con eff = 3.6532 / Wtd. HRF eff = 1.2973 / Pop var. = 0.38241 / time = 0.75
best of generation 49 / cbal. = 94.43 / Wtd. con eff = 3.6668 / Wtd. HRF eff = 1.6302 / Pop var. = 0.4185 / time = 0.74
best of generation 50 / cbal. = 94.43 / Wtd. con eff = 3.6668 / Wtd. HRF eff = 1.6302 / Pop var. = 0.32372 / time = 0.75
best of generation 51 / cbal. = 94.43 / Wtd. con eff = 3.6668 / Wtd. HRF eff = 1.6302 / Pop var. = 0.38389 / time = 0.72
best of generation 52 / cbal. = 94.43 / Wtd. con eff = 3.6668 / Wtd. HRF eff = 1.6302 / Pop var. = 0.44269 / time = 0.76
best of generation 53 / cbal. = 94.43 / Wtd. con eff = 3.6668 / Wtd. HRF eff = 1.6302 / Pop var. = 0.39628 / time = 0.73
best of generation 54 / cbal. = 94.43 / Wtd. con eff = 3.6668 / Wtd. HRF eff = 1.6302 / Pop var. = 0.4714 / time = 0.76
best of generation 55 / cbal. = 94.43 / Wtd. con eff = 3.6668 / Wtd. HRF eff = 1.6302 / Pop var. = 0.4115 / time = 0.74
best of generation 56 / cbal. = 94.43 / Wtd. con eff = 3.6668 / Wtd. HRF eff = 1.6302 / Pop var. = 0.35622 / time = 0.76
best of generation 57 / cbal. = 94.43 / Wtd. con eff = 3.6668 / Wtd. HRF eff = 1.6302 / Pop var. = 0.38975 / time = 0.73
best of generation 58 / cbal. = 95.1638 / Wtd. con eff = 3.538 / Wtd. HRF eff = 1.6173 / Pop var. = 0.4855 / time = 0.75
best of generation 59 / cbal. = 94.43 / Wtd. con eff = 3.6668 / Wtd. HRF eff = 1.6302 / Pop var. = 0.40179 / time = 0.75
best of generation 60 / cbal. = 94.43 / Wtd. con eff = 3.6668 / Wtd. HRF eff = 1.6302 / Pop var. = 0.33604 / time = 0.74
best of generation 61 / cbal. = 94.43 / Wtd. con eff = 3.6668 / Wtd. HRF eff = 1.6302 / Pop var. = 0.40786 / time = 0.73
best of generation 62 / cbal. = 94.43 / Wtd. con eff = 3.6668 / Wtd. HRF eff = 1.6302 / Pop var. = 0.34422 / time = 0.74
best of generation 63 / cbal. = 94.43 / Wtd. con eff = 3.6668 / Wtd. HRF eff = 1.6302 / Pop var. = 0.42743 / time = 0.76
best of generation 64 / cbal. = 94.43 / Wtd. con eff = 3.6668 / Wtd. HRF eff = 1.6302 / Pop var. = 0.38121 / time = 0.74
best of generation 65 / cbal. = 94.43 / Wtd. con eff = 3.6668 / Wtd. HRF eff = 1.6302 / Pop var. = 0.44664 / time = 0.76
best of generation 66 / cbal. = 94.43 / Wtd. con eff = 3.6668 / Wtd. HRF eff = 1.6302 / Pop var. = 0.38419 / time = 0.74
best of generation 67 / cbal. = 94.43 / Wtd. con eff = 3.6668 / Wtd. HRF eff = 1.6302 / Pop var. = 0.47171 / time = 0.74
best of generation 68 / cbal. = 94.43 / Wtd. con eff = 3.6668 / Wtd. HRF eff = 1.6302 / Pop var. = 0.37567 / time = 0.74
best of generation 69 / cbal. = 94.6961 / Wtd. con eff = 3.6432 / Wtd. HRF eff = 1.2137 / Pop var. = 0.41217 / time = 0.75
best of generation 70 / cbal. = 94.6433 / Wtd. con eff = 3.634 / Wtd. HRF eff = 1.5119 / Pop var. = 0.39358 / time = 0.74
best of generation 71 / cbal. = 94.6433 / Wtd. con eff = 3.634 / Wtd. HRF eff = 1.5119 / Pop var. = 0.45247 / time = 0.74
best of generation 72 / cbal. = 94.6433 / Wtd. con eff = 3.634 / Wtd. HRF eff = 1.5119 / Pop var. = 0.43415 / time = 0.74
best of generation 73 / cbal. = 94.6433 / Wtd. con eff = 3.634 / Wtd. HRF eff = 1.5119 / Pop var. = 0.40569 / time = 0.75
best of generation 74 / cbal. = 94.43 / Wtd. con eff = 3.649 / Wtd. HRF eff = 1.7857 / Pop var. = 0.37619 / time = 0.74
best of generation 75 / cbal. = 94.889 / Wtd. con eff = 3.5925 / Wtd. HRF eff = 1.4566 / Pop var. = 0.46395 / time = 0.74
best of generation 76 / cbal. = 94.889 / Wtd. con eff = 3.5925 / Wtd. HRF eff = 1.4566 / Pop var. = 0.44857 / time = 0.76
best of generation 77 / cbal. = 94.4589 / Wtd. con eff = 3.6776 / Wtd. HRF eff = 1.716 / Pop var. = 0.41019 / time = 0.74
best of generation 78 / cbal. = 94.394 / Wtd. con eff = 3.7026 / Wtd. HRF eff = 3.3783 / Pop var. = 0.35465 / time = 0.76
best of generation 79 / cbal. = 94.394 / Wtd. con eff = 3.7026 / Wtd. HRF eff = 3.3783 / Pop var. = 0.44114 / time = 0.74
best of generation 80 / cbal. = 94.394 / Wtd. con eff = 3.7026 / Wtd. HRF eff = 3.3783 / Pop var. = 0.432 / time = 0.76
best of generation 81 / cbal. = 94.394 / Wtd. con eff = 3.7026 / Wtd. HRF eff = 3.3783 / Pop var. = 0.40492 / time = 0.76
best of generation 82 / cbal. = 94.394 / Wtd. con eff = 3.7026 / Wtd. HRF eff = 3.3783 / Pop var. = 0.34072 / time = 0.75
best of generation 83 / cbal. = 94.394 / Wtd. con eff = 3.7026 / Wtd. HRF eff = 3.3783 / Pop var. = 0.43231 / time = 0.75
best of generation 84 / cbal. = 94.394 / Wtd. con eff = 3.7026 / Wtd. HRF eff = 3.3783 / Pop var. = 0.36482 / time = 0.74
best of generation 85 / cbal. = 94.394 / Wtd. con eff = 3.7026 / Wtd. HRF eff = 3.3783 / Pop var. = 0.44234 / time = 0.74
best of generation 86 / cbal. = 94.394 / Wtd. con eff = 3.7026 / Wtd. HRF eff = 3.3783 / Pop var. = 0.39484 / time = 0.74
best of generation 87 / cbal. = 94.394 / Wtd. con eff = 3.7026 / Wtd. HRF eff = 3.3783 / Pop var. = 0.44462 / time = 0.75
best of generation 88 / cbal. = 94.394 / Wtd. con eff = 3.7026 / Wtd. HRF eff = 3.3783 / Pop var. = 0.40521 / time = 0.74
best of generation 89 / cbal. = 94.394 / Wtd. con eff = 3.7026 / Wtd. HRF eff = 3.3783 / Pop var. = 0.33519 / time = 0.75
best of generation 90 / cbal. = 94.394 / Wtd. con eff = 3.7026 / Wtd. HRF eff = 3.3783 / Pop var. = 0.4187 / time = 0.74
best of generation 91 / cbal. = 94.394 / Wtd. con eff = 3.7026 / Wtd. HRF eff = 3.3783 / Pop var. = 0.41283 / time = 0.73
best of generation 92 / cbal. = 94.394 / Wtd. con eff = 3.7026 / Wtd. HRF eff = 3.3783 / Pop var. = 0.35167 / time = 0.76
best of generation 93 / cbal. = 94.394 / Wtd. con eff = 3.7026 / Wtd. HRF eff = 3.3783 / Pop var. = 0.4404 / time = 0.75
best of generation 94 / cbal. = 94.394 / Wtd. con eff = 3.7026 / Wtd. HRF eff = 3.3783 / Pop var. = 0.38205 / time = 0.75
best of generation 95 / cbal. = 94.394 / Wtd. con eff = 3.7026 / Wtd. HRF eff = 3.3783 / Pop var. = 0.44413 / time = 0.76
best of generation 96 / cbal. = 94.394 / Wtd. con eff = 3.7026 / Wtd. HRF eff = 3.3783 / Pop var. = 0.38684 / time = 0.76
best of generation 97 / cbal. = 94.394 / Wtd. con eff = 3.7026 / Wtd. HRF eff = 3.3783 / Pop var. = 0.42913 / time = 0.74
best of generation 98 / cbal. = 94.394 / Wtd. con eff = 3.7026 / Wtd. HRF eff = 3.3783 / Pop var. = 0.37362 / time = 0.75
best of generation 99 / cbal. = 94.394 / Wtd. con eff = 3.7026 / Wtd. HRF eff = 3.3783 / Pop var. = 0.43161 / time = 0.74
best of generation 100 / cbal. = 94.394 / Wtd. con eff = 3.7026 / Wtd. HRF eff = 3.3783 / Pop var. = 0.38656 / time = 0.73
best of generation 101 / cbal. = 94.394 / Wtd. con eff = 3.7026 / Wtd. HRF eff = 3.3783 / Pop var. = 0.42231 / time = 0.74
best of generation 102 / cbal. = 94.394 / Wtd. con eff = 3.7026 / Wtd. HRF eff = 3.3783 / Pop var. = 0.39009 / time = 0.76
best of generation 103 / cbal. = 94.394 / Wtd. con eff = 3.7026 / Wtd. HRF eff = 3.3783 / Pop var. = 0.43348 / time = 0.75
best of generation 104 / cbal. = 94.394 / Wtd. con eff = 3.7026 / Wtd. HRF eff = 3.3783 / Pop var. = 0.36831 / time = 0.74
best of generation 105 / cbal. = 94.394 / Wtd. con eff = 3.7026 / Wtd. HRF eff = 3.3783 / Pop var. = 0.44433 / time = 0.75
best of generation 106 / cbal. = 94.394 / Wtd. con eff = 3.7026 / Wtd. HRF eff = 3.3783 / Pop var. = 0.4415 / time = 0.74
best of generation 107 / cbal. = 94.394 / Wtd. con eff = 3.7026 / Wtd. HRF eff = 3.3783 / Pop var. = 0.40483 / time = 0.75
best of generation 108 / cbal. = 94.394 / Wtd. con eff = 3.7026 / Wtd. HRF eff = 3.3783 / Pop var. = 0.37418 / time = 0.74
best of generation 109 / cbal. = 94.394 / Wtd. con eff = 3.7026 / Wtd. HRF eff = 3.3783 / Pop var. = 0.40907 / time = 0.75
best of generation 110 / cbal. = 94.394 / Wtd. con eff = 3.7026 / Wtd. HRF eff = 3.3783 / Pop var. = 0.38991 / time = 0.74
best of generation 111 / cbal. = 94.394 / Wtd. con eff = 3.7026 / Wtd. HRF eff = 3.3783 / Pop var. = 0.4433 / time = 0.75
best of generation 112 / cbal. = 94.394 / Wtd. con eff = 3.7026 / Wtd. HRF eff = 3.3783 / Pop var. = 0.37742 / time = 0.75
best of generation 113 / cbal. = 94.394 / Wtd. con eff = 3.7026 / Wtd. HRF eff = 3.3783 / Pop var. = 0.40394 / time = 0.74
best of generation 114 / cbal. = 94.394 / Wtd. con eff = 3.7026 / Wtd. HRF eff = 3.3783 / Pop var. = 0.34909 / time = 0.77
best of generation 115 / cbal. = 94.394 / Wtd. con eff = 3.7026 / Wtd. HRF eff = 3.3783 / Pop var. = 0.38585 / time = 0.74
best of generation 116 / cbal. = 94.394 / Wtd. con eff = 3.7026 / Wtd. HRF eff = 3.3783 / Pop var. = 0.45658 / time = 0.74
best of generation 117 / cbal. = 94.394 / Wtd. con eff = 3.7026 / Wtd. HRF eff = 3.3783 / Pop var. = 0.44049 / time = 0.75
best of generation 118 / cbal. = 94.394 / Wtd. con eff = 3.7026 / Wtd. HRF eff = 3.3783 / Pop var. = 0.36378 / time = 0.74
best of generation 119 / cbal. = 94.394 / Wtd. con eff = 3.7026 / Wtd. HRF eff = 3.3783 / Pop var. = 0.39305 / time = 0.75
best of generation 120 / cbal. = 94.394 / Wtd. con eff = 3.7026 / Wtd. HRF eff = 3.3783 / Pop var. = 0.46101 / time = 0.76
best of generation 121 / cbal. = 94.394 / Wtd. con eff = 3.7026 / Wtd. HRF eff = 3.3783 / Pop var. = 0.40947 / time = 0.75
best of generation 122 / cbal. = 94.394 / Wtd. con eff = 3.7026 / Wtd. HRF eff = 3.3783 / Pop var. = 0.33156 / time = 0.75
best of generation 123 / cbal. = 94.394 / Wtd. con eff = 3.7026 / Wtd. HRF eff = 3.3783 / Pop var. = 0.40771 / time = 0.74
best of generation 124 / cbal. = 94.394 / Wtd. con eff = 3.7026 / Wtd. HRF eff = 3.3783 / Pop var. = 0.36246 / time = 0.75
best of generation 125 / cbal. = 94.394 / Wtd. con eff = 3.7026 / Wtd. HRF eff = 3.3783 / Pop var. = 0.43878 / time = 0.75
best of generation 126 / cbal. = 94.394 / Wtd. con eff = 3.7026 / Wtd. HRF eff = 3.3783 / Pop var. = 0.38769 / time = 0.75
best of generation 127 / cbal. = 94.394 / Wtd. con eff = 3.7026 / Wtd. HRF eff = 3.3783 / Pop var. = 0.43696 / time = 0.74
best of generation 128 / cbal. = 94.394 / Wtd. con eff = 3.7026 / Wtd. HRF eff = 3.3783 / Pop var. = 0.38088 / time = 0.74
best of generation 129 / cbal. = 94.394 / Wtd. con eff = 3.7026 / Wtd. HRF eff = 3.3783 / Pop var. = 0.47191 / time = 0.74
best of generation 130 / cbal. = 94.394 / Wtd. con eff = 3.7026 / Wtd. HRF eff = 3.3783 / Pop var. = 0.41633 / time = 0.76
best of generation 131 / cbal. = 94.394 / Wtd. con eff = 3.7026 / Wtd. HRF eff = 3.3783 / Pop var. = 0.36302 / time = 0.73
best of generation 132 / cbal. = 94.394 / Wtd. con eff = 3.7026 / Wtd. HRF eff = 3.3783 / Pop var. = 0.43791 / time = 0.74
best of generation 133 / cbal. = 94.394 / Wtd. con eff = 3.7026 / Wtd. HRF eff = 3.3783 / Pop var. = 0.37516 / time = 0.75
best of generation 134 / cbal. = 94.394 / Wtd. con eff = 3.7026 / Wtd. HRF eff = 3.3783 / Pop var. = 0.41475 / time = 0.74
best of generation 135 / cbal. = 94.394 / Wtd. con eff = 3.7026 / Wtd. HRF eff = 3.3783 / Pop var. = 0.33384 / time = 0.75
best of generation 136 / cbal. = 94.394 / Wtd. con eff = 3.7026 / Wtd. HRF eff = 3.3783 / Pop var. = 0.40452 / time = 0.74
best of generation 137 / cbal. = 94.394 / Wtd. con eff = 3.7026 / Wtd. HRF eff = 3.3783 / Pop var. = 0.36164 / time = 0.74
best of generation 138 / cbal. = 94.394 / Wtd. con eff = 3.7026 / Wtd. HRF eff = 3.3783 / Pop var. = 0.41464 / time = 0.75
best of generation 139 / cbal. = 94.394 / Wtd. con eff = 3.7026 / Wtd. HRF eff = 3.3783 / Pop var. = 0.33021 / time = 0.74
best of generation 140 / cbal. = 94.394 / Wtd. con eff = 3.7026 / Wtd. HRF eff = 3.3783 / Pop var. = 0.39512 / time = 0.75
best of generation 141 / cbal. = 94.394 / Wtd. con eff = 3.7026 / Wtd. HRF eff = 3.3783 / Pop var. = 0.4593 / time = 0.75
best of generation 142 / cbal. = 94.394 / Wtd. con eff = 3.7026 / Wtd. HRF eff = 3.3783 / Pop var. = 0.41896 / time = 0.74
best of generation 143 / cbal. = 94.394 / Wtd. con eff = 3.7026 / Wtd. HRF eff = 3.3783 / Pop var. = 0.37359 / time = 0.76
best of generation 144 / cbal. = 94.394 / Wtd. con eff = 3.7026 / Wtd. HRF eff = 3.3783 / Pop var. = 0.45167 / time = 0.75
best of generation 145 / cbal. = 94.394 / Wtd. con eff = 3.7026 / Wtd. HRF eff = 3.3783 / Pop var. = 0.37296 / time = 0.75
best of generation 146 / cbal. = 94.394 / Wtd. con eff = 3.7026 / Wtd. HRF eff = 3.3783 / Pop var. = 0.40357 / time = 0.73
best of generation 147 / cbal. = 94.394 / Wtd. con eff = 3.7026 / Wtd. HRF eff = 3.3783 / Pop var. = 0.36385 / time = 0.76
best of generation 148 / cbal. = 94.394 / Wtd. con eff = 3.7026 / Wtd. HRF eff = 3.3783 / Pop var. = 0.40282 / time = 0.74
best of generation 149 / cbal. = 94.394 / Wtd. con eff = 3.7026 / Wtd. HRF eff = 3.3783 / Pop var. = 0.35075 / time = 0.74
best of generation 150 / cbal. = 94.394 / Wtd. con eff = 3.7026 / Wtd. HRF eff = 3.3783 / Pop var. = 0.41369 / time = 0.75
best of generation 151 / cbal. = 94.394 / Wtd. con eff = 3.7026 / Wtd. HRF eff = 3.3783 / Pop var. = 0.32671 / time = 0.74
best of generation 152 / cbal. = 94.394 / Wtd. con eff = 3.7026 / Wtd. HRF eff = 3.3783 / Pop var. = 0.40088 / time = 0.76
best of generation 153 / cbal. = 94.394 / Wtd. con eff = 3.7026 / Wtd. HRF eff = 3.3783 / Pop var. = 0.34625 / time = 0.73
best of generation 154 / cbal. = 94.394 / Wtd. con eff = 3.7026 / Wtd. HRF eff = 3.3783 / Pop var. = 0.41841 / time = 0.75
best of generation 155 / cbal. = 94.394 / Wtd. con eff = 3.7026 / Wtd. HRF eff = 3.3783 / Pop var. = 0.37656 / time = 0.74
best of generation 156 / cbal. = 94.394 / Wtd. con eff = 3.7026 / Wtd. HRF eff = 3.3783 / Pop var. = 0.45358 / time = 0.74
best of generation 157 / cbal. = 94.394 / Wtd. con eff = 3.7026 / Wtd. HRF eff = 3.3783 / Pop var. = 0.3838 / time = 0.74
best of generation 158 / cbal. = 94.394 / Wtd. con eff = 3.7026 / Wtd. HRF eff = 3.3783 / Pop var. = 0.43493 / time = 0.75
best of generation 159 / cbal. = 94.394 / Wtd. con eff = 3.7026 / Wtd. HRF eff = 3.3783 / Pop var. = 0.37692 / time = 0.74
saving workspace as GAresults.mat
M = 
     origlist: [49x1 double]
     restlist: [20x1 double]
     stimlist: [60x1 double]
           ga: [1x1 struct]
    bestLists: [60x159 uint8]
         date: '11-9-2014'
optimizeGA done: 120.76 s
