Starting Model 82
OptimizeGA
===============================
Saturation threshold = 
Setting up variables
You entered 2 conditions  (event types) that will each be modeled with a regessor. 
 Note that if you enter 0 as a condition number, those events will not be modeled
 (they are assumed to be rest/inter-stimulus interval periods)

Contrasts entered. You entered matrix of 3 contrasts, with weights across 4 conditions.
 Contrasts:
     1     1    -1    -1
     1     0    -1     0
     0     1     0    -1
 ...adding one column to contrast matrix with weights of 0, to model the intercept
You entered a contrast weight vector across 3 contrasts
 	...Using rests of length 1 and resting every 4
================== Parameters ======================
     Total stimuli in scan      : 60
     Fixed rest length in ITIs  : 1
     Fixed Rest stimuli in scan : 11
     Num blank intervals        : 9
     Num of task conds          : 2
     Num stimuli each cond      : 20  20
====================================================
	...generating lists of organisms
	...USING TRANS2BLOCK >
     freqConditions = 0.2         0.2         0.2         0.2
     conditions = 1  2  3  4
REST INTERVALS: not used (to use, freqCond should be one longer than conditions
  ...randomizing organism start state
	...restMatrix is 20 X 40
ans =
     4     4     4     4     4     4     4     4     4     4
     4     4     4     4     4     4     4     4     4     4
     4     4     4     4     4     4     4     4     4     4
     4     4     4     4     4     4     4     4     4     4
     4     4     4     4     4     4     4     4     4     4
======== Num stimuli, averaged across lists (before instruction/rest stimuli) ========
		Condition 0: 9 stimuli, 15% of total stimuli
		Condition 1: 20 stimuli, 33.3333% of total stimuli
		Condition 2: 20 stimuli, 33.3333% of total stimuli
		Condition 3: 0 stimuli, 0% of total stimuli
		Condition 4: 0 stimuli, 0% of total stimuli
======================================================================================
best of generation 1 / cbal. = 94.5635 / Wtd. con eff = 2.5743 / Wtd. HRF eff = 0.67585 / Pop var. = 0.86579 / time = 0.76
best of generation 2 / cbal. = 95.0154 / Wtd. con eff = 2.7705 / Wtd. HRF eff = 0.5183 / Pop var. = 0.84654 / time = 0.72
best of generation 3 / cbal. = 95.1763 / Wtd. con eff = 2.7795 / Wtd. HRF eff = 0.57175 / Pop var. = 0.81526 / time = 0.75
best of generation 4 / cbal. = 94.923 / Wtd. con eff = 2.8638 / Wtd. HRF eff = 0.57281 / Pop var. = 0.80728 / time = 0.73
best of generation 5 / cbal. = 92.8963 / Wtd. con eff = 3.0896 / Wtd. HRF eff = 0.85622 / Pop var. = 0.78704 / time = 0.74
best of generation 6 / cbal. = 94.2238 / Wtd. con eff = 3.0066 / Wtd. HRF eff = 0.67103 / Pop var. = 0.77646 / time = 0.71
best of generation 7 / cbal. = 94.4514 / Wtd. con eff = 3.1571 / Wtd. HRF eff = 0.67066 / Pop var. = 0.76368 / time = 0.72
best of generation 8 / cbal. = 94.4514 / Wtd. con eff = 3.1571 / Wtd. HRF eff = 0.67066 / Pop var. = 0.75391 / time = 0.72
best of generation 9 / cbal. = 94.0161 / Wtd. con eff = 3.2608 / Wtd. HRF eff = 0.65879 / Pop var. = 0.73534 / time = 0.73
best of generation 10 / cbal. = 94.5689 / Wtd. con eff = 3.2248 / Wtd. HRF eff = 0.64637 / Pop var. = 0.67563 / time = 0.74
best of generation 11 / cbal. = 95.0383 / Wtd. con eff = 3.2876 / Wtd. HRF eff = 0.82545 / Pop var. = 0.66086 / time = 0.73
best of generation 12 / cbal. = 95.0383 / Wtd. con eff = 3.2876 / Wtd. HRF eff = 0.82545 / Pop var. = 0.64724 / time = 0.74
best of generation 13 / cbal. = 95.0383 / Wtd. con eff = 3.2876 / Wtd. HRF eff = 0.82545 / Pop var. = 0.61324 / time = 0.76
best of generation 14 / cbal. = 95.0383 / Wtd. con eff = 3.2876 / Wtd. HRF eff = 0.82545 / Pop var. = 0.55463 / time = 0.77
best of generation 15 / cbal. = 95.1877 / Wtd. con eff = 3.259 / Wtd. HRF eff = 0.85831 / Pop var. = 0.55013 / time = 0.94
best of generation 16 / cbal. = 95.0383 / Wtd. con eff = 3.3244 / Wtd. HRF eff = 0.78664 / Pop var. = 0.55699 / time = 0.97
best of generation 17 / cbal. = 94.986 / Wtd. con eff = 3.3166 / Wtd. HRF eff = 0.84713 / Pop var. = 0.5295 / time = 0.77
best of generation 18 / cbal. = 94.986 / Wtd. con eff = 3.3166 / Wtd. HRF eff = 0.84713 / Pop var. = 0.56753 / time = 0.79
best of generation 19 / cbal. = 95.3762 / Wtd. con eff = 3.377 / Wtd. HRF eff = 1.0171 / Pop var. = 0.57712 / time = 0.75
best of generation 20 / cbal. = 94.8355 / Wtd. con eff = 3.4292 / Wtd. HRF eff = 0.91847 / Pop var. = 0.58828 / time = 1.07
best of generation 21 / cbal. = 95.3329 / Wtd. con eff = 3.422 / Wtd. HRF eff = 1.0833 / Pop var. = 0.60232 / time = 0.96
best of generation 22 / cbal. = 95.3329 / Wtd. con eff = 3.422 / Wtd. HRF eff = 1.0833 / Pop var. = 0.60011 / time = 0.79
best of generation 23 / cbal. = 95.3329 / Wtd. con eff = 3.422 / Wtd. HRF eff = 1.0833 / Pop var. = 0.58686 / time = 0.81
best of generation 24 / cbal. = 95.0814 / Wtd. con eff = 3.4723 / Wtd. HRF eff = 1.0684 / Pop var. = 0.47263 / time = 0.95
best of generation 25 / cbal. = 95.1142 / Wtd. con eff = 3.5169 / Wtd. HRF eff = 1.2801 / Pop var. = 0.39736 / time = 0.75
best of generation 26 / cbal. = 95.1142 / Wtd. con eff = 3.5169 / Wtd. HRF eff = 1.2801 / Pop var. = 0.47113 / time = 0.81
best of generation 27 / cbal. = 95.1142 / Wtd. con eff = 3.5169 / Wtd. HRF eff = 1.2801 / Pop var. = 0.48106 / time = 0.76
best of generation 28 / cbal. = 95.1142 / Wtd. con eff = 3.5169 / Wtd. HRF eff = 1.2801 / Pop var. = 0.47673 / time = 0.75
best of generation 29 / cbal. = 95.1142 / Wtd. con eff = 3.5169 / Wtd. HRF eff = 1.2801 / Pop var. = 0.49485 / time = 0.74
best of generation 30 / cbal. = 94.8733 / Wtd. con eff = 3.5661 / Wtd. HRF eff = 1.3287 / Pop var. = 0.48611 / time = 0.75
best of generation 31 / cbal. = 94.8733 / Wtd. con eff = 3.5661 / Wtd. HRF eff = 1.3287 / Pop var. = 0.49391 / time = 0.89
best of generation 32 / cbal. = 94.8733 / Wtd. con eff = 3.5661 / Wtd. HRF eff = 1.3287 / Pop var. = 0.48498 / time = 0.73
best of generation 33 / cbal. = 94.8733 / Wtd. con eff = 3.5661 / Wtd. HRF eff = 1.3287 / Pop var. = 0.46849 / time = 0.75
best of generation 34 / cbal. = 94.8733 / Wtd. con eff = 3.5661 / Wtd. HRF eff = 1.3287 / Pop var. = 0.45191 / time = 0.74
best of generation 35 / cbal. = 94.8733 / Wtd. con eff = 3.5661 / Wtd. HRF eff = 1.3287 / Pop var. = 0.40784 / time = 0.74
best of generation 36 / cbal. = 95.1971 / Wtd. con eff = 3.521 / Wtd. HRF eff = 1.2655 / Pop var. = 0.34626 / time = 0.72
best of generation 37 / cbal. = 95.1971 / Wtd. con eff = 3.521 / Wtd. HRF eff = 1.2655 / Pop var. = 0.44927 / time = 0.76
best of generation 38 / cbal. = 95.1971 / Wtd. con eff = 3.521 / Wtd. HRF eff = 1.2655 / Pop var. = 0.42077 / time = 0.75
best of generation 39 / cbal. = 94.9048 / Wtd. con eff = 3.5928 / Wtd. HRF eff = 1.1132 / Pop var. = 0.34488 / time = 0.74
best of generation 40 / cbal. = 94.9048 / Wtd. con eff = 3.5928 / Wtd. HRF eff = 1.1132 / Pop var. = 0.42891 / time = 0.76
best of generation 41 / cbal. = 94.9048 / Wtd. con eff = 3.5928 / Wtd. HRF eff = 1.1132 / Pop var. = 0.40694 / time = 0.75
best of generation 42 / cbal. = 94.9048 / Wtd. con eff = 3.5928 / Wtd. HRF eff = 1.1132 / Pop var. = 0.39652 / time = 0.78
best of generation 43 / cbal. = 94.9048 / Wtd. con eff = 3.5928 / Wtd. HRF eff = 1.1132 / Pop var. = 0.48693 / time = 0.92
best of generation 44 / cbal. = 94.9048 / Wtd. con eff = 3.5928 / Wtd. HRF eff = 1.1132 / Pop var. = 0.45689 / time = 0.74
best of generation 45 / cbal. = 94.9048 / Wtd. con eff = 3.5928 / Wtd. HRF eff = 1.1132 / Pop var. = 0.43148 / time = 0.75
best of generation 46 / cbal. = 94.9048 / Wtd. con eff = 3.5928 / Wtd. HRF eff = 1.1132 / Pop var. = 0.43207 / time = 0.76
best of generation 47 / cbal. = 95.1555 / Wtd. con eff = 3.5263 / Wtd. HRF eff = 1.507 / Pop var. = 0.38528 / time = 0.76
best of generation 48 / cbal. = 95.1555 / Wtd. con eff = 3.5263 / Wtd. HRF eff = 1.507 / Pop var. = 0.46875 / time = 0.83
best of generation 49 / cbal. = 95.0245 / Wtd. con eff = 3.604 / Wtd. HRF eff = 1.411 / Pop var. = 0.45984 / time = 0.89
best of generation 50 / cbal. = 95.0245 / Wtd. con eff = 3.604 / Wtd. HRF eff = 1.411 / Pop var. = 0.46398 / time = 0.75
best of generation 51 / cbal. = 95.0245 / Wtd. con eff = 3.604 / Wtd. HRF eff = 1.411 / Pop var. = 0.41773 / time = 0.78
best of generation 52 / cbal. = 95.0245 / Wtd. con eff = 3.604 / Wtd. HRF eff = 1.411 / Pop var. = 0.37963 / time = 0.76
best of generation 53 / cbal. = 95.0245 / Wtd. con eff = 3.604 / Wtd. HRF eff = 1.411 / Pop var. = 0.45994 / time = 0.82
best of generation 54 / cbal. = 95.0245 / Wtd. con eff = 3.604 / Wtd. HRF eff = 1.411 / Pop var. = 0.43208 / time = 0.75
best of generation 55 / cbal. = 95.0245 / Wtd. con eff = 3.604 / Wtd. HRF eff = 1.411 / Pop var. = 0.41571 / time = 0.89
best of generation 56 / cbal. = 95.0245 / Wtd. con eff = 3.604 / Wtd. HRF eff = 1.411 / Pop var. = 0.40212 / time = 0.76
best of generation 57 / cbal. = 95.0245 / Wtd. con eff = 3.604 / Wtd. HRF eff = 1.411 / Pop var. = 0.38858 / time = 0.74
best of generation 58 / cbal. = 95.0245 / Wtd. con eff = 3.604 / Wtd. HRF eff = 1.411 / Pop var. = 0.45865 / time = 0.76
best of generation 59 / cbal. = 95.2223 / Wtd. con eff = 3.5384 / Wtd. HRF eff = 1.821 / Pop var. = 0.44236 / time = 0.77
best of generation 60 / cbal. = 95.2223 / Wtd. con eff = 3.5384 / Wtd. HRF eff = 1.821 / Pop var. = 0.3839 / time = 0.74
best of generation 61 / cbal. = 95.2223 / Wtd. con eff = 3.5384 / Wtd. HRF eff = 1.821 / Pop var. = 0.48851 / time = 0.75
best of generation 62 / cbal. = 95.2223 / Wtd. con eff = 3.5384 / Wtd. HRF eff = 1.821 / Pop var. = 0.42831 / time = 0.74
best of generation 63 / cbal. = 95.0895 / Wtd. con eff = 3.5855 / Wtd. HRF eff = 1.9005 / Pop var. = 0.41294 / time = 0.75
best of generation 64 / cbal. = 95.0895 / Wtd. con eff = 3.5855 / Wtd. HRF eff = 1.9005 / Pop var. = 0.3483 / time = 0.77
best of generation 65 / cbal. = 95.0895 / Wtd. con eff = 3.5855 / Wtd. HRF eff = 1.9005 / Pop var. = 0.45593 / time = 0.74
best of generation 66 / cbal. = 95.0895 / Wtd. con eff = 3.614 / Wtd. HRF eff = 1.5186 / Pop var. = 0.36596 / time = 0.73
best of generation 67 / cbal. = 95.0895 / Wtd. con eff = 3.614 / Wtd. HRF eff = 1.5186 / Pop var. = 0.43066 / time = 0.74
best of generation 68 / cbal. = 95.0895 / Wtd. con eff = 3.614 / Wtd. HRF eff = 1.5186 / Pop var. = 0.34721 / time = 0.73
best of generation 69 / cbal. = 95.0895 / Wtd. con eff = 3.614 / Wtd. HRF eff = 1.5186 / Pop var. = 0.45085 / time = 0.75
best of generation 70 / cbal. = 95.0895 / Wtd. con eff = 3.614 / Wtd. HRF eff = 1.5186 / Pop var. = 0.37913 / time = 0.73
best of generation 71 / cbal. = 95.0895 / Wtd. con eff = 3.614 / Wtd. HRF eff = 1.5186 / Pop var. = 0.46888 / time = 0.73
best of generation 72 / cbal. = 95.0895 / Wtd. con eff = 3.614 / Wtd. HRF eff = 1.5186 / Pop var. = 0.44563 / time = 0.73
best of generation 73 / cbal. = 95.0895 / Wtd. con eff = 3.614 / Wtd. HRF eff = 1.5186 / Pop var. = 0.44024 / time = 0.75
best of generation 74 / cbal. = 95.0895 / Wtd. con eff = 3.614 / Wtd. HRF eff = 1.5186 / Pop var. = 0.40132 / time = 0.74
best of generation 75 / cbal. = 95.0895 / Wtd. con eff = 3.614 / Wtd. HRF eff = 1.5186 / Pop var. = 0.38362 / time = 0.79
best of generation 76 / cbal. = 95.0895 / Wtd. con eff = 3.614 / Wtd. HRF eff = 1.5186 / Pop var. = 0.43952 / time = 0.74
best of generation 77 / cbal. = 95.0895 / Wtd. con eff = 3.5489 / Wtd. HRF eff = 2.1333 / Pop var. = 0.38651 / time = 0.74
best of generation 78 / cbal. = 95.0895 / Wtd. con eff = 3.614 / Wtd. HRF eff = 1.5186 / Pop var. = 0.4728 / time = 0.74
best of generation 79 / cbal. = 95.0895 / Wtd. con eff = 3.614 / Wtd. HRF eff = 1.5186 / Pop var. = 0.39065 / time = 0.73
best of generation 80 / cbal. = 95.0895 / Wtd. con eff = 3.614 / Wtd. HRF eff = 1.5186 / Pop var. = 0.46091 / time = 0.75
best of generation 81 / cbal. = 95.1555 / Wtd. con eff = 3.5994 / Wtd. HRF eff = 1.6221 / Pop var. = 0.3672 / time = 0.73
best of generation 82 / cbal. = 95.1555 / Wtd. con eff = 3.5994 / Wtd. HRF eff = 1.6221 / Pop var. = 0.4501 / time = 0.73
best of generation 83 / cbal. = 95.1555 / Wtd. con eff = 3.5994 / Wtd. HRF eff = 1.6221 / Pop var. = 0.42116 / time = 0.73
best of generation 84 / cbal. = 95.1555 / Wtd. con eff = 3.5994 / Wtd. HRF eff = 1.6221 / Pop var. = 0.37296 / time = 0.74
best of generation 85 / cbal. = 95.1555 / Wtd. con eff = 3.5994 / Wtd. HRF eff = 1.6221 / Pop var. = 0.44 / time = 0.73
best of generation 86 / cbal. = 95.1555 / Wtd. con eff = 3.5994 / Wtd. HRF eff = 1.6221 / Pop var. = 0.3772 / time = 0.79
best of generation 87 / cbal. = 95.1555 / Wtd. con eff = 3.5994 / Wtd. HRF eff = 1.6221 / Pop var. = 0.40892 / time = 0.74
best of generation 88 / cbal. = 95.1555 / Wtd. con eff = 3.5994 / Wtd. HRF eff = 1.6221 / Pop var. = 0.364 / time = 0.73
best of generation 89 / cbal. = 95.1555 / Wtd. con eff = 3.5994 / Wtd. HRF eff = 1.6221 / Pop var. = 0.46302 / time = 0.74
best of generation 90 / cbal. = 95.1555 / Wtd. con eff = 3.5994 / Wtd. HRF eff = 1.6221 / Pop var. = 0.38113 / time = 0.74
best of generation 91 / cbal. = 95.1555 / Wtd. con eff = 3.5994 / Wtd. HRF eff = 1.6221 / Pop var. = 0.44762 / time = 0.79
best of generation 92 / cbal. = 95.1555 / Wtd. con eff = 3.5994 / Wtd. HRF eff = 1.6221 / Pop var. = 0.37998 / time = 0.73
best of generation 93 / cbal. = 95.1555 / Wtd. con eff = 3.5994 / Wtd. HRF eff = 1.6221 / Pop var. = 0.47988 / time = 0.74
best of generation 94 / cbal. = 95.1555 / Wtd. con eff = 3.5994 / Wtd. HRF eff = 1.6221 / Pop var. = 0.42714 / time = 0.74
best of generation 95 / cbal. = 94.9048 / Wtd. con eff = 3.6287 / Wtd. HRF eff = 1.8575 / Pop var. = 0.38719 / time = 0.74
best of generation 96 / cbal. = 94.9048 / Wtd. con eff = 3.6287 / Wtd. HRF eff = 1.8575 / Pop var. = 0.41512 / time = 0.73
best of generation 97 / cbal. = 94.9048 / Wtd. con eff = 3.6287 / Wtd. HRF eff = 1.8575 / Pop var. = 0.34081 / time = 0.75
best of generation 98 / cbal. = 94.9048 / Wtd. con eff = 3.6287 / Wtd. HRF eff = 1.8575 / Pop var. = 0.44081 / time = 0.74
best of generation 99 / cbal. = 94.9048 / Wtd. con eff = 3.6287 / Wtd. HRF eff = 1.8575 / Pop var. = 0.36728 / time = 0.74
best of generation 100 / cbal. = 94.9048 / Wtd. con eff = 3.6287 / Wtd. HRF eff = 1.8575 / Pop var. = 0.39934 / time = 0.74
best of generation 101 / cbal. = 94.9048 / Wtd. con eff = 3.6287 / Wtd. HRF eff = 1.8575 / Pop var. = 0.43688 / time = 0.73
best of generation 102 / cbal. = 94.9048 / Wtd. con eff = 3.6287 / Wtd. HRF eff = 1.8575 / Pop var. = 0.34492 / time = 0.79
best of generation 103 / cbal. = 94.9048 / Wtd. con eff = 3.6287 / Wtd. HRF eff = 1.8575 / Pop var. = 0.41659 / time = 0.73
best of generation 104 / cbal. = 94.9048 / Wtd. con eff = 3.6287 / Wtd. HRF eff = 1.8575 / Pop var. = 0.3895 / time = 0.74
best of generation 105 / cbal. = 94.9048 / Wtd. con eff = 3.6287 / Wtd. HRF eff = 1.8575 / Pop var. = 0.45601 / time = 0.75
best of generation 106 / cbal. = 94.9048 / Wtd. con eff = 3.6287 / Wtd. HRF eff = 1.8575 / Pop var. = 0.42664 / time = 0.74
best of generation 107 / cbal. = 94.9048 / Wtd. con eff = 3.6287 / Wtd. HRF eff = 1.8575 / Pop var. = 0.39491 / time = 0.74
best of generation 108 / cbal. = 94.9048 / Wtd. con eff = 3.6287 / Wtd. HRF eff = 1.8575 / Pop var. = 0.48668 / time = 0.75
best of generation 109 / cbal. = 94.9048 / Wtd. con eff = 3.6287 / Wtd. HRF eff = 1.8575 / Pop var. = 0.42233 / time = 0.74
best of generation 110 / cbal. = 94.9048 / Wtd. con eff = 3.6287 / Wtd. HRF eff = 1.8575 / Pop var. = 0.36168 / time = 0.76
best of generation 111 / cbal. = 94.9048 / Wtd. con eff = 3.6287 / Wtd. HRF eff = 1.8575 / Pop var. = 0.38639 / time = 0.74
best of generation 112 / cbal. = 94.9048 / Wtd. con eff = 3.6287 / Wtd. HRF eff = 1.8575 / Pop var. = 0.45571 / time = 0.74
best of generation 113 / cbal. = 94.9048 / Wtd. con eff = 3.6287 / Wtd. HRF eff = 1.8575 / Pop var. = 0.41945 / time = 0.79
best of generation 114 / cbal. = 94.9048 / Wtd. con eff = 3.6287 / Wtd. HRF eff = 1.8575 / Pop var. = 0.40743 / time = 0.74
best of generation 115 / cbal. = 94.9048 / Wtd. con eff = 3.6287 / Wtd. HRF eff = 1.8575 / Pop var. = 0.38536 / time = 0.74
best of generation 116 / cbal. = 94.9048 / Wtd. con eff = 3.6287 / Wtd. HRF eff = 1.8575 / Pop var. = 0.42916 / time = 0.74
best of generation 117 / cbal. = 94.9048 / Wtd. con eff = 3.6287 / Wtd. HRF eff = 1.8575 / Pop var. = 0.38142 / time = 0.74
best of generation 118 / cbal. = 94.9048 / Wtd. con eff = 3.6287 / Wtd. HRF eff = 1.8575 / Pop var. = 0.40548 / time = 0.73
best of generation 119 / cbal. = 94.9048 / Wtd. con eff = 3.6287 / Wtd. HRF eff = 1.8575 / Pop var. = 0.38332 / time = 0.77
best of generation 120 / cbal. = 94.9048 / Wtd. con eff = 3.6287 / Wtd. HRF eff = 1.8575 / Pop var. = 0.46155 / time = 0.74
best of generation 121 / cbal. = 94.9048 / Wtd. con eff = 3.6287 / Wtd. HRF eff = 1.8575 / Pop var. = 0.39006 / time = 0.74
best of generation 122 / cbal. = 94.9048 / Wtd. con eff = 3.6287 / Wtd. HRF eff = 1.8575 / Pop var. = 0.43685 / time = 0.75
best of generation 123 / cbal. = 94.9048 / Wtd. con eff = 3.6287 / Wtd. HRF eff = 1.8575 / Pop var. = 0.3903 / time = 0.74
best of generation 124 / cbal. = 94.9048 / Wtd. con eff = 3.6287 / Wtd. HRF eff = 1.8575 / Pop var. = 0.48031 / time = 0.78
best of generation 125 / cbal. = 94.9048 / Wtd. con eff = 3.6287 / Wtd. HRF eff = 1.8575 / Pop var. = 0.43917 / time = 0.74
best of generation 126 / cbal. = 94.9048 / Wtd. con eff = 3.6287 / Wtd. HRF eff = 1.8575 / Pop var. = 0.3769 / time = 0.75
best of generation 127 / cbal. = 94.9048 / Wtd. con eff = 3.6287 / Wtd. HRF eff = 1.8575 / Pop var. = 0.44748 / time = 0.74
best of generation 128 / cbal. = 94.9048 / Wtd. con eff = 3.6287 / Wtd. HRF eff = 1.8575 / Pop var. = 0.41447 / time = 0.74
best of generation 129 / cbal. = 94.9048 / Wtd. con eff = 3.6287 / Wtd. HRF eff = 1.8575 / Pop var. = 0.39902 / time = 0.73
best of generation 130 / cbal. = 94.9048 / Wtd. con eff = 3.6287 / Wtd. HRF eff = 1.8575 / Pop var. = 0.453 / time = 0.76
best of generation 131 / cbal. = 94.9048 / Wtd. con eff = 3.6287 / Wtd. HRF eff = 1.8575 / Pop var. = 0.42878 / time = 0.74
best of generation 132 / cbal. = 94.9048 / Wtd. con eff = 3.6287 / Wtd. HRF eff = 1.8575 / Pop var. = 0.40289 / time = 0.76
best of generation 133 / cbal. = 94.9048 / Wtd. con eff = 3.6287 / Wtd. HRF eff = 1.8575 / Pop var. = 0.36961 / time = 0.73
best of generation 134 / cbal. = 94.9048 / Wtd. con eff = 3.6287 / Wtd. HRF eff = 1.8575 / Pop var. = 0.45752 / time = 0.75
best of generation 135 / cbal. = 94.9048 / Wtd. con eff = 3.6287 / Wtd. HRF eff = 1.8575 / Pop var. = 0.44228 / time = 0.8
best of generation 136 / cbal. = 94.9048 / Wtd. con eff = 3.6287 / Wtd. HRF eff = 1.8575 / Pop var. = 0.41006 / time = 0.75
best of generation 137 / cbal. = 94.9048 / Wtd. con eff = 3.6287 / Wtd. HRF eff = 1.8575 / Pop var. = 0.37318 / time = 0.74
best of generation 138 / cbal. = 94.9048 / Wtd. con eff = 3.6287 / Wtd. HRF eff = 1.8575 / Pop var. = 0.4391 / time = 0.73
best of generation 139 / cbal. = 94.9048 / Wtd. con eff = 3.6287 / Wtd. HRF eff = 1.8575 / Pop var. = 0.35428 / time = 0.73
best of generation 140 / cbal. = 94.9048 / Wtd. con eff = 3.6287 / Wtd. HRF eff = 1.8575 / Pop var. = 0.44664 / time = 0.75
best of generation 141 / cbal. = 94.9048 / Wtd. con eff = 3.6287 / Wtd. HRF eff = 1.8575 / Pop var. = 0.42852 / time = 0.74
best of generation 142 / cbal. = 94.9048 / Wtd. con eff = 3.6287 / Wtd. HRF eff = 1.8575 / Pop var. = 0.40316 / time = 0.73
best of generation 143 / cbal. = 94.9048 / Wtd. con eff = 3.6287 / Wtd. HRF eff = 1.8575 / Pop var. = 0.36914 / time = 0.74
best of generation 144 / cbal. = 94.9048 / Wtd. con eff = 3.6287 / Wtd. HRF eff = 1.8575 / Pop var. = 0.42488 / time = 0.73
best of generation 145 / cbal. = 94.9048 / Wtd. con eff = 3.6287 / Wtd. HRF eff = 1.8575 / Pop var. = 0.35521 / time = 0.79
best of generation 146 / cbal. = 94.9048 / Wtd. con eff = 3.6287 / Wtd. HRF eff = 1.8575 / Pop var. = 0.43036 / time = 0.79
best of generation 147 / cbal. = 94.9048 / Wtd. con eff = 3.6287 / Wtd. HRF eff = 1.8575 / Pop var. = 0.39831 / time = 0.75
best of generation 148 / cbal. = 94.9048 / Wtd. con eff = 3.6287 / Wtd. HRF eff = 1.8575 / Pop var. = 0.45634 / time = 0.73
best of generation 149 / cbal. = 94.9048 / Wtd. con eff = 3.6287 / Wtd. HRF eff = 1.8575 / Pop var. = 0.33007 / time = 0.74
best of generation 150 / cbal. = 94.9048 / Wtd. con eff = 3.6287 / Wtd. HRF eff = 1.8575 / Pop var. = 0.41384 / time = 0.77
best of generation 151 / cbal. = 94.9048 / Wtd. con eff = 3.6287 / Wtd. HRF eff = 1.8575 / Pop var. = 0.36242 / time = 0.76
best of generation 152 / cbal. = 94.9048 / Wtd. con eff = 3.6287 / Wtd. HRF eff = 1.8575 / Pop var. = 0.42428 / time = 0.76
best of generation 153 / cbal. = 94.9048 / Wtd. con eff = 3.6287 / Wtd. HRF eff = 1.8575 / Pop var. = 0.35481 / time = 0.73
best of generation 154 / cbal. = 94.9048 / Wtd. con eff = 3.6287 / Wtd. HRF eff = 1.8575 / Pop var. = 0.43143 / time = 0.74
best of generation 155 / cbal. = 94.9048 / Wtd. con eff = 3.6287 / Wtd. HRF eff = 1.8575 / Pop var. = 0.41191 / time = 0.73
saving workspace as GAresults.mat
M = 
     origlist: [49x1 double]
     restlist: [20x1 double]
     stimlist: [60x1 double]
           ga: [1x1 struct]
    bestLists: [60x155 uint8]
         date: '11-9-2014'
optimizeGA done: 120.24 s
