Starting Model 63
OptimizeGA
===============================
Saturation threshold = 
Setting up variables
You entered 2 conditions  (event types) that will each be modeled with a regessor. 
 Note that if you enter 0 as a condition number, those events will not be modeled
 (they are assumed to be rest/inter-stimulus interval periods)

Contrasts entered. You entered matrix of 3 contrasts, with weights across 4 conditions.
 Contrasts:
     1     1    -1    -1
     1     0    -1     0
     0     1     0    -1
 ...adding one column to contrast matrix with weights of 0, to model the intercept
You entered a contrast weight vector across 3 contrasts
 	...Using rests of length 1 and resting every 4
================== Parameters ======================
     Total stimuli in scan      : 60
     Fixed rest length in ITIs  : 1
     Fixed Rest stimuli in scan : 11
     Num blank intervals        : 9
     Num of task conds          : 2
     Num stimuli each cond      : 20  20
====================================================
	...generating lists of organisms
	...USING TRANS2BLOCK >
     freqConditions = 0.2         0.2         0.2         0.2
     conditions = 1  2  3  4
REST INTERVALS: not used (to use, freqCond should be one longer than conditions
  ...randomizing organism start state
	...restMatrix is 20 X 40
ans =
     4     4     4     4     4     4     4     4     4     4
     4     4     4     4     4     4     4     4     4     4
     4     4     4     4     4     4     4     4     4     4
     4     4     4     4     4     4     4     4     4     4
     4     4     4     4     4     4     4     4     4     4
======== Num stimuli, averaged across lists (before instruction/rest stimuli) ========
		Condition 0: 9 stimuli, 15% of total stimuli
		Condition 1: 20 stimuli, 33.3333% of total stimuli
		Condition 2: 20 stimuli, 33.3333% of total stimuli
		Condition 3: 0 stimuli, 0% of total stimuli
		Condition 4: 0 stimuli, 0% of total stimuli
======================================================================================
best of generation 1 / cbal. = 94.6885 / Wtd. con eff = 2.6652 / Wtd. HRF eff = 0.72545 / Pop var. = 0.86399 / time = 0.74
best of generation 2 / cbal. = 94.6181 / Wtd. con eff = 2.6881 / Wtd. HRF eff = 0.58076 / Pop var. = 0.84211 / time = 0.74
best of generation 3 / cbal. = 94.992 / Wtd. con eff = 2.876 / Wtd. HRF eff = 0.5402 / Pop var. = 0.82534 / time = 0.73
best of generation 4 / cbal. = 94.8066 / Wtd. con eff = 2.8603 / Wtd. HRF eff = 0.5754 / Pop var. = 0.80556 / time = 0.75
best of generation 5 / cbal. = 94.7571 / Wtd. con eff = 2.9939 / Wtd. HRF eff = 0.61464 / Pop var. = 0.79519 / time = 0.73
best of generation 6 / cbal. = 94.7571 / Wtd. con eff = 2.9939 / Wtd. HRF eff = 0.61464 / Pop var. = 0.79022 / time = 0.72
best of generation 7 / cbal. = 94.7571 / Wtd. con eff = 2.9939 / Wtd. HRF eff = 0.61464 / Pop var. = 0.76013 / time = 0.72
best of generation 8 / cbal. = 95.3303 / Wtd. con eff = 3.0421 / Wtd. HRF eff = 0.6645 / Pop var. = 0.73856 / time = 0.72
best of generation 9 / cbal. = 94.6778 / Wtd. con eff = 3.2334 / Wtd. HRF eff = 0.63918 / Pop var. = 0.7408 / time = 0.74
best of generation 10 / cbal. = 94.7494 / Wtd. con eff = 3.4375 / Wtd. HRF eff = 0.96997 / Pop var. = 0.71843 / time = 0.72
best of generation 11 / cbal. = 94.7494 / Wtd. con eff = 3.4375 / Wtd. HRF eff = 0.96997 / Pop var. = 0.70754 / time = 0.73
best of generation 12 / cbal. = 94.7494 / Wtd. con eff = 3.4375 / Wtd. HRF eff = 0.96997 / Pop var. = 0.68662 / time = 0.72
best of generation 13 / cbal. = 94.7494 / Wtd. con eff = 3.4375 / Wtd. HRF eff = 0.96997 / Pop var. = 0.64677 / time = 0.73
best of generation 14 / cbal. = 94.7494 / Wtd. con eff = 3.4375 / Wtd. HRF eff = 0.96997 / Pop var. = 0.5987 / time = 0.73
best of generation 15 / cbal. = 94.7494 / Wtd. con eff = 3.4375 / Wtd. HRF eff = 0.96997 / Pop var. = 0.55482 / time = 0.77
best of generation 16 / cbal. = 95.3849 / Wtd. con eff = 3.388 / Wtd. HRF eff = 0.85491 / Pop var. = 0.46662 / time = 0.73
best of generation 17 / cbal. = 94.7494 / Wtd. con eff = 3.4375 / Wtd. HRF eff = 0.96997 / Pop var. = 0.39151 / time = 0.73
best of generation 18 / cbal. = 95.5624 / Wtd. con eff = 3.3868 / Wtd. HRF eff = 0.81382 / Pop var. = 0.44993 / time = 0.73
best of generation 19 / cbal. = 94.9444 / Wtd. con eff = 3.4978 / Wtd. HRF eff = 1.2659 / Pop var. = 0.41462 / time = 0.73
best of generation 20 / cbal. = 95.1224 / Wtd. con eff = 3.4328 / Wtd. HRF eff = 1.0118 / Pop var. = 0.43244 / time = 0.75
best of generation 21 / cbal. = 95.065 / Wtd. con eff = 3.4888 / Wtd. HRF eff = 1.2795 / Pop var. = 0.42218 / time = 0.75
best of generation 22 / cbal. = 95.065 / Wtd. con eff = 3.4888 / Wtd. HRF eff = 1.2795 / Pop var. = 0.45263 / time = 0.73
best of generation 23 / cbal. = 95.0407 / Wtd. con eff = 3.5181 / Wtd. HRF eff = 1.0439 / Pop var. = 0.41684 / time = 0.74
best of generation 24 / cbal. = 94.9364 / Wtd. con eff = 3.5107 / Wtd. HRF eff = 1.2799 / Pop var. = 0.37465 / time = 0.73
best of generation 25 / cbal. = 95.1389 / Wtd. con eff = 3.5113 / Wtd. HRF eff = 1.2112 / Pop var. = 0.46105 / time = 0.73
best of generation 26 / cbal. = 95.1389 / Wtd. con eff = 3.5113 / Wtd. HRF eff = 1.2112 / Pop var. = 0.47735 / time = 0.79
best of generation 27 / cbal. = 95.0003 / Wtd. con eff = 3.578 / Wtd. HRF eff = 1.04 / Pop var. = 0.46775 / time = 0.73
best of generation 28 / cbal. = 95.0003 / Wtd. con eff = 3.578 / Wtd. HRF eff = 1.04 / Pop var. = 0.46851 / time = 0.73
best of generation 29 / cbal. = 95.0003 / Wtd. con eff = 3.578 / Wtd. HRF eff = 1.04 / Pop var. = 0.43298 / time = 0.72
best of generation 30 / cbal. = 95.0003 / Wtd. con eff = 3.578 / Wtd. HRF eff = 1.04 / Pop var. = 0.34994 / time = 0.73
best of generation 31 / cbal. = 95.0003 / Wtd. con eff = 3.5814 / Wtd. HRF eff = 1.1461 / Pop var. = 0.46297 / time = 0.74
best of generation 32 / cbal. = 94.7037 / Wtd. con eff = 3.6314 / Wtd. HRF eff = 1.3548 / Pop var. = 0.43483 / time = 0.75
best of generation 33 / cbal. = 94.7037 / Wtd. con eff = 3.6314 / Wtd. HRF eff = 1.3548 / Pop var. = 0.42747 / time = 0.73
best of generation 34 / cbal. = 94.7037 / Wtd. con eff = 3.6314 / Wtd. HRF eff = 1.3548 / Pop var. = 0.4018 / time = 0.73
best of generation 35 / cbal. = 94.7037 / Wtd. con eff = 3.6314 / Wtd. HRF eff = 1.3548 / Pop var. = 0.36655 / time = 0.73
best of generation 36 / cbal. = 94.811 / Wtd. con eff = 3.6489 / Wtd. HRF eff = 1.1675 / Pop var. = 0.4495 / time = 0.73
best of generation 37 / cbal. = 94.811 / Wtd. con eff = 3.6489 / Wtd. HRF eff = 1.1675 / Pop var. = 0.42801 / time = 0.74
best of generation 38 / cbal. = 94.811 / Wtd. con eff = 3.6489 / Wtd. HRF eff = 1.1675 / Pop var. = 0.40385 / time = 0.74
best of generation 39 / cbal. = 94.811 / Wtd. con eff = 3.6489 / Wtd. HRF eff = 1.1675 / Pop var. = 0.39582 / time = 0.74
best of generation 40 / cbal. = 94.811 / Wtd. con eff = 3.6489 / Wtd. HRF eff = 1.1675 / Pop var. = 0.48137 / time = 0.73
best of generation 41 / cbal. = 94.811 / Wtd. con eff = 3.6489 / Wtd. HRF eff = 1.1675 / Pop var. = 0.45657 / time = 0.73
best of generation 42 / cbal. = 94.811 / Wtd. con eff = 3.6489 / Wtd. HRF eff = 1.1675 / Pop var. = 0.44883 / time = 0.77
best of generation 43 / cbal. = 94.811 / Wtd. con eff = 3.6489 / Wtd. HRF eff = 1.1675 / Pop var. = 0.41406 / time = 0.75
best of generation 44 / cbal. = 94.811 / Wtd. con eff = 3.6489 / Wtd. HRF eff = 1.1675 / Pop var. = 0.36893 / time = 0.73
best of generation 45 / cbal. = 94.811 / Wtd. con eff = 3.6489 / Wtd. HRF eff = 1.1675 / Pop var. = 0.42456 / time = 0.73
best of generation 46 / cbal. = 94.811 / Wtd. con eff = 3.6489 / Wtd. HRF eff = 1.1675 / Pop var. = 0.35885 / time = 0.73
best of generation 47 / cbal. = 94.811 / Wtd. con eff = 3.6489 / Wtd. HRF eff = 1.1675 / Pop var. = 0.44395 / time = 0.73
best of generation 48 / cbal. = 94.811 / Wtd. con eff = 3.6489 / Wtd. HRF eff = 1.1675 / Pop var. = 0.38924 / time = 0.75
best of generation 49 / cbal. = 94.811 / Wtd. con eff = 3.6489 / Wtd. HRF eff = 1.1675 / Pop var. = 0.42838 / time = 0.73
best of generation 50 / cbal. = 94.811 / Wtd. con eff = 3.6489 / Wtd. HRF eff = 1.1675 / Pop var. = 0.34736 / time = 0.73
best of generation 51 / cbal. = 94.811 / Wtd. con eff = 3.6489 / Wtd. HRF eff = 1.1675 / Pop var. = 0.43199 / time = 0.73
best of generation 52 / cbal. = 94.811 / Wtd. con eff = 3.6489 / Wtd. HRF eff = 1.1675 / Pop var. = 0.39302 / time = 0.73
best of generation 53 / cbal. = 94.811 / Wtd. con eff = 3.6489 / Wtd. HRF eff = 1.1675 / Pop var. = 0.42505 / time = 0.76
best of generation 54 / cbal. = 94.811 / Wtd. con eff = 3.6489 / Wtd. HRF eff = 1.1675 / Pop var. = 0.33841 / time = 0.76
best of generation 55 / cbal. = 95.0326 / Wtd. con eff = 3.5923 / Wtd. HRF eff = 1.2457 / Pop var. = 0.42018 / time = 0.74
best of generation 56 / cbal. = 95.0326 / Wtd. con eff = 3.5923 / Wtd. HRF eff = 1.2457 / Pop var. = 0.39174 / time = 0.73
best of generation 57 / cbal. = 94.8499 / Wtd. con eff = 3.6268 / Wtd. HRF eff = 1.5042 / Pop var. = 0.47747 / time = 0.74
best of generation 58 / cbal. = 94.8499 / Wtd. con eff = 3.6268 / Wtd. HRF eff = 1.5042 / Pop var. = 0.43137 / time = 0.73
best of generation 59 / cbal. = 94.8499 / Wtd. con eff = 3.6268 / Wtd. HRF eff = 1.5042 / Pop var. = 0.33804 / time = 0.75
best of generation 60 / cbal. = 94.8499 / Wtd. con eff = 3.6268 / Wtd. HRF eff = 1.5042 / Pop var. = 0.45905 / time = 0.74
best of generation 61 / cbal. = 94.8499 / Wtd. con eff = 3.6268 / Wtd. HRF eff = 1.5042 / Pop var. = 0.46267 / time = 0.72
best of generation 62 / cbal. = 94.8499 / Wtd. con eff = 3.6268 / Wtd. HRF eff = 1.5042 / Pop var. = 0.40864 / time = 0.74
best of generation 63 / cbal. = 94.6358 / Wtd. con eff = 3.6704 / Wtd. HRF eff = 1.551 / Pop var. = 0.39084 / time = 0.74
best of generation 64 / cbal. = 94.6358 / Wtd. con eff = 3.6704 / Wtd. HRF eff = 1.551 / Pop var. = 0.49128 / time = 0.76
best of generation 65 / cbal. = 94.6358 / Wtd. con eff = 3.6704 / Wtd. HRF eff = 1.551 / Pop var. = 0.48548 / time = 0.75
best of generation 66 / cbal. = 94.6358 / Wtd. con eff = 3.6704 / Wtd. HRF eff = 1.551 / Pop var. = 0.42942 / time = 0.74
best of generation 67 / cbal. = 94.8421 / Wtd. con eff = 3.6664 / Wtd. HRF eff = 1.3852 / Pop var. = 0.34851 / time = 0.73
best of generation 68 / cbal. = 94.8421 / Wtd. con eff = 3.6664 / Wtd. HRF eff = 1.3852 / Pop var. = 0.42126 / time = 0.74
best of generation 69 / cbal. = 94.8421 / Wtd. con eff = 3.6664 / Wtd. HRF eff = 1.3852 / Pop var. = 0.43256 / time = 0.74
best of generation 70 / cbal. = 94.8421 / Wtd. con eff = 3.6664 / Wtd. HRF eff = 1.3852 / Pop var. = 0.4066 / time = 0.74
best of generation 71 / cbal. = 94.8421 / Wtd. con eff = 3.6664 / Wtd. HRF eff = 1.3852 / Pop var. = 0.40696 / time = 0.73
best of generation 72 / cbal. = 94.8421 / Wtd. con eff = 3.6664 / Wtd. HRF eff = 1.3852 / Pop var. = 0.37902 / time = 0.74
best of generation 73 / cbal. = 94.8421 / Wtd. con eff = 3.6664 / Wtd. HRF eff = 1.3852 / Pop var. = 0.42715 / time = 0.73
best of generation 74 / cbal. = 94.8421 / Wtd. con eff = 3.6664 / Wtd. HRF eff = 1.3852 / Pop var. = 0.39499 / time = 0.74
best of generation 75 / cbal. = 94.8421 / Wtd. con eff = 3.6664 / Wtd. HRF eff = 1.3852 / Pop var. = 0.47217 / time = 0.77
best of generation 76 / cbal. = 94.8421 / Wtd. con eff = 3.6664 / Wtd. HRF eff = 1.3852 / Pop var. = 0.46195 / time = 0.75
best of generation 77 / cbal. = 94.8421 / Wtd. con eff = 3.6664 / Wtd. HRF eff = 1.3852 / Pop var. = 0.39522 / time = 0.74
best of generation 78 / cbal. = 94.8421 / Wtd. con eff = 3.6664 / Wtd. HRF eff = 1.3852 / Pop var. = 0.43279 / time = 0.74
best of generation 79 / cbal. = 94.8421 / Wtd. con eff = 3.6664 / Wtd. HRF eff = 1.3852 / Pop var. = 0.39009 / time = 0.74
best of generation 80 / cbal. = 94.8421 / Wtd. con eff = 3.6664 / Wtd. HRF eff = 1.3852 / Pop var. = 0.44662 / time = 0.73
best of generation 81 / cbal. = 94.8421 / Wtd. con eff = 3.6664 / Wtd. HRF eff = 1.3852 / Pop var. = 0.39566 / time = 0.77
best of generation 82 / cbal. = 94.8421 / Wtd. con eff = 3.6664 / Wtd. HRF eff = 1.3852 / Pop var. = 0.42673 / time = 0.73
best of generation 83 / cbal. = 94.8421 / Wtd. con eff = 3.6664 / Wtd. HRF eff = 1.3852 / Pop var. = 0.35767 / time = 0.74
best of generation 84 / cbal. = 94.8421 / Wtd. con eff = 3.6664 / Wtd. HRF eff = 1.3852 / Pop var. = 0.43217 / time = 0.73
best of generation 85 / cbal. = 94.8421 / Wtd. con eff = 3.6664 / Wtd. HRF eff = 1.3852 / Pop var. = 0.32011 / time = 0.74
best of generation 86 / cbal. = 94.5762 / Wtd. con eff = 3.6725 / Wtd. HRF eff = 1.9007 / Pop var. = 0.37143 / time = 0.75
best of generation 87 / cbal. = 94.5762 / Wtd. con eff = 3.6725 / Wtd. HRF eff = 1.9007 / Pop var. = 0.40442 / time = 0.78
best of generation 88 / cbal. = 94.5762 / Wtd. con eff = 3.6725 / Wtd. HRF eff = 1.9007 / Pop var. = 0.35245 / time = 0.74
best of generation 89 / cbal. = 94.5762 / Wtd. con eff = 3.6725 / Wtd. HRF eff = 1.9007 / Pop var. = 0.40131 / time = 0.73
best of generation 90 / cbal. = 94.5762 / Wtd. con eff = 3.6725 / Wtd. HRF eff = 1.9007 / Pop var. = 0.37125 / time = 0.74
best of generation 91 / cbal. = 94.5762 / Wtd. con eff = 3.6725 / Wtd. HRF eff = 1.9007 / Pop var. = 0.44267 / time = 0.73
best of generation 92 / cbal. = 94.5762 / Wtd. con eff = 3.6725 / Wtd. HRF eff = 1.9007 / Pop var. = 0.36019 / time = 0.76
best of generation 93 / cbal. = 94.5762 / Wtd. con eff = 3.6725 / Wtd. HRF eff = 1.9007 / Pop var. = 0.45396 / time = 0.76
best of generation 94 / cbal. = 94.5762 / Wtd. con eff = 3.6725 / Wtd. HRF eff = 1.9007 / Pop var. = 0.40461 / time = 0.74
best of generation 95 / cbal. = 94.5762 / Wtd. con eff = 3.6725 / Wtd. HRF eff = 1.9007 / Pop var. = 0.35327 / time = 0.74
best of generation 96 / cbal. = 94.5762 / Wtd. con eff = 3.6725 / Wtd. HRF eff = 1.9007 / Pop var. = 0.43379 / time = 0.74
best of generation 97 / cbal. = 94.5762 / Wtd. con eff = 3.6725 / Wtd. HRF eff = 1.9007 / Pop var. = 0.34206 / time = 0.75
best of generation 98 / cbal. = 94.5762 / Wtd. con eff = 3.6725 / Wtd. HRF eff = 1.9007 / Pop var. = 0.38326 / time = 0.74
best of generation 99 / cbal. = 94.5762 / Wtd. con eff = 3.6725 / Wtd. HRF eff = 1.9007 / Pop var. = 0.43939 / time = 0.74
best of generation 100 / cbal. = 94.7189 / Wtd. con eff = 3.6257 / Wtd. HRF eff = 2.6745 / Pop var. = 0.38596 / time = 0.73
best of generation 101 / cbal. = 94.7189 / Wtd. con eff = 3.6257 / Wtd. HRF eff = 2.6745 / Pop var. = 0.40026 / time = 0.72
best of generation 102 / cbal. = 94.7189 / Wtd. con eff = 3.6257 / Wtd. HRF eff = 2.6745 / Pop var. = 0.35679 / time = 0.73
best of generation 103 / cbal. = 94.7189 / Wtd. con eff = 3.6257 / Wtd. HRF eff = 2.6745 / Pop var. = 0.465 / time = 0.78
best of generation 104 / cbal. = 94.7189 / Wtd. con eff = 3.6257 / Wtd. HRF eff = 2.6745 / Pop var. = 0.40152 / time = 0.74
best of generation 105 / cbal. = 94.7189 / Wtd. con eff = 3.6257 / Wtd. HRF eff = 2.6745 / Pop var. = 0.33221 / time = 0.74
best of generation 106 / cbal. = 94.7189 / Wtd. con eff = 3.6257 / Wtd. HRF eff = 2.6745 / Pop var. = 0.38163 / time = 0.73
best of generation 107 / cbal. = 94.7189 / Wtd. con eff = 3.6257 / Wtd. HRF eff = 2.6745 / Pop var. = 0.45137 / time = 0.73
best of generation 108 / cbal. = 94.7189 / Wtd. con eff = 3.6257 / Wtd. HRF eff = 2.6745 / Pop var. = 0.38547 / time = 0.74
best of generation 109 / cbal. = 94.7189 / Wtd. con eff = 3.6257 / Wtd. HRF eff = 2.6745 / Pop var. = 0.42749 / time = 0.73
best of generation 110 / cbal. = 94.7189 / Wtd. con eff = 3.6257 / Wtd. HRF eff = 2.6745 / Pop var. = 0.36082 / time = 0.74
best of generation 111 / cbal. = 94.7189 / Wtd. con eff = 3.6257 / Wtd. HRF eff = 2.6745 / Pop var. = 0.43833 / time = 0.75
best of generation 112 / cbal. = 94.7189 / Wtd. con eff = 3.6257 / Wtd. HRF eff = 2.6745 / Pop var. = 0.39574 / time = 0.75
best of generation 113 / cbal. = 94.7189 / Wtd. con eff = 3.6257 / Wtd. HRF eff = 2.6745 / Pop var. = 0.40711 / time = 0.73
best of generation 114 / cbal. = 94.5688 / Wtd. con eff = 3.6418 / Wtd. HRF eff = 3.0775 / Pop var. = 0.40693 / time = 0.77
best of generation 115 / cbal. = 94.5688 / Wtd. con eff = 3.6418 / Wtd. HRF eff = 3.0775 / Pop var. = 0.35216 / time = 0.73
best of generation 116 / cbal. = 94.5688 / Wtd. con eff = 3.6418 / Wtd. HRF eff = 3.0775 / Pop var. = 0.44187 / time = 0.73
best of generation 117 / cbal. = 94.5688 / Wtd. con eff = 3.6418 / Wtd. HRF eff = 3.0775 / Pop var. = 0.40464 / time = 0.73
best of generation 118 / cbal. = 94.5688 / Wtd. con eff = 3.6418 / Wtd. HRF eff = 3.0775 / Pop var. = 0.39664 / time = 0.74
best of generation 119 / cbal. = 94.5688 / Wtd. con eff = 3.6418 / Wtd. HRF eff = 3.0775 / Pop var. = 0.45999 / time = 0.76
best of generation 120 / cbal. = 94.5688 / Wtd. con eff = 3.6418 / Wtd. HRF eff = 3.0775 / Pop var. = 0.44251 / time = 0.76
best of generation 121 / cbal. = 94.5688 / Wtd. con eff = 3.6418 / Wtd. HRF eff = 3.0775 / Pop var. = 0.42267 / time = 0.74
best of generation 122 / cbal. = 94.5688 / Wtd. con eff = 3.6418 / Wtd. HRF eff = 3.0775 / Pop var. = 0.38005 / time = 0.73
best of generation 123 / cbal. = 94.5688 / Wtd. con eff = 3.6418 / Wtd. HRF eff = 3.0775 / Pop var. = 0.46756 / time = 0.73
best of generation 124 / cbal. = 94.5688 / Wtd. con eff = 3.6418 / Wtd. HRF eff = 3.0775 / Pop var. = 0.38843 / time = 0.74
best of generation 125 / cbal. = 94.5688 / Wtd. con eff = 3.6418 / Wtd. HRF eff = 3.0775 / Pop var. = 0.44873 / time = 0.76
best of generation 126 / cbal. = 94.5688 / Wtd. con eff = 3.6418 / Wtd. HRF eff = 3.0775 / Pop var. = 0.41955 / time = 0.74
best of generation 127 / cbal. = 94.5688 / Wtd. con eff = 3.6418 / Wtd. HRF eff = 3.0775 / Pop var. = 0.37483 / time = 0.74
best of generation 128 / cbal. = 94.5688 / Wtd. con eff = 3.6418 / Wtd. HRF eff = 3.0775 / Pop var. = 0.48658 / time = 0.74
best of generation 129 / cbal. = 94.5688 / Wtd. con eff = 3.6418 / Wtd. HRF eff = 3.0775 / Pop var. = 0.44319 / time = 0.73
best of generation 130 / cbal. = 94.5688 / Wtd. con eff = 3.6418 / Wtd. HRF eff = 3.0775 / Pop var. = 0.40201 / time = 0.75
best of generation 131 / cbal. = 94.5688 / Wtd. con eff = 3.6418 / Wtd. HRF eff = 3.0775 / Pop var. = 0.38486 / time = 0.75
best of generation 132 / cbal. = 94.5688 / Wtd. con eff = 3.6418 / Wtd. HRF eff = 3.0775 / Pop var. = 0.43388 / time = 0.74
best of generation 133 / cbal. = 94.5688 / Wtd. con eff = 3.6418 / Wtd. HRF eff = 3.0775 / Pop var. = 0.40233 / time = 0.74
best of generation 134 / cbal. = 94.5688 / Wtd. con eff = 3.6418 / Wtd. HRF eff = 3.0775 / Pop var. = 0.39171 / time = 0.74
best of generation 135 / cbal. = 94.5688 / Wtd. con eff = 3.6418 / Wtd. HRF eff = 3.0775 / Pop var. = 0.4286 / time = 0.74
best of generation 136 / cbal. = 94.5688 / Wtd. con eff = 3.6418 / Wtd. HRF eff = 3.0775 / Pop var. = 0.39739 / time = 0.78
best of generation 137 / cbal. = 94.5688 / Wtd. con eff = 3.6418 / Wtd. HRF eff = 3.0775 / Pop var. = 0.44382 / time = 0.74
best of generation 138 / cbal. = 94.5688 / Wtd. con eff = 3.6418 / Wtd. HRF eff = 3.0775 / Pop var. = 0.38734 / time = 0.73
best of generation 139 / cbal. = 94.5688 / Wtd. con eff = 3.6418 / Wtd. HRF eff = 3.0775 / Pop var. = 0.48177 / time = 0.73
best of generation 140 / cbal. = 94.5688 / Wtd. con eff = 3.6418 / Wtd. HRF eff = 3.0775 / Pop var. = 0.42676 / time = 0.74
best of generation 141 / cbal. = 94.5688 / Wtd. con eff = 3.6418 / Wtd. HRF eff = 3.0775 / Pop var. = 0.40779 / time = 0.76
best of generation 142 / cbal. = 94.5688 / Wtd. con eff = 3.6418 / Wtd. HRF eff = 3.0775 / Pop var. = 0.43107 / time = 0.74
best of generation 143 / cbal. = 94.5688 / Wtd. con eff = 3.6418 / Wtd. HRF eff = 3.0775 / Pop var. = 0.34708 / time = 0.75
best of generation 144 / cbal. = 94.5688 / Wtd. con eff = 3.6418 / Wtd. HRF eff = 3.0775 / Pop var. = 0.43397 / time = 0.74
best of generation 145 / cbal. = 94.5688 / Wtd. con eff = 3.6418 / Wtd. HRF eff = 3.0775 / Pop var. = 0.40332 / time = 0.74
best of generation 146 / cbal. = 94.5688 / Wtd. con eff = 3.6418 / Wtd. HRF eff = 3.0775 / Pop var. = 0.41436 / time = 0.72
best of generation 147 / cbal. = 94.5688 / Wtd. con eff = 3.6418 / Wtd. HRF eff = 3.0775 / Pop var. = 0.35413 / time = 0.76
best of generation 148 / cbal. = 94.5688 / Wtd. con eff = 3.6418 / Wtd. HRF eff = 3.0775 / Pop var. = 0.43421 / time = 0.74
best of generation 149 / cbal. = 94.5688 / Wtd. con eff = 3.6418 / Wtd. HRF eff = 3.0775 / Pop var. = 0.37704 / time = 0.73
best of generation 150 / cbal. = 94.5688 / Wtd. con eff = 3.6418 / Wtd. HRF eff = 3.0775 / Pop var. = 0.49514 / time = 0.74
best of generation 151 / cbal. = 94.5688 / Wtd. con eff = 3.6418 / Wtd. HRF eff = 3.0775 / Pop var. = 0.43762 / time = 0.72
best of generation 152 / cbal. = 95.29 / Wtd. con eff = 3.5924 / Wtd. HRF eff = 1.0459 / Pop var. = 0.38666 / time = 0.77
best of generation 153 / cbal. = 95.29 / Wtd. con eff = 3.5924 / Wtd. HRF eff = 1.0459 / Pop var. = 0.46387 / time = 0.73
best of generation 154 / cbal. = 94.9048 / Wtd. con eff = 3.5904 / Wtd. HRF eff = 2.5233 / Pop var. = 0.44198 / time = 0.74
best of generation 155 / cbal. = 94.9048 / Wtd. con eff = 3.5904 / Wtd. HRF eff = 2.5233 / Pop var. = 0.40373 / time = 0.74
best of generation 156 / cbal. = 94.9206 / Wtd. con eff = 3.6182 / Wtd. HRF eff = 1.8222 / Pop var. = 0.38311 / time = 0.73
best of generation 157 / cbal. = 94.9206 / Wtd. con eff = 3.6182 / Wtd. HRF eff = 1.8222 / Pop var. = 0.4366 / time = 0.73
best of generation 158 / cbal. = 94.5688 / Wtd. con eff = 3.6418 / Wtd. HRF eff = 3.0775 / Pop var. = 0.37159 / time = 0.75
best of generation 159 / cbal. = 94.5688 / Wtd. con eff = 3.6418 / Wtd. HRF eff = 3.0775 / Pop var. = 0.38335 / time = 0.74
best of generation 160 / cbal. = 94.5688 / Wtd. con eff = 3.6418 / Wtd. HRF eff = 3.0775 / Pop var. = 0.43456 / time = 0.73
saving workspace as GAresults.mat
M = 
     origlist: [49x1 double]
     restlist: [20x1 double]
     stimlist: [60x1 double]
           ga: [1x1 struct]
    bestLists: [60x160 uint8]
         date: '11-9-2014'
optimizeGA done: 120.61 s
