Starting Model 24
OptimizeGA
===============================
Saturation threshold = 
Setting up variables
You entered 2 conditions  (event types) that will each be modeled with a regessor. 
 Note that if you enter 0 as a condition number, those events will not be modeled
 (they are assumed to be rest/inter-stimulus interval periods)

Contrasts entered. You entered matrix of 3 contrasts, with weights across 4 conditions.
 Contrasts:
     1     1    -1    -1
     1     0    -1     0
     0     1     0    -1
 ...adding one column to contrast matrix with weights of 0, to model the intercept
You entered a contrast weight vector across 3 contrasts
 	...Using rests of length 1 and resting every 4
================== Parameters ======================
     Total stimuli in scan      : 60
     Fixed rest length in ITIs  : 1
     Fixed Rest stimuli in scan : 11
     Num blank intervals        : 9
     Num of task conds          : 2
     Num stimuli each cond      : 20  20
====================================================
	...generating lists of organisms
	...USING TRANS2BLOCK >
     freqConditions = 0.2         0.2         0.2         0.2
     conditions = 1  2  3  4
REST INTERVALS: not used (to use, freqCond should be one longer than conditions
  ...randomizing organism start state
	...restMatrix is 20 X 40
ans =
     4     4     4     4     4     4     4     4     4     4
     4     4     4     4     4     4     4     4     4     4
     4     4     4     4     4     4     4     4     4     4
     4     4     4     4     4     4     4     4     4     4
     4     4     4     4     4     4     4     4     4     4
======== Num stimuli, averaged across lists (before instruction/rest stimuli) ========
		Condition 0: 9 stimuli, 15% of total stimuli
		Condition 1: 20 stimuli, 33.3333% of total stimuli
		Condition 2: 20 stimuli, 33.3333% of total stimuli
		Condition 3: 0 stimuli, 0% of total stimuli
		Condition 4: 0 stimuli, 0% of total stimuli
======================================================================================
best of generation 1 / cbal. = 94.781 / Wtd. con eff = 2.7197 / Wtd. HRF eff = 0.62752 / Pop var. = 0.86143 / time = 0.74
best of generation 2 / cbal. = 94.7554 / Wtd. con eff = 2.7181 / Wtd. HRF eff = 0.66333 / Pop var. = 0.83924 / time = 0.72
best of generation 3 / cbal. = 94.7052 / Wtd. con eff = 2.8829 / Wtd. HRF eff = 0.51338 / Pop var. = 0.82359 / time = 0.72
best of generation 4 / cbal. = 94.7186 / Wtd. con eff = 3.0031 / Wtd. HRF eff = 0.62191 / Pop var. = 0.81262 / time = 0.72
best of generation 5 / cbal. = 94.6468 / Wtd. con eff = 3.1248 / Wtd. HRF eff = 0.73958 / Pop var. = 0.80114 / time = 0.73
best of generation 6 / cbal. = 94.644 / Wtd. con eff = 3.2122 / Wtd. HRF eff = 0.78159 / Pop var. = 0.78272 / time = 0.72
best of generation 7 / cbal. = 94.644 / Wtd. con eff = 3.2122 / Wtd. HRF eff = 0.78159 / Pop var. = 0.77083 / time = 0.71
best of generation 8 / cbal. = 94.644 / Wtd. con eff = 3.2122 / Wtd. HRF eff = 0.78159 / Pop var. = 0.71665 / time = 0.72
best of generation 9 / cbal. = 94.6981 / Wtd. con eff = 3.222 / Wtd. HRF eff = 0.77581 / Pop var. = 0.67121 / time = 0.72
best of generation 10 / cbal. = 94.5759 / Wtd. con eff = 3.3027 / Wtd. HRF eff = 0.74931 / Pop var. = 0.60809 / time = 0.73
best of generation 11 / cbal. = 94.5759 / Wtd. con eff = 3.3027 / Wtd. HRF eff = 0.74931 / Pop var. = 0.57804 / time = 0.72
best of generation 12 / cbal. = 94.6218 / Wtd. con eff = 3.2685 / Wtd. HRF eff = 0.85011 / Pop var. = 0.55783 / time = 0.73
best of generation 13 / cbal. = 94.4568 / Wtd. con eff = 3.4475 / Wtd. HRF eff = 0.78765 / Pop var. = 0.53419 / time = 0.72
best of generation 14 / cbal. = 94.5759 / Wtd. con eff = 3.5131 / Wtd. HRF eff = 0.8361 / Pop var. = 0.53535 / time = 0.73
best of generation 15 / cbal. = 95.0011 / Wtd. con eff = 3.45 / Wtd. HRF eff = 0.94408 / Pop var. = 0.52818 / time = 0.73
best of generation 16 / cbal. = 94.6597 / Wtd. con eff = 3.5268 / Wtd. HRF eff = 0.85574 / Pop var. = 0.57586 / time = 0.74
best of generation 17 / cbal. = 94.6597 / Wtd. con eff = 3.5268 / Wtd. HRF eff = 0.85574 / Pop var. = 0.59358 / time = 0.73
best of generation 18 / cbal. = 94.9206 / Wtd. con eff = 3.4758 / Wtd. HRF eff = 0.9697 / Pop var. = 0.56612 / time = 0.73
best of generation 19 / cbal. = 94.9206 / Wtd. con eff = 3.4758 / Wtd. HRF eff = 0.9697 / Pop var. = 0.57039 / time = 0.73
best of generation 20 / cbal. = 94.8265 / Wtd. con eff = 3.5149 / Wtd. HRF eff = 0.97504 / Pop var. = 0.50157 / time = 0.73
best of generation 21 / cbal. = 94.8265 / Wtd. con eff = 3.5149 / Wtd. HRF eff = 0.97504 / Pop var. = 0.41436 / time = 0.72
best of generation 22 / cbal. = 94.7801 / Wtd. con eff = 3.5145 / Wtd. HRF eff = 1.0844 / Pop var. = 0.3212 / time = 0.75
best of generation 23 / cbal. = 94.7801 / Wtd. con eff = 3.5145 / Wtd. HRF eff = 1.0844 / Pop var. = 0.38028 / time = 0.73
best of generation 24 / cbal. = 94.7801 / Wtd. con eff = 3.5145 / Wtd. HRF eff = 1.0844 / Pop var. = 0.37355 / time = 0.73
best of generation 25 / cbal. = 94.7801 / Wtd. con eff = 3.5145 / Wtd. HRF eff = 1.0844 / Pop var. = 0.46144 / time = 0.72
best of generation 26 / cbal. = 94.3654 / Wtd. con eff = 3.5659 / Wtd. HRF eff = 1.1661 / Pop var. = 0.38674 / time = 0.73
best of generation 27 / cbal. = 94.7265 / Wtd. con eff = 3.5181 / Wtd. HRF eff = 1.3034 / Pop var. = 0.4625 / time = 0.74
best of generation 28 / cbal. = 94.7265 / Wtd. con eff = 3.5181 / Wtd. HRF eff = 1.3034 / Pop var. = 0.45603 / time = 0.74
best of generation 29 / cbal. = 94.7265 / Wtd. con eff = 3.5181 / Wtd. HRF eff = 1.3034 / Pop var. = 0.40243 / time = 0.73
best of generation 30 / cbal. = 94.7265 / Wtd. con eff = 3.5181 / Wtd. HRF eff = 1.3034 / Pop var. = 0.34208 / time = 0.73
best of generation 31 / cbal. = 94.7265 / Wtd. con eff = 3.5181 / Wtd. HRF eff = 1.3034 / Pop var. = 0.45278 / time = 0.73
best of generation 32 / cbal. = 94.7265 / Wtd. con eff = 3.5181 / Wtd. HRF eff = 1.3034 / Pop var. = 0.42902 / time = 0.75
best of generation 33 / cbal. = 94.7265 / Wtd. con eff = 3.5181 / Wtd. HRF eff = 1.3034 / Pop var. = 0.44209 / time = 0.75
best of generation 34 / cbal. = 94.7265 / Wtd. con eff = 3.5181 / Wtd. HRF eff = 1.3034 / Pop var. = 0.42727 / time = 0.73
best of generation 35 / cbal. = 94.6659 / Wtd. con eff = 3.5537 / Wtd. HRF eff = 1.0226 / Pop var. = 0.38846 / time = 0.73
best of generation 36 / cbal. = 94.7265 / Wtd. con eff = 3.5181 / Wtd. HRF eff = 1.3034 / Pop var. = 0.54214 / time = 0.73
best of generation 37 / cbal. = 94.6961 / Wtd. con eff = 3.58 / Wtd. HRF eff = 1.1781 / Pop var. = 0.50297 / time = 0.74
best of generation 38 / cbal. = 94.9206 / Wtd. con eff = 3.5416 / Wtd. HRF eff = 1.3295 / Pop var. = 0.45678 / time = 0.73
best of generation 39 / cbal. = 94.7724 / Wtd. con eff = 3.5997 / Wtd. HRF eff = 1.1243 / Pop var. = 0.42332 / time = 0.73
best of generation 40 / cbal. = 94.7724 / Wtd. con eff = 3.5997 / Wtd. HRF eff = 1.1243 / Pop var. = 0.43414 / time = 0.73
best of generation 41 / cbal. = 94.7724 / Wtd. con eff = 3.5997 / Wtd. HRF eff = 1.1243 / Pop var. = 0.44499 / time = 0.73
best of generation 42 / cbal. = 94.7724 / Wtd. con eff = 3.5997 / Wtd. HRF eff = 1.1243 / Pop var. = 0.45124 / time = 0.74
best of generation 43 / cbal. = 94.7724 / Wtd. con eff = 3.5997 / Wtd. HRF eff = 1.1243 / Pop var. = 0.44478 / time = 0.72
best of generation 44 / cbal. = 94.7724 / Wtd. con eff = 3.5997 / Wtd. HRF eff = 1.1243 / Pop var. = 0.40746 / time = 0.75
best of generation 45 / cbal. = 94.6358 / Wtd. con eff = 3.6193 / Wtd. HRF eff = 1.1975 / Pop var. = 0.39888 / time = 0.73
best of generation 46 / cbal. = 94.6358 / Wtd. con eff = 3.6193 / Wtd. HRF eff = 1.1975 / Pop var. = 0.43962 / time = 0.73
best of generation 47 / cbal. = 94.6358 / Wtd. con eff = 3.6193 / Wtd. HRF eff = 1.1975 / Pop var. = 0.36656 / time = 0.73
best of generation 48 / cbal. = 94.9285 / Wtd. con eff = 3.5591 / Wtd. HRF eff = 1.3702 / Pop var. = 0.41856 / time = 0.74
best of generation 49 / cbal. = 94.6358 / Wtd. con eff = 3.6193 / Wtd. HRF eff = 1.1975 / Pop var. = 0.38281 / time = 0.74
best of generation 50 / cbal. = 95.0407 / Wtd. con eff = 3.5362 / Wtd. HRF eff = 1.2942 / Pop var. = 0.43991 / time = 0.73
best of generation 51 / cbal. = 95.0407 / Wtd. con eff = 3.5362 / Wtd. HRF eff = 1.2942 / Pop var. = 0.41522 / time = 0.73
best of generation 52 / cbal. = 94.8499 / Wtd. con eff = 3.5739 / Wtd. HRF eff = 1.2865 / Pop var. = 0.40745 / time = 0.74
best of generation 53 / cbal. = 94.5467 / Wtd. con eff = 3.6266 / Wtd. HRF eff = 1.244 / Pop var. = 0.41103 / time = 0.73
best of generation 54 / cbal. = 94.5467 / Wtd. con eff = 3.6266 / Wtd. HRF eff = 1.244 / Pop var. = 0.42949 / time = 0.74
best of generation 55 / cbal. = 94.5467 / Wtd. con eff = 3.6266 / Wtd. HRF eff = 1.244 / Pop var. = 0.41759 / time = 0.75
best of generation 56 / cbal. = 94.1485 / Wtd. con eff = 3.6621 / Wtd. HRF eff = 1.6645 / Pop var. = 0.3732 / time = 0.75
best of generation 57 / cbal. = 94.1485 / Wtd. con eff = 3.6621 / Wtd. HRF eff = 1.6645 / Pop var. = 0.47885 / time = 0.73
best of generation 58 / cbal. = 94.1485 / Wtd. con eff = 3.6621 / Wtd. HRF eff = 1.6645 / Pop var. = 0.46003 / time = 0.72
best of generation 59 / cbal. = 94.4012 / Wtd. con eff = 3.6508 / Wtd. HRF eff = 2.6135 / Pop var. = 0.46145 / time = 0.73
best of generation 60 / cbal. = 94.4012 / Wtd. con eff = 3.6508 / Wtd. HRF eff = 2.6135 / Pop var. = 0.41802 / time = 0.74
best of generation 61 / cbal. = 94.4012 / Wtd. con eff = 3.6508 / Wtd. HRF eff = 2.6135 / Pop var. = 0.38426 / time = 0.73
best of generation 62 / cbal. = 94.4012 / Wtd. con eff = 3.6508 / Wtd. HRF eff = 2.6135 / Pop var. = 0.4267 / time = 0.72
best of generation 63 / cbal. = 94.4012 / Wtd. con eff = 3.6508 / Wtd. HRF eff = 2.6135 / Pop var. = 0.35475 / time = 0.74
best of generation 64 / cbal. = 94.4012 / Wtd. con eff = 3.6508 / Wtd. HRF eff = 2.6135 / Pop var. = 0.38849 / time = 0.73
best of generation 65 / cbal. = 94.4012 / Wtd. con eff = 3.6508 / Wtd. HRF eff = 2.6135 / Pop var. = 0.459 / time = 0.74
best of generation 66 / cbal. = 94.4012 / Wtd. con eff = 3.6508 / Wtd. HRF eff = 2.6135 / Pop var. = 0.44001 / time = 0.75
best of generation 67 / cbal. = 94.4012 / Wtd. con eff = 3.6508 / Wtd. HRF eff = 2.6135 / Pop var. = 0.41866 / time = 0.74
best of generation 68 / cbal. = 94.4012 / Wtd. con eff = 3.6508 / Wtd. HRF eff = 2.6135 / Pop var. = 0.3752 / time = 0.74
best of generation 69 / cbal. = 94.4012 / Wtd. con eff = 3.6508 / Wtd. HRF eff = 2.6135 / Pop var. = 0.42774 / time = 0.74
best of generation 70 / cbal. = 94.4012 / Wtd. con eff = 3.6508 / Wtd. HRF eff = 2.6135 / Pop var. = 0.35655 / time = 0.74
best of generation 71 / cbal. = 94.4012 / Wtd. con eff = 3.6508 / Wtd. HRF eff = 2.6135 / Pop var. = 0.42387 / time = 0.75
best of generation 72 / cbal. = 94.4012 / Wtd. con eff = 3.6508 / Wtd. HRF eff = 2.6135 / Pop var. = 0.39067 / time = 0.73
best of generation 73 / cbal. = 94.4012 / Wtd. con eff = 3.6508 / Wtd. HRF eff = 2.6135 / Pop var. = 0.46212 / time = 0.73
best of generation 74 / cbal. = 94.2735 / Wtd. con eff = 3.6796 / Wtd. HRF eff = 2.398 / Pop var. = 0.40273 / time = 0.74
best of generation 75 / cbal. = 94.2735 / Wtd. con eff = 3.6796 / Wtd. HRF eff = 2.398 / Pop var. = 0.3939 / time = 0.74
best of generation 76 / cbal. = 94.2735 / Wtd. con eff = 3.6796 / Wtd. HRF eff = 2.398 / Pop var. = 0.4213 / time = 0.74
best of generation 77 / cbal. = 94.2735 / Wtd. con eff = 3.6796 / Wtd. HRF eff = 2.398 / Pop var. = 0.37669 / time = 0.74
best of generation 78 / cbal. = 94.2735 / Wtd. con eff = 3.6796 / Wtd. HRF eff = 2.398 / Pop var. = 0.44367 / time = 0.73
best of generation 79 / cbal. = 94.2735 / Wtd. con eff = 3.6796 / Wtd. HRF eff = 2.398 / Pop var. = 0.36311 / time = 0.73
best of generation 80 / cbal. = 94.2735 / Wtd. con eff = 3.6796 / Wtd. HRF eff = 2.398 / Pop var. = 0.38887 / time = 0.74
best of generation 81 / cbal. = 94.2735 / Wtd. con eff = 3.6796 / Wtd. HRF eff = 2.398 / Pop var. = 0.4505 / time = 0.73
best of generation 82 / cbal. = 94.2735 / Wtd. con eff = 3.6796 / Wtd. HRF eff = 2.398 / Pop var. = 0.39609 / time = 0.75
best of generation 83 / cbal. = 94.2735 / Wtd. con eff = 3.6796 / Wtd. HRF eff = 2.398 / Pop var. = 0.45766 / time = 0.73
best of generation 84 / cbal. = 94.2735 / Wtd. con eff = 3.6796 / Wtd. HRF eff = 2.398 / Pop var. = 0.41077 / time = 0.73
best of generation 85 / cbal. = 94.2735 / Wtd. con eff = 3.6796 / Wtd. HRF eff = 2.398 / Pop var. = 0.36253 / time = 0.73
best of generation 86 / cbal. = 94.2735 / Wtd. con eff = 3.6796 / Wtd. HRF eff = 2.398 / Pop var. = 0.43144 / time = 0.73
best of generation 87 / cbal. = 94.2735 / Wtd. con eff = 3.6796 / Wtd. HRF eff = 2.398 / Pop var. = 0.38778 / time = 0.73
best of generation 88 / cbal. = 94.2735 / Wtd. con eff = 3.6796 / Wtd. HRF eff = 2.398 / Pop var. = 0.44069 / time = 0.75
best of generation 89 / cbal. = 94.2735 / Wtd. con eff = 3.6796 / Wtd. HRF eff = 2.398 / Pop var. = 0.37827 / time = 0.74
best of generation 90 / cbal. = 94.2735 / Wtd. con eff = 3.6796 / Wtd. HRF eff = 2.398 / Pop var. = 0.47459 / time = 0.72
best of generation 91 / cbal. = 94.4012 / Wtd. con eff = 3.6508 / Wtd. HRF eff = 2.6135 / Pop var. = 0.38424 / time = 0.72
best of generation 92 / cbal. = 94.4012 / Wtd. con eff = 3.6508 / Wtd. HRF eff = 2.6135 / Pop var. = 0.37905 / time = 0.73
best of generation 93 / cbal. = 94.4012 / Wtd. con eff = 3.6508 / Wtd. HRF eff = 2.6135 / Pop var. = 0.44871 / time = 0.75
best of generation 94 / cbal. = 94.4012 / Wtd. con eff = 3.6508 / Wtd. HRF eff = 2.6135 / Pop var. = 0.4071 / time = 0.74
best of generation 95 / cbal. = 94.4012 / Wtd. con eff = 3.6508 / Wtd. HRF eff = 2.6135 / Pop var. = 0.33552 / time = 0.74
best of generation 96 / cbal. = 94.4012 / Wtd. con eff = 3.6508 / Wtd. HRF eff = 2.6135 / Pop var. = 0.4193 / time = 0.73
best of generation 97 / cbal. = 94.4012 / Wtd. con eff = 3.6508 / Wtd. HRF eff = 2.6135 / Pop var. = 0.34914 / time = 0.73
best of generation 98 / cbal. = 94.4012 / Wtd. con eff = 3.6508 / Wtd. HRF eff = 2.6135 / Pop var. = 0.40671 / time = 0.74
best of generation 99 / cbal. = 94.3016 / Wtd. con eff = 3.7 / Wtd. HRF eff = 1.5367 / Pop var. = 0.36469 / time = 0.74
best of generation 100 / cbal. = 94.3016 / Wtd. con eff = 3.7 / Wtd. HRF eff = 1.5367 / Pop var. = 0.4513 / time = 0.73
best of generation 101 / cbal. = 94.3016 / Wtd. con eff = 3.7 / Wtd. HRF eff = 1.5367 / Pop var. = 0.38224 / time = 0.72
best of generation 102 / cbal. = 94.3016 / Wtd. con eff = 3.7 / Wtd. HRF eff = 1.5367 / Pop var. = 0.48012 / time = 0.73
best of generation 103 / cbal. = 94.3016 / Wtd. con eff = 3.7 / Wtd. HRF eff = 1.5367 / Pop var. = 0.40483 / time = 0.74
best of generation 104 / cbal. = 94.3016 / Wtd. con eff = 3.7 / Wtd. HRF eff = 1.5367 / Pop var. = 0.3366 / time = 0.75
best of generation 105 / cbal. = 94.3016 / Wtd. con eff = 3.7 / Wtd. HRF eff = 1.5367 / Pop var. = 0.41097 / time = 0.74
best of generation 106 / cbal. = 94.3016 / Wtd. con eff = 3.7 / Wtd. HRF eff = 1.5367 / Pop var. = 0.35969 / time = 0.74
best of generation 107 / cbal. = 94.5319 / Wtd. con eff = 3.6438 / Wtd. HRF eff = 2.2782 / Pop var. = 0.44089 / time = 0.72
best of generation 108 / cbal. = 94.5319 / Wtd. con eff = 3.6438 / Wtd. HRF eff = 2.2782 / Pop var. = 0.38155 / time = 0.73
best of generation 109 / cbal. = 94.5319 / Wtd. con eff = 3.6438 / Wtd. HRF eff = 2.2782 / Pop var. = 0.45184 / time = 0.73
best of generation 110 / cbal. = 94.5319 / Wtd. con eff = 3.6438 / Wtd. HRF eff = 2.2782 / Pop var. = 0.39531 / time = 0.74
best of generation 111 / cbal. = 94.5319 / Wtd. con eff = 3.6438 / Wtd. HRF eff = 2.2782 / Pop var. = 0.45438 / time = 0.72
best of generation 112 / cbal. = 94.5319 / Wtd. con eff = 3.6438 / Wtd. HRF eff = 2.2782 / Pop var. = 0.43444 / time = 0.75
best of generation 113 / cbal. = 94.5319 / Wtd. con eff = 3.6438 / Wtd. HRF eff = 2.2782 / Pop var. = 0.4069 / time = 0.73
best of generation 114 / cbal. = 94.2037 / Wtd. con eff = 3.7046 / Wtd. HRF eff = 1.8841 / Pop var. = 0.36466 / time = 0.74
best of generation 115 / cbal. = 94.4735 / Wtd. con eff = 3.6854 / Wtd. HRF eff = 1.6971 / Pop var. = 0.45722 / time = 0.74
best of generation 116 / cbal. = 94.4735 / Wtd. con eff = 3.6854 / Wtd. HRF eff = 1.6971 / Pop var. = 0.38927 / time = 0.74
best of generation 117 / cbal. = 94.4735 / Wtd. con eff = 3.6854 / Wtd. HRF eff = 1.6971 / Pop var. = 0.41968 / time = 0.73
best of generation 118 / cbal. = 94.4735 / Wtd. con eff = 3.6854 / Wtd. HRF eff = 1.6971 / Pop var. = 0.36918 / time = 0.73
best of generation 119 / cbal. = 94.4735 / Wtd. con eff = 3.6854 / Wtd. HRF eff = 1.6971 / Pop var. = 0.4322 / time = 0.73
best of generation 120 / cbal. = 94.4735 / Wtd. con eff = 3.6854 / Wtd. HRF eff = 1.6971 / Pop var. = 0.34949 / time = 0.73
best of generation 121 / cbal. = 94.4735 / Wtd. con eff = 3.6854 / Wtd. HRF eff = 1.6971 / Pop var. = 0.42101 / time = 0.75
best of generation 122 / cbal. = 94.4735 / Wtd. con eff = 3.6854 / Wtd. HRF eff = 1.6971 / Pop var. = 0.37064 / time = 0.73
best of generation 123 / cbal. = 94.4735 / Wtd. con eff = 3.6854 / Wtd. HRF eff = 1.6971 / Pop var. = 0.43777 / time = 0.74
best of generation 124 / cbal. = 94.5173 / Wtd. con eff = 3.6741 / Wtd. HRF eff = 1.8041 / Pop var. = 0.37072 / time = 0.74
best of generation 125 / cbal. = 94.5173 / Wtd. con eff = 3.6741 / Wtd. HRF eff = 1.8041 / Pop var. = 0.46091 / time = 0.74
best of generation 126 / cbal. = 94.5173 / Wtd. con eff = 3.6741 / Wtd. HRF eff = 1.8041 / Pop var. = 0.39509 / time = 0.74
best of generation 127 / cbal. = 94.5173 / Wtd. con eff = 3.6741 / Wtd. HRF eff = 1.8041 / Pop var. = 0.4549 / time = 0.73
best of generation 128 / cbal. = 94.5173 / Wtd. con eff = 3.6741 / Wtd. HRF eff = 1.8041 / Pop var. = 0.39494 / time = 0.74
best of generation 129 / cbal. = 94.3016 / Wtd. con eff = 3.6979 / Wtd. HRF eff = 2.1487 / Pop var. = 0.49831 / time = 0.73
best of generation 130 / cbal. = 94.3016 / Wtd. con eff = 3.6979 / Wtd. HRF eff = 2.1487 / Pop var. = 0.46343 / time = 0.75
best of generation 131 / cbal. = 94.3016 / Wtd. con eff = 3.6979 / Wtd. HRF eff = 2.1487 / Pop var. = 0.45398 / time = 0.72
best of generation 132 / cbal. = 94.3016 / Wtd. con eff = 3.6979 / Wtd. HRF eff = 2.1487 / Pop var. = 0.40127 / time = 0.75
best of generation 133 / cbal. = 94.3016 / Wtd. con eff = 3.6979 / Wtd. HRF eff = 2.1487 / Pop var. = 0.35405 / time = 0.73
best of generation 134 / cbal. = 94.3016 / Wtd. con eff = 3.6979 / Wtd. HRF eff = 2.1487 / Pop var. = 0.44723 / time = 0.74
best of generation 135 / cbal. = 94.3016 / Wtd. con eff = 3.6979 / Wtd. HRF eff = 2.1487 / Pop var. = 0.42422 / time = 0.74
best of generation 136 / cbal. = 94.3016 / Wtd. con eff = 3.6979 / Wtd. HRF eff = 2.1487 / Pop var. = 0.34351 / time = 0.74
best of generation 137 / cbal. = 94.3016 / Wtd. con eff = 3.6979 / Wtd. HRF eff = 2.1487 / Pop var. = 0.42201 / time = 0.74
best of generation 138 / cbal. = 94.3016 / Wtd. con eff = 3.6979 / Wtd. HRF eff = 2.1487 / Pop var. = 0.35124 / time = 0.74
best of generation 139 / cbal. = 94.3016 / Wtd. con eff = 3.6979 / Wtd. HRF eff = 2.1487 / Pop var. = 0.4364 / time = 0.74
best of generation 140 / cbal. = 94.3016 / Wtd. con eff = 3.6979 / Wtd. HRF eff = 2.1487 / Pop var. = 0.41649 / time = 0.73
best of generation 141 / cbal. = 94.3016 / Wtd. con eff = 3.6979 / Wtd. HRF eff = 2.1487 / Pop var. = 0.33986 / time = 0.73
best of generation 142 / cbal. = 94.3016 / Wtd. con eff = 3.6979 / Wtd. HRF eff = 2.1487 / Pop var. = 0.42703 / time = 0.74
best of generation 143 / cbal. = 94.3016 / Wtd. con eff = 3.6979 / Wtd. HRF eff = 2.1487 / Pop var. = 0.38017 / time = 0.77
best of generation 144 / cbal. = 94.3016 / Wtd. con eff = 3.6979 / Wtd. HRF eff = 2.1487 / Pop var. = 0.45812 / time = 0.73
best of generation 145 / cbal. = 94.3016 / Wtd. con eff = 3.6979 / Wtd. HRF eff = 2.1487 / Pop var. = 0.37781 / time = 0.74
best of generation 146 / cbal. = 94.3016 / Wtd. con eff = 3.6979 / Wtd. HRF eff = 2.1487 / Pop var. = 0.44344 / time = 0.74
best of generation 147 / cbal. = 94.3016 / Wtd. con eff = 3.6979 / Wtd. HRF eff = 2.1487 / Pop var. = 0.41384 / time = 0.73
best of generation 148 / cbal. = 94.3016 / Wtd. con eff = 3.6979 / Wtd. HRF eff = 2.1487 / Pop var. = 0.37208 / time = 0.74
best of generation 149 / cbal. = 94.3016 / Wtd. con eff = 3.6979 / Wtd. HRF eff = 2.1487 / Pop var. = 0.3751 / time = 0.73
best of generation 150 / cbal. = 94.3016 / Wtd. con eff = 3.6979 / Wtd. HRF eff = 2.1487 / Pop var. = 0.43153 / time = 0.73
best of generation 151 / cbal. = 94.3016 / Wtd. con eff = 3.6979 / Wtd. HRF eff = 2.1487 / Pop var. = 0.38394 / time = 0.73
best of generation 152 / cbal. = 94.3016 / Wtd. con eff = 3.6979 / Wtd. HRF eff = 2.1487 / Pop var. = 0.45671 / time = 0.74
best of generation 153 / cbal. = 94.3016 / Wtd. con eff = 3.6979 / Wtd. HRF eff = 2.1487 / Pop var. = 0.42161 / time = 0.73
best of generation 154 / cbal. = 94.3016 / Wtd. con eff = 3.6979 / Wtd. HRF eff = 2.1487 / Pop var. = 0.4044 / time = 0.74
best of generation 155 / cbal. = 94.3016 / Wtd. con eff = 3.6979 / Wtd. HRF eff = 2.1487 / Pop var. = 0.33585 / time = 0.73
best of generation 156 / cbal. = 94.3016 / Wtd. con eff = 3.6979 / Wtd. HRF eff = 2.1487 / Pop var. = 0.40312 / time = 0.73
best of generation 157 / cbal. = 94.3016 / Wtd. con eff = 3.6979 / Wtd. HRF eff = 2.1487 / Pop var. = 0.3469 / time = 0.74
best of generation 158 / cbal. = 94.3016 / Wtd. con eff = 3.6979 / Wtd. HRF eff = 2.1487 / Pop var. = 0.41505 / time = 0.74
best of generation 159 / cbal. = 94.3016 / Wtd. con eff = 3.6979 / Wtd. HRF eff = 2.1487 / Pop var. = 0.36419 / time = 0.74
best of generation 160 / cbal. = 94.3016 / Wtd. con eff = 3.6979 / Wtd. HRF eff = 2.1487 / Pop var. = 0.40237 / time = 0.73
best of generation 161 / cbal. = 94.3016 / Wtd. con eff = 3.6979 / Wtd. HRF eff = 2.1487 / Pop var. = 0.35892 / time = 0.72
saving workspace as GAresults.mat
M = 
     origlist: [49x1 double]
     restlist: [20x1 double]
     stimlist: [60x1 double]
           ga: [1x1 struct]
    bestLists: [60x161 uint8]
         date: '11-9-2014'
optimizeGA done: 120.55 s
