Starting Model 58
OptimizeGA
===============================
Saturation threshold = 
Setting up variables
You entered 2 conditions  (event types) that will each be modeled with a regessor. 
 Note that if you enter 0 as a condition number, those events will not be modeled
 (they are assumed to be rest/inter-stimulus interval periods)

Contrasts entered. You entered matrix of 3 contrasts, with weights across 4 conditions.
 Contrasts:
     1     1    -1    -1
     1     0    -1     0
     0     1     0    -1
 ...adding one column to contrast matrix with weights of 0, to model the intercept
You entered a contrast weight vector across 3 contrasts
 	...Using rests of length 1 and resting every 4
================== Parameters ======================
     Total stimuli in scan      : 60
     Fixed rest length in ITIs  : 1
     Fixed Rest stimuli in scan : 11
     Num blank intervals        : 9
     Num of task conds          : 2
     Num stimuli each cond      : 20  20
====================================================
	...generating lists of organisms
	...USING TRANS2BLOCK >
     freqConditions = 0.2         0.2         0.2         0.2
     conditions = 1  2  3  4
REST INTERVALS: not used (to use, freqCond should be one longer than conditions
  ...randomizing organism start state
	...restMatrix is 20 X 40
ans =
     4     4     4     4     4     4     4     4     4     4
     4     4     4     4     4     4     4     4     4     4
     4     4     4     4     4     4     4     4     4     4
     4     4     4     4     4     4     4     4     4     4
     4     4     4     4     4     4     4     4     4     4
======== Num stimuli, averaged across lists (before instruction/rest stimuli) ========
		Condition 0: 9 stimuli, 15% of total stimuli
		Condition 1: 20 stimuli, 33.3333% of total stimuli
		Condition 2: 20 stimuli, 33.3333% of total stimuli
		Condition 3: 0 stimuli, 0% of total stimuli
		Condition 4: 0 stimuli, 0% of total stimuli
======================================================================================
best of generation 1 / cbal. = 93.4915 / Wtd. con eff = 2.6854 / Wtd. HRF eff = 0.89564 / Pop var. = 0.86501 / time = 0.73
best of generation 2 / cbal. = 94.6429 / Wtd. con eff = 2.8656 / Wtd. HRF eff = 0.56742 / Pop var. = 0.84878 / time = 0.74
best of generation 3 / cbal. = 94.6492 / Wtd. con eff = 2.8042 / Wtd. HRF eff = 0.57072 / Pop var. = 0.83475 / time = 0.75
best of generation 4 / cbal. = 95.0699 / Wtd. con eff = 2.9769 / Wtd. HRF eff = 0.67129 / Pop var. = 0.80416 / time = 0.72
best of generation 5 / cbal. = 95.0699 / Wtd. con eff = 2.9769 / Wtd. HRF eff = 0.67129 / Pop var. = 0.76768 / time = 0.7
best of generation 6 / cbal. = 95.0699 / Wtd. con eff = 2.9769 / Wtd. HRF eff = 0.67129 / Pop var. = 0.76538 / time = 0.72
best of generation 7 / cbal. = 95.0699 / Wtd. con eff = 2.9769 / Wtd. HRF eff = 0.67129 / Pop var. = 0.72691 / time = 0.72
best of generation 8 / cbal. = 94.9516 / Wtd. con eff = 3.078 / Wtd. HRF eff = 0.60099 / Pop var. = 0.70493 / time = 0.73
best of generation 9 / cbal. = 95.0796 / Wtd. con eff = 3.0579 / Wtd. HRF eff = 0.68277 / Pop var. = 0.668 / time = 0.72
best of generation 10 / cbal. = 94.8612 / Wtd. con eff = 3.1561 / Wtd. HRF eff = 0.59486 / Pop var. = 0.63166 / time = 0.72
best of generation 11 / cbal. = 95.1459 / Wtd. con eff = 3.1533 / Wtd. HRF eff = 0.59937 / Pop var. = 0.59369 / time = 0.72
best of generation 12 / cbal. = 94.624 / Wtd. con eff = 3.3108 / Wtd. HRF eff = 0.82641 / Pop var. = 0.51483 / time = 0.73
best of generation 13 / cbal. = 94.7616 / Wtd. con eff = 3.3086 / Wtd. HRF eff = 0.84887 / Pop var. = 0.50176 / time = 0.74
best of generation 14 / cbal. = 94.9591 / Wtd. con eff = 3.3356 / Wtd. HRF eff = 0.76242 / Pop var. = 0.49744 / time = 0.77
best of generation 15 / cbal. = 94.9591 / Wtd. con eff = 3.3356 / Wtd. HRF eff = 0.76242 / Pop var. = 0.46397 / time = 0.73
best of generation 16 / cbal. = 94.9444 / Wtd. con eff = 3.411 / Wtd. HRF eff = 0.9596 / Pop var. = 0.40188 / time = 0.73
best of generation 17 / cbal. = 94.9444 / Wtd. con eff = 3.411 / Wtd. HRF eff = 0.9596 / Pop var. = 0.37206 / time = 0.73
best of generation 18 / cbal. = 94.9444 / Wtd. con eff = 3.411 / Wtd. HRF eff = 0.9596 / Pop var. = 0.47277 / time = 0.72
best of generation 19 / cbal. = 94.8655 / Wtd. con eff = 3.4562 / Wtd. HRF eff = 0.8673 / Pop var. = 0.43889 / time = 0.76
best of generation 20 / cbal. = 94.8499 / Wtd. con eff = 3.4976 / Wtd. HRF eff = 0.97799 / Pop var. = 0.4359 / time = 0.74
best of generation 21 / cbal. = 94.8499 / Wtd. con eff = 3.4976 / Wtd. HRF eff = 0.97799 / Pop var. = 0.39355 / time = 0.73
best of generation 22 / cbal. = 94.7878 / Wtd. con eff = 3.5407 / Wtd. HRF eff = 1.0127 / Pop var. = 0.49675 / time = 0.74
best of generation 23 / cbal. = 94.889 / Wtd. con eff = 3.5633 / Wtd. HRF eff = 0.98566 / Pop var. = 0.48607 / time = 0.73
best of generation 24 / cbal. = 94.889 / Wtd. con eff = 3.5633 / Wtd. HRF eff = 0.98566 / Pop var. = 0.43231 / time = 0.73
best of generation 25 / cbal. = 94.889 / Wtd. con eff = 3.5633 / Wtd. HRF eff = 0.98566 / Pop var. = 0.41333 / time = 0.77
best of generation 26 / cbal. = 94.889 / Wtd. con eff = 3.5633 / Wtd. HRF eff = 0.98566 / Pop var. = 0.39634 / time = 0.72
best of generation 27 / cbal. = 94.5614 / Wtd. con eff = 3.6097 / Wtd. HRF eff = 1.0417 / Pop var. = 0.47052 / time = 0.73
best of generation 28 / cbal. = 94.6734 / Wtd. con eff = 3.6197 / Wtd. HRF eff = 1.06 / Pop var. = 0.43411 / time = 0.75
best of generation 29 / cbal. = 94.6734 / Wtd. con eff = 3.6197 / Wtd. HRF eff = 1.06 / Pop var. = 0.41683 / time = 0.73
best of generation 30 / cbal. = 94.6734 / Wtd. con eff = 3.6197 / Wtd. HRF eff = 1.06 / Pop var. = 0.36455 / time = 0.73
best of generation 31 / cbal. = 95.1887 / Wtd. con eff = 3.5814 / Wtd. HRF eff = 0.8823 / Pop var. = 0.49294 / time = 0.73
best of generation 32 / cbal. = 95.1887 / Wtd. con eff = 3.5814 / Wtd. HRF eff = 0.8823 / Pop var. = 0.4739 / time = 0.74
best of generation 33 / cbal. = 95.1887 / Wtd. con eff = 3.5814 / Wtd. HRF eff = 0.8823 / Pop var. = 0.4639 / time = 0.73
best of generation 34 / cbal. = 95.1887 / Wtd. con eff = 3.5814 / Wtd. HRF eff = 0.8823 / Pop var. = 0.44248 / time = 0.73
best of generation 35 / cbal. = 95.0407 / Wtd. con eff = 3.5805 / Wtd. HRF eff = 1.0339 / Pop var. = 0.41501 / time = 0.73
best of generation 36 / cbal. = 95.0407 / Wtd. con eff = 3.5805 / Wtd. HRF eff = 1.0339 / Pop var. = 0.34193 / time = 0.76
best of generation 37 / cbal. = 95.0407 / Wtd. con eff = 3.5805 / Wtd. HRF eff = 1.0339 / Pop var. = 0.41987 / time = 0.73
best of generation 38 / cbal. = 94.889 / Wtd. con eff = 3.6205 / Wtd. HRF eff = 0.98977 / Pop var. = 0.35845 / time = 0.73
best of generation 39 / cbal. = 94.889 / Wtd. con eff = 3.6205 / Wtd. HRF eff = 0.98977 / Pop var. = 0.45265 / time = 0.73
best of generation 40 / cbal. = 95.1224 / Wtd. con eff = 3.5919 / Wtd. HRF eff = 0.89293 / Pop var. = 0.42206 / time = 0.73
best of generation 41 / cbal. = 95.1224 / Wtd. con eff = 3.5919 / Wtd. HRF eff = 0.89293 / Pop var. = 0.36984 / time = 0.76
best of generation 42 / cbal. = 94.889 / Wtd. con eff = 3.6205 / Wtd. HRF eff = 0.98977 / Pop var. = 0.40387 / time = 0.74
best of generation 43 / cbal. = 94.8733 / Wtd. con eff = 3.6038 / Wtd. HRF eff = 1.3598 / Pop var. = 0.38073 / time = 0.73
best of generation 44 / cbal. = 94.8733 / Wtd. con eff = 3.6038 / Wtd. HRF eff = 1.3598 / Pop var. = 0.50619 / time = 0.73
best of generation 45 / cbal. = 94.8733 / Wtd. con eff = 3.6038 / Wtd. HRF eff = 1.3598 / Pop var. = 0.46029 / time = 0.74
best of generation 46 / cbal. = 94.8733 / Wtd. con eff = 3.6038 / Wtd. HRF eff = 1.3598 / Pop var. = 0.44479 / time = 0.72
best of generation 47 / cbal. = 94.8733 / Wtd. con eff = 3.6038 / Wtd. HRF eff = 1.3598 / Pop var. = 0.39964 / time = 0.74
best of generation 48 / cbal. = 94.8733 / Wtd. con eff = 3.6038 / Wtd. HRF eff = 1.3598 / Pop var. = 0.46832 / time = 0.73
best of generation 49 / cbal. = 94.8733 / Wtd. con eff = 3.6038 / Wtd. HRF eff = 1.3598 / Pop var. = 0.42541 / time = 0.73
best of generation 50 / cbal. = 94.8733 / Wtd. con eff = 3.6038 / Wtd. HRF eff = 1.3598 / Pop var. = 0.36382 / time = 0.73
best of generation 51 / cbal. = 94.8733 / Wtd. con eff = 3.6038 / Wtd. HRF eff = 1.3598 / Pop var. = 0.43749 / time = 0.73
best of generation 52 / cbal. = 94.8733 / Wtd. con eff = 3.6038 / Wtd. HRF eff = 1.3598 / Pop var. = 0.43985 / time = 0.75
best of generation 53 / cbal. = 94.5246 / Wtd. con eff = 3.6419 / Wtd. HRF eff = 1.4645 / Pop var. = 0.40558 / time = 0.75
best of generation 54 / cbal. = 94.5246 / Wtd. con eff = 3.6419 / Wtd. HRF eff = 1.4645 / Pop var. = 0.4031 / time = 0.73
best of generation 55 / cbal. = 94.5246 / Wtd. con eff = 3.6419 / Wtd. HRF eff = 1.4645 / Pop var. = 0.37553 / time = 0.74
best of generation 56 / cbal. = 94.5246 / Wtd. con eff = 3.6419 / Wtd. HRF eff = 1.4645 / Pop var. = 0.46147 / time = 0.73
best of generation 57 / cbal. = 94.5246 / Wtd. con eff = 3.6419 / Wtd. HRF eff = 1.4645 / Pop var. = 0.42532 / time = 0.73
best of generation 58 / cbal. = 94.5246 / Wtd. con eff = 3.6419 / Wtd. HRF eff = 1.4645 / Pop var. = 0.40342 / time = 0.74
best of generation 59 / cbal. = 94.5246 / Wtd. con eff = 3.6419 / Wtd. HRF eff = 1.4645 / Pop var. = 0.39285 / time = 0.73
best of generation 60 / cbal. = 94.8812 / Wtd. con eff = 3.6102 / Wtd. HRF eff = 1.4895 / Pop var. = 0.4489 / time = 0.74
best of generation 61 / cbal. = 94.8812 / Wtd. con eff = 3.6102 / Wtd. HRF eff = 1.4895 / Pop var. = 0.37759 / time = 0.75
best of generation 62 / cbal. = 94.8812 / Wtd. con eff = 3.6102 / Wtd. HRF eff = 1.4895 / Pop var. = 0.45849 / time = 0.73
best of generation 63 / cbal. = 94.8812 / Wtd. con eff = 3.6102 / Wtd. HRF eff = 1.4895 / Pop var. = 0.38914 / time = 0.75
best of generation 64 / cbal. = 94.8812 / Wtd. con eff = 3.6102 / Wtd. HRF eff = 1.4895 / Pop var. = 0.47412 / time = 0.75
best of generation 65 / cbal. = 94.8812 / Wtd. con eff = 3.6102 / Wtd. HRF eff = 1.4895 / Pop var. = 0.45288 / time = 0.73
best of generation 66 / cbal. = 94.8812 / Wtd. con eff = 3.6102 / Wtd. HRF eff = 1.4895 / Pop var. = 0.41209 / time = 0.73
best of generation 67 / cbal. = 94.8812 / Wtd. con eff = 3.6102 / Wtd. HRF eff = 1.4895 / Pop var. = 0.39559 / time = 0.73
best of generation 68 / cbal. = 94.8812 / Wtd. con eff = 3.6102 / Wtd. HRF eff = 1.4895 / Pop var. = 0.44996 / time = 0.74
best of generation 69 / cbal. = 94.8812 / Wtd. con eff = 3.6102 / Wtd. HRF eff = 1.4895 / Pop var. = 0.38283 / time = 0.75
best of generation 70 / cbal. = 94.8812 / Wtd. con eff = 3.6102 / Wtd. HRF eff = 1.4895 / Pop var. = 0.45935 / time = 0.73
best of generation 71 / cbal. = 94.8812 / Wtd. con eff = 3.6102 / Wtd. HRF eff = 1.4895 / Pop var. = 0.41819 / time = 0.73
best of generation 72 / cbal. = 94.8812 / Wtd. con eff = 3.6102 / Wtd. HRF eff = 1.4895 / Pop var. = 0.35566 / time = 0.75
best of generation 73 / cbal. = 94.8812 / Wtd. con eff = 3.6102 / Wtd. HRF eff = 1.4895 / Pop var. = 0.41658 / time = 0.73
best of generation 74 / cbal. = 94.8812 / Wtd. con eff = 3.6102 / Wtd. HRF eff = 1.4895 / Pop var. = 0.41413 / time = 0.74
best of generation 75 / cbal. = 94.6209 / Wtd. con eff = 3.6677 / Wtd. HRF eff = 1.4463 / Pop var. = 0.36357 / time = 0.75
best of generation 76 / cbal. = 94.6209 / Wtd. con eff = 3.6677 / Wtd. HRF eff = 1.4463 / Pop var. = 0.42148 / time = 0.74
best of generation 77 / cbal. = 94.6209 / Wtd. con eff = 3.6677 / Wtd. HRF eff = 1.4463 / Pop var. = 0.40157 / time = 0.74
best of generation 78 / cbal. = 94.6209 / Wtd. con eff = 3.6677 / Wtd. HRF eff = 1.4463 / Pop var. = 0.40843 / time = 0.74
best of generation 79 / cbal. = 94.6209 / Wtd. con eff = 3.6677 / Wtd. HRF eff = 1.4463 / Pop var. = 0.34551 / time = 0.74
best of generation 80 / cbal. = 94.6209 / Wtd. con eff = 3.6677 / Wtd. HRF eff = 1.4463 / Pop var. = 0.4087 / time = 0.74
best of generation 81 / cbal. = 94.6209 / Wtd. con eff = 3.6677 / Wtd. HRF eff = 1.4463 / Pop var. = 0.40391 / time = 0.73
best of generation 82 / cbal. = 94.6209 / Wtd. con eff = 3.6677 / Wtd. HRF eff = 1.4463 / Pop var. = 0.34966 / time = 0.74
best of generation 83 / cbal. = 94.3157 / Wtd. con eff = 3.7156 / Wtd. HRF eff = 1.4056 / Pop var. = 0.39681 / time = 0.74
best of generation 84 / cbal. = 94.3157 / Wtd. con eff = 3.7156 / Wtd. HRF eff = 1.4056 / Pop var. = 0.43748 / time = 0.73
best of generation 85 / cbal. = 94.3157 / Wtd. con eff = 3.7156 / Wtd. HRF eff = 1.4056 / Pop var. = 0.41132 / time = 0.75
best of generation 86 / cbal. = 94.3157 / Wtd. con eff = 3.7156 / Wtd. HRF eff = 1.4056 / Pop var. = 0.37044 / time = 0.75
best of generation 87 / cbal. = 94.3157 / Wtd. con eff = 3.7156 / Wtd. HRF eff = 1.4056 / Pop var. = 0.47605 / time = 0.73
best of generation 88 / cbal. = 94.3157 / Wtd. con eff = 3.7156 / Wtd. HRF eff = 1.4056 / Pop var. = 0.43008 / time = 0.73
best of generation 89 / cbal. = 94.3157 / Wtd. con eff = 3.7156 / Wtd. HRF eff = 1.4056 / Pop var. = 0.37355 / time = 0.73
best of generation 90 / cbal. = 94.3157 / Wtd. con eff = 3.7156 / Wtd. HRF eff = 1.4056 / Pop var. = 0.45947 / time = 0.74
best of generation 91 / cbal. = 94.3157 / Wtd. con eff = 3.7156 / Wtd. HRF eff = 1.4056 / Pop var. = 0.3956 / time = 0.76
best of generation 92 / cbal. = 94.3157 / Wtd. con eff = 3.7156 / Wtd. HRF eff = 1.4056 / Pop var. = 0.41647 / time = 0.75
best of generation 93 / cbal. = 94.5985 / Wtd. con eff = 3.6892 / Wtd. HRF eff = 1.4805 / Pop var. = 0.31572 / time = 0.74
best of generation 94 / cbal. = 94.5985 / Wtd. con eff = 3.6892 / Wtd. HRF eff = 1.4805 / Pop var. = 0.36485 / time = 0.73
best of generation 95 / cbal. = 94.5985 / Wtd. con eff = 3.6892 / Wtd. HRF eff = 1.4805 / Pop var. = 0.46563 / time = 0.74
best of generation 96 / cbal. = 94.5985 / Wtd. con eff = 3.6892 / Wtd. HRF eff = 1.4805 / Pop var. = 0.40451 / time = 0.75
best of generation 97 / cbal. = 94.5985 / Wtd. con eff = 3.6892 / Wtd. HRF eff = 1.4805 / Pop var. = 0.35473 / time = 0.74
best of generation 98 / cbal. = 94.5985 / Wtd. con eff = 3.6892 / Wtd. HRF eff = 1.4805 / Pop var. = 0.4659 / time = 0.73
best of generation 99 / cbal. = 94.5985 / Wtd. con eff = 3.6892 / Wtd. HRF eff = 1.4805 / Pop var. = 0.42698 / time = 0.73
best of generation 100 / cbal. = 94.5985 / Wtd. con eff = 3.6892 / Wtd. HRF eff = 1.4805 / Pop var. = 0.3771 / time = 0.73
best of generation 101 / cbal. = 94.5985 / Wtd. con eff = 3.6892 / Wtd. HRF eff = 1.4805 / Pop var. = 0.42436 / time = 0.72
best of generation 102 / cbal. = 94.5985 / Wtd. con eff = 3.6892 / Wtd. HRF eff = 1.4805 / Pop var. = 0.41968 / time = 0.77
best of generation 103 / cbal. = 94.5985 / Wtd. con eff = 3.6892 / Wtd. HRF eff = 1.4805 / Pop var. = 0.37793 / time = 0.74
best of generation 104 / cbal. = 94.5985 / Wtd. con eff = 3.6892 / Wtd. HRF eff = 1.4805 / Pop var. = 0.44303 / time = 0.74
best of generation 105 / cbal. = 94.5985 / Wtd. con eff = 3.6892 / Wtd. HRF eff = 1.4805 / Pop var. = 0.40869 / time = 0.73
best of generation 106 / cbal. = 94.5985 / Wtd. con eff = 3.6892 / Wtd. HRF eff = 1.4805 / Pop var. = 0.37076 / time = 0.73
best of generation 107 / cbal. = 94.5985 / Wtd. con eff = 3.6892 / Wtd. HRF eff = 1.4805 / Pop var. = 0.42982 / time = 0.73
best of generation 108 / cbal. = 94.5985 / Wtd. con eff = 3.6892 / Wtd. HRF eff = 1.4805 / Pop var. = 0.35612 / time = 0.74
best of generation 109 / cbal. = 94.5985 / Wtd. con eff = 3.6892 / Wtd. HRF eff = 1.4805 / Pop var. = 0.44272 / time = 0.73
best of generation 110 / cbal. = 94.5985 / Wtd. con eff = 3.6892 / Wtd. HRF eff = 1.4805 / Pop var. = 0.40205 / time = 0.74
best of generation 111 / cbal. = 94.554 / Wtd. con eff = 3.6961 / Wtd. HRF eff = 1.5984 / Pop var. = 0.3498 / time = 0.73
best of generation 112 / cbal. = 94.554 / Wtd. con eff = 3.6961 / Wtd. HRF eff = 1.5984 / Pop var. = 0.44159 / time = 0.74
best of generation 113 / cbal. = 94.554 / Wtd. con eff = 3.6961 / Wtd. HRF eff = 1.5984 / Pop var. = 0.42372 / time = 0.78
best of generation 114 / cbal. = 94.554 / Wtd. con eff = 3.6961 / Wtd. HRF eff = 1.5984 / Pop var. = 0.38144 / time = 0.73
best of generation 115 / cbal. = 94.554 / Wtd. con eff = 3.6961 / Wtd. HRF eff = 1.5984 / Pop var. = 0.49477 / time = 0.73
best of generation 116 / cbal. = 94.554 / Wtd. con eff = 3.6961 / Wtd. HRF eff = 1.5984 / Pop var. = 0.4248 / time = 0.73
best of generation 117 / cbal. = 94.554 / Wtd. con eff = 3.6961 / Wtd. HRF eff = 1.5984 / Pop var. = 0.33055 / time = 0.74
best of generation 118 / cbal. = 94.554 / Wtd. con eff = 3.6961 / Wtd. HRF eff = 1.5984 / Pop var. = 0.39836 / time = 0.75
best of generation 119 / cbal. = 94.3087 / Wtd. con eff = 3.715 / Wtd. HRF eff = 1.9325 / Pop var. = 0.44068 / time = 0.77
best of generation 120 / cbal. = 94.3087 / Wtd. con eff = 3.715 / Wtd. HRF eff = 1.9325 / Pop var. = 0.40082 / time = 0.73
best of generation 121 / cbal. = 94.3087 / Wtd. con eff = 3.715 / Wtd. HRF eff = 1.9325 / Pop var. = 0.37204 / time = 0.73
best of generation 122 / cbal. = 94.3087 / Wtd. con eff = 3.715 / Wtd. HRF eff = 1.9325 / Pop var. = 0.48938 / time = 0.74
best of generation 123 / cbal. = 94.3087 / Wtd. con eff = 3.715 / Wtd. HRF eff = 1.9325 / Pop var. = 0.43758 / time = 0.74
best of generation 124 / cbal. = 94.3087 / Wtd. con eff = 3.715 / Wtd. HRF eff = 1.9325 / Pop var. = 0.40159 / time = 0.78
best of generation 125 / cbal. = 94.3087 / Wtd. con eff = 3.715 / Wtd. HRF eff = 1.9325 / Pop var. = 0.34291 / time = 0.73
best of generation 126 / cbal. = 94.3087 / Wtd. con eff = 3.715 / Wtd. HRF eff = 1.9325 / Pop var. = 0.42977 / time = 0.73
best of generation 127 / cbal. = 94.3087 / Wtd. con eff = 3.715 / Wtd. HRF eff = 1.9325 / Pop var. = 0.3844 / time = 0.73
best of generation 128 / cbal. = 94.3087 / Wtd. con eff = 3.715 / Wtd. HRF eff = 1.9325 / Pop var. = 0.46196 / time = 0.74
best of generation 129 / cbal. = 94.3087 / Wtd. con eff = 3.715 / Wtd. HRF eff = 1.9325 / Pop var. = 0.43244 / time = 0.74
best of generation 130 / cbal. = 94.3087 / Wtd. con eff = 3.715 / Wtd. HRF eff = 1.9325 / Pop var. = 0.37976 / time = 0.74
best of generation 131 / cbal. = 94.3087 / Wtd. con eff = 3.715 / Wtd. HRF eff = 1.9325 / Pop var. = 0.45297 / time = 0.73
best of generation 132 / cbal. = 94.2106 / Wtd. con eff = 3.7215 / Wtd. HRF eff = 4.3064 / Pop var. = 0.36498 / time = 0.74
best of generation 133 / cbal. = 94.2106 / Wtd. con eff = 3.7215 / Wtd. HRF eff = 4.3064 / Pop var. = 0.45367 / time = 0.73
best of generation 134 / cbal. = 94.2106 / Wtd. con eff = 3.7215 / Wtd. HRF eff = 4.3064 / Pop var. = 0.43176 / time = 0.74
best of generation 135 / cbal. = 94.2106 / Wtd. con eff = 3.7215 / Wtd. HRF eff = 4.3064 / Pop var. = 0.43731 / time = 0.77
best of generation 136 / cbal. = 94.2106 / Wtd. con eff = 3.7215 / Wtd. HRF eff = 4.3064 / Pop var. = 0.40878 / time = 0.74
best of generation 137 / cbal. = 94.2106 / Wtd. con eff = 3.7215 / Wtd. HRF eff = 4.3064 / Pop var. = 0.35844 / time = 0.74
best of generation 138 / cbal. = 94.2106 / Wtd. con eff = 3.7215 / Wtd. HRF eff = 4.3064 / Pop var. = 0.40387 / time = 0.74
best of generation 139 / cbal. = 94.2106 / Wtd. con eff = 3.7215 / Wtd. HRF eff = 4.3064 / Pop var. = 0.38794 / time = 0.73
best of generation 140 / cbal. = 94.2106 / Wtd. con eff = 3.7215 / Wtd. HRF eff = 4.3064 / Pop var. = 0.45232 / time = 0.74
best of generation 141 / cbal. = 94.2106 / Wtd. con eff = 3.7215 / Wtd. HRF eff = 4.3064 / Pop var. = 0.40726 / time = 0.74
best of generation 142 / cbal. = 94.2106 / Wtd. con eff = 3.7215 / Wtd. HRF eff = 4.3064 / Pop var. = 0.38624 / time = 0.75
best of generation 143 / cbal. = 94.2106 / Wtd. con eff = 3.7215 / Wtd. HRF eff = 4.3064 / Pop var. = 0.47004 / time = 0.74
best of generation 144 / cbal. = 94.2106 / Wtd. con eff = 3.7215 / Wtd. HRF eff = 4.3064 / Pop var. = 0.42737 / time = 0.74
best of generation 145 / cbal. = 94.2106 / Wtd. con eff = 3.7215 / Wtd. HRF eff = 4.3064 / Pop var. = 0.33977 / time = 0.73
best of generation 146 / cbal. = 94.2106 / Wtd. con eff = 3.7215 / Wtd. HRF eff = 4.3064 / Pop var. = 0.40849 / time = 0.76
best of generation 147 / cbal. = 94.2106 / Wtd. con eff = 3.7215 / Wtd. HRF eff = 4.3064 / Pop var. = 0.31632 / time = 0.74
best of generation 148 / cbal. = 94.2106 / Wtd. con eff = 3.7215 / Wtd. HRF eff = 4.3064 / Pop var. = 0.37934 / time = 0.74
best of generation 149 / cbal. = 94.2106 / Wtd. con eff = 3.7215 / Wtd. HRF eff = 4.3064 / Pop var. = 0.42535 / time = 0.73
best of generation 150 / cbal. = 94.2106 / Wtd. con eff = 3.7215 / Wtd. HRF eff = 4.3064 / Pop var. = 0.36996 / time = 0.74
best of generation 151 / cbal. = 94.2106 / Wtd. con eff = 3.7215 / Wtd. HRF eff = 4.3064 / Pop var. = 0.44435 / time = 0.73
best of generation 152 / cbal. = 94.2106 / Wtd. con eff = 3.7215 / Wtd. HRF eff = 4.3064 / Pop var. = 0.37491 / time = 0.76
best of generation 153 / cbal. = 94.2665 / Wtd. con eff = 3.7256 / Wtd. HRF eff = 4.9437 / Pop var. = 0.43524 / time = 0.73
best of generation 154 / cbal. = 94.2665 / Wtd. con eff = 3.7256 / Wtd. HRF eff = 4.9437 / Pop var. = 0.34614 / time = 0.73
best of generation 155 / cbal. = 94.2665 / Wtd. con eff = 3.7256 / Wtd. HRF eff = 4.9437 / Pop var. = 0.40194 / time = 0.73
best of generation 156 / cbal. = 94.2665 / Wtd. con eff = 3.7256 / Wtd. HRF eff = 4.9437 / Pop var. = 0.35739 / time = 0.73
best of generation 157 / cbal. = 94.2665 / Wtd. con eff = 3.7256 / Wtd. HRF eff = 4.9437 / Pop var. = 0.37605 / time = 0.75
best of generation 158 / cbal. = 94.2665 / Wtd. con eff = 3.7256 / Wtd. HRF eff = 4.9437 / Pop var. = 0.44532 / time = 0.73
best of generation 159 / cbal. = 94.2665 / Wtd. con eff = 3.7256 / Wtd. HRF eff = 4.9437 / Pop var. = 0.37753 / time = 0.73
best of generation 160 / cbal. = 94.2665 / Wtd. con eff = 3.7256 / Wtd. HRF eff = 4.9437 / Pop var. = 0.39648 / time = 0.73
saving workspace as GAresults.mat
M = 
     origlist: [49x1 double]
     restlist: [20x1 double]
     stimlist: [60x1 double]
           ga: [1x1 struct]
    bestLists: [60x160 uint8]
         date: '11-9-2014'
optimizeGA done: 120.35 s
