Starting Model 5
OptimizeGA
===============================
Saturation threshold = 
Setting up variables
You entered 2 conditions  (event types) that will each be modeled with a regessor. 
 Note that if you enter 0 as a condition number, those events will not be modeled
 (they are assumed to be rest/inter-stimulus interval periods)

Contrasts entered. You entered matrix of 3 contrasts, with weights across 4 conditions.
 Contrasts:
     1     1    -1    -1
     1     0    -1     0
     0     1     0    -1
 ...adding one column to contrast matrix with weights of 0, to model the intercept
You entered a contrast weight vector across 3 contrasts
 	...Using rests of length 1 and resting every 4
================== Parameters ======================
     Total stimuli in scan      : 60
     Fixed rest length in ITIs  : 1
     Fixed Rest stimuli in scan : 11
     Num blank intervals        : 9
     Num of task conds          : 2
     Num stimuli each cond      : 20  20
====================================================
	...generating lists of organisms
	...USING TRANS2BLOCK >
     freqConditions = 0.2         0.2         0.2         0.2
     conditions = 1  2  3  4
REST INTERVALS: not used (to use, freqCond should be one longer than conditions
  ...randomizing organism start state
	...restMatrix is 20 X 40
ans =
     4     4     4     4     4     4     4     4     4     4
     4     4     4     4     4     4     4     4     4     4
     4     4     4     4     4     4     4     4     4     4
     4     4     4     4     4     4     4     4     4     4
     4     4     4     4     4     4     4     4     4     4
======== Num stimuli, averaged across lists (before instruction/rest stimuli) ========
		Condition 0: 9 stimuli, 15% of total stimuli
		Condition 1: 20 stimuli, 33.3333% of total stimuli
		Condition 2: 20 stimuli, 33.3333% of total stimuli
		Condition 3: 0 stimuli, 0% of total stimuli
		Condition 4: 0 stimuli, 0% of total stimuli
======================================================================================
best of generation 1 / cbal. = 94.4555 / Wtd. con eff = 2.6313 / Wtd. HRF eff = 0.56895 / Pop var. = 0.86543 / time = 0.74
best of generation 2 / cbal. = 94.287 / Wtd. con eff = 2.8111 / Wtd. HRF eff = 0.67052 / Pop var. = 0.84795 / time = 0.72
best of generation 3 / cbal. = 94.6931 / Wtd. con eff = 2.9316 / Wtd. HRF eff = 0.92731 / Pop var. = 0.83113 / time = 0.73
best of generation 4 / cbal. = 94.6379 / Wtd. con eff = 3.3894 / Wtd. HRF eff = 0.95832 / Pop var. = 0.82294 / time = 0.75
best of generation 5 / cbal. = 95.004 / Wtd. con eff = 3.2701 / Wtd. HRF eff = 0.61816 / Pop var. = 0.8188 / time = 0.74
best of generation 6 / cbal. = 95.004 / Wtd. con eff = 3.2701 / Wtd. HRF eff = 0.61816 / Pop var. = 0.79324 / time = 0.82
best of generation 7 / cbal. = 94.7238 / Wtd. con eff = 3.4548 / Wtd. HRF eff = 0.97075 / Pop var. = 0.77427 / time = 0.74
best of generation 8 / cbal. = 94.9398 / Wtd. con eff = 3.4164 / Wtd. HRF eff = 0.62469 / Pop var. = 0.75011 / time = 0.74
best of generation 9 / cbal. = 94.9398 / Wtd. con eff = 3.4164 / Wtd. HRF eff = 0.62469 / Pop var. = 0.75853 / time = 0.74
best of generation 10 / cbal. = 94.9841 / Wtd. con eff = 3.4156 / Wtd. HRF eff = 0.62508 / Pop var. = 0.70309 / time = 0.74
best of generation 11 / cbal. = 94.9841 / Wtd. con eff = 3.4156 / Wtd. HRF eff = 0.62508 / Pop var. = 0.5731 / time = 0.74
best of generation 12 / cbal. = 94.9968 / Wtd. con eff = 3.4263 / Wtd. HRF eff = 0.66786 / Pop var. = 0.49652 / time = 0.75
best of generation 13 / cbal. = 94.9968 / Wtd. con eff = 3.4263 / Wtd. HRF eff = 0.66786 / Pop var. = 0.36926 / time = 0.74
best of generation 14 / cbal. = 94.9968 / Wtd. con eff = 3.4263 / Wtd. HRF eff = 0.66786 / Pop var. = 0.45915 / time = 0.75
best of generation 15 / cbal. = 94.6885 / Wtd. con eff = 3.4495 / Wtd. HRF eff = 0.90908 / Pop var. = 0.42611 / time = 0.76
best of generation 16 / cbal. = 94.6885 / Wtd. con eff = 3.4495 / Wtd. HRF eff = 0.90908 / Pop var. = 0.37438 / time = 0.74
best of generation 17 / cbal. = 94.6885 / Wtd. con eff = 3.4495 / Wtd. HRF eff = 0.90908 / Pop var. = 0.40902 / time = 0.73
best of generation 18 / cbal. = 94.6885 / Wtd. con eff = 3.4616 / Wtd. HRF eff = 0.90758 / Pop var. = 0.39951 / time = 0.73
best of generation 19 / cbal. = 94.6885 / Wtd. con eff = 3.4616 / Wtd. HRF eff = 0.90758 / Pop var. = 0.50731 / time = 0.74
best of generation 20 / cbal. = 94.4807 / Wtd. con eff = 3.5462 / Wtd. HRF eff = 1.0771 / Pop var. = 0.56708 / time = 0.73
best of generation 21 / cbal. = 94.4807 / Wtd. con eff = 3.5462 / Wtd. HRF eff = 1.0771 / Pop var. = 0.50986 / time = 0.74
best of generation 22 / cbal. = 94.4807 / Wtd. con eff = 3.5462 / Wtd. HRF eff = 1.0771 / Pop var. = 0.46004 / time = 0.74
best of generation 23 / cbal. = 94.4807 / Wtd. con eff = 3.5462 / Wtd. HRF eff = 1.0771 / Pop var. = 0.4561 / time = 0.73
best of generation 24 / cbal. = 94.4807 / Wtd. con eff = 3.5462 / Wtd. HRF eff = 1.0771 / Pop var. = 0.3993 / time = 0.75
best of generation 25 / cbal. = 94.4807 / Wtd. con eff = 3.5462 / Wtd. HRF eff = 1.0771 / Pop var. = 0.47163 / time = 0.74
best of generation 26 / cbal. = 94.4807 / Wtd. con eff = 3.5462 / Wtd. HRF eff = 1.0771 / Pop var. = 0.42356 / time = 0.74
best of generation 27 / cbal. = 94.4807 / Wtd. con eff = 3.5462 / Wtd. HRF eff = 1.0771 / Pop var. = 0.39422 / time = 0.75
best of generation 28 / cbal. = 94.4807 / Wtd. con eff = 3.5462 / Wtd. HRF eff = 1.0771 / Pop var. = 0.49298 / time = 0.74
best of generation 29 / cbal. = 95.2986 / Wtd. con eff = 3.4753 / Wtd. HRF eff = 1.1819 / Pop var. = 0.48619 / time = 0.73
best of generation 30 / cbal. = 95.2986 / Wtd. con eff = 3.4753 / Wtd. HRF eff = 1.1819 / Pop var. = 0.47814 / time = 0.74
best of generation 31 / cbal. = 95.2986 / Wtd. con eff = 3.4753 / Wtd. HRF eff = 1.1819 / Pop var. = 0.48693 / time = 0.74
best of generation 32 / cbal. = 95.2986 / Wtd. con eff = 3.4753 / Wtd. HRF eff = 1.1819 / Pop var. = 0.4959 / time = 0.75
best of generation 33 / cbal. = 94.4372 / Wtd. con eff = 3.5988 / Wtd. HRF eff = 1.3998 / Pop var. = 0.49328 / time = 0.73
best of generation 34 / cbal. = 94.4372 / Wtd. con eff = 3.5988 / Wtd. HRF eff = 1.3998 / Pop var. = 0.51002 / time = 0.73
best of generation 35 / cbal. = 94.4372 / Wtd. con eff = 3.5988 / Wtd. HRF eff = 1.3998 / Pop var. = 0.48692 / time = 0.75
best of generation 36 / cbal. = 94.4372 / Wtd. con eff = 3.5988 / Wtd. HRF eff = 1.3998 / Pop var. = 0.49636 / time = 0.74
best of generation 37 / cbal. = 94.5467 / Wtd. con eff = 3.6263 / Wtd. HRF eff = 1.037 / Pop var. = 0.49245 / time = 0.74
best of generation 38 / cbal. = 94.5911 / Wtd. con eff = 3.6011 / Wtd. HRF eff = 1.9318 / Pop var. = 0.4528 / time = 0.74
best of generation 39 / cbal. = 94.5911 / Wtd. con eff = 3.6011 / Wtd. HRF eff = 1.9318 / Pop var. = 0.43101 / time = 0.73
best of generation 40 / cbal. = 94.5911 / Wtd. con eff = 3.6011 / Wtd. HRF eff = 1.9318 / Pop var. = 0.41354 / time = 0.75
best of generation 41 / cbal. = 94.2946 / Wtd. con eff = 3.6455 / Wtd. HRF eff = 1.5293 / Pop var. = 0.38065 / time = 0.73
best of generation 42 / cbal. = 94.7494 / Wtd. con eff = 3.6152 / Wtd. HRF eff = 1.8053 / Pop var. = 0.45767 / time = 0.75
best of generation 43 / cbal. = 94.7494 / Wtd. con eff = 3.6152 / Wtd. HRF eff = 1.8053 / Pop var. = 0.38438 / time = 0.73
best of generation 44 / cbal. = 94.7494 / Wtd. con eff = 3.6152 / Wtd. HRF eff = 1.8053 / Pop var. = 0.44292 / time = 0.75
best of generation 45 / cbal. = 94.4517 / Wtd. con eff = 3.6411 / Wtd. HRF eff = 2.0326 / Pop var. = 0.4001 / time = 0.74
best of generation 46 / cbal. = 94.4228 / Wtd. con eff = 3.6585 / Wtd. HRF eff = 2.2661 / Pop var. = 0.31617 / time = 0.75
best of generation 47 / cbal. = 94.4228 / Wtd. con eff = 3.6585 / Wtd. HRF eff = 2.2661 / Pop var. = 0.38945 / time = 0.73
best of generation 48 / cbal. = 94.4228 / Wtd. con eff = 3.6585 / Wtd. HRF eff = 2.2661 / Pop var. = 0.4533 / time = 1.01
best of generation 49 / cbal. = 94.4228 / Wtd. con eff = 3.6585 / Wtd. HRF eff = 2.2661 / Pop var. = 0.45345 / time = 0.77
best of generation 50 / cbal. = 94.4228 / Wtd. con eff = 3.6585 / Wtd. HRF eff = 2.2661 / Pop var. = 0.38862 / time = 0.78
best of generation 51 / cbal. = 94.4228 / Wtd. con eff = 3.6585 / Wtd. HRF eff = 2.2661 / Pop var. = 0.42652 / time = 0.78
best of generation 52 / cbal. = 94.4228 / Wtd. con eff = 3.6585 / Wtd. HRF eff = 2.2661 / Pop var. = 0.39236 / time = 0.74
best of generation 53 / cbal. = 94.4228 / Wtd. con eff = 3.6585 / Wtd. HRF eff = 2.2661 / Pop var. = 0.42683 / time = 0.76
best of generation 54 / cbal. = 94.4228 / Wtd. con eff = 3.6585 / Wtd. HRF eff = 2.2661 / Pop var. = 0.38477 / time = 0.75
best of generation 55 / cbal. = 94.4228 / Wtd. con eff = 3.6585 / Wtd. HRF eff = 2.2661 / Pop var. = 0.46297 / time = 0.76
best of generation 56 / cbal. = 94.4228 / Wtd. con eff = 3.6585 / Wtd. HRF eff = 2.2661 / Pop var. = 0.40942 / time = 0.76
best of generation 57 / cbal. = 94.4228 / Wtd. con eff = 3.6585 / Wtd. HRF eff = 2.2661 / Pop var. = 0.38042 / time = 0.75
best of generation 58 / cbal. = 94.4228 / Wtd. con eff = 3.6585 / Wtd. HRF eff = 2.2661 / Pop var. = 0.44197 / time = 0.9
best of generation 59 / cbal. = 94.4228 / Wtd. con eff = 3.6585 / Wtd. HRF eff = 2.2661 / Pop var. = 0.35573 / time = 0.75
best of generation 60 / cbal. = 94.5173 / Wtd. con eff = 3.6565 / Wtd. HRF eff = 3.8252 / Pop var. = 0.38573 / time = 0.76
best of generation 61 / cbal. = 94.5173 / Wtd. con eff = 3.6565 / Wtd. HRF eff = 3.8252 / Pop var. = 0.48684 / time = 0.74
best of generation 62 / cbal. = 94.5173 / Wtd. con eff = 3.6565 / Wtd. HRF eff = 3.8252 / Pop var. = 0.44859 / time = 0.77
best of generation 63 / cbal. = 94.5173 / Wtd. con eff = 3.6565 / Wtd. HRF eff = 3.8252 / Pop var. = 0.45652 / time = 0.73
best of generation 64 / cbal. = 94.5173 / Wtd. con eff = 3.6565 / Wtd. HRF eff = 3.8252 / Pop var. = 0.38032 / time = 0.75
best of generation 65 / cbal. = 94.5173 / Wtd. con eff = 3.6648 / Wtd. HRF eff = 3.7309 / Pop var. = 0.45952 / time = 0.79
best of generation 66 / cbal. = 94.5173 / Wtd. con eff = 3.6648 / Wtd. HRF eff = 3.7309 / Pop var. = 0.44746 / time = 0.74
best of generation 67 / cbal. = 94.5173 / Wtd. con eff = 3.6648 / Wtd. HRF eff = 3.7309 / Pop var. = 0.41591 / time = 0.74
best of generation 68 / cbal. = 94.5173 / Wtd. con eff = 3.6648 / Wtd. HRF eff = 3.7309 / Pop var. = 0.35594 / time = 0.75
best of generation 69 / cbal. = 94.5173 / Wtd. con eff = 3.6648 / Wtd. HRF eff = 3.7309 / Pop var. = 0.43304 / time = 0.74
best of generation 70 / cbal. = 94.5173 / Wtd. con eff = 3.6648 / Wtd. HRF eff = 3.7309 / Pop var. = 0.39749 / time = 0.74
best of generation 71 / cbal. = 94.5173 / Wtd. con eff = 3.6648 / Wtd. HRF eff = 3.7309 / Pop var. = 0.48787 / time = 0.74
best of generation 72 / cbal. = 94.5173 / Wtd. con eff = 3.6648 / Wtd. HRF eff = 3.7309 / Pop var. = 0.43237 / time = 0.75
best of generation 73 / cbal. = 94.5173 / Wtd. con eff = 3.6648 / Wtd. HRF eff = 3.7309 / Pop var. = 0.40844 / time = 0.74
best of generation 74 / cbal. = 94.5173 / Wtd. con eff = 3.6648 / Wtd. HRF eff = 3.7309 / Pop var. = 0.34376 / time = 0.73
best of generation 75 / cbal. = 94.5173 / Wtd. con eff = 3.6648 / Wtd. HRF eff = 3.7309 / Pop var. = 0.36583 / time = 0.81
best of generation 76 / cbal. = 94.5319 / Wtd. con eff = 3.6683 / Wtd. HRF eff = 3.6556 / Pop var. = 0.46283 / time = 0.75
best of generation 77 / cbal. = 94.4953 / Wtd. con eff = 3.7086 / Wtd. HRF eff = 1.7508 / Pop var. = 0.40608 / time = 0.74
best of generation 78 / cbal. = 94.4953 / Wtd. con eff = 3.7086 / Wtd. HRF eff = 1.7508 / Pop var. = 0.38872 / time = 0.75
best of generation 79 / cbal. = 94.4953 / Wtd. con eff = 3.7086 / Wtd. HRF eff = 1.7508 / Pop var. = 0.46734 / time = 0.74
best of generation 80 / cbal. = 94.4953 / Wtd. con eff = 3.7086 / Wtd. HRF eff = 1.7508 / Pop var. = 0.45834 / time = 0.75
best of generation 81 / cbal. = 94.4953 / Wtd. con eff = 3.7086 / Wtd. HRF eff = 1.7508 / Pop var. = 0.43656 / time = 0.73
best of generation 82 / cbal. = 94.4953 / Wtd. con eff = 3.7086 / Wtd. HRF eff = 1.7508 / Pop var. = 0.36379 / time = 0.74
best of generation 83 / cbal. = 94.4953 / Wtd. con eff = 3.7086 / Wtd. HRF eff = 1.7508 / Pop var. = 0.44063 / time = 0.74
best of generation 84 / cbal. = 94.4953 / Wtd. con eff = 3.7086 / Wtd. HRF eff = 1.7508 / Pop var. = 0.41773 / time = 0.75
best of generation 85 / cbal. = 94.4953 / Wtd. con eff = 3.7086 / Wtd. HRF eff = 1.7508 / Pop var. = 0.34638 / time = 0.74
best of generation 86 / cbal. = 94.4953 / Wtd. con eff = 3.7086 / Wtd. HRF eff = 1.7508 / Pop var. = 0.39608 / time = 0.75
best of generation 87 / cbal. = 94.4953 / Wtd. con eff = 3.7086 / Wtd. HRF eff = 1.7508 / Pop var. = 0.44288 / time = 0.74
best of generation 88 / cbal. = 94.4953 / Wtd. con eff = 3.7086 / Wtd. HRF eff = 1.7508 / Pop var. = 0.3999 / time = 0.75
best of generation 89 / cbal. = 94.4953 / Wtd. con eff = 3.7086 / Wtd. HRF eff = 1.7508 / Pop var. = 0.46644 / time = 0.74
best of generation 90 / cbal. = 94.4953 / Wtd. con eff = 3.7086 / Wtd. HRF eff = 1.7508 / Pop var. = 0.39683 / time = 0.74
best of generation 91 / cbal. = 94.4953 / Wtd. con eff = 3.7086 / Wtd. HRF eff = 1.7508 / Pop var. = 0.42147 / time = 0.74
best of generation 92 / cbal. = 94.4953 / Wtd. con eff = 3.7086 / Wtd. HRF eff = 1.7508 / Pop var. = 0.37639 / time = 0.73
best of generation 93 / cbal. = 94.4953 / Wtd. con eff = 3.7086 / Wtd. HRF eff = 1.7508 / Pop var. = 0.42963 / time = 0.73
best of generation 94 / cbal. = 94.4953 / Wtd. con eff = 3.7086 / Wtd. HRF eff = 1.7508 / Pop var. = 0.38509 / time = 0.74
best of generation 95 / cbal. = 94.6283 / Wtd. con eff = 3.5905 / Wtd. HRF eff = 3.6943 / Pop var. = 0.46159 / time = 0.74
best of generation 96 / cbal. = 94.4953 / Wtd. con eff = 3.7086 / Wtd. HRF eff = 1.7508 / Pop var. = 0.40018 / time = 0.74
best of generation 97 / cbal. = 94.4953 / Wtd. con eff = 3.7086 / Wtd. HRF eff = 1.7508 / Pop var. = 0.38084 / time = 0.73
best of generation 98 / cbal. = 94.4953 / Wtd. con eff = 3.7086 / Wtd. HRF eff = 1.7508 / Pop var. = 0.45665 / time = 0.73
best of generation 99 / cbal. = 94.4953 / Wtd. con eff = 3.6729 / Wtd. HRF eff = 3.9845 / Pop var. = 0.39445 / time = 0.74
best of generation 100 / cbal. = 94.4953 / Wtd. con eff = 3.6729 / Wtd. HRF eff = 3.9845 / Pop var. = 0.43435 / time = 0.74
best of generation 101 / cbal. = 94.4953 / Wtd. con eff = 3.6729 / Wtd. HRF eff = 3.9845 / Pop var. = 0.3954 / time = 0.73
best of generation 102 / cbal. = 94.4953 / Wtd. con eff = 3.6729 / Wtd. HRF eff = 3.9845 / Pop var. = 0.43979 / time = 0.74
best of generation 103 / cbal. = 94.4953 / Wtd. con eff = 3.6729 / Wtd. HRF eff = 3.9845 / Pop var. = 0.42101 / time = 0.74
best of generation 104 / cbal. = 94.4517 / Wtd. con eff = 3.6792 / Wtd. HRF eff = 3.9644 / Pop var. = 0.34876 / time = 0.74
best of generation 105 / cbal. = 94.4517 / Wtd. con eff = 3.6792 / Wtd. HRF eff = 3.9644 / Pop var. = 0.45973 / time = 0.74
best of generation 106 / cbal. = 94.4517 / Wtd. con eff = 3.6792 / Wtd. HRF eff = 3.9644 / Pop var. = 0.43667 / time = 0.72
best of generation 107 / cbal. = 94.4517 / Wtd. con eff = 3.6792 / Wtd. HRF eff = 3.9644 / Pop var. = 0.42651 / time = 0.75
best of generation 108 / cbal. = 94.4517 / Wtd. con eff = 3.6792 / Wtd. HRF eff = 3.9644 / Pop var. = 0.37933 / time = 0.74
best of generation 109 / cbal. = 94.4517 / Wtd. con eff = 3.6792 / Wtd. HRF eff = 3.9644 / Pop var. = 0.43117 / time = 0.73
best of generation 110 / cbal. = 94.4517 / Wtd. con eff = 3.6792 / Wtd. HRF eff = 3.9644 / Pop var. = 0.38866 / time = 0.74
best of generation 111 / cbal. = 94.4517 / Wtd. con eff = 3.6792 / Wtd. HRF eff = 3.9644 / Pop var. = 0.45988 / time = 0.73
best of generation 112 / cbal. = 94.4517 / Wtd. con eff = 3.6792 / Wtd. HRF eff = 3.9644 / Pop var. = 0.3878 / time = 0.74
best of generation 113 / cbal. = 94.4517 / Wtd. con eff = 3.6792 / Wtd. HRF eff = 3.9644 / Pop var. = 0.42638 / time = 0.75
best of generation 114 / cbal. = 94.4517 / Wtd. con eff = 3.6792 / Wtd. HRF eff = 3.9644 / Pop var. = 0.37993 / time = 0.73
best of generation 115 / cbal. = 94.4517 / Wtd. con eff = 3.6792 / Wtd. HRF eff = 3.9644 / Pop var. = 0.47309 / time = 0.75
best of generation 116 / cbal. = 94.5099 / Wtd. con eff = 3.6727 / Wtd. HRF eff = 3.9752 / Pop var. = 0.3967 / time = 0.73
best of generation 117 / cbal. = 94.5099 / Wtd. con eff = 3.6727 / Wtd. HRF eff = 3.9752 / Pop var. = 0.48696 / time = 0.74
best of generation 118 / cbal. = 94.5099 / Wtd. con eff = 3.6727 / Wtd. HRF eff = 3.9752 / Pop var. = 0.41416 / time = 0.74
best of generation 119 / cbal. = 94.5099 / Wtd. con eff = 3.6727 / Wtd. HRF eff = 3.9752 / Pop var. = 0.29693 / time = 0.8
best of generation 120 / cbal. = 94.5099 / Wtd. con eff = 3.6727 / Wtd. HRF eff = 3.9752 / Pop var. = 0.38941 / time = 0.73
best of generation 121 / cbal. = 94.5099 / Wtd. con eff = 3.6727 / Wtd. HRF eff = 3.9752 / Pop var. = 0.46266 / time = 0.74
best of generation 122 / cbal. = 94.5099 / Wtd. con eff = 3.6727 / Wtd. HRF eff = 3.9752 / Pop var. = 0.43133 / time = 0.74
best of generation 123 / cbal. = 94.5099 / Wtd. con eff = 3.6727 / Wtd. HRF eff = 3.9752 / Pop var. = 0.41583 / time = 0.73
best of generation 124 / cbal. = 94.5099 / Wtd. con eff = 3.6727 / Wtd. HRF eff = 3.9752 / Pop var. = 0.36622 / time = 0.74
best of generation 125 / cbal. = 94.5099 / Wtd. con eff = 3.6727 / Wtd. HRF eff = 3.9752 / Pop var. = 0.4329 / time = 0.74
best of generation 126 / cbal. = 94.5099 / Wtd. con eff = 3.6727 / Wtd. HRF eff = 3.9752 / Pop var. = 0.36927 / time = 0.72
best of generation 127 / cbal. = 94.5099 / Wtd. con eff = 3.6727 / Wtd. HRF eff = 3.9752 / Pop var. = 0.44967 / time = 0.75
best of generation 128 / cbal. = 94.5099 / Wtd. con eff = 3.6727 / Wtd. HRF eff = 3.9752 / Pop var. = 0.4321 / time = 0.74
best of generation 129 / cbal. = 94.5099 / Wtd. con eff = 3.6727 / Wtd. HRF eff = 3.9752 / Pop var. = 0.35225 / time = 0.74
best of generation 130 / cbal. = 94.5099 / Wtd. con eff = 3.6727 / Wtd. HRF eff = 3.9752 / Pop var. = 0.34859 / time = 0.73
best of generation 131 / cbal. = 94.5099 / Wtd. con eff = 3.6727 / Wtd. HRF eff = 3.9752 / Pop var. = 0.41373 / time = 0.73
best of generation 132 / cbal. = 94.5099 / Wtd. con eff = 3.6727 / Wtd. HRF eff = 3.9752 / Pop var. = 0.36275 / time = 0.74
best of generation 133 / cbal. = 94.5099 / Wtd. con eff = 3.6727 / Wtd. HRF eff = 3.9752 / Pop var. = 0.40142 / time = 0.73
best of generation 134 / cbal. = 94.5099 / Wtd. con eff = 3.6727 / Wtd. HRF eff = 3.9752 / Pop var. = 0.32332 / time = 0.74
best of generation 135 / cbal. = 94.5099 / Wtd. con eff = 3.6727 / Wtd. HRF eff = 3.9752 / Pop var. = 0.37897 / time = 0.76
best of generation 136 / cbal. = 94.5099 / Wtd. con eff = 3.6727 / Wtd. HRF eff = 3.9752 / Pop var. = 0.43097 / time = 0.74
best of generation 137 / cbal. = 94.5099 / Wtd. con eff = 3.6727 / Wtd. HRF eff = 3.9752 / Pop var. = 0.40417 / time = 0.74
best of generation 138 / cbal. = 94.5099 / Wtd. con eff = 3.6727 / Wtd. HRF eff = 3.9752 / Pop var. = 0.40092 / time = 0.74
best of generation 139 / cbal. = 94.5099 / Wtd. con eff = 3.6727 / Wtd. HRF eff = 3.9752 / Pop var. = 0.29876 / time = 0.74
best of generation 140 / cbal. = 94.5099 / Wtd. con eff = 3.6727 / Wtd. HRF eff = 3.9752 / Pop var. = 0.36085 / time = 0.75
best of generation 141 / cbal. = 94.5099 / Wtd. con eff = 3.6727 / Wtd. HRF eff = 3.9752 / Pop var. = 0.42914 / time = 0.74
best of generation 142 / cbal. = 94.5099 / Wtd. con eff = 3.6727 / Wtd. HRF eff = 3.9752 / Pop var. = 0.39745 / time = 0.74
best of generation 143 / cbal. = 94.5099 / Wtd. con eff = 3.6727 / Wtd. HRF eff = 3.9752 / Pop var. = 0.48914 / time = 0.75
best of generation 144 / cbal. = 94.5099 / Wtd. con eff = 3.6727 / Wtd. HRF eff = 3.9752 / Pop var. = 0.43347 / time = 0.74
best of generation 145 / cbal. = 94.5099 / Wtd. con eff = 3.6727 / Wtd. HRF eff = 3.9752 / Pop var. = 0.40313 / time = 0.74
best of generation 146 / cbal. = 94.5099 / Wtd. con eff = 3.6727 / Wtd. HRF eff = 3.9752 / Pop var. = 0.38126 / time = 0.75
best of generation 147 / cbal. = 94.5099 / Wtd. con eff = 3.6727 / Wtd. HRF eff = 3.9752 / Pop var. = 0.44165 / time = 0.74
best of generation 148 / cbal. = 94.5099 / Wtd. con eff = 3.6727 / Wtd. HRF eff = 3.9752 / Pop var. = 0.33944 / time = 0.76
best of generation 149 / cbal. = 94.5099 / Wtd. con eff = 3.6727 / Wtd. HRF eff = 3.9752 / Pop var. = 0.39576 / time = 0.73
best of generation 150 / cbal. = 94.5099 / Wtd. con eff = 3.6727 / Wtd. HRF eff = 3.9752 / Pop var. = 0.4622 / time = 0.74
best of generation 151 / cbal. = 94.5099 / Wtd. con eff = 3.6727 / Wtd. HRF eff = 3.9752 / Pop var. = 0.38172 / time = 0.74
best of generation 152 / cbal. = 94.5099 / Wtd. con eff = 3.6727 / Wtd. HRF eff = 3.9752 / Pop var. = 0.43404 / time = 0.73
best of generation 153 / cbal. = 94.5099 / Wtd. con eff = 3.6727 / Wtd. HRF eff = 3.9752 / Pop var. = 0.39372 / time = 0.74
best of generation 154 / cbal. = 94.5099 / Wtd. con eff = 3.6727 / Wtd. HRF eff = 3.9752 / Pop var. = 0.48223 / time = 0.73
best of generation 155 / cbal. = 94.5099 / Wtd. con eff = 3.6727 / Wtd. HRF eff = 3.9752 / Pop var. = 0.40597 / time = 0.75
best of generation 156 / cbal. = 94.5099 / Wtd. con eff = 3.6727 / Wtd. HRF eff = 3.9752 / Pop var. = 0.36381 / time = 0.75
best of generation 157 / cbal. = 94.5099 / Wtd. con eff = 3.6727 / Wtd. HRF eff = 3.9752 / Pop var. = 0.40612 / time = 0.74
best of generation 158 / cbal. = 94.5099 / Wtd. con eff = 3.6727 / Wtd. HRF eff = 3.9752 / Pop var. = 0.39409 / time = 0.73
best of generation 159 / cbal. = 94.5099 / Wtd. con eff = 3.6727 / Wtd. HRF eff = 3.9752 / Pop var. = 0.48155 / time = 0.74
saving workspace as GAresults.mat
M = 
     origlist: [49x1 double]
     restlist: [20x1 double]
     stimlist: [60x1 double]
           ga: [1x1 struct]
    bestLists: [60x159 uint8]
         date: '11-9-2014'
optimizeGA done: 120.79 s
