Starting Model 8
OptimizeGA
===============================
Saturation threshold = 
Setting up variables
You entered 2 conditions  (event types) that will each be modeled with a regessor. 
 Note that if you enter 0 as a condition number, those events will not be modeled
 (they are assumed to be rest/inter-stimulus interval periods)

Contrasts entered. You entered matrix of 3 contrasts, with weights across 4 conditions.
 Contrasts:
     1     1    -1    -1
     1     0    -1     0
     0     1     0    -1
 ...adding one column to contrast matrix with weights of 0, to model the intercept
You entered a contrast weight vector across 3 contrasts
 	...Using rests of length 1 and resting every 4
================== Parameters ======================
     Total stimuli in scan      : 60
     Fixed rest length in ITIs  : 1
     Fixed Rest stimuli in scan : 11
     Num blank intervals        : 9
     Num of task conds          : 2
     Num stimuli each cond      : 20  20
====================================================
	...generating lists of organisms
	...USING TRANS2BLOCK >
     freqConditions = 0.2         0.2         0.2         0.2
     conditions = 1  2  3  4
REST INTERVALS: not used (to use, freqCond should be one longer than conditions
  ...randomizing organism start state
	...restMatrix is 20 X 40
ans =
     4     4     4     4     4     4     4     4     4     4
     4     4     4     4     4     4     4     4     4     4
     4     4     4     4     4     4     4     4     4     4
     4     4     4     4     4     4     4     4     4     4
     4     4     4     4     4     4     4     4     4     4
======== Num stimuli, averaged across lists (before instruction/rest stimuli) ========
		Condition 0: 9 stimuli, 15% of total stimuli
		Condition 1: 20 stimuli, 33.3333% of total stimuli
		Condition 2: 20 stimuli, 33.3333% of total stimuli
		Condition 3: 0 stimuli, 0% of total stimuli
		Condition 4: 0 stimuli, 0% of total stimuli
======================================================================================
best of generation 1 / cbal. = 94.3083 / Wtd. con eff = 2.7445 / Wtd. HRF eff = 0.56937 / Pop var. = 0.8607 / time = 0.76
best of generation 2 / cbal. = 94.9162 / Wtd. con eff = 2.6975 / Wtd. HRF eff = 0.65916 / Pop var. = 0.84832 / time = 0.73
best of generation 3 / cbal. = 94.7163 / Wtd. con eff = 2.8358 / Wtd. HRF eff = 0.61019 / Pop var. = 0.8242 / time = 0.72
best of generation 4 / cbal. = 95.0629 / Wtd. con eff = 3.0879 / Wtd. HRF eff = 0.60292 / Pop var. = 0.8154 / time = 0.74
best of generation 5 / cbal. = 95.0629 / Wtd. con eff = 3.0879 / Wtd. HRF eff = 0.60292 / Pop var. = 0.7761 / time = 0.73
best of generation 6 / cbal. = 95.0629 / Wtd. con eff = 3.0879 / Wtd. HRF eff = 0.60292 / Pop var. = 0.74765 / time = 0.73
best of generation 7 / cbal. = 95.007 / Wtd. con eff = 3.2131 / Wtd. HRF eff = 0.66906 / Pop var. = 0.70341 / time = 0.72
best of generation 8 / cbal. = 95.0328 / Wtd. con eff = 3.172 / Wtd. HRF eff = 0.701 / Pop var. = 0.65004 / time = 0.73
best of generation 9 / cbal. = 94.7787 / Wtd. con eff = 3.2939 / Wtd. HRF eff = 0.7164 / Pop var. = 0.62704 / time = 0.73
best of generation 10 / cbal. = 94.9714 / Wtd. con eff = 3.3538 / Wtd. HRF eff = 0.84128 / Pop var. = 0.52307 / time = 0.74
best of generation 11 / cbal. = 94.9714 / Wtd. con eff = 3.3538 / Wtd. HRF eff = 0.84128 / Pop var. = 0.49188 / time = 0.75
best of generation 12 / cbal. = 94.9714 / Wtd. con eff = 3.3538 / Wtd. HRF eff = 0.84128 / Pop var. = 0.48103 / time = 0.73
best of generation 13 / cbal. = 95.0084 / Wtd. con eff = 3.4876 / Wtd. HRF eff = 0.98416 / Pop var. = 0.40209 / time = 0.74
best of generation 14 / cbal. = 95.0395 / Wtd. con eff = 3.444 / Wtd. HRF eff = 0.86914 / Pop var. = 0.44126 / time = 0.74
best of generation 15 / cbal. = 95.0395 / Wtd. con eff = 3.444 / Wtd. HRF eff = 0.86914 / Pop var. = 0.43108 / time = 0.74
best of generation 16 / cbal. = 94.8812 / Wtd. con eff = 3.5539 / Wtd. HRF eff = 1.1605 / Pop var. = 0.37953 / time = 0.73
best of generation 17 / cbal. = 94.8812 / Wtd. con eff = 3.5539 / Wtd. HRF eff = 1.1605 / Pop var. = 0.47039 / time = 0.75
best of generation 18 / cbal. = 94.8812 / Wtd. con eff = 3.5539 / Wtd. HRF eff = 1.1605 / Pop var. = 0.41674 / time = 0.76
best of generation 19 / cbal. = 94.8812 / Wtd. con eff = 3.5539 / Wtd. HRF eff = 1.1605 / Pop var. = 0.34276 / time = 0.75
best of generation 20 / cbal. = 94.8812 / Wtd. con eff = 3.5539 / Wtd. HRF eff = 1.1605 / Pop var. = 0.42473 / time = 0.73
best of generation 21 / cbal. = 94.9127 / Wtd. con eff = 3.5559 / Wtd. HRF eff = 1.2291 / Pop var. = 0.3599 / time = 0.76
best of generation 22 / cbal. = 94.9127 / Wtd. con eff = 3.5559 / Wtd. HRF eff = 1.2291 / Pop var. = 0.46864 / time = 0.75
best of generation 23 / cbal. = 94.9127 / Wtd. con eff = 3.5559 / Wtd. HRF eff = 1.2291 / Pop var. = 0.40675 / time = 0.74
best of generation 24 / cbal. = 94.9127 / Wtd. con eff = 3.5559 / Wtd. HRF eff = 1.2291 / Pop var. = 0.38155 / time = 0.75
best of generation 25 / cbal. = 94.9127 / Wtd. con eff = 3.5559 / Wtd. HRF eff = 1.2291 / Pop var. = 0.42649 / time = 0.74
best of generation 26 / cbal. = 94.9206 / Wtd. con eff = 3.5397 / Wtd. HRF eff = 1.3068 / Pop var. = 0.36238 / time = 0.75
best of generation 27 / cbal. = 94.9206 / Wtd. con eff = 3.5397 / Wtd. HRF eff = 1.3068 / Pop var. = 0.38304 / time = 0.75
best of generation 28 / cbal. = 94.9206 / Wtd. con eff = 3.5397 / Wtd. HRF eff = 1.3068 / Pop var. = 0.48249 / time = 0.74
best of generation 29 / cbal. = 94.9206 / Wtd. con eff = 3.5397 / Wtd. HRF eff = 1.3068 / Pop var. = 0.46477 / time = 0.75
best of generation 30 / cbal. = 94.488 / Wtd. con eff = 3.6343 / Wtd. HRF eff = 1.3182 / Pop var. = 0.42484 / time = 0.74
best of generation 31 / cbal. = 94.488 / Wtd. con eff = 3.6343 / Wtd. HRF eff = 1.3182 / Pop var. = 0.38212 / time = 0.74
best of generation 32 / cbal. = 94.488 / Wtd. con eff = 3.6343 / Wtd. HRF eff = 1.3182 / Pop var. = 0.40511 / time = 0.74
best of generation 33 / cbal. = 94.488 / Wtd. con eff = 3.6343 / Wtd. HRF eff = 1.3182 / Pop var. = 0.36938 / time = 0.75
best of generation 34 / cbal. = 94.488 / Wtd. con eff = 3.6343 / Wtd. HRF eff = 1.3182 / Pop var. = 0.42869 / time = 0.74
best of generation 35 / cbal. = 94.488 / Wtd. con eff = 3.6343 / Wtd. HRF eff = 1.3182 / Pop var. = 0.34361 / time = 0.76
best of generation 36 / cbal. = 94.488 / Wtd. con eff = 3.6343 / Wtd. HRF eff = 1.3182 / Pop var. = 0.43929 / time = 0.75
best of generation 37 / cbal. = 94.488 / Wtd. con eff = 3.6343 / Wtd. HRF eff = 1.3182 / Pop var. = 0.41408 / time = 0.74
best of generation 38 / cbal. = 94.488 / Wtd. con eff = 3.6343 / Wtd. HRF eff = 1.3182 / Pop var. = 0.34596 / time = 0.75
best of generation 39 / cbal. = 94.488 / Wtd. con eff = 3.6343 / Wtd. HRF eff = 1.3182 / Pop var. = 0.42496 / time = 0.75
best of generation 40 / cbal. = 94.488 / Wtd. con eff = 3.6343 / Wtd. HRF eff = 1.3182 / Pop var. = 0.3621 / time = 0.74
best of generation 41 / cbal. = 94.488 / Wtd. con eff = 3.6343 / Wtd. HRF eff = 1.3182 / Pop var. = 0.40568 / time = 0.74
best of generation 42 / cbal. = 94.488 / Wtd. con eff = 3.6343 / Wtd. HRF eff = 1.3182 / Pop var. = 0.3401 / time = 0.74
best of generation 43 / cbal. = 94.488 / Wtd. con eff = 3.6343 / Wtd. HRF eff = 1.3182 / Pop var. = 0.41928 / time = 0.76
best of generation 44 / cbal. = 94.488 / Wtd. con eff = 3.6343 / Wtd. HRF eff = 1.3182 / Pop var. = 0.38829 / time = 0.74
best of generation 45 / cbal. = 94.488 / Wtd. con eff = 3.6343 / Wtd. HRF eff = 1.3182 / Pop var. = 0.46353 / time = 0.75
best of generation 46 / cbal. = 94.488 / Wtd. con eff = 3.6343 / Wtd. HRF eff = 1.3182 / Pop var. = 0.46466 / time = 0.75
best of generation 47 / cbal. = 94.488 / Wtd. con eff = 3.6343 / Wtd. HRF eff = 1.3182 / Pop var. = 0.38003 / time = 0.76
best of generation 48 / cbal. = 94.488 / Wtd. con eff = 3.6343 / Wtd. HRF eff = 1.3182 / Pop var. = 0.43493 / time = 0.74
best of generation 49 / cbal. = 94.488 / Wtd. con eff = 3.6343 / Wtd. HRF eff = 1.3182 / Pop var. = 0.39088 / time = 0.74
best of generation 50 / cbal. = 94.488 / Wtd. con eff = 3.6343 / Wtd. HRF eff = 1.3182 / Pop var. = 0.39539 / time = 0.75
best of generation 51 / cbal. = 94.9763 / Wtd. con eff = 3.5768 / Wtd. HRF eff = 1.1222 / Pop var. = 0.46758 / time = 0.74
best of generation 52 / cbal. = 94.9763 / Wtd. con eff = 3.5768 / Wtd. HRF eff = 1.1222 / Pop var. = 0.41316 / time = 0.73
best of generation 53 / cbal. = 94.9763 / Wtd. con eff = 3.5768 / Wtd. HRF eff = 1.1222 / Pop var. = 0.34797 / time = 0.77
best of generation 54 / cbal. = 94.9763 / Wtd. con eff = 3.5768 / Wtd. HRF eff = 1.1222 / Pop var. = 0.38598 / time = 0.75
best of generation 55 / cbal. = 94.9763 / Wtd. con eff = 3.5768 / Wtd. HRF eff = 1.1222 / Pop var. = 0.46023 / time = 0.76
best of generation 56 / cbal. = 94.9763 / Wtd. con eff = 3.5768 / Wtd. HRF eff = 1.1222 / Pop var. = 0.40898 / time = 0.75
best of generation 57 / cbal. = 94.9763 / Wtd. con eff = 3.5768 / Wtd. HRF eff = 1.1222 / Pop var. = 0.41082 / time = 0.75
best of generation 58 / cbal. = 94.9763 / Wtd. con eff = 3.5768 / Wtd. HRF eff = 1.1222 / Pop var. = 0.39119 / time = 0.74
best of generation 59 / cbal. = 94.9763 / Wtd. con eff = 3.5768 / Wtd. HRF eff = 1.1222 / Pop var. = 0.48351 / time = 0.76
best of generation 60 / cbal. = 94.9763 / Wtd. con eff = 3.5768 / Wtd. HRF eff = 1.1222 / Pop var. = 0.4521 / time = 0.74
best of generation 61 / cbal. = 94.9763 / Wtd. con eff = 3.5768 / Wtd. HRF eff = 1.1222 / Pop var. = 0.40343 / time = 0.74
best of generation 62 / cbal. = 94.9763 / Wtd. con eff = 3.5768 / Wtd. HRF eff = 1.1222 / Pop var. = 0.37036 / time = 0.76
best of generation 63 / cbal. = 94.9763 / Wtd. con eff = 3.6133 / Wtd. HRF eff = 1.0264 / Pop var. = 0.47774 / time = 0.75
best of generation 64 / cbal. = 94.9763 / Wtd. con eff = 3.6133 / Wtd. HRF eff = 1.0264 / Pop var. = 0.42806 / time = 0.75
best of generation 65 / cbal. = 94.9763 / Wtd. con eff = 3.6133 / Wtd. HRF eff = 1.0264 / Pop var. = 0.35133 / time = 0.77
best of generation 66 / cbal. = 94.9763 / Wtd. con eff = 3.6133 / Wtd. HRF eff = 1.0264 / Pop var. = 0.41616 / time = 0.75
best of generation 67 / cbal. = 94.9763 / Wtd. con eff = 3.5918 / Wtd. HRF eff = 1.2239 / Pop var. = 0.36417 / time = 0.75
best of generation 68 / cbal. = 94.9763 / Wtd. con eff = 3.5918 / Wtd. HRF eff = 1.2239 / Pop var. = 0.44231 / time = 0.75
best of generation 69 / cbal. = 94.9763 / Wtd. con eff = 3.5918 / Wtd. HRF eff = 1.2239 / Pop var. = 0.38614 / time = 0.76
best of generation 70 / cbal. = 94.9763 / Wtd. con eff = 3.5918 / Wtd. HRF eff = 1.2239 / Pop var. = 0.46967 / time = 0.74
best of generation 71 / cbal. = 94.9763 / Wtd. con eff = 3.5918 / Wtd. HRF eff = 1.2239 / Pop var. = 0.45484 / time = 0.75
best of generation 72 / cbal. = 94.9763 / Wtd. con eff = 3.5918 / Wtd. HRF eff = 1.2239 / Pop var. = 0.42985 / time = 0.74
best of generation 73 / cbal. = 94.9763 / Wtd. con eff = 3.5918 / Wtd. HRF eff = 1.2239 / Pop var. = 0.40481 / time = 0.74
best of generation 74 / cbal. = 94.9763 / Wtd. con eff = 3.5918 / Wtd. HRF eff = 1.2239 / Pop var. = 0.37818 / time = 0.76
best of generation 75 / cbal. = 94.9763 / Wtd. con eff = 3.5918 / Wtd. HRF eff = 1.2239 / Pop var. = 0.4284 / time = 0.75
best of generation 76 / cbal. = 94.9763 / Wtd. con eff = 3.5918 / Wtd. HRF eff = 1.2239 / Pop var. = 0.38267 / time = 0.75
best of generation 77 / cbal. = 94.9763 / Wtd. con eff = 3.5918 / Wtd. HRF eff = 1.2239 / Pop var. = 0.50257 / time = 0.76
best of generation 78 / cbal. = 94.9763 / Wtd. con eff = 3.5918 / Wtd. HRF eff = 1.2239 / Pop var. = 0.39938 / time = 0.74
best of generation 79 / cbal. = 94.9763 / Wtd. con eff = 3.5918 / Wtd. HRF eff = 1.2239 / Pop var. = 0.47774 / time = 0.75
best of generation 80 / cbal. = 94.9763 / Wtd. con eff = 3.5918 / Wtd. HRF eff = 1.2239 / Pop var. = 0.43643 / time = 0.76
best of generation 81 / cbal. = 94.9763 / Wtd. con eff = 3.5918 / Wtd. HRF eff = 1.2239 / Pop var. = 0.37059 / time = 0.74
best of generation 82 / cbal. = 94.9763 / Wtd. con eff = 3.5918 / Wtd. HRF eff = 1.2239 / Pop var. = 0.43828 / time = 0.74
best of generation 83 / cbal. = 94.9763 / Wtd. con eff = 3.5918 / Wtd. HRF eff = 1.2239 / Pop var. = 0.39916 / time = 0.78
best of generation 84 / cbal. = 94.9763 / Wtd. con eff = 3.5918 / Wtd. HRF eff = 1.2239 / Pop var. = 0.45787 / time = 0.75
best of generation 85 / cbal. = 94.9763 / Wtd. con eff = 3.5918 / Wtd. HRF eff = 1.2239 / Pop var. = 0.39249 / time = 0.74
best of generation 86 / cbal. = 94.9763 / Wtd. con eff = 3.5918 / Wtd. HRF eff = 1.2239 / Pop var. = 0.47073 / time = 0.76
best of generation 87 / cbal. = 94.9763 / Wtd. con eff = 3.5918 / Wtd. HRF eff = 1.2239 / Pop var. = 0.39638 / time = 0.75
best of generation 88 / cbal. = 94.9763 / Wtd. con eff = 3.5918 / Wtd. HRF eff = 1.2239 / Pop var. = 0.45477 / time = 0.75
best of generation 89 / cbal. = 94.7571 / Wtd. con eff = 3.6183 / Wtd. HRF eff = 1.249 / Pop var. = 0.36811 / time = 0.73
best of generation 90 / cbal. = 94.7571 / Wtd. con eff = 3.6183 / Wtd. HRF eff = 1.249 / Pop var. = 0.44784 / time = 0.74
best of generation 91 / cbal. = 94.7571 / Wtd. con eff = 3.6183 / Wtd. HRF eff = 1.249 / Pop var. = 0.42883 / time = 0.76
best of generation 92 / cbal. = 94.7571 / Wtd. con eff = 3.6183 / Wtd. HRF eff = 1.249 / Pop var. = 0.3833 / time = 0.75
best of generation 93 / cbal. = 94.7571 / Wtd. con eff = 3.6183 / Wtd. HRF eff = 1.249 / Pop var. = 0.42266 / time = 0.75
best of generation 94 / cbal. = 94.7571 / Wtd. con eff = 3.6183 / Wtd. HRF eff = 1.249 / Pop var. = 0.38693 / time = 0.76
best of generation 95 / cbal. = 94.7571 / Wtd. con eff = 3.6183 / Wtd. HRF eff = 1.249 / Pop var. = 0.4612 / time = 0.74
best of generation 96 / cbal. = 94.7571 / Wtd. con eff = 3.6183 / Wtd. HRF eff = 1.249 / Pop var. = 0.40523 / time = 0.75
best of generation 97 / cbal. = 94.7571 / Wtd. con eff = 3.6183 / Wtd. HRF eff = 1.249 / Pop var. = 0.37141 / time = 0.75
best of generation 98 / cbal. = 94.7571 / Wtd. con eff = 3.6183 / Wtd. HRF eff = 1.249 / Pop var. = 0.44463 / time = 0.74
best of generation 99 / cbal. = 94.7571 / Wtd. con eff = 3.6183 / Wtd. HRF eff = 1.249 / Pop var. = 0.37383 / time = 0.74
best of generation 100 / cbal. = 94.7571 / Wtd. con eff = 3.6183 / Wtd. HRF eff = 1.249 / Pop var. = 0.43688 / time = 0.74
best of generation 101 / cbal. = 94.7571 / Wtd. con eff = 3.6183 / Wtd. HRF eff = 1.249 / Pop var. = 0.40689 / time = 0.74
best of generation 102 / cbal. = 94.7571 / Wtd. con eff = 3.6183 / Wtd. HRF eff = 1.249 / Pop var. = 0.39933 / time = 0.75
best of generation 103 / cbal. = 94.7571 / Wtd. con eff = 3.6183 / Wtd. HRF eff = 1.249 / Pop var. = 0.46017 / time = 0.76
best of generation 104 / cbal. = 94.7571 / Wtd. con eff = 3.6183 / Wtd. HRF eff = 1.249 / Pop var. = 0.42279 / time = 0.74
best of generation 105 / cbal. = 94.7571 / Wtd. con eff = 3.6183 / Wtd. HRF eff = 1.249 / Pop var. = 0.3781 / time = 0.74
best of generation 106 / cbal. = 94.7571 / Wtd. con eff = 3.6183 / Wtd. HRF eff = 1.249 / Pop var. = 0.41197 / time = 0.75
best of generation 107 / cbal. = 94.7571 / Wtd. con eff = 3.6183 / Wtd. HRF eff = 1.249 / Pop var. = 0.3602 / time = 0.74
best of generation 108 / cbal. = 94.7571 / Wtd. con eff = 3.6183 / Wtd. HRF eff = 1.249 / Pop var. = 0.45029 / time = 0.74
best of generation 109 / cbal. = 94.7571 / Wtd. con eff = 3.6183 / Wtd. HRF eff = 1.249 / Pop var. = 0.38271 / time = 0.75
best of generation 110 / cbal. = 94.7571 / Wtd. con eff = 3.6183 / Wtd. HRF eff = 1.249 / Pop var. = 0.47149 / time = 0.75
best of generation 111 / cbal. = 94.7571 / Wtd. con eff = 3.6183 / Wtd. HRF eff = 1.249 / Pop var. = 0.43681 / time = 0.75
best of generation 112 / cbal. = 94.7571 / Wtd. con eff = 3.6183 / Wtd. HRF eff = 1.249 / Pop var. = 0.40653 / time = 0.74
best of generation 113 / cbal. = 94.7571 / Wtd. con eff = 3.6183 / Wtd. HRF eff = 1.249 / Pop var. = 0.36354 / time = 0.75
best of generation 114 / cbal. = 94.7571 / Wtd. con eff = 3.6183 / Wtd. HRF eff = 1.249 / Pop var. = 0.40049 / time = 0.75
best of generation 115 / cbal. = 94.7571 / Wtd. con eff = 3.6183 / Wtd. HRF eff = 1.249 / Pop var. = 0.33708 / time = 0.75
best of generation 116 / cbal. = 94.7571 / Wtd. con eff = 3.6183 / Wtd. HRF eff = 1.249 / Pop var. = 0.40188 / time = 0.75
best of generation 117 / cbal. = 94.7571 / Wtd. con eff = 3.6183 / Wtd. HRF eff = 1.249 / Pop var. = 0.34774 / time = 0.74
best of generation 118 / cbal. = 94.7571 / Wtd. con eff = 3.6183 / Wtd. HRF eff = 1.249 / Pop var. = 0.45232 / time = 0.74
best of generation 119 / cbal. = 94.7571 / Wtd. con eff = 3.6183 / Wtd. HRF eff = 1.249 / Pop var. = 0.39716 / time = 0.77
best of generation 120 / cbal. = 94.7571 / Wtd. con eff = 3.6183 / Wtd. HRF eff = 1.249 / Pop var. = 0.44839 / time = 0.74
best of generation 121 / cbal. = 94.7571 / Wtd. con eff = 3.6183 / Wtd. HRF eff = 1.249 / Pop var. = 0.43234 / time = 0.74
best of generation 122 / cbal. = 94.7571 / Wtd. con eff = 3.6183 / Wtd. HRF eff = 1.249 / Pop var. = 0.41366 / time = 0.75
best of generation 123 / cbal. = 94.7571 / Wtd. con eff = 3.6183 / Wtd. HRF eff = 1.249 / Pop var. = 0.35366 / time = 0.75
best of generation 124 / cbal. = 94.7571 / Wtd. con eff = 3.6183 / Wtd. HRF eff = 1.249 / Pop var. = 0.4218 / time = 0.75
best of generation 125 / cbal. = 94.7571 / Wtd. con eff = 3.6183 / Wtd. HRF eff = 1.249 / Pop var. = 0.3803 / time = 0.75
best of generation 126 / cbal. = 94.7571 / Wtd. con eff = 3.6183 / Wtd. HRF eff = 1.249 / Pop var. = 0.43947 / time = 0.75
best of generation 127 / cbal. = 94.7571 / Wtd. con eff = 3.6183 / Wtd. HRF eff = 1.249 / Pop var. = 0.4191 / time = 0.74
best of generation 128 / cbal. = 94.7571 / Wtd. con eff = 3.6183 / Wtd. HRF eff = 1.249 / Pop var. = 0.37572 / time = 0.75
best of generation 129 / cbal. = 95.1638 / Wtd. con eff = 3.5886 / Wtd. HRF eff = 1.0731 / Pop var. = 0.45206 / time = 0.75
best of generation 130 / cbal. = 94.7571 / Wtd. con eff = 3.6183 / Wtd. HRF eff = 1.249 / Pop var. = 0.43139 / time = 0.74
best of generation 131 / cbal. = 94.7571 / Wtd. con eff = 3.6183 / Wtd. HRF eff = 1.249 / Pop var. = 0.40981 / time = 0.75
best of generation 132 / cbal. = 94.7571 / Wtd. con eff = 3.6183 / Wtd. HRF eff = 1.249 / Pop var. = 0.38536 / time = 0.74
best of generation 133 / cbal. = 94.7571 / Wtd. con eff = 3.6183 / Wtd. HRF eff = 1.249 / Pop var. = 0.44189 / time = 0.74
best of generation 134 / cbal. = 94.7571 / Wtd. con eff = 3.6183 / Wtd. HRF eff = 1.249 / Pop var. = 0.43798 / time = 0.75
best of generation 135 / cbal. = 94.7955 / Wtd. con eff = 3.6017 / Wtd. HRF eff = 1.9509 / Pop var. = 0.43599 / time = 0.75
best of generation 136 / cbal. = 94.7955 / Wtd. con eff = 3.6017 / Wtd. HRF eff = 1.9509 / Pop var. = 0.40354 / time = 0.73
best of generation 137 / cbal. = 94.7955 / Wtd. con eff = 3.6017 / Wtd. HRF eff = 1.9509 / Pop var. = 0.39336 / time = 0.75
best of generation 138 / cbal. = 94.7955 / Wtd. con eff = 3.6017 / Wtd. HRF eff = 1.9509 / Pop var. = 0.50944 / time = 0.75
best of generation 139 / cbal. = 94.7955 / Wtd. con eff = 3.6017 / Wtd. HRF eff = 1.9509 / Pop var. = 0.49112 / time = 0.74
best of generation 140 / cbal. = 94.8265 / Wtd. con eff = 3.5976 / Wtd. HRF eff = 2.2473 / Pop var. = 0.43786 / time = 0.74
best of generation 141 / cbal. = 94.8265 / Wtd. con eff = 3.5976 / Wtd. HRF eff = 2.2473 / Pop var. = 0.35874 / time = 0.74
best of generation 142 / cbal. = 94.8265 / Wtd. con eff = 3.5976 / Wtd. HRF eff = 2.2473 / Pop var. = 0.43256 / time = 0.73
best of generation 143 / cbal. = 94.8265 / Wtd. con eff = 3.5976 / Wtd. HRF eff = 2.2473 / Pop var. = 0.38279 / time = 0.75
best of generation 144 / cbal. = 94.8265 / Wtd. con eff = 3.5976 / Wtd. HRF eff = 2.2473 / Pop var. = 0.44558 / time = 0.74
best of generation 145 / cbal. = 94.8265 / Wtd. con eff = 3.5976 / Wtd. HRF eff = 2.2473 / Pop var. = 0.37359 / time = 0.74
best of generation 146 / cbal. = 94.8265 / Wtd. con eff = 3.5976 / Wtd. HRF eff = 2.2473 / Pop var. = 0.50277 / time = 0.76
best of generation 147 / cbal. = 94.8265 / Wtd. con eff = 3.5976 / Wtd. HRF eff = 2.2473 / Pop var. = 0.47619 / time = 0.74
best of generation 148 / cbal. = 95.0326 / Wtd. con eff = 3.5803 / Wtd. HRF eff = 2.1408 / Pop var. = 0.44416 / time = 0.74
best of generation 149 / cbal. = 94.2665 / Wtd. con eff = 3.6984 / Wtd. HRF eff = 2.0155 / Pop var. = 0.41367 / time = 0.75
best of generation 150 / cbal. = 94.2665 / Wtd. con eff = 3.6984 / Wtd. HRF eff = 2.0155 / Pop var. = 0.37421 / time = 0.74
best of generation 151 / cbal. = 94.2665 / Wtd. con eff = 3.6984 / Wtd. HRF eff = 2.0155 / Pop var. = 0.43774 / time = 0.74
best of generation 152 / cbal. = 94.2665 / Wtd. con eff = 3.6984 / Wtd. HRF eff = 2.0155 / Pop var. = 0.35285 / time = 0.74
best of generation 153 / cbal. = 94.2665 / Wtd. con eff = 3.6984 / Wtd. HRF eff = 2.0155 / Pop var. = 0.44846 / time = 0.75
best of generation 154 / cbal. = 94.4517 / Wtd. con eff = 3.6793 / Wtd. HRF eff = 2.7721 / Pop var. = 0.40215 / time = 0.75
best of generation 155 / cbal. = 94.4517 / Wtd. con eff = 3.6793 / Wtd. HRF eff = 2.7721 / Pop var. = 0.36952 / time = 0.75
best of generation 156 / cbal. = 94.4517 / Wtd. con eff = 3.6793 / Wtd. HRF eff = 2.7721 / Pop var. = 0.42183 / time = 0.75
best of generation 157 / cbal. = 94.4517 / Wtd. con eff = 3.6793 / Wtd. HRF eff = 2.7721 / Pop var. = 0.4123 / time = 0.75
best of generation 158 / cbal. = 94.4517 / Wtd. con eff = 3.6793 / Wtd. HRF eff = 2.7721 / Pop var. = 0.36846 / time = 0.74
saving workspace as GAresults.mat
M = 
     origlist: [49x1 double]
     restlist: [20x1 double]
     stimlist: [60x1 double]
           ga: [1x1 struct]
    bestLists: [60x158 uint8]
         date: '11-9-2014'
optimizeGA done: 120.26 s
