Starting Model 40
OptimizeGA
===============================
Saturation threshold = 
Setting up variables
You entered 2 conditions  (event types) that will each be modeled with a regessor. 
 Note that if you enter 0 as a condition number, those events will not be modeled
 (they are assumed to be rest/inter-stimulus interval periods)

Contrasts entered. You entered matrix of 3 contrasts, with weights across 4 conditions.
 Contrasts:
     1     1    -1    -1
     1     0    -1     0
     0     1     0    -1
 ...adding one column to contrast matrix with weights of 0, to model the intercept
You entered a contrast weight vector across 3 contrasts
 	...Using rests of length 1 and resting every 4
================== Parameters ======================
     Total stimuli in scan      : 60
     Fixed rest length in ITIs  : 1
     Fixed Rest stimuli in scan : 11
     Num blank intervals        : 9
     Num of task conds          : 2
     Num stimuli each cond      : 20  20
====================================================
	...generating lists of organisms
	...USING TRANS2BLOCK >
     freqConditions = 0.2         0.2         0.2         0.2
     conditions = 1  2  3  4
REST INTERVALS: not used (to use, freqCond should be one longer than conditions
  ...randomizing organism start state
	...restMatrix is 20 X 40
ans =
     4     4     4     4     4     4     4     4     4     4
     4     4     4     4     4     4     4     4     4     4
     4     4     4     4     4     4     4     4     4     4
     4     4     4     4     4     4     4     4     4     4
     4     4     4     4     4     4     4     4     4     4
======== Num stimuli, averaged across lists (before instruction/rest stimuli) ========
		Condition 0: 9 stimuli, 15% of total stimuli
		Condition 1: 20 stimuli, 33.3333% of total stimuli
		Condition 2: 20 stimuli, 33.3333% of total stimuli
		Condition 3: 0 stimuli, 0% of total stimuli
		Condition 4: 0 stimuli, 0% of total stimuli
======================================================================================
best of generation 1 / cbal. = 94.2315 / Wtd. con eff = 2.5269 / Wtd. HRF eff = 0.80855 / Pop var. = 0.86149 / time = 0.75
best of generation 2 / cbal. = 94.1887 / Wtd. con eff = 2.6785 / Wtd. HRF eff = 0.88303 / Pop var. = 0.84109 / time = 0.7
best of generation 3 / cbal. = 94.8969 / Wtd. con eff = 2.9691 / Wtd. HRF eff = 0.82307 / Pop var. = 0.82225 / time = 0.72
best of generation 4 / cbal. = 94.8969 / Wtd. con eff = 2.9691 / Wtd. HRF eff = 0.82307 / Pop var. = 0.80924 / time = 0.71
best of generation 5 / cbal. = 94.8969 / Wtd. con eff = 2.9691 / Wtd. HRF eff = 0.82307 / Pop var. = 0.78047 / time = 0.72
best of generation 6 / cbal. = 94.9004 / Wtd. con eff = 2.9979 / Wtd. HRF eff = 0.7939 / Pop var. = 0.72716 / time = 0.73
best of generation 7 / cbal. = 94.9004 / Wtd. con eff = 2.9979 / Wtd. HRF eff = 0.7939 / Pop var. = 0.68809 / time = 0.72
best of generation 8 / cbal. = 94.8213 / Wtd. con eff = 3.1329 / Wtd. HRF eff = 0.75113 / Pop var. = 0.60279 / time = 0.72
best of generation 9 / cbal. = 94.9546 / Wtd. con eff = 3.0854 / Wtd. HRF eff = 0.78177 / Pop var. = 0.45037 / time = 0.72
best of generation 10 / cbal. = 94.919 / Wtd. con eff = 3.2071 / Wtd. HRF eff = 0.75976 / Pop var. = 0.36934 / time = 0.72
best of generation 11 / cbal. = 94.9167 / Wtd. con eff = 3.3746 / Wtd. HRF eff = 0.68629 / Pop var. = 0.50026 / time = 0.74
best of generation 12 / cbal. = 94.9167 / Wtd. con eff = 3.3746 / Wtd. HRF eff = 0.68629 / Pop var. = 0.46049 / time = 0.72
best of generation 13 / cbal. = 94.9167 / Wtd. con eff = 3.3746 / Wtd. HRF eff = 0.68629 / Pop var. = 0.41708 / time = 0.73
best of generation 14 / cbal. = 94.9603 / Wtd. con eff = 3.3448 / Wtd. HRF eff = 0.91062 / Pop var. = 0.34724 / time = 0.73
best of generation 15 / cbal. = 94.9603 / Wtd. con eff = 3.3448 / Wtd. HRF eff = 0.91062 / Pop var. = 0.36714 / time = 0.72
best of generation 16 / cbal. = 94.9127 / Wtd. con eff = 3.3788 / Wtd. HRF eff = 0.93712 / Pop var. = 0.45793 / time = 0.71
best of generation 17 / cbal. = 95.3157 / Wtd. con eff = 3.4509 / Wtd. HRF eff = 0.87032 / Pop var. = 0.47846 / time = 0.74
best of generation 18 / cbal. = 95.1804 / Wtd. con eff = 3.4964 / Wtd. HRF eff = 0.84988 / Pop var. = 0.48002 / time = 0.72
best of generation 19 / cbal. = 95.1804 / Wtd. con eff = 3.4964 / Wtd. HRF eff = 0.84988 / Pop var. = 0.47765 / time = 0.73
best of generation 20 / cbal. = 95.1804 / Wtd. con eff = 3.4964 / Wtd. HRF eff = 0.84988 / Pop var. = 0.43796 / time = 0.73
best of generation 21 / cbal. = 94.7265 / Wtd. con eff = 3.5009 / Wtd. HRF eff = 1.0679 / Pop var. = 0.44446 / time = 0.73
best of generation 22 / cbal. = 94.7265 / Wtd. con eff = 3.5009 / Wtd. HRF eff = 1.0679 / Pop var. = 0.45917 / time = 0.74
best of generation 23 / cbal. = 94.8969 / Wtd. con eff = 3.5596 / Wtd. HRF eff = 0.86751 / Pop var. = 0.45099 / time = 0.73
best of generation 24 / cbal. = 94.6134 / Wtd. con eff = 3.6027 / Wtd. HRF eff = 0.85824 / Pop var. = 0.38524 / time = 0.73
best of generation 25 / cbal. = 94.681 / Wtd. con eff = 3.589 / Wtd. HRF eff = 0.86515 / Pop var. = 0.46266 / time = 0.73
best of generation 26 / cbal. = 94.681 / Wtd. con eff = 3.589 / Wtd. HRF eff = 0.86515 / Pop var. = 0.42788 / time = 0.74
best of generation 27 / cbal. = 94.681 / Wtd. con eff = 3.589 / Wtd. HRF eff = 0.86515 / Pop var. = 0.40999 / time = 0.72
best of generation 28 / cbal. = 94.681 / Wtd. con eff = 3.589 / Wtd. HRF eff = 0.86515 / Pop var. = 0.37644 / time = 0.75
best of generation 29 / cbal. = 94.681 / Wtd. con eff = 3.589 / Wtd. HRF eff = 0.86515 / Pop var. = 0.46634 / time = 0.73
best of generation 30 / cbal. = 94.681 / Wtd. con eff = 3.589 / Wtd. HRF eff = 0.86515 / Pop var. = 0.48022 / time = 0.74
best of generation 31 / cbal. = 94.681 / Wtd. con eff = 3.589 / Wtd. HRF eff = 0.86515 / Pop var. = 0.46383 / time = 0.73
best of generation 32 / cbal. = 94.681 / Wtd. con eff = 3.589 / Wtd. HRF eff = 0.86515 / Pop var. = 0.45862 / time = 0.74
best of generation 33 / cbal. = 95.0814 / Wtd. con eff = 3.5549 / Wtd. HRF eff = 0.89397 / Pop var. = 0.43135 / time = 0.74
best of generation 34 / cbal. = 95.0814 / Wtd. con eff = 3.5549 / Wtd. HRF eff = 0.89397 / Pop var. = 0.4065 / time = 0.73
best of generation 35 / cbal. = 94.7189 / Wtd. con eff = 3.6247 / Wtd. HRF eff = 0.94115 / Pop var. = 0.39807 / time = 0.73
best of generation 36 / cbal. = 94.7189 / Wtd. con eff = 3.6247 / Wtd. HRF eff = 0.94115 / Pop var. = 0.49634 / time = 0.74
best of generation 37 / cbal. = 94.7189 / Wtd. con eff = 3.6247 / Wtd. HRF eff = 0.94115 / Pop var. = 0.46928 / time = 0.73
best of generation 38 / cbal. = 94.7189 / Wtd. con eff = 3.6247 / Wtd. HRF eff = 0.94115 / Pop var. = 0.47116 / time = 0.73
best of generation 39 / cbal. = 94.3087 / Wtd. con eff = 3.6939 / Wtd. HRF eff = 0.90216 / Pop var. = 0.44827 / time = 0.74
best of generation 40 / cbal. = 94.3087 / Wtd. con eff = 3.6939 / Wtd. HRF eff = 0.90216 / Pop var. = 0.41679 / time = 0.74
best of generation 41 / cbal. = 94.3087 / Wtd. con eff = 3.6939 / Wtd. HRF eff = 0.90216 / Pop var. = 0.41532 / time = 0.73
best of generation 42 / cbal. = 94.3087 / Wtd. con eff = 3.6939 / Wtd. HRF eff = 0.90216 / Pop var. = 0.41007 / time = 0.75
best of generation 43 / cbal. = 94.3087 / Wtd. con eff = 3.6939 / Wtd. HRF eff = 0.90216 / Pop var. = 0.3946 / time = 0.73
best of generation 44 / cbal. = 94.3087 / Wtd. con eff = 3.6939 / Wtd. HRF eff = 0.90216 / Pop var. = 0.45675 / time = 0.74
best of generation 45 / cbal. = 94.6059 / Wtd. con eff = 3.64 / Wtd. HRF eff = 1.0075 / Pop var. = 0.35351 / time = 0.74
best of generation 46 / cbal. = 94.6059 / Wtd. con eff = 3.64 / Wtd. HRF eff = 1.0075 / Pop var. = 0.43592 / time = 0.73
best of generation 47 / cbal. = 94.7037 / Wtd. con eff = 3.6381 / Wtd. HRF eff = 1.0765 / Pop var. = 0.3908 / time = 0.73
best of generation 48 / cbal. = 94.7037 / Wtd. con eff = 3.6381 / Wtd. HRF eff = 1.0765 / Pop var. = 0.47212 / time = 0.73
best of generation 49 / cbal. = 94.1554 / Wtd. con eff = 3.7085 / Wtd. HRF eff = 1.1227 / Pop var. = 0.45945 / time = 0.73
best of generation 50 / cbal. = 94.4228 / Wtd. con eff = 3.6935 / Wtd. HRF eff = 1.1743 / Pop var. = 0.45594 / time = 0.74
best of generation 51 / cbal. = 94.4228 / Wtd. con eff = 3.6935 / Wtd. HRF eff = 1.1743 / Pop var. = 0.44492 / time = 0.73
best of generation 52 / cbal. = 94.4228 / Wtd. con eff = 3.6935 / Wtd. HRF eff = 1.1743 / Pop var. = 0.43399 / time = 0.74
best of generation 53 / cbal. = 94.4228 / Wtd. con eff = 3.6935 / Wtd. HRF eff = 1.1743 / Pop var. = 0.39819 / time = 0.74
best of generation 54 / cbal. = 94.4228 / Wtd. con eff = 3.6935 / Wtd. HRF eff = 1.1743 / Pop var. = 0.48872 / time = 0.75
best of generation 55 / cbal. = 94.4228 / Wtd. con eff = 3.6935 / Wtd. HRF eff = 1.1743 / Pop var. = 0.46559 / time = 0.74
best of generation 56 / cbal. = 94.4228 / Wtd. con eff = 3.6935 / Wtd. HRF eff = 1.1743 / Pop var. = 0.41428 / time = 0.75
best of generation 57 / cbal. = 94.4228 / Wtd. con eff = 3.6935 / Wtd. HRF eff = 1.1743 / Pop var. = 0.38288 / time = 0.74
best of generation 58 / cbal. = 94.4228 / Wtd. con eff = 3.6935 / Wtd. HRF eff = 1.1743 / Pop var. = 0.46293 / time = 0.73
best of generation 59 / cbal. = 94.4228 / Wtd. con eff = 3.6935 / Wtd. HRF eff = 1.1743 / Pop var. = 0.39514 / time = 0.73
best of generation 60 / cbal. = 94.4228 / Wtd. con eff = 3.6935 / Wtd. HRF eff = 1.1743 / Pop var. = 0.46509 / time = 0.73
best of generation 61 / cbal. = 94.4228 / Wtd. con eff = 3.6935 / Wtd. HRF eff = 1.1743 / Pop var. = 0.4055 / time = 0.75
best of generation 62 / cbal. = 94.4228 / Wtd. con eff = 3.6935 / Wtd. HRF eff = 1.1743 / Pop var. = 0.35319 / time = 0.73
best of generation 63 / cbal. = 94.4228 / Wtd. con eff = 3.6935 / Wtd. HRF eff = 1.1743 / Pop var. = 0.42941 / time = 0.73
best of generation 64 / cbal. = 94.4228 / Wtd. con eff = 3.6935 / Wtd. HRF eff = 1.1743 / Pop var. = 0.36382 / time = 0.73
best of generation 65 / cbal. = 94.3512 / Wtd. con eff = 3.6803 / Wtd. HRF eff = 1.3653 / Pop var. = 0.38894 / time = 0.73
best of generation 66 / cbal. = 94.3512 / Wtd. con eff = 3.6803 / Wtd. HRF eff = 1.3653 / Pop var. = 0.43742 / time = 0.74
best of generation 67 / cbal. = 94.3512 / Wtd. con eff = 3.6803 / Wtd. HRF eff = 1.3653 / Pop var. = 0.40854 / time = 0.73
best of generation 68 / cbal. = 94.3512 / Wtd. con eff = 3.6803 / Wtd. HRF eff = 1.3653 / Pop var. = 0.37486 / time = 0.73
best of generation 69 / cbal. = 94.3512 / Wtd. con eff = 3.6803 / Wtd. HRF eff = 1.3653 / Pop var. = 0.45636 / time = 0.74
best of generation 70 / cbal. = 94.3512 / Wtd. con eff = 3.6803 / Wtd. HRF eff = 1.3653 / Pop var. = 0.3756 / time = 0.74
best of generation 71 / cbal. = 94.3512 / Wtd. con eff = 3.6803 / Wtd. HRF eff = 1.3653 / Pop var. = 0.4415 / time = 0.73
best of generation 72 / cbal. = 94.3512 / Wtd. con eff = 3.6803 / Wtd. HRF eff = 1.3653 / Pop var. = 0.36634 / time = 0.76
best of generation 73 / cbal. = 94.3512 / Wtd. con eff = 3.6803 / Wtd. HRF eff = 1.3653 / Pop var. = 0.42961 / time = 0.73
best of generation 74 / cbal. = 94.3512 / Wtd. con eff = 3.6803 / Wtd. HRF eff = 1.3653 / Pop var. = 0.40832 / time = 0.73
best of generation 75 / cbal. = 94.3512 / Wtd. con eff = 3.6803 / Wtd. HRF eff = 1.3653 / Pop var. = 0.39966 / time = 0.73
best of generation 76 / cbal. = 94.3512 / Wtd. con eff = 3.6803 / Wtd. HRF eff = 1.3653 / Pop var. = 0.51671 / time = 0.73
best of generation 77 / cbal. = 94.3512 / Wtd. con eff = 3.6803 / Wtd. HRF eff = 1.3653 / Pop var. = 0.49723 / time = 0.75
best of generation 78 / cbal. = 94.3512 / Wtd. con eff = 3.6803 / Wtd. HRF eff = 1.3653 / Pop var. = 0.4799 / time = 0.74
best of generation 79 / cbal. = 94.5099 / Wtd. con eff = 3.6872 / Wtd. HRF eff = 1.5245 / Pop var. = 0.45324 / time = 0.74
best of generation 80 / cbal. = 94.5099 / Wtd. con eff = 3.6872 / Wtd. HRF eff = 1.5245 / Pop var. = 0.37262 / time = 0.74
best of generation 81 / cbal. = 94.5099 / Wtd. con eff = 3.6872 / Wtd. HRF eff = 1.5245 / Pop var. = 0.45742 / time = 0.73
best of generation 82 / cbal. = 94.5099 / Wtd. con eff = 3.6872 / Wtd. HRF eff = 1.5245 / Pop var. = 0.40517 / time = 0.75
best of generation 83 / cbal. = 94.5099 / Wtd. con eff = 3.6872 / Wtd. HRF eff = 1.5245 / Pop var. = 0.32889 / time = 0.76
best of generation 84 / cbal. = 94.5099 / Wtd. con eff = 3.6872 / Wtd. HRF eff = 1.5245 / Pop var. = 0.40963 / time = 0.73
best of generation 85 / cbal. = 94.7418 / Wtd. con eff = 3.6511 / Wtd. HRF eff = 1.8854 / Pop var. = 0.36246 / time = 0.75
best of generation 86 / cbal. = 94.8421 / Wtd. con eff = 3.653 / Wtd. HRF eff = 1.776 / Pop var. = 0.43226 / time = 0.73
best of generation 87 / cbal. = 94.8421 / Wtd. con eff = 3.653 / Wtd. HRF eff = 1.776 / Pop var. = 0.42544 / time = 0.73
best of generation 88 / cbal. = 94.8421 / Wtd. con eff = 3.653 / Wtd. HRF eff = 1.776 / Pop var. = 0.38467 / time = 0.72
best of generation 89 / cbal. = 94.8421 / Wtd. con eff = 3.653 / Wtd. HRF eff = 1.776 / Pop var. = 0.44731 / time = 0.77
best of generation 90 / cbal. = 94.8421 / Wtd. con eff = 3.653 / Wtd. HRF eff = 1.776 / Pop var. = 0.41989 / time = 0.73
best of generation 91 / cbal. = 94.8421 / Wtd. con eff = 3.653 / Wtd. HRF eff = 1.776 / Pop var. = 0.36122 / time = 0.72
best of generation 92 / cbal. = 94.8421 / Wtd. con eff = 3.653 / Wtd. HRF eff = 1.776 / Pop var. = 0.42559 / time = 0.74
best of generation 93 / cbal. = 94.8421 / Wtd. con eff = 3.653 / Wtd. HRF eff = 1.776 / Pop var. = 0.37207 / time = 0.74
best of generation 94 / cbal. = 94.8421 / Wtd. con eff = 3.653 / Wtd. HRF eff = 1.776 / Pop var. = 0.43521 / time = 0.75
best of generation 95 / cbal. = 94.8421 / Wtd. con eff = 3.653 / Wtd. HRF eff = 1.776 / Pop var. = 0.36663 / time = 0.74
best of generation 96 / cbal. = 94.7724 / Wtd. con eff = 3.6258 / Wtd. HRF eff = 2.4089 / Pop var. = 0.43937 / time = 0.74
best of generation 97 / cbal. = 94.8421 / Wtd. con eff = 3.653 / Wtd. HRF eff = 1.776 / Pop var. = 0.35361 / time = 0.73
best of generation 98 / cbal. = 94.8421 / Wtd. con eff = 3.653 / Wtd. HRF eff = 1.776 / Pop var. = 0.41575 / time = 0.74
best of generation 99 / cbal. = 94.8421 / Wtd. con eff = 3.653 / Wtd. HRF eff = 1.776 / Pop var. = 0.40768 / time = 0.74
best of generation 100 / cbal. = 94.8421 / Wtd. con eff = 3.653 / Wtd. HRF eff = 1.776 / Pop var. = 0.35378 / time = 0.74
best of generation 101 / cbal. = 94.8421 / Wtd. con eff = 3.653 / Wtd. HRF eff = 1.776 / Pop var. = 0.42252 / time = 0.73
best of generation 102 / cbal. = 94.8421 / Wtd. con eff = 3.653 / Wtd. HRF eff = 1.776 / Pop var. = 0.36202 / time = 0.74
best of generation 103 / cbal. = 94.8421 / Wtd. con eff = 3.653 / Wtd. HRF eff = 1.776 / Pop var. = 0.41778 / time = 0.73
best of generation 104 / cbal. = 94.8421 / Wtd. con eff = 3.653 / Wtd. HRF eff = 1.776 / Pop var. = 0.34408 / time = 0.74
best of generation 105 / cbal. = 94.8421 / Wtd. con eff = 3.653 / Wtd. HRF eff = 1.776 / Pop var. = 0.42287 / time = 0.77
best of generation 106 / cbal. = 94.8421 / Wtd. con eff = 3.653 / Wtd. HRF eff = 1.776 / Pop var. = 0.36749 / time = 0.74
best of generation 107 / cbal. = 94.8421 / Wtd. con eff = 3.653 / Wtd. HRF eff = 1.776 / Pop var. = 0.41396 / time = 0.73
best of generation 108 / cbal. = 94.8421 / Wtd. con eff = 3.653 / Wtd. HRF eff = 1.776 / Pop var. = 0.36912 / time = 0.73
best of generation 109 / cbal. = 94.8421 / Wtd. con eff = 3.653 / Wtd. HRF eff = 1.776 / Pop var. = 0.4254 / time = 0.73
best of generation 110 / cbal. = 94.8421 / Wtd. con eff = 3.653 / Wtd. HRF eff = 1.776 / Pop var. = 0.31374 / time = 0.73
best of generation 111 / cbal. = 94.8421 / Wtd. con eff = 3.653 / Wtd. HRF eff = 1.776 / Pop var. = 0.37312 / time = 0.74
best of generation 112 / cbal. = 94.8421 / Wtd. con eff = 3.653 / Wtd. HRF eff = 1.776 / Pop var. = 0.48189 / time = 0.74
best of generation 113 / cbal. = 94.8421 / Wtd. con eff = 3.653 / Wtd. HRF eff = 1.776 / Pop var. = 0.4575 / time = 0.73
best of generation 114 / cbal. = 94.8421 / Wtd. con eff = 3.653 / Wtd. HRF eff = 1.776 / Pop var. = 0.39684 / time = 0.73
best of generation 115 / cbal. = 94.8421 / Wtd. con eff = 3.653 / Wtd. HRF eff = 1.776 / Pop var. = 0.46006 / time = 0.74
best of generation 116 / cbal. = 94.8421 / Wtd. con eff = 3.653 / Wtd. HRF eff = 1.776 / Pop var. = 0.42779 / time = 0.76
best of generation 117 / cbal. = 94.8421 / Wtd. con eff = 3.653 / Wtd. HRF eff = 1.776 / Pop var. = 0.37946 / time = 0.74
best of generation 118 / cbal. = 94.8421 / Wtd. con eff = 3.653 / Wtd. HRF eff = 1.776 / Pop var. = 0.47556 / time = 0.73
best of generation 119 / cbal. = 94.8421 / Wtd. con eff = 3.653 / Wtd. HRF eff = 1.776 / Pop var. = 0.41712 / time = 0.74
best of generation 120 / cbal. = 94.8421 / Wtd. con eff = 3.653 / Wtd. HRF eff = 1.776 / Pop var. = 0.40687 / time = 0.73
best of generation 121 / cbal. = 94.8421 / Wtd. con eff = 3.653 / Wtd. HRF eff = 1.776 / Pop var. = 0.36238 / time = 0.73
best of generation 122 / cbal. = 94.8421 / Wtd. con eff = 3.653 / Wtd. HRF eff = 1.776 / Pop var. = 0.42735 / time = 0.76
best of generation 123 / cbal. = 94.8421 / Wtd. con eff = 3.653 / Wtd. HRF eff = 1.776 / Pop var. = 0.35457 / time = 0.74
best of generation 124 / cbal. = 94.8421 / Wtd. con eff = 3.653 / Wtd. HRF eff = 1.776 / Pop var. = 0.43749 / time = 0.74
best of generation 125 / cbal. = 94.8421 / Wtd. con eff = 3.653 / Wtd. HRF eff = 1.776 / Pop var. = 0.44644 / time = 0.73
best of generation 126 / cbal. = 94.8421 / Wtd. con eff = 3.653 / Wtd. HRF eff = 1.776 / Pop var. = 0.39911 / time = 0.73
best of generation 127 / cbal. = 94.8421 / Wtd. con eff = 3.653 / Wtd. HRF eff = 1.776 / Pop var. = 0.42183 / time = 0.74
best of generation 128 / cbal. = 94.8421 / Wtd. con eff = 3.653 / Wtd. HRF eff = 1.776 / Pop var. = 0.34346 / time = 0.74
best of generation 129 / cbal. = 94.8421 / Wtd. con eff = 3.653 / Wtd. HRF eff = 1.776 / Pop var. = 0.43497 / time = 0.74
best of generation 130 / cbal. = 94.8421 / Wtd. con eff = 3.653 / Wtd. HRF eff = 1.776 / Pop var. = 0.39234 / time = 0.73
best of generation 131 / cbal. = 94.8421 / Wtd. con eff = 3.653 / Wtd. HRF eff = 1.776 / Pop var. = 0.4899 / time = 0.73
best of generation 132 / cbal. = 94.8421 / Wtd. con eff = 3.653 / Wtd. HRF eff = 1.776 / Pop var. = 0.46895 / time = 0.75
best of generation 133 / cbal. = 94.8421 / Wtd. con eff = 3.653 / Wtd. HRF eff = 1.776 / Pop var. = 0.48135 / time = 0.76
best of generation 134 / cbal. = 94.8421 / Wtd. con eff = 3.653 / Wtd. HRF eff = 1.776 / Pop var. = 0.43194 / time = 0.74
best of generation 135 / cbal. = 94.8421 / Wtd. con eff = 3.653 / Wtd. HRF eff = 1.776 / Pop var. = 0.38782 / time = 0.74
best of generation 136 / cbal. = 94.8421 / Wtd. con eff = 3.653 / Wtd. HRF eff = 1.776 / Pop var. = 0.45673 / time = 0.73
best of generation 137 / cbal. = 94.8421 / Wtd. con eff = 3.653 / Wtd. HRF eff = 1.776 / Pop var. = 0.37657 / time = 0.73
best of generation 138 / cbal. = 94.8421 / Wtd. con eff = 3.653 / Wtd. HRF eff = 1.776 / Pop var. = 0.45631 / time = 0.74
best of generation 139 / cbal. = 94.8421 / Wtd. con eff = 3.653 / Wtd. HRF eff = 1.776 / Pop var. = 0.358 / time = 0.73
best of generation 140 / cbal. = 94.8421 / Wtd. con eff = 3.653 / Wtd. HRF eff = 1.776 / Pop var. = 0.41522 / time = 0.73
best of generation 141 / cbal. = 94.8421 / Wtd. con eff = 3.653 / Wtd. HRF eff = 1.776 / Pop var. = 0.40969 / time = 0.71
best of generation 142 / cbal. = 94.8421 / Wtd. con eff = 3.653 / Wtd. HRF eff = 1.776 / Pop var. = 0.34844 / time = 0.74
best of generation 143 / cbal. = 94.8421 / Wtd. con eff = 3.653 / Wtd. HRF eff = 1.776 / Pop var. = 0.41303 / time = 0.74
best of generation 144 / cbal. = 94.8421 / Wtd. con eff = 3.653 / Wtd. HRF eff = 1.776 / Pop var. = 0.38202 / time = 0.75
best of generation 145 / cbal. = 94.8421 / Wtd. con eff = 3.653 / Wtd. HRF eff = 1.776 / Pop var. = 0.49121 / time = 0.73
best of generation 146 / cbal. = 94.8421 / Wtd. con eff = 3.653 / Wtd. HRF eff = 1.776 / Pop var. = 0.48402 / time = 0.73
best of generation 147 / cbal. = 94.8421 / Wtd. con eff = 3.653 / Wtd. HRF eff = 1.776 / Pop var. = 0.40733 / time = 0.73
best of generation 148 / cbal. = 94.7189 / Wtd. con eff = 3.6743 / Wtd. HRF eff = 1.8138 / Pop var. = 0.3385 / time = 0.73
best of generation 149 / cbal. = 94.7189 / Wtd. con eff = 3.6743 / Wtd. HRF eff = 1.8138 / Pop var. = 0.41962 / time = 0.74
best of generation 150 / cbal. = 94.7189 / Wtd. con eff = 3.6743 / Wtd. HRF eff = 1.8138 / Pop var. = 0.3345 / time = 0.74
best of generation 151 / cbal. = 94.7189 / Wtd. con eff = 3.6743 / Wtd. HRF eff = 1.8138 / Pop var. = 0.42094 / time = 0.74
best of generation 152 / cbal. = 94.7189 / Wtd. con eff = 3.6743 / Wtd. HRF eff = 1.8138 / Pop var. = 0.37735 / time = 0.73
best of generation 153 / cbal. = 94.7189 / Wtd. con eff = 3.6743 / Wtd. HRF eff = 1.8138 / Pop var. = 0.44691 / time = 0.73
best of generation 154 / cbal. = 94.7189 / Wtd. con eff = 3.6743 / Wtd. HRF eff = 1.8138 / Pop var. = 0.37275 / time = 0.75
best of generation 155 / cbal. = 94.7189 / Wtd. con eff = 3.6743 / Wtd. HRF eff = 1.8138 / Pop var. = 0.44933 / time = 0.75
best of generation 156 / cbal. = 94.7189 / Wtd. con eff = 3.6743 / Wtd. HRF eff = 1.8138 / Pop var. = 0.36925 / time = 0.74
best of generation 157 / cbal. = 94.7189 / Wtd. con eff = 3.6743 / Wtd. HRF eff = 1.8138 / Pop var. = 0.43844 / time = 0.74
best of generation 158 / cbal. = 94.7189 / Wtd. con eff = 3.6743 / Wtd. HRF eff = 1.8138 / Pop var. = 0.40283 / time = 0.73
best of generation 159 / cbal. = 94.7189 / Wtd. con eff = 3.6743 / Wtd. HRF eff = 1.8138 / Pop var. = 0.32728 / time = 0.73
best of generation 160 / cbal. = 94.7189 / Wtd. con eff = 3.6743 / Wtd. HRF eff = 1.8138 / Pop var. = 0.4031 / time = 0.74
best of generation 161 / cbal. = 94.7189 / Wtd. con eff = 3.6743 / Wtd. HRF eff = 1.8138 / Pop var. = 0.33646 / time = 0.73
saving workspace as GAresults.mat
M = 
     origlist: [49x1 double]
     restlist: [20x1 double]
     stimlist: [60x1 double]
           ga: [1x1 struct]
    bestLists: [60x161 uint8]
         date: '11-9-2014'
optimizeGA done: 120.73 s
