Starting Model 12
OptimizeGA
===============================
Saturation threshold = 
Setting up variables
You entered 2 conditions  (event types) that will each be modeled with a regessor. 
 Note that if you enter 0 as a condition number, those events will not be modeled
 (they are assumed to be rest/inter-stimulus interval periods)

Contrasts entered. You entered matrix of 3 contrasts, with weights across 4 conditions.
 Contrasts:
     1     1    -1    -1
     1     0    -1     0
     0     1     0    -1
 ...adding one column to contrast matrix with weights of 0, to model the intercept
You entered a contrast weight vector across 3 contrasts
 	...Using rests of length 1 and resting every 4
================== Parameters ======================
     Total stimuli in scan      : 60
     Fixed rest length in ITIs  : 1
     Fixed Rest stimuli in scan : 11
     Num blank intervals        : 9
     Num of task conds          : 2
     Num stimuli each cond      : 20  20
====================================================
	...generating lists of organisms
	...USING TRANS2BLOCK >
     freqConditions = 0.2         0.2         0.2         0.2
     conditions = 1  2  3  4
REST INTERVALS: not used (to use, freqCond should be one longer than conditions
  ...randomizing organism start state
	...restMatrix is 20 X 40
ans =
     4     4     4     4     4     4     4     4     4     4
     4     4     4     4     4     4     4     4     4     4
     4     4     4     4     4     4     4     4     4     4
     4     4     4     4     4     4     4     4     4     4
     4     4     4     4     4     4     4     4     4     4
======== Num stimuli, averaged across lists (before instruction/rest stimuli) ========
		Condition 0: 9 stimuli, 15% of total stimuli
		Condition 1: 20 stimuli, 33.3333% of total stimuli
		Condition 2: 20 stimuli, 33.3333% of total stimuli
		Condition 3: 0 stimuli, 0% of total stimuli
		Condition 4: 0 stimuli, 0% of total stimuli
======================================================================================
best of generation 1 / cbal. = 94.5678 / Wtd. con eff = 2.7414 / Wtd. HRF eff = 0.52892 / Pop var. = 0.86396 / time = 0.76
best of generation 2 / cbal. = 94.8194 / Wtd. con eff = 2.9037 / Wtd. HRF eff = 0.56077 / Pop var. = 0.84277 / time = 0.72
best of generation 3 / cbal. = 94.8194 / Wtd. con eff = 2.9037 / Wtd. HRF eff = 0.56077 / Pop var. = 0.83269 / time = 0.74
best of generation 4 / cbal. = 95.1505 / Wtd. con eff = 2.8071 / Wtd. HRF eff = 0.56728 / Pop var. = 0.79023 / time = 0.75
best of generation 5 / cbal. = 95.1505 / Wtd. con eff = 2.8071 / Wtd. HRF eff = 0.56728 / Pop var. = 0.71474 / time = 0.73
best of generation 6 / cbal. = 94.9127 / Wtd. con eff = 2.9053 / Wtd. HRF eff = 0.52026 / Pop var. = 0.67115 / time = 0.72
best of generation 7 / cbal. = 94.9369 / Wtd. con eff = 3.0554 / Wtd. HRF eff = 0.79431 / Pop var. = 0.66779 / time = 0.72
best of generation 8 / cbal. = 94.9369 / Wtd. con eff = 3.0554 / Wtd. HRF eff = 0.79431 / Pop var. = 0.66851 / time = 0.73
best of generation 9 / cbal. = 95.1697 / Wtd. con eff = 2.9233 / Wtd. HRF eff = 0.50105 / Pop var. = 0.67844 / time = 0.73
best of generation 10 / cbal. = 94.9976 / Wtd. con eff = 3.2172 / Wtd. HRF eff = 0.65065 / Pop var. = 0.67073 / time = 0.74
best of generation 11 / cbal. = 95.3254 / Wtd. con eff = 3.1861 / Wtd. HRF eff = 0.67982 / Pop var. = 0.65315 / time = 0.74
best of generation 12 / cbal. = 95.3254 / Wtd. con eff = 3.1861 / Wtd. HRF eff = 0.67982 / Pop var. = 0.58263 / time = 0.73
best of generation 13 / cbal. = 95.1306 / Wtd. con eff = 3.327 / Wtd. HRF eff = 0.95372 / Pop var. = 0.5574 / time = 0.74
best of generation 14 / cbal. = 95.0407 / Wtd. con eff = 3.3884 / Wtd. HRF eff = 0.94736 / Pop var. = 0.49917 / time = 0.74
best of generation 15 / cbal. = 95.0407 / Wtd. con eff = 3.3884 / Wtd. HRF eff = 0.94736 / Pop var. = 0.46854 / time = 0.74
best of generation 16 / cbal. = 95.0782 / Wtd. con eff = 3.464 / Wtd. HRF eff = 0.93821 / Pop var. = 0.41324 / time = 0.75
best of generation 17 / cbal. = 95.0782 / Wtd. con eff = 3.464 / Wtd. HRF eff = 0.93821 / Pop var. = 0.36801 / time = 0.74
best of generation 18 / cbal. = 94.9683 / Wtd. con eff = 3.468 / Wtd. HRF eff = 1.0049 / Pop var. = 0.43162 / time = 0.74
best of generation 19 / cbal. = 94.9683 / Wtd. con eff = 3.468 / Wtd. HRF eff = 1.0049 / Pop var. = 0.41003 / time = 0.74
best of generation 20 / cbal. = 94.9683 / Wtd. con eff = 3.468 / Wtd. HRF eff = 1.0049 / Pop var. = 0.39483 / time = 0.74
best of generation 21 / cbal. = 94.9683 / Wtd. con eff = 3.468 / Wtd. HRF eff = 1.0049 / Pop var. = 0.49848 / time = 0.74
best of generation 22 / cbal. = 94.8733 / Wtd. con eff = 3.535 / Wtd. HRF eff = 1.1954 / Pop var. = 0.4542 / time = 0.75
best of generation 23 / cbal. = 94.8733 / Wtd. con eff = 3.535 / Wtd. HRF eff = 1.1954 / Pop var. = 0.4129 / time = 0.74
best of generation 24 / cbal. = 95.2476 / Wtd. con eff = 3.4109 / Wtd. HRF eff = 1.0901 / Pop var. = 0.40908 / time = 0.74
best of generation 25 / cbal. = 95.0003 / Wtd. con eff = 3.5136 / Wtd. HRF eff = 0.96597 / Pop var. = 0.37454 / time = 0.75
best of generation 26 / cbal. = 95.0003 / Wtd. con eff = 3.5136 / Wtd. HRF eff = 0.96597 / Pop var. = 0.41895 / time = 0.74
best of generation 27 / cbal. = 94.8265 / Wtd. con eff = 3.552 / Wtd. HRF eff = 0.96341 / Pop var. = 0.39365 / time = 0.74
best of generation 28 / cbal. = 94.8265 / Wtd. con eff = 3.552 / Wtd. HRF eff = 0.96341 / Pop var. = 0.47538 / time = 0.74
best of generation 29 / cbal. = 94.8577 / Wtd. con eff = 3.5803 / Wtd. HRF eff = 1.2287 / Pop var. = 0.43147 / time = 0.75
best of generation 30 / cbal. = 94.8577 / Wtd. con eff = 3.5803 / Wtd. HRF eff = 1.2287 / Pop var. = 0.4227 / time = 0.74
best of generation 31 / cbal. = 94.8577 / Wtd. con eff = 3.5803 / Wtd. HRF eff = 1.2287 / Pop var. = 0.42156 / time = 0.73
best of generation 32 / cbal. = 94.8577 / Wtd. con eff = 3.5803 / Wtd. HRF eff = 1.2287 / Pop var. = 0.37248 / time = 0.75
best of generation 33 / cbal. = 94.8577 / Wtd. con eff = 3.5803 / Wtd. HRF eff = 1.2287 / Pop var. = 0.45081 / time = 0.75
best of generation 34 / cbal. = 94.8577 / Wtd. con eff = 3.5803 / Wtd. HRF eff = 1.2287 / Pop var. = 0.41765 / time = 0.75
best of generation 35 / cbal. = 94.8577 / Wtd. con eff = 3.5803 / Wtd. HRF eff = 1.2287 / Pop var. = 0.32568 / time = 0.74
best of generation 36 / cbal. = 94.8577 / Wtd. con eff = 3.5803 / Wtd. HRF eff = 1.2287 / Pop var. = 0.41156 / time = 0.73
best of generation 37 / cbal. = 94.8577 / Wtd. con eff = 3.5803 / Wtd. HRF eff = 1.2287 / Pop var. = 0.3938 / time = 0.75
best of generation 38 / cbal. = 94.8577 / Wtd. con eff = 3.5803 / Wtd. HRF eff = 1.2287 / Pop var. = 0.48988 / time = 0.74
best of generation 39 / cbal. = 94.889 / Wtd. con eff = 3.5918 / Wtd. HRF eff = 1.0647 / Pop var. = 0.42387 / time = 0.74
best of generation 40 / cbal. = 94.889 / Wtd. con eff = 3.5918 / Wtd. HRF eff = 1.0647 / Pop var. = 0.37223 / time = 0.75
best of generation 41 / cbal. = 94.889 / Wtd. con eff = 3.5918 / Wtd. HRF eff = 1.0647 / Pop var. = 0.47177 / time = 0.74
best of generation 42 / cbal. = 94.889 / Wtd. con eff = 3.5918 / Wtd. HRF eff = 1.0647 / Pop var. = 0.43596 / time = 0.75
best of generation 43 / cbal. = 94.889 / Wtd. con eff = 3.5918 / Wtd. HRF eff = 1.0647 / Pop var. = 0.40435 / time = 0.75
best of generation 44 / cbal. = 94.889 / Wtd. con eff = 3.6032 / Wtd. HRF eff = 1.203 / Pop var. = 0.36687 / time = 0.73
best of generation 45 / cbal. = 94.889 / Wtd. con eff = 3.6032 / Wtd. HRF eff = 1.203 / Pop var. = 0.45821 / time = 0.76
best of generation 46 / cbal. = 94.7341 / Wtd. con eff = 3.6145 / Wtd. HRF eff = 1.6571 / Pop var. = 0.36444 / time = 0.75
best of generation 47 / cbal. = 95.0407 / Wtd. con eff = 3.5716 / Wtd. HRF eff = 1.6785 / Pop var. = 0.45384 / time = 0.76
best of generation 48 / cbal. = 95.0407 / Wtd. con eff = 3.5716 / Wtd. HRF eff = 1.6785 / Pop var. = 0.39294 / time = 0.75
best of generation 49 / cbal. = 95.0407 / Wtd. con eff = 3.5716 / Wtd. HRF eff = 1.6785 / Pop var. = 0.46851 / time = 0.74
best of generation 50 / cbal. = 95.0407 / Wtd. con eff = 3.5716 / Wtd. HRF eff = 1.6785 / Pop var. = 0.46891 / time = 0.74
best of generation 51 / cbal. = 95.0407 / Wtd. con eff = 3.5716 / Wtd. HRF eff = 1.6785 / Pop var. = 0.46423 / time = 0.75
best of generation 52 / cbal. = 94.7647 / Wtd. con eff = 3.6297 / Wtd. HRF eff = 1.4523 / Pop var. = 0.39642 / time = 0.74
best of generation 53 / cbal. = 94.7265 / Wtd. con eff = 3.6302 / Wtd. HRF eff = 1.7349 / Pop var. = 0.47098 / time = 0.74
best of generation 54 / cbal. = 94.7265 / Wtd. con eff = 3.6302 / Wtd. HRF eff = 1.7349 / Pop var. = 0.42704 / time = 0.76
best of generation 55 / cbal. = 94.7265 / Wtd. con eff = 3.6302 / Wtd. HRF eff = 1.7349 / Pop var. = 0.38938 / time = 0.74
best of generation 56 / cbal. = 94.7265 / Wtd. con eff = 3.6302 / Wtd. HRF eff = 1.7349 / Pop var. = 0.43128 / time = 0.77
best of generation 57 / cbal. = 94.7265 / Wtd. con eff = 3.6302 / Wtd. HRF eff = 1.7349 / Pop var. = 0.40796 / time = 0.74
best of generation 58 / cbal. = 94.7265 / Wtd. con eff = 3.6302 / Wtd. HRF eff = 1.7349 / Pop var. = 0.32365 / time = 0.76
best of generation 59 / cbal. = 94.7265 / Wtd. con eff = 3.6302 / Wtd. HRF eff = 1.7349 / Pop var. = 0.383 / time = 0.75
best of generation 60 / cbal. = 94.7265 / Wtd. con eff = 3.6302 / Wtd. HRF eff = 1.7349 / Pop var. = 0.4457 / time = 0.76
best of generation 61 / cbal. = 94.7265 / Wtd. con eff = 3.6302 / Wtd. HRF eff = 1.7349 / Pop var. = 0.38207 / time = 0.74
best of generation 62 / cbal. = 94.5173 / Wtd. con eff = 3.6836 / Wtd. HRF eff = 1.7 / Pop var. = 0.42817 / time = 0.75
best of generation 63 / cbal. = 94.5173 / Wtd. con eff = 3.6836 / Wtd. HRF eff = 1.7 / Pop var. = 0.40559 / time = 0.75
best of generation 64 / cbal. = 94.5173 / Wtd. con eff = 3.6836 / Wtd. HRF eff = 1.7 / Pop var. = 0.38286 / time = 0.74
best of generation 65 / cbal. = 94.5173 / Wtd. con eff = 3.6836 / Wtd. HRF eff = 1.7 / Pop var. = 0.46911 / time = 0.77
best of generation 66 / cbal. = 94.8969 / Wtd. con eff = 3.5876 / Wtd. HRF eff = 1.7716 / Pop var. = 0.4227 / time = 0.76
best of generation 67 / cbal. = 94.5173 / Wtd. con eff = 3.6836 / Wtd. HRF eff = 1.7 / Pop var. = 0.3669 / time = 0.75
best of generation 68 / cbal. = 94.5173 / Wtd. con eff = 3.6836 / Wtd. HRF eff = 1.7 / Pop var. = 0.45165 / time = 0.74
best of generation 69 / cbal. = 94.5173 / Wtd. con eff = 3.6836 / Wtd. HRF eff = 1.7 / Pop var. = 0.40496 / time = 0.75
best of generation 70 / cbal. = 94.5173 / Wtd. con eff = 3.6836 / Wtd. HRF eff = 1.7 / Pop var. = 0.34505 / time = 0.76
best of generation 71 / cbal. = 94.5173 / Wtd. con eff = 3.6836 / Wtd. HRF eff = 1.7 / Pop var. = 0.39658 / time = 0.78
best of generation 72 / cbal. = 94.5173 / Wtd. con eff = 3.6836 / Wtd. HRF eff = 1.7 / Pop var. = 0.43474 / time = 0.75
best of generation 73 / cbal. = 94.5173 / Wtd. con eff = 3.6836 / Wtd. HRF eff = 1.7 / Pop var. = 0.4512 / time = 0.75
best of generation 74 / cbal. = 94.5173 / Wtd. con eff = 3.6836 / Wtd. HRF eff = 1.7 / Pop var. = 0.39944 / time = 0.76
best of generation 75 / cbal. = 94.5173 / Wtd. con eff = 3.6836 / Wtd. HRF eff = 1.7 / Pop var. = 0.48312 / time = 0.76
best of generation 76 / cbal. = 94.488 / Wtd. con eff = 3.6816 / Wtd. HRF eff = 1.8235 / Pop var. = 0.42344 / time = 0.74
best of generation 77 / cbal. = 94.3157 / Wtd. con eff = 3.6949 / Wtd. HRF eff = 2.0014 / Pop var. = 0.38802 / time = 0.74
best of generation 78 / cbal. = 94.3157 / Wtd. con eff = 3.6949 / Wtd. HRF eff = 2.0014 / Pop var. = 0.4516 / time = 0.75
best of generation 79 / cbal. = 94.3157 / Wtd. con eff = 3.6949 / Wtd. HRF eff = 2.0014 / Pop var. = 0.44104 / time = 0.74
best of generation 80 / cbal. = 94.3157 / Wtd. con eff = 3.6949 / Wtd. HRF eff = 2.0014 / Pop var. = 0.43111 / time = 0.74
best of generation 81 / cbal. = 94.488 / Wtd. con eff = 3.6816 / Wtd. HRF eff = 1.8235 / Pop var. = 0.36923 / time = 0.75
best of generation 82 / cbal. = 94.488 / Wtd. con eff = 3.6816 / Wtd. HRF eff = 1.8235 / Pop var. = 0.4265 / time = 0.74
best of generation 83 / cbal. = 94.488 / Wtd. con eff = 3.6816 / Wtd. HRF eff = 1.8235 / Pop var. = 0.38258 / time = 0.74
best of generation 84 / cbal. = 94.488 / Wtd. con eff = 3.6816 / Wtd. HRF eff = 1.8235 / Pop var. = 0.44787 / time = 0.74
best of generation 85 / cbal. = 94.488 / Wtd. con eff = 3.6816 / Wtd. HRF eff = 1.8235 / Pop var. = 0.36888 / time = 0.75
best of generation 86 / cbal. = 94.4807 / Wtd. con eff = 3.6662 / Wtd. HRF eff = 1.9993 / Pop var. = 0.44031 / time = 0.74
best of generation 87 / cbal. = 94.488 / Wtd. con eff = 3.6816 / Wtd. HRF eff = 1.8235 / Pop var. = 0.42623 / time = 0.74
best of generation 88 / cbal. = 94.3299 / Wtd. con eff = 3.695 / Wtd. HRF eff = 2.2146 / Pop var. = 0.35299 / time = 0.73
best of generation 89 / cbal. = 94.3299 / Wtd. con eff = 3.695 / Wtd. HRF eff = 2.2146 / Pop var. = 0.39174 / time = 0.73
best of generation 90 / cbal. = 94.3299 / Wtd. con eff = 3.695 / Wtd. HRF eff = 2.2146 / Pop var. = 0.47972 / time = 0.75
best of generation 91 / cbal. = 94.3299 / Wtd. con eff = 3.695 / Wtd. HRF eff = 2.2146 / Pop var. = 0.40129 / time = 0.74
best of generation 92 / cbal. = 94.3299 / Wtd. con eff = 3.695 / Wtd. HRF eff = 2.2146 / Pop var. = 0.36526 / time = 0.78
best of generation 93 / cbal. = 94.3299 / Wtd. con eff = 3.695 / Wtd. HRF eff = 2.2146 / Pop var. = 0.42566 / time = 0.74
best of generation 94 / cbal. = 94.3299 / Wtd. con eff = 3.695 / Wtd. HRF eff = 2.2146 / Pop var. = 0.37633 / time = 0.74
best of generation 95 / cbal. = 94.3299 / Wtd. con eff = 3.695 / Wtd. HRF eff = 2.2146 / Pop var. = 0.42919 / time = 0.74
best of generation 96 / cbal. = 94.3299 / Wtd. con eff = 3.695 / Wtd. HRF eff = 2.2146 / Pop var. = 0.37911 / time = 0.74
best of generation 97 / cbal. = 95.0164 / Wtd. con eff = 3.6171 / Wtd. HRF eff = 1.3937 / Pop var. = 0.48145 / time = 0.75
best of generation 98 / cbal. = 94.4517 / Wtd. con eff = 3.6827 / Wtd. HRF eff = 1.3944 / Pop var. = 0.42335 / time = 0.75
best of generation 99 / cbal. = 94.4517 / Wtd. con eff = 3.6827 / Wtd. HRF eff = 1.3944 / Pop var. = 0.35558 / time = 0.73
best of generation 100 / cbal. = 94.4517 / Wtd. con eff = 3.6827 / Wtd. HRF eff = 1.3944 / Pop var. = 0.43324 / time = 0.74
best of generation 101 / cbal. = 94.4517 / Wtd. con eff = 3.6827 / Wtd. HRF eff = 1.3944 / Pop var. = 0.44022 / time = 0.73
best of generation 102 / cbal. = 94.4517 / Wtd. con eff = 3.6827 / Wtd. HRF eff = 1.3944 / Pop var. = 0.43095 / time = 0.75
best of generation 103 / cbal. = 94.3299 / Wtd. con eff = 3.695 / Wtd. HRF eff = 2.2146 / Pop var. = 0.39308 / time = 0.75
best of generation 104 / cbal. = 94.3299 / Wtd. con eff = 3.695 / Wtd. HRF eff = 2.2146 / Pop var. = 0.48831 / time = 0.73
best of generation 105 / cbal. = 94.3299 / Wtd. con eff = 3.695 / Wtd. HRF eff = 2.2146 / Pop var. = 0.43115 / time = 0.74
best of generation 106 / cbal. = 94.3299 / Wtd. con eff = 3.695 / Wtd. HRF eff = 2.2146 / Pop var. = 0.41431 / time = 0.74
best of generation 107 / cbal. = 94.3299 / Wtd. con eff = 3.695 / Wtd. HRF eff = 2.2146 / Pop var. = 0.39966 / time = 0.75
best of generation 108 / cbal. = 94.3299 / Wtd. con eff = 3.695 / Wtd. HRF eff = 2.2146 / Pop var. = 0.45922 / time = 0.73
best of generation 109 / cbal. = 94.3299 / Wtd. con eff = 3.695 / Wtd. HRF eff = 2.2146 / Pop var. = 0.39486 / time = 0.73
best of generation 110 / cbal. = 94.3299 / Wtd. con eff = 3.695 / Wtd. HRF eff = 2.2146 / Pop var. = 0.48529 / time = 0.73
best of generation 111 / cbal. = 94.3299 / Wtd. con eff = 3.695 / Wtd. HRF eff = 2.2146 / Pop var. = 0.44126 / time = 0.72
best of generation 112 / cbal. = 94.3299 / Wtd. con eff = 3.695 / Wtd. HRF eff = 2.2146 / Pop var. = 0.35527 / time = 0.74
best of generation 113 / cbal. = 94.3299 / Wtd. con eff = 3.695 / Wtd. HRF eff = 2.2146 / Pop var. = 0.4341 / time = 0.73
best of generation 114 / cbal. = 94.3299 / Wtd. con eff = 3.695 / Wtd. HRF eff = 2.2146 / Pop var. = 0.39944 / time = 0.76
best of generation 115 / cbal. = 94.0127 / Wtd. con eff = 3.7336 / Wtd. HRF eff = 2.3554 / Pop var. = 0.47674 / time = 0.73
best of generation 116 / cbal. = 94.0127 / Wtd. con eff = 3.7336 / Wtd. HRF eff = 2.3554 / Pop var. = 0.4559 / time = 0.74
best of generation 117 / cbal. = 94.0127 / Wtd. con eff = 3.7336 / Wtd. HRF eff = 2.3554 / Pop var. = 0.3999 / time = 0.73
best of generation 118 / cbal. = 94.5319 / Wtd. con eff = 3.671 / Wtd. HRF eff = 2.2216 / Pop var. = 0.47275 / time = 0.74
best of generation 119 / cbal. = 94.5319 / Wtd. con eff = 3.671 / Wtd. HRF eff = 2.2216 / Pop var. = 0.42285 / time = 0.75
best of generation 120 / cbal. = 94.5319 / Wtd. con eff = 3.671 / Wtd. HRF eff = 2.2216 / Pop var. = 0.39061 / time = 0.74
best of generation 121 / cbal. = 94.5319 / Wtd. con eff = 3.671 / Wtd. HRF eff = 2.2216 / Pop var. = 0.44799 / time = 0.73
best of generation 122 / cbal. = 94.5319 / Wtd. con eff = 3.671 / Wtd. HRF eff = 2.2216 / Pop var. = 0.43823 / time = 0.73
best of generation 123 / cbal. = 94.5319 / Wtd. con eff = 3.671 / Wtd. HRF eff = 2.2216 / Pop var. = 0.39661 / time = 0.75
best of generation 124 / cbal. = 94.5319 / Wtd. con eff = 3.671 / Wtd. HRF eff = 2.2216 / Pop var. = 0.47361 / time = 0.74
best of generation 125 / cbal. = 94.5319 / Wtd. con eff = 3.671 / Wtd. HRF eff = 2.2216 / Pop var. = 0.39204 / time = 0.76
best of generation 126 / cbal. = 94.5319 / Wtd. con eff = 3.671 / Wtd. HRF eff = 2.2216 / Pop var. = 0.44614 / time = 0.74
best of generation 127 / cbal. = 94.5319 / Wtd. con eff = 3.671 / Wtd. HRF eff = 2.2216 / Pop var. = 0.4222 / time = 0.74
best of generation 128 / cbal. = 94.5319 / Wtd. con eff = 3.671 / Wtd. HRF eff = 2.2216 / Pop var. = 0.35493 / time = 0.74
best of generation 129 / cbal. = 94.5319 / Wtd. con eff = 3.671 / Wtd. HRF eff = 2.2216 / Pop var. = 0.39988 / time = 0.74
best of generation 130 / cbal. = 94.5319 / Wtd. con eff = 3.671 / Wtd. HRF eff = 2.2216 / Pop var. = 0.44647 / time = 0.74
best of generation 131 / cbal. = 94.5319 / Wtd. con eff = 3.671 / Wtd. HRF eff = 2.2216 / Pop var. = 0.40175 / time = 0.73
best of generation 132 / cbal. = 94.5319 / Wtd. con eff = 3.671 / Wtd. HRF eff = 2.2216 / Pop var. = 0.40746 / time = 0.75
best of generation 133 / cbal. = 94.5319 / Wtd. con eff = 3.671 / Wtd. HRF eff = 2.2216 / Pop var. = 0.37631 / time = 0.73
best of generation 134 / cbal. = 94.5319 / Wtd. con eff = 3.671 / Wtd. HRF eff = 2.2216 / Pop var. = 0.40662 / time = 0.73
best of generation 135 / cbal. = 94.5319 / Wtd. con eff = 3.671 / Wtd. HRF eff = 2.2216 / Pop var. = 0.38508 / time = 0.74
best of generation 136 / cbal. = 94.5319 / Wtd. con eff = 3.671 / Wtd. HRF eff = 2.2216 / Pop var. = 0.42103 / time = 0.75
best of generation 137 / cbal. = 94.5319 / Wtd. con eff = 3.671 / Wtd. HRF eff = 2.2216 / Pop var. = 0.3732 / time = 0.74
best of generation 138 / cbal. = 94.5319 / Wtd. con eff = 3.671 / Wtd. HRF eff = 2.2216 / Pop var. = 0.41304 / time = 0.75
best of generation 139 / cbal. = 94.5319 / Wtd. con eff = 3.671 / Wtd. HRF eff = 2.2216 / Pop var. = 0.33747 / time = 0.74
best of generation 140 / cbal. = 94.5319 / Wtd. con eff = 3.671 / Wtd. HRF eff = 2.2216 / Pop var. = 0.39224 / time = 0.73
best of generation 141 / cbal. = 94.5319 / Wtd. con eff = 3.671 / Wtd. HRF eff = 2.2216 / Pop var. = 0.43305 / time = 0.74
best of generation 142 / cbal. = 94.5319 / Wtd. con eff = 3.671 / Wtd. HRF eff = 2.2216 / Pop var. = 0.45754 / time = 0.75
best of generation 143 / cbal. = 94.5319 / Wtd. con eff = 3.671 / Wtd. HRF eff = 2.2216 / Pop var. = 0.42055 / time = 0.74
best of generation 144 / cbal. = 94.5319 / Wtd. con eff = 3.671 / Wtd. HRF eff = 2.2216 / Pop var. = 0.36629 / time = 0.73
best of generation 145 / cbal. = 94.5319 / Wtd. con eff = 3.671 / Wtd. HRF eff = 2.2216 / Pop var. = 0.40955 / time = 0.75
best of generation 146 / cbal. = 94.5319 / Wtd. con eff = 3.671 / Wtd. HRF eff = 2.2216 / Pop var. = 0.37307 / time = 0.74
best of generation 147 / cbal. = 94.5319 / Wtd. con eff = 3.671 / Wtd. HRF eff = 2.2216 / Pop var. = 0.46458 / time = 0.74
best of generation 148 / cbal. = 94.5319 / Wtd. con eff = 3.671 / Wtd. HRF eff = 2.2216 / Pop var. = 0.42493 / time = 0.74
best of generation 149 / cbal. = 94.5319 / Wtd. con eff = 3.671 / Wtd. HRF eff = 2.2216 / Pop var. = 0.37701 / time = 0.73
best of generation 150 / cbal. = 94.5319 / Wtd. con eff = 3.671 / Wtd. HRF eff = 2.2216 / Pop var. = 0.4223 / time = 0.74
best of generation 151 / cbal. = 94.5319 / Wtd. con eff = 3.671 / Wtd. HRF eff = 2.2216 / Pop var. = 0.38672 / time = 0.73
best of generation 152 / cbal. = 94.5319 / Wtd. con eff = 3.671 / Wtd. HRF eff = 2.2216 / Pop var. = 0.4444 / time = 0.75
best of generation 153 / cbal. = 94.5319 / Wtd. con eff = 3.671 / Wtd. HRF eff = 2.2216 / Pop var. = 0.39443 / time = 0.74
best of generation 154 / cbal. = 94.5319 / Wtd. con eff = 3.671 / Wtd. HRF eff = 2.2216 / Pop var. = 0.43126 / time = 0.73
best of generation 155 / cbal. = 94.5319 / Wtd. con eff = 3.671 / Wtd. HRF eff = 2.2216 / Pop var. = 0.37792 / time = 0.74
best of generation 156 / cbal. = 94.5319 / Wtd. con eff = 3.671 / Wtd. HRF eff = 2.2216 / Pop var. = 0.43451 / time = 0.74
best of generation 157 / cbal. = 94.5319 / Wtd. con eff = 3.671 / Wtd. HRF eff = 2.2216 / Pop var. = 0.34051 / time = 0.74
best of generation 158 / cbal. = 94.5319 / Wtd. con eff = 3.671 / Wtd. HRF eff = 2.2216 / Pop var. = 0.4176 / time = 0.74
best of generation 159 / cbal. = 94.5319 / Wtd. con eff = 3.671 / Wtd. HRF eff = 2.2216 / Pop var. = 0.33329 / time = 0.74
saving workspace as GAresults.mat
M = 
     origlist: [49x1 double]
     restlist: [20x1 double]
     stimlist: [60x1 double]
           ga: [1x1 struct]
    bestLists: [60x159 uint8]
         date: '11-9-2014'
optimizeGA done: 120.28 s
