Starting Model 31
OptimizeGA
===============================
Saturation threshold = 
Setting up variables
You entered 2 conditions  (event types) that will each be modeled with a regessor. 
 Note that if you enter 0 as a condition number, those events will not be modeled
 (they are assumed to be rest/inter-stimulus interval periods)

Contrasts entered. You entered matrix of 3 contrasts, with weights across 4 conditions.
 Contrasts:
     1     1    -1    -1
     1     0    -1     0
     0     1     0    -1
 ...adding one column to contrast matrix with weights of 0, to model the intercept
You entered a contrast weight vector across 3 contrasts
 	...Using rests of length 1 and resting every 4
================== Parameters ======================
     Total stimuli in scan      : 60
     Fixed rest length in ITIs  : 1
     Fixed Rest stimuli in scan : 11
     Num blank intervals        : 9
     Num of task conds          : 2
     Num stimuli each cond      : 20  20
====================================================
	...generating lists of organisms
	...USING TRANS2BLOCK >
     freqConditions = 0.2         0.2         0.2         0.2
     conditions = 1  2  3  4
REST INTERVALS: not used (to use, freqCond should be one longer than conditions
  ...randomizing organism start state
	...restMatrix is 20 X 40
ans =
     4     4     4     4     4     4     4     4     4     4
     4     4     4     4     4     4     4     4     4     4
     4     4     4     4     4     4     4     4     4     4
     4     4     4     4     4     4     4     4     4     4
     4     4     4     4     4     4     4     4     4     4
======== Num stimuli, averaged across lists (before instruction/rest stimuli) ========
		Condition 0: 9 stimuli, 15% of total stimuli
		Condition 1: 20 stimuli, 33.3333% of total stimuli
		Condition 2: 20 stimuli, 33.3333% of total stimuli
		Condition 3: 0 stimuli, 0% of total stimuli
		Condition 4: 0 stimuli, 0% of total stimuli
======================================================================================
best of generation 1 / cbal. = 94.7537 / Wtd. con eff = 2.7717 / Wtd. HRF eff = 0.49424 / Pop var. = 0.85991 / time = 0.83
best of generation 2 / cbal. = 94.9045 / Wtd. con eff = 2.8828 / Wtd. HRF eff = 0.53297 / Pop var. = 0.84662 / time = 0.79
best of generation 3 / cbal. = 95.0996 / Wtd. con eff = 2.9481 / Wtd. HRF eff = 0.58326 / Pop var. = 0.83179 / time = 0.84
best of generation 4 / cbal. = 95.0996 / Wtd. con eff = 2.9481 / Wtd. HRF eff = 0.58326 / Pop var. = 0.79764 / time = 0.83
best of generation 5 / cbal. = 95.0996 / Wtd. con eff = 2.9481 / Wtd. HRF eff = 0.58326 / Pop var. = 0.76592 / time = 0.83
best of generation 6 / cbal. = 94.7207 / Wtd. con eff = 3.2497 / Wtd. HRF eff = 0.78706 / Pop var. = 0.66788 / time = 0.79
best of generation 7 / cbal. = 95.4113 / Wtd. con eff = 3.1669 / Wtd. HRF eff = 0.62112 / Pop var. = 0.55748 / time = 0.79
best of generation 8 / cbal. = 95.2901 / Wtd. con eff = 3.2409 / Wtd. HRF eff = 0.59269 / Pop var. = 0.52738 / time = 0.79
best of generation 9 / cbal. = 95.2901 / Wtd. con eff = 3.2409 / Wtd. HRF eff = 0.59269 / Pop var. = 0.57292 / time = 0.78
best of generation 10 / cbal. = 94.5032 / Wtd. con eff = 3.3316 / Wtd. HRF eff = 0.51905 / Pop var. = 0.60369 / time = 0.79
best of generation 11 / cbal. = 95.467 / Wtd. con eff = 3.2817 / Wtd. HRF eff = 0.57326 / Pop var. = 0.58857 / time = 0.82
best of generation 12 / cbal. = 94.9377 / Wtd. con eff = 3.3566 / Wtd. HRF eff = 0.6182 / Pop var. = 0.56444 / time = 0.79
best of generation 13 / cbal. = 94.9377 / Wtd. con eff = 3.3566 / Wtd. HRF eff = 0.6182 / Pop var. = 0.45694 / time = 0.79
best of generation 14 / cbal. = 94.9377 / Wtd. con eff = 3.3566 / Wtd. HRF eff = 0.6182 / Pop var. = 0.3676 / time = 1.02
best of generation 15 / cbal. = 95.1804 / Wtd. con eff = 3.4375 / Wtd. HRF eff = 0.85924 / Pop var. = 0.41793 / time = 0.79
best of generation 16 / cbal. = 95.1804 / Wtd. con eff = 3.4375 / Wtd. HRF eff = 0.85924 / Pop var. = 0.41499 / time = 0.8
best of generation 17 / cbal. = 95.1804 / Wtd. con eff = 3.4375 / Wtd. HRF eff = 0.85924 / Pop var. = 0.40125 / time = 0.8
best of generation 18 / cbal. = 95.1804 / Wtd. con eff = 3.4375 / Wtd. HRF eff = 0.85924 / Pop var. = 0.38731 / time = 0.79
best of generation 19 / cbal. = 95.1804 / Wtd. con eff = 3.4375 / Wtd. HRF eff = 0.85924 / Pop var. = 0.47268 / time = 0.79
best of generation 20 / cbal. = 95.0732 / Wtd. con eff = 3.4432 / Wtd. HRF eff = 0.97494 / Pop var. = 0.45481 / time = 0.81
best of generation 21 / cbal. = 95.0732 / Wtd. con eff = 3.4432 / Wtd. HRF eff = 0.97494 / Pop var. = 0.43559 / time = 0.79
best of generation 22 / cbal. = 95.273 / Wtd. con eff = 3.4568 / Wtd. HRF eff = 0.98181 / Pop var. = 0.42697 / time = 0.83
best of generation 23 / cbal. = 94.9364 / Wtd. con eff = 3.5351 / Wtd. HRF eff = 0.84759 / Pop var. = 0.41104 / time = 0.79
best of generation 24 / cbal. = 94.9364 / Wtd. con eff = 3.5351 / Wtd. HRF eff = 0.84759 / Pop var. = 0.39346 / time = 0.79
best of generation 25 / cbal. = 94.9206 / Wtd. con eff = 3.5198 / Wtd. HRF eff = 0.93611 / Pop var. = 0.47619 / time = 0.78
best of generation 26 / cbal. = 94.7724 / Wtd. con eff = 3.6041 / Wtd. HRF eff = 0.97555 / Pop var. = 0.46607 / time = 0.81
best of generation 27 / cbal. = 94.7724 / Wtd. con eff = 3.6041 / Wtd. HRF eff = 0.97555 / Pop var. = 0.41976 / time = 0.82
best of generation 28 / cbal. = 94.7724 / Wtd. con eff = 3.6041 / Wtd. HRF eff = 0.97555 / Pop var. = 0.37329 / time = 0.79
best of generation 29 / cbal. = 94.7724 / Wtd. con eff = 3.6041 / Wtd. HRF eff = 0.97555 / Pop var. = 0.47398 / time = 0.8
best of generation 30 / cbal. = 94.7724 / Wtd. con eff = 3.6041 / Wtd. HRF eff = 0.97555 / Pop var. = 0.42339 / time = 0.8
best of generation 31 / cbal. = 94.8033 / Wtd. con eff = 3.5956 / Wtd. HRF eff = 1.1827 / Pop var. = 0.3767 / time = 0.79
best of generation 32 / cbal. = 94.8033 / Wtd. con eff = 3.5956 / Wtd. HRF eff = 1.1827 / Pop var. = 0.44878 / time = 0.82
best of generation 33 / cbal. = 94.8033 / Wtd. con eff = 3.5956 / Wtd. HRF eff = 1.1827 / Pop var. = 0.423 / time = 0.79
best of generation 34 / cbal. = 94.8033 / Wtd. con eff = 3.5956 / Wtd. HRF eff = 1.1827 / Pop var. = 0.36675 / time = 0.8
best of generation 35 / cbal. = 94.8033 / Wtd. con eff = 3.5956 / Wtd. HRF eff = 1.1827 / Pop var. = 0.43205 / time = 0.82
best of generation 36 / cbal. = 94.8033 / Wtd. con eff = 3.5956 / Wtd. HRF eff = 1.1827 / Pop var. = 0.40158 / time = 0.8
best of generation 37 / cbal. = 94.8033 / Wtd. con eff = 3.5956 / Wtd. HRF eff = 1.1827 / Pop var. = 0.36797 / time = 0.8
best of generation 38 / cbal. = 94.8033 / Wtd. con eff = 3.5956 / Wtd. HRF eff = 1.1827 / Pop var. = 0.43191 / time = 0.79
best of generation 39 / cbal. = 94.8577 / Wtd. con eff = 3.5896 / Wtd. HRF eff = 1.2177 / Pop var. = 0.36292 / time = 0.79
best of generation 40 / cbal. = 94.8577 / Wtd. con eff = 3.5896 / Wtd. HRF eff = 1.2177 / Pop var. = 0.44514 / time = 0.78
best of generation 41 / cbal. = 94.8577 / Wtd. con eff = 3.5896 / Wtd. HRF eff = 1.2177 / Pop var. = 0.422 / time = 0.79
best of generation 42 / cbal. = 94.8577 / Wtd. con eff = 3.5896 / Wtd. HRF eff = 1.2177 / Pop var. = 0.39035 / time = 0.82
best of generation 43 / cbal. = 94.6734 / Wtd. con eff = 3.6352 / Wtd. HRF eff = 1.2904 / Pop var. = 0.47172 / time = 0.81
best of generation 44 / cbal. = 94.6734 / Wtd. con eff = 3.6352 / Wtd. HRF eff = 1.2904 / Pop var. = 0.42197 / time = 0.79
best of generation 45 / cbal. = 94.6734 / Wtd. con eff = 3.6352 / Wtd. HRF eff = 1.2904 / Pop var. = 0.38029 / time = 0.8
best of generation 46 / cbal. = 94.6734 / Wtd. con eff = 3.6352 / Wtd. HRF eff = 1.2904 / Pop var. = 0.47469 / time = 0.79
best of generation 47 / cbal. = 94.6734 / Wtd. con eff = 3.6352 / Wtd. HRF eff = 1.2904 / Pop var. = 0.42466 / time = 0.8
best of generation 48 / cbal. = 94.6734 / Wtd. con eff = 3.6352 / Wtd. HRF eff = 1.2904 / Pop var. = 0.37948 / time = 0.8
best of generation 49 / cbal. = 94.6734 / Wtd. con eff = 3.6352 / Wtd. HRF eff = 1.2904 / Pop var. = 0.43346 / time = 0.8
best of generation 50 / cbal. = 94.2315 / Wtd. con eff = 3.6759 / Wtd. HRF eff = 1.8381 / Pop var. = 0.36143 / time = 0.81
best of generation 51 / cbal. = 94.2315 / Wtd. con eff = 3.6759 / Wtd. HRF eff = 1.8381 / Pop var. = 0.4379 / time = 0.8
best of generation 52 / cbal. = 94.2315 / Wtd. con eff = 3.6759 / Wtd. HRF eff = 1.8381 / Pop var. = 0.42549 / time = 0.81
best of generation 53 / cbal. = 94.2315 / Wtd. con eff = 3.6759 / Wtd. HRF eff = 1.8381 / Pop var. = 0.38745 / time = 0.82
best of generation 54 / cbal. = 94.2315 / Wtd. con eff = 3.6759 / Wtd. HRF eff = 1.8381 / Pop var. = 0.46756 / time = 0.8
best of generation 55 / cbal. = 94.2315 / Wtd. con eff = 3.6759 / Wtd. HRF eff = 1.8381 / Pop var. = 0.41896 / time = 0.81
best of generation 56 / cbal. = 94.2315 / Wtd. con eff = 3.6759 / Wtd. HRF eff = 1.8381 / Pop var. = 0.33309 / time = 0.8
best of generation 57 / cbal. = 94.2315 / Wtd. con eff = 3.6759 / Wtd. HRF eff = 1.8381 / Pop var. = 0.4494 / time = 0.8
best of generation 58 / cbal. = 94.2315 / Wtd. con eff = 3.6759 / Wtd. HRF eff = 1.8381 / Pop var. = 0.39937 / time = 0.8
best of generation 59 / cbal. = 94.2315 / Wtd. con eff = 3.6759 / Wtd. HRF eff = 1.8381 / Pop var. = 0.45975 / time = 0.81
best of generation 60 / cbal. = 94.5688 / Wtd. con eff = 3.6761 / Wtd. HRF eff = 1.7047 / Pop var. = 0.32475 / time = 0.79
best of generation 61 / cbal. = 94.5688 / Wtd. con eff = 3.6761 / Wtd. HRF eff = 1.7047 / Pop var. = 0.39899 / time = 0.79
best of generation 62 / cbal. = 94.5688 / Wtd. con eff = 3.6761 / Wtd. HRF eff = 1.7047 / Pop var. = 0.4581 / time = 0.81
best of generation 63 / cbal. = 94.5688 / Wtd. con eff = 3.6761 / Wtd. HRF eff = 1.7047 / Pop var. = 0.41443 / time = 0.82
best of generation 64 / cbal. = 94.5688 / Wtd. con eff = 3.6761 / Wtd. HRF eff = 1.7047 / Pop var. = 0.38457 / time = 0.81
best of generation 65 / cbal. = 94.5688 / Wtd. con eff = 3.6761 / Wtd. HRF eff = 1.7047 / Pop var. = 0.41451 / time = 0.8
best of generation 66 / cbal. = 94.5688 / Wtd. con eff = 3.6761 / Wtd. HRF eff = 1.7047 / Pop var. = 0.34048 / time = 0.79
best of generation 67 / cbal. = 94.5688 / Wtd. con eff = 3.6761 / Wtd. HRF eff = 1.7047 / Pop var. = 0.39379 / time = 0.8
best of generation 68 / cbal. = 94.5688 / Wtd. con eff = 3.6761 / Wtd. HRF eff = 1.7047 / Pop var. = 0.42291 / time = 0.8
best of generation 69 / cbal. = 94.5688 / Wtd. con eff = 3.6761 / Wtd. HRF eff = 1.7047 / Pop var. = 0.39444 / time = 0.8
best of generation 70 / cbal. = 94.5688 / Wtd. con eff = 3.6761 / Wtd. HRF eff = 1.7047 / Pop var. = 0.47633 / time = 0.8
best of generation 71 / cbal. = 94.5688 / Wtd. con eff = 3.6761 / Wtd. HRF eff = 1.7047 / Pop var. = 0.38893 / time = 0.8
best of generation 72 / cbal. = 94.5688 / Wtd. con eff = 3.6761 / Wtd. HRF eff = 1.7047 / Pop var. = 0.4575 / time = 0.81
best of generation 73 / cbal. = 94.5688 / Wtd. con eff = 3.6761 / Wtd. HRF eff = 1.7047 / Pop var. = 0.38483 / time = 0.81
best of generation 74 / cbal. = 94.5688 / Wtd. con eff = 3.6761 / Wtd. HRF eff = 1.7047 / Pop var. = 0.44587 / time = 0.83
best of generation 75 / cbal. = 94.5688 / Wtd. con eff = 3.6761 / Wtd. HRF eff = 1.7047 / Pop var. = 0.37172 / time = 0.79
best of generation 76 / cbal. = 94.5688 / Wtd. con eff = 3.6761 / Wtd. HRF eff = 1.7047 / Pop var. = 0.43846 / time = 0.81
best of generation 77 / cbal. = 94.5688 / Wtd. con eff = 3.6761 / Wtd. HRF eff = 1.7047 / Pop var. = 0.37637 / time = 0.8
best of generation 78 / cbal. = 94.5688 / Wtd. con eff = 3.6761 / Wtd. HRF eff = 1.7047 / Pop var. = 0.41887 / time = 0.8
best of generation 79 / cbal. = 94.5688 / Wtd. con eff = 3.6761 / Wtd. HRF eff = 1.7047 / Pop var. = 0.36117 / time = 0.82
best of generation 80 / cbal. = 94.5688 / Wtd. con eff = 3.6761 / Wtd. HRF eff = 1.7047 / Pop var. = 0.41364 / time = 0.8
best of generation 81 / cbal. = 94.5688 / Wtd. con eff = 3.6749 / Wtd. HRF eff = 1.749 / Pop var. = 0.35789 / time = 0.8
best of generation 82 / cbal. = 94.5688 / Wtd. con eff = 3.6749 / Wtd. HRF eff = 1.749 / Pop var. = 0.44323 / time = 0.81
best of generation 83 / cbal. = 94.5688 / Wtd. con eff = 3.6749 / Wtd. HRF eff = 1.749 / Pop var. = 0.36307 / time = 0.8
best of generation 84 / cbal. = 94.5688 / Wtd. con eff = 3.6749 / Wtd. HRF eff = 1.749 / Pop var. = 0.46587 / time = 0.82
best of generation 85 / cbal. = 94.5688 / Wtd. con eff = 3.6749 / Wtd. HRF eff = 1.749 / Pop var. = 0.43005 / time = 0.8
best of generation 86 / cbal. = 94.5688 / Wtd. con eff = 3.6749 / Wtd. HRF eff = 1.749 / Pop var. = 0.36644 / time = 0.8
best of generation 87 / cbal. = 94.5688 / Wtd. con eff = 3.6749 / Wtd. HRF eff = 1.749 / Pop var. = 0.47037 / time = 0.8
best of generation 88 / cbal. = 94.5688 / Wtd. con eff = 3.6749 / Wtd. HRF eff = 1.749 / Pop var. = 0.39308 / time = 0.8
best of generation 89 / cbal. = 94.5688 / Wtd. con eff = 3.6749 / Wtd. HRF eff = 1.749 / Pop var. = 0.44786 / time = 0.82
best of generation 90 / cbal. = 94.5688 / Wtd. con eff = 3.6749 / Wtd. HRF eff = 1.749 / Pop var. = 0.40101 / time = 0.8
best of generation 91 / cbal. = 94.5688 / Wtd. con eff = 3.6749 / Wtd. HRF eff = 1.749 / Pop var. = 0.32128 / time = 0.79
best of generation 92 / cbal. = 94.5688 / Wtd. con eff = 3.6749 / Wtd. HRF eff = 1.749 / Pop var. = 0.40219 / time = 0.8
best of generation 93 / cbal. = 94.5688 / Wtd. con eff = 3.6749 / Wtd. HRF eff = 1.749 / Pop var. = 0.35377 / time = 0.8
best of generation 94 / cbal. = 94.5688 / Wtd. con eff = 3.6749 / Wtd. HRF eff = 1.749 / Pop var. = 0.41542 / time = 0.79
best of generation 95 / cbal. = 94.5688 / Wtd. con eff = 3.6749 / Wtd. HRF eff = 1.749 / Pop var. = 0.3324 / time = 0.82
best of generation 96 / cbal. = 94.5688 / Wtd. con eff = 3.6749 / Wtd. HRF eff = 1.749 / Pop var. = 0.45076 / time = 0.8
best of generation 97 / cbal. = 94.5688 / Wtd. con eff = 3.6749 / Wtd. HRF eff = 1.749 / Pop var. = 0.41408 / time = 0.8
best of generation 98 / cbal. = 94.5688 / Wtd. con eff = 3.6749 / Wtd. HRF eff = 1.749 / Pop var. = 0.33491 / time = 0.8
best of generation 99 / cbal. = 94.4662 / Wtd. con eff = 3.6785 / Wtd. HRF eff = 2.1651 / Pop var. = 0.45267 / time = 0.8
best of generation 100 / cbal. = 94.4662 / Wtd. con eff = 3.6785 / Wtd. HRF eff = 2.1651 / Pop var. = 0.43236 / time = 0.8
best of generation 101 / cbal. = 94.4662 / Wtd. con eff = 3.6785 / Wtd. HRF eff = 2.1651 / Pop var. = 0.41618 / time = 0.79
best of generation 102 / cbal. = 94.4662 / Wtd. con eff = 3.6785 / Wtd. HRF eff = 2.1651 / Pop var. = 0.38432 / time = 0.8
best of generation 103 / cbal. = 94.4662 / Wtd. con eff = 3.6785 / Wtd. HRF eff = 2.1651 / Pop var. = 0.42838 / time = 0.81
best of generation 104 / cbal. = 94.4372 / Wtd. con eff = 3.7033 / Wtd. HRF eff = 1.9432 / Pop var. = 0.36718 / time = 0.8
best of generation 105 / cbal. = 94.4372 / Wtd. con eff = 3.7033 / Wtd. HRF eff = 1.9432 / Pop var. = 0.42808 / time = 0.82
best of generation 106 / cbal. = 94.4372 / Wtd. con eff = 3.7033 / Wtd. HRF eff = 1.9432 / Pop var. = 0.32294 / time = 0.8
best of generation 107 / cbal. = 94.4372 / Wtd. con eff = 3.7033 / Wtd. HRF eff = 1.9432 / Pop var. = 0.36745 / time = 0.81
best of generation 108 / cbal. = 94.4372 / Wtd. con eff = 3.7033 / Wtd. HRF eff = 1.9432 / Pop var. = 0.46137 / time = 0.79
best of generation 109 / cbal. = 94.4372 / Wtd. con eff = 3.7033 / Wtd. HRF eff = 1.9432 / Pop var. = 0.37723 / time = 0.79
best of generation 110 / cbal. = 94.4372 / Wtd. con eff = 3.7033 / Wtd. HRF eff = 1.9432 / Pop var. = 0.43711 / time = 0.8
best of generation 111 / cbal. = 94.4372 / Wtd. con eff = 3.7033 / Wtd. HRF eff = 1.9432 / Pop var. = 0.4367 / time = 0.79
best of generation 112 / cbal. = 94.4372 / Wtd. con eff = 3.7033 / Wtd. HRF eff = 1.9432 / Pop var. = 0.3637 / time = 0.8
best of generation 113 / cbal. = 94.4372 / Wtd. con eff = 3.7033 / Wtd. HRF eff = 1.9432 / Pop var. = 0.39206 / time = 0.79
best of generation 114 / cbal. = 94.4372 / Wtd. con eff = 3.7033 / Wtd. HRF eff = 1.9432 / Pop var. = 0.43225 / time = 0.8
best of generation 115 / cbal. = 94.4372 / Wtd. con eff = 3.7033 / Wtd. HRF eff = 1.9432 / Pop var. = 0.39851 / time = 0.8
best of generation 116 / cbal. = 94.4372 / Wtd. con eff = 3.7033 / Wtd. HRF eff = 1.9432 / Pop var. = 0.46772 / time = 0.81
best of generation 117 / cbal. = 94.4372 / Wtd. con eff = 3.7033 / Wtd. HRF eff = 1.9432 / Pop var. = 0.40889 / time = 0.81
best of generation 118 / cbal. = 94.4372 / Wtd. con eff = 3.7033 / Wtd. HRF eff = 1.9432 / Pop var. = 0.38887 / time = 0.8
best of generation 119 / cbal. = 94.4372 / Wtd. con eff = 3.7033 / Wtd. HRF eff = 1.9432 / Pop var. = 0.43889 / time = 0.79
best of generation 120 / cbal. = 94.4372 / Wtd. con eff = 3.7033 / Wtd. HRF eff = 1.9432 / Pop var. = 0.36391 / time = 0.81
best of generation 121 / cbal. = 94.4372 / Wtd. con eff = 3.7033 / Wtd. HRF eff = 1.9432 / Pop var. = 0.42384 / time = 0.8
best of generation 122 / cbal. = 94.4372 / Wtd. con eff = 3.7033 / Wtd. HRF eff = 1.9432 / Pop var. = 0.353 / time = 0.8
best of generation 123 / cbal. = 94.4372 / Wtd. con eff = 3.7033 / Wtd. HRF eff = 1.9432 / Pop var. = 0.44425 / time = 0.81
best of generation 124 / cbal. = 94.4372 / Wtd. con eff = 3.7033 / Wtd. HRF eff = 1.9432 / Pop var. = 0.40657 / time = 0.8
best of generation 125 / cbal. = 94.4372 / Wtd. con eff = 3.7033 / Wtd. HRF eff = 1.9432 / Pop var. = 0.39138 / time = 0.81
best of generation 126 / cbal. = 94.4372 / Wtd. con eff = 3.7033 / Wtd. HRF eff = 1.9432 / Pop var. = 0.48321 / time = 0.8
best of generation 127 / cbal. = 94.4372 / Wtd. con eff = 3.7033 / Wtd. HRF eff = 1.9432 / Pop var. = 0.41939 / time = 0.8
best of generation 128 / cbal. = 94.4372 / Wtd. con eff = 3.7033 / Wtd. HRF eff = 1.9432 / Pop var. = 0.37656 / time = 0.8
best of generation 129 / cbal. = 94.4372 / Wtd. con eff = 3.7033 / Wtd. HRF eff = 1.9432 / Pop var. = 0.45844 / time = 0.79
best of generation 130 / cbal. = 94.4372 / Wtd. con eff = 3.7033 / Wtd. HRF eff = 1.9432 / Pop var. = 0.43094 / time = 0.8
best of generation 131 / cbal. = 94.4372 / Wtd. con eff = 3.7033 / Wtd. HRF eff = 1.9432 / Pop var. = 0.37605 / time = 0.84
best of generation 132 / cbal. = 94.4372 / Wtd. con eff = 3.7033 / Wtd. HRF eff = 1.9432 / Pop var. = 0.45933 / time = 0.81
best of generation 133 / cbal. = 94.4372 / Wtd. con eff = 3.7033 / Wtd. HRF eff = 1.9432 / Pop var. = 0.41111 / time = 0.8
best of generation 134 / cbal. = 94.4372 / Wtd. con eff = 3.7033 / Wtd. HRF eff = 1.9432 / Pop var. = 0.35854 / time = 0.8
best of generation 135 / cbal. = 94.4372 / Wtd. con eff = 3.7033 / Wtd. HRF eff = 1.9432 / Pop var. = 0.39942 / time = 0.8
best of generation 136 / cbal. = 94.4372 / Wtd. con eff = 3.7033 / Wtd. HRF eff = 1.9432 / Pop var. = 0.48863 / time = 0.8
best of generation 137 / cbal. = 94.7801 / Wtd. con eff = 3.6656 / Wtd. HRF eff = 1.6307 / Pop var. = 0.41602 / time = 0.8
best of generation 138 / cbal. = 94.4372 / Wtd. con eff = 3.7033 / Wtd. HRF eff = 1.9432 / Pop var. = 0.35623 / time = 0.8
best of generation 139 / cbal. = 94.4372 / Wtd. con eff = 3.7033 / Wtd. HRF eff = 1.9432 / Pop var. = 0.40196 / time = 0.8
best of generation 140 / cbal. = 94.4372 / Wtd. con eff = 3.7033 / Wtd. HRF eff = 1.9432 / Pop var. = 0.337 / time = 0.8
best of generation 141 / cbal. = 94.4372 / Wtd. con eff = 3.7033 / Wtd. HRF eff = 1.9432 / Pop var. = 0.38035 / time = 0.8
best of generation 142 / cbal. = 94.554 / Wtd. con eff = 3.6916 / Wtd. HRF eff = 1.995 / Pop var. = 0.42082 / time = 0.85
best of generation 143 / cbal. = 94.554 / Wtd. con eff = 3.6916 / Wtd. HRF eff = 1.995 / Pop var. = 0.37489 / time = 0.81
best of generation 144 / cbal. = 94.554 / Wtd. con eff = 3.6916 / Wtd. HRF eff = 1.995 / Pop var. = 0.41501 / time = 0.79
best of generation 145 / cbal. = 94.554 / Wtd. con eff = 3.6916 / Wtd. HRF eff = 1.995 / Pop var. = 0.37058 / time = 0.8
best of generation 146 / cbal. = 94.554 / Wtd. con eff = 3.6916 / Wtd. HRF eff = 1.995 / Pop var. = 0.39409 / time = 0.8
best of generation 147 / cbal. = 94.554 / Wtd. con eff = 3.6916 / Wtd. HRF eff = 1.995 / Pop var. = 0.49422 / time = 0.81
saving workspace as GAresults.mat
M = 
     origlist: [49x1 double]
     restlist: [20x1 double]
     stimlist: [60x1 double]
           ga: [1x1 struct]
    bestLists: [60x147 uint8]
         date: '11-9-2014'
optimizeGA done: 120.31 s
