Starting Model 35
OptimizeGA
===============================
Saturation threshold = 
Setting up variables
You entered 2 conditions  (event types) that will each be modeled with a regessor. 
 Note that if you enter 0 as a condition number, those events will not be modeled
 (they are assumed to be rest/inter-stimulus interval periods)

Contrasts entered. You entered matrix of 3 contrasts, with weights across 4 conditions.
 Contrasts:
     1     1    -1    -1
     1     0    -1     0
     0     1     0    -1
 ...adding one column to contrast matrix with weights of 0, to model the intercept
You entered a contrast weight vector across 3 contrasts
 	...Using rests of length 1 and resting every 4
================== Parameters ======================
     Total stimuli in scan      : 60
     Fixed rest length in ITIs  : 1
     Fixed Rest stimuli in scan : 11
     Num blank intervals        : 9
     Num of task conds          : 2
     Num stimuli each cond      : 20  20
====================================================
	...generating lists of organisms
	...USING TRANS2BLOCK >
     freqConditions = 0.2         0.2         0.2         0.2
     conditions = 1  2  3  4
REST INTERVALS: not used (to use, freqCond should be one longer than conditions
  ...randomizing organism start state
	...restMatrix is 20 X 40
ans =
     4     4     4     4     4     4     4     4     4     4
     4     4     4     4     4     4     4     4     4     4
     4     4     4     4     4     4     4     4     4     4
     4     4     4     4     4     4     4     4     4     4
     4     4     4     4     4     4     4     4     4     4
======== Num stimuli, averaged across lists (before instruction/rest stimuli) ========
		Condition 0: 9 stimuli, 15% of total stimuli
		Condition 1: 20 stimuli, 33.3333% of total stimuli
		Condition 2: 20 stimuli, 33.3333% of total stimuli
		Condition 3: 0 stimuli, 0% of total stimuli
		Condition 4: 0 stimuli, 0% of total stimuli
======================================================================================
best of generation 1 / cbal. = 95.1943 / Wtd. con eff = 2.6016 / Wtd. HRF eff = 0.61025 / Pop var. = 0.86379 / time = 0.75
best of generation 2 / cbal. = 95.1943 / Wtd. con eff = 2.6016 / Wtd. HRF eff = 0.61025 / Pop var. = 0.84405 / time = 0.75
best of generation 3 / cbal. = 94.5081 / Wtd. con eff = 3.0134 / Wtd. HRF eff = 0.63449 / Pop var. = 0.82733 / time = 0.71
best of generation 4 / cbal. = 94.5081 / Wtd. con eff = 3.0134 / Wtd. HRF eff = 0.63449 / Pop var. = 0.79153 / time = 0.72
best of generation 5 / cbal. = 95.0288 / Wtd. con eff = 2.8802 / Wtd. HRF eff = 0.59035 / Pop var. = 0.74929 / time = 0.72
best of generation 6 / cbal. = 95.2249 / Wtd. con eff = 3.1397 / Wtd. HRF eff = 0.74826 / Pop var. = 0.73017 / time = 0.71
best of generation 7 / cbal. = 95.2249 / Wtd. con eff = 3.1397 / Wtd. HRF eff = 0.74826 / Pop var. = 0.6887 / time = 0.72
best of generation 8 / cbal. = 95.388 / Wtd. con eff = 3.1014 / Wtd. HRF eff = 0.7791 / Pop var. = 0.68399 / time = 0.73
best of generation 9 / cbal. = 95.172 / Wtd. con eff = 3.3198 / Wtd. HRF eff = 0.97979 / Pop var. = 0.60459 / time = 0.72
best of generation 10 / cbal. = 95.172 / Wtd. con eff = 3.3198 / Wtd. HRF eff = 0.97979 / Pop var. = 0.52233 / time = 0.73
best of generation 11 / cbal. = 94.9862 / Wtd. con eff = 3.3842 / Wtd. HRF eff = 0.93796 / Pop var. = 0.49493 / time = 0.73
best of generation 12 / cbal. = 94.9862 / Wtd. con eff = 3.3842 / Wtd. HRF eff = 0.93796 / Pop var. = 0.45359 / time = 0.73
best of generation 13 / cbal. = 94.889 / Wtd. con eff = 3.4308 / Wtd. HRF eff = 1.0219 / Pop var. = 0.39145 / time = 0.74
best of generation 14 / cbal. = 94.9763 / Wtd. con eff = 3.4029 / Wtd. HRF eff = 1.0283 / Pop var. = 0.42731 / time = 0.72
best of generation 15 / cbal. = 94.3672 / Wtd. con eff = 3.5956 / Wtd. HRF eff = 0.97953 / Pop var. = 0.38087 / time = 0.73
best of generation 16 / cbal. = 95.0202 / Wtd. con eff = 3.5152 / Wtd. HRF eff = 0.89592 / Pop var. = 0.47117 / time = 0.72
best of generation 17 / cbal. = 95.0732 / Wtd. con eff = 3.5469 / Wtd. HRF eff = 1.066 / Pop var. = 0.4781 / time = 0.71
best of generation 18 / cbal. = 94.9127 / Wtd. con eff = 3.5775 / Wtd. HRF eff = 1.1571 / Pop var. = 0.46086 / time = 0.73
best of generation 19 / cbal. = 94.9127 / Wtd. con eff = 3.5775 / Wtd. HRF eff = 1.1571 / Pop var. = 0.43845 / time = 0.76
best of generation 20 / cbal. = 94.811 / Wtd. con eff = 3.5962 / Wtd. HRF eff = 1.2959 / Pop var. = 0.43153 / time = 0.73
best of generation 21 / cbal. = 94.811 / Wtd. con eff = 3.5962 / Wtd. HRF eff = 1.2959 / Pop var. = 0.43707 / time = 0.73
best of generation 22 / cbal. = 94.811 / Wtd. con eff = 3.5962 / Wtd. HRF eff = 1.2959 / Pop var. = 0.42675 / time = 0.74
best of generation 23 / cbal. = 95.1472 / Wtd. con eff = 3.5701 / Wtd. HRF eff = 1.2066 / Pop var. = 0.4127 / time = 0.73
best of generation 24 / cbal. = 95.1472 / Wtd. con eff = 3.5701 / Wtd. HRF eff = 1.2066 / Pop var. = 0.34461 / time = 0.74
best of generation 25 / cbal. = 95.0164 / Wtd. con eff = 3.5737 / Wtd. HRF eff = 1.3704 / Pop var. = 0.41965 / time = 0.74
best of generation 26 / cbal. = 95.0164 / Wtd. con eff = 3.5737 / Wtd. HRF eff = 1.3704 / Pop var. = 0.36739 / time = 0.73
best of generation 27 / cbal. = 94.7724 / Wtd. con eff = 3.6076 / Wtd. HRF eff = 1.528 / Pop var. = 0.4436 / time = 0.73
best of generation 28 / cbal. = 94.7724 / Wtd. con eff = 3.6076 / Wtd. HRF eff = 1.528 / Pop var. = 0.40323 / time = 0.73
best of generation 29 / cbal. = 94.7724 / Wtd. con eff = 3.6076 / Wtd. HRF eff = 1.528 / Pop var. = 0.3335 / time = 0.74
best of generation 30 / cbal. = 94.7724 / Wtd. con eff = 3.6076 / Wtd. HRF eff = 1.528 / Pop var. = 0.44438 / time = 0.74
best of generation 31 / cbal. = 94.7724 / Wtd. con eff = 3.6076 / Wtd. HRF eff = 1.528 / Pop var. = 0.39814 / time = 0.73
best of generation 32 / cbal. = 94.7724 / Wtd. con eff = 3.6076 / Wtd. HRF eff = 1.528 / Pop var. = 0.46445 / time = 0.74
best of generation 33 / cbal. = 94.7724 / Wtd. con eff = 3.6076 / Wtd. HRF eff = 1.528 / Pop var. = 0.39114 / time = 0.73
best of generation 34 / cbal. = 94.7724 / Wtd. con eff = 3.6076 / Wtd. HRF eff = 1.528 / Pop var. = 0.46005 / time = 0.74
best of generation 35 / cbal. = 94.7724 / Wtd. con eff = 3.6076 / Wtd. HRF eff = 1.528 / Pop var. = 0.39613 / time = 0.75
best of generation 36 / cbal. = 94.7724 / Wtd. con eff = 3.6076 / Wtd. HRF eff = 1.528 / Pop var. = 0.49106 / time = 0.73
best of generation 37 / cbal. = 94.7724 / Wtd. con eff = 3.6076 / Wtd. HRF eff = 1.528 / Pop var. = 0.43943 / time = 0.74
best of generation 38 / cbal. = 94.7724 / Wtd. con eff = 3.6076 / Wtd. HRF eff = 1.528 / Pop var. = 0.36005 / time = 0.73
best of generation 39 / cbal. = 94.811 / Wtd. con eff = 3.582 / Wtd. HRF eff = 1.6831 / Pop var. = 0.40482 / time = 0.74
best of generation 40 / cbal. = 94.811 / Wtd. con eff = 3.582 / Wtd. HRF eff = 1.6831 / Pop var. = 0.32362 / time = 0.74
best of generation 41 / cbal. = 94.3512 / Wtd. con eff = 3.6218 / Wtd. HRF eff = 1.8908 / Pop var. = 0.39696 / time = 0.75
best of generation 42 / cbal. = 94.4156 / Wtd. con eff = 3.6278 / Wtd. HRF eff = 4.3227 / Pop var. = 0.42453 / time = 0.74
best of generation 43 / cbal. = 94.6433 / Wtd. con eff = 3.6004 / Wtd. HRF eff = 1.6829 / Pop var. = 0.37517 / time = 0.74
best of generation 44 / cbal. = 94.6433 / Wtd. con eff = 3.6004 / Wtd. HRF eff = 1.6829 / Pop var. = 0.46722 / time = 0.73
best of generation 45 / cbal. = 95.0003 / Wtd. con eff = 3.5917 / Wtd. HRF eff = 1.4347 / Pop var. = 0.41645 / time = 0.73
best of generation 46 / cbal. = 95.0003 / Wtd. con eff = 3.5917 / Wtd. HRF eff = 1.4347 / Pop var. = 0.37248 / time = 0.74
best of generation 47 / cbal. = 94.5985 / Wtd. con eff = 3.5885 / Wtd. HRF eff = 3.5316 / Pop var. = 0.4505 / time = 0.73
best of generation 48 / cbal. = 94.5985 / Wtd. con eff = 3.5885 / Wtd. HRF eff = 3.5316 / Pop var. = 0.44436 / time = 0.74
best of generation 49 / cbal. = 94.3797 / Wtd. con eff = 3.6656 / Wtd. HRF eff = 3.7642 / Pop var. = 0.43211 / time = 0.73
best of generation 50 / cbal. = 94.3797 / Wtd. con eff = 3.6656 / Wtd. HRF eff = 3.7642 / Pop var. = 0.37259 / time = 0.74
best of generation 51 / cbal. = 94.3797 / Wtd. con eff = 3.6656 / Wtd. HRF eff = 3.7642 / Pop var. = 0.46785 / time = 0.73
best of generation 52 / cbal. = 94.3797 / Wtd. con eff = 3.6656 / Wtd. HRF eff = 3.7642 / Pop var. = 0.45651 / time = 0.76
best of generation 53 / cbal. = 94.3797 / Wtd. con eff = 3.6656 / Wtd. HRF eff = 3.7642 / Pop var. = 0.39745 / time = 0.73
best of generation 54 / cbal. = 94.3797 / Wtd. con eff = 3.6656 / Wtd. HRF eff = 3.7642 / Pop var. = 0.43804 / time = 0.73
best of generation 55 / cbal. = 94.3797 / Wtd. con eff = 3.6656 / Wtd. HRF eff = 3.7642 / Pop var. = 0.38004 / time = 0.74
best of generation 56 / cbal. = 94.3797 / Wtd. con eff = 3.6656 / Wtd. HRF eff = 3.7642 / Pop var. = 0.43018 / time = 0.76
best of generation 57 / cbal. = 94.5099 / Wtd. con eff = 3.6679 / Wtd. HRF eff = 4.1324 / Pop var. = 0.35392 / time = 0.75
best of generation 58 / cbal. = 94.5099 / Wtd. con eff = 3.6679 / Wtd. HRF eff = 4.1324 / Pop var. = 0.45316 / time = 0.73
best of generation 59 / cbal. = 94.5099 / Wtd. con eff = 3.6679 / Wtd. HRF eff = 4.1324 / Pop var. = 0.37397 / time = 0.73
best of generation 60 / cbal. = 94.5099 / Wtd. con eff = 3.6679 / Wtd. HRF eff = 4.1324 / Pop var. = 0.433 / time = 0.74
best of generation 61 / cbal. = 94.5099 / Wtd. con eff = 3.6679 / Wtd. HRF eff = 4.1324 / Pop var. = 0.37359 / time = 0.73
best of generation 62 / cbal. = 94.5099 / Wtd. con eff = 3.6679 / Wtd. HRF eff = 4.1324 / Pop var. = 0.41528 / time = 0.73
best of generation 63 / cbal. = 94.5099 / Wtd. con eff = 3.6679 / Wtd. HRF eff = 4.1324 / Pop var. = 0.38343 / time = 0.75
best of generation 64 / cbal. = 94.5099 / Wtd. con eff = 3.6679 / Wtd. HRF eff = 4.1324 / Pop var. = 0.40538 / time = 0.73
best of generation 65 / cbal. = 94.5099 / Wtd. con eff = 3.6679 / Wtd. HRF eff = 4.1324 / Pop var. = 0.36199 / time = 0.73
best of generation 66 / cbal. = 94.5099 / Wtd. con eff = 3.6679 / Wtd. HRF eff = 4.1324 / Pop var. = 0.38541 / time = 0.74
best of generation 67 / cbal. = 94.5099 / Wtd. con eff = 3.6679 / Wtd. HRF eff = 4.1324 / Pop var. = 0.44175 / time = 0.73
best of generation 68 / cbal. = 94.5099 / Wtd. con eff = 3.6679 / Wtd. HRF eff = 4.1324 / Pop var. = 0.39023 / time = 0.74
best of generation 69 / cbal. = 94.5099 / Wtd. con eff = 3.6679 / Wtd. HRF eff = 4.1324 / Pop var. = 0.43969 / time = 0.73
best of generation 70 / cbal. = 94.5099 / Wtd. con eff = 3.6679 / Wtd. HRF eff = 4.1324 / Pop var. = 0.39057 / time = 0.73
best of generation 71 / cbal. = 94.5099 / Wtd. con eff = 3.6679 / Wtd. HRF eff = 4.1324 / Pop var. = 0.43631 / time = 0.73
best of generation 72 / cbal. = 94.5099 / Wtd. con eff = 3.6679 / Wtd. HRF eff = 4.1324 / Pop var. = 0.38017 / time = 0.75
best of generation 73 / cbal. = 94.5099 / Wtd. con eff = 3.6679 / Wtd. HRF eff = 4.1324 / Pop var. = 0.46811 / time = 0.74
best of generation 74 / cbal. = 94.5099 / Wtd. con eff = 3.6679 / Wtd. HRF eff = 4.1324 / Pop var. = 0.41465 / time = 0.75
best of generation 75 / cbal. = 94.5099 / Wtd. con eff = 3.6679 / Wtd. HRF eff = 4.1324 / Pop var. = 0.3196 / time = 0.73
best of generation 76 / cbal. = 94.5099 / Wtd. con eff = 3.6679 / Wtd. HRF eff = 4.1324 / Pop var. = 0.40477 / time = 0.73
best of generation 77 / cbal. = 94.5099 / Wtd. con eff = 3.6679 / Wtd. HRF eff = 4.1324 / Pop var. = 0.38156 / time = 0.73
best of generation 78 / cbal. = 94.5099 / Wtd. con eff = 3.6679 / Wtd. HRF eff = 4.1324 / Pop var. = 0.45195 / time = 0.72
best of generation 79 / cbal. = 94.5099 / Wtd. con eff = 3.6679 / Wtd. HRF eff = 4.1324 / Pop var. = 0.395 / time = 0.75
best of generation 80 / cbal. = 94.5099 / Wtd. con eff = 3.6679 / Wtd. HRF eff = 4.1324 / Pop var. = 0.46987 / time = 0.74
best of generation 81 / cbal. = 94.5099 / Wtd. con eff = 3.6679 / Wtd. HRF eff = 4.1324 / Pop var. = 0.38469 / time = 0.73
best of generation 82 / cbal. = 94.5099 / Wtd. con eff = 3.6679 / Wtd. HRF eff = 4.1324 / Pop var. = 0.46295 / time = 0.74
best of generation 83 / cbal. = 94.5099 / Wtd. con eff = 3.6679 / Wtd. HRF eff = 4.1324 / Pop var. = 0.40884 / time = 0.74
best of generation 84 / cbal. = 94.5099 / Wtd. con eff = 3.6679 / Wtd. HRF eff = 4.1324 / Pop var. = 0.34303 / time = 0.73
best of generation 85 / cbal. = 94.5099 / Wtd. con eff = 3.6679 / Wtd. HRF eff = 4.1324 / Pop var. = 0.38775 / time = 0.75
best of generation 86 / cbal. = 94.5099 / Wtd. con eff = 3.6679 / Wtd. HRF eff = 4.1324 / Pop var. = 0.41589 / time = 0.73
best of generation 87 / cbal. = 94.5099 / Wtd. con eff = 3.6679 / Wtd. HRF eff = 4.1324 / Pop var. = 0.33985 / time = 0.73
best of generation 88 / cbal. = 94.5099 / Wtd. con eff = 3.6679 / Wtd. HRF eff = 4.1324 / Pop var. = 0.42771 / time = 0.74
best of generation 89 / cbal. = 94.5099 / Wtd. con eff = 3.6679 / Wtd. HRF eff = 4.1324 / Pop var. = 0.37158 / time = 0.73
best of generation 90 / cbal. = 94.5099 / Wtd. con eff = 3.6679 / Wtd. HRF eff = 4.1324 / Pop var. = 0.47111 / time = 0.73
best of generation 91 / cbal. = 94.5099 / Wtd. con eff = 3.6679 / Wtd. HRF eff = 4.1324 / Pop var. = 0.41548 / time = 0.73
best of generation 92 / cbal. = 94.3512 / Wtd. con eff = 3.6923 / Wtd. HRF eff = 4.3748 / Pop var. = 0.32998 / time = 0.74
best of generation 93 / cbal. = 94.3512 / Wtd. con eff = 3.6923 / Wtd. HRF eff = 4.3748 / Pop var. = 0.38775 / time = 0.73
best of generation 94 / cbal. = 94.3512 / Wtd. con eff = 3.6923 / Wtd. HRF eff = 4.3748 / Pop var. = 0.40052 / time = 0.74
best of generation 95 / cbal. = 94.3512 / Wtd. con eff = 3.6923 / Wtd. HRF eff = 4.3748 / Pop var. = 0.37282 / time = 0.73
best of generation 96 / cbal. = 94.3512 / Wtd. con eff = 3.6923 / Wtd. HRF eff = 4.3748 / Pop var. = 0.44525 / time = 0.75
best of generation 97 / cbal. = 94.3512 / Wtd. con eff = 3.6923 / Wtd. HRF eff = 4.3748 / Pop var. = 0.40612 / time = 0.74
best of generation 98 / cbal. = 94.3512 / Wtd. con eff = 3.6923 / Wtd. HRF eff = 4.3748 / Pop var. = 0.37689 / time = 0.74
best of generation 99 / cbal. = 94.3512 / Wtd. con eff = 3.6923 / Wtd. HRF eff = 4.3748 / Pop var. = 0.41693 / time = 0.73
best of generation 100 / cbal. = 94.3512 / Wtd. con eff = 3.6923 / Wtd. HRF eff = 4.3748 / Pop var. = 0.3702 / time = 0.74
best of generation 101 / cbal. = 94.3512 / Wtd. con eff = 3.6923 / Wtd. HRF eff = 4.3748 / Pop var. = 0.42906 / time = 0.75
best of generation 102 / cbal. = 94.3512 / Wtd. con eff = 3.6923 / Wtd. HRF eff = 4.3748 / Pop var. = 0.38172 / time = 0.73
best of generation 103 / cbal. = 94.3512 / Wtd. con eff = 3.6923 / Wtd. HRF eff = 4.3748 / Pop var. = 0.44572 / time = 0.74
best of generation 104 / cbal. = 94.3512 / Wtd. con eff = 3.6923 / Wtd. HRF eff = 4.3748 / Pop var. = 0.42851 / time = 0.74
best of generation 105 / cbal. = 94.3512 / Wtd. con eff = 3.6923 / Wtd. HRF eff = 4.3748 / Pop var. = 0.37839 / time = 0.73
best of generation 106 / cbal. = 94.3512 / Wtd. con eff = 3.6923 / Wtd. HRF eff = 4.3748 / Pop var. = 0.44195 / time = 0.73
best of generation 107 / cbal. = 94.3512 / Wtd. con eff = 3.6923 / Wtd. HRF eff = 4.3748 / Pop var. = 0.35423 / time = 0.74
best of generation 108 / cbal. = 94.3512 / Wtd. con eff = 3.6923 / Wtd. HRF eff = 4.3748 / Pop var. = 0.40718 / time = 0.73
best of generation 109 / cbal. = 94.3512 / Wtd. con eff = 3.6923 / Wtd. HRF eff = 4.3748 / Pop var. = 0.38182 / time = 0.73
best of generation 110 / cbal. = 94.7189 / Wtd. con eff = 3.6135 / Wtd. HRF eff = 4.3481 / Pop var. = 0.42076 / time = 0.74
best of generation 111 / cbal. = 94.3512 / Wtd. con eff = 3.6923 / Wtd. HRF eff = 4.3748 / Pop var. = 0.41438 / time = 0.73
best of generation 112 / cbal. = 94.3512 / Wtd. con eff = 3.6923 / Wtd. HRF eff = 4.3748 / Pop var. = 0.33951 / time = 0.78
best of generation 113 / cbal. = 94.3512 / Wtd. con eff = 3.6923 / Wtd. HRF eff = 4.3748 / Pop var. = 0.42244 / time = 0.73
best of generation 114 / cbal. = 94.3512 / Wtd. con eff = 3.6923 / Wtd. HRF eff = 4.3748 / Pop var. = 0.36693 / time = 0.73
best of generation 115 / cbal. = 94.3512 / Wtd. con eff = 3.6923 / Wtd. HRF eff = 4.3748 / Pop var. = 0.46762 / time = 0.73
best of generation 116 / cbal. = 94.3512 / Wtd. con eff = 3.6923 / Wtd. HRF eff = 4.3748 / Pop var. = 0.39589 / time = 0.73
best of generation 117 / cbal. = 94.3512 / Wtd. con eff = 3.6923 / Wtd. HRF eff = 4.3748 / Pop var. = 0.47823 / time = 0.74
best of generation 118 / cbal. = 94.3512 / Wtd. con eff = 3.6923 / Wtd. HRF eff = 4.3748 / Pop var. = 0.47278 / time = 0.76
best of generation 119 / cbal. = 94.3512 / Wtd. con eff = 3.6923 / Wtd. HRF eff = 4.3748 / Pop var. = 0.45186 / time = 0.74
best of generation 120 / cbal. = 94.3512 / Wtd. con eff = 3.6923 / Wtd. HRF eff = 4.3748 / Pop var. = 0.41724 / time = 0.73
best of generation 121 / cbal. = 94.3512 / Wtd. con eff = 3.6923 / Wtd. HRF eff = 4.3748 / Pop var. = 0.37388 / time = 0.72
best of generation 122 / cbal. = 94.3512 / Wtd. con eff = 3.6923 / Wtd. HRF eff = 4.3748 / Pop var. = 0.41861 / time = 0.74
best of generation 123 / cbal. = 94.3512 / Wtd. con eff = 3.6923 / Wtd. HRF eff = 4.3748 / Pop var. = 0.34768 / time = 0.77
best of generation 124 / cbal. = 94.3512 / Wtd. con eff = 3.6923 / Wtd. HRF eff = 4.3748 / Pop var. = 0.43472 / time = 0.73
best of generation 125 / cbal. = 94.3512 / Wtd. con eff = 3.6923 / Wtd. HRF eff = 4.3748 / Pop var. = 0.37403 / time = 0.74
best of generation 126 / cbal. = 94.3512 / Wtd. con eff = 3.6923 / Wtd. HRF eff = 4.3748 / Pop var. = 0.44139 / time = 0.73
best of generation 127 / cbal. = 94.3512 / Wtd. con eff = 3.6923 / Wtd. HRF eff = 4.3748 / Pop var. = 0.42378 / time = 0.72
best of generation 128 / cbal. = 94.3512 / Wtd. con eff = 3.6923 / Wtd. HRF eff = 4.3748 / Pop var. = 0.35778 / time = 0.73
best of generation 129 / cbal. = 94.3512 / Wtd. con eff = 3.6923 / Wtd. HRF eff = 4.3748 / Pop var. = 0.40741 / time = 0.74
best of generation 130 / cbal. = 94.3512 / Wtd. con eff = 3.6923 / Wtd. HRF eff = 4.3748 / Pop var. = 0.35005 / time = 0.73
best of generation 131 / cbal. = 94.4662 / Wtd. con eff = 3.6712 / Wtd. HRF eff = 4.5686 / Pop var. = 0.44483 / time = 0.72
best of generation 132 / cbal. = 94.3512 / Wtd. con eff = 3.6923 / Wtd. HRF eff = 4.3748 / Pop var. = 0.40008 / time = 0.74
best of generation 133 / cbal. = 94.3512 / Wtd. con eff = 3.6923 / Wtd. HRF eff = 4.3748 / Pop var. = 0.39074 / time = 0.73
best of generation 134 / cbal. = 94.3512 / Wtd. con eff = 3.6923 / Wtd. HRF eff = 4.3748 / Pop var. = 0.49521 / time = 0.75
best of generation 135 / cbal. = 94.3512 / Wtd. con eff = 3.6923 / Wtd. HRF eff = 4.3748 / Pop var. = 0.44096 / time = 0.73
best of generation 136 / cbal. = 94.3512 / Wtd. con eff = 3.6923 / Wtd. HRF eff = 4.3748 / Pop var. = 0.3949 / time = 0.73
best of generation 137 / cbal. = 94.3512 / Wtd. con eff = 3.6923 / Wtd. HRF eff = 4.3748 / Pop var. = 0.47472 / time = 0.74
best of generation 138 / cbal. = 94.3512 / Wtd. con eff = 3.6923 / Wtd. HRF eff = 4.3748 / Pop var. = 0.3855 / time = 0.73
best of generation 139 / cbal. = 94.3512 / Wtd. con eff = 3.6923 / Wtd. HRF eff = 4.3748 / Pop var. = 0.45256 / time = 0.73
best of generation 140 / cbal. = 94.3512 / Wtd. con eff = 3.6923 / Wtd. HRF eff = 4.3748 / Pop var. = 0.43361 / time = 0.74
best of generation 141 / cbal. = 94.3512 / Wtd. con eff = 3.6923 / Wtd. HRF eff = 4.3748 / Pop var. = 0.37811 / time = 0.73
best of generation 142 / cbal. = 94.3512 / Wtd. con eff = 3.6923 / Wtd. HRF eff = 4.3748 / Pop var. = 0.42709 / time = 0.74
best of generation 143 / cbal. = 94.3512 / Wtd. con eff = 3.6923 / Wtd. HRF eff = 4.3748 / Pop var. = 0.37821 / time = 0.74
best of generation 144 / cbal. = 94.3512 / Wtd. con eff = 3.6923 / Wtd. HRF eff = 4.3748 / Pop var. = 0.45881 / time = 0.73
best of generation 145 / cbal. = 94.3512 / Wtd. con eff = 3.6923 / Wtd. HRF eff = 4.3748 / Pop var. = 0.42149 / time = 0.75
best of generation 146 / cbal. = 94.3512 / Wtd. con eff = 3.6923 / Wtd. HRF eff = 4.3748 / Pop var. = 0.34492 / time = 0.73
best of generation 147 / cbal. = 94.3512 / Wtd. con eff = 3.6923 / Wtd. HRF eff = 4.3748 / Pop var. = 0.40743 / time = 0.73
best of generation 148 / cbal. = 94.3512 / Wtd. con eff = 3.6923 / Wtd. HRF eff = 4.3748 / Pop var. = 0.35552 / time = 0.74
best of generation 149 / cbal. = 94.3512 / Wtd. con eff = 3.6923 / Wtd. HRF eff = 4.3748 / Pop var. = 0.44996 / time = 0.74
best of generation 150 / cbal. = 94.3512 / Wtd. con eff = 3.6923 / Wtd. HRF eff = 4.3748 / Pop var. = 0.37617 / time = 0.74
best of generation 151 / cbal. = 94.3512 / Wtd. con eff = 3.6923 / Wtd. HRF eff = 4.3748 / Pop var. = 0.43185 / time = 0.75
best of generation 152 / cbal. = 94.3512 / Wtd. con eff = 3.6923 / Wtd. HRF eff = 4.3748 / Pop var. = 0.38176 / time = 0.74
best of generation 153 / cbal. = 94.3512 / Wtd. con eff = 3.6923 / Wtd. HRF eff = 4.3748 / Pop var. = 0.43763 / time = 0.74
best of generation 154 / cbal. = 94.3512 / Wtd. con eff = 3.6923 / Wtd. HRF eff = 4.3748 / Pop var. = 0.39723 / time = 0.76
best of generation 155 / cbal. = 94.3512 / Wtd. con eff = 3.6923 / Wtd. HRF eff = 4.3748 / Pop var. = 0.40326 / time = 0.72
best of generation 156 / cbal. = 94.3512 / Wtd. con eff = 3.6923 / Wtd. HRF eff = 4.3748 / Pop var. = 0.3144 / time = 0.74
best of generation 157 / cbal. = 94.3512 / Wtd. con eff = 3.6923 / Wtd. HRF eff = 4.3748 / Pop var. = 0.38442 / time = 0.74
best of generation 158 / cbal. = 94.3512 / Wtd. con eff = 3.6923 / Wtd. HRF eff = 4.3748 / Pop var. = 0.42017 / time = 0.74
best of generation 159 / cbal. = 94.3512 / Wtd. con eff = 3.6923 / Wtd. HRF eff = 4.3748 / Pop var. = 0.39245 / time = 0.73
best of generation 160 / cbal. = 94.3512 / Wtd. con eff = 3.6923 / Wtd. HRF eff = 4.3748 / Pop var. = 0.46544 / time = 0.74
saving workspace as GAresults.mat
M = 
     origlist: [49x1 double]
     restlist: [20x1 double]
     stimlist: [60x1 double]
           ga: [1x1 struct]
    bestLists: [60x160 uint8]
         date: '11-9-2014'
optimizeGA done: 120.2 s
