Starting Model 76
OptimizeGA
===============================
Saturation threshold = 
Setting up variables
You entered 2 conditions  (event types) that will each be modeled with a regessor. 
 Note that if you enter 0 as a condition number, those events will not be modeled
 (they are assumed to be rest/inter-stimulus interval periods)

Contrasts entered. You entered matrix of 3 contrasts, with weights across 4 conditions.
 Contrasts:
     1     1    -1    -1
     1     0    -1     0
     0     1     0    -1
 ...adding one column to contrast matrix with weights of 0, to model the intercept
You entered a contrast weight vector across 3 contrasts
 	...Using rests of length 1 and resting every 4
================== Parameters ======================
     Total stimuli in scan      : 60
     Fixed rest length in ITIs  : 1
     Fixed Rest stimuli in scan : 11
     Num blank intervals        : 9
     Num of task conds          : 2
     Num stimuli each cond      : 20  20
====================================================
	...generating lists of organisms
	...USING TRANS2BLOCK >
     freqConditions = 0.2         0.2         0.2         0.2
     conditions = 1  2  3  4
REST INTERVALS: not used (to use, freqCond should be one longer than conditions
  ...randomizing organism start state
	...restMatrix is 20 X 40
ans =
     4     4     4     4     4     4     4     4     4     4
     4     4     4     4     4     4     4     4     4     4
     4     4     4     4     4     4     4     4     4     4
     4     4     4     4     4     4     4     4     4     4
     4     4     4     4     4     4     4     4     4     4
======== Num stimuli, averaged across lists (before instruction/rest stimuli) ========
		Condition 0: 9 stimuli, 15% of total stimuli
		Condition 1: 20 stimuli, 33.3333% of total stimuli
		Condition 2: 20 stimuli, 33.3333% of total stimuli
		Condition 3: 0 stimuli, 0% of total stimuli
		Condition 4: 0 stimuli, 0% of total stimuli
======================================================================================
best of generation 1 / cbal. = 94.3281 / Wtd. con eff = 2.5235 / Wtd. HRF eff = 0.66258 / Pop var. = 0.86494 / time = 0.77
best of generation 2 / cbal. = 94.8441 / Wtd. con eff = 2.8764 / Wtd. HRF eff = 0.55676 / Pop var. = 0.84593 / time = 0.71
best of generation 3 / cbal. = 94.4201 / Wtd. con eff = 2.9579 / Wtd. HRF eff = 0.58549 / Pop var. = 0.83654 / time = 0.72
best of generation 4 / cbal. = 94.931 / Wtd. con eff = 2.994 / Wtd. HRF eff = 0.53928 / Pop var. = 0.80895 / time = 0.72
best of generation 5 / cbal. = 93.6852 / Wtd. con eff = 3.3018 / Wtd. HRF eff = 0.93336 / Pop var. = 0.78918 / time = 0.76
best of generation 6 / cbal. = 94.4757 / Wtd. con eff = 3.3222 / Wtd. HRF eff = 0.85369 / Pop var. = 0.74631 / time = 0.72
best of generation 7 / cbal. = 94.4757 / Wtd. con eff = 3.3222 / Wtd. HRF eff = 0.85369 / Pop var. = 0.67023 / time = 0.73
best of generation 8 / cbal. = 94.4757 / Wtd. con eff = 3.3222 / Wtd. HRF eff = 0.85369 / Pop var. = 0.6115 / time = 0.72
best of generation 9 / cbal. = 94.4757 / Wtd. con eff = 3.3222 / Wtd. HRF eff = 0.85369 / Pop var. = 0.58851 / time = 0.72
best of generation 10 / cbal. = 94.3578 / Wtd. con eff = 3.4557 / Wtd. HRF eff = 0.92372 / Pop var. = 0.52118 / time = 0.73
best of generation 11 / cbal. = 94.5467 / Wtd. con eff = 3.4965 / Wtd. HRF eff = 0.95909 / Pop var. = 0.40124 / time = 0.73
best of generation 12 / cbal. = 94.5467 / Wtd. con eff = 3.4965 / Wtd. HRF eff = 0.95909 / Pop var. = 0.40756 / time = 0.74
best of generation 13 / cbal. = 94.626 / Wtd. con eff = 3.5634 / Wtd. HRF eff = 0.92984 / Pop var. = 0.4153 / time = 0.72
best of generation 14 / cbal. = 94.626 / Wtd. con eff = 3.5634 / Wtd. HRF eff = 0.92984 / Pop var. = 0.36458 / time = 0.73
best of generation 15 / cbal. = 94.6508 / Wtd. con eff = 3.5157 / Wtd. HRF eff = 1.0455 / Pop var. = 0.45939 / time = 0.73
best of generation 16 / cbal. = 94.6358 / Wtd. con eff = 3.5202 / Wtd. HRF eff = 1.2133 / Pop var. = 0.41869 / time = 0.76
best of generation 17 / cbal. = 95.1389 / Wtd. con eff = 3.5189 / Wtd. HRF eff = 1.088 / Pop var. = 0.40252 / time = 0.73
best of generation 18 / cbal. = 95.1389 / Wtd. con eff = 3.5189 / Wtd. HRF eff = 1.088 / Pop var. = 0.35787 / time = 0.72
best of generation 19 / cbal. = 95.1389 / Wtd. con eff = 3.5189 / Wtd. HRF eff = 1.088 / Pop var. = 0.43804 / time = 0.73
best of generation 20 / cbal. = 95.1389 / Wtd. con eff = 3.5189 / Wtd. HRF eff = 1.088 / Pop var. = 0.39019 / time = 0.73
best of generation 21 / cbal. = 94.9127 / Wtd. con eff = 3.5875 / Wtd. HRF eff = 1.0518 / Pop var. = 0.44805 / time = 0.76
best of generation 22 / cbal. = 94.9127 / Wtd. con eff = 3.5875 / Wtd. HRF eff = 1.0518 / Pop var. = 0.39878 / time = 0.74
best of generation 23 / cbal. = 94.9127 / Wtd. con eff = 3.5875 / Wtd. HRF eff = 1.0518 / Pop var. = 0.4362 / time = 0.74
best of generation 24 / cbal. = 94.9127 / Wtd. con eff = 3.5875 / Wtd. HRF eff = 1.0518 / Pop var. = 0.39126 / time = 0.73
best of generation 25 / cbal. = 94.3726 / Wtd. con eff = 3.5688 / Wtd. HRF eff = 3.6166 / Pop var. = 0.418 / time = 0.73
best of generation 26 / cbal. = 94.3726 / Wtd. con eff = 3.5688 / Wtd. HRF eff = 3.6166 / Pop var. = 0.3905 / time = 0.73
best of generation 27 / cbal. = 94.3726 / Wtd. con eff = 3.5688 / Wtd. HRF eff = 3.6166 / Pop var. = 0.48566 / time = 0.74
best of generation 28 / cbal. = 94.3726 / Wtd. con eff = 3.5688 / Wtd. HRF eff = 3.6166 / Pop var. = 0.45664 / time = 0.73
best of generation 29 / cbal. = 94.3726 / Wtd. con eff = 3.5688 / Wtd. HRF eff = 3.6166 / Pop var. = 0.43752 / time = 0.73
best of generation 30 / cbal. = 94.7418 / Wtd. con eff = 3.5781 / Wtd. HRF eff = 1.5823 / Pop var. = 0.41478 / time = 0.73
best of generation 31 / cbal. = 94.7418 / Wtd. con eff = 3.5781 / Wtd. HRF eff = 1.5823 / Pop var. = 0.36977 / time = 0.73
best of generation 32 / cbal. = 94.5173 / Wtd. con eff = 3.636 / Wtd. HRF eff = 3.0836 / Pop var. = 0.44536 / time = 0.77
best of generation 33 / cbal. = 94.5173 / Wtd. con eff = 3.636 / Wtd. HRF eff = 3.0836 / Pop var. = 0.43888 / time = 0.74
best of generation 34 / cbal. = 94.5173 / Wtd. con eff = 3.636 / Wtd. HRF eff = 3.0836 / Pop var. = 0.42118 / time = 0.73
best of generation 35 / cbal. = 94.5173 / Wtd. con eff = 3.636 / Wtd. HRF eff = 3.0836 / Pop var. = 0.39694 / time = 0.73
best of generation 36 / cbal. = 94.5173 / Wtd. con eff = 3.636 / Wtd. HRF eff = 3.0836 / Pop var. = 0.48925 / time = 0.73
best of generation 37 / cbal. = 94.488 / Wtd. con eff = 3.6702 / Wtd. HRF eff = 3.0387 / Pop var. = 0.44326 / time = 0.73
best of generation 38 / cbal. = 94.488 / Wtd. con eff = 3.6702 / Wtd. HRF eff = 3.0387 / Pop var. = 0.40204 / time = 0.75
best of generation 39 / cbal. = 94.488 / Wtd. con eff = 3.6702 / Wtd. HRF eff = 3.0387 / Pop var. = 0.35791 / time = 0.73
best of generation 40 / cbal. = 94.488 / Wtd. con eff = 3.6702 / Wtd. HRF eff = 3.0387 / Pop var. = 0.4422 / time = 0.73
best of generation 41 / cbal. = 94.488 / Wtd. con eff = 3.6702 / Wtd. HRF eff = 3.0387 / Pop var. = 0.4035 / time = 0.73
best of generation 42 / cbal. = 94.488 / Wtd. con eff = 3.6702 / Wtd. HRF eff = 3.0387 / Pop var. = 0.33916 / time = 0.75
best of generation 43 / cbal. = 94.488 / Wtd. con eff = 3.6702 / Wtd. HRF eff = 3.0387 / Pop var. = 0.38684 / time = 0.75
best of generation 44 / cbal. = 94.488 / Wtd. con eff = 3.6702 / Wtd. HRF eff = 3.0387 / Pop var. = 0.4358 / time = 0.75
best of generation 45 / cbal. = 94.488 / Wtd. con eff = 3.6702 / Wtd. HRF eff = 3.0387 / Pop var. = 0.38873 / time = 0.73
best of generation 46 / cbal. = 94.488 / Wtd. con eff = 3.6702 / Wtd. HRF eff = 3.0387 / Pop var. = 0.39623 / time = 0.73
best of generation 47 / cbal. = 94.488 / Wtd. con eff = 3.6702 / Wtd. HRF eff = 3.0387 / Pop var. = 0.4294 / time = 0.73
best of generation 48 / cbal. = 94.488 / Wtd. con eff = 3.6702 / Wtd. HRF eff = 3.0387 / Pop var. = 0.37771 / time = 0.73
best of generation 49 / cbal. = 94.488 / Wtd. con eff = 3.6702 / Wtd. HRF eff = 3.0387 / Pop var. = 0.47381 / time = 0.75
best of generation 50 / cbal. = 94.488 / Wtd. con eff = 3.6702 / Wtd. HRF eff = 3.0387 / Pop var. = 0.3997 / time = 0.73
best of generation 51 / cbal. = 94.488 / Wtd. con eff = 3.6702 / Wtd. HRF eff = 3.0387 / Pop var. = 0.48512 / time = 0.71
best of generation 52 / cbal. = 94.488 / Wtd. con eff = 3.6702 / Wtd. HRF eff = 3.0387 / Pop var. = 0.4785 / time = 0.75
best of generation 53 / cbal. = 94.488 / Wtd. con eff = 3.6702 / Wtd. HRF eff = 3.0387 / Pop var. = 0.45729 / time = 0.74
best of generation 54 / cbal. = 94.488 / Wtd. con eff = 3.6702 / Wtd. HRF eff = 3.0387 / Pop var. = 0.4196 / time = 0.76
best of generation 55 / cbal. = 94.488 / Wtd. con eff = 3.6702 / Wtd. HRF eff = 3.0387 / Pop var. = 0.33091 / time = 0.75
best of generation 56 / cbal. = 94.488 / Wtd. con eff = 3.6702 / Wtd. HRF eff = 3.0387 / Pop var. = 0.41682 / time = 0.73
best of generation 57 / cbal. = 94.488 / Wtd. con eff = 3.6702 / Wtd. HRF eff = 3.0387 / Pop var. = 0.38554 / time = 0.73
best of generation 58 / cbal. = 94.488 / Wtd. con eff = 3.6702 / Wtd. HRF eff = 3.0387 / Pop var. = 0.44476 / time = 0.73
best of generation 59 / cbal. = 94.488 / Wtd. con eff = 3.6702 / Wtd. HRF eff = 3.0387 / Pop var. = 0.36621 / time = 0.73
best of generation 60 / cbal. = 94.488 / Wtd. con eff = 3.6702 / Wtd. HRF eff = 3.0387 / Pop var. = 0.42606 / time = 0.75
best of generation 61 / cbal. = 94.488 / Wtd. con eff = 3.6702 / Wtd. HRF eff = 3.0387 / Pop var. = 0.38241 / time = 0.73
best of generation 62 / cbal. = 94.7265 / Wtd. con eff = 3.5961 / Wtd. HRF eff = 3.5572 / Pop var. = 0.45267 / time = 0.74
best of generation 63 / cbal. = 94.5467 / Wtd. con eff = 3.6386 / Wtd. HRF eff = 3.2089 / Pop var. = 0.36697 / time = 0.75
best of generation 64 / cbal. = 94.5467 / Wtd. con eff = 3.6386 / Wtd. HRF eff = 3.2089 / Pop var. = 0.39029 / time = 0.72
best of generation 65 / cbal. = 94.5467 / Wtd. con eff = 3.6386 / Wtd. HRF eff = 3.2089 / Pop var. = 0.45625 / time = 0.75
best of generation 66 / cbal. = 94.5467 / Wtd. con eff = 3.6386 / Wtd. HRF eff = 3.2089 / Pop var. = 0.42828 / time = 0.75
best of generation 67 / cbal. = 94.5467 / Wtd. con eff = 3.6386 / Wtd. HRF eff = 3.2089 / Pop var. = 0.35767 / time = 0.73
best of generation 68 / cbal. = 94.5467 / Wtd. con eff = 3.6386 / Wtd. HRF eff = 3.2089 / Pop var. = 0.38333 / time = 0.74
best of generation 69 / cbal. = 94.5467 / Wtd. con eff = 3.6386 / Wtd. HRF eff = 3.2089 / Pop var. = 0.4268 / time = 0.73
best of generation 70 / cbal. = 94.5467 / Wtd. con eff = 3.6386 / Wtd. HRF eff = 3.2089 / Pop var. = 0.38918 / time = 0.74
best of generation 71 / cbal. = 94.5467 / Wtd. con eff = 3.6386 / Wtd. HRF eff = 3.2089 / Pop var. = 0.46673 / time = 0.78
best of generation 72 / cbal. = 94.5467 / Wtd. con eff = 3.6386 / Wtd. HRF eff = 3.2089 / Pop var. = 0.424 / time = 0.72
best of generation 73 / cbal. = 94.5467 / Wtd. con eff = 3.6386 / Wtd. HRF eff = 3.2089 / Pop var. = 0.40177 / time = 0.73
best of generation 74 / cbal. = 94.5467 / Wtd. con eff = 3.6386 / Wtd. HRF eff = 3.2089 / Pop var. = 0.35694 / time = 0.73
best of generation 75 / cbal. = 94.5467 / Wtd. con eff = 3.6386 / Wtd. HRF eff = 3.2089 / Pop var. = 0.4392 / time = 0.73
best of generation 76 / cbal. = 94.43 / Wtd. con eff = 3.6659 / Wtd. HRF eff = 3.0492 / Pop var. = 0.43184 / time = 0.75
best of generation 77 / cbal. = 94.43 / Wtd. con eff = 3.6659 / Wtd. HRF eff = 3.0492 / Pop var. = 0.364 / time = 0.73
best of generation 78 / cbal. = 94.43 / Wtd. con eff = 3.6659 / Wtd. HRF eff = 3.0492 / Pop var. = 0.42358 / time = 0.73
best of generation 79 / cbal. = 94.43 / Wtd. con eff = 3.6659 / Wtd. HRF eff = 3.0492 / Pop var. = 0.37203 / time = 0.73
best of generation 80 / cbal. = 94.43 / Wtd. con eff = 3.6659 / Wtd. HRF eff = 3.0492 / Pop var. = 0.43648 / time = 0.73
best of generation 81 / cbal. = 94.43 / Wtd. con eff = 3.6659 / Wtd. HRF eff = 3.0492 / Pop var. = 0.39387 / time = 0.73
best of generation 82 / cbal. = 94.43 / Wtd. con eff = 3.6659 / Wtd. HRF eff = 3.0492 / Pop var. = 0.40531 / time = 0.79
best of generation 83 / cbal. = 94.43 / Wtd. con eff = 3.6659 / Wtd. HRF eff = 3.0492 / Pop var. = 0.3852 / time = 0.74
best of generation 84 / cbal. = 94.43 / Wtd. con eff = 3.6659 / Wtd. HRF eff = 3.0492 / Pop var. = 0.42953 / time = 0.73
best of generation 85 / cbal. = 94.43 / Wtd. con eff = 3.6659 / Wtd. HRF eff = 3.0492 / Pop var. = 0.36416 / time = 0.73
best of generation 86 / cbal. = 94.43 / Wtd. con eff = 3.6659 / Wtd. HRF eff = 3.0492 / Pop var. = 0.41747 / time = 0.73
best of generation 87 / cbal. = 94.2735 / Wtd. con eff = 3.6802 / Wtd. HRF eff = 3.3365 / Pop var. = 0.41355 / time = 0.75
best of generation 88 / cbal. = 94.43 / Wtd. con eff = 3.6659 / Wtd. HRF eff = 3.0492 / Pop var. = 0.33314 / time = 0.76
best of generation 89 / cbal. = 94.43 / Wtd. con eff = 3.6659 / Wtd. HRF eff = 3.0492 / Pop var. = 0.3093 / time = 0.74
best of generation 90 / cbal. = 94.43 / Wtd. con eff = 3.6659 / Wtd. HRF eff = 3.0492 / Pop var. = 0.38976 / time = 0.74
best of generation 91 / cbal. = 94.43 / Wtd. con eff = 3.6659 / Wtd. HRF eff = 3.0492 / Pop var. = 0.46562 / time = 0.73
best of generation 92 / cbal. = 94.43 / Wtd. con eff = 3.6659 / Wtd. HRF eff = 3.0492 / Pop var. = 0.44663 / time = 0.74
best of generation 93 / cbal. = 94.43 / Wtd. con eff = 3.6659 / Wtd. HRF eff = 3.0492 / Pop var. = 0.40916 / time = 0.78
best of generation 94 / cbal. = 94.43 / Wtd. con eff = 3.6659 / Wtd. HRF eff = 3.0492 / Pop var. = 0.37243 / time = 0.74
best of generation 95 / cbal. = 94.43 / Wtd. con eff = 3.6659 / Wtd. HRF eff = 3.0492 / Pop var. = 0.45305 / time = 0.73
best of generation 96 / cbal. = 94.43 / Wtd. con eff = 3.6659 / Wtd. HRF eff = 3.0492 / Pop var. = 0.39649 / time = 0.73
best of generation 97 / cbal. = 94.43 / Wtd. con eff = 3.6659 / Wtd. HRF eff = 3.0492 / Pop var. = 0.50301 / time = 0.74
best of generation 98 / cbal. = 94.43 / Wtd. con eff = 3.6659 / Wtd. HRF eff = 3.0492 / Pop var. = 0.44729 / time = 0.76
best of generation 99 / cbal. = 94.43 / Wtd. con eff = 3.6659 / Wtd. HRF eff = 3.0492 / Pop var. = 0.37914 / time = 0.74
best of generation 100 / cbal. = 94.43 / Wtd. con eff = 3.6659 / Wtd. HRF eff = 3.0492 / Pop var. = 0.44226 / time = 0.73
best of generation 101 / cbal. = 94.43 / Wtd. con eff = 3.6659 / Wtd. HRF eff = 3.0492 / Pop var. = 0.43093 / time = 0.73
best of generation 102 / cbal. = 94.43 / Wtd. con eff = 3.6659 / Wtd. HRF eff = 3.0492 / Pop var. = 0.34385 / time = 0.75
best of generation 103 / cbal. = 94.1899 / Wtd. con eff = 3.6876 / Wtd. HRF eff = 4.0402 / Pop var. = 0.38964 / time = 0.74
best of generation 104 / cbal. = 94.1899 / Wtd. con eff = 3.6876 / Wtd. HRF eff = 4.0402 / Pop var. = 0.45546 / time = 0.77
best of generation 105 / cbal. = 94.1899 / Wtd. con eff = 3.6876 / Wtd. HRF eff = 4.0402 / Pop var. = 0.44537 / time = 0.74
best of generation 106 / cbal. = 94.1899 / Wtd. con eff = 3.6876 / Wtd. HRF eff = 4.0402 / Pop var. = 0.3911 / time = 0.74
best of generation 107 / cbal. = 94.1899 / Wtd. con eff = 3.6876 / Wtd. HRF eff = 4.0402 / Pop var. = 0.37522 / time = 0.74
best of generation 108 / cbal. = 94.1899 / Wtd. con eff = 3.6876 / Wtd. HRF eff = 4.0402 / Pop var. = 0.42484 / time = 0.74
best of generation 109 / cbal. = 94.1899 / Wtd. con eff = 3.6876 / Wtd. HRF eff = 4.0402 / Pop var. = 0.40772 / time = 0.76
best of generation 110 / cbal. = 94.1899 / Wtd. con eff = 3.6876 / Wtd. HRF eff = 4.0402 / Pop var. = 0.3615 / time = 0.74
best of generation 111 / cbal. = 94.1899 / Wtd. con eff = 3.6876 / Wtd. HRF eff = 4.0402 / Pop var. = 0.42589 / time = 0.73
best of generation 112 / cbal. = 94.1899 / Wtd. con eff = 3.6876 / Wtd. HRF eff = 4.0402 / Pop var. = 0.37911 / time = 0.74
best of generation 113 / cbal. = 94.1899 / Wtd. con eff = 3.6876 / Wtd. HRF eff = 4.0402 / Pop var. = 0.43232 / time = 0.73
best of generation 114 / cbal. = 94.1899 / Wtd. con eff = 3.6876 / Wtd. HRF eff = 4.0402 / Pop var. = 0.38439 / time = 0.74
best of generation 115 / cbal. = 94.1899 / Wtd. con eff = 3.6876 / Wtd. HRF eff = 4.0402 / Pop var. = 0.4723 / time = 0.78
best of generation 116 / cbal. = 94.1899 / Wtd. con eff = 3.6876 / Wtd. HRF eff = 4.0402 / Pop var. = 0.42561 / time = 0.75
best of generation 117 / cbal. = 94.1899 / Wtd. con eff = 3.6876 / Wtd. HRF eff = 4.0402 / Pop var. = 0.33747 / time = 0.73
best of generation 118 / cbal. = 94.1899 / Wtd. con eff = 3.6876 / Wtd. HRF eff = 4.0402 / Pop var. = 0.3943 / time = 0.74
best of generation 119 / cbal. = 94.1899 / Wtd. con eff = 3.6876 / Wtd. HRF eff = 4.0402 / Pop var. = 0.46705 / time = 0.73
best of generation 120 / cbal. = 94.1899 / Wtd. con eff = 3.6876 / Wtd. HRF eff = 4.0402 / Pop var. = 0.42354 / time = 0.75
best of generation 121 / cbal. = 94.1899 / Wtd. con eff = 3.6876 / Wtd. HRF eff = 4.0402 / Pop var. = 0.34235 / time = 0.75
best of generation 122 / cbal. = 94.1899 / Wtd. con eff = 3.6876 / Wtd. HRF eff = 4.0402 / Pop var. = 0.41841 / time = 0.73
best of generation 123 / cbal. = 94.1899 / Wtd. con eff = 3.6876 / Wtd. HRF eff = 4.0402 / Pop var. = 0.38379 / time = 0.74
best of generation 124 / cbal. = 94.1899 / Wtd. con eff = 3.6876 / Wtd. HRF eff = 4.0402 / Pop var. = 0.47542 / time = 0.74
best of generation 125 / cbal. = 94.1899 / Wtd. con eff = 3.6876 / Wtd. HRF eff = 4.0402 / Pop var. = 0.41754 / time = 0.74
best of generation 126 / cbal. = 94.1899 / Wtd. con eff = 3.6876 / Wtd. HRF eff = 4.0402 / Pop var. = 0.40248 / time = 0.79
best of generation 127 / cbal. = 94.0599 / Wtd. con eff = 3.7046 / Wtd. HRF eff = 4.2207 / Pop var. = 0.38092 / time = 0.74
best of generation 128 / cbal. = 94.0599 / Wtd. con eff = 3.7046 / Wtd. HRF eff = 4.2207 / Pop var. = 0.43819 / time = 0.73
best of generation 129 / cbal. = 94.2805 / Wtd. con eff = 3.7226 / Wtd. HRF eff = 3.2331 / Pop var. = 0.37877 / time = 0.73
best of generation 130 / cbal. = 94.2805 / Wtd. con eff = 3.7226 / Wtd. HRF eff = 3.2331 / Pop var. = 0.42602 / time = 0.74
best of generation 131 / cbal. = 94.2805 / Wtd. con eff = 3.7226 / Wtd. HRF eff = 3.2331 / Pop var. = 0.39426 / time = 0.74
best of generation 132 / cbal. = 94.2805 / Wtd. con eff = 3.7226 / Wtd. HRF eff = 3.2331 / Pop var. = 0.44511 / time = 0.75
best of generation 133 / cbal. = 94.2805 / Wtd. con eff = 3.7226 / Wtd. HRF eff = 3.2331 / Pop var. = 0.3826 / time = 0.74
best of generation 134 / cbal. = 94.2805 / Wtd. con eff = 3.7226 / Wtd. HRF eff = 3.2331 / Pop var. = 0.43923 / time = 0.77
best of generation 135 / cbal. = 94.2805 / Wtd. con eff = 3.7226 / Wtd. HRF eff = 3.2331 / Pop var. = 0.3658 / time = 0.73
best of generation 136 / cbal. = 94.2805 / Wtd. con eff = 3.7226 / Wtd. HRF eff = 3.2331 / Pop var. = 0.4258 / time = 0.74
best of generation 137 / cbal. = 94.2805 / Wtd. con eff = 3.7226 / Wtd. HRF eff = 3.2331 / Pop var. = 0.40734 / time = 0.75
best of generation 138 / cbal. = 94.2805 / Wtd. con eff = 3.7226 / Wtd. HRF eff = 3.2331 / Pop var. = 0.37294 / time = 0.74
best of generation 139 / cbal. = 94.2805 / Wtd. con eff = 3.7226 / Wtd. HRF eff = 3.2331 / Pop var. = 0.42683 / time = 0.74
best of generation 140 / cbal. = 94.2805 / Wtd. con eff = 3.7226 / Wtd. HRF eff = 3.2331 / Pop var. = 0.37051 / time = 0.73
best of generation 141 / cbal. = 94.2805 / Wtd. con eff = 3.7226 / Wtd. HRF eff = 3.2331 / Pop var. = 0.41071 / time = 0.71
best of generation 142 / cbal. = 94.2805 / Wtd. con eff = 3.7226 / Wtd. HRF eff = 3.2331 / Pop var. = 0.33675 / time = 0.77
best of generation 143 / cbal. = 94.2805 / Wtd. con eff = 3.7226 / Wtd. HRF eff = 3.2331 / Pop var. = 0.38926 / time = 0.76
best of generation 144 / cbal. = 94.2805 / Wtd. con eff = 3.7226 / Wtd. HRF eff = 3.2331 / Pop var. = 0.45472 / time = 0.74
best of generation 145 / cbal. = 94.2805 / Wtd. con eff = 3.7226 / Wtd. HRF eff = 3.2331 / Pop var. = 0.42496 / time = 0.74
best of generation 146 / cbal. = 94.2805 / Wtd. con eff = 3.7226 / Wtd. HRF eff = 3.2331 / Pop var. = 0.36212 / time = 0.74
best of generation 147 / cbal. = 94.2805 / Wtd. con eff = 3.7226 / Wtd. HRF eff = 3.2331 / Pop var. = 0.43244 / time = 0.73
best of generation 148 / cbal. = 94.2805 / Wtd. con eff = 3.7226 / Wtd. HRF eff = 3.2331 / Pop var. = 0.37426 / time = 0.75
best of generation 149 / cbal. = 94.2805 / Wtd. con eff = 3.7226 / Wtd. HRF eff = 3.2331 / Pop var. = 0.46666 / time = 0.73
best of generation 150 / cbal. = 94.2805 / Wtd. con eff = 3.7226 / Wtd. HRF eff = 3.2331 / Pop var. = 0.41494 / time = 0.73
best of generation 151 / cbal. = 94.2805 / Wtd. con eff = 3.7226 / Wtd. HRF eff = 3.2331 / Pop var. = 0.3993 / time = 0.72
best of generation 152 / cbal. = 94.2805 / Wtd. con eff = 3.7226 / Wtd. HRF eff = 3.2331 / Pop var. = 0.455 / time = 0.75
best of generation 153 / cbal. = 94.2805 / Wtd. con eff = 3.7226 / Wtd. HRF eff = 3.2331 / Pop var. = 0.42818 / time = 0.75
best of generation 154 / cbal. = 94.2805 / Wtd. con eff = 3.7226 / Wtd. HRF eff = 3.2331 / Pop var. = 0.32903 / time = 0.77
best of generation 155 / cbal. = 94.2805 / Wtd. con eff = 3.7226 / Wtd. HRF eff = 3.2331 / Pop var. = 0.41983 / time = 0.73
best of generation 156 / cbal. = 94.2805 / Wtd. con eff = 3.7226 / Wtd. HRF eff = 3.2331 / Pop var. = 0.31509 / time = 0.73
best of generation 157 / cbal. = 94.2805 / Wtd. con eff = 3.7226 / Wtd. HRF eff = 3.2331 / Pop var. = 0.41373 / time = 0.74
best of generation 158 / cbal. = 94.1348 / Wtd. con eff = 3.7265 / Wtd. HRF eff = 3.8389 / Pop var. = 0.32933 / time = 0.73
best of generation 159 / cbal. = 94.1348 / Wtd. con eff = 3.7265 / Wtd. HRF eff = 3.8389 / Pop var. = 0.41274 / time = 0.75
best of generation 160 / cbal. = 94.1348 / Wtd. con eff = 3.7265 / Wtd. HRF eff = 3.8389 / Pop var. = 0.34069 / time = 0.74
saving workspace as GAresults.mat
M = 
     origlist: [49x1 double]
     restlist: [20x1 double]
     stimlist: [60x1 double]
           ga: [1x1 struct]
    bestLists: [60x160 uint8]
         date: '11-9-2014'
optimizeGA done: 120.62 s
