Starting Model 73
OptimizeGA
===============================
Saturation threshold = 
Setting up variables
You entered 2 conditions  (event types) that will each be modeled with a regessor. 
 Note that if you enter 0 as a condition number, those events will not be modeled
 (they are assumed to be rest/inter-stimulus interval periods)

Contrasts entered. You entered matrix of 3 contrasts, with weights across 4 conditions.
 Contrasts:
     1     1    -1    -1
     1     0    -1     0
     0     1     0    -1
 ...adding one column to contrast matrix with weights of 0, to model the intercept
You entered a contrast weight vector across 3 contrasts
 	...Using rests of length 1 and resting every 4
================== Parameters ======================
     Total stimuli in scan      : 60
     Fixed rest length in ITIs  : 1
     Fixed Rest stimuli in scan : 11
     Num blank intervals        : 9
     Num of task conds          : 2
     Num stimuli each cond      : 20  20
====================================================
	...generating lists of organisms
	...USING TRANS2BLOCK >
     freqConditions = 0.2         0.2         0.2         0.2
     conditions = 1  2  3  4
REST INTERVALS: not used (to use, freqCond should be one longer than conditions
  ...randomizing organism start state
	...restMatrix is 20 X 40
ans =
     4     4     4     4     4     4     4     4     4     4
     4     4     4     4     4     4     4     4     4     4
     4     4     4     4     4     4     4     4     4     4
     4     4     4     4     4     4     4     4     4     4
     4     4     4     4     4     4     4     4     4     4
======== Num stimuli, averaged across lists (before instruction/rest stimuli) ========
		Condition 0: 9 stimuli, 15% of total stimuli
		Condition 1: 20 stimuli, 33.3333% of total stimuli
		Condition 2: 20 stimuli, 33.3333% of total stimuli
		Condition 3: 0 stimuli, 0% of total stimuli
		Condition 4: 0 stimuli, 0% of total stimuli
======================================================================================
best of generation 1 / cbal. = 94.1455 / Wtd. con eff = 2.617 / Wtd. HRF eff = 0.61727 / Pop var. = 0.86141 / time = 0.77
best of generation 2 / cbal. = 94.1455 / Wtd. con eff = 2.617 / Wtd. HRF eff = 0.61727 / Pop var. = 0.84461 / time = 0.73
best of generation 3 / cbal. = 94.4774 / Wtd. con eff = 2.9509 / Wtd. HRF eff = 0.67099 / Pop var. = 0.8275 / time = 0.74
best of generation 4 / cbal. = 94.637 / Wtd. con eff = 3.0097 / Wtd. HRF eff = 0.67849 / Pop var. = 0.82211 / time = 0.71
best of generation 5 / cbal. = 94.5673 / Wtd. con eff = 3.0862 / Wtd. HRF eff = 0.67204 / Pop var. = 0.79746 / time = 0.73
best of generation 6 / cbal. = 94.8517 / Wtd. con eff = 3.1032 / Wtd. HRF eff = 1.1684 / Pop var. = 0.75834 / time = 0.72
best of generation 7 / cbal. = 94.8517 / Wtd. con eff = 3.1032 / Wtd. HRF eff = 1.1684 / Pop var. = 0.66469 / time = 0.74
best of generation 8 / cbal. = 94.8517 / Wtd. con eff = 3.1032 / Wtd. HRF eff = 1.1684 / Pop var. = 0.62968 / time = 0.73
best of generation 9 / cbal. = 95.0912 / Wtd. con eff = 3.4056 / Wtd. HRF eff = 1.3186 / Pop var. = 0.58147 / time = 0.72
best of generation 10 / cbal. = 95.0912 / Wtd. con eff = 3.4056 / Wtd. HRF eff = 1.3186 / Pop var. = 0.56446 / time = 0.73
best of generation 11 / cbal. = 95.0912 / Wtd. con eff = 3.4056 / Wtd. HRF eff = 1.3186 / Pop var. = 0.55836 / time = 0.73
best of generation 12 / cbal. = 95.0046 / Wtd. con eff = 3.3673 / Wtd. HRF eff = 1.319 / Pop var. = 0.54121 / time = 0.73
best of generation 13 / cbal. = 95.1962 / Wtd. con eff = 3.43 / Wtd. HRF eff = 0.99331 / Pop var. = 0.51986 / time = 0.77
best of generation 14 / cbal. = 95.1962 / Wtd. con eff = 3.43 / Wtd. HRF eff = 0.99331 / Pop var. = 0.43004 / time = 0.74
best of generation 15 / cbal. = 95.0459 / Wtd. con eff = 3.4499 / Wtd. HRF eff = 1.2459 / Pop var. = 0.36272 / time = 0.73
best of generation 16 / cbal. = 95.3743 / Wtd. con eff = 3.398 / Wtd. HRF eff = 1.0553 / Pop var. = 0.36677 / time = 0.73
best of generation 17 / cbal. = 94.9364 / Wtd. con eff = 3.5456 / Wtd. HRF eff = 1.2599 / Pop var. = 0.44191 / time = 0.73
best of generation 18 / cbal. = 94.9364 / Wtd. con eff = 3.5456 / Wtd. HRF eff = 1.2599 / Pop var. = 0.39302 / time = 0.78
best of generation 19 / cbal. = 94.9364 / Wtd. con eff = 3.5456 / Wtd. HRF eff = 1.2599 / Pop var. = 0.47185 / time = 0.72
best of generation 20 / cbal. = 94.9364 / Wtd. con eff = 3.5456 / Wtd. HRF eff = 1.2599 / Pop var. = 0.40742 / time = 0.73
best of generation 21 / cbal. = 94.9364 / Wtd. con eff = 3.5456 / Wtd. HRF eff = 1.2599 / Pop var. = 0.36968 / time = 0.73
best of generation 22 / cbal. = 94.9364 / Wtd. con eff = 3.5456 / Wtd. HRF eff = 1.2599 / Pop var. = 0.41862 / time = 0.74
best of generation 23 / cbal. = 94.9364 / Wtd. con eff = 3.5456 / Wtd. HRF eff = 1.2599 / Pop var. = 0.37538 / time = 0.75
best of generation 24 / cbal. = 94.9364 / Wtd. con eff = 3.5456 / Wtd. HRF eff = 1.2599 / Pop var. = 0.39415 / time = 0.77
best of generation 25 / cbal. = 94.7647 / Wtd. con eff = 3.6065 / Wtd. HRF eff = 1.137 / Pop var. = 0.44167 / time = 0.74
best of generation 26 / cbal. = 94.7647 / Wtd. con eff = 3.6065 / Wtd. HRF eff = 1.137 / Pop var. = 0.40009 / time = 0.73
best of generation 27 / cbal. = 94.7647 / Wtd. con eff = 3.6065 / Wtd. HRF eff = 1.137 / Pop var. = 0.35611 / time = 0.74
best of generation 28 / cbal. = 94.9285 / Wtd. con eff = 3.5947 / Wtd. HRF eff = 1.0896 / Pop var. = 0.37938 / time = 0.73
best of generation 29 / cbal. = 95.0245 / Wtd. con eff = 3.5664 / Wtd. HRF eff = 1.2656 / Pop var. = 0.46383 / time = 0.75
best of generation 30 / cbal. = 95.0245 / Wtd. con eff = 3.5664 / Wtd. HRF eff = 1.2656 / Pop var. = 0.39358 / time = 0.73
best of generation 31 / cbal. = 95.0245 / Wtd. con eff = 3.5664 / Wtd. HRF eff = 1.2656 / Pop var. = 0.45208 / time = 0.72
best of generation 32 / cbal. = 95.0245 / Wtd. con eff = 3.5664 / Wtd. HRF eff = 1.2656 / Pop var. = 0.41162 / time = 0.74
best of generation 33 / cbal. = 95.0245 / Wtd. con eff = 3.5664 / Wtd. HRF eff = 1.2656 / Pop var. = 0.40552 / time = 0.74
best of generation 34 / cbal. = 95.0245 / Wtd. con eff = 3.5664 / Wtd. HRF eff = 1.2656 / Pop var. = 0.26823 / time = 0.75
best of generation 35 / cbal. = 95.0245 / Wtd. con eff = 3.5664 / Wtd. HRF eff = 1.2656 / Pop var. = 0.34838 / time = 0.76
best of generation 36 / cbal. = 95.0245 / Wtd. con eff = 3.5664 / Wtd. HRF eff = 1.2656 / Pop var. = 0.44074 / time = 0.73
best of generation 37 / cbal. = 94.9206 / Wtd. con eff = 3.5506 / Wtd. HRF eff = 2.113 / Pop var. = 0.43342 / time = 0.74
best of generation 38 / cbal. = 94.9206 / Wtd. con eff = 3.5506 / Wtd. HRF eff = 2.113 / Pop var. = 0.37738 / time = 0.73
best of generation 39 / cbal. = 94.9206 / Wtd. con eff = 3.5506 / Wtd. HRF eff = 2.113 / Pop var. = 0.43547 / time = 0.74
best of generation 40 / cbal. = 94.9206 / Wtd. con eff = 3.5506 / Wtd. HRF eff = 2.113 / Pop var. = 0.37778 / time = 0.75
best of generation 41 / cbal. = 94.9206 / Wtd. con eff = 3.5506 / Wtd. HRF eff = 2.113 / Pop var. = 0.43945 / time = 0.73
best of generation 42 / cbal. = 94.9206 / Wtd. con eff = 3.5506 / Wtd. HRF eff = 2.113 / Pop var. = 0.3842 / time = 0.74
best of generation 43 / cbal. = 94.9206 / Wtd. con eff = 3.5506 / Wtd. HRF eff = 2.113 / Pop var. = 0.50558 / time = 0.76
best of generation 44 / cbal. = 94.9206 / Wtd. con eff = 3.5506 / Wtd. HRF eff = 2.113 / Pop var. = 0.45309 / time = 0.72
best of generation 45 / cbal. = 94.9206 / Wtd. con eff = 3.5506 / Wtd. HRF eff = 2.113 / Pop var. = 0.44241 / time = 0.77
best of generation 46 / cbal. = 94.9206 / Wtd. con eff = 3.5506 / Wtd. HRF eff = 2.113 / Pop var. = 0.37353 / time = 0.76
best of generation 47 / cbal. = 94.9206 / Wtd. con eff = 3.5506 / Wtd. HRF eff = 2.113 / Pop var. = 0.43029 / time = 0.74
best of generation 48 / cbal. = 94.9206 / Wtd. con eff = 3.5506 / Wtd. HRF eff = 2.113 / Pop var. = 0.41394 / time = 0.74
best of generation 49 / cbal. = 94.9206 / Wtd. con eff = 3.5506 / Wtd. HRF eff = 2.113 / Pop var. = 0.33318 / time = 0.75
best of generation 50 / cbal. = 94.9206 / Wtd. con eff = 3.5506 / Wtd. HRF eff = 2.113 / Pop var. = 0.39192 / time = 0.74
best of generation 51 / cbal. = 94.9206 / Wtd. con eff = 3.5506 / Wtd. HRF eff = 2.113 / Pop var. = 0.42629 / time = 0.78
best of generation 52 / cbal. = 94.9206 / Wtd. con eff = 3.5506 / Wtd. HRF eff = 2.113 / Pop var. = 0.34488 / time = 0.73
best of generation 53 / cbal. = 94.9206 / Wtd. con eff = 3.5506 / Wtd. HRF eff = 2.113 / Pop var. = 0.43765 / time = 0.76
best of generation 54 / cbal. = 94.9206 / Wtd. con eff = 3.5506 / Wtd. HRF eff = 2.113 / Pop var. = 0.43099 / time = 0.74
best of generation 55 / cbal. = 95.0164 / Wtd. con eff = 3.5798 / Wtd. HRF eff = 1.3648 / Pop var. = 0.32057 / time = 0.74
best of generation 56 / cbal. = 94.9206 / Wtd. con eff = 3.5506 / Wtd. HRF eff = 2.113 / Pop var. = 0.37579 / time = 0.76
best of generation 57 / cbal. = 94.9206 / Wtd. con eff = 3.5506 / Wtd. HRF eff = 2.113 / Pop var. = 0.46756 / time = 0.76
best of generation 58 / cbal. = 94.9206 / Wtd. con eff = 3.5506 / Wtd. HRF eff = 2.113 / Pop var. = 0.43755 / time = 0.74
best of generation 59 / cbal. = 94.9206 / Wtd. con eff = 3.5506 / Wtd. HRF eff = 2.113 / Pop var. = 0.42478 / time = 0.74
best of generation 60 / cbal. = 95.0003 / Wtd. con eff = 3.5745 / Wtd. HRF eff = 1.4735 / Pop var. = 0.34719 / time = 0.73
best of generation 61 / cbal. = 95.0003 / Wtd. con eff = 3.5745 / Wtd. HRF eff = 1.4735 / Pop var. = 0.40421 / time = 0.73
best of generation 62 / cbal. = 95.0003 / Wtd. con eff = 3.5745 / Wtd. HRF eff = 1.4735 / Pop var. = 0.36005 / time = 0.78
best of generation 63 / cbal. = 95.0003 / Wtd. con eff = 3.5745 / Wtd. HRF eff = 1.4735 / Pop var. = 0.43225 / time = 0.75
best of generation 64 / cbal. = 95.0003 / Wtd. con eff = 3.5745 / Wtd. HRF eff = 1.4735 / Pop var. = 0.37769 / time = 0.74
best of generation 65 / cbal. = 95.0003 / Wtd. con eff = 3.5745 / Wtd. HRF eff = 1.4735 / Pop var. = 0.47066 / time = 0.74
best of generation 66 / cbal. = 95.0003 / Wtd. con eff = 3.5745 / Wtd. HRF eff = 1.4735 / Pop var. = 0.4541 / time = 0.74
best of generation 67 / cbal. = 95.0003 / Wtd. con eff = 3.5745 / Wtd. HRF eff = 1.4735 / Pop var. = 0.43058 / time = 0.75
best of generation 68 / cbal. = 95.0003 / Wtd. con eff = 3.5745 / Wtd. HRF eff = 1.4735 / Pop var. = 0.38932 / time = 0.74
best of generation 69 / cbal. = 95.0003 / Wtd. con eff = 3.5745 / Wtd. HRF eff = 1.4735 / Pop var. = 0.45649 / time = 0.75
best of generation 70 / cbal. = 95.0003 / Wtd. con eff = 3.5939 / Wtd. HRF eff = 1.2793 / Pop var. = 0.38338 / time = 0.74
best of generation 71 / cbal. = 95.0003 / Wtd. con eff = 3.5939 / Wtd. HRF eff = 1.2793 / Pop var. = 0.49753 / time = 0.74
best of generation 72 / cbal. = 95.0003 / Wtd. con eff = 3.5939 / Wtd. HRF eff = 1.2793 / Pop var. = 0.45594 / time = 0.76
best of generation 73 / cbal. = 95.0003 / Wtd. con eff = 3.5939 / Wtd. HRF eff = 1.2793 / Pop var. = 0.43577 / time = 0.8
best of generation 74 / cbal. = 95.0003 / Wtd. con eff = 3.5939 / Wtd. HRF eff = 1.2793 / Pop var. = 0.38073 / time = 0.74
best of generation 75 / cbal. = 95.0003 / Wtd. con eff = 3.5939 / Wtd. HRF eff = 1.2793 / Pop var. = 0.44826 / time = 0.74
best of generation 76 / cbal. = 95.065 / Wtd. con eff = 3.5792 / Wtd. HRF eff = 1.4962 / Pop var. = 0.42913 / time = 0.74
best of generation 77 / cbal. = 95.065 / Wtd. con eff = 3.5792 / Wtd. HRF eff = 1.4962 / Pop var. = 0.40022 / time = 0.74
best of generation 78 / cbal. = 95.065 / Wtd. con eff = 3.5792 / Wtd. HRF eff = 1.4962 / Pop var. = 0.39096 / time = 0.76
best of generation 79 / cbal. = 95.065 / Wtd. con eff = 3.5792 / Wtd. HRF eff = 1.4962 / Pop var. = 0.47528 / time = 0.74
best of generation 80 / cbal. = 95.065 / Wtd. con eff = 3.5792 / Wtd. HRF eff = 1.4962 / Pop var. = 0.41549 / time = 0.75
best of generation 81 / cbal. = 95.065 / Wtd. con eff = 3.5792 / Wtd. HRF eff = 1.4962 / Pop var. = 0.35954 / time = 0.72
best of generation 82 / cbal. = 95.065 / Wtd. con eff = 3.5792 / Wtd. HRF eff = 1.4962 / Pop var. = 0.44406 / time = 0.75
best of generation 83 / cbal. = 95.065 / Wtd. con eff = 3.5792 / Wtd. HRF eff = 1.4962 / Pop var. = 0.42236 / time = 0.75
best of generation 84 / cbal. = 95.065 / Wtd. con eff = 3.5792 / Wtd. HRF eff = 1.4962 / Pop var. = 0.40977 / time = 0.76
best of generation 85 / cbal. = 95.065 / Wtd. con eff = 3.5792 / Wtd. HRF eff = 1.4962 / Pop var. = 0.37873 / time = 0.74
best of generation 86 / cbal. = 95.065 / Wtd. con eff = 3.5792 / Wtd. HRF eff = 1.4962 / Pop var. = 0.44439 / time = 0.74
best of generation 87 / cbal. = 95.065 / Wtd. con eff = 3.5792 / Wtd. HRF eff = 1.4962 / Pop var. = 0.42277 / time = 0.74
best of generation 88 / cbal. = 95.065 / Wtd. con eff = 3.5792 / Wtd. HRF eff = 1.4962 / Pop var. = 0.33081 / time = 0.74
best of generation 89 / cbal. = 95.065 / Wtd. con eff = 3.5792 / Wtd. HRF eff = 1.4962 / Pop var. = 0.40552 / time = 0.78
best of generation 90 / cbal. = 95.065 / Wtd. con eff = 3.5792 / Wtd. HRF eff = 1.4962 / Pop var. = 0.36719 / time = 0.74
best of generation 91 / cbal. = 95.065 / Wtd. con eff = 3.5792 / Wtd. HRF eff = 1.4962 / Pop var. = 0.3989 / time = 0.74
best of generation 92 / cbal. = 95.065 / Wtd. con eff = 3.5792 / Wtd. HRF eff = 1.4962 / Pop var. = 0.43095 / time = 0.75
best of generation 93 / cbal. = 94.9364 / Wtd. con eff = 3.5997 / Wtd. HRF eff = 1.6661 / Pop var. = 0.35959 / time = 0.75
best of generation 94 / cbal. = 94.9364 / Wtd. con eff = 3.5997 / Wtd. HRF eff = 1.6661 / Pop var. = 0.4374 / time = 0.76
best of generation 95 / cbal. = 94.9364 / Wtd. con eff = 3.5997 / Wtd. HRF eff = 1.6661 / Pop var. = 0.40491 / time = 0.77
best of generation 96 / cbal. = 94.9364 / Wtd. con eff = 3.5997 / Wtd. HRF eff = 1.6661 / Pop var. = 0.38395 / time = 0.76
best of generation 97 / cbal. = 94.9364 / Wtd. con eff = 3.5997 / Wtd. HRF eff = 1.6661 / Pop var. = 0.4652 / time = 0.74
best of generation 98 / cbal. = 94.9364 / Wtd. con eff = 3.5997 / Wtd. HRF eff = 1.6661 / Pop var. = 0.4224 / time = 0.74
best of generation 99 / cbal. = 94.9364 / Wtd. con eff = 3.5997 / Wtd. HRF eff = 1.6661 / Pop var. = 0.39372 / time = 0.73
best of generation 100 / cbal. = 94.9364 / Wtd. con eff = 3.5997 / Wtd. HRF eff = 1.6661 / Pop var. = 0.48598 / time = 0.76
best of generation 101 / cbal. = 94.9364 / Wtd. con eff = 3.5997 / Wtd. HRF eff = 1.6661 / Pop var. = 0.43405 / time = 0.74
best of generation 102 / cbal. = 94.9364 / Wtd. con eff = 3.5997 / Wtd. HRF eff = 1.6661 / Pop var. = 0.3842 / time = 0.75
best of generation 103 / cbal. = 94.9364 / Wtd. con eff = 3.5997 / Wtd. HRF eff = 1.6661 / Pop var. = 0.47438 / time = 0.74
best of generation 104 / cbal. = 94.9048 / Wtd. con eff = 3.6201 / Wtd. HRF eff = 1.798 / Pop var. = 0.43352 / time = 0.73
best of generation 105 / cbal. = 94.9048 / Wtd. con eff = 3.6201 / Wtd. HRF eff = 1.798 / Pop var. = 0.42326 / time = 0.8
best of generation 106 / cbal. = 94.9048 / Wtd. con eff = 3.6201 / Wtd. HRF eff = 1.798 / Pop var. = 0.37535 / time = 0.73
best of generation 107 / cbal. = 94.9048 / Wtd. con eff = 3.6201 / Wtd. HRF eff = 1.798 / Pop var. = 0.45962 / time = 0.75
best of generation 108 / cbal. = 94.9048 / Wtd. con eff = 3.6201 / Wtd. HRF eff = 1.798 / Pop var. = 0.37912 / time = 0.73
best of generation 109 / cbal. = 94.9048 / Wtd. con eff = 3.6201 / Wtd. HRF eff = 1.798 / Pop var. = 0.43966 / time = 0.75
best of generation 110 / cbal. = 94.9048 / Wtd. con eff = 3.6201 / Wtd. HRF eff = 1.798 / Pop var. = 0.40047 / time = 0.75
best of generation 111 / cbal. = 94.9048 / Wtd. con eff = 3.6201 / Wtd. HRF eff = 1.798 / Pop var. = 0.32237 / time = 0.77
best of generation 112 / cbal. = 94.9048 / Wtd. con eff = 3.6201 / Wtd. HRF eff = 1.798 / Pop var. = 0.37213 / time = 0.73
best of generation 113 / cbal. = 94.9048 / Wtd. con eff = 3.6201 / Wtd. HRF eff = 1.798 / Pop var. = 0.45854 / time = 0.74
best of generation 114 / cbal. = 94.9048 / Wtd. con eff = 3.6201 / Wtd. HRF eff = 1.798 / Pop var. = 0.43239 / time = 0.75
best of generation 115 / cbal. = 94.9048 / Wtd. con eff = 3.6201 / Wtd. HRF eff = 1.798 / Pop var. = 0.37108 / time = 0.73
best of generation 116 / cbal. = 94.9048 / Wtd. con eff = 3.6201 / Wtd. HRF eff = 1.798 / Pop var. = 0.43715 / time = 0.75
best of generation 117 / cbal. = 94.9048 / Wtd. con eff = 3.6201 / Wtd. HRF eff = 1.798 / Pop var. = 0.3634 / time = 0.74
best of generation 118 / cbal. = 94.9048 / Wtd. con eff = 3.6201 / Wtd. HRF eff = 1.798 / Pop var. = 0.43645 / time = 0.74
best of generation 119 / cbal. = 94.9048 / Wtd. con eff = 3.6201 / Wtd. HRF eff = 1.798 / Pop var. = 0.39219 / time = 0.74
best of generation 120 / cbal. = 94.9048 / Wtd. con eff = 3.6201 / Wtd. HRF eff = 1.798 / Pop var. = 0.47535 / time = 0.74
best of generation 121 / cbal. = 94.9048 / Wtd. con eff = 3.6201 / Wtd. HRF eff = 1.798 / Pop var. = 0.39366 / time = 0.74
best of generation 122 / cbal. = 94.9048 / Wtd. con eff = 3.6201 / Wtd. HRF eff = 1.798 / Pop var. = 0.47955 / time = 0.78
best of generation 123 / cbal. = 94.9048 / Wtd. con eff = 3.6201 / Wtd. HRF eff = 1.798 / Pop var. = 0.43368 / time = 0.76
best of generation 124 / cbal. = 94.9048 / Wtd. con eff = 3.6201 / Wtd. HRF eff = 1.798 / Pop var. = 0.33738 / time = 0.75
best of generation 125 / cbal. = 94.9048 / Wtd. con eff = 3.6201 / Wtd. HRF eff = 1.798 / Pop var. = 0.37466 / time = 0.73
best of generation 126 / cbal. = 94.9048 / Wtd. con eff = 3.6201 / Wtd. HRF eff = 1.798 / Pop var. = 0.47593 / time = 0.74
best of generation 127 / cbal. = 94.9048 / Wtd. con eff = 3.6201 / Wtd. HRF eff = 1.798 / Pop var. = 0.3758 / time = 0.75
best of generation 128 / cbal. = 94.9048 / Wtd. con eff = 3.6201 / Wtd. HRF eff = 1.798 / Pop var. = 0.40048 / time = 0.74
best of generation 129 / cbal. = 94.9048 / Wtd. con eff = 3.6201 / Wtd. HRF eff = 1.798 / Pop var. = 0.32719 / time = 0.73
best of generation 130 / cbal. = 94.9048 / Wtd. con eff = 3.6201 / Wtd. HRF eff = 1.798 / Pop var. = 0.41256 / time = 0.74
best of generation 131 / cbal. = 94.9048 / Wtd. con eff = 3.6201 / Wtd. HRF eff = 1.798 / Pop var. = 0.38022 / time = 0.72
best of generation 132 / cbal. = 94.9048 / Wtd. con eff = 3.6201 / Wtd. HRF eff = 1.798 / Pop var. = 0.45282 / time = 0.76
best of generation 133 / cbal. = 94.9048 / Wtd. con eff = 3.6201 / Wtd. HRF eff = 1.798 / Pop var. = 0.39623 / time = 0.76
best of generation 134 / cbal. = 94.9048 / Wtd. con eff = 3.6201 / Wtd. HRF eff = 1.798 / Pop var. = 0.46072 / time = 0.74
best of generation 135 / cbal. = 94.9048 / Wtd. con eff = 3.6201 / Wtd. HRF eff = 1.798 / Pop var. = 0.35777 / time = 0.74
best of generation 136 / cbal. = 94.9048 / Wtd. con eff = 3.6201 / Wtd. HRF eff = 1.798 / Pop var. = 0.41623 / time = 0.74
best of generation 137 / cbal. = 94.9048 / Wtd. con eff = 3.6201 / Wtd. HRF eff = 1.798 / Pop var. = 0.4188 / time = 0.73
best of generation 138 / cbal. = 94.9048 / Wtd. con eff = 3.6201 / Wtd. HRF eff = 1.798 / Pop var. = 0.3284 / time = 0.75
best of generation 139 / cbal. = 94.9048 / Wtd. con eff = 3.6201 / Wtd. HRF eff = 1.798 / Pop var. = 0.41117 / time = 0.74
best of generation 140 / cbal. = 94.9048 / Wtd. con eff = 3.6201 / Wtd. HRF eff = 1.798 / Pop var. = 0.3938 / time = 0.74
best of generation 141 / cbal. = 94.9048 / Wtd. con eff = 3.6201 / Wtd. HRF eff = 1.798 / Pop var. = 0.46862 / time = 0.73
best of generation 142 / cbal. = 94.9048 / Wtd. con eff = 3.6201 / Wtd. HRF eff = 1.798 / Pop var. = 0.40158 / time = 0.74
best of generation 143 / cbal. = 94.9048 / Wtd. con eff = 3.6201 / Wtd. HRF eff = 1.798 / Pop var. = 0.34161 / time = 0.75
best of generation 144 / cbal. = 94.9048 / Wtd. con eff = 3.6201 / Wtd. HRF eff = 1.798 / Pop var. = 0.43883 / time = 0.77
best of generation 145 / cbal. = 94.9048 / Wtd. con eff = 3.6201 / Wtd. HRF eff = 1.798 / Pop var. = 0.41019 / time = 0.75
best of generation 146 / cbal. = 94.9048 / Wtd. con eff = 3.6201 / Wtd. HRF eff = 1.798 / Pop var. = 0.34517 / time = 0.73
best of generation 147 / cbal. = 94.9048 / Wtd. con eff = 3.6201 / Wtd. HRF eff = 1.798 / Pop var. = 0.4271 / time = 0.75
best of generation 148 / cbal. = 94.9048 / Wtd. con eff = 3.6201 / Wtd. HRF eff = 1.798 / Pop var. = 0.38414 / time = 0.74
best of generation 149 / cbal. = 94.9048 / Wtd. con eff = 3.6201 / Wtd. HRF eff = 1.798 / Pop var. = 0.45775 / time = 0.77
best of generation 150 / cbal. = 94.9048 / Wtd. con eff = 3.6201 / Wtd. HRF eff = 1.798 / Pop var. = 0.35425 / time = 0.74
best of generation 151 / cbal. = 94.9048 / Wtd. con eff = 3.6201 / Wtd. HRF eff = 1.798 / Pop var. = 0.46077 / time = 0.73
best of generation 152 / cbal. = 94.9048 / Wtd. con eff = 3.6201 / Wtd. HRF eff = 1.798 / Pop var. = 0.37528 / time = 0.74
best of generation 153 / cbal. = 94.9048 / Wtd. con eff = 3.6201 / Wtd. HRF eff = 1.798 / Pop var. = 0.41012 / time = 0.74
best of generation 154 / cbal. = 94.9048 / Wtd. con eff = 3.6201 / Wtd. HRF eff = 1.798 / Pop var. = 0.35278 / time = 0.81
best of generation 155 / cbal. = 94.9048 / Wtd. con eff = 3.6201 / Wtd. HRF eff = 1.798 / Pop var. = 0.4087 / time = 0.77
best of generation 156 / cbal. = 94.9048 / Wtd. con eff = 3.6201 / Wtd. HRF eff = 1.798 / Pop var. = 0.32588 / time = 0.74
best of generation 157 / cbal. = 94.9048 / Wtd. con eff = 3.6201 / Wtd. HRF eff = 1.798 / Pop var. = 0.42155 / time = 0.74
best of generation 158 / cbal. = 94.9048 / Wtd. con eff = 3.6201 / Wtd. HRF eff = 1.798 / Pop var. = 0.36114 / time = 0.74
saving workspace as GAresults.mat
M = 
     origlist: [49x1 double]
     restlist: [20x1 double]
     stimlist: [60x1 double]
           ga: [1x1 struct]
    bestLists: [60x158 uint8]
         date: '11-9-2014'
optimizeGA done: 120.33 s
