Starting Model 17
OptimizeGA
===============================
Saturation threshold = 
Setting up variables
You entered 2 conditions  (event types) that will each be modeled with a regessor. 
 Note that if you enter 0 as a condition number, those events will not be modeled
 (they are assumed to be rest/inter-stimulus interval periods)

Contrasts entered. You entered matrix of 3 contrasts, with weights across 4 conditions.
 Contrasts:
     1     1    -1    -1
     1     0    -1     0
     0     1     0    -1
 ...adding one column to contrast matrix with weights of 0, to model the intercept
You entered a contrast weight vector across 3 contrasts
 	...Using rests of length 1 and resting every 4
================== Parameters ======================
     Total stimuli in scan      : 60
     Fixed rest length in ITIs  : 1
     Fixed Rest stimuli in scan : 11
     Num blank intervals        : 9
     Num of task conds          : 2
     Num stimuli each cond      : 20  20
====================================================
	...generating lists of organisms
	...USING TRANS2BLOCK >
     freqConditions = 0.2         0.2         0.2         0.2
     conditions = 1  2  3  4
REST INTERVALS: not used (to use, freqCond should be one longer than conditions
  ...randomizing organism start state
	...restMatrix is 20 X 40
ans =
     4     4     4     4     4     4     4     4     4     4
     4     4     4     4     4     4     4     4     4     4
     4     4     4     4     4     4     4     4     4     4
     4     4     4     4     4     4     4     4     4     4
     4     4     4     4     4     4     4     4     4     4
======== Num stimuli, averaged across lists (before instruction/rest stimuli) ========
		Condition 0: 9 stimuli, 15% of total stimuli
		Condition 1: 20 stimuli, 33.3333% of total stimuli
		Condition 2: 20 stimuli, 33.3333% of total stimuli
		Condition 3: 0 stimuli, 0% of total stimuli
		Condition 4: 0 stimuli, 0% of total stimuli
======================================================================================
best of generation 1 / cbal. = 94.3931 / Wtd. con eff = 2.712 / Wtd. HRF eff = 0.70999 / Pop var. = 0.86429 / time = 0.76
best of generation 2 / cbal. = 94.3931 / Wtd. con eff = 2.712 / Wtd. HRF eff = 0.70999 / Pop var. = 0.84396 / time = 0.72
best of generation 3 / cbal. = 94.9139 / Wtd. con eff = 2.9788 / Wtd. HRF eff = 0.64677 / Pop var. = 0.81409 / time = 0.72
best of generation 4 / cbal. = 94.9139 / Wtd. con eff = 2.9788 / Wtd. HRF eff = 0.64677 / Pop var. = 0.80566 / time = 0.74
best of generation 5 / cbal. = 94.7749 / Wtd. con eff = 3.0908 / Wtd. HRF eff = 0.67357 / Pop var. = 0.80414 / time = 0.73
best of generation 6 / cbal. = 94.8087 / Wtd. con eff = 3.0683 / Wtd. HRF eff = 0.56619 / Pop var. = 0.7561 / time = 0.72
best of generation 7 / cbal. = 94.4208 / Wtd. con eff = 3.146 / Wtd. HRF eff = 0.69974 / Pop var. = 0.63472 / time = 0.72
best of generation 8 / cbal. = 94.8856 / Wtd. con eff = 3.0417 / Wtd. HRF eff = 0.71442 / Pop var. = 0.51772 / time = 0.73
best of generation 9 / cbal. = 95.0022 / Wtd. con eff = 3.1851 / Wtd. HRF eff = 0.89535 / Pop var. = 0.53284 / time = 0.73
best of generation 10 / cbal. = 95.0022 / Wtd. con eff = 3.1851 / Wtd. HRF eff = 0.89535 / Pop var. = 0.52396 / time = 0.73
best of generation 11 / cbal. = 94.8014 / Wtd. con eff = 3.166 / Wtd. HRF eff = 0.9174 / Pop var. = 0.50901 / time = 0.73
best of generation 12 / cbal. = 95.0858 / Wtd. con eff = 3.288 / Wtd. HRF eff = 0.90068 / Pop var. = 0.54897 / time = 0.74
best of generation 13 / cbal. = 94.8561 / Wtd. con eff = 3.1965 / Wtd. HRF eff = 0.9223 / Pop var. = 0.48642 / time = 0.73
best of generation 14 / cbal. = 94.9272 / Wtd. con eff = 3.2597 / Wtd. HRF eff = 0.95657 / Pop var. = 0.46066 / time = 0.73
best of generation 15 / cbal. = 95.2273 / Wtd. con eff = 3.4007 / Wtd. HRF eff = 1.0342 / Pop var. = 0.43058 / time = 0.75
best of generation 16 / cbal. = 95.2273 / Wtd. con eff = 3.4007 / Wtd. HRF eff = 1.0342 / Pop var. = 0.3082 / time = 0.73
best of generation 17 / cbal. = 94.9444 / Wtd. con eff = 3.3942 / Wtd. HRF eff = 0.99639 / Pop var. = 0.41314 / time = 0.73
best of generation 18 / cbal. = 94.9444 / Wtd. con eff = 3.3942 / Wtd. HRF eff = 0.99639 / Pop var. = 0.4166 / time = 0.73
best of generation 19 / cbal. = 95.0721 / Wtd. con eff = 3.3993 / Wtd. HRF eff = 1.2069 / Pop var. = 0.43694 / time = 0.75
best of generation 20 / cbal. = 95.273 / Wtd. con eff = 3.4136 / Wtd. HRF eff = 0.98913 / Pop var. = 0.41057 / time = 0.73
best of generation 21 / cbal. = 95.0447 / Wtd. con eff = 3.4848 / Wtd. HRF eff = 1.2342 / Pop var. = 0.39004 / time = 0.75
best of generation 22 / cbal. = 95.0447 / Wtd. con eff = 3.4848 / Wtd. HRF eff = 1.2342 / Pop var. = 0.47602 / time = 0.74
best of generation 23 / cbal. = 95.0447 / Wtd. con eff = 3.4848 / Wtd. HRF eff = 1.2342 / Pop var. = 0.48 / time = 0.73
best of generation 24 / cbal. = 95.0416 / Wtd. con eff = 3.5381 / Wtd. HRF eff = 1.011 / Pop var. = 0.44737 / time = 0.75
best of generation 25 / cbal. = 95.1555 / Wtd. con eff = 3.5174 / Wtd. HRF eff = 1.1297 / Pop var. = 0.41613 / time = 0.73
best of generation 26 / cbal. = 95.1555 / Wtd. con eff = 3.5174 / Wtd. HRF eff = 1.1297 / Pop var. = 0.39857 / time = 0.75
best of generation 27 / cbal. = 95.1555 / Wtd. con eff = 3.5174 / Wtd. HRF eff = 1.1297 / Pop var. = 0.48037 / time = 0.74
best of generation 28 / cbal. = 95.1555 / Wtd. con eff = 3.5174 / Wtd. HRF eff = 1.1297 / Pop var. = 0.44978 / time = 0.73
best of generation 29 / cbal. = 95.1555 / Wtd. con eff = 3.5174 / Wtd. HRF eff = 1.1297 / Pop var. = 0.39747 / time = 0.73
best of generation 30 / cbal. = 95.0569 / Wtd. con eff = 3.5274 / Wtd. HRF eff = 1.3131 / Pop var. = 0.43917 / time = 0.74
best of generation 31 / cbal. = 94.8733 / Wtd. con eff = 3.5326 / Wtd. HRF eff = 2.025 / Pop var. = 0.39285 / time = 0.74
best of generation 32 / cbal. = 94.8733 / Wtd. con eff = 3.5326 / Wtd. HRF eff = 2.025 / Pop var. = 0.46151 / time = 0.74
best of generation 33 / cbal. = 94.7494 / Wtd. con eff = 3.4814 / Wtd. HRF eff = 3.9322 / Pop var. = 0.41928 / time = 0.74
best of generation 34 / cbal. = 94.7494 / Wtd. con eff = 3.4814 / Wtd. HRF eff = 3.9322 / Pop var. = 0.42093 / time = 0.73
best of generation 35 / cbal. = 94.4372 / Wtd. con eff = 3.6545 / Wtd. HRF eff = 1.2449 / Pop var. = 0.4312 / time = 0.76
best of generation 36 / cbal. = 94.7647 / Wtd. con eff = 3.6111 / Wtd. HRF eff = 1.5981 / Pop var. = 0.42451 / time = 0.73
best of generation 37 / cbal. = 94.7647 / Wtd. con eff = 3.6111 / Wtd. HRF eff = 1.5981 / Pop var. = 0.38818 / time = 0.75
best of generation 38 / cbal. = 94.7647 / Wtd. con eff = 3.6111 / Wtd. HRF eff = 1.5981 / Pop var. = 0.48371 / time = 0.73
best of generation 39 / cbal. = 94.9603 / Wtd. con eff = 3.568 / Wtd. HRF eff = 1.722 / Pop var. = 0.46002 / time = 0.74
best of generation 40 / cbal. = 94.9603 / Wtd. con eff = 3.568 / Wtd. HRF eff = 1.722 / Pop var. = 0.39085 / time = 0.78
best of generation 41 / cbal. = 94.3441 / Wtd. con eff = 3.6805 / Wtd. HRF eff = 1.9364 / Pop var. = 0.46121 / time = 0.76
best of generation 42 / cbal. = 94.3441 / Wtd. con eff = 3.6805 / Wtd. HRF eff = 1.9364 / Pop var. = 0.42818 / time = 0.76
best of generation 43 / cbal. = 94.3441 / Wtd. con eff = 3.6805 / Wtd. HRF eff = 1.9364 / Pop var. = 0.40072 / time = 0.77
best of generation 44 / cbal. = 94.3441 / Wtd. con eff = 3.6805 / Wtd. HRF eff = 1.9364 / Pop var. = 0.34923 / time = 0.79
best of generation 45 / cbal. = 94.3441 / Wtd. con eff = 3.6805 / Wtd. HRF eff = 1.9364 / Pop var. = 0.45684 / time = 0.74
best of generation 46 / cbal. = 94.3441 / Wtd. con eff = 3.6805 / Wtd. HRF eff = 1.9364 / Pop var. = 0.44195 / time = 0.75
best of generation 47 / cbal. = 93.9327 / Wtd. con eff = 3.7226 / Wtd. HRF eff = 1.9129 / Pop var. = 0.38663 / time = 0.75
best of generation 48 / cbal. = 93.9327 / Wtd. con eff = 3.7226 / Wtd. HRF eff = 1.9129 / Pop var. = 0.43969 / time = 0.75
best of generation 49 / cbal. = 93.9327 / Wtd. con eff = 3.7226 / Wtd. HRF eff = 1.9129 / Pop var. = 0.40796 / time = 0.76
best of generation 50 / cbal. = 93.9393 / Wtd. con eff = 3.7228 / Wtd. HRF eff = 2.1538 / Pop var. = 0.3656 / time = 0.74
best of generation 51 / cbal. = 93.9393 / Wtd. con eff = 3.7228 / Wtd. HRF eff = 2.1538 / Pop var. = 0.35733 / time = 0.74
best of generation 52 / cbal. = 94.1211 / Wtd. con eff = 3.7143 / Wtd. HRF eff = 2.2848 / Pop var. = 0.40357 / time = 0.76
best of generation 53 / cbal. = 94.1211 / Wtd. con eff = 3.7143 / Wtd. HRF eff = 2.2848 / Pop var. = 0.39049 / time = 0.77
best of generation 54 / cbal. = 94.1211 / Wtd. con eff = 3.7143 / Wtd. HRF eff = 2.2848 / Pop var. = 0.45598 / time = 0.75
best of generation 55 / cbal. = 94.1211 / Wtd. con eff = 3.7143 / Wtd. HRF eff = 2.2848 / Pop var. = 0.44111 / time = 0.73
best of generation 56 / cbal. = 94.1211 / Wtd. con eff = 3.7143 / Wtd. HRF eff = 2.2848 / Pop var. = 0.38564 / time = 0.74
best of generation 57 / cbal. = 94.1211 / Wtd. con eff = 3.7143 / Wtd. HRF eff = 2.2848 / Pop var. = 0.4402 / time = 0.74
best of generation 58 / cbal. = 94.1211 / Wtd. con eff = 3.7143 / Wtd. HRF eff = 2.2848 / Pop var. = 0.42419 / time = 0.75
best of generation 59 / cbal. = 94.1211 / Wtd. con eff = 3.7143 / Wtd. HRF eff = 2.2848 / Pop var. = 0.39001 / time = 0.75
best of generation 60 / cbal. = 94.1211 / Wtd. con eff = 3.7143 / Wtd. HRF eff = 2.2848 / Pop var. = 0.44164 / time = 0.73
best of generation 61 / cbal. = 94.1211 / Wtd. con eff = 3.7143 / Wtd. HRF eff = 2.2848 / Pop var. = 0.39957 / time = 0.73
best of generation 62 / cbal. = 94.1211 / Wtd. con eff = 3.7143 / Wtd. HRF eff = 2.2848 / Pop var. = 0.45633 / time = 0.74
best of generation 63 / cbal. = 94.1211 / Wtd. con eff = 3.7143 / Wtd. HRF eff = 2.2848 / Pop var. = 0.44933 / time = 0.73
best of generation 64 / cbal. = 94.1211 / Wtd. con eff = 3.7143 / Wtd. HRF eff = 2.2848 / Pop var. = 0.39675 / time = 0.77
best of generation 65 / cbal. = 94.1211 / Wtd. con eff = 3.7143 / Wtd. HRF eff = 2.2848 / Pop var. = 0.47332 / time = 0.75
best of generation 66 / cbal. = 94.1211 / Wtd. con eff = 3.7143 / Wtd. HRF eff = 2.2848 / Pop var. = 0.45269 / time = 0.75
best of generation 67 / cbal. = 94.3797 / Wtd. con eff = 3.679 / Wtd. HRF eff = 2.402 / Pop var. = 0.39369 / time = 0.75
best of generation 68 / cbal. = 94.3797 / Wtd. con eff = 3.679 / Wtd. HRF eff = 2.402 / Pop var. = 0.46199 / time = 0.75
best of generation 69 / cbal. = 94.1211 / Wtd. con eff = 3.7143 / Wtd. HRF eff = 2.2848 / Pop var. = 0.43359 / time = 0.74
best of generation 70 / cbal. = 94.1211 / Wtd. con eff = 3.7143 / Wtd. HRF eff = 2.2848 / Pop var. = 0.34557 / time = 0.75
best of generation 71 / cbal. = 94.1211 / Wtd. con eff = 3.7143 / Wtd. HRF eff = 2.2848 / Pop var. = 0.43176 / time = 0.73
best of generation 72 / cbal. = 94.1211 / Wtd. con eff = 3.7143 / Wtd. HRF eff = 2.2848 / Pop var. = 0.40884 / time = 0.75
best of generation 73 / cbal. = 94.1211 / Wtd. con eff = 3.7143 / Wtd. HRF eff = 2.2848 / Pop var. = 0.37604 / time = 0.75
best of generation 74 / cbal. = 94.1211 / Wtd. con eff = 3.7143 / Wtd. HRF eff = 2.2848 / Pop var. = 0.40749 / time = 0.75
best of generation 75 / cbal. = 94.1211 / Wtd. con eff = 3.7143 / Wtd. HRF eff = 2.2848 / Pop var. = 0.34064 / time = 0.76
best of generation 76 / cbal. = 94.1211 / Wtd. con eff = 3.7143 / Wtd. HRF eff = 2.2848 / Pop var. = 0.40616 / time = 0.74
best of generation 77 / cbal. = 94.1211 / Wtd. con eff = 3.7143 / Wtd. HRF eff = 2.2848 / Pop var. = 0.35964 / time = 0.76
best of generation 78 / cbal. = 94.1211 / Wtd. con eff = 3.7143 / Wtd. HRF eff = 2.2848 / Pop var. = 0.42909 / time = 0.75
best of generation 79 / cbal. = 94.1211 / Wtd. con eff = 3.7143 / Wtd. HRF eff = 2.2848 / Pop var. = 0.39345 / time = 0.74
best of generation 80 / cbal. = 94.1211 / Wtd. con eff = 3.7143 / Wtd. HRF eff = 2.2848 / Pop var. = 0.46782 / time = 0.74
best of generation 81 / cbal. = 94.1211 / Wtd. con eff = 3.7143 / Wtd. HRF eff = 2.2848 / Pop var. = 0.40147 / time = 0.74
best of generation 82 / cbal. = 94.1211 / Wtd. con eff = 3.7143 / Wtd. HRF eff = 2.2848 / Pop var. = 0.32513 / time = 0.73
best of generation 83 / cbal. = 94.1211 / Wtd. con eff = 3.7143 / Wtd. HRF eff = 2.2848 / Pop var. = 0.41836 / time = 0.74
best of generation 84 / cbal. = 94.1211 / Wtd. con eff = 3.7143 / Wtd. HRF eff = 2.2848 / Pop var. = 0.38023 / time = 0.74
best of generation 85 / cbal. = 94.1211 / Wtd. con eff = 3.7143 / Wtd. HRF eff = 2.2848 / Pop var. = 0.42078 / time = 0.75
best of generation 86 / cbal. = 94.1211 / Wtd. con eff = 3.7143 / Wtd. HRF eff = 2.2848 / Pop var. = 0.36821 / time = 0.77
best of generation 87 / cbal. = 94.1211 / Wtd. con eff = 3.7143 / Wtd. HRF eff = 2.2848 / Pop var. = 0.40258 / time = 0.75
best of generation 88 / cbal. = 94.1211 / Wtd. con eff = 3.7143 / Wtd. HRF eff = 2.2848 / Pop var. = 0.36055 / time = 0.74
best of generation 89 / cbal. = 94.1211 / Wtd. con eff = 3.7143 / Wtd. HRF eff = 2.2848 / Pop var. = 0.43259 / time = 0.75
best of generation 90 / cbal. = 94.2594 / Wtd. con eff = 3.6984 / Wtd. HRF eff = 2.5169 / Pop var. = 0.33931 / time = 0.74
best of generation 91 / cbal. = 94.2594 / Wtd. con eff = 3.6984 / Wtd. HRF eff = 2.5169 / Pop var. = 0.41649 / time = 0.75
best of generation 92 / cbal. = 94.2594 / Wtd. con eff = 3.6984 / Wtd. HRF eff = 2.5169 / Pop var. = 0.35516 / time = 0.74
best of generation 93 / cbal. = 94.2594 / Wtd. con eff = 3.6984 / Wtd. HRF eff = 2.5169 / Pop var. = 0.43229 / time = 0.75
best of generation 94 / cbal. = 94.2594 / Wtd. con eff = 3.6984 / Wtd. HRF eff = 2.5169 / Pop var. = 0.4002 / time = 0.74
best of generation 95 / cbal. = 94.2594 / Wtd. con eff = 3.6984 / Wtd. HRF eff = 2.5169 / Pop var. = 0.32386 / time = 0.74
best of generation 96 / cbal. = 94.2594 / Wtd. con eff = 3.6984 / Wtd. HRF eff = 2.5169 / Pop var. = 0.43799 / time = 0.75
best of generation 97 / cbal. = 94.2594 / Wtd. con eff = 3.6984 / Wtd. HRF eff = 2.5169 / Pop var. = 0.4142 / time = 0.78
best of generation 98 / cbal. = 94.2594 / Wtd. con eff = 3.6984 / Wtd. HRF eff = 2.5169 / Pop var. = 0.38903 / time = 0.76
best of generation 99 / cbal. = 94.2594 / Wtd. con eff = 3.6984 / Wtd. HRF eff = 2.5169 / Pop var. = 0.42695 / time = 0.74
best of generation 100 / cbal. = 94.2594 / Wtd. con eff = 3.6984 / Wtd. HRF eff = 2.5169 / Pop var. = 0.33244 / time = 0.75
best of generation 101 / cbal. = 94.2594 / Wtd. con eff = 3.6984 / Wtd. HRF eff = 2.5169 / Pop var. = 0.39359 / time = 0.74
best of generation 102 / cbal. = 94.2594 / Wtd. con eff = 3.6984 / Wtd. HRF eff = 2.5169 / Pop var. = 0.46375 / time = 0.76
best of generation 103 / cbal. = 94.2594 / Wtd. con eff = 3.6984 / Wtd. HRF eff = 2.5169 / Pop var. = 0.4174 / time = 0.76
best of generation 104 / cbal. = 94.2594 / Wtd. con eff = 3.6984 / Wtd. HRF eff = 2.5169 / Pop var. = 0.36868 / time = 0.77
best of generation 105 / cbal. = 94.2594 / Wtd. con eff = 3.6984 / Wtd. HRF eff = 2.5169 / Pop var. = 0.40329 / time = 0.76
best of generation 106 / cbal. = 94.2594 / Wtd. con eff = 3.6984 / Wtd. HRF eff = 2.5169 / Pop var. = 0.35184 / time = 0.74
best of generation 107 / cbal. = 94.2594 / Wtd. con eff = 3.6984 / Wtd. HRF eff = 2.5169 / Pop var. = 0.41876 / time = 0.74
best of generation 108 / cbal. = 94.2594 / Wtd. con eff = 3.6984 / Wtd. HRF eff = 2.5169 / Pop var. = 0.36376 / time = 0.76
best of generation 109 / cbal. = 94.2594 / Wtd. con eff = 3.6984 / Wtd. HRF eff = 2.5169 / Pop var. = 0.45363 / time = 0.74
best of generation 110 / cbal. = 94.2594 / Wtd. con eff = 3.6984 / Wtd. HRF eff = 2.5169 / Pop var. = 0.41627 / time = 0.77
best of generation 111 / cbal. = 94.2594 / Wtd. con eff = 3.6984 / Wtd. HRF eff = 2.5169 / Pop var. = 0.3612 / time = 0.74
best of generation 112 / cbal. = 94.2594 / Wtd. con eff = 3.6984 / Wtd. HRF eff = 2.5169 / Pop var. = 0.43371 / time = 0.74
best of generation 113 / cbal. = 94.2594 / Wtd. con eff = 3.6984 / Wtd. HRF eff = 2.5169 / Pop var. = 0.36234 / time = 0.75
best of generation 114 / cbal. = 94.2594 / Wtd. con eff = 3.6984 / Wtd. HRF eff = 2.5169 / Pop var. = 0.43008 / time = 0.75
best of generation 115 / cbal. = 94.2594 / Wtd. con eff = 3.6984 / Wtd. HRF eff = 2.5169 / Pop var. = 0.38042 / time = 0.74
best of generation 116 / cbal. = 94.2594 / Wtd. con eff = 3.6984 / Wtd. HRF eff = 2.5169 / Pop var. = 0.44978 / time = 0.74
best of generation 117 / cbal. = 94.2594 / Wtd. con eff = 3.6984 / Wtd. HRF eff = 2.5169 / Pop var. = 0.3641 / time = 0.75
best of generation 118 / cbal. = 94.2594 / Wtd. con eff = 3.6984 / Wtd. HRF eff = 2.5169 / Pop var. = 0.41527 / time = 0.73
best of generation 119 / cbal. = 94.2594 / Wtd. con eff = 3.6984 / Wtd. HRF eff = 2.5169 / Pop var. = 0.36948 / time = 0.78
best of generation 120 / cbal. = 94.2594 / Wtd. con eff = 3.6984 / Wtd. HRF eff = 2.5169 / Pop var. = 0.43417 / time = 0.8
best of generation 121 / cbal. = 94.2594 / Wtd. con eff = 3.6984 / Wtd. HRF eff = 2.5169 / Pop var. = 0.40368 / time = 0.74
best of generation 122 / cbal. = 94.2594 / Wtd. con eff = 3.6984 / Wtd. HRF eff = 2.5169 / Pop var. = 0.37539 / time = 0.75
best of generation 123 / cbal. = 94.2594 / Wtd. con eff = 3.6984 / Wtd. HRF eff = 2.5169 / Pop var. = 0.44837 / time = 0.74
best of generation 124 / cbal. = 94.8655 / Wtd. con eff = 3.6341 / Wtd. HRF eff = 1.8179 / Pop var. = 0.40633 / time = 0.75
best of generation 125 / cbal. = 94.2594 / Wtd. con eff = 3.6984 / Wtd. HRF eff = 2.5169 / Pop var. = 0.38937 / time = 0.75
best of generation 126 / cbal. = 94.2594 / Wtd. con eff = 3.6984 / Wtd. HRF eff = 2.5169 / Pop var. = 0.40659 / time = 0.74
best of generation 127 / cbal. = 94.2594 / Wtd. con eff = 3.6984 / Wtd. HRF eff = 2.5169 / Pop var. = 0.37319 / time = 0.75
best of generation 128 / cbal. = 94.2594 / Wtd. con eff = 3.6984 / Wtd. HRF eff = 2.5169 / Pop var. = 0.45898 / time = 0.75
best of generation 129 / cbal. = 94.2594 / Wtd. con eff = 3.6984 / Wtd. HRF eff = 2.5169 / Pop var. = 0.40905 / time = 0.75
best of generation 130 / cbal. = 94.2594 / Wtd. con eff = 3.6984 / Wtd. HRF eff = 2.5169 / Pop var. = 0.29432 / time = 0.75
best of generation 131 / cbal. = 94.2594 / Wtd. con eff = 3.6984 / Wtd. HRF eff = 2.5169 / Pop var. = 0.40288 / time = 0.74
best of generation 132 / cbal. = 94.2594 / Wtd. con eff = 3.6984 / Wtd. HRF eff = 2.5169 / Pop var. = 0.33894 / time = 0.74
best of generation 133 / cbal. = 94.8655 / Wtd. con eff = 3.6357 / Wtd. HRF eff = 1.819 / Pop var. = 0.3826 / time = 0.74
best of generation 134 / cbal. = 94.8655 / Wtd. con eff = 3.6357 / Wtd. HRF eff = 1.819 / Pop var. = 0.42587 / time = 0.75
best of generation 135 / cbal. = 94.8655 / Wtd. con eff = 3.6357 / Wtd. HRF eff = 1.819 / Pop var. = 0.38585 / time = 0.75
best of generation 136 / cbal. = 94.8655 / Wtd. con eff = 3.6357 / Wtd. HRF eff = 1.819 / Pop var. = 0.4598 / time = 0.73
best of generation 137 / cbal. = 94.8655 / Wtd. con eff = 3.6357 / Wtd. HRF eff = 1.819 / Pop var. = 0.40609 / time = 0.75
best of generation 138 / cbal. = 94.3157 / Wtd. con eff = 3.7026 / Wtd. HRF eff = 1.9126 / Pop var. = 0.33709 / time = 0.74
best of generation 139 / cbal. = 94.2245 / Wtd. con eff = 3.6871 / Wtd. HRF eff = 2.351 / Pop var. = 0.4033 / time = 0.74
best of generation 140 / cbal. = 94.3157 / Wtd. con eff = 3.7026 / Wtd. HRF eff = 1.9126 / Pop var. = 0.38336 / time = 0.74
best of generation 141 / cbal. = 94.3157 / Wtd. con eff = 3.7026 / Wtd. HRF eff = 1.9126 / Pop var. = 0.48041 / time = 0.73
best of generation 142 / cbal. = 94.3157 / Wtd. con eff = 3.7026 / Wtd. HRF eff = 1.9126 / Pop var. = 0.43709 / time = 0.75
best of generation 143 / cbal. = 94.3157 / Wtd. con eff = 3.7026 / Wtd. HRF eff = 1.9126 / Pop var. = 0.40825 / time = 0.74
best of generation 144 / cbal. = 94.3157 / Wtd. con eff = 3.7026 / Wtd. HRF eff = 1.9126 / Pop var. = 0.39155 / time = 0.75
best of generation 145 / cbal. = 94.3157 / Wtd. con eff = 3.7026 / Wtd. HRF eff = 1.9126 / Pop var. = 0.45069 / time = 0.73
best of generation 146 / cbal. = 94.3157 / Wtd. con eff = 3.7026 / Wtd. HRF eff = 1.9126 / Pop var. = 0.41183 / time = 0.76
best of generation 147 / cbal. = 94.3157 / Wtd. con eff = 3.7026 / Wtd. HRF eff = 1.9126 / Pop var. = 0.38385 / time = 0.74
best of generation 148 / cbal. = 94.3157 / Wtd. con eff = 3.7026 / Wtd. HRF eff = 1.9126 / Pop var. = 0.46483 / time = 0.75
best of generation 149 / cbal. = 94.3157 / Wtd. con eff = 3.7026 / Wtd. HRF eff = 1.9126 / Pop var. = 0.40371 / time = 0.75
best of generation 150 / cbal. = 94.3157 / Wtd. con eff = 3.7026 / Wtd. HRF eff = 1.9126 / Pop var. = 0.37237 / time = 0.74
best of generation 151 / cbal. = 94.2455 / Wtd. con eff = 3.7055 / Wtd. HRF eff = 2.2161 / Pop var. = 0.39861 / time = 0.76
best of generation 152 / cbal. = 94.2455 / Wtd. con eff = 3.7055 / Wtd. HRF eff = 2.2161 / Pop var. = 0.45782 / time = 0.74
best of generation 153 / cbal. = 94.2455 / Wtd. con eff = 3.7055 / Wtd. HRF eff = 2.2161 / Pop var. = 0.43203 / time = 0.74
best of generation 154 / cbal. = 94.2455 / Wtd. con eff = 3.7055 / Wtd. HRF eff = 2.2161 / Pop var. = 0.36147 / time = 0.75
best of generation 155 / cbal. = 94.2455 / Wtd. con eff = 3.7055 / Wtd. HRF eff = 2.2161 / Pop var. = 0.37266 / time = 0.74
best of generation 156 / cbal. = 94.2455 / Wtd. con eff = 3.7055 / Wtd. HRF eff = 2.2161 / Pop var. = 0.44518 / time = 0.74
best of generation 157 / cbal. = 94.2455 / Wtd. con eff = 3.7055 / Wtd. HRF eff = 2.2161 / Pop var. = 0.4026 / time = 0.74
best of generation 158 / cbal. = 94.2455 / Wtd. con eff = 3.7055 / Wtd. HRF eff = 2.2161 / Pop var. = 0.35254 / time = 0.74
best of generation 159 / cbal. = 94.2455 / Wtd. con eff = 3.7055 / Wtd. HRF eff = 2.2161 / Pop var. = 0.43015 / time = 0.75
saving workspace as GAresults.mat
M = 
     origlist: [49x1 double]
     restlist: [20x1 double]
     stimlist: [60x1 double]
           ga: [1x1 struct]
    bestLists: [60x159 uint8]
         date: '11-9-2014'
optimizeGA done: 120.88 s
