Starting Model 62
OptimizeGA
===============================
Saturation threshold = 
Setting up variables
You entered 2 conditions  (event types) that will each be modeled with a regessor. 
 Note that if you enter 0 as a condition number, those events will not be modeled
 (they are assumed to be rest/inter-stimulus interval periods)

Contrasts entered. You entered matrix of 3 contrasts, with weights across 4 conditions.
 Contrasts:
     1     1    -1    -1
     1     0    -1     0
     0     1     0    -1
 ...adding one column to contrast matrix with weights of 0, to model the intercept
You entered a contrast weight vector across 3 contrasts
 	...Using rests of length 1 and resting every 4
================== Parameters ======================
     Total stimuli in scan      : 60
     Fixed rest length in ITIs  : 1
     Fixed Rest stimuli in scan : 11
     Num blank intervals        : 9
     Num of task conds          : 2
     Num stimuli each cond      : 20  20
====================================================
	...generating lists of organisms
	...USING TRANS2BLOCK >
     freqConditions = 0.2         0.2         0.2         0.2
     conditions = 1  2  3  4
REST INTERVALS: not used (to use, freqCond should be one longer than conditions
  ...randomizing organism start state
	...restMatrix is 20 X 40
ans =
     4     4     4     4     4     4     4     4     4     4
     4     4     4     4     4     4     4     4     4     4
     4     4     4     4     4     4     4     4     4     4
     4     4     4     4     4     4     4     4     4     4
     4     4     4     4     4     4     4     4     4     4
======== Num stimuli, averaged across lists (before instruction/rest stimuli) ========
		Condition 0: 9 stimuli, 15% of total stimuli
		Condition 1: 20 stimuli, 33.3333% of total stimuli
		Condition 2: 20 stimuli, 33.3333% of total stimuli
		Condition 3: 0 stimuli, 0% of total stimuli
		Condition 4: 0 stimuli, 0% of total stimuli
======================================================================================
best of generation 1 / cbal. = 94.6608 / Wtd. con eff = 2.6825 / Wtd. HRF eff = 0.5135 / Pop var. = 0.86695 / time = 0.75
best of generation 2 / cbal. = 94.6248 / Wtd. con eff = 2.7753 / Wtd. HRF eff = 0.53372 / Pop var. = 0.83715 / time = 0.72
best of generation 3 / cbal. = 94.8709 / Wtd. con eff = 2.8369 / Wtd. HRF eff = 0.70703 / Pop var. = 0.82765 / time = 0.73
best of generation 4 / cbal. = 94.8812 / Wtd. con eff = 2.8057 / Wtd. HRF eff = 0.60875 / Pop var. = 0.80361 / time = 0.72
best of generation 5 / cbal. = 94.7265 / Wtd. con eff = 2.8601 / Wtd. HRF eff = 0.60216 / Pop var. = 0.79083 / time = 0.71
best of generation 6 / cbal. = 95 / Wtd. con eff = 2.9336 / Wtd. HRF eff = 0.65341 / Pop var. = 0.77021 / time = 0.75
best of generation 7 / cbal. = 94.6492 / Wtd. con eff = 2.9173 / Wtd. HRF eff = 0.76959 / Pop var. = 0.78106 / time = 0.72
best of generation 8 / cbal. = 94.4725 / Wtd. con eff = 3.1327 / Wtd. HRF eff = 0.71368 / Pop var. = 0.77534 / time = 0.72
best of generation 9 / cbal. = 94.3663 / Wtd. con eff = 3.2061 / Wtd. HRF eff = 0.63449 / Pop var. = 0.71183 / time = 0.72
best of generation 10 / cbal. = 95.0519 / Wtd. con eff = 3.1547 / Wtd. HRF eff = 0.65576 / Pop var. = 0.69745 / time = 0.72
best of generation 11 / cbal. = 94.8749 / Wtd. con eff = 3.3032 / Wtd. HRF eff = 0.64359 / Pop var. = 0.6685 / time = 0.73
best of generation 12 / cbal. = 94.4771 / Wtd. con eff = 3.3449 / Wtd. HRF eff = 0.87002 / Pop var. = 0.62067 / time = 0.74
best of generation 13 / cbal. = 95.0488 / Wtd. con eff = 3.4048 / Wtd. HRF eff = 0.86433 / Pop var. = 0.62308 / time = 0.72
best of generation 14 / cbal. = 95.0488 / Wtd. con eff = 3.4048 / Wtd. HRF eff = 0.86433 / Pop var. = 0.5886 / time = 0.73
best of generation 15 / cbal. = 95.0488 / Wtd. con eff = 3.4048 / Wtd. HRF eff = 0.86433 / Pop var. = 0.52296 / time = 0.72
best of generation 16 / cbal. = 95.0488 / Wtd. con eff = 3.4048 / Wtd. HRF eff = 0.86433 / Pop var. = 0.41739 / time = 0.73
best of generation 17 / cbal. = 95.0488 / Wtd. con eff = 3.4048 / Wtd. HRF eff = 0.86433 / Pop var. = 0.33775 / time = 0.74
best of generation 18 / cbal. = 95.0488 / Wtd. con eff = 3.4048 / Wtd. HRF eff = 0.86433 / Pop var. = 0.43418 / time = 0.73
best of generation 19 / cbal. = 95.0488 / Wtd. con eff = 3.4048 / Wtd. HRF eff = 0.86433 / Pop var. = 0.40821 / time = 0.73
best of generation 20 / cbal. = 94.9763 / Wtd. con eff = 3.546 / Wtd. HRF eff = 0.78129 / Pop var. = 0.35406 / time = 0.73
best of generation 21 / cbal. = 94.9763 / Wtd. con eff = 3.546 / Wtd. HRF eff = 0.78129 / Pop var. = 0.45122 / time = 0.73
best of generation 22 / cbal. = 94.9763 / Wtd. con eff = 3.546 / Wtd. HRF eff = 0.78129 / Pop var. = 0.48622 / time = 0.74
best of generation 23 / cbal. = 94.9763 / Wtd. con eff = 3.546 / Wtd. HRF eff = 0.78129 / Pop var. = 0.49159 / time = 0.76
best of generation 24 / cbal. = 94.9763 / Wtd. con eff = 3.546 / Wtd. HRF eff = 0.78129 / Pop var. = 0.45449 / time = 0.73
best of generation 25 / cbal. = 94.394 / Wtd. con eff = 3.5827 / Wtd. HRF eff = 0.88944 / Pop var. = 0.39095 / time = 0.74
best of generation 26 / cbal. = 94.9683 / Wtd. con eff = 3.5591 / Wtd. HRF eff = 0.87734 / Pop var. = 0.46481 / time = 0.73
best of generation 27 / cbal. = 94.7878 / Wtd. con eff = 3.6162 / Wtd. HRF eff = 0.78338 / Pop var. = 0.40839 / time = 0.73
best of generation 28 / cbal. = 94.7265 / Wtd. con eff = 3.6194 / Wtd. HRF eff = 0.85283 / Pop var. = 0.36766 / time = 0.74
best of generation 29 / cbal. = 95.0814 / Wtd. con eff = 3.5409 / Wtd. HRF eff = 0.94768 / Pop var. = 0.40622 / time = 0.74
best of generation 30 / cbal. = 95.0814 / Wtd. con eff = 3.5409 / Wtd. HRF eff = 0.94768 / Pop var. = 0.377 / time = 0.74
best of generation 31 / cbal. = 95.0895 / Wtd. con eff = 3.5758 / Wtd. HRF eff = 0.86901 / Pop var. = 0.49357 / time = 0.73
best of generation 32 / cbal. = 95.0895 / Wtd. con eff = 3.5758 / Wtd. HRF eff = 0.86901 / Pop var. = 0.431 / time = 0.73
best of generation 33 / cbal. = 94.8812 / Wtd. con eff = 3.6106 / Wtd. HRF eff = 0.88121 / Pop var. = 0.45656 / time = 0.73
best of generation 34 / cbal. = 94.8812 / Wtd. con eff = 3.6106 / Wtd. HRF eff = 0.88121 / Pop var. = 0.43638 / time = 0.77
best of generation 35 / cbal. = 94.8812 / Wtd. con eff = 3.6106 / Wtd. HRF eff = 0.88121 / Pop var. = 0.42122 / time = 0.74
best of generation 36 / cbal. = 94.8812 / Wtd. con eff = 3.6106 / Wtd. HRF eff = 0.88121 / Pop var. = 0.4085 / time = 0.73
best of generation 37 / cbal. = 94.8812 / Wtd. con eff = 3.6106 / Wtd. HRF eff = 0.88121 / Pop var. = 0.40555 / time = 0.73
best of generation 38 / cbal. = 94.8812 / Wtd. con eff = 3.6106 / Wtd. HRF eff = 0.88121 / Pop var. = 0.4154 / time = 0.75
best of generation 39 / cbal. = 94.8812 / Wtd. con eff = 3.6106 / Wtd. HRF eff = 0.88121 / Pop var. = 0.37863 / time = 0.74
best of generation 40 / cbal. = 94.8812 / Wtd. con eff = 3.6106 / Wtd. HRF eff = 0.88121 / Pop var. = 0.45686 / time = 0.73
best of generation 41 / cbal. = 94.8812 / Wtd. con eff = 3.6106 / Wtd. HRF eff = 0.88121 / Pop var. = 0.40706 / time = 0.73
best of generation 42 / cbal. = 94.8812 / Wtd. con eff = 3.6106 / Wtd. HRF eff = 0.88121 / Pop var. = 0.35547 / time = 0.74
best of generation 43 / cbal. = 94.9683 / Wtd. con eff = 3.5985 / Wtd. HRF eff = 0.89973 / Pop var. = 0.41566 / time = 0.73
best of generation 44 / cbal. = 94.9683 / Wtd. con eff = 3.5985 / Wtd. HRF eff = 0.89973 / Pop var. = 0.38185 / time = 0.73
best of generation 45 / cbal. = 94.9683 / Wtd. con eff = 3.5985 / Wtd. HRF eff = 0.89973 / Pop var. = 0.49745 / time = 0.77
best of generation 46 / cbal. = 94.9683 / Wtd. con eff = 3.5985 / Wtd. HRF eff = 0.89973 / Pop var. = 0.45721 / time = 0.72
best of generation 47 / cbal. = 94.9683 / Wtd. con eff = 3.5985 / Wtd. HRF eff = 0.89973 / Pop var. = 0.42618 / time = 0.73
best of generation 48 / cbal. = 94.6961 / Wtd. con eff = 3.6405 / Wtd. HRF eff = 0.82467 / Pop var. = 0.35225 / time = 0.73
best of generation 49 / cbal. = 94.9683 / Wtd. con eff = 3.5985 / Wtd. HRF eff = 0.89973 / Pop var. = 0.422 / time = 0.73
best of generation 50 / cbal. = 94.9683 / Wtd. con eff = 3.5985 / Wtd. HRF eff = 0.89973 / Pop var. = 0.39367 / time = 0.75
best of generation 51 / cbal. = 94.9683 / Wtd. con eff = 3.5985 / Wtd. HRF eff = 0.89973 / Pop var. = 0.48163 / time = 0.73
best of generation 52 / cbal. = 94.9683 / Wtd. con eff = 3.5985 / Wtd. HRF eff = 0.89973 / Pop var. = 0.45038 / time = 0.73
best of generation 53 / cbal. = 94.9683 / Wtd. con eff = 3.5985 / Wtd. HRF eff = 0.89973 / Pop var. = 0.41221 / time = 0.74
best of generation 54 / cbal. = 94.9683 / Wtd. con eff = 3.5985 / Wtd. HRF eff = 0.89973 / Pop var. = 0.38536 / time = 0.73
best of generation 55 / cbal. = 94.9683 / Wtd. con eff = 3.5985 / Wtd. HRF eff = 0.89973 / Pop var. = 0.46565 / time = 0.74
best of generation 56 / cbal. = 94.9683 / Wtd. con eff = 3.5985 / Wtd. HRF eff = 0.89973 / Pop var. = 0.44053 / time = 0.77
best of generation 57 / cbal. = 94.9683 / Wtd. con eff = 3.5985 / Wtd. HRF eff = 0.89973 / Pop var. = 0.37121 / time = 0.74
best of generation 58 / cbal. = 94.9683 / Wtd. con eff = 3.5985 / Wtd. HRF eff = 0.89973 / Pop var. = 0.42897 / time = 0.73
best of generation 59 / cbal. = 94.9683 / Wtd. con eff = 3.5985 / Wtd. HRF eff = 0.89973 / Pop var. = 0.41295 / time = 0.74
best of generation 60 / cbal. = 94.9683 / Wtd. con eff = 3.5985 / Wtd. HRF eff = 0.89973 / Pop var. = 0.39555 / time = 0.74
best of generation 61 / cbal. = 94.9683 / Wtd. con eff = 3.5985 / Wtd. HRF eff = 0.89973 / Pop var. = 0.48801 / time = 0.76
best of generation 62 / cbal. = 94.9683 / Wtd. con eff = 3.5985 / Wtd. HRF eff = 0.89973 / Pop var. = 0.41567 / time = 0.75
best of generation 63 / cbal. = 94.7037 / Wtd. con eff = 3.6359 / Wtd. HRF eff = 0.9356 / Pop var. = 0.33341 / time = 0.74
best of generation 64 / cbal. = 94.9683 / Wtd. con eff = 3.5985 / Wtd. HRF eff = 0.89973 / Pop var. = 0.41087 / time = 0.73
best of generation 65 / cbal. = 94.7037 / Wtd. con eff = 3.6359 / Wtd. HRF eff = 0.9356 / Pop var. = 0.35364 / time = 0.74
best of generation 66 / cbal. = 94.8733 / Wtd. con eff = 3.6235 / Wtd. HRF eff = 0.88784 / Pop var. = 0.36202 / time = 0.73
best of generation 67 / cbal. = 94.8733 / Wtd. con eff = 3.6235 / Wtd. HRF eff = 0.88784 / Pop var. = 0.40663 / time = 0.75
best of generation 68 / cbal. = 94.7037 / Wtd. con eff = 3.6359 / Wtd. HRF eff = 0.9356 / Pop var. = 0.34829 / time = 0.74
best of generation 69 / cbal. = 94.7037 / Wtd. con eff = 3.6359 / Wtd. HRF eff = 0.9356 / Pop var. = 0.40676 / time = 0.73
best of generation 70 / cbal. = 94.7037 / Wtd. con eff = 3.6359 / Wtd. HRF eff = 0.9356 / Pop var. = 0.36118 / time = 0.73
best of generation 71 / cbal. = 94.7037 / Wtd. con eff = 3.6359 / Wtd. HRF eff = 0.9356 / Pop var. = 0.44033 / time = 0.72
best of generation 72 / cbal. = 95.0164 / Wtd. con eff = 3.5914 / Wtd. HRF eff = 1.0056 / Pop var. = 0.41529 / time = 0.78
best of generation 73 / cbal. = 95.0164 / Wtd. con eff = 3.5914 / Wtd. HRF eff = 1.0056 / Pop var. = 0.36077 / time = 0.73
best of generation 74 / cbal. = 95.0164 / Wtd. con eff = 3.5914 / Wtd. HRF eff = 1.0056 / Pop var. = 0.45839 / time = 0.73
best of generation 75 / cbal. = 95.0164 / Wtd. con eff = 3.5914 / Wtd. HRF eff = 1.0056 / Pop var. = 0.44606 / time = 0.74
best of generation 76 / cbal. = 95.0164 / Wtd. con eff = 3.5914 / Wtd. HRF eff = 1.0056 / Pop var. = 0.40906 / time = 0.74
best of generation 77 / cbal. = 94.8499 / Wtd. con eff = 3.6347 / Wtd. HRF eff = 1.0669 / Pop var. = 0.42863 / time = 0.73
best of generation 78 / cbal. = 94.8499 / Wtd. con eff = 3.6347 / Wtd. HRF eff = 1.0669 / Pop var. = 0.40892 / time = 0.75
best of generation 79 / cbal. = 94.8499 / Wtd. con eff = 3.6347 / Wtd. HRF eff = 1.0669 / Pop var. = 0.39858 / time = 0.73
best of generation 80 / cbal. = 94.8499 / Wtd. con eff = 3.6347 / Wtd. HRF eff = 1.0669 / Pop var. = 0.491 / time = 0.74
best of generation 81 / cbal. = 94.8499 / Wtd. con eff = 3.6347 / Wtd. HRF eff = 1.0669 / Pop var. = 0.49745 / time = 0.73
best of generation 82 / cbal. = 94.8499 / Wtd. con eff = 3.6347 / Wtd. HRF eff = 1.0669 / Pop var. = 0.40743 / time = 0.74
best of generation 83 / cbal. = 94.8499 / Wtd. con eff = 3.6347 / Wtd. HRF eff = 1.0669 / Pop var. = 0.39402 / time = 0.77
best of generation 84 / cbal. = 94.8499 / Wtd. con eff = 3.6347 / Wtd. HRF eff = 1.0669 / Pop var. = 0.50261 / time = 0.74
best of generation 85 / cbal. = 94.8499 / Wtd. con eff = 3.6347 / Wtd. HRF eff = 1.0669 / Pop var. = 0.45736 / time = 0.74
best of generation 86 / cbal. = 94.8499 / Wtd. con eff = 3.6347 / Wtd. HRF eff = 1.0669 / Pop var. = 0.42087 / time = 0.73
best of generation 87 / cbal. = 94.8499 / Wtd. con eff = 3.6347 / Wtd. HRF eff = 1.0669 / Pop var. = 0.39117 / time = 0.74
best of generation 88 / cbal. = 94.8499 / Wtd. con eff = 3.6347 / Wtd. HRF eff = 1.0669 / Pop var. = 0.47558 / time = 0.74
best of generation 89 / cbal. = 94.8499 / Wtd. con eff = 3.6347 / Wtd. HRF eff = 1.0669 / Pop var. = 0.42758 / time = 0.77
best of generation 90 / cbal. = 94.8499 / Wtd. con eff = 3.6347 / Wtd. HRF eff = 1.0669 / Pop var. = 0.37461 / time = 0.74
best of generation 91 / cbal. = 95.2391 / Wtd. con eff = 3.5602 / Wtd. HRF eff = 1.252 / Pop var. = 0.49388 / time = 0.72
best of generation 92 / cbal. = 95.2391 / Wtd. con eff = 3.5602 / Wtd. HRF eff = 1.252 / Pop var. = 0.46245 / time = 0.73
best of generation 93 / cbal. = 94.8499 / Wtd. con eff = 3.628 / Wtd. HRF eff = 1.0547 / Pop var. = 0.42637 / time = 0.75
best of generation 94 / cbal. = 95.0084 / Wtd. con eff = 3.5997 / Wtd. HRF eff = 1.2016 / Pop var. = 0.36845 / time = 0.77
best of generation 95 / cbal. = 95.0084 / Wtd. con eff = 3.5997 / Wtd. HRF eff = 1.2016 / Pop var. = 0.47085 / time = 0.73
best of generation 96 / cbal. = 95.0084 / Wtd. con eff = 3.5997 / Wtd. HRF eff = 1.2016 / Pop var. = 0.43206 / time = 0.74
best of generation 97 / cbal. = 95.0084 / Wtd. con eff = 3.5997 / Wtd. HRF eff = 1.2016 / Pop var. = 0.42614 / time = 0.74
best of generation 98 / cbal. = 95.0084 / Wtd. con eff = 3.5997 / Wtd. HRF eff = 1.2016 / Pop var. = 0.41235 / time = 0.74
best of generation 99 / cbal. = 94.7113 / Wtd. con eff = 3.6559 / Wtd. HRF eff = 1.2502 / Pop var. = 0.38149 / time = 0.73
best of generation 100 / cbal. = 94.7113 / Wtd. con eff = 3.6559 / Wtd. HRF eff = 1.2502 / Pop var. = 0.45237 / time = 0.75
best of generation 101 / cbal. = 94.2805 / Wtd. con eff = 3.6711 / Wtd. HRF eff = 1.8677 / Pop var. = 0.43949 / time = 0.73
best of generation 102 / cbal. = 94.2805 / Wtd. con eff = 3.6711 / Wtd. HRF eff = 1.8677 / Pop var. = 0.39646 / time = 0.73
best of generation 103 / cbal. = 94.2805 / Wtd. con eff = 3.6711 / Wtd. HRF eff = 1.8677 / Pop var. = 0.48541 / time = 0.74
best of generation 104 / cbal. = 94.3087 / Wtd. con eff = 3.6964 / Wtd. HRF eff = 1.3191 / Pop var. = 0.43272 / time = 0.73
best of generation 105 / cbal. = 94.2524 / Wtd. con eff = 3.6985 / Wtd. HRF eff = 1.6991 / Pop var. = 0.43152 / time = 0.78
best of generation 106 / cbal. = 94.2524 / Wtd. con eff = 3.6985 / Wtd. HRF eff = 1.6991 / Pop var. = 0.41432 / time = 0.74
best of generation 107 / cbal. = 94.2524 / Wtd. con eff = 3.6985 / Wtd. HRF eff = 1.6991 / Pop var. = 0.41072 / time = 0.74
best of generation 108 / cbal. = 94.5319 / Wtd. con eff = 3.6744 / Wtd. HRF eff = 1.782 / Pop var. = 0.33526 / time = 0.73
best of generation 109 / cbal. = 94.5319 / Wtd. con eff = 3.6744 / Wtd. HRF eff = 1.782 / Pop var. = 0.40268 / time = 0.73
best of generation 110 / cbal. = 94.5319 / Wtd. con eff = 3.6744 / Wtd. HRF eff = 1.782 / Pop var. = 0.38417 / time = 0.73
best of generation 111 / cbal. = 94.5319 / Wtd. con eff = 3.6744 / Wtd. HRF eff = 1.782 / Pop var. = 0.46267 / time = 0.76
best of generation 112 / cbal. = 94.5319 / Wtd. con eff = 3.6744 / Wtd. HRF eff = 1.782 / Pop var. = 0.39341 / time = 0.74
best of generation 113 / cbal. = 94.5319 / Wtd. con eff = 3.6744 / Wtd. HRF eff = 1.782 / Pop var. = 0.46199 / time = 0.73
best of generation 114 / cbal. = 94.5319 / Wtd. con eff = 3.6744 / Wtd. HRF eff = 1.782 / Pop var. = 0.41745 / time = 0.74
best of generation 115 / cbal. = 94.6885 / Wtd. con eff = 3.6463 / Wtd. HRF eff = 4.8847 / Pop var. = 0.36181 / time = 0.73
best of generation 116 / cbal. = 94.6885 / Wtd. con eff = 3.6463 / Wtd. HRF eff = 4.8847 / Pop var. = 0.45726 / time = 0.76
best of generation 117 / cbal. = 94.6885 / Wtd. con eff = 3.6463 / Wtd. HRF eff = 4.8847 / Pop var. = 0.39451 / time = 0.73
best of generation 118 / cbal. = 94.6885 / Wtd. con eff = 3.6463 / Wtd. HRF eff = 4.8847 / Pop var. = 0.4724 / time = 0.74
best of generation 119 / cbal. = 94.6885 / Wtd. con eff = 3.6463 / Wtd. HRF eff = 4.8847 / Pop var. = 0.41195 / time = 0.73
best of generation 120 / cbal. = 94.2455 / Wtd. con eff = 3.7126 / Wtd. HRF eff = 4.4053 / Pop var. = 0.36869 / time = 0.74
best of generation 121 / cbal. = 94.2455 / Wtd. con eff = 3.7126 / Wtd. HRF eff = 4.4053 / Pop var. = 0.41463 / time = 0.73
best of generation 122 / cbal. = 94.2455 / Wtd. con eff = 3.7126 / Wtd. HRF eff = 4.4053 / Pop var. = 0.35729 / time = 0.77
best of generation 123 / cbal. = 94.2455 / Wtd. con eff = 3.7126 / Wtd. HRF eff = 4.4053 / Pop var. = 0.42391 / time = 0.72
best of generation 124 / cbal. = 94.2455 / Wtd. con eff = 3.7126 / Wtd. HRF eff = 4.4053 / Pop var. = 0.38788 / time = 0.75
best of generation 125 / cbal. = 94.2455 / Wtd. con eff = 3.7126 / Wtd. HRF eff = 4.4053 / Pop var. = 0.44941 / time = 0.74
best of generation 126 / cbal. = 94.2455 / Wtd. con eff = 3.7126 / Wtd. HRF eff = 4.4053 / Pop var. = 0.40851 / time = 0.74
best of generation 127 / cbal. = 94.2455 / Wtd. con eff = 3.7126 / Wtd. HRF eff = 4.4053 / Pop var. = 0.36936 / time = 0.74
best of generation 128 / cbal. = 94.2455 / Wtd. con eff = 3.7126 / Wtd. HRF eff = 4.4053 / Pop var. = 0.40629 / time = 0.74
best of generation 129 / cbal. = 94.2455 / Wtd. con eff = 3.7126 / Wtd. HRF eff = 4.4053 / Pop var. = 0.34327 / time = 0.74
best of generation 130 / cbal. = 94.2455 / Wtd. con eff = 3.7126 / Wtd. HRF eff = 4.4053 / Pop var. = 0.43671 / time = 0.73
best of generation 131 / cbal. = 94.2455 / Wtd. con eff = 3.7126 / Wtd. HRF eff = 4.4053 / Pop var. = 0.38118 / time = 0.73
best of generation 132 / cbal. = 94.2455 / Wtd. con eff = 3.7126 / Wtd. HRF eff = 4.4053 / Pop var. = 0.40874 / time = 0.73
best of generation 133 / cbal. = 94.2455 / Wtd. con eff = 3.7126 / Wtd. HRF eff = 4.4053 / Pop var. = 0.41615 / time = 0.78
best of generation 134 / cbal. = 94.394 / Wtd. con eff = 3.7115 / Wtd. HRF eff = 5.034 / Pop var. = 0.35281 / time = 0.73
best of generation 135 / cbal. = 94.394 / Wtd. con eff = 3.7115 / Wtd. HRF eff = 5.034 / Pop var. = 0.42213 / time = 0.73
best of generation 136 / cbal. = 94.394 / Wtd. con eff = 3.7115 / Wtd. HRF eff = 5.034 / Pop var. = 0.36998 / time = 0.74
best of generation 137 / cbal. = 94.394 / Wtd. con eff = 3.7115 / Wtd. HRF eff = 5.034 / Pop var. = 0.39278 / time = 0.73
best of generation 138 / cbal. = 94.394 / Wtd. con eff = 3.7115 / Wtd. HRF eff = 5.034 / Pop var. = 0.44949 / time = 0.75
best of generation 139 / cbal. = 94.394 / Wtd. con eff = 3.7115 / Wtd. HRF eff = 5.034 / Pop var. = 0.39187 / time = 0.72
best of generation 140 / cbal. = 94.394 / Wtd. con eff = 3.7115 / Wtd. HRF eff = 5.034 / Pop var. = 0.46918 / time = 0.73
best of generation 141 / cbal. = 94.394 / Wtd. con eff = 3.7115 / Wtd. HRF eff = 5.034 / Pop var. = 0.4034 / time = 0.73
best of generation 142 / cbal. = 94.394 / Wtd. con eff = 3.7115 / Wtd. HRF eff = 5.034 / Pop var. = 0.36753 / time = 0.74
best of generation 143 / cbal. = 94.394 / Wtd. con eff = 3.7115 / Wtd. HRF eff = 5.034 / Pop var. = 0.39629 / time = 0.74
best of generation 144 / cbal. = 94.394 / Wtd. con eff = 3.7115 / Wtd. HRF eff = 5.034 / Pop var. = 0.44659 / time = 0.76
best of generation 145 / cbal. = 94.394 / Wtd. con eff = 3.7115 / Wtd. HRF eff = 5.034 / Pop var. = 0.35982 / time = 0.73
best of generation 146 / cbal. = 94.394 / Wtd. con eff = 3.7115 / Wtd. HRF eff = 5.034 / Pop var. = 0.43926 / time = 0.73
best of generation 147 / cbal. = 94.394 / Wtd. con eff = 3.7115 / Wtd. HRF eff = 5.034 / Pop var. = 0.3677 / time = 0.73
best of generation 148 / cbal. = 94.394 / Wtd. con eff = 3.7115 / Wtd. HRF eff = 5.034 / Pop var. = 0.41621 / time = 0.73
best of generation 149 / cbal. = 94.394 / Wtd. con eff = 3.7115 / Wtd. HRF eff = 5.034 / Pop var. = 0.33868 / time = 0.74
best of generation 150 / cbal. = 94.394 / Wtd. con eff = 3.7115 / Wtd. HRF eff = 5.034 / Pop var. = 0.42979 / time = 0.73
best of generation 151 / cbal. = 94.394 / Wtd. con eff = 3.7115 / Wtd. HRF eff = 5.034 / Pop var. = 0.41659 / time = 0.71
best of generation 152 / cbal. = 94.394 / Wtd. con eff = 3.7115 / Wtd. HRF eff = 5.034 / Pop var. = 0.37023 / time = 0.74
best of generation 153 / cbal. = 94.394 / Wtd. con eff = 3.7115 / Wtd. HRF eff = 5.034 / Pop var. = 0.42786 / time = 0.74
best of generation 154 / cbal. = 94.394 / Wtd. con eff = 3.7115 / Wtd. HRF eff = 5.034 / Pop var. = 0.37358 / time = 0.74
best of generation 155 / cbal. = 94.394 / Wtd. con eff = 3.7115 / Wtd. HRF eff = 5.034 / Pop var. = 0.41372 / time = 0.76
best of generation 156 / cbal. = 94.394 / Wtd. con eff = 3.7115 / Wtd. HRF eff = 5.034 / Pop var. = 0.33854 / time = 0.73
best of generation 157 / cbal. = 94.394 / Wtd. con eff = 3.7115 / Wtd. HRF eff = 5.034 / Pop var. = 0.38603 / time = 0.74
best of generation 158 / cbal. = 94.394 / Wtd. con eff = 3.7115 / Wtd. HRF eff = 5.034 / Pop var. = 0.47098 / time = 0.73
best of generation 159 / cbal. = 94.394 / Wtd. con eff = 3.7115 / Wtd. HRF eff = 5.034 / Pop var. = 0.44355 / time = 0.73
best of generation 160 / cbal. = 94.394 / Wtd. con eff = 3.7115 / Wtd. HRF eff = 5.034 / Pop var. = 0.3549 / time = 0.75
saving workspace as GAresults.mat
M = 
     origlist: [49x1 double]
     restlist: [20x1 double]
     stimlist: [60x1 double]
           ga: [1x1 struct]
    bestLists: [60x160 uint8]
         date: '11-9-2014'
optimizeGA done: 120.29 s
