Starting Model 99
OptimizeGA
===============================
Saturation threshold = 
Setting up variables
You entered 2 conditions  (event types) that will each be modeled with a regessor. 
 Note that if you enter 0 as a condition number, those events will not be modeled
 (they are assumed to be rest/inter-stimulus interval periods)

Contrasts entered. You entered matrix of 3 contrasts, with weights across 4 conditions.
 Contrasts:
     1     1    -1    -1
     1     0    -1     0
     0     1     0    -1
 ...adding one column to contrast matrix with weights of 0, to model the intercept
You entered a contrast weight vector across 3 contrasts
 	...Using rests of length 1 and resting every 4
================== Parameters ======================
     Total stimuli in scan      : 60
     Fixed rest length in ITIs  : 1
     Fixed Rest stimuli in scan : 11
     Num blank intervals        : 9
     Num of task conds          : 2
     Num stimuli each cond      : 20  20
====================================================
	...generating lists of organisms
	...USING TRANS2BLOCK >
     freqConditions = 0.2         0.2         0.2         0.2
     conditions = 1  2  3  4
REST INTERVALS: not used (to use, freqCond should be one longer than conditions
  ...randomizing organism start state
	...restMatrix is 20 X 40
ans =
     4     4     4     4     4     4     4     4     4     4
     4     4     4     4     4     4     4     4     4     4
     4     4     4     4     4     4     4     4     4     4
     4     4     4     4     4     4     4     4     4     4
     4     4     4     4     4     4     4     4     4     4
======== Num stimuli, averaged across lists (before instruction/rest stimuli) ========
		Condition 0: 9 stimuli, 15% of total stimuli
		Condition 1: 20 stimuli, 33.3333% of total stimuli
		Condition 2: 20 stimuli, 33.3333% of total stimuli
		Condition 3: 0 stimuli, 0% of total stimuli
		Condition 4: 0 stimuli, 0% of total stimuli
======================================================================================
best of generation 1 / cbal. = 94.8066 / Wtd. con eff = 2.7398 / Wtd. HRF eff = 0.52733 / Pop var. = 0.86346 / time = 0.74
best of generation 2 / cbal. = 94.8066 / Wtd. con eff = 2.7398 / Wtd. HRF eff = 0.52733 / Pop var. = 0.84718 / time = 0.76
best of generation 3 / cbal. = 94.6492 / Wtd. con eff = 2.8527 / Wtd. HRF eff = 0.62608 / Pop var. = 0.80928 / time = 0.72
best of generation 4 / cbal. = 95.0465 / Wtd. con eff = 2.9808 / Wtd. HRF eff = 0.50278 / Pop var. = 0.80089 / time = 0.72
best of generation 5 / cbal. = 95.0465 / Wtd. con eff = 2.9808 / Wtd. HRF eff = 0.50278 / Pop var. = 0.76695 / time = 0.72
best of generation 6 / cbal. = 94.3509 / Wtd. con eff = 3.2436 / Wtd. HRF eff = 0.59127 / Pop var. = 0.74436 / time = 0.72
best of generation 7 / cbal. = 95.1181 / Wtd. con eff = 3.0488 / Wtd. HRF eff = 0.53694 / Pop var. = 0.73372 / time = 0.72
best of generation 8 / cbal. = 95.1411 / Wtd. con eff = 3.16 / Wtd. HRF eff = 0.75367 / Pop var. = 0.7187 / time = 0.73
best of generation 9 / cbal. = 95.2065 / Wtd. con eff = 3.2351 / Wtd. HRF eff = 0.63932 / Pop var. = 0.6969 / time = 0.71
best of generation 10 / cbal. = 94.8094 / Wtd. con eff = 3.2954 / Wtd. HRF eff = 0.85981 / Pop var. = 0.69239 / time = 0.73
best of generation 11 / cbal. = 94.8094 / Wtd. con eff = 3.2954 / Wtd. HRF eff = 0.85981 / Pop var. = 0.64105 / time = 0.73
best of generation 12 / cbal. = 94.5925 / Wtd. con eff = 3.337 / Wtd. HRF eff = 0.82707 / Pop var. = 0.61949 / time = 0.72
best of generation 13 / cbal. = 94.7748 / Wtd. con eff = 3.3551 / Wtd. HRF eff = 0.66849 / Pop var. = 0.60225 / time = 0.75
best of generation 14 / cbal. = 94.9048 / Wtd. con eff = 3.4381 / Wtd. HRF eff = 0.77912 / Pop var. = 0.58723 / time = 0.76
best of generation 15 / cbal. = 94.5688 / Wtd. con eff = 3.5883 / Wtd. HRF eff = 0.91915 / Pop var. = 0.59435 / time = 0.73
best of generation 16 / cbal. = 94.7265 / Wtd. con eff = 3.5533 / Wtd. HRF eff = 0.9238 / Pop var. = 0.57815 / time = 0.73
best of generation 17 / cbal. = 95.0407 / Wtd. con eff = 3.528 / Wtd. HRF eff = 0.88318 / Pop var. = 0.53737 / time = 0.72
best of generation 18 / cbal. = 95.0407 / Wtd. con eff = 3.528 / Wtd. HRF eff = 0.88318 / Pop var. = 0.47026 / time = 0.73
best of generation 19 / cbal. = 95.0407 / Wtd. con eff = 3.528 / Wtd. HRF eff = 0.88318 / Pop var. = 0.40697 / time = 0.78
best of generation 20 / cbal. = 95.0407 / Wtd. con eff = 3.528 / Wtd. HRF eff = 0.88318 / Pop var. = 0.37056 / time = 0.73
best of generation 21 / cbal. = 94.7418 / Wtd. con eff = 3.5663 / Wtd. HRF eff = 0.9288 / Pop var. = 0.42226 / time = 0.72
best of generation 22 / cbal. = 94.43 / Wtd. con eff = 3.6297 / Wtd. HRF eff = 0.90723 / Pop var. = 0.30922 / time = 0.74
best of generation 23 / cbal. = 94.43 / Wtd. con eff = 3.6297 / Wtd. HRF eff = 0.90723 / Pop var. = 0.43057 / time = 0.72
best of generation 24 / cbal. = 94.43 / Wtd. con eff = 3.6297 / Wtd. HRF eff = 0.90723 / Pop var. = 0.41043 / time = 0.76
best of generation 25 / cbal. = 94.5467 / Wtd. con eff = 3.5989 / Wtd. HRF eff = 1.0131 / Pop var. = 0.39516 / time = 0.78
best of generation 26 / cbal. = 94.5467 / Wtd. con eff = 3.5989 / Wtd. HRF eff = 1.0131 / Pop var. = 0.47793 / time = 0.74
best of generation 27 / cbal. = 94.7955 / Wtd. con eff = 3.5669 / Wtd. HRF eff = 1.227 / Pop var. = 0.422 / time = 0.73
best of generation 28 / cbal. = 94.6961 / Wtd. con eff = 3.6389 / Wtd. HRF eff = 1.0149 / Pop var. = 0.40392 / time = 0.73
best of generation 29 / cbal. = 94.6961 / Wtd. con eff = 3.6389 / Wtd. HRF eff = 1.0149 / Pop var. = 0.3489 / time = 0.74
best of generation 30 / cbal. = 94.6961 / Wtd. con eff = 3.6389 / Wtd. HRF eff = 1.0149 / Pop var. = 0.45243 / time = 0.76
best of generation 31 / cbal. = 94.6961 / Wtd. con eff = 3.6389 / Wtd. HRF eff = 1.0149 / Pop var. = 0.41038 / time = 0.72
best of generation 32 / cbal. = 94.6961 / Wtd. con eff = 3.6389 / Wtd. HRF eff = 1.0149 / Pop var. = 0.33262 / time = 0.74
best of generation 33 / cbal. = 94.6961 / Wtd. con eff = 3.6389 / Wtd. HRF eff = 1.0149 / Pop var. = 0.39302 / time = 0.73
best of generation 34 / cbal. = 94.6961 / Wtd. con eff = 3.6389 / Wtd. HRF eff = 1.0149 / Pop var. = 0.47323 / time = 0.74
best of generation 35 / cbal. = 94.6961 / Wtd. con eff = 3.6389 / Wtd. HRF eff = 1.0149 / Pop var. = 0.47724 / time = 0.75
best of generation 36 / cbal. = 94.6961 / Wtd. con eff = 3.6389 / Wtd. HRF eff = 1.0149 / Pop var. = 0.44259 / time = 0.77
best of generation 37 / cbal. = 94.6961 / Wtd. con eff = 3.6389 / Wtd. HRF eff = 1.0149 / Pop var. = 0.3732 / time = 0.73
best of generation 38 / cbal. = 94.6961 / Wtd. con eff = 3.6389 / Wtd. HRF eff = 1.0149 / Pop var. = 0.43688 / time = 0.73
best of generation 39 / cbal. = 94.6961 / Wtd. con eff = 3.6389 / Wtd. HRF eff = 1.0149 / Pop var. = 0.37982 / time = 0.74
best of generation 40 / cbal. = 94.6961 / Wtd. con eff = 3.6389 / Wtd. HRF eff = 1.0149 / Pop var. = 0.43547 / time = 0.73
best of generation 41 / cbal. = 94.6961 / Wtd. con eff = 3.6389 / Wtd. HRF eff = 1.0149 / Pop var. = 0.37135 / time = 0.77
best of generation 42 / cbal. = 94.6961 / Wtd. con eff = 3.6389 / Wtd. HRF eff = 1.0149 / Pop var. = 0.41577 / time = 0.75
best of generation 43 / cbal. = 94.6961 / Wtd. con eff = 3.6389 / Wtd. HRF eff = 1.0149 / Pop var. = 0.31099 / time = 0.73
best of generation 44 / cbal. = 94.6961 / Wtd. con eff = 3.6389 / Wtd. HRF eff = 1.0149 / Pop var. = 0.40378 / time = 0.73
best of generation 45 / cbal. = 94.6961 / Wtd. con eff = 3.6389 / Wtd. HRF eff = 1.0149 / Pop var. = 0.37957 / time = 0.73
best of generation 46 / cbal. = 94.6961 / Wtd. con eff = 3.6389 / Wtd. HRF eff = 1.0149 / Pop var. = 0.46754 / time = 0.76
best of generation 47 / cbal. = 94.6961 / Wtd. con eff = 3.6389 / Wtd. HRF eff = 1.0149 / Pop var. = 0.42216 / time = 0.73
best of generation 48 / cbal. = 94.6961 / Wtd. con eff = 3.6389 / Wtd. HRF eff = 1.0149 / Pop var. = 0.36765 / time = 0.74
best of generation 49 / cbal. = 94.6961 / Wtd. con eff = 3.6389 / Wtd. HRF eff = 1.0149 / Pop var. = 0.41025 / time = 0.74
best of generation 50 / cbal. = 94.6961 / Wtd. con eff = 3.6389 / Wtd. HRF eff = 1.0149 / Pop var. = 0.38117 / time = 0.73
best of generation 51 / cbal. = 94.6961 / Wtd. con eff = 3.6389 / Wtd. HRF eff = 1.0149 / Pop var. = 0.45134 / time = 0.74
best of generation 52 / cbal. = 94.6961 / Wtd. con eff = 3.6389 / Wtd. HRF eff = 1.0149 / Pop var. = 0.41855 / time = 0.79
best of generation 53 / cbal. = 95.1638 / Wtd. con eff = 3.5681 / Wtd. HRF eff = 1.0552 / Pop var. = 0.34414 / time = 0.73
best of generation 54 / cbal. = 95.1638 / Wtd. con eff = 3.5681 / Wtd. HRF eff = 1.0552 / Pop var. = 0.42544 / time = 0.74
best of generation 55 / cbal. = 95.1638 / Wtd. con eff = 3.5681 / Wtd. HRF eff = 1.0552 / Pop var. = 0.36221 / time = 0.75
best of generation 56 / cbal. = 95.1638 / Wtd. con eff = 3.5681 / Wtd. HRF eff = 1.0552 / Pop var. = 0.41518 / time = 0.74
best of generation 57 / cbal. = 95.1638 / Wtd. con eff = 3.5681 / Wtd. HRF eff = 1.0552 / Pop var. = 0.38602 / time = 0.76
best of generation 58 / cbal. = 95.1638 / Wtd. con eff = 3.5681 / Wtd. HRF eff = 1.0552 / Pop var. = 0.43037 / time = 0.74
best of generation 59 / cbal. = 95.1638 / Wtd. con eff = 3.5681 / Wtd. HRF eff = 1.0552 / Pop var. = 0.37554 / time = 0.74
best of generation 60 / cbal. = 94.9523 / Wtd. con eff = 3.6181 / Wtd. HRF eff = 1.0724 / Pop var. = 0.45708 / time = 0.73
best of generation 61 / cbal. = 94.9523 / Wtd. con eff = 3.6181 / Wtd. HRF eff = 1.0724 / Pop var. = 0.3412 / time = 0.74
best of generation 62 / cbal. = 94.9523 / Wtd. con eff = 3.6181 / Wtd. HRF eff = 1.0724 / Pop var. = 0.42345 / time = 0.74
best of generation 63 / cbal. = 94.9523 / Wtd. con eff = 3.6181 / Wtd. HRF eff = 1.0724 / Pop var. = 0.40289 / time = 0.79
best of generation 64 / cbal. = 94.9523 / Wtd. con eff = 3.6181 / Wtd. HRF eff = 1.0724 / Pop var. = 0.31356 / time = 0.74
best of generation 65 / cbal. = 94.9523 / Wtd. con eff = 3.6181 / Wtd. HRF eff = 1.0724 / Pop var. = 0.35311 / time = 0.73
best of generation 66 / cbal. = 94.9523 / Wtd. con eff = 3.6181 / Wtd. HRF eff = 1.0724 / Pop var. = 0.4481 / time = 0.74
best of generation 67 / cbal. = 94.9523 / Wtd. con eff = 3.6181 / Wtd. HRF eff = 1.0724 / Pop var. = 0.41138 / time = 0.73
best of generation 68 / cbal. = 94.9523 / Wtd. con eff = 3.6181 / Wtd. HRF eff = 1.0724 / Pop var. = 0.35423 / time = 0.75
best of generation 69 / cbal. = 94.9523 / Wtd. con eff = 3.6181 / Wtd. HRF eff = 1.0724 / Pop var. = 0.41048 / time = 0.74
best of generation 70 / cbal. = 94.9523 / Wtd. con eff = 3.6181 / Wtd. HRF eff = 1.0724 / Pop var. = 0.33789 / time = 0.74
best of generation 71 / cbal. = 94.9523 / Wtd. con eff = 3.6181 / Wtd. HRF eff = 1.0724 / Pop var. = 0.42411 / time = 0.73
best of generation 72 / cbal. = 94.9523 / Wtd. con eff = 3.6181 / Wtd. HRF eff = 1.0724 / Pop var. = 0.37985 / time = 0.75
best of generation 73 / cbal. = 94.9523 / Wtd. con eff = 3.6181 / Wtd. HRF eff = 1.0724 / Pop var. = 0.45787 / time = 0.73
best of generation 74 / cbal. = 94.9523 / Wtd. con eff = 3.6181 / Wtd. HRF eff = 1.0724 / Pop var. = 0.44272 / time = 0.79
best of generation 75 / cbal. = 94.7189 / Wtd. con eff = 3.6191 / Wtd. HRF eff = 1.3248 / Pop var. = 0.40595 / time = 0.74
best of generation 76 / cbal. = 94.7189 / Wtd. con eff = 3.6191 / Wtd. HRF eff = 1.3248 / Pop var. = 0.36462 / time = 0.74
best of generation 77 / cbal. = 94.7189 / Wtd. con eff = 3.6191 / Wtd. HRF eff = 1.3248 / Pop var. = 0.4515 / time = 0.72
best of generation 78 / cbal. = 94.4662 / Wtd. con eff = 3.6348 / Wtd. HRF eff = 1.5997 / Pop var. = 0.39418 / time = 0.74
best of generation 79 / cbal. = 94.4662 / Wtd. con eff = 3.6348 / Wtd. HRF eff = 1.5997 / Pop var. = 0.44471 / time = 0.76
best of generation 80 / cbal. = 94.4662 / Wtd. con eff = 3.6348 / Wtd. HRF eff = 1.5997 / Pop var. = 0.43054 / time = 0.74
best of generation 81 / cbal. = 94.4662 / Wtd. con eff = 3.6348 / Wtd. HRF eff = 1.5997 / Pop var. = 0.42363 / time = 0.73
best of generation 82 / cbal. = 94.4662 / Wtd. con eff = 3.6348 / Wtd. HRF eff = 1.5997 / Pop var. = 0.40738 / time = 0.74
best of generation 83 / cbal. = 94.9364 / Wtd. con eff = 3.6199 / Wtd. HRF eff = 1.1614 / Pop var. = 0.39205 / time = 0.74
best of generation 84 / cbal. = 94.9364 / Wtd. con eff = 3.6199 / Wtd. HRF eff = 1.1614 / Pop var. = 0.48503 / time = 0.73
best of generation 85 / cbal. = 94.9364 / Wtd. con eff = 3.6199 / Wtd. HRF eff = 1.1614 / Pop var. = 0.42932 / time = 0.8
best of generation 86 / cbal. = 94.9364 / Wtd. con eff = 3.6199 / Wtd. HRF eff = 1.1614 / Pop var. = 0.39053 / time = 0.74
best of generation 87 / cbal. = 94.6134 / Wtd. con eff = 3.6382 / Wtd. HRF eff = 1.7505 / Pop var. = 0.4813 / time = 0.73
best of generation 88 / cbal. = 94.7801 / Wtd. con eff = 3.6391 / Wtd. HRF eff = 1.8431 / Pop var. = 0.43231 / time = 0.74
best of generation 89 / cbal. = 94.7801 / Wtd. con eff = 3.6391 / Wtd. HRF eff = 1.8431 / Pop var. = 0.4026 / time = 0.74
best of generation 90 / cbal. = 94.7801 / Wtd. con eff = 3.6391 / Wtd. HRF eff = 1.8431 / Pop var. = 0.36322 / time = 0.76
best of generation 91 / cbal. = 94.7801 / Wtd. con eff = 3.6391 / Wtd. HRF eff = 1.8431 / Pop var. = 0.47353 / time = 0.74
best of generation 92 / cbal. = 94.7801 / Wtd. con eff = 3.6391 / Wtd. HRF eff = 1.8431 / Pop var. = 0.44147 / time = 0.74
best of generation 93 / cbal. = 94.7801 / Wtd. con eff = 3.6391 / Wtd. HRF eff = 1.8431 / Pop var. = 0.35962 / time = 0.74
best of generation 94 / cbal. = 94.7801 / Wtd. con eff = 3.6391 / Wtd. HRF eff = 1.8431 / Pop var. = 0.46373 / time = 0.73
best of generation 95 / cbal. = 94.7801 / Wtd. con eff = 3.6391 / Wtd. HRF eff = 1.8431 / Pop var. = 0.44071 / time = 0.73
best of generation 96 / cbal. = 94.7801 / Wtd. con eff = 3.6391 / Wtd. HRF eff = 1.8431 / Pop var. = 0.36129 / time = 0.81
best of generation 97 / cbal. = 94.7801 / Wtd. con eff = 3.6391 / Wtd. HRF eff = 1.8431 / Pop var. = 0.36165 / time = 0.73
best of generation 98 / cbal. = 94.7801 / Wtd. con eff = 3.6391 / Wtd. HRF eff = 1.8431 / Pop var. = 0.40856 / time = 0.74
best of generation 99 / cbal. = 94.7801 / Wtd. con eff = 3.6391 / Wtd. HRF eff = 1.8431 / Pop var. = 0.32078 / time = 0.74
best of generation 100 / cbal. = 94.7801 / Wtd. con eff = 3.6391 / Wtd. HRF eff = 1.8431 / Pop var. = 0.39528 / time = 0.74
best of generation 101 / cbal. = 94.7801 / Wtd. con eff = 3.6391 / Wtd. HRF eff = 1.8431 / Pop var. = 0.46489 / time = 0.75
best of generation 102 / cbal. = 94.7801 / Wtd. con eff = 3.6391 / Wtd. HRF eff = 1.8431 / Pop var. = 0.40915 / time = 0.75
best of generation 103 / cbal. = 94.7801 / Wtd. con eff = 3.6391 / Wtd. HRF eff = 1.8431 / Pop var. = 0.36152 / time = 0.74
best of generation 104 / cbal. = 94.7801 / Wtd. con eff = 3.6391 / Wtd. HRF eff = 1.8431 / Pop var. = 0.44798 / time = 0.73
best of generation 105 / cbal. = 94.7801 / Wtd. con eff = 3.6391 / Wtd. HRF eff = 1.8431 / Pop var. = 0.34364 / time = 0.74
best of generation 106 / cbal. = 94.7801 / Wtd. con eff = 3.6391 / Wtd. HRF eff = 1.8431 / Pop var. = 0.39894 / time = 0.73
best of generation 107 / cbal. = 94.7801 / Wtd. con eff = 3.6391 / Wtd. HRF eff = 1.8431 / Pop var. = 0.43887 / time = 0.75
best of generation 108 / cbal. = 94.7801 / Wtd. con eff = 3.6391 / Wtd. HRF eff = 1.8431 / Pop var. = 0.39007 / time = 0.74
best of generation 109 / cbal. = 94.7801 / Wtd. con eff = 3.6391 / Wtd. HRF eff = 1.8431 / Pop var. = 0.43001 / time = 0.73
best of generation 110 / cbal. = 94.7801 / Wtd. con eff = 3.6391 / Wtd. HRF eff = 1.8431 / Pop var. = 0.40896 / time = 0.72
best of generation 111 / cbal. = 94.7801 / Wtd. con eff = 3.6391 / Wtd. HRF eff = 1.8431 / Pop var. = 0.33546 / time = 0.73
best of generation 112 / cbal. = 94.7801 / Wtd. con eff = 3.6391 / Wtd. HRF eff = 1.8431 / Pop var. = 0.426 / time = 0.75
best of generation 113 / cbal. = 94.7801 / Wtd. con eff = 3.6391 / Wtd. HRF eff = 1.8431 / Pop var. = 0.3857 / time = 0.76
best of generation 114 / cbal. = 94.7801 / Wtd. con eff = 3.6391 / Wtd. HRF eff = 1.8431 / Pop var. = 0.47434 / time = 0.73
best of generation 115 / cbal. = 94.7801 / Wtd. con eff = 3.6391 / Wtd. HRF eff = 1.8431 / Pop var. = 0.42808 / time = 0.73
best of generation 116 / cbal. = 94.7801 / Wtd. con eff = 3.6391 / Wtd. HRF eff = 1.8431 / Pop var. = 0.3837 / time = 0.74
best of generation 117 / cbal. = 94.7801 / Wtd. con eff = 3.6391 / Wtd. HRF eff = 1.8431 / Pop var. = 0.45111 / time = 0.73
best of generation 118 / cbal. = 94.6885 / Wtd. con eff = 3.6547 / Wtd. HRF eff = 1.7287 / Pop var. = 0.396 / time = 0.79
best of generation 119 / cbal. = 94.6885 / Wtd. con eff = 3.6547 / Wtd. HRF eff = 1.7287 / Pop var. = 0.45679 / time = 0.73
best of generation 120 / cbal. = 94.6885 / Wtd. con eff = 3.6547 / Wtd. HRF eff = 1.7287 / Pop var. = 0.38499 / time = 0.74
best of generation 121 / cbal. = 94.6885 / Wtd. con eff = 3.6547 / Wtd. HRF eff = 1.7287 / Pop var. = 0.45087 / time = 0.73
best of generation 122 / cbal. = 94.6885 / Wtd. con eff = 3.6547 / Wtd. HRF eff = 1.7287 / Pop var. = 0.43696 / time = 0.73
best of generation 123 / cbal. = 94.6885 / Wtd. con eff = 3.6547 / Wtd. HRF eff = 1.7287 / Pop var. = 0.42723 / time = 0.76
best of generation 124 / cbal. = 94.2805 / Wtd. con eff = 3.6867 / Wtd. HRF eff = 1.8309 / Pop var. = 0.37562 / time = 0.76
best of generation 125 / cbal. = 94.6885 / Wtd. con eff = 3.6547 / Wtd. HRF eff = 1.7287 / Pop var. = 0.45105 / time = 0.74
best of generation 126 / cbal. = 94.6885 / Wtd. con eff = 3.6547 / Wtd. HRF eff = 1.7287 / Pop var. = 0.39702 / time = 0.73
best of generation 127 / cbal. = 94.6885 / Wtd. con eff = 3.6547 / Wtd. HRF eff = 1.7287 / Pop var. = 0.46707 / time = 0.73
best of generation 128 / cbal. = 94.6885 / Wtd. con eff = 3.6547 / Wtd. HRF eff = 1.7287 / Pop var. = 0.41532 / time = 0.73
best of generation 129 / cbal. = 94.0734 / Wtd. con eff = 3.7089 / Wtd. HRF eff = 1.9283 / Pop var. = 0.31094 / time = 0.75
best of generation 130 / cbal. = 94.0734 / Wtd. con eff = 3.7089 / Wtd. HRF eff = 1.9283 / Pop var. = 0.38498 / time = 0.74
best of generation 131 / cbal. = 94.0734 / Wtd. con eff = 3.7089 / Wtd. HRF eff = 1.9283 / Pop var. = 0.44688 / time = 0.73
best of generation 132 / cbal. = 94.2385 / Wtd. con eff = 3.7142 / Wtd. HRF eff = 1.8801 / Pop var. = 0.37238 / time = 0.73
best of generation 133 / cbal. = 94.2385 / Wtd. con eff = 3.7142 / Wtd. HRF eff = 1.8801 / Pop var. = 0.43978 / time = 0.74
best of generation 134 / cbal. = 94.2385 / Wtd. con eff = 3.7142 / Wtd. HRF eff = 1.8801 / Pop var. = 0.39841 / time = 0.76
best of generation 135 / cbal. = 94.2385 / Wtd. con eff = 3.7142 / Wtd. HRF eff = 1.8801 / Pop var. = 0.44292 / time = 0.76
best of generation 136 / cbal. = 94.2385 / Wtd. con eff = 3.7142 / Wtd. HRF eff = 1.8801 / Pop var. = 0.40165 / time = 0.74
best of generation 137 / cbal. = 94.2385 / Wtd. con eff = 3.7142 / Wtd. HRF eff = 1.8801 / Pop var. = 0.37653 / time = 0.73
best of generation 138 / cbal. = 94.2385 / Wtd. con eff = 3.7142 / Wtd. HRF eff = 1.8801 / Pop var. = 0.4705 / time = 0.74
best of generation 139 / cbal. = 94.2385 / Wtd. con eff = 3.7142 / Wtd. HRF eff = 1.8801 / Pop var. = 0.43351 / time = 0.73
best of generation 140 / cbal. = 94.2385 / Wtd. con eff = 3.7142 / Wtd. HRF eff = 1.8801 / Pop var. = 0.38419 / time = 0.77
best of generation 141 / cbal. = 94.2385 / Wtd. con eff = 3.7142 / Wtd. HRF eff = 1.8801 / Pop var. = 0.41627 / time = 0.74
best of generation 142 / cbal. = 94.2385 / Wtd. con eff = 3.7142 / Wtd. HRF eff = 1.8801 / Pop var. = 0.39959 / time = 0.76
best of generation 143 / cbal. = 94.2385 / Wtd. con eff = 3.7142 / Wtd. HRF eff = 1.8801 / Pop var. = 0.47932 / time = 0.77
best of generation 144 / cbal. = 94.2385 / Wtd. con eff = 3.7142 / Wtd. HRF eff = 1.8801 / Pop var. = 0.42147 / time = 0.77
best of generation 145 / cbal. = 94.2385 / Wtd. con eff = 3.7142 / Wtd. HRF eff = 1.8801 / Pop var. = 0.4132 / time = 0.81
best of generation 146 / cbal. = 94.2385 / Wtd. con eff = 3.7142 / Wtd. HRF eff = 1.8801 / Pop var. = 0.33237 / time = 0.75
best of generation 147 / cbal. = 94.5393 / Wtd. con eff = 3.665 / Wtd. HRF eff = 1.9837 / Pop var. = 0.37398 / time = 0.75
best of generation 148 / cbal. = 94.6885 / Wtd. con eff = 3.6731 / Wtd. HRF eff = 1.8788 / Pop var. = 0.42227 / time = 0.74
best of generation 149 / cbal. = 94.6885 / Wtd. con eff = 3.6731 / Wtd. HRF eff = 1.8788 / Pop var. = 0.36994 / time = 0.74
best of generation 150 / cbal. = 94.6885 / Wtd. con eff = 3.6731 / Wtd. HRF eff = 1.8788 / Pop var. = 0.44588 / time = 0.74
best of generation 151 / cbal. = 94.6885 / Wtd. con eff = 3.6731 / Wtd. HRF eff = 1.8788 / Pop var. = 0.43946 / time = 0.79
best of generation 152 / cbal. = 94.6885 / Wtd. con eff = 3.6731 / Wtd. HRF eff = 1.8788 / Pop var. = 0.35309 / time = 0.74
best of generation 153 / cbal. = 94.6885 / Wtd. con eff = 3.6731 / Wtd. HRF eff = 1.8788 / Pop var. = 0.41645 / time = 0.73
best of generation 154 / cbal. = 94.6885 / Wtd. con eff = 3.6731 / Wtd. HRF eff = 1.8788 / Pop var. = 0.35443 / time = 0.73
best of generation 155 / cbal. = 94.6885 / Wtd. con eff = 3.6731 / Wtd. HRF eff = 1.8788 / Pop var. = 0.42702 / time = 0.73
best of generation 156 / cbal. = 94.6885 / Wtd. con eff = 3.6731 / Wtd. HRF eff = 1.8788 / Pop var. = 0.37204 / time = 0.77
best of generation 157 / cbal. = 94.6885 / Wtd. con eff = 3.6731 / Wtd. HRF eff = 1.8788 / Pop var. = 0.42736 / time = 0.75
best of generation 158 / cbal. = 94.6885 / Wtd. con eff = 3.6731 / Wtd. HRF eff = 1.8788 / Pop var. = 0.38682 / time = 0.72
best of generation 159 / cbal. = 94.6885 / Wtd. con eff = 3.6731 / Wtd. HRF eff = 1.8788 / Pop var. = 0.43655 / time = 0.73
saving workspace as GAresults.mat
M = 
     origlist: [49x1 double]
     restlist: [20x1 double]
     stimlist: [60x1 double]
           ga: [1x1 struct]
    bestLists: [60x159 uint8]
         date: '11-9-2014'
optimizeGA done: 120.37 s
