Starting Model 7
OptimizeGA
===============================
Saturation threshold = 
Setting up variables
You entered 2 conditions  (event types) that will each be modeled with a regessor. 
 Note that if you enter 0 as a condition number, those events will not be modeled
 (they are assumed to be rest/inter-stimulus interval periods)

Contrasts entered. You entered matrix of 3 contrasts, with weights across 4 conditions.
 Contrasts:
     1     1    -1    -1
     1     0    -1     0
     0     1     0    -1
 ...adding one column to contrast matrix with weights of 0, to model the intercept
You entered a contrast weight vector across 3 contrasts
 	...Using rests of length 1 and resting every 4
================== Parameters ======================
     Total stimuli in scan      : 60
     Fixed rest length in ITIs  : 1
     Fixed Rest stimuli in scan : 11
     Num blank intervals        : 9
     Num of task conds          : 2
     Num stimuli each cond      : 20  20
====================================================
	...generating lists of organisms
	...USING TRANS2BLOCK >
     freqConditions = 0.2         0.2         0.2         0.2
     conditions = 1  2  3  4
REST INTERVALS: not used (to use, freqCond should be one longer than conditions
  ...randomizing organism start state
	...restMatrix is 20 X 40
ans =
     4     4     4     4     4     4     4     4     4     4
     4     4     4     4     4     4     4     4     4     4
     4     4     4     4     4     4     4     4     4     4
     4     4     4     4     4     4     4     4     4     4
     4     4     4     4     4     4     4     4     4     4
======== Num stimuli, averaged across lists (before instruction/rest stimuli) ========
		Condition 0: 9 stimuli, 15% of total stimuli
		Condition 1: 20 stimuli, 33.3333% of total stimuli
		Condition 2: 20 stimuli, 33.3333% of total stimuli
		Condition 3: 0 stimuli, 0% of total stimuli
		Condition 4: 0 stimuli, 0% of total stimuli
======================================================================================
best of generation 1 / cbal. = 95.1142 / Wtd. con eff = 2.5066 / Wtd. HRF eff = 0.74078 / Pop var. = 0.86085 / time = 0.76
best of generation 2 / cbal. = 95.1142 / Wtd. con eff = 2.5066 / Wtd. HRF eff = 0.74078 / Pop var. = 0.84538 / time = 0.74
best of generation 3 / cbal. = 94.7163 / Wtd. con eff = 2.7578 / Wtd. HRF eff = 0.70859 / Pop var. = 0.8164 / time = 0.73
best of generation 4 / cbal. = 94.8111 / Wtd. con eff = 2.7848 / Wtd. HRF eff = 0.78646 / Pop var. = 0.79374 / time = 0.75
best of generation 5 / cbal. = 94.8533 / Wtd. con eff = 2.9626 / Wtd. HRF eff = 0.67726 / Pop var. = 0.80269 / time = 0.73
best of generation 6 / cbal. = 94.9777 / Wtd. con eff = 3.2665 / Wtd. HRF eff = 0.90808 / Pop var. = 0.77626 / time = 0.72
best of generation 7 / cbal. = 94.9777 / Wtd. con eff = 3.2665 / Wtd. HRF eff = 0.90808 / Pop var. = 0.74311 / time = 0.74
best of generation 8 / cbal. = 95.142 / Wtd. con eff = 3.0664 / Wtd. HRF eff = 0.7836 / Pop var. = 0.68642 / time = 0.73
best of generation 9 / cbal. = 94.9516 / Wtd. con eff = 3.1318 / Wtd. HRF eff = 0.92659 / Pop var. = 0.7031 / time = 0.75
best of generation 10 / cbal. = 94.6176 / Wtd. con eff = 3.3172 / Wtd. HRF eff = 0.89825 / Pop var. = 0.70516 / time = 0.73
best of generation 11 / cbal. = 95.1226 / Wtd. con eff = 3.2452 / Wtd. HRF eff = 0.85527 / Pop var. = 0.66954 / time = 0.75
best of generation 12 / cbal. = 95.2698 / Wtd. con eff = 3.4822 / Wtd. HRF eff = 0.85795 / Pop var. = 0.65008 / time = 0.73
best of generation 13 / cbal. = 95.2698 / Wtd. con eff = 3.4822 / Wtd. HRF eff = 0.85795 / Pop var. = 0.63705 / time = 0.75
best of generation 14 / cbal. = 95.2698 / Wtd. con eff = 3.4822 / Wtd. HRF eff = 0.85795 / Pop var. = 0.5714 / time = 0.75
best of generation 15 / cbal. = 95.2986 / Wtd. con eff = 3.4638 / Wtd. HRF eff = 0.91734 / Pop var. = 0.54183 / time = 0.74
best of generation 16 / cbal. = 95.2986 / Wtd. con eff = 3.4638 / Wtd. HRF eff = 0.91734 / Pop var. = 0.47594 / time = 0.75
best of generation 17 / cbal. = 95.2986 / Wtd. con eff = 3.4638 / Wtd. HRF eff = 0.91734 / Pop var. = 0.46547 / time = 0.74
best of generation 18 / cbal. = 95.2986 / Wtd. con eff = 3.4638 / Wtd. HRF eff = 0.91734 / Pop var. = 0.38859 / time = 0.75
best of generation 19 / cbal. = 95.2986 / Wtd. con eff = 3.4638 / Wtd. HRF eff = 0.91734 / Pop var. = 0.41322 / time = 0.75
best of generation 20 / cbal. = 95.1224 / Wtd. con eff = 3.5183 / Wtd. HRF eff = 0.98452 / Pop var. = 0.32121 / time = 0.75
best of generation 21 / cbal. = 95.1224 / Wtd. con eff = 3.5183 / Wtd. HRF eff = 0.98452 / Pop var. = 0.40163 / time = 0.74
best of generation 22 / cbal. = 95.1224 / Wtd. con eff = 3.5183 / Wtd. HRF eff = 0.98452 / Pop var. = 0.38062 / time = 0.74
best of generation 23 / cbal. = 95.1224 / Wtd. con eff = 3.5183 / Wtd. HRF eff = 0.98452 / Pop var. = 0.48325 / time = 0.75
best of generation 24 / cbal. = 95.1224 / Wtd. con eff = 3.5183 / Wtd. HRF eff = 0.98452 / Pop var. = 0.45115 / time = 0.74
best of generation 25 / cbal. = 95.1224 / Wtd. con eff = 3.5183 / Wtd. HRF eff = 0.98452 / Pop var. = 0.40624 / time = 0.75
best of generation 26 / cbal. = 95.1224 / Wtd. con eff = 3.5183 / Wtd. HRF eff = 0.98452 / Pop var. = 0.39198 / time = 0.75
best of generation 27 / cbal. = 94.9683 / Wtd. con eff = 3.6012 / Wtd. HRF eff = 0.98801 / Pop var. = 0.45652 / time = 0.76
best of generation 28 / cbal. = 94.9683 / Wtd. con eff = 3.6012 / Wtd. HRF eff = 0.98801 / Pop var. = 0.415 / time = 0.75
best of generation 29 / cbal. = 94.9683 / Wtd. con eff = 3.6012 / Wtd. HRF eff = 0.98801 / Pop var. = 0.44311 / time = 0.75
best of generation 30 / cbal. = 94.9683 / Wtd. con eff = 3.6012 / Wtd. HRF eff = 0.98801 / Pop var. = 0.36381 / time = 0.75
best of generation 31 / cbal. = 94.9683 / Wtd. con eff = 3.6012 / Wtd. HRF eff = 0.98801 / Pop var. = 0.4199 / time = 0.75
best of generation 32 / cbal. = 94.9683 / Wtd. con eff = 3.6012 / Wtd. HRF eff = 0.98801 / Pop var. = 0.3794 / time = 0.75
best of generation 33 / cbal. = 94.9683 / Wtd. con eff = 3.6012 / Wtd. HRF eff = 0.98801 / Pop var. = 0.42762 / time = 0.76
best of generation 34 / cbal. = 94.9683 / Wtd. con eff = 3.6012 / Wtd. HRF eff = 0.98801 / Pop var. = 0.38162 / time = 0.74
best of generation 35 / cbal. = 94.9683 / Wtd. con eff = 3.6012 / Wtd. HRF eff = 0.98801 / Pop var. = 0.44463 / time = 0.75
best of generation 36 / cbal. = 94.9683 / Wtd. con eff = 3.6012 / Wtd. HRF eff = 0.98801 / Pop var. = 0.37537 / time = 0.74
best of generation 37 / cbal. = 94.9683 / Wtd. con eff = 3.6012 / Wtd. HRF eff = 0.98801 / Pop var. = 0.44868 / time = 0.76
best of generation 38 / cbal. = 94.9683 / Wtd. con eff = 3.6012 / Wtd. HRF eff = 0.98801 / Pop var. = 0.41788 / time = 0.75
best of generation 39 / cbal. = 94.9683 / Wtd. con eff = 3.6012 / Wtd. HRF eff = 0.98801 / Pop var. = 0.4285 / time = 0.74
best of generation 40 / cbal. = 94.9683 / Wtd. con eff = 3.6012 / Wtd. HRF eff = 0.98801 / Pop var. = 0.38368 / time = 0.75
best of generation 41 / cbal. = 94.9683 / Wtd. con eff = 3.6012 / Wtd. HRF eff = 0.98801 / Pop var. = 0.49277 / time = 0.74
best of generation 42 / cbal. = 95.0977 / Wtd. con eff = 3.599 / Wtd. HRF eff = 1.0254 / Pop var. = 0.45608 / time = 0.76
best of generation 43 / cbal. = 95.0977 / Wtd. con eff = 3.599 / Wtd. HRF eff = 1.0254 / Pop var. = 0.42383 / time = 0.74
best of generation 44 / cbal. = 95.0977 / Wtd. con eff = 3.599 / Wtd. HRF eff = 1.0254 / Pop var. = 0.43632 / time = 0.75
best of generation 45 / cbal. = 95.0977 / Wtd. con eff = 3.599 / Wtd. HRF eff = 1.0254 / Pop var. = 0.43554 / time = 0.74
best of generation 46 / cbal. = 94.9364 / Wtd. con eff = 3.6376 / Wtd. HRF eff = 0.91479 / Pop var. = 0.41501 / time = 0.76
best of generation 47 / cbal. = 94.9364 / Wtd. con eff = 3.6376 / Wtd. HRF eff = 0.91479 / Pop var. = 0.41994 / time = 0.75
best of generation 48 / cbal. = 94.9364 / Wtd. con eff = 3.6376 / Wtd. HRF eff = 0.91479 / Pop var. = 0.38156 / time = 0.75
best of generation 49 / cbal. = 95.0164 / Wtd. con eff = 3.6166 / Wtd. HRF eff = 1.1078 / Pop var. = 0.44794 / time = 0.75
best of generation 50 / cbal. = 95.0164 / Wtd. con eff = 3.6166 / Wtd. HRF eff = 1.1078 / Pop var. = 0.43729 / time = 0.75
best of generation 51 / cbal. = 95.0164 / Wtd. con eff = 3.6166 / Wtd. HRF eff = 1.1078 / Pop var. = 0.39359 / time = 0.74
best of generation 52 / cbal. = 95.0164 / Wtd. con eff = 3.6166 / Wtd. HRF eff = 1.1078 / Pop var. = 0.44095 / time = 0.73
best of generation 53 / cbal. = 95.0164 / Wtd. con eff = 3.6166 / Wtd. HRF eff = 1.1078 / Pop var. = 0.41102 / time = 0.75
best of generation 54 / cbal. = 95.0164 / Wtd. con eff = 3.6166 / Wtd. HRF eff = 1.1078 / Pop var. = 0.38427 / time = 0.75
best of generation 55 / cbal. = 95.0164 / Wtd. con eff = 3.6166 / Wtd. HRF eff = 1.1078 / Pop var. = 0.48121 / time = 0.75
best of generation 56 / cbal. = 95.0164 / Wtd. con eff = 3.6166 / Wtd. HRF eff = 1.1078 / Pop var. = 0.45909 / time = 0.76
best of generation 57 / cbal. = 95.0164 / Wtd. con eff = 3.6166 / Wtd. HRF eff = 1.1078 / Pop var. = 0.46788 / time = 0.74
best of generation 58 / cbal. = 95.0164 / Wtd. con eff = 3.6166 / Wtd. HRF eff = 1.1078 / Pop var. = 0.40827 / time = 0.76
best of generation 59 / cbal. = 95.0164 / Wtd. con eff = 3.6166 / Wtd. HRF eff = 1.1078 / Pop var. = 0.40822 / time = 0.75
best of generation 60 / cbal. = 95.0164 / Wtd. con eff = 3.6166 / Wtd. HRF eff = 1.1078 / Pop var. = 0.39059 / time = 0.74
best of generation 61 / cbal. = 95.0164 / Wtd. con eff = 3.6166 / Wtd. HRF eff = 1.1078 / Pop var. = 0.44878 / time = 0.74
best of generation 62 / cbal. = 95.0164 / Wtd. con eff = 3.6166 / Wtd. HRF eff = 1.1078 / Pop var. = 0.42006 / time = 0.75
best of generation 63 / cbal. = 95.0164 / Wtd. con eff = 3.6166 / Wtd. HRF eff = 1.1078 / Pop var. = 0.4325 / time = 0.75
best of generation 64 / cbal. = 94.5688 / Wtd. con eff = 3.6804 / Wtd. HRF eff = 1.0628 / Pop var. = 0.38172 / time = 0.75
best of generation 65 / cbal. = 94.5688 / Wtd. con eff = 3.6804 / Wtd. HRF eff = 1.0628 / Pop var. = 0.42249 / time = 0.75
best of generation 66 / cbal. = 94.5688 / Wtd. con eff = 3.6804 / Wtd. HRF eff = 1.0628 / Pop var. = 0.3985 / time = 0.74
best of generation 67 / cbal. = 94.5688 / Wtd. con eff = 3.6804 / Wtd. HRF eff = 1.0628 / Pop var. = 0.50658 / time = 0.76
best of generation 68 / cbal. = 94.5688 / Wtd. con eff = 3.6804 / Wtd. HRF eff = 1.0628 / Pop var. = 0.48289 / time = 0.75
best of generation 69 / cbal. = 94.6433 / Wtd. con eff = 3.69 / Wtd. HRF eff = 1.1619 / Pop var. = 0.42609 / time = 0.75
best of generation 70 / cbal. = 94.6433 / Wtd. con eff = 3.69 / Wtd. HRF eff = 1.1619 / Pop var. = 0.42229 / time = 0.75
best of generation 71 / cbal. = 94.6433 / Wtd. con eff = 3.69 / Wtd. HRF eff = 1.1619 / Pop var. = 0.34477 / time = 0.76
best of generation 72 / cbal. = 94.6433 / Wtd. con eff = 3.69 / Wtd. HRF eff = 1.1619 / Pop var. = 0.43602 / time = 0.74
best of generation 73 / cbal. = 94.6433 / Wtd. con eff = 3.69 / Wtd. HRF eff = 1.1619 / Pop var. = 0.39896 / time = 0.75
best of generation 74 / cbal. = 94.6433 / Wtd. con eff = 3.69 / Wtd. HRF eff = 1.1619 / Pop var. = 0.45822 / time = 0.76
best of generation 75 / cbal. = 94.6433 / Wtd. con eff = 3.69 / Wtd. HRF eff = 1.1619 / Pop var. = 0.38009 / time = 0.75
best of generation 76 / cbal. = 94.6433 / Wtd. con eff = 3.69 / Wtd. HRF eff = 1.1619 / Pop var. = 0.46614 / time = 0.74
best of generation 77 / cbal. = 94.4662 / Wtd. con eff = 3.7075 / Wtd. HRF eff = 1.2028 / Pop var. = 0.37747 / time = 0.76
best of generation 78 / cbal. = 94.4662 / Wtd. con eff = 3.7075 / Wtd. HRF eff = 1.2028 / Pop var. = 0.47459 / time = 0.74
best of generation 79 / cbal. = 94.4662 / Wtd. con eff = 3.7075 / Wtd. HRF eff = 1.2028 / Pop var. = 0.47255 / time = 0.75
best of generation 80 / cbal. = 94.4662 / Wtd. con eff = 3.7075 / Wtd. HRF eff = 1.2028 / Pop var. = 0.41133 / time = 0.75
best of generation 81 / cbal. = 94.4662 / Wtd. con eff = 3.7113 / Wtd. HRF eff = 1.2431 / Pop var. = 0.39316 / time = 0.75
best of generation 82 / cbal. = 94.4662 / Wtd. con eff = 3.7113 / Wtd. HRF eff = 1.2431 / Pop var. = 0.46925 / time = 0.78
best of generation 83 / cbal. = 94.4662 / Wtd. con eff = 3.7113 / Wtd. HRF eff = 1.2431 / Pop var. = 0.3879 / time = 0.76
best of generation 84 / cbal. = 94.4662 / Wtd. con eff = 3.7113 / Wtd. HRF eff = 1.2431 / Pop var. = 0.47119 / time = 0.76
best of generation 85 / cbal. = 94.4662 / Wtd. con eff = 3.7113 / Wtd. HRF eff = 1.2431 / Pop var. = 0.4319 / time = 0.75
best of generation 86 / cbal. = 94.4662 / Wtd. con eff = 3.7113 / Wtd. HRF eff = 1.2431 / Pop var. = 0.39863 / time = 0.77
best of generation 87 / cbal. = 94.4662 / Wtd. con eff = 3.7113 / Wtd. HRF eff = 1.2431 / Pop var. = 0.4543 / time = 0.74
best of generation 88 / cbal. = 94.4662 / Wtd. con eff = 3.7113 / Wtd. HRF eff = 1.2431 / Pop var. = 0.40071 / time = 0.74
best of generation 89 / cbal. = 94.3228 / Wtd. con eff = 3.7125 / Wtd. HRF eff = 1.4934 / Pop var. = 0.32902 / time = 0.74
best of generation 90 / cbal. = 94.3228 / Wtd. con eff = 3.7125 / Wtd. HRF eff = 1.4934 / Pop var. = 0.40685 / time = 0.76
best of generation 91 / cbal. = 94.3228 / Wtd. con eff = 3.7125 / Wtd. HRF eff = 1.4934 / Pop var. = 0.38044 / time = 0.75
best of generation 92 / cbal. = 94.3228 / Wtd. con eff = 3.7125 / Wtd. HRF eff = 1.4934 / Pop var. = 0.42571 / time = 0.76
best of generation 93 / cbal. = 94.3228 / Wtd. con eff = 3.7125 / Wtd. HRF eff = 1.4934 / Pop var. = 0.38701 / time = 0.75
best of generation 94 / cbal. = 94.3228 / Wtd. con eff = 3.7125 / Wtd. HRF eff = 1.4934 / Pop var. = 0.48867 / time = 0.74
best of generation 95 / cbal. = 94.3228 / Wtd. con eff = 3.7125 / Wtd. HRF eff = 1.4934 / Pop var. = 0.41287 / time = 0.75
best of generation 96 / cbal. = 94.3228 / Wtd. con eff = 3.7125 / Wtd. HRF eff = 1.4934 / Pop var. = 0.34863 / time = 0.76
best of generation 97 / cbal. = 94.3228 / Wtd. con eff = 3.7125 / Wtd. HRF eff = 1.4934 / Pop var. = 0.41743 / time = 0.76
best of generation 98 / cbal. = 94.3228 / Wtd. con eff = 3.7125 / Wtd. HRF eff = 1.4934 / Pop var. = 0.37483 / time = 0.74
best of generation 99 / cbal. = 94.3228 / Wtd. con eff = 3.7125 / Wtd. HRF eff = 1.4934 / Pop var. = 0.42524 / time = 0.75
best of generation 100 / cbal. = 94.3228 / Wtd. con eff = 3.7125 / Wtd. HRF eff = 1.4934 / Pop var. = 0.38015 / time = 0.74
best of generation 101 / cbal. = 94.3228 / Wtd. con eff = 3.7125 / Wtd. HRF eff = 1.4934 / Pop var. = 0.461 / time = 0.75
best of generation 102 / cbal. = 94.3228 / Wtd. con eff = 3.7125 / Wtd. HRF eff = 1.4934 / Pop var. = 0.40691 / time = 0.77
best of generation 103 / cbal. = 94.3228 / Wtd. con eff = 3.7125 / Wtd. HRF eff = 1.4934 / Pop var. = 0.31496 / time = 0.74
best of generation 104 / cbal. = 94.3228 / Wtd. con eff = 3.7125 / Wtd. HRF eff = 1.4934 / Pop var. = 0.38246 / time = 0.75
best of generation 105 / cbal. = 94.3228 / Wtd. con eff = 3.7125 / Wtd. HRF eff = 1.4934 / Pop var. = 0.4229 / time = 0.74
best of generation 106 / cbal. = 94.3228 / Wtd. con eff = 3.7125 / Wtd. HRF eff = 1.4934 / Pop var. = 0.35994 / time = 0.75
best of generation 107 / cbal. = 94.3228 / Wtd. con eff = 3.7125 / Wtd. HRF eff = 1.4934 / Pop var. = 0.37683 / time = 0.76
best of generation 108 / cbal. = 94.3228 / Wtd. con eff = 3.7125 / Wtd. HRF eff = 1.4934 / Pop var. = 0.44191 / time = 0.75
best of generation 109 / cbal. = 94.3228 / Wtd. con eff = 3.7125 / Wtd. HRF eff = 1.4934 / Pop var. = 0.41252 / time = 0.76
best of generation 110 / cbal. = 94.3228 / Wtd. con eff = 3.7125 / Wtd. HRF eff = 1.4934 / Pop var. = 0.35702 / time = 0.75
best of generation 111 / cbal. = 94.3228 / Wtd. con eff = 3.7125 / Wtd. HRF eff = 1.4934 / Pop var. = 0.44033 / time = 0.74
best of generation 112 / cbal. = 94.3228 / Wtd. con eff = 3.7125 / Wtd. HRF eff = 1.4934 / Pop var. = 0.37743 / time = 0.76
best of generation 113 / cbal. = 94.3228 / Wtd. con eff = 3.7125 / Wtd. HRF eff = 1.4934 / Pop var. = 0.41237 / time = 0.76
best of generation 114 / cbal. = 94.3228 / Wtd. con eff = 3.7125 / Wtd. HRF eff = 1.4934 / Pop var. = 0.35792 / time = 0.74
best of generation 115 / cbal. = 94.3228 / Wtd. con eff = 3.7125 / Wtd. HRF eff = 1.4934 / Pop var. = 0.43578 / time = 0.74
best of generation 116 / cbal. = 94.3228 / Wtd. con eff = 3.7125 / Wtd. HRF eff = 1.4934 / Pop var. = 0.39846 / time = 0.75
best of generation 117 / cbal. = 94.3228 / Wtd. con eff = 3.7125 / Wtd. HRF eff = 1.4934 / Pop var. = 0.46139 / time = 0.75
best of generation 118 / cbal. = 94.3228 / Wtd. con eff = 3.7125 / Wtd. HRF eff = 1.4934 / Pop var. = 0.38972 / time = 0.76
best of generation 119 / cbal. = 94.3228 / Wtd. con eff = 3.7125 / Wtd. HRF eff = 1.4934 / Pop var. = 0.42781 / time = 0.75
best of generation 120 / cbal. = 94.3228 / Wtd. con eff = 3.7125 / Wtd. HRF eff = 1.4934 / Pop var. = 0.35207 / time = 0.74
best of generation 121 / cbal. = 94.3228 / Wtd. con eff = 3.7125 / Wtd. HRF eff = 1.4934 / Pop var. = 0.47621 / time = 0.73
best of generation 122 / cbal. = 94.3228 / Wtd. con eff = 3.7125 / Wtd. HRF eff = 1.4934 / Pop var. = 0.43878 / time = 0.74
best of generation 123 / cbal. = 94.6734 / Wtd. con eff = 3.6603 / Wtd. HRF eff = 1.7814 / Pop var. = 0.36906 / time = 0.74
best of generation 124 / cbal. = 94.6734 / Wtd. con eff = 3.6603 / Wtd. HRF eff = 1.7814 / Pop var. = 0.42702 / time = 0.75
best of generation 125 / cbal. = 94.6734 / Wtd. con eff = 3.6603 / Wtd. HRF eff = 1.7814 / Pop var. = 0.39006 / time = 0.73
best of generation 126 / cbal. = 94.6734 / Wtd. con eff = 3.6603 / Wtd. HRF eff = 1.7814 / Pop var. = 0.47429 / time = 0.75
best of generation 127 / cbal. = 94.6734 / Wtd. con eff = 3.6603 / Wtd. HRF eff = 1.7814 / Pop var. = 0.41429 / time = 0.74
best of generation 128 / cbal. = 94.6734 / Wtd. con eff = 3.6603 / Wtd. HRF eff = 1.7814 / Pop var. = 0.37907 / time = 0.75
best of generation 129 / cbal. = 94.6734 / Wtd. con eff = 3.6603 / Wtd. HRF eff = 1.7814 / Pop var. = 0.45204 / time = 0.74
best of generation 130 / cbal. = 94.6734 / Wtd. con eff = 3.6603 / Wtd. HRF eff = 1.7814 / Pop var. = 0.35965 / time = 0.74
best of generation 131 / cbal. = 94.6734 / Wtd. con eff = 3.6603 / Wtd. HRF eff = 1.7814 / Pop var. = 0.40052 / time = 0.74
best of generation 132 / cbal. = 94.6734 / Wtd. con eff = 3.6603 / Wtd. HRF eff = 1.7814 / Pop var. = 0.34785 / time = 0.75
best of generation 133 / cbal. = 94.6734 / Wtd. con eff = 3.6603 / Wtd. HRF eff = 1.7814 / Pop var. = 0.41972 / time = 0.74
best of generation 134 / cbal. = 94.6734 / Wtd. con eff = 3.6603 / Wtd. HRF eff = 1.7814 / Pop var. = 0.39884 / time = 0.74
best of generation 135 / cbal. = 94.6734 / Wtd. con eff = 3.6603 / Wtd. HRF eff = 1.7814 / Pop var. = 0.45446 / time = 0.75
best of generation 136 / cbal. = 94.6734 / Wtd. con eff = 3.6603 / Wtd. HRF eff = 1.7814 / Pop var. = 0.4094 / time = 0.75
best of generation 137 / cbal. = 94.6734 / Wtd. con eff = 3.6603 / Wtd. HRF eff = 1.7814 / Pop var. = 0.33527 / time = 0.75
best of generation 138 / cbal. = 94.6734 / Wtd. con eff = 3.6603 / Wtd. HRF eff = 1.7814 / Pop var. = 0.41099 / time = 0.74
best of generation 139 / cbal. = 94.6734 / Wtd. con eff = 3.6603 / Wtd. HRF eff = 1.7814 / Pop var. = 0.32064 / time = 0.76
best of generation 140 / cbal. = 94.6734 / Wtd. con eff = 3.6603 / Wtd. HRF eff = 1.7814 / Pop var. = 0.3953 / time = 0.76
best of generation 141 / cbal. = 94.6734 / Wtd. con eff = 3.6603 / Wtd. HRF eff = 1.7814 / Pop var. = 0.48388 / time = 0.74
best of generation 142 / cbal. = 94.6734 / Wtd. con eff = 3.6603 / Wtd. HRF eff = 1.7814 / Pop var. = 0.4391 / time = 0.76
best of generation 143 / cbal. = 94.7341 / Wtd. con eff = 3.6398 / Wtd. HRF eff = 2.0441 / Pop var. = 0.36841 / time = 0.74
best of generation 144 / cbal. = 94.7341 / Wtd. con eff = 3.6398 / Wtd. HRF eff = 2.0441 / Pop var. = 0.43624 / time = 0.76
best of generation 145 / cbal. = 94.6734 / Wtd. con eff = 3.6603 / Wtd. HRF eff = 1.7814 / Pop var. = 0.37414 / time = 0.75
best of generation 146 / cbal. = 94.6734 / Wtd. con eff = 3.6603 / Wtd. HRF eff = 1.7814 / Pop var. = 0.4869 / time = 0.75
best of generation 147 / cbal. = 94.6734 / Wtd. con eff = 3.6603 / Wtd. HRF eff = 1.7814 / Pop var. = 0.46365 / time = 0.76
best of generation 148 / cbal. = 94.7341 / Wtd. con eff = 3.6398 / Wtd. HRF eff = 2.0441 / Pop var. = 0.42432 / time = 0.75
best of generation 149 / cbal. = 94.6734 / Wtd. con eff = 3.6603 / Wtd. HRF eff = 1.7814 / Pop var. = 0.34878 / time = 0.76
best of generation 150 / cbal. = 94.6734 / Wtd. con eff = 3.6603 / Wtd. HRF eff = 1.7814 / Pop var. = 0.3845 / time = 0.74
best of generation 151 / cbal. = 94.7341 / Wtd. con eff = 3.6398 / Wtd. HRF eff = 2.0441 / Pop var. = 0.42038 / time = 0.75
best of generation 152 / cbal. = 94.7341 / Wtd. con eff = 3.6398 / Wtd. HRF eff = 2.0441 / Pop var. = 0.37843 / time = 0.75
best of generation 153 / cbal. = 94.7341 / Wtd. con eff = 3.6398 / Wtd. HRF eff = 2.0441 / Pop var. = 0.43143 / time = 0.74
best of generation 154 / cbal. = 94.7341 / Wtd. con eff = 3.6398 / Wtd. HRF eff = 2.0441 / Pop var. = 0.3776 / time = 0.75
best of generation 155 / cbal. = 94.7341 / Wtd. con eff = 3.6398 / Wtd. HRF eff = 2.0441 / Pop var. = 0.48957 / time = 0.75
best of generation 156 / cbal. = 94.7341 / Wtd. con eff = 3.6398 / Wtd. HRF eff = 2.0441 / Pop var. = 0.45541 / time = 0.76
best of generation 157 / cbal. = 94.7341 / Wtd. con eff = 3.6398 / Wtd. HRF eff = 2.0441 / Pop var. = 0.40321 / time = 0.75
best of generation 158 / cbal. = 94.7341 / Wtd. con eff = 3.6398 / Wtd. HRF eff = 2.0441 / Pop var. = 0.36621 / time = 0.75
saving workspace as GAresults.mat
M = 
     origlist: [49x1 double]
     restlist: [20x1 double]
     stimlist: [60x1 double]
           ga: [1x1 struct]
    bestLists: [60x158 uint8]
         date: '11-9-2014'
optimizeGA done: 120.42 s
