Starting Model 22
OptimizeGA
===============================
Saturation threshold = 
Setting up variables
You entered 2 conditions  (event types) that will each be modeled with a regessor. 
 Note that if you enter 0 as a condition number, those events will not be modeled
 (they are assumed to be rest/inter-stimulus interval periods)

Contrasts entered. You entered matrix of 3 contrasts, with weights across 4 conditions.
 Contrasts:
     1     1    -1    -1
     1     0    -1     0
     0     1     0    -1
 ...adding one column to contrast matrix with weights of 0, to model the intercept
You entered a contrast weight vector across 3 contrasts
 	...Using rests of length 1 and resting every 4
================== Parameters ======================
     Total stimuli in scan      : 60
     Fixed rest length in ITIs  : 1
     Fixed Rest stimuli in scan : 11
     Num blank intervals        : 9
     Num of task conds          : 2
     Num stimuli each cond      : 20  20
====================================================
	...generating lists of organisms
	...USING TRANS2BLOCK >
     freqConditions = 0.2         0.2         0.2         0.2
     conditions = 1  2  3  4
REST INTERVALS: not used (to use, freqCond should be one longer than conditions
  ...randomizing organism start state
	...restMatrix is 20 X 40
ans =
     4     4     4     4     4     4     4     4     4     4
     4     4     4     4     4     4     4     4     4     4
     4     4     4     4     4     4     4     4     4     4
     4     4     4     4     4     4     4     4     4     4
     4     4     4     4     4     4     4     4     4     4
======== Num stimuli, averaged across lists (before instruction/rest stimuli) ========
		Condition 0: 9 stimuli, 15% of total stimuli
		Condition 1: 20 stimuli, 33.3333% of total stimuli
		Condition 2: 20 stimuli, 33.3333% of total stimuli
		Condition 3: 0 stimuli, 0% of total stimuli
		Condition 4: 0 stimuli, 0% of total stimuli
======================================================================================
best of generation 1 / cbal. = 94.8704 / Wtd. con eff = 2.6491 / Wtd. HRF eff = 0.61128 / Pop var. = 0.85939 / time = 0.8
best of generation 2 / cbal. = 94.8704 / Wtd. con eff = 2.6491 / Wtd. HRF eff = 0.61128 / Pop var. = 0.85156 / time = 0.71
best of generation 3 / cbal. = 94.2713 / Wtd. con eff = 2.8298 / Wtd. HRF eff = 0.74372 / Pop var. = 0.8219 / time = 0.73
best of generation 4 / cbal. = 93.4951 / Wtd. con eff = 2.9463 / Wtd. HRF eff = 0.86871 / Pop var. = 0.79608 / time = 0.71
best of generation 5 / cbal. = 94.8572 / Wtd. con eff = 2.9403 / Wtd. HRF eff = 0.7179 / Pop var. = 0.78006 / time = 0.72
best of generation 6 / cbal. = 94.4462 / Wtd. con eff = 3.062 / Wtd. HRF eff = 0.79788 / Pop var. = 0.77075 / time = 0.71
best of generation 7 / cbal. = 95.0895 / Wtd. con eff = 3.309 / Wtd. HRF eff = 0.9469 / Pop var. = 0.72941 / time = 0.73
best of generation 8 / cbal. = 94.8577 / Wtd. con eff = 3.4003 / Wtd. HRF eff = 0.99809 / Pop var. = 0.68928 / time = 0.71
best of generation 9 / cbal. = 94.8577 / Wtd. con eff = 3.4003 / Wtd. HRF eff = 0.99809 / Pop var. = 0.65816 / time = 0.73
best of generation 10 / cbal. = 94.8577 / Wtd. con eff = 3.4003 / Wtd. HRF eff = 0.99809 / Pop var. = 0.68391 / time = 0.73
best of generation 11 / cbal. = 95.2253 / Wtd. con eff = 3.2589 / Wtd. HRF eff = 0.79833 / Pop var. = 0.55507 / time = 0.73
best of generation 12 / cbal. = 94.6583 / Wtd. con eff = 3.4635 / Wtd. HRF eff = 0.99548 / Pop var. = 0.46945 / time = 0.76
best of generation 13 / cbal. = 94.6583 / Wtd. con eff = 3.4635 / Wtd. HRF eff = 0.99548 / Pop var. = 0.41152 / time = 0.73
best of generation 14 / cbal. = 95.2307 / Wtd. con eff = 3.2909 / Wtd. HRF eff = 1.1285 / Pop var. = 0.3513 / time = 0.74
best of generation 15 / cbal. = 95.4551 / Wtd. con eff = 3.424 / Wtd. HRF eff = 1.1037 / Pop var. = 0.47471 / time = 0.75
best of generation 16 / cbal. = 95.4551 / Wtd. con eff = 3.424 / Wtd. HRF eff = 1.1037 / Pop var. = 0.49061 / time = 0.74
best of generation 17 / cbal. = 95.4551 / Wtd. con eff = 3.424 / Wtd. HRF eff = 1.1037 / Pop var. = 0.49614 / time = 0.73
best of generation 18 / cbal. = 95.4551 / Wtd. con eff = 3.424 / Wtd. HRF eff = 1.1037 / Pop var. = 0.46196 / time = 0.76
best of generation 19 / cbal. = 95.1887 / Wtd. con eff = 3.5111 / Wtd. HRF eff = 1.2038 / Pop var. = 0.37772 / time = 0.74
best of generation 20 / cbal. = 95.1887 / Wtd. con eff = 3.5111 / Wtd. HRF eff = 1.2038 / Pop var. = 0.43695 / time = 0.73
best of generation 21 / cbal. = 95.0732 / Wtd. con eff = 3.4525 / Wtd. HRF eff = 0.9881 / Pop var. = 0.3955 / time = 0.73
best of generation 22 / cbal. = 95.0732 / Wtd. con eff = 3.4525 / Wtd. HRF eff = 0.9881 / Pop var. = 0.48969 / time = 0.73
best of generation 23 / cbal. = 95.2815 / Wtd. con eff = 3.4369 / Wtd. HRF eff = 1.2872 / Pop var. = 0.42256 / time = 0.75
best of generation 24 / cbal. = 95.0488 / Wtd. con eff = 3.4839 / Wtd. HRF eff = 1.4682 / Pop var. = 0.40913 / time = 0.74
best of generation 25 / cbal. = 95.065 / Wtd. con eff = 3.5313 / Wtd. HRF eff = 1.4802 / Pop var. = 0.44498 / time = 0.73
best of generation 26 / cbal. = 95.065 / Wtd. con eff = 3.5313 / Wtd. HRF eff = 1.4802 / Pop var. = 0.41834 / time = 0.73
best of generation 27 / cbal. = 95.065 / Wtd. con eff = 3.5313 / Wtd. HRF eff = 1.4802 / Pop var. = 0.39548 / time = 0.73
best of generation 28 / cbal. = 95.065 / Wtd. con eff = 3.5313 / Wtd. HRF eff = 1.4802 / Pop var. = 0.4946 / time = 0.74
best of generation 29 / cbal. = 95.065 / Wtd. con eff = 3.5313 / Wtd. HRF eff = 1.4802 / Pop var. = 0.46555 / time = 0.73
best of generation 30 / cbal. = 95.065 / Wtd. con eff = 3.5313 / Wtd. HRF eff = 1.4802 / Pop var. = 0.45335 / time = 0.74
best of generation 31 / cbal. = 95.065 / Wtd. con eff = 3.5313 / Wtd. HRF eff = 1.4802 / Pop var. = 0.38066 / time = 0.73
best of generation 32 / cbal. = 95.065 / Wtd. con eff = 3.5313 / Wtd. HRF eff = 1.4802 / Pop var. = 0.44461 / time = 0.73
best of generation 33 / cbal. = 94.6885 / Wtd. con eff = 3.5928 / Wtd. HRF eff = 1.5359 / Pop var. = 0.41925 / time = 0.73
best of generation 34 / cbal. = 94.6885 / Wtd. con eff = 3.5928 / Wtd. HRF eff = 1.5359 / Pop var. = 0.40288 / time = 0.76
best of generation 35 / cbal. = 94.5836 / Wtd. con eff = 3.6235 / Wtd. HRF eff = 1.3574 / Pop var. = 0.37963 / time = 0.75
best of generation 36 / cbal. = 94.9364 / Wtd. con eff = 3.5608 / Wtd. HRF eff = 1.5292 / Pop var. = 0.47774 / time = 0.73
best of generation 37 / cbal. = 94.6734 / Wtd. con eff = 3.55 / Wtd. HRF eff = 3.2698 / Pop var. = 0.42784 / time = 0.74
best of generation 38 / cbal. = 95.1142 / Wtd. con eff = 3.5596 / Wtd. HRF eff = 1.2912 / Pop var. = 0.41098 / time = 0.74
best of generation 39 / cbal. = 95.1142 / Wtd. con eff = 3.5596 / Wtd. HRF eff = 1.2912 / Pop var. = 0.35192 / time = 0.73
best of generation 40 / cbal. = 95.1142 / Wtd. con eff = 3.5596 / Wtd. HRF eff = 1.2912 / Pop var. = 0.47791 / time = 0.75
best of generation 41 / cbal. = 94.7037 / Wtd. con eff = 3.6004 / Wtd. HRF eff = 3.0011 / Pop var. = 0.4381 / time = 0.74
best of generation 42 / cbal. = 94.7037 / Wtd. con eff = 3.6004 / Wtd. HRF eff = 3.0011 / Pop var. = 0.44493 / time = 0.73
best of generation 43 / cbal. = 94.7037 / Wtd. con eff = 3.6004 / Wtd. HRF eff = 3.0011 / Pop var. = 0.36726 / time = 0.73
best of generation 44 / cbal. = 94.7037 / Wtd. con eff = 3.6004 / Wtd. HRF eff = 3.0011 / Pop var. = 0.39155 / time = 0.73
best of generation 45 / cbal. = 94.7037 / Wtd. con eff = 3.6004 / Wtd. HRF eff = 3.0011 / Pop var. = 0.47323 / time = 0.75
best of generation 46 / cbal. = 94.7037 / Wtd. con eff = 3.6004 / Wtd. HRF eff = 3.0011 / Pop var. = 0.42352 / time = 0.74
best of generation 47 / cbal. = 94.7037 / Wtd. con eff = 3.6004 / Wtd. HRF eff = 3.0011 / Pop var. = 0.37201 / time = 0.74
best of generation 48 / cbal. = 94.7037 / Wtd. con eff = 3.6004 / Wtd. HRF eff = 3.0011 / Pop var. = 0.41862 / time = 0.75
best of generation 49 / cbal. = 94.7037 / Wtd. con eff = 3.6004 / Wtd. HRF eff = 3.0011 / Pop var. = 0.3927 / time = 0.74
best of generation 50 / cbal. = 94.7037 / Wtd. con eff = 3.6004 / Wtd. HRF eff = 3.0011 / Pop var. = 0.42613 / time = 0.73
best of generation 51 / cbal. = 94.7037 / Wtd. con eff = 3.6004 / Wtd. HRF eff = 3.0011 / Pop var. = 0.38741 / time = 0.74
best of generation 52 / cbal. = 94.7037 / Wtd. con eff = 3.6004 / Wtd. HRF eff = 3.0011 / Pop var. = 0.48625 / time = 0.74
best of generation 53 / cbal. = 94.7037 / Wtd. con eff = 3.6004 / Wtd. HRF eff = 3.0011 / Pop var. = 0.40774 / time = 0.74
best of generation 54 / cbal. = 94.7037 / Wtd. con eff = 3.6004 / Wtd. HRF eff = 3.0011 / Pop var. = 0.34974 / time = 0.74
best of generation 55 / cbal. = 94.7037 / Wtd. con eff = 3.6004 / Wtd. HRF eff = 3.0011 / Pop var. = 0.3964 / time = 0.74
best of generation 56 / cbal. = 94.7037 / Wtd. con eff = 3.6004 / Wtd. HRF eff = 3.0011 / Pop var. = 0.46376 / time = 0.76
best of generation 57 / cbal. = 94.7037 / Wtd. con eff = 3.6004 / Wtd. HRF eff = 3.0011 / Pop var. = 0.42853 / time = 0.74
best of generation 58 / cbal. = 94.7037 / Wtd. con eff = 3.6004 / Wtd. HRF eff = 3.0011 / Pop var. = 0.38789 / time = 0.74
best of generation 59 / cbal. = 94.7037 / Wtd. con eff = 3.6004 / Wtd. HRF eff = 3.0011 / Pop var. = 0.41806 / time = 0.74
best of generation 60 / cbal. = 94.7037 / Wtd. con eff = 3.6004 / Wtd. HRF eff = 3.0011 / Pop var. = 0.37363 / time = 0.74
best of generation 61 / cbal. = 94.7037 / Wtd. con eff = 3.6004 / Wtd. HRF eff = 3.0011 / Pop var. = 0.43263 / time = 0.72
best of generation 62 / cbal. = 94.7037 / Wtd. con eff = 3.6004 / Wtd. HRF eff = 3.0011 / Pop var. = 0.37169 / time = 0.75
best of generation 63 / cbal. = 94.7037 / Wtd. con eff = 3.6004 / Wtd. HRF eff = 3.0011 / Pop var. = 0.43748 / time = 0.74
best of generation 64 / cbal. = 94.7037 / Wtd. con eff = 3.6004 / Wtd. HRF eff = 3.0011 / Pop var. = 0.3691 / time = 0.74
best of generation 65 / cbal. = 94.7037 / Wtd. con eff = 3.6004 / Wtd. HRF eff = 3.0011 / Pop var. = 0.39677 / time = 0.76
best of generation 66 / cbal. = 94.7037 / Wtd. con eff = 3.6004 / Wtd. HRF eff = 3.0011 / Pop var. = 0.40613 / time = 0.73
best of generation 67 / cbal. = 94.6134 / Wtd. con eff = 3.6327 / Wtd. HRF eff = 3.0122 / Pop var. = 0.34172 / time = 0.74
best of generation 68 / cbal. = 94.6134 / Wtd. con eff = 3.6327 / Wtd. HRF eff = 3.0122 / Pop var. = 0.43528 / time = 0.74
best of generation 69 / cbal. = 94.6134 / Wtd. con eff = 3.6327 / Wtd. HRF eff = 3.0122 / Pop var. = 0.43111 / time = 0.74
best of generation 70 / cbal. = 94.6134 / Wtd. con eff = 3.6327 / Wtd. HRF eff = 3.0122 / Pop var. = 0.39428 / time = 0.75
best of generation 71 / cbal. = 94.6134 / Wtd. con eff = 3.6327 / Wtd. HRF eff = 3.0122 / Pop var. = 0.44215 / time = 0.73
best of generation 72 / cbal. = 94.6134 / Wtd. con eff = 3.6327 / Wtd. HRF eff = 3.0122 / Pop var. = 0.38484 / time = 0.74
best of generation 73 / cbal. = 94.6134 / Wtd. con eff = 3.6327 / Wtd. HRF eff = 3.0122 / Pop var. = 0.44775 / time = 0.74
best of generation 74 / cbal. = 94.6134 / Wtd. con eff = 3.6327 / Wtd. HRF eff = 3.0122 / Pop var. = 0.3939 / time = 0.75
best of generation 75 / cbal. = 94.6134 / Wtd. con eff = 3.6327 / Wtd. HRF eff = 3.0122 / Pop var. = 0.47876 / time = 0.74
best of generation 76 / cbal. = 94.1554 / Wtd. con eff = 3.6942 / Wtd. HRF eff = 3.1696 / Pop var. = 0.44723 / time = 0.73
best of generation 77 / cbal. = 94.1554 / Wtd. con eff = 3.6942 / Wtd. HRF eff = 3.1696 / Pop var. = 0.44075 / time = 0.74
best of generation 78 / cbal. = 94.1554 / Wtd. con eff = 3.6942 / Wtd. HRF eff = 3.1696 / Pop var. = 0.41657 / time = 0.75
best of generation 79 / cbal. = 94.1554 / Wtd. con eff = 3.6942 / Wtd. HRF eff = 3.1696 / Pop var. = 0.40926 / time = 0.74
best of generation 80 / cbal. = 94.1554 / Wtd. con eff = 3.6942 / Wtd. HRF eff = 3.1696 / Pop var. = 0.39946 / time = 0.74
best of generation 81 / cbal. = 94.1554 / Wtd. con eff = 3.6942 / Wtd. HRF eff = 3.1696 / Pop var. = 0.48592 / time = 0.73
best of generation 82 / cbal. = 94.1554 / Wtd. con eff = 3.6942 / Wtd. HRF eff = 3.1696 / Pop var. = 0.47722 / time = 0.74
best of generation 83 / cbal. = 94.1554 / Wtd. con eff = 3.6942 / Wtd. HRF eff = 3.1696 / Pop var. = 0.45652 / time = 0.76
best of generation 84 / cbal. = 94.1554 / Wtd. con eff = 3.6942 / Wtd. HRF eff = 3.1696 / Pop var. = 0.41307 / time = 0.74
best of generation 85 / cbal. = 94.1554 / Wtd. con eff = 3.6942 / Wtd. HRF eff = 3.1696 / Pop var. = 0.32212 / time = 0.75
best of generation 86 / cbal. = 94.1554 / Wtd. con eff = 3.6942 / Wtd. HRF eff = 3.1696 / Pop var. = 0.39827 / time = 0.74
best of generation 87 / cbal. = 94.1554 / Wtd. con eff = 3.6942 / Wtd. HRF eff = 3.1696 / Pop var. = 0.46599 / time = 0.73
best of generation 88 / cbal. = 94.1554 / Wtd. con eff = 3.6942 / Wtd. HRF eff = 3.1696 / Pop var. = 0.41953 / time = 0.73
best of generation 89 / cbal. = 94.1554 / Wtd. con eff = 3.6942 / Wtd. HRF eff = 3.1696 / Pop var. = 0.36291 / time = 0.75
best of generation 90 / cbal. = 94.1554 / Wtd. con eff = 3.6942 / Wtd. HRF eff = 3.1696 / Pop var. = 0.37789 / time = 0.74
best of generation 91 / cbal. = 94.1554 / Wtd. con eff = 3.6942 / Wtd. HRF eff = 3.1696 / Pop var. = 0.42562 / time = 0.73
best of generation 92 / cbal. = 94.1554 / Wtd. con eff = 3.6942 / Wtd. HRF eff = 3.1696 / Pop var. = 0.38918 / time = 0.74
best of generation 93 / cbal. = 94.1554 / Wtd. con eff = 3.6942 / Wtd. HRF eff = 3.1696 / Pop var. = 0.4689 / time = 0.74
best of generation 94 / cbal. = 94.1554 / Wtd. con eff = 3.6942 / Wtd. HRF eff = 3.1696 / Pop var. = 0.42032 / time = 0.74
best of generation 95 / cbal. = 94.1554 / Wtd. con eff = 3.6942 / Wtd. HRF eff = 3.1696 / Pop var. = 0.33936 / time = 0.76
best of generation 96 / cbal. = 94.1554 / Wtd. con eff = 3.6942 / Wtd. HRF eff = 3.1696 / Pop var. = 0.37797 / time = 0.74
best of generation 97 / cbal. = 94.1554 / Wtd. con eff = 3.6942 / Wtd. HRF eff = 3.1696 / Pop var. = 0.46973 / time = 0.74
best of generation 98 / cbal. = 94.1554 / Wtd. con eff = 3.6942 / Wtd. HRF eff = 3.1696 / Pop var. = 0.37305 / time = 0.73
best of generation 99 / cbal. = 94.1554 / Wtd. con eff = 3.6942 / Wtd. HRF eff = 3.1696 / Pop var. = 0.47098 / time = 0.73
best of generation 100 / cbal. = 94.1554 / Wtd. con eff = 3.6942 / Wtd. HRF eff = 3.1696 / Pop var. = 0.422 / time = 0.74
best of generation 101 / cbal. = 94.1554 / Wtd. con eff = 3.6942 / Wtd. HRF eff = 3.1696 / Pop var. = 0.33918 / time = 0.74
best of generation 102 / cbal. = 94.4372 / Wtd. con eff = 3.6462 / Wtd. HRF eff = 3.2864 / Pop var. = 0.40597 / time = 0.73
best of generation 103 / cbal. = 94.1554 / Wtd. con eff = 3.6942 / Wtd. HRF eff = 3.1696 / Pop var. = 0.41461 / time = 0.74
best of generation 104 / cbal. = 94.1554 / Wtd. con eff = 3.6942 / Wtd. HRF eff = 3.1696 / Pop var. = 0.39313 / time = 0.73
best of generation 105 / cbal. = 94.1554 / Wtd. con eff = 3.6942 / Wtd. HRF eff = 3.1696 / Pop var. = 0.45697 / time = 0.74
best of generation 106 / cbal. = 94.1554 / Wtd. con eff = 3.6942 / Wtd. HRF eff = 3.1696 / Pop var. = 0.35156 / time = 0.75
best of generation 107 / cbal. = 94.1554 / Wtd. con eff = 3.6942 / Wtd. HRF eff = 3.1696 / Pop var. = 0.39463 / time = 0.74
best of generation 108 / cbal. = 94.3512 / Wtd. con eff = 3.6893 / Wtd. HRF eff = 3.0497 / Pop var. = 0.46218 / time = 0.74
best of generation 109 / cbal. = 94.3512 / Wtd. con eff = 3.6893 / Wtd. HRF eff = 3.0497 / Pop var. = 0.43189 / time = 0.74
best of generation 110 / cbal. = 94.3512 / Wtd. con eff = 3.6893 / Wtd. HRF eff = 3.0497 / Pop var. = 0.34637 / time = 0.74
best of generation 111 / cbal. = 94.3512 / Wtd. con eff = 3.6893 / Wtd. HRF eff = 3.0497 / Pop var. = 0.41317 / time = 0.74
best of generation 112 / cbal. = 94.3512 / Wtd. con eff = 3.6893 / Wtd. HRF eff = 3.0497 / Pop var. = 0.42621 / time = 0.74
best of generation 113 / cbal. = 94.3512 / Wtd. con eff = 3.6893 / Wtd. HRF eff = 3.0497 / Pop var. = 0.40126 / time = 0.76
best of generation 114 / cbal. = 94.3512 / Wtd. con eff = 3.695 / Wtd. HRF eff = 3.0304 / Pop var. = 0.36942 / time = 0.74
best of generation 115 / cbal. = 94.3512 / Wtd. con eff = 3.695 / Wtd. HRF eff = 3.0304 / Pop var. = 0.41951 / time = 0.73
best of generation 116 / cbal. = 94.3512 / Wtd. con eff = 3.695 / Wtd. HRF eff = 3.0304 / Pop var. = 0.3891 / time = 0.74
best of generation 117 / cbal. = 94.3512 / Wtd. con eff = 3.695 / Wtd. HRF eff = 3.0304 / Pop var. = 0.45947 / time = 0.73
best of generation 118 / cbal. = 94.3512 / Wtd. con eff = 3.695 / Wtd. HRF eff = 3.0304 / Pop var. = 0.38808 / time = 0.74
best of generation 119 / cbal. = 94.3512 / Wtd. con eff = 3.695 / Wtd. HRF eff = 3.0304 / Pop var. = 0.4612 / time = 0.74
best of generation 120 / cbal. = 94.3512 / Wtd. con eff = 3.695 / Wtd. HRF eff = 3.0304 / Pop var. = 0.39754 / time = 0.74
best of generation 121 / cbal. = 94.3512 / Wtd. con eff = 3.695 / Wtd. HRF eff = 3.0304 / Pop var. = 0.45438 / time = 0.73
best of generation 122 / cbal. = 94.3512 / Wtd. con eff = 3.695 / Wtd. HRF eff = 3.0304 / Pop var. = 0.41855 / time = 0.76
best of generation 123 / cbal. = 94.3512 / Wtd. con eff = 3.695 / Wtd. HRF eff = 3.0304 / Pop var. = 0.37228 / time = 0.73
best of generation 124 / cbal. = 94.3512 / Wtd. con eff = 3.695 / Wtd. HRF eff = 3.0304 / Pop var. = 0.43055 / time = 0.73
best of generation 125 / cbal. = 94.3512 / Wtd. con eff = 3.695 / Wtd. HRF eff = 3.0304 / Pop var. = 0.36 / time = 0.73
best of generation 126 / cbal. = 94.3512 / Wtd. con eff = 3.695 / Wtd. HRF eff = 3.0304 / Pop var. = 0.41409 / time = 0.74
best of generation 127 / cbal. = 94.3512 / Wtd. con eff = 3.695 / Wtd. HRF eff = 3.0304 / Pop var. = 0.32089 / time = 0.74
best of generation 128 / cbal. = 94.3512 / Wtd. con eff = 3.695 / Wtd. HRF eff = 3.0304 / Pop var. = 0.39076 / time = 0.74
best of generation 129 / cbal. = 94.3512 / Wtd. con eff = 3.695 / Wtd. HRF eff = 3.0304 / Pop var. = 0.41297 / time = 0.74
best of generation 130 / cbal. = 94.3512 / Wtd. con eff = 3.695 / Wtd. HRF eff = 3.0304 / Pop var. = 0.37966 / time = 0.73
best of generation 131 / cbal. = 94.3512 / Wtd. con eff = 3.695 / Wtd. HRF eff = 3.0304 / Pop var. = 0.448 / time = 0.73
best of generation 132 / cbal. = 94.3512 / Wtd. con eff = 3.695 / Wtd. HRF eff = 3.0304 / Pop var. = 0.42551 / time = 0.74
best of generation 133 / cbal. = 94.3512 / Wtd. con eff = 3.695 / Wtd. HRF eff = 3.0304 / Pop var. = 0.36385 / time = 0.75
best of generation 134 / cbal. = 94.3512 / Wtd. con eff = 3.695 / Wtd. HRF eff = 3.0304 / Pop var. = 0.45913 / time = 0.73
best of generation 135 / cbal. = 94.3512 / Wtd. con eff = 3.695 / Wtd. HRF eff = 3.0304 / Pop var. = 0.39317 / time = 0.73
best of generation 136 / cbal. = 94.3512 / Wtd. con eff = 3.695 / Wtd. HRF eff = 3.0304 / Pop var. = 0.4398 / time = 0.74
best of generation 137 / cbal. = 94.3512 / Wtd. con eff = 3.695 / Wtd. HRF eff = 3.0304 / Pop var. = 0.36367 / time = 0.73
best of generation 138 / cbal. = 94.3512 / Wtd. con eff = 3.695 / Wtd. HRF eff = 3.0304 / Pop var. = 0.38558 / time = 0.77
best of generation 139 / cbal. = 94.3512 / Wtd. con eff = 3.695 / Wtd. HRF eff = 3.0304 / Pop var. = 0.46128 / time = 0.74
best of generation 140 / cbal. = 94.3512 / Wtd. con eff = 3.695 / Wtd. HRF eff = 3.0304 / Pop var. = 0.40412 / time = 0.74
best of generation 141 / cbal. = 94.3512 / Wtd. con eff = 3.695 / Wtd. HRF eff = 3.0304 / Pop var. = 0.34562 / time = 0.73
best of generation 142 / cbal. = 94.3512 / Wtd. con eff = 3.695 / Wtd. HRF eff = 3.0304 / Pop var. = 0.41605 / time = 0.74
best of generation 143 / cbal. = 94.3512 / Wtd. con eff = 3.695 / Wtd. HRF eff = 3.0304 / Pop var. = 0.34993 / time = 0.74
best of generation 144 / cbal. = 94.3512 / Wtd. con eff = 3.695 / Wtd. HRF eff = 3.0304 / Pop var. = 0.42478 / time = 0.75
best of generation 145 / cbal. = 94.3512 / Wtd. con eff = 3.695 / Wtd. HRF eff = 3.0304 / Pop var. = 0.3856 / time = 0.73
best of generation 146 / cbal. = 94.3512 / Wtd. con eff = 3.695 / Wtd. HRF eff = 3.0304 / Pop var. = 0.44257 / time = 0.73
best of generation 147 / cbal. = 94.3512 / Wtd. con eff = 3.695 / Wtd. HRF eff = 3.0304 / Pop var. = 0.35712 / time = 0.74
best of generation 148 / cbal. = 94.3512 / Wtd. con eff = 3.695 / Wtd. HRF eff = 3.0304 / Pop var. = 0.46056 / time = 0.74
best of generation 149 / cbal. = 94.3512 / Wtd. con eff = 3.695 / Wtd. HRF eff = 3.0304 / Pop var. = 0.41647 / time = 0.73
best of generation 150 / cbal. = 94.3512 / Wtd. con eff = 3.695 / Wtd. HRF eff = 3.0304 / Pop var. = 0.3331 / time = 0.74
best of generation 151 / cbal. = 94.3512 / Wtd. con eff = 3.695 / Wtd. HRF eff = 3.0304 / Pop var. = 0.37639 / time = 0.73
best of generation 152 / cbal. = 94.3512 / Wtd. con eff = 3.695 / Wtd. HRF eff = 3.0304 / Pop var. = 0.43265 / time = 0.74
best of generation 153 / cbal. = 94.3512 / Wtd. con eff = 3.695 / Wtd. HRF eff = 3.0304 / Pop var. = 0.35539 / time = 0.73
best of generation 154 / cbal. = 94.3512 / Wtd. con eff = 3.695 / Wtd. HRF eff = 3.0304 / Pop var. = 0.41316 / time = 0.74
best of generation 155 / cbal. = 94.3512 / Wtd. con eff = 3.695 / Wtd. HRF eff = 3.0304 / Pop var. = 0.34864 / time = 0.75
best of generation 156 / cbal. = 94.3512 / Wtd. con eff = 3.695 / Wtd. HRF eff = 3.0304 / Pop var. = 0.39125 / time = 0.74
best of generation 157 / cbal. = 94.3512 / Wtd. con eff = 3.695 / Wtd. HRF eff = 3.0304 / Pop var. = 0.46967 / time = 0.74
best of generation 158 / cbal. = 94.3512 / Wtd. con eff = 3.695 / Wtd. HRF eff = 3.0304 / Pop var. = 0.44108 / time = 0.72
best of generation 159 / cbal. = 94.4807 / Wtd. con eff = 3.6745 / Wtd. HRF eff = 3.5363 / Pop var. = 0.39219 / time = 0.74
best of generation 160 / cbal. = 94.4807 / Wtd. con eff = 3.6745 / Wtd. HRF eff = 3.5363 / Pop var. = 0.45902 / time = 0.74
saving workspace as GAresults.mat
M = 
     origlist: [49x1 double]
     restlist: [20x1 double]
     stimlist: [60x1 double]
           ga: [1x1 struct]
    bestLists: [60x160 uint8]
         date: '11-9-2014'
optimizeGA done: 120.53 s
