Starting Model 65
OptimizeGA
===============================
Saturation threshold = 
Setting up variables
You entered 2 conditions  (event types) that will each be modeled with a regessor. 
 Note that if you enter 0 as a condition number, those events will not be modeled
 (they are assumed to be rest/inter-stimulus interval periods)

Contrasts entered. You entered matrix of 3 contrasts, with weights across 4 conditions.
 Contrasts:
     1     1    -1    -1
     1     0    -1     0
     0     1     0    -1
 ...adding one column to contrast matrix with weights of 0, to model the intercept
You entered a contrast weight vector across 3 contrasts
 	...Using rests of length 1 and resting every 4
================== Parameters ======================
     Total stimuli in scan      : 60
     Fixed rest length in ITIs  : 1
     Fixed Rest stimuli in scan : 11
     Num blank intervals        : 9
     Num of task conds          : 2
     Num stimuli each cond      : 20  20
====================================================
	...generating lists of organisms
	...USING TRANS2BLOCK >
     freqConditions = 0.2         0.2         0.2         0.2
     conditions = 1  2  3  4
REST INTERVALS: not used (to use, freqCond should be one longer than conditions
  ...randomizing organism start state
	...restMatrix is 20 X 40
ans =
     4     4     4     4     4     4     4     4     4     4
     4     4     4     4     4     4     4     4     4     4
     4     4     4     4     4     4     4     4     4     4
     4     4     4     4     4     4     4     4     4     4
     4     4     4     4     4     4     4     4     4     4
======== Num stimuli, averaged across lists (before instruction/rest stimuli) ========
		Condition 0: 9 stimuli, 15% of total stimuli
		Condition 1: 20 stimuli, 33.3333% of total stimuli
		Condition 2: 20 stimuli, 33.3333% of total stimuli
		Condition 3: 0 stimuli, 0% of total stimuli
		Condition 4: 0 stimuli, 0% of total stimuli
======================================================================================
best of generation 1 / cbal. = 94.8421 / Wtd. con eff = 2.4857 / Wtd. HRF eff = 0.65872 / Pop var. = 0.85986 / time = 0.74
best of generation 2 / cbal. = 93.9261 / Wtd. con eff = 2.6232 / Wtd. HRF eff = 0.53008 / Pop var. = 0.83939 / time = 0.72
best of generation 3 / cbal. = 95.0116 / Wtd. con eff = 2.9407 / Wtd. HRF eff = 0.5916 / Pop var. = 0.821 / time = 0.71
best of generation 4 / cbal. = 95.0116 / Wtd. con eff = 2.9407 / Wtd. HRF eff = 0.5916 / Pop var. = 0.81165 / time = 0.72
best of generation 5 / cbal. = 95.069 / Wtd. con eff = 2.9819 / Wtd. HRF eff = 0.6573 / Pop var. = 0.78579 / time = 0.74
best of generation 6 / cbal. = 95.069 / Wtd. con eff = 2.9819 / Wtd. HRF eff = 0.6573 / Pop var. = 0.72747 / time = 0.71
best of generation 7 / cbal. = 95.2737 / Wtd. con eff = 2.9374 / Wtd. HRF eff = 0.61019 / Pop var. = 0.682 / time = 0.72
best of generation 8 / cbal. = 95.107 / Wtd. con eff = 3.0219 / Wtd. HRF eff = 0.73538 / Pop var. = 0.60763 / time = 0.72
best of generation 9 / cbal. = 95.0849 / Wtd. con eff = 2.9915 / Wtd. HRF eff = 0.6276 / Pop var. = 0.48108 / time = 0.72
best of generation 10 / cbal. = 94.8374 / Wtd. con eff = 3.0895 / Wtd. HRF eff = 0.66281 / Pop var. = 0.4846 / time = 0.74
best of generation 11 / cbal. = 95.0876 / Wtd. con eff = 3.2317 / Wtd. HRF eff = 0.70598 / Pop var. = 0.53583 / time = 0.72
best of generation 12 / cbal. = 95.0876 / Wtd. con eff = 3.2317 / Wtd. HRF eff = 0.70598 / Pop var. = 0.47747 / time = 0.74
best of generation 13 / cbal. = 95.0876 / Wtd. con eff = 3.2317 / Wtd. HRF eff = 0.70598 / Pop var. = 0.52206 / time = 0.72
best of generation 14 / cbal. = 95.1458 / Wtd. con eff = 3.3701 / Wtd. HRF eff = 0.74154 / Pop var. = 0.5141 / time = 0.72
best of generation 15 / cbal. = 95.095 / Wtd. con eff = 3.4108 / Wtd. HRF eff = 0.79205 / Pop var. = 0.45786 / time = 0.73
best of generation 16 / cbal. = 95.1597 / Wtd. con eff = 3.4092 / Wtd. HRF eff = 0.74318 / Pop var. = 0.51092 / time = 0.78
best of generation 17 / cbal. = 95.1597 / Wtd. con eff = 3.4092 / Wtd. HRF eff = 0.74318 / Pop var. = 0.50202 / time = 0.73
best of generation 18 / cbal. = 95.183 / Wtd. con eff = 3.4466 / Wtd. HRF eff = 0.80016 / Pop var. = 0.47729 / time = 0.72
best of generation 19 / cbal. = 95.183 / Wtd. con eff = 3.4466 / Wtd. HRF eff = 0.80016 / Pop var. = 0.40094 / time = 0.73
best of generation 20 / cbal. = 95.311 / Wtd. con eff = 3.3762 / Wtd. HRF eff = 0.85908 / Pop var. = 0.39085 / time = 0.73
best of generation 21 / cbal. = 95.155 / Wtd. con eff = 3.4304 / Wtd. HRF eff = 0.77624 / Pop var. = 0.4576 / time = 0.76
best of generation 22 / cbal. = 94.9968 / Wtd. con eff = 3.4872 / Wtd. HRF eff = 0.74767 / Pop var. = 0.4231 / time = 0.75
best of generation 23 / cbal. = 94.6638 / Wtd. con eff = 3.5425 / Wtd. HRF eff = 0.75267 / Pop var. = 0.41151 / time = 0.74
best of generation 24 / cbal. = 94.6638 / Wtd. con eff = 3.5425 / Wtd. HRF eff = 0.75267 / Pop var. = 0.39975 / time = 0.72
best of generation 25 / cbal. = 95.2476 / Wtd. con eff = 3.5384 / Wtd. HRF eff = 0.87973 / Pop var. = 0.464 / time = 0.74
best of generation 26 / cbal. = 95.2476 / Wtd. con eff = 3.5384 / Wtd. HRF eff = 0.87973 / Pop var. = 0.42952 / time = 0.73
best of generation 27 / cbal. = 95.2476 / Wtd. con eff = 3.5384 / Wtd. HRF eff = 0.87973 / Pop var. = 0.41759 / time = 0.75
best of generation 28 / cbal. = 95.0407 / Wtd. con eff = 3.5879 / Wtd. HRF eff = 0.791 / Pop var. = 0.39545 / time = 0.73
best of generation 29 / cbal. = 95.0407 / Wtd. con eff = 3.5879 / Wtd. HRF eff = 0.791 / Pop var. = 0.45845 / time = 0.75
best of generation 30 / cbal. = 95.0407 / Wtd. con eff = 3.5879 / Wtd. HRF eff = 0.791 / Pop var. = 0.41866 / time = 0.74
best of generation 31 / cbal. = 95.0407 / Wtd. con eff = 3.5879 / Wtd. HRF eff = 0.791 / Pop var. = 0.40242 / time = 0.73
best of generation 32 / cbal. = 95.0407 / Wtd. con eff = 3.5879 / Wtd. HRF eff = 0.791 / Pop var. = 0.3543 / time = 0.76
best of generation 33 / cbal. = 95.0407 / Wtd. con eff = 3.5879 / Wtd. HRF eff = 0.791 / Pop var. = 0.43367 / time = 0.73
best of generation 34 / cbal. = 95.0407 / Wtd. con eff = 3.5879 / Wtd. HRF eff = 0.791 / Pop var. = 0.40333 / time = 0.73
best of generation 35 / cbal. = 95.0407 / Wtd. con eff = 3.5879 / Wtd. HRF eff = 0.791 / Pop var. = 0.38922 / time = 0.72
best of generation 36 / cbal. = 95.0407 / Wtd. con eff = 3.5879 / Wtd. HRF eff = 0.791 / Pop var. = 0.50557 / time = 0.73
best of generation 37 / cbal. = 95.0407 / Wtd. con eff = 3.5879 / Wtd. HRF eff = 0.791 / Pop var. = 0.44212 / time = 0.73
best of generation 38 / cbal. = 95.0407 / Wtd. con eff = 3.5879 / Wtd. HRF eff = 0.791 / Pop var. = 0.42532 / time = 0.75
best of generation 39 / cbal. = 95.0407 / Wtd. con eff = 3.5879 / Wtd. HRF eff = 0.791 / Pop var. = 0.38218 / time = 0.73
best of generation 40 / cbal. = 95.0407 / Wtd. con eff = 3.5879 / Wtd. HRF eff = 0.791 / Pop var. = 0.42854 / time = 0.73
best of generation 41 / cbal. = 95.0407 / Wtd. con eff = 3.5879 / Wtd. HRF eff = 0.791 / Pop var. = 0.41012 / time = 0.74
best of generation 42 / cbal. = 94.7724 / Wtd. con eff = 3.6334 / Wtd. HRF eff = 0.85719 / Pop var. = 0.34591 / time = 0.74
best of generation 43 / cbal. = 94.7724 / Wtd. con eff = 3.6334 / Wtd. HRF eff = 0.85719 / Pop var. = 0.42337 / time = 0.77
best of generation 44 / cbal. = 94.7724 / Wtd. con eff = 3.6334 / Wtd. HRF eff = 0.85719 / Pop var. = 0.3646 / time = 0.73
best of generation 45 / cbal. = 94.7724 / Wtd. con eff = 3.6334 / Wtd. HRF eff = 0.85719 / Pop var. = 0.42472 / time = 0.73
best of generation 46 / cbal. = 94.7724 / Wtd. con eff = 3.6334 / Wtd. HRF eff = 0.85719 / Pop var. = 0.44274 / time = 0.74
best of generation 47 / cbal. = 94.7724 / Wtd. con eff = 3.6334 / Wtd. HRF eff = 0.85719 / Pop var. = 0.45413 / time = 0.72
best of generation 48 / cbal. = 94.7724 / Wtd. con eff = 3.6334 / Wtd. HRF eff = 0.85719 / Pop var. = 0.39127 / time = 0.74
best of generation 49 / cbal. = 94.7724 / Wtd. con eff = 3.6334 / Wtd. HRF eff = 0.85719 / Pop var. = 0.46889 / time = 0.76
best of generation 50 / cbal. = 94.7724 / Wtd. con eff = 3.6334 / Wtd. HRF eff = 0.85719 / Pop var. = 0.42145 / time = 0.74
best of generation 51 / cbal. = 94.7724 / Wtd. con eff = 3.6334 / Wtd. HRF eff = 0.85719 / Pop var. = 0.34444 / time = 0.73
best of generation 52 / cbal. = 94.7724 / Wtd. con eff = 3.6334 / Wtd. HRF eff = 0.85719 / Pop var. = 0.41592 / time = 0.73
best of generation 53 / cbal. = 94.7724 / Wtd. con eff = 3.6334 / Wtd. HRF eff = 0.85719 / Pop var. = 0.42587 / time = 0.74
best of generation 54 / cbal. = 94.8343 / Wtd. con eff = 3.6042 / Wtd. HRF eff = 0.96668 / Pop var. = 0.36732 / time = 0.77
best of generation 55 / cbal. = 94.8343 / Wtd. con eff = 3.6042 / Wtd. HRF eff = 0.96668 / Pop var. = 0.42869 / time = 0.73
best of generation 56 / cbal. = 94.7724 / Wtd. con eff = 3.6334 / Wtd. HRF eff = 0.85719 / Pop var. = 0.38945 / time = 0.74
best of generation 57 / cbal. = 94.7724 / Wtd. con eff = 3.6334 / Wtd. HRF eff = 0.85719 / Pop var. = 0.47158 / time = 0.73
best of generation 58 / cbal. = 94.7724 / Wtd. con eff = 3.6334 / Wtd. HRF eff = 0.85719 / Pop var. = 0.41922 / time = 0.73
best of generation 59 / cbal. = 94.7724 / Wtd. con eff = 3.6334 / Wtd. HRF eff = 0.85719 / Pop var. = 0.38729 / time = 0.74
best of generation 60 / cbal. = 94.7724 / Wtd. con eff = 3.6334 / Wtd. HRF eff = 0.85719 / Pop var. = 0.46633 / time = 0.74
best of generation 61 / cbal. = 94.7724 / Wtd. con eff = 3.6334 / Wtd. HRF eff = 0.85719 / Pop var. = 0.47053 / time = 0.73
best of generation 62 / cbal. = 94.7724 / Wtd. con eff = 3.6334 / Wtd. HRF eff = 0.85719 / Pop var. = 0.44182 / time = 0.73
best of generation 63 / cbal. = 94.7724 / Wtd. con eff = 3.6334 / Wtd. HRF eff = 0.85719 / Pop var. = 0.37537 / time = 0.73
best of generation 64 / cbal. = 94.7724 / Wtd. con eff = 3.6334 / Wtd. HRF eff = 0.85719 / Pop var. = 0.46185 / time = 0.74
best of generation 65 / cbal. = 94.7724 / Wtd. con eff = 3.6334 / Wtd. HRF eff = 0.85719 / Pop var. = 0.38435 / time = 0.77
best of generation 66 / cbal. = 94.7724 / Wtd. con eff = 3.6334 / Wtd. HRF eff = 0.85719 / Pop var. = 0.39911 / time = 0.73
best of generation 67 / cbal. = 94.7724 / Wtd. con eff = 3.6334 / Wtd. HRF eff = 0.85719 / Pop var. = 0.50727 / time = 0.74
best of generation 68 / cbal. = 94.7724 / Wtd. con eff = 3.6334 / Wtd. HRF eff = 0.85719 / Pop var. = 0.43814 / time = 0.73
best of generation 69 / cbal. = 95.0977 / Wtd. con eff = 3.5604 / Wtd. HRF eff = 0.90239 / Pop var. = 0.36152 / time = 0.73
best of generation 70 / cbal. = 95.0977 / Wtd. con eff = 3.5604 / Wtd. HRF eff = 0.90239 / Pop var. = 0.39492 / time = 0.73
best of generation 71 / cbal. = 95.0977 / Wtd. con eff = 3.5604 / Wtd. HRF eff = 0.90239 / Pop var. = 0.45858 / time = 0.76
best of generation 72 / cbal. = 95.0977 / Wtd. con eff = 3.5604 / Wtd. HRF eff = 0.90239 / Pop var. = 0.40995 / time = 0.74
best of generation 73 / cbal. = 95.0977 / Wtd. con eff = 3.5604 / Wtd. HRF eff = 0.90239 / Pop var. = 0.39029 / time = 0.74
best of generation 74 / cbal. = 95.0977 / Wtd. con eff = 3.5604 / Wtd. HRF eff = 0.90239 / Pop var. = 0.44331 / time = 0.74
best of generation 75 / cbal. = 94.8969 / Wtd. con eff = 3.5967 / Wtd. HRF eff = 0.97163 / Pop var. = 0.42133 / time = 0.73
best of generation 76 / cbal. = 94.8969 / Wtd. con eff = 3.5967 / Wtd. HRF eff = 0.97163 / Pop var. = 0.36537 / time = 0.75
best of generation 77 / cbal. = 95.1555 / Wtd. con eff = 3.591 / Wtd. HRF eff = 0.84234 / Pop var. = 0.47308 / time = 0.73
best of generation 78 / cbal. = 95.1555 / Wtd. con eff = 3.591 / Wtd. HRF eff = 0.84234 / Pop var. = 0.42084 / time = 0.75
best of generation 79 / cbal. = 95.1555 / Wtd. con eff = 3.591 / Wtd. HRF eff = 0.84234 / Pop var. = 0.42086 / time = 0.72
best of generation 80 / cbal. = 95.1555 / Wtd. con eff = 3.591 / Wtd. HRF eff = 0.84234 / Pop var. = 0.39327 / time = 0.75
best of generation 81 / cbal. = 95.1555 / Wtd. con eff = 3.591 / Wtd. HRF eff = 0.84234 / Pop var. = 0.48899 / time = 0.73
best of generation 82 / cbal. = 95.1555 / Wtd. con eff = 3.591 / Wtd. HRF eff = 0.84234 / Pop var. = 0.46506 / time = 0.77
best of generation 83 / cbal. = 95.1555 / Wtd. con eff = 3.591 / Wtd. HRF eff = 0.84234 / Pop var. = 0.42549 / time = 0.74
best of generation 84 / cbal. = 95.1555 / Wtd. con eff = 3.591 / Wtd. HRF eff = 0.84234 / Pop var. = 0.41633 / time = 0.74
best of generation 85 / cbal. = 95.1555 / Wtd. con eff = 3.591 / Wtd. HRF eff = 0.84234 / Pop var. = 0.39453 / time = 0.73
best of generation 86 / cbal. = 95.1555 / Wtd. con eff = 3.591 / Wtd. HRF eff = 0.84234 / Pop var. = 0.46798 / time = 0.73
best of generation 87 / cbal. = 95.3243 / Wtd. con eff = 3.5876 / Wtd. HRF eff = 0.87301 / Pop var. = 0.43912 / time = 0.77
best of generation 88 / cbal. = 95.3243 / Wtd. con eff = 3.5876 / Wtd. HRF eff = 0.87301 / Pop var. = 0.40405 / time = 0.74
best of generation 89 / cbal. = 95.3243 / Wtd. con eff = 3.5876 / Wtd. HRF eff = 0.87301 / Pop var. = 0.38631 / time = 0.74
best of generation 90 / cbal. = 95.3243 / Wtd. con eff = 3.5876 / Wtd. HRF eff = 0.87301 / Pop var. = 0.46038 / time = 0.73
best of generation 91 / cbal. = 95.3243 / Wtd. con eff = 3.5876 / Wtd. HRF eff = 0.87301 / Pop var. = 0.42407 / time = 0.72
best of generation 92 / cbal. = 95.3243 / Wtd. con eff = 3.5876 / Wtd. HRF eff = 0.87301 / Pop var. = 0.36269 / time = 0.74
best of generation 93 / cbal. = 95.3243 / Wtd. con eff = 3.5876 / Wtd. HRF eff = 0.87301 / Pop var. = 0.42833 / time = 0.77
best of generation 94 / cbal. = 95.3243 / Wtd. con eff = 3.5876 / Wtd. HRF eff = 0.87301 / Pop var. = 0.37977 / time = 0.74
best of generation 95 / cbal. = 95.3243 / Wtd. con eff = 3.5876 / Wtd. HRF eff = 0.87301 / Pop var. = 0.40984 / time = 0.74
best of generation 96 / cbal. = 95.3243 / Wtd. con eff = 3.5876 / Wtd. HRF eff = 0.87301 / Pop var. = 0.35511 / time = 0.73
best of generation 97 / cbal. = 95.3243 / Wtd. con eff = 3.5876 / Wtd. HRF eff = 0.87301 / Pop var. = 0.41364 / time = 0.74
best of generation 98 / cbal. = 94.8343 / Wtd. con eff = 3.6335 / Wtd. HRF eff = 0.9376 / Pop var. = 0.38125 / time = 0.77
best of generation 99 / cbal. = 94.8343 / Wtd. con eff = 3.6335 / Wtd. HRF eff = 0.9376 / Pop var. = 0.43826 / time = 0.73
best of generation 100 / cbal. = 94.8343 / Wtd. con eff = 3.6335 / Wtd. HRF eff = 0.9376 / Pop var. = 0.45239 / time = 0.74
best of generation 101 / cbal. = 94.8343 / Wtd. con eff = 3.6335 / Wtd. HRF eff = 0.9376 / Pop var. = 0.40734 / time = 0.72
best of generation 102 / cbal. = 94.8343 / Wtd. con eff = 3.6476 / Wtd. HRF eff = 0.86146 / Pop var. = 0.40791 / time = 0.73
best of generation 103 / cbal. = 94.9763 / Wtd. con eff = 3.6247 / Wtd. HRF eff = 0.94269 / Pop var. = 0.32373 / time = 0.74
best of generation 104 / cbal. = 95.1638 / Wtd. con eff = 3.5669 / Wtd. HRF eff = 1.1204 / Pop var. = 0.38727 / time = 0.78
best of generation 105 / cbal. = 94.9763 / Wtd. con eff = 3.6247 / Wtd. HRF eff = 0.94269 / Pop var. = 0.43565 / time = 0.73
best of generation 106 / cbal. = 95.0732 / Wtd. con eff = 3.6117 / Wtd. HRF eff = 0.96811 / Pop var. = 0.41609 / time = 0.74
best of generation 107 / cbal. = 95.0732 / Wtd. con eff = 3.6117 / Wtd. HRF eff = 0.96811 / Pop var. = 0.37479 / time = 0.73
best of generation 108 / cbal. = 95.0732 / Wtd. con eff = 3.6117 / Wtd. HRF eff = 0.96811 / Pop var. = 0.48293 / time = 0.73
best of generation 109 / cbal. = 95.0732 / Wtd. con eff = 3.6117 / Wtd. HRF eff = 0.96811 / Pop var. = 0.4644 / time = 0.74
best of generation 110 / cbal. = 95.0732 / Wtd. con eff = 3.6117 / Wtd. HRF eff = 0.96811 / Pop var. = 0.38646 / time = 0.73
best of generation 111 / cbal. = 95.0732 / Wtd. con eff = 3.6117 / Wtd. HRF eff = 0.96811 / Pop var. = 0.44808 / time = 0.73
best of generation 112 / cbal. = 95.0732 / Wtd. con eff = 3.6117 / Wtd. HRF eff = 0.96811 / Pop var. = 0.40934 / time = 0.74
best of generation 113 / cbal. = 95.0732 / Wtd. con eff = 3.6117 / Wtd. HRF eff = 0.96811 / Pop var. = 0.37028 / time = 0.75
best of generation 114 / cbal. = 95.0732 / Wtd. con eff = 3.6117 / Wtd. HRF eff = 0.96811 / Pop var. = 0.44074 / time = 0.73
best of generation 115 / cbal. = 95.0732 / Wtd. con eff = 3.6117 / Wtd. HRF eff = 0.96811 / Pop var. = 0.37361 / time = 0.77
best of generation 116 / cbal. = 95.0732 / Wtd. con eff = 3.6117 / Wtd. HRF eff = 0.96811 / Pop var. = 0.45474 / time = 0.74
best of generation 117 / cbal. = 95.0732 / Wtd. con eff = 3.6117 / Wtd. HRF eff = 0.96811 / Pop var. = 0.4128 / time = 0.75
best of generation 118 / cbal. = 95.0732 / Wtd. con eff = 3.6117 / Wtd. HRF eff = 0.96811 / Pop var. = 0.38311 / time = 0.74
best of generation 119 / cbal. = 95.1224 / Wtd. con eff = 3.6198 / Wtd. HRF eff = 0.95238 / Pop var. = 0.44696 / time = 0.73
best of generation 120 / cbal. = 95.1224 / Wtd. con eff = 3.6198 / Wtd. HRF eff = 0.95238 / Pop var. = 0.43023 / time = 0.77
best of generation 121 / cbal. = 95.1224 / Wtd. con eff = 3.6198 / Wtd. HRF eff = 0.95238 / Pop var. = 0.40469 / time = 0.73
best of generation 122 / cbal. = 95.1224 / Wtd. con eff = 3.6198 / Wtd. HRF eff = 0.95238 / Pop var. = 0.36535 / time = 0.74
best of generation 123 / cbal. = 95.1224 / Wtd. con eff = 3.6198 / Wtd. HRF eff = 0.95238 / Pop var. = 0.4638 / time = 0.73
best of generation 124 / cbal. = 95.1224 / Wtd. con eff = 3.6198 / Wtd. HRF eff = 0.95238 / Pop var. = 0.41937 / time = 0.73
best of generation 125 / cbal. = 95.1224 / Wtd. con eff = 3.6198 / Wtd. HRF eff = 0.95238 / Pop var. = 0.35264 / time = 0.73
best of generation 126 / cbal. = 95.1224 / Wtd. con eff = 3.6198 / Wtd. HRF eff = 0.95238 / Pop var. = 0.4165 / time = 0.78
best of generation 127 / cbal. = 95.1224 / Wtd. con eff = 3.6198 / Wtd. HRF eff = 0.95238 / Pop var. = 0.32696 / time = 0.74
best of generation 128 / cbal. = 95.1224 / Wtd. con eff = 3.6198 / Wtd. HRF eff = 0.95238 / Pop var. = 0.37607 / time = 0.73
best of generation 129 / cbal. = 95.1224 / Wtd. con eff = 3.6198 / Wtd. HRF eff = 0.95238 / Pop var. = 0.47392 / time = 0.74
best of generation 130 / cbal. = 95.1224 / Wtd. con eff = 3.6198 / Wtd. HRF eff = 0.95238 / Pop var. = 0.42132 / time = 0.73
best of generation 131 / cbal. = 95.1224 / Wtd. con eff = 3.6198 / Wtd. HRF eff = 0.95238 / Pop var. = 0.39482 / time = 0.76
best of generation 132 / cbal. = 95.1224 / Wtd. con eff = 3.6198 / Wtd. HRF eff = 0.95238 / Pop var. = 0.45715 / time = 0.74
best of generation 133 / cbal. = 95.1224 / Wtd. con eff = 3.6198 / Wtd. HRF eff = 0.95238 / Pop var. = 0.38777 / time = 0.75
best of generation 134 / cbal. = 95.1224 / Wtd. con eff = 3.6198 / Wtd. HRF eff = 0.95238 / Pop var. = 0.43111 / time = 0.74
best of generation 135 / cbal. = 95.1224 / Wtd. con eff = 3.6198 / Wtd. HRF eff = 0.95238 / Pop var. = 0.34083 / time = 0.74
best of generation 136 / cbal. = 95.1224 / Wtd. con eff = 3.6198 / Wtd. HRF eff = 0.95238 / Pop var. = 0.42594 / time = 0.74
best of generation 137 / cbal. = 95.1224 / Wtd. con eff = 3.6198 / Wtd. HRF eff = 0.95238 / Pop var. = 0.3707 / time = 0.75
best of generation 138 / cbal. = 95.1224 / Wtd. con eff = 3.6198 / Wtd. HRF eff = 0.95238 / Pop var. = 0.43083 / time = 0.74
best of generation 139 / cbal. = 95.1224 / Wtd. con eff = 3.6198 / Wtd. HRF eff = 0.95238 / Pop var. = 0.3943 / time = 0.73
best of generation 140 / cbal. = 95.1224 / Wtd. con eff = 3.6198 / Wtd. HRF eff = 0.95238 / Pop var. = 0.43753 / time = 0.73
best of generation 141 / cbal. = 95.1224 / Wtd. con eff = 3.6198 / Wtd. HRF eff = 0.95238 / Pop var. = 0.41302 / time = 0.73
best of generation 142 / cbal. = 95.1224 / Wtd. con eff = 3.6198 / Wtd. HRF eff = 0.95238 / Pop var. = 0.38191 / time = 0.77
best of generation 143 / cbal. = 95.1224 / Wtd. con eff = 3.6198 / Wtd. HRF eff = 0.95238 / Pop var. = 0.4719 / time = 0.74
best of generation 144 / cbal. = 95.1224 / Wtd. con eff = 3.6198 / Wtd. HRF eff = 0.95238 / Pop var. = 0.39019 / time = 0.74
best of generation 145 / cbal. = 95.1224 / Wtd. con eff = 3.6198 / Wtd. HRF eff = 0.95238 / Pop var. = 0.45242 / time = 0.74
best of generation 146 / cbal. = 95.1224 / Wtd. con eff = 3.6198 / Wtd. HRF eff = 0.95238 / Pop var. = 0.39815 / time = 0.74
best of generation 147 / cbal. = 95.1224 / Wtd. con eff = 3.6198 / Wtd. HRF eff = 0.95238 / Pop var. = 0.47318 / time = 0.74
best of generation 148 / cbal. = 95.1224 / Wtd. con eff = 3.6198 / Wtd. HRF eff = 0.95238 / Pop var. = 0.39963 / time = 0.75
best of generation 149 / cbal. = 95.1224 / Wtd. con eff = 3.6198 / Wtd. HRF eff = 0.95238 / Pop var. = 0.42969 / time = 0.74
best of generation 150 / cbal. = 95.1224 / Wtd. con eff = 3.6198 / Wtd. HRF eff = 0.95238 / Pop var. = 0.39096 / time = 0.74
best of generation 151 / cbal. = 95.1224 / Wtd. con eff = 3.6198 / Wtd. HRF eff = 0.95238 / Pop var. = 0.44885 / time = 0.72
best of generation 152 / cbal. = 95.1224 / Wtd. con eff = 3.6198 / Wtd. HRF eff = 0.95238 / Pop var. = 0.39424 / time = 0.74
best of generation 153 / cbal. = 95.1224 / Wtd. con eff = 3.6198 / Wtd. HRF eff = 0.95238 / Pop var. = 0.48896 / time = 0.78
best of generation 154 / cbal. = 95.1224 / Wtd. con eff = 3.6198 / Wtd. HRF eff = 0.95238 / Pop var. = 0.45029 / time = 0.74
best of generation 155 / cbal. = 95.1224 / Wtd. con eff = 3.6198 / Wtd. HRF eff = 0.95238 / Pop var. = 0.43883 / time = 0.74
best of generation 156 / cbal. = 95.1224 / Wtd. con eff = 3.6198 / Wtd. HRF eff = 0.95238 / Pop var. = 0.37489 / time = 0.74
best of generation 157 / cbal. = 95.1224 / Wtd. con eff = 3.6198 / Wtd. HRF eff = 0.95238 / Pop var. = 0.41565 / time = 0.73
best of generation 158 / cbal. = 95.1224 / Wtd. con eff = 3.6198 / Wtd. HRF eff = 0.95238 / Pop var. = 0.37839 / time = 0.73
best of generation 159 / cbal. = 95.1224 / Wtd. con eff = 3.6198 / Wtd. HRF eff = 0.95238 / Pop var. = 0.40925 / time = 0.74
best of generation 160 / cbal. = 95.1224 / Wtd. con eff = 3.6198 / Wtd. HRF eff = 0.95238 / Pop var. = 0.37046 / time = 0.73
saving workspace as GAresults.mat
M = 
     origlist: [49x1 double]
     restlist: [20x1 double]
     stimlist: [60x1 double]
           ga: [1x1 struct]
    bestLists: [60x160 uint8]
         date: '11-9-2014'
optimizeGA done: 120.56 s
