Starting Model 48
OptimizeGA
===============================
Saturation threshold = 
Setting up variables
You entered 2 conditions  (event types) that will each be modeled with a regessor. 
 Note that if you enter 0 as a condition number, those events will not be modeled
 (they are assumed to be rest/inter-stimulus interval periods)

Contrasts entered. You entered matrix of 3 contrasts, with weights across 4 conditions.
 Contrasts:
     1     1    -1    -1
     1     0    -1     0
     0     1     0    -1
 ...adding one column to contrast matrix with weights of 0, to model the intercept
You entered a contrast weight vector across 3 contrasts
 	...Using rests of length 1 and resting every 4
================== Parameters ======================
     Total stimuli in scan      : 60
     Fixed rest length in ITIs  : 1
     Fixed Rest stimuli in scan : 11
     Num blank intervals        : 9
     Num of task conds          : 2
     Num stimuli each cond      : 20  20
====================================================
	...generating lists of organisms
	...USING TRANS2BLOCK >
     freqConditions = 0.2         0.2         0.2         0.2
     conditions = 1  2  3  4
REST INTERVALS: not used (to use, freqCond should be one longer than conditions
  ...randomizing organism start state
	...restMatrix is 20 X 40
ans =
     4     4     4     4     4     4     4     4     4     4
     4     4     4     4     4     4     4     4     4     4
     4     4     4     4     4     4     4     4     4     4
     4     4     4     4     4     4     4     4     4     4
     4     4     4     4     4     4     4     4     4     4
======== Num stimuli, averaged across lists (before instruction/rest stimuli) ========
		Condition 0: 9 stimuli, 15% of total stimuli
		Condition 1: 20 stimuli, 33.3333% of total stimuli
		Condition 2: 20 stimuli, 33.3333% of total stimuli
		Condition 3: 0 stimuli, 0% of total stimuli
		Condition 4: 0 stimuli, 0% of total stimuli
======================================================================================
best of generation 1 / cbal. = 94.9317 / Wtd. con eff = 2.6732 / Wtd. HRF eff = 0.52468 / Pop var. = 0.85675 / time = 0.73
best of generation 2 / cbal. = 94.8709 / Wtd. con eff = 2.9634 / Wtd. HRF eff = 0.5877 / Pop var. = 0.83308 / time = 0.73
best of generation 3 / cbal. = 94.8709 / Wtd. con eff = 2.9634 / Wtd. HRF eff = 0.5877 / Pop var. = 0.8331 / time = 0.74
best of generation 4 / cbal. = 94.6035 / Wtd. con eff = 3.0264 / Wtd. HRF eff = 0.54763 / Pop var. = 0.80518 / time = 0.71
best of generation 5 / cbal. = 95.4223 / Wtd. con eff = 3.1156 / Wtd. HRF eff = 0.71288 / Pop var. = 0.78376 / time = 0.72
best of generation 6 / cbal. = 95.4223 / Wtd. con eff = 3.1156 / Wtd. HRF eff = 0.71288 / Pop var. = 0.78016 / time = 0.72
best of generation 7 / cbal. = 95.4223 / Wtd. con eff = 3.1156 / Wtd. HRF eff = 0.71288 / Pop var. = 0.77663 / time = 0.72
best of generation 8 / cbal. = 95.4822 / Wtd. con eff = 3.1434 / Wtd. HRF eff = 0.77218 / Pop var. = 0.73965 / time = 0.73
best of generation 9 / cbal. = 95.1472 / Wtd. con eff = 3.3123 / Wtd. HRF eff = 0.93932 / Pop var. = 0.65343 / time = 0.72
best of generation 10 / cbal. = 95.1721 / Wtd. con eff = 3.3817 / Wtd. HRF eff = 0.98869 / Pop var. = 0.60731 / time = 0.72
best of generation 11 / cbal. = 95.1638 / Wtd. con eff = 3.4141 / Wtd. HRF eff = 1.024 / Pop var. = 0.57826 / time = 0.73
best of generation 12 / cbal. = 95.0814 / Wtd. con eff = 3.4183 / Wtd. HRF eff = 1.0974 / Pop var. = 0.51123 / time = 0.74
best of generation 13 / cbal. = 95.0814 / Wtd. con eff = 3.4183 / Wtd. HRF eff = 1.0974 / Pop var. = 0.43964 / time = 0.78
best of generation 14 / cbal. = 95.1971 / Wtd. con eff = 3.4144 / Wtd. HRF eff = 1.0236 / Pop var. = 0.37201 / time = 0.73
best of generation 15 / cbal. = 95.1971 / Wtd. con eff = 3.4144 / Wtd. HRF eff = 1.0236 / Pop var. = 0.45129 / time = 0.73
best of generation 16 / cbal. = 95.0164 / Wtd. con eff = 3.5158 / Wtd. HRF eff = 1.2542 / Pop var. = 0.42589 / time = 0.73
best of generation 17 / cbal. = 94.9444 / Wtd. con eff = 3.5648 / Wtd. HRF eff = 0.76771 / Pop var. = 0.27312 / time = 0.73
best of generation 18 / cbal. = 95.3502 / Wtd. con eff = 3.5176 / Wtd. HRF eff = 0.81961 / Pop var. = 0.40604 / time = 0.73
best of generation 19 / cbal. = 95.3502 / Wtd. con eff = 3.5176 / Wtd. HRF eff = 0.81961 / Pop var. = 0.37024 / time = 0.76
best of generation 20 / cbal. = 95.3502 / Wtd. con eff = 3.5176 / Wtd. HRF eff = 0.81961 / Pop var. = 0.40949 / time = 0.73
best of generation 21 / cbal. = 95.3502 / Wtd. con eff = 3.5176 / Wtd. HRF eff = 0.81961 / Pop var. = 0.42178 / time = 0.73
best of generation 22 / cbal. = 94.7113 / Wtd. con eff = 3.592 / Wtd. HRF eff = 1.2849 / Pop var. = 0.40379 / time = 0.74
best of generation 23 / cbal. = 95.0569 / Wtd. con eff = 3.5594 / Wtd. HRF eff = 1.2698 / Pop var. = 0.42487 / time = 0.73
best of generation 24 / cbal. = 94.7955 / Wtd. con eff = 3.608 / Wtd. HRF eff = 1.3594 / Pop var. = 0.42077 / time = 0.75
best of generation 25 / cbal. = 94.7955 / Wtd. con eff = 3.608 / Wtd. HRF eff = 1.3594 / Pop var. = 0.38254 / time = 0.73
best of generation 26 / cbal. = 94.7955 / Wtd. con eff = 3.608 / Wtd. HRF eff = 1.3594 / Pop var. = 0.47736 / time = 0.73
best of generation 27 / cbal. = 94.7955 / Wtd. con eff = 3.608 / Wtd. HRF eff = 1.3594 / Pop var. = 0.44328 / time = 0.73
best of generation 28 / cbal. = 94.7955 / Wtd. con eff = 3.608 / Wtd. HRF eff = 1.3594 / Pop var. = 0.44911 / time = 0.73
best of generation 29 / cbal. = 94.7955 / Wtd. con eff = 3.608 / Wtd. HRF eff = 1.3594 / Pop var. = 0.41214 / time = 0.73
best of generation 30 / cbal. = 94.7878 / Wtd. con eff = 3.6138 / Wtd. HRF eff = 1.3448 / Pop var. = 0.34926 / time = 0.74
best of generation 31 / cbal. = 94.9923 / Wtd. con eff = 3.5759 / Wtd. HRF eff = 1.4142 / Pop var. = 0.4321 / time = 0.73
best of generation 32 / cbal. = 94.9923 / Wtd. con eff = 3.5759 / Wtd. HRF eff = 1.4142 / Pop var. = 0.39104 / time = 0.74
best of generation 33 / cbal. = 94.9923 / Wtd. con eff = 3.5759 / Wtd. HRF eff = 1.4142 / Pop var. = 0.45732 / time = 0.73
best of generation 34 / cbal. = 94.9923 / Wtd. con eff = 3.5759 / Wtd. HRF eff = 1.4142 / Pop var. = 0.41747 / time = 0.73
best of generation 35 / cbal. = 94.6283 / Wtd. con eff = 3.5896 / Wtd. HRF eff = 1.8826 / Pop var. = 0.40098 / time = 0.74
best of generation 36 / cbal. = 94.6283 / Wtd. con eff = 3.5896 / Wtd. HRF eff = 1.8826 / Pop var. = 0.39128 / time = 0.76
best of generation 37 / cbal. = 94.5762 / Wtd. con eff = 3.6697 / Wtd. HRF eff = 1.6434 / Pop var. = 0.46637 / time = 0.72
best of generation 38 / cbal. = 94.5762 / Wtd. con eff = 3.6697 / Wtd. HRF eff = 1.6434 / Pop var. = 0.39805 / time = 0.72
best of generation 39 / cbal. = 94.5762 / Wtd. con eff = 3.6697 / Wtd. HRF eff = 1.6434 / Pop var. = 0.47221 / time = 0.72
best of generation 40 / cbal. = 94.5762 / Wtd. con eff = 3.6697 / Wtd. HRF eff = 1.6434 / Pop var. = 0.42777 / time = 0.73
best of generation 41 / cbal. = 94.5762 / Wtd. con eff = 3.6697 / Wtd. HRF eff = 1.6434 / Pop var. = 0.37231 / time = 0.75
best of generation 42 / cbal. = 94.5762 / Wtd. con eff = 3.6697 / Wtd. HRF eff = 1.6434 / Pop var. = 0.4463 / time = 0.74
best of generation 43 / cbal. = 94.5762 / Wtd. con eff = 3.6697 / Wtd. HRF eff = 1.6434 / Pop var. = 0.39952 / time = 0.73
best of generation 44 / cbal. = 94.5762 / Wtd. con eff = 3.6697 / Wtd. HRF eff = 1.6434 / Pop var. = 0.45048 / time = 0.73
best of generation 45 / cbal. = 94.5762 / Wtd. con eff = 3.6697 / Wtd. HRF eff = 1.6434 / Pop var. = 0.39969 / time = 0.73
best of generation 46 / cbal. = 94.5762 / Wtd. con eff = 3.6697 / Wtd. HRF eff = 1.6434 / Pop var. = 0.4287 / time = 0.74
best of generation 47 / cbal. = 94.5762 / Wtd. con eff = 3.6697 / Wtd. HRF eff = 1.6434 / Pop var. = 0.4293 / time = 0.73
best of generation 48 / cbal. = 94.5762 / Wtd. con eff = 3.6697 / Wtd. HRF eff = 1.6434 / Pop var. = 0.37979 / time = 0.73
best of generation 49 / cbal. = 94.5762 / Wtd. con eff = 3.6697 / Wtd. HRF eff = 1.6434 / Pop var. = 0.41841 / time = 0.73
best of generation 50 / cbal. = 94.5762 / Wtd. con eff = 3.6697 / Wtd. HRF eff = 1.6434 / Pop var. = 0.39136 / time = 0.73
best of generation 51 / cbal. = 94.5762 / Wtd. con eff = 3.6697 / Wtd. HRF eff = 1.6434 / Pop var. = 0.45179 / time = 0.73
best of generation 52 / cbal. = 94.5762 / Wtd. con eff = 3.6697 / Wtd. HRF eff = 1.6434 / Pop var. = 0.37421 / time = 0.77
best of generation 53 / cbal. = 94.5762 / Wtd. con eff = 3.6697 / Wtd. HRF eff = 1.6434 / Pop var. = 0.42406 / time = 0.72
best of generation 54 / cbal. = 94.5762 / Wtd. con eff = 3.6697 / Wtd. HRF eff = 1.6434 / Pop var. = 0.43578 / time = 0.73
best of generation 55 / cbal. = 94.5762 / Wtd. con eff = 3.6697 / Wtd. HRF eff = 1.6434 / Pop var. = 0.34316 / time = 0.73
best of generation 56 / cbal. = 94.5762 / Wtd. con eff = 3.6697 / Wtd. HRF eff = 1.6434 / Pop var. = 0.40883 / time = 0.73
best of generation 57 / cbal. = 94.5762 / Wtd. con eff = 3.6697 / Wtd. HRF eff = 1.6434 / Pop var. = 0.39066 / time = 0.74
best of generation 58 / cbal. = 94.6358 / Wtd. con eff = 3.6675 / Wtd. HRF eff = 1.634 / Pop var. = 0.38967 / time = 0.73
best of generation 59 / cbal. = 94.6358 / Wtd. con eff = 3.6675 / Wtd. HRF eff = 1.634 / Pop var. = 0.46832 / time = 0.73
best of generation 60 / cbal. = 94.6358 / Wtd. con eff = 3.6675 / Wtd. HRF eff = 1.634 / Pop var. = 0.45015 / time = 0.74
best of generation 61 / cbal. = 94.6358 / Wtd. con eff = 3.6675 / Wtd. HRF eff = 1.634 / Pop var. = 0.3666 / time = 0.72
best of generation 62 / cbal. = 94.6358 / Wtd. con eff = 3.6675 / Wtd. HRF eff = 1.634 / Pop var. = 0.45221 / time = 0.75
best of generation 63 / cbal. = 94.6358 / Wtd. con eff = 3.6675 / Wtd. HRF eff = 1.634 / Pop var. = 0.37683 / time = 0.75
best of generation 64 / cbal. = 94.6358 / Wtd. con eff = 3.6675 / Wtd. HRF eff = 1.634 / Pop var. = 0.46159 / time = 0.74
best of generation 65 / cbal. = 94.6358 / Wtd. con eff = 3.6675 / Wtd. HRF eff = 1.634 / Pop var. = 0.42991 / time = 0.74
best of generation 66 / cbal. = 94.8499 / Wtd. con eff = 3.6382 / Wtd. HRF eff = 1.5475 / Pop var. = 0.41914 / time = 0.74
best of generation 67 / cbal. = 94.6358 / Wtd. con eff = 3.6675 / Wtd. HRF eff = 1.634 / Pop var. = 0.37356 / time = 0.74
best of generation 68 / cbal. = 94.6358 / Wtd. con eff = 3.6675 / Wtd. HRF eff = 1.634 / Pop var. = 0.43314 / time = 0.75
best of generation 69 / cbal. = 94.6358 / Wtd. con eff = 3.6675 / Wtd. HRF eff = 1.634 / Pop var. = 0.38545 / time = 0.74
best of generation 70 / cbal. = 94.6358 / Wtd. con eff = 3.6675 / Wtd. HRF eff = 1.634 / Pop var. = 0.42661 / time = 0.74
best of generation 71 / cbal. = 94.6358 / Wtd. con eff = 3.6675 / Wtd. HRF eff = 1.634 / Pop var. = 0.35371 / time = 0.74
best of generation 72 / cbal. = 94.6358 / Wtd. con eff = 3.6675 / Wtd. HRF eff = 1.634 / Pop var. = 0.46655 / time = 0.74
best of generation 73 / cbal. = 94.6358 / Wtd. con eff = 3.6675 / Wtd. HRF eff = 1.634 / Pop var. = 0.43282 / time = 0.74
best of generation 74 / cbal. = 94.6358 / Wtd. con eff = 3.6675 / Wtd. HRF eff = 1.634 / Pop var. = 0.42921 / time = 0.77
best of generation 75 / cbal. = 94.6358 / Wtd. con eff = 3.6675 / Wtd. HRF eff = 1.634 / Pop var. = 0.41946 / time = 0.73
best of generation 76 / cbal. = 94.6358 / Wtd. con eff = 3.6675 / Wtd. HRF eff = 1.634 / Pop var. = 0.38491 / time = 0.73
best of generation 77 / cbal. = 94.6358 / Wtd. con eff = 3.6675 / Wtd. HRF eff = 1.634 / Pop var. = 0.45893 / time = 0.73
best of generation 78 / cbal. = 94.6358 / Wtd. con eff = 3.6675 / Wtd. HRF eff = 1.634 / Pop var. = 0.41653 / time = 0.73
best of generation 79 / cbal. = 94.6358 / Wtd. con eff = 3.6675 / Wtd. HRF eff = 1.634 / Pop var. = 0.36768 / time = 0.74
best of generation 80 / cbal. = 94.6358 / Wtd. con eff = 3.6675 / Wtd. HRF eff = 1.634 / Pop var. = 0.46119 / time = 0.73
best of generation 81 / cbal. = 94.6358 / Wtd. con eff = 3.6675 / Wtd. HRF eff = 1.634 / Pop var. = 0.43097 / time = 0.72
best of generation 82 / cbal. = 94.6358 / Wtd. con eff = 3.6675 / Wtd. HRF eff = 1.634 / Pop var. = 0.38359 / time = 0.73
best of generation 83 / cbal. = 94.6358 / Wtd. con eff = 3.6675 / Wtd. HRF eff = 1.634 / Pop var. = 0.44133 / time = 0.74
best of generation 84 / cbal. = 94.6358 / Wtd. con eff = 3.6675 / Wtd. HRF eff = 1.634 / Pop var. = 0.43034 / time = 0.73
best of generation 85 / cbal. = 94.6358 / Wtd. con eff = 3.6675 / Wtd. HRF eff = 1.634 / Pop var. = 0.39489 / time = 0.77
best of generation 86 / cbal. = 94.6358 / Wtd. con eff = 3.6675 / Wtd. HRF eff = 1.634 / Pop var. = 0.43284 / time = 0.72
best of generation 87 / cbal. = 94.6358 / Wtd. con eff = 3.6675 / Wtd. HRF eff = 1.634 / Pop var. = 0.37723 / time = 0.74
best of generation 88 / cbal. = 94.6358 / Wtd. con eff = 3.6675 / Wtd. HRF eff = 1.634 / Pop var. = 0.46617 / time = 0.73
best of generation 89 / cbal. = 94.6358 / Wtd. con eff = 3.6675 / Wtd. HRF eff = 1.634 / Pop var. = 0.4022 / time = 0.73
best of generation 90 / cbal. = 94.6358 / Wtd. con eff = 3.6675 / Wtd. HRF eff = 1.634 / Pop var. = 0.34839 / time = 0.73
best of generation 91 / cbal. = 95.1059 / Wtd. con eff = 3.6042 / Wtd. HRF eff = 1.3113 / Pop var. = 0.36014 / time = 0.74
best of generation 92 / cbal. = 95.1059 / Wtd. con eff = 3.6042 / Wtd. HRF eff = 1.3113 / Pop var. = 0.46071 / time = 0.73
best of generation 93 / cbal. = 95.1059 / Wtd. con eff = 3.6042 / Wtd. HRF eff = 1.3113 / Pop var. = 0.43877 / time = 0.74
best of generation 94 / cbal. = 95.1059 / Wtd. con eff = 3.6042 / Wtd. HRF eff = 1.3113 / Pop var. = 0.4076 / time = 0.73
best of generation 95 / cbal. = 94.7265 / Wtd. con eff = 3.6497 / Wtd. HRF eff = 1.741 / Pop var. = 0.40964 / time = 0.75
best of generation 96 / cbal. = 94.7265 / Wtd. con eff = 3.6497 / Wtd. HRF eff = 1.741 / Pop var. = 0.37461 / time = 0.76
best of generation 97 / cbal. = 94.7265 / Wtd. con eff = 3.6497 / Wtd. HRF eff = 1.741 / Pop var. = 0.45731 / time = 0.72
best of generation 98 / cbal. = 94.7265 / Wtd. con eff = 3.6497 / Wtd. HRF eff = 1.741 / Pop var. = 0.3961 / time = 0.72
best of generation 99 / cbal. = 94.7265 / Wtd. con eff = 3.6497 / Wtd. HRF eff = 1.741 / Pop var. = 0.42909 / time = 0.73
best of generation 100 / cbal. = 94.7265 / Wtd. con eff = 3.6497 / Wtd. HRF eff = 1.741 / Pop var. = 0.39865 / time = 0.74
best of generation 101 / cbal. = 94.7265 / Wtd. con eff = 3.6497 / Wtd. HRF eff = 1.741 / Pop var. = 0.43766 / time = 0.71
best of generation 102 / cbal. = 94.9683 / Wtd. con eff = 3.6467 / Wtd. HRF eff = 1.6269 / Pop var. = 0.39899 / time = 0.77
best of generation 103 / cbal. = 94.9683 / Wtd. con eff = 3.6467 / Wtd. HRF eff = 1.6269 / Pop var. = 0.4867 / time = 0.75
best of generation 104 / cbal. = 94.9683 / Wtd. con eff = 3.6467 / Wtd. HRF eff = 1.6269 / Pop var. = 0.4387 / time = 0.73
best of generation 105 / cbal. = 94.9683 / Wtd. con eff = 3.6467 / Wtd. HRF eff = 1.6269 / Pop var. = 0.39705 / time = 0.74
best of generation 106 / cbal. = 94.9683 / Wtd. con eff = 3.6467 / Wtd. HRF eff = 1.6269 / Pop var. = 0.43128 / time = 0.74
best of generation 107 / cbal. = 94.9683 / Wtd. con eff = 3.6467 / Wtd. HRF eff = 1.6269 / Pop var. = 0.35095 / time = 0.74
best of generation 108 / cbal. = 94.9683 / Wtd. con eff = 3.6467 / Wtd. HRF eff = 1.6269 / Pop var. = 0.39198 / time = 0.74
best of generation 109 / cbal. = 94.9683 / Wtd. con eff = 3.6467 / Wtd. HRF eff = 1.6269 / Pop var. = 0.46105 / time = 0.74
best of generation 110 / cbal. = 94.9683 / Wtd. con eff = 3.6467 / Wtd. HRF eff = 1.6269 / Pop var. = 0.39065 / time = 0.74
best of generation 111 / cbal. = 94.9683 / Wtd. con eff = 3.6467 / Wtd. HRF eff = 1.6269 / Pop var. = 0.45822 / time = 0.73
best of generation 112 / cbal. = 94.9683 / Wtd. con eff = 3.6467 / Wtd. HRF eff = 1.6269 / Pop var. = 0.40545 / time = 0.73
best of generation 113 / cbal. = 94.9683 / Wtd. con eff = 3.6467 / Wtd. HRF eff = 1.6269 / Pop var. = 0.30716 / time = 0.76
best of generation 114 / cbal. = 94.9683 / Wtd. con eff = 3.6467 / Wtd. HRF eff = 1.6269 / Pop var. = 0.40765 / time = 0.73
best of generation 115 / cbal. = 94.9683 / Wtd. con eff = 3.6467 / Wtd. HRF eff = 1.6269 / Pop var. = 0.35471 / time = 0.74
best of generation 116 / cbal. = 94.9683 / Wtd. con eff = 3.6467 / Wtd. HRF eff = 1.6269 / Pop var. = 0.44147 / time = 0.73
best of generation 117 / cbal. = 94.9683 / Wtd. con eff = 3.6467 / Wtd. HRF eff = 1.6269 / Pop var. = 0.378 / time = 0.76
best of generation 118 / cbal. = 94.9683 / Wtd. con eff = 3.6467 / Wtd. HRF eff = 1.6269 / Pop var. = 0.4437 / time = 0.76
best of generation 119 / cbal. = 94.9683 / Wtd. con eff = 3.6467 / Wtd. HRF eff = 1.6269 / Pop var. = 0.38874 / time = 0.73
best of generation 120 / cbal. = 94.9683 / Wtd. con eff = 3.6467 / Wtd. HRF eff = 1.6269 / Pop var. = 0.44183 / time = 0.73
best of generation 121 / cbal. = 94.9683 / Wtd. con eff = 3.6467 / Wtd. HRF eff = 1.6269 / Pop var. = 0.39688 / time = 0.72
best of generation 122 / cbal. = 94.9683 / Wtd. con eff = 3.6467 / Wtd. HRF eff = 1.6269 / Pop var. = 0.47987 / time = 0.73
best of generation 123 / cbal. = 94.9683 / Wtd. con eff = 3.6467 / Wtd. HRF eff = 1.6269 / Pop var. = 0.39326 / time = 0.74
best of generation 124 / cbal. = 94.9683 / Wtd. con eff = 3.6467 / Wtd. HRF eff = 1.6269 / Pop var. = 0.44736 / time = 0.76
best of generation 125 / cbal. = 94.9683 / Wtd. con eff = 3.6467 / Wtd. HRF eff = 1.6269 / Pop var. = 0.3624 / time = 0.74
best of generation 126 / cbal. = 94.9683 / Wtd. con eff = 3.6467 / Wtd. HRF eff = 1.6269 / Pop var. = 0.42807 / time = 0.73
best of generation 127 / cbal. = 94.9683 / Wtd. con eff = 3.6467 / Wtd. HRF eff = 1.6269 / Pop var. = 0.40568 / time = 0.74
best of generation 128 / cbal. = 94.9683 / Wtd. con eff = 3.6467 / Wtd. HRF eff = 1.6269 / Pop var. = 0.36418 / time = 0.73
best of generation 129 / cbal. = 94.9683 / Wtd. con eff = 3.6467 / Wtd. HRF eff = 1.6269 / Pop var. = 0.43271 / time = 0.74
best of generation 130 / cbal. = 94.9683 / Wtd. con eff = 3.6467 / Wtd. HRF eff = 1.6269 / Pop var. = 0.42462 / time = 0.73
best of generation 131 / cbal. = 94.9683 / Wtd. con eff = 3.6467 / Wtd. HRF eff = 1.6269 / Pop var. = 0.37146 / time = 0.74
best of generation 132 / cbal. = 94.9683 / Wtd. con eff = 3.6467 / Wtd. HRF eff = 1.6269 / Pop var. = 0.43486 / time = 0.73
best of generation 133 / cbal. = 94.9683 / Wtd. con eff = 3.6467 / Wtd. HRF eff = 1.6269 / Pop var. = 0.41184 / time = 0.73
best of generation 134 / cbal. = 94.9683 / Wtd. con eff = 3.6467 / Wtd. HRF eff = 1.6269 / Pop var. = 0.35829 / time = 0.74
best of generation 135 / cbal. = 94.9683 / Wtd. con eff = 3.6467 / Wtd. HRF eff = 1.6269 / Pop var. = 0.45137 / time = 0.77
best of generation 136 / cbal. = 94.9683 / Wtd. con eff = 3.6467 / Wtd. HRF eff = 1.6269 / Pop var. = 0.4384 / time = 0.73
best of generation 137 / cbal. = 94.9683 / Wtd. con eff = 3.6467 / Wtd. HRF eff = 1.6269 / Pop var. = 0.38551 / time = 0.73
best of generation 138 / cbal. = 94.9683 / Wtd. con eff = 3.6467 / Wtd. HRF eff = 1.6269 / Pop var. = 0.43881 / time = 0.73
best of generation 139 / cbal. = 94.9683 / Wtd. con eff = 3.6467 / Wtd. HRF eff = 1.6269 / Pop var. = 0.42413 / time = 0.73
best of generation 140 / cbal. = 94.9683 / Wtd. con eff = 3.6467 / Wtd. HRF eff = 1.6269 / Pop var. = 0.38518 / time = 0.75
best of generation 141 / cbal. = 94.9683 / Wtd. con eff = 3.6467 / Wtd. HRF eff = 1.6269 / Pop var. = 0.43552 / time = 0.73
best of generation 142 / cbal. = 94.9683 / Wtd. con eff = 3.6467 / Wtd. HRF eff = 1.6269 / Pop var. = 0.36514 / time = 0.73
best of generation 143 / cbal. = 94.9683 / Wtd. con eff = 3.6467 / Wtd. HRF eff = 1.6269 / Pop var. = 0.43484 / time = 0.73
best of generation 144 / cbal. = 94.9683 / Wtd. con eff = 3.6467 / Wtd. HRF eff = 1.6269 / Pop var. = 0.39266 / time = 0.73
best of generation 145 / cbal. = 94.9683 / Wtd. con eff = 3.6467 / Wtd. HRF eff = 1.6269 / Pop var. = 0.4565 / time = 0.74
best of generation 146 / cbal. = 94.9683 / Wtd. con eff = 3.6467 / Wtd. HRF eff = 1.6269 / Pop var. = 0.37346 / time = 0.76
best of generation 147 / cbal. = 94.6583 / Wtd. con eff = 3.6644 / Wtd. HRF eff = 4.245 / Pop var. = 0.42698 / time = 0.74
best of generation 148 / cbal. = 94.6583 / Wtd. con eff = 3.6644 / Wtd. HRF eff = 4.245 / Pop var. = 0.38525 / time = 0.73
best of generation 149 / cbal. = 94.6583 / Wtd. con eff = 3.6644 / Wtd. HRF eff = 4.245 / Pop var. = 0.45412 / time = 0.73
best of generation 150 / cbal. = 94.6583 / Wtd. con eff = 3.6644 / Wtd. HRF eff = 4.245 / Pop var. = 0.43954 / time = 0.73
best of generation 151 / cbal. = 94.6583 / Wtd. con eff = 3.6644 / Wtd. HRF eff = 4.245 / Pop var. = 0.44113 / time = 0.75
best of generation 152 / cbal. = 94.6583 / Wtd. con eff = 3.6644 / Wtd. HRF eff = 4.245 / Pop var. = 0.35621 / time = 0.73
best of generation 153 / cbal. = 94.6583 / Wtd. con eff = 3.6644 / Wtd. HRF eff = 4.245 / Pop var. = 0.36614 / time = 0.73
best of generation 154 / cbal. = 94.6583 / Wtd. con eff = 3.6644 / Wtd. HRF eff = 4.245 / Pop var. = 0.411 / time = 0.74
best of generation 155 / cbal. = 94.6583 / Wtd. con eff = 3.6644 / Wtd. HRF eff = 4.245 / Pop var. = 0.35405 / time = 0.74
best of generation 156 / cbal. = 94.6583 / Wtd. con eff = 3.6644 / Wtd. HRF eff = 4.245 / Pop var. = 0.42884 / time = 0.74
best of generation 157 / cbal. = 94.6583 / Wtd. con eff = 3.6644 / Wtd. HRF eff = 4.245 / Pop var. = 0.39159 / time = 0.74
best of generation 158 / cbal. = 94.6583 / Wtd. con eff = 3.6644 / Wtd. HRF eff = 4.245 / Pop var. = 0.4314 / time = 0.74
best of generation 159 / cbal. = 94.6583 / Wtd. con eff = 3.6644 / Wtd. HRF eff = 4.245 / Pop var. = 0.3936 / time = 0.74
best of generation 160 / cbal. = 94.6583 / Wtd. con eff = 3.6644 / Wtd. HRF eff = 4.245 / Pop var. = 0.47586 / time = 0.73
best of generation 161 / cbal. = 94.6583 / Wtd. con eff = 3.6644 / Wtd. HRF eff = 4.245 / Pop var. = 0.43106 / time = 0.72
saving workspace as GAresults.mat
M = 
     origlist: [49x1 double]
     restlist: [20x1 double]
     stimlist: [60x1 double]
           ga: [1x1 struct]
    bestLists: [60x161 uint8]
         date: '11-9-2014'
optimizeGA done: 120.84 s
