Starting Model 47
OptimizeGA
===============================
Saturation threshold = 
Setting up variables
You entered 2 conditions  (event types) that will each be modeled with a regessor. 
 Note that if you enter 0 as a condition number, those events will not be modeled
 (they are assumed to be rest/inter-stimulus interval periods)

Contrasts entered. You entered matrix of 3 contrasts, with weights across 4 conditions.
 Contrasts:
     1     1    -1    -1
     1     0    -1     0
     0     1     0    -1
 ...adding one column to contrast matrix with weights of 0, to model the intercept
You entered a contrast weight vector across 3 contrasts
 	...Using rests of length 1 and resting every 4
================== Parameters ======================
     Total stimuli in scan      : 60
     Fixed rest length in ITIs  : 1
     Fixed Rest stimuli in scan : 11
     Num blank intervals        : 9
     Num of task conds          : 2
     Num stimuli each cond      : 20  20
====================================================
	...generating lists of organisms
	...USING TRANS2BLOCK >
     freqConditions = 0.2         0.2         0.2         0.2
     conditions = 1  2  3  4
REST INTERVALS: not used (to use, freqCond should be one longer than conditions
  ...randomizing organism start state
	...restMatrix is 20 X 40
ans =
     4     4     4     4     4     4     4     4     4     4
     4     4     4     4     4     4     4     4     4     4
     4     4     4     4     4     4     4     4     4     4
     4     4     4     4     4     4     4     4     4     4
     4     4     4     4     4     4     4     4     4     4
======== Num stimuli, averaged across lists (before instruction/rest stimuli) ========
		Condition 0: 9 stimuli, 15% of total stimuli
		Condition 1: 20 stimuli, 33.3333% of total stimuli
		Condition 2: 20 stimuli, 33.3333% of total stimuli
		Condition 3: 0 stimuli, 0% of total stimuli
		Condition 4: 0 stimuli, 0% of total stimuli
======================================================================================
best of generation 1 / cbal. = 94.95 / Wtd. con eff = 2.6507 / Wtd. HRF eff = 0.59736 / Pop var. = 0.85995 / time = 0.75
best of generation 2 / cbal. = 94.95 / Wtd. con eff = 2.6507 / Wtd. HRF eff = 0.59736 / Pop var. = 0.83944 / time = 0.71
best of generation 3 / cbal. = 94.95 / Wtd. con eff = 2.6507 / Wtd. HRF eff = 0.59736 / Pop var. = 0.83181 / time = 0.72
best of generation 4 / cbal. = 94.6844 / Wtd. con eff = 2.9316 / Wtd. HRF eff = 0.47086 / Pop var. = 0.8131 / time = 0.75
best of generation 5 / cbal. = 94.6844 / Wtd. con eff = 2.9316 / Wtd. HRF eff = 0.47086 / Pop var. = 0.7868 / time = 0.72
best of generation 6 / cbal. = 94.7304 / Wtd. con eff = 2.8358 / Wtd. HRF eff = 0.52362 / Pop var. = 0.76653 / time = 0.72
best of generation 7 / cbal. = 95.0348 / Wtd. con eff = 2.9179 / Wtd. HRF eff = 0.61887 / Pop var. = 0.71577 / time = 0.72
best of generation 8 / cbal. = 94.781 / Wtd. con eff = 2.9701 / Wtd. HRF eff = 0.6983 / Pop var. = 0.72934 / time = 0.71
best of generation 9 / cbal. = 94.8231 / Wtd. con eff = 3.0237 / Wtd. HRF eff = 0.68624 / Pop var. = 0.71262 / time = 0.73
best of generation 10 / cbal. = 94.7868 / Wtd. con eff = 3.2106 / Wtd. HRF eff = 0.90262 / Pop var. = 0.70118 / time = 0.72
best of generation 11 / cbal. = 94.7868 / Wtd. con eff = 3.2106 / Wtd. HRF eff = 0.90262 / Pop var. = 0.66297 / time = 0.72
best of generation 12 / cbal. = 94.968 / Wtd. con eff = 3.2631 / Wtd. HRF eff = 0.8342 / Pop var. = 0.60869 / time = 0.72
best of generation 13 / cbal. = 95.19 / Wtd. con eff = 3.1595 / Wtd. HRF eff = 0.86347 / Pop var. = 0.56499 / time = 0.71
best of generation 14 / cbal. = 95.0175 / Wtd. con eff = 3.2428 / Wtd. HRF eff = 1.0613 / Pop var. = 0.50041 / time = 0.73
best of generation 15 / cbal. = 95.1504 / Wtd. con eff = 3.1838 / Wtd. HRF eff = 0.8829 / Pop var. = 0.42223 / time = 0.76
best of generation 16 / cbal. = 94.8486 / Wtd. con eff = 3.3167 / Wtd. HRF eff = 1.0812 / Pop var. = 0.37353 / time = 0.72
best of generation 17 / cbal. = 95.3071 / Wtd. con eff = 3.2403 / Wtd. HRF eff = 0.97832 / Pop var. = 0.43108 / time = 0.72
best of generation 18 / cbal. = 95.3071 / Wtd. con eff = 3.2424 / Wtd. HRF eff = 1.0708 / Pop var. = 0.3757 / time = 0.73
best of generation 19 / cbal. = 95.2223 / Wtd. con eff = 3.4985 / Wtd. HRF eff = 1.1085 / Pop var. = 0.46215 / time = 0.73
best of generation 20 / cbal. = 95.2223 / Wtd. con eff = 3.4985 / Wtd. HRF eff = 1.1085 / Pop var. = 0.46397 / time = 0.73
best of generation 21 / cbal. = 95.2223 / Wtd. con eff = 3.4985 / Wtd. HRF eff = 1.1085 / Pop var. = 0.45586 / time = 0.75
best of generation 22 / cbal. = 94.8421 / Wtd. con eff = 3.493 / Wtd. HRF eff = 1.2032 / Pop var. = 0.46152 / time = 0.73
best of generation 23 / cbal. = 94.8421 / Wtd. con eff = 3.493 / Wtd. HRF eff = 1.2032 / Pop var. = 0.48267 / time = 0.73
best of generation 24 / cbal. = 94.8421 / Wtd. con eff = 3.493 / Wtd. HRF eff = 1.2032 / Pop var. = 0.47951 / time = 0.73
best of generation 25 / cbal. = 94.9206 / Wtd. con eff = 3.4927 / Wtd. HRF eff = 1.4926 / Pop var. = 0.43725 / time = 0.73
best of generation 26 / cbal. = 94.9206 / Wtd. con eff = 3.4927 / Wtd. HRF eff = 1.4926 / Pop var. = 0.3953 / time = 0.76
best of generation 27 / cbal. = 94.9206 / Wtd. con eff = 3.4927 / Wtd. HRF eff = 1.4926 / Pop var. = 0.4079 / time = 0.74
best of generation 28 / cbal. = 94.9206 / Wtd. con eff = 3.4927 / Wtd. HRF eff = 1.4926 / Pop var. = 0.36525 / time = 0.73
best of generation 29 / cbal. = 94.9206 / Wtd. con eff = 3.4927 / Wtd. HRF eff = 1.4926 / Pop var. = 0.44903 / time = 0.72
best of generation 30 / cbal. = 94.9206 / Wtd. con eff = 3.4927 / Wtd. HRF eff = 1.4926 / Pop var. = 0.39241 / time = 0.72
best of generation 31 / cbal. = 94.9206 / Wtd. con eff = 3.4927 / Wtd. HRF eff = 1.4926 / Pop var. = 0.4646 / time = 0.73
best of generation 32 / cbal. = 94.8577 / Wtd. con eff = 3.4787 / Wtd. HRF eff = 1.8286 / Pop var. = 0.40642 / time = 0.75
best of generation 33 / cbal. = 94.8033 / Wtd. con eff = 3.5513 / Wtd. HRF eff = 1.21 / Pop var. = 0.34664 / time = 0.73
best of generation 34 / cbal. = 95.0084 / Wtd. con eff = 3.5574 / Wtd. HRF eff = 1.0053 / Pop var. = 0.41514 / time = 0.73
best of generation 35 / cbal. = 95.0084 / Wtd. con eff = 3.5574 / Wtd. HRF eff = 1.0053 / Pop var. = 0.40751 / time = 0.74
best of generation 36 / cbal. = 95.0084 / Wtd. con eff = 3.5574 / Wtd. HRF eff = 1.0053 / Pop var. = 0.38414 / time = 0.75
best of generation 37 / cbal. = 95.0084 / Wtd. con eff = 3.5574 / Wtd. HRF eff = 1.0053 / Pop var. = 0.44457 / time = 0.75
best of generation 38 / cbal. = 94.681 / Wtd. con eff = 3.5941 / Wtd. HRF eff = 1.2961 / Pop var. = 0.3555 / time = 0.73
best of generation 39 / cbal. = 94.681 / Wtd. con eff = 3.5941 / Wtd. HRF eff = 1.2961 / Pop var. = 0.45654 / time = 0.74
best of generation 40 / cbal. = 95.1472 / Wtd. con eff = 3.557 / Wtd. HRF eff = 1.0028 / Pop var. = 0.43045 / time = 0.73
best of generation 41 / cbal. = 95.1472 / Wtd. con eff = 3.557 / Wtd. HRF eff = 1.0028 / Pop var. = 0.37861 / time = 0.73
best of generation 42 / cbal. = 94.6885 / Wtd. con eff = 3.5979 / Wtd. HRF eff = 1.3294 / Pop var. = 0.45664 / time = 0.75
best of generation 43 / cbal. = 94.6885 / Wtd. con eff = 3.5979 / Wtd. HRF eff = 1.3294 / Pop var. = 0.39929 / time = 0.74
best of generation 44 / cbal. = 94.6885 / Wtd. con eff = 3.5979 / Wtd. HRF eff = 1.3294 / Pop var. = 0.4508 / time = 0.73
best of generation 45 / cbal. = 94.6885 / Wtd. con eff = 3.5979 / Wtd. HRF eff = 1.3294 / Pop var. = 0.41503 / time = 0.75
best of generation 46 / cbal. = 94.6885 / Wtd. con eff = 3.5979 / Wtd. HRF eff = 1.3294 / Pop var. = 0.3757 / time = 0.73
best of generation 47 / cbal. = 94.6885 / Wtd. con eff = 3.5979 / Wtd. HRF eff = 1.3294 / Pop var. = 0.43344 / time = 0.74
best of generation 48 / cbal. = 94.5393 / Wtd. con eff = 3.6481 / Wtd. HRF eff = 0.90213 / Pop var. = 0.39382 / time = 0.75
best of generation 49 / cbal. = 94.6885 / Wtd. con eff = 3.5979 / Wtd. HRF eff = 1.3294 / Pop var. = 0.4453 / time = 0.74
best of generation 50 / cbal. = 94.6885 / Wtd. con eff = 3.5979 / Wtd. HRF eff = 1.3294 / Pop var. = 0.40984 / time = 0.74
best of generation 51 / cbal. = 94.6885 / Wtd. con eff = 3.6154 / Wtd. HRF eff = 1.4701 / Pop var. = 0.37957 / time = 0.73
best of generation 52 / cbal. = 94.6885 / Wtd. con eff = 3.6154 / Wtd. HRF eff = 1.4701 / Pop var. = 0.49434 / time = 0.73
best of generation 53 / cbal. = 94.6885 / Wtd. con eff = 3.6154 / Wtd. HRF eff = 1.4701 / Pop var. = 0.46113 / time = 0.74
best of generation 54 / cbal. = 94.6885 / Wtd. con eff = 3.6154 / Wtd. HRF eff = 1.4701 / Pop var. = 0.40969 / time = 0.75
best of generation 55 / cbal. = 94.6885 / Wtd. con eff = 3.6154 / Wtd. HRF eff = 1.4701 / Pop var. = 0.3934 / time = 0.74
best of generation 56 / cbal. = 94.6885 / Wtd. con eff = 3.6154 / Wtd. HRF eff = 1.4701 / Pop var. = 0.46786 / time = 0.74
best of generation 57 / cbal. = 94.4807 / Wtd. con eff = 3.6629 / Wtd. HRF eff = 1.4275 / Pop var. = 0.43511 / time = 0.73
best of generation 58 / cbal. = 94.4807 / Wtd. con eff = 3.6629 / Wtd. HRF eff = 1.4275 / Pop var. = 0.37363 / time = 0.74
best of generation 59 / cbal. = 94.6885 / Wtd. con eff = 3.6154 / Wtd. HRF eff = 1.4701 / Pop var. = 0.44398 / time = 0.75
best of generation 60 / cbal. = 94.6885 / Wtd. con eff = 3.6154 / Wtd. HRF eff = 1.4701 / Pop var. = 0.38951 / time = 0.74
best of generation 61 / cbal. = 94.6885 / Wtd. con eff = 3.6154 / Wtd. HRF eff = 1.4701 / Pop var. = 0.44773 / time = 0.74
best of generation 62 / cbal. = 94.6885 / Wtd. con eff = 3.6154 / Wtd. HRF eff = 1.4701 / Pop var. = 0.39912 / time = 0.73
best of generation 63 / cbal. = 94.6885 / Wtd. con eff = 3.6154 / Wtd. HRF eff = 1.4701 / Pop var. = 0.44958 / time = 0.74
best of generation 64 / cbal. = 94.6283 / Wtd. con eff = 3.6453 / Wtd. HRF eff = 1.3833 / Pop var. = 0.37788 / time = 0.75
best of generation 65 / cbal. = 94.6283 / Wtd. con eff = 3.6453 / Wtd. HRF eff = 1.3833 / Pop var. = 0.45092 / time = 0.76
best of generation 66 / cbal. = 94.6283 / Wtd. con eff = 3.6453 / Wtd. HRF eff = 1.3833 / Pop var. = 0.44806 / time = 0.74
best of generation 67 / cbal. = 94.6283 / Wtd. con eff = 3.6453 / Wtd. HRF eff = 1.3833 / Pop var. = 0.41837 / time = 0.73
best of generation 68 / cbal. = 94.6283 / Wtd. con eff = 3.6453 / Wtd. HRF eff = 1.3833 / Pop var. = 0.38395 / time = 0.74
best of generation 69 / cbal. = 94.6283 / Wtd. con eff = 3.6453 / Wtd. HRF eff = 1.3833 / Pop var. = 0.45159 / time = 0.74
best of generation 70 / cbal. = 94.4228 / Wtd. con eff = 3.6644 / Wtd. HRF eff = 1.6644 / Pop var. = 0.44699 / time = 0.74
best of generation 71 / cbal. = 94.4228 / Wtd. con eff = 3.6644 / Wtd. HRF eff = 1.6644 / Pop var. = 0.42805 / time = 0.73
best of generation 72 / cbal. = 94.4228 / Wtd. con eff = 3.6644 / Wtd. HRF eff = 1.6644 / Pop var. = 0.37001 / time = 0.74
best of generation 73 / cbal. = 94.4228 / Wtd. con eff = 3.6644 / Wtd. HRF eff = 1.6644 / Pop var. = 0.45348 / time = 0.73
best of generation 74 / cbal. = 94.4228 / Wtd. con eff = 3.6644 / Wtd. HRF eff = 1.6644 / Pop var. = 0.42164 / time = 0.73
best of generation 75 / cbal. = 94.4228 / Wtd. con eff = 3.6644 / Wtd. HRF eff = 1.6644 / Pop var. = 0.39787 / time = 0.74
best of generation 76 / cbal. = 94.4228 / Wtd. con eff = 3.6644 / Wtd. HRF eff = 1.6644 / Pop var. = 0.45727 / time = 0.76
best of generation 77 / cbal. = 94.4228 / Wtd. con eff = 3.6644 / Wtd. HRF eff = 1.6644 / Pop var. = 0.44773 / time = 0.75
best of generation 78 / cbal. = 94.4228 / Wtd. con eff = 3.6644 / Wtd. HRF eff = 1.6644 / Pop var. = 0.40358 / time = 0.74
best of generation 79 / cbal. = 94.6734 / Wtd. con eff = 3.6502 / Wtd. HRF eff = 1.6673 / Pop var. = 0.32935 / time = 0.74
best of generation 80 / cbal. = 94.6734 / Wtd. con eff = 3.6502 / Wtd. HRF eff = 1.6673 / Pop var. = 0.39136 / time = 0.73
best of generation 81 / cbal. = 94.6734 / Wtd. con eff = 3.6502 / Wtd. HRF eff = 1.6673 / Pop var. = 0.44549 / time = 0.75
best of generation 82 / cbal. = 94.6734 / Wtd. con eff = 3.6502 / Wtd. HRF eff = 1.6673 / Pop var. = 0.42276 / time = 0.74
best of generation 83 / cbal. = 94.2524 / Wtd. con eff = 3.7049 / Wtd. HRF eff = 1.8016 / Pop var. = 0.38693 / time = 0.73
best of generation 84 / cbal. = 94.2524 / Wtd. con eff = 3.7049 / Wtd. HRF eff = 1.8016 / Pop var. = 0.45686 / time = 0.74
best of generation 85 / cbal. = 94.2524 / Wtd. con eff = 3.7049 / Wtd. HRF eff = 1.8016 / Pop var. = 0.42042 / time = 0.74
best of generation 86 / cbal. = 94.2524 / Wtd. con eff = 3.7049 / Wtd. HRF eff = 1.8016 / Pop var. = 0.3938 / time = 0.74
best of generation 87 / cbal. = 94.2524 / Wtd. con eff = 3.7049 / Wtd. HRF eff = 1.8016 / Pop var. = 0.42871 / time = 0.75
best of generation 88 / cbal. = 94.2524 / Wtd. con eff = 3.7049 / Wtd. HRF eff = 1.8016 / Pop var. = 0.41359 / time = 0.73
best of generation 89 / cbal. = 94.2524 / Wtd. con eff = 3.7049 / Wtd. HRF eff = 1.8016 / Pop var. = 0.30137 / time = 0.74
best of generation 90 / cbal. = 94.2524 / Wtd. con eff = 3.7049 / Wtd. HRF eff = 1.8016 / Pop var. = 0.37009 / time = 0.74
best of generation 91 / cbal. = 94.2106 / Wtd. con eff = 3.7164 / Wtd. HRF eff = 1.7909 / Pop var. = 0.42176 / time = 0.74
best of generation 92 / cbal. = 94.2106 / Wtd. con eff = 3.7164 / Wtd. HRF eff = 1.7909 / Pop var. = 0.37335 / time = 0.78
best of generation 93 / cbal. = 94.2106 / Wtd. con eff = 3.7164 / Wtd. HRF eff = 1.7909 / Pop var. = 0.41971 / time = 0.73
best of generation 94 / cbal. = 94.2106 / Wtd. con eff = 3.7164 / Wtd. HRF eff = 1.7909 / Pop var. = 0.36051 / time = 0.73
best of generation 95 / cbal. = 94.2106 / Wtd. con eff = 3.7164 / Wtd. HRF eff = 1.7909 / Pop var. = 0.40558 / time = 0.74
best of generation 96 / cbal. = 94.2106 / Wtd. con eff = 3.7164 / Wtd. HRF eff = 1.7909 / Pop var. = 0.35833 / time = 0.74
best of generation 97 / cbal. = 94.2106 / Wtd. con eff = 3.7164 / Wtd. HRF eff = 1.7909 / Pop var. = 0.40948 / time = 0.74
best of generation 98 / cbal. = 94.2106 / Wtd. con eff = 3.7164 / Wtd. HRF eff = 1.7909 / Pop var. = 0.37144 / time = 0.74
best of generation 99 / cbal. = 94.2106 / Wtd. con eff = 3.7164 / Wtd. HRF eff = 1.7909 / Pop var. = 0.44246 / time = 0.74
best of generation 100 / cbal. = 94.2106 / Wtd. con eff = 3.7164 / Wtd. HRF eff = 1.7909 / Pop var. = 0.4401 / time = 0.74
best of generation 101 / cbal. = 94.2106 / Wtd. con eff = 3.7164 / Wtd. HRF eff = 1.7909 / Pop var. = 0.38923 / time = 0.73
best of generation 102 / cbal. = 94.2106 / Wtd. con eff = 3.7164 / Wtd. HRF eff = 1.7909 / Pop var. = 0.47697 / time = 0.73
best of generation 103 / cbal. = 94.2106 / Wtd. con eff = 3.7164 / Wtd. HRF eff = 1.7909 / Pop var. = 0.41956 / time = 0.77
best of generation 104 / cbal. = 94.2106 / Wtd. con eff = 3.7164 / Wtd. HRF eff = 1.7909 / Pop var. = 0.35395 / time = 0.73
best of generation 105 / cbal. = 94.2106 / Wtd. con eff = 3.7164 / Wtd. HRF eff = 1.7909 / Pop var. = 0.39414 / time = 0.74
best of generation 106 / cbal. = 94.2106 / Wtd. con eff = 3.7164 / Wtd. HRF eff = 1.7909 / Pop var. = 0.46938 / time = 0.73
best of generation 107 / cbal. = 94.2106 / Wtd. con eff = 3.7164 / Wtd. HRF eff = 1.7909 / Pop var. = 0.41492 / time = 0.73
best of generation 108 / cbal. = 94.2106 / Wtd. con eff = 3.7164 / Wtd. HRF eff = 1.7909 / Pop var. = 0.37273 / time = 0.75
best of generation 109 / cbal. = 94.2106 / Wtd. con eff = 3.7164 / Wtd. HRF eff = 1.7909 / Pop var. = 0.44466 / time = 0.73
best of generation 110 / cbal. = 94.2106 / Wtd. con eff = 3.7164 / Wtd. HRF eff = 1.7909 / Pop var. = 0.40553 / time = 0.74
best of generation 111 / cbal. = 94.2106 / Wtd. con eff = 3.7164 / Wtd. HRF eff = 1.7909 / Pop var. = 0.35903 / time = 0.73
best of generation 112 / cbal. = 94.4517 / Wtd. con eff = 3.6903 / Wtd. HRF eff = 1.7848 / Pop var. = 0.4268 / time = 0.74
best of generation 113 / cbal. = 94.2106 / Wtd. con eff = 3.7164 / Wtd. HRF eff = 1.7909 / Pop var. = 0.39572 / time = 0.74
best of generation 114 / cbal. = 94.2106 / Wtd. con eff = 3.7164 / Wtd. HRF eff = 1.7909 / Pop var. = 0.45686 / time = 0.75
best of generation 115 / cbal. = 94.4517 / Wtd. con eff = 3.6903 / Wtd. HRF eff = 1.7848 / Pop var. = 0.39977 / time = 0.73
best of generation 116 / cbal. = 94.4517 / Wtd. con eff = 3.6903 / Wtd. HRF eff = 1.7848 / Pop var. = 0.4813 / time = 0.74
best of generation 117 / cbal. = 94.4517 / Wtd. con eff = 3.6903 / Wtd. HRF eff = 1.7848 / Pop var. = 0.44316 / time = 0.73
best of generation 118 / cbal. = 94.4517 / Wtd. con eff = 3.6903 / Wtd. HRF eff = 1.7848 / Pop var. = 0.38902 / time = 0.74
best of generation 119 / cbal. = 94.4517 / Wtd. con eff = 3.6903 / Wtd. HRF eff = 1.7848 / Pop var. = 0.46894 / time = 0.76
best of generation 120 / cbal. = 94.4517 / Wtd. con eff = 3.6903 / Wtd. HRF eff = 1.7848 / Pop var. = 0.42705 / time = 0.75
best of generation 121 / cbal. = 94.4517 / Wtd. con eff = 3.6903 / Wtd. HRF eff = 1.7848 / Pop var. = 0.39265 / time = 0.73
best of generation 122 / cbal. = 94.4517 / Wtd. con eff = 3.6903 / Wtd. HRF eff = 1.7848 / Pop var. = 0.4562 / time = 0.74
best of generation 123 / cbal. = 94.4517 / Wtd. con eff = 3.6903 / Wtd. HRF eff = 1.7848 / Pop var. = 0.38261 / time = 0.73
best of generation 124 / cbal. = 94.7494 / Wtd. con eff = 3.6581 / Wtd. HRF eff = 1.6328 / Pop var. = 0.48703 / time = 0.74
best of generation 125 / cbal. = 94.4517 / Wtd. con eff = 3.6903 / Wtd. HRF eff = 1.7848 / Pop var. = 0.40935 / time = 0.76
best of generation 126 / cbal. = 94.4517 / Wtd. con eff = 3.6903 / Wtd. HRF eff = 1.7848 / Pop var. = 0.3277 / time = 0.74
best of generation 127 / cbal. = 94.4517 / Wtd. con eff = 3.6903 / Wtd. HRF eff = 1.7848 / Pop var. = 0.39401 / time = 0.74
best of generation 128 / cbal. = 94.4517 / Wtd. con eff = 3.6903 / Wtd. HRF eff = 1.7848 / Pop var. = 0.4675 / time = 0.73
best of generation 129 / cbal. = 94.7037 / Wtd. con eff = 3.6696 / Wtd. HRF eff = 1.6476 / Pop var. = 0.38884 / time = 0.73
best of generation 130 / cbal. = 94.7037 / Wtd. con eff = 3.6696 / Wtd. HRF eff = 1.6476 / Pop var. = 0.42038 / time = 0.75
best of generation 131 / cbal. = 94.4517 / Wtd. con eff = 3.6903 / Wtd. HRF eff = 1.7848 / Pop var. = 0.36664 / time = 0.72
best of generation 132 / cbal. = 94.4517 / Wtd. con eff = 3.6903 / Wtd. HRF eff = 1.7848 / Pop var. = 0.44623 / time = 0.75
best of generation 133 / cbal. = 94.4517 / Wtd. con eff = 3.6903 / Wtd. HRF eff = 1.7848 / Pop var. = 0.38496 / time = 0.74
best of generation 134 / cbal. = 94.4517 / Wtd. con eff = 3.6903 / Wtd. HRF eff = 1.7848 / Pop var. = 0.4363 / time = 0.73
best of generation 135 / cbal. = 94.4517 / Wtd. con eff = 3.6903 / Wtd. HRF eff = 1.7848 / Pop var. = 0.40561 / time = 0.73
best of generation 136 / cbal. = 94.6134 / Wtd. con eff = 3.6709 / Wtd. HRF eff = 1.8314 / Pop var. = 0.38413 / time = 0.76
best of generation 137 / cbal. = 94.6134 / Wtd. con eff = 3.6709 / Wtd. HRF eff = 1.8314 / Pop var. = 0.48782 / time = 0.73
best of generation 138 / cbal. = 94.6134 / Wtd. con eff = 3.6709 / Wtd. HRF eff = 1.8314 / Pop var. = 0.44504 / time = 0.73
best of generation 139 / cbal. = 94.6583 / Wtd. con eff = 3.6933 / Wtd. HRF eff = 1.6045 / Pop var. = 0.40554 / time = 0.74
best of generation 140 / cbal. = 94.6583 / Wtd. con eff = 3.6933 / Wtd. HRF eff = 1.6045 / Pop var. = 0.34583 / time = 0.74
best of generation 141 / cbal. = 94.6583 / Wtd. con eff = 3.6933 / Wtd. HRF eff = 1.6045 / Pop var. = 0.42958 / time = 0.74
best of generation 142 / cbal. = 94.6583 / Wtd. con eff = 3.6933 / Wtd. HRF eff = 1.6045 / Pop var. = 0.41473 / time = 0.76
best of generation 143 / cbal. = 94.6583 / Wtd. con eff = 3.6933 / Wtd. HRF eff = 1.6045 / Pop var. = 0.34607 / time = 0.72
best of generation 144 / cbal. = 94.6583 / Wtd. con eff = 3.6933 / Wtd. HRF eff = 1.6045 / Pop var. = 0.41876 / time = 0.75
best of generation 145 / cbal. = 94.5246 / Wtd. con eff = 3.7 / Wtd. HRF eff = 2.1302 / Pop var. = 0.34922 / time = 0.74
best of generation 146 / cbal. = 94.5246 / Wtd. con eff = 3.7 / Wtd. HRF eff = 2.1302 / Pop var. = 0.42031 / time = 0.73
best of generation 147 / cbal. = 94.5246 / Wtd. con eff = 3.7 / Wtd. HRF eff = 2.1302 / Pop var. = 0.37211 / time = 0.75
best of generation 148 / cbal. = 94.5246 / Wtd. con eff = 3.7 / Wtd. HRF eff = 2.1302 / Pop var. = 0.44774 / time = 0.74
best of generation 149 / cbal. = 94.5246 / Wtd. con eff = 3.7 / Wtd. HRF eff = 2.1302 / Pop var. = 0.38788 / time = 0.74
best of generation 150 / cbal. = 94.5246 / Wtd. con eff = 3.7 / Wtd. HRF eff = 2.1302 / Pop var. = 0.47929 / time = 0.75
best of generation 151 / cbal. = 94.5246 / Wtd. con eff = 3.7 / Wtd. HRF eff = 2.1302 / Pop var. = 0.47312 / time = 0.73
best of generation 152 / cbal. = 94.5246 / Wtd. con eff = 3.7 / Wtd. HRF eff = 2.1302 / Pop var. = 0.39998 / time = 0.76
best of generation 153 / cbal. = 94.5246 / Wtd. con eff = 3.7 / Wtd. HRF eff = 2.1302 / Pop var. = 0.43813 / time = 0.75
best of generation 154 / cbal. = 94.5246 / Wtd. con eff = 3.7 / Wtd. HRF eff = 2.1302 / Pop var. = 0.42296 / time = 0.74
best of generation 155 / cbal. = 94.5246 / Wtd. con eff = 3.7 / Wtd. HRF eff = 2.1302 / Pop var. = 0.35478 / time = 0.74
best of generation 156 / cbal. = 94.5246 / Wtd. con eff = 3.7 / Wtd. HRF eff = 2.1302 / Pop var. = 0.44951 / time = 0.73
best of generation 157 / cbal. = 94.5246 / Wtd. con eff = 3.7 / Wtd. HRF eff = 2.1302 / Pop var. = 0.37875 / time = 0.74
best of generation 158 / cbal. = 94.5246 / Wtd. con eff = 3.7 / Wtd. HRF eff = 2.1302 / Pop var. = 0.45426 / time = 0.75
best of generation 159 / cbal. = 94.5246 / Wtd. con eff = 3.7 / Wtd. HRF eff = 2.1302 / Pop var. = 0.39479 / time = 0.72
best of generation 160 / cbal. = 94.5246 / Wtd. con eff = 3.7 / Wtd. HRF eff = 2.1302 / Pop var. = 0.52317 / time = 0.74
saving workspace as GAresults.mat
M = 
     origlist: [49x1 double]
     restlist: [20x1 double]
     stimlist: [60x1 double]
           ga: [1x1 struct]
    bestLists: [60x160 uint8]
         date: '11-9-2014'
optimizeGA done: 120.4 s
