Starting Model 94
OptimizeGA
===============================
Saturation threshold = 
Setting up variables
You entered 2 conditions  (event types) that will each be modeled with a regessor. 
 Note that if you enter 0 as a condition number, those events will not be modeled
 (they are assumed to be rest/inter-stimulus interval periods)

Contrasts entered. You entered matrix of 3 contrasts, with weights across 4 conditions.
 Contrasts:
     1     1    -1    -1
     1     0    -1     0
     0     1     0    -1
 ...adding one column to contrast matrix with weights of 0, to model the intercept
You entered a contrast weight vector across 3 contrasts
 	...Using rests of length 1 and resting every 4
================== Parameters ======================
     Total stimuli in scan      : 60
     Fixed rest length in ITIs  : 1
     Fixed Rest stimuli in scan : 11
     Num blank intervals        : 9
     Num of task conds          : 2
     Num stimuli each cond      : 20  20
====================================================
	...generating lists of organisms
	...USING TRANS2BLOCK >
     freqConditions = 0.2         0.2         0.2         0.2
     conditions = 1  2  3  4
REST INTERVALS: not used (to use, freqCond should be one longer than conditions
  ...randomizing organism start state
	...restMatrix is 20 X 40
ans =
     4     4     4     4     4     4     4     4     4     4
     4     4     4     4     4     4     4     4     4     4
     4     4     4     4     4     4     4     4     4     4
     4     4     4     4     4     4     4     4     4     4
     4     4     4     4     4     4     4     4     4     4
======== Num stimuli, averaged across lists (before instruction/rest stimuli) ========
		Condition 0: 9 stimuli, 15% of total stimuli
		Condition 1: 20 stimuli, 33.3333% of total stimuli
		Condition 2: 20 stimuli, 33.3333% of total stimuli
		Condition 3: 0 stimuli, 0% of total stimuli
		Condition 4: 0 stimuli, 0% of total stimuli
======================================================================================
best of generation 1 / cbal. = 94.6751 / Wtd. con eff = 2.6306 / Wtd. HRF eff = 0.49012 / Pop var. = 0.86442 / time = 0.82
best of generation 2 / cbal. = 94.8839 / Wtd. con eff = 2.7549 / Wtd. HRF eff = 0.52997 / Pop var. = 0.84285 / time = 0.71
best of generation 3 / cbal. = 94.8839 / Wtd. con eff = 2.7549 / Wtd. HRF eff = 0.52997 / Pop var. = 0.81546 / time = 0.73
best of generation 4 / cbal. = 94.9492 / Wtd. con eff = 2.8632 / Wtd. HRF eff = 0.54531 / Pop var. = 0.81467 / time = 0.73
best of generation 5 / cbal. = 94.9492 / Wtd. con eff = 2.8632 / Wtd. HRF eff = 0.54531 / Pop var. = 0.80126 / time = 0.72
best of generation 6 / cbal. = 94.2813 / Wtd. con eff = 2.9727 / Wtd. HRF eff = 0.59927 / Pop var. = 0.786 / time = 0.72
best of generation 7 / cbal. = 94.3123 / Wtd. con eff = 3.1144 / Wtd. HRF eff = 0.68273 / Pop var. = 0.77474 / time = 0.74
best of generation 8 / cbal. = 94.9409 / Wtd. con eff = 3.0882 / Wtd. HRF eff = 0.78297 / Pop var. = 0.73789 / time = 0.72
best of generation 9 / cbal. = 94.9409 / Wtd. con eff = 3.0882 / Wtd. HRF eff = 0.78297 / Pop var. = 0.72475 / time = 0.72
best of generation 10 / cbal. = 94.9139 / Wtd. con eff = 3.1469 / Wtd. HRF eff = 0.76793 / Pop var. = 0.72302 / time = 0.73
best of generation 11 / cbal. = 94.9139 / Wtd. con eff = 3.1469 / Wtd. HRF eff = 0.76793 / Pop var. = 0.71772 / time = 0.72
best of generation 12 / cbal. = 94.6286 / Wtd. con eff = 3.328 / Wtd. HRF eff = 0.73077 / Pop var. = 0.70002 / time = 0.75
best of generation 13 / cbal. = 94.8981 / Wtd. con eff = 3.3007 / Wtd. HRF eff = 0.64053 / Pop var. = 0.64995 / time = 0.75
best of generation 14 / cbal. = 95.268 / Wtd. con eff = 3.277 / Wtd. HRF eff = 0.73917 / Pop var. = 0.61778 / time = 0.73
best of generation 15 / cbal. = 94.9279 / Wtd. con eff = 3.3523 / Wtd. HRF eff = 0.66546 / Pop var. = 0.61509 / time = 0.72
best of generation 16 / cbal. = 95.268 / Wtd. con eff = 3.277 / Wtd. HRF eff = 0.73917 / Pop var. = 0.57819 / time = 0.73
best of generation 17 / cbal. = 95.2823 / Wtd. con eff = 3.3115 / Wtd. HRF eff = 0.69381 / Pop var. = 0.45911 / time = 0.73
best of generation 18 / cbal. = 94.3975 / Wtd. con eff = 3.426 / Wtd. HRF eff = 0.71384 / Pop var. = 0.42777 / time = 0.77
best of generation 19 / cbal. = 94.5125 / Wtd. con eff = 3.414 / Wtd. HRF eff = 0.77253 / Pop var. = 0.41071 / time = 0.72
best of generation 20 / cbal. = 94.5631 / Wtd. con eff = 3.564 / Wtd. HRF eff = 0.81587 / Pop var. = 0.43912 / time = 0.73
best of generation 21 / cbal. = 94.5631 / Wtd. con eff = 3.564 / Wtd. HRF eff = 0.81587 / Pop var. = 0.39225 / time = 0.73
best of generation 22 / cbal. = 94.9862 / Wtd. con eff = 3.4177 / Wtd. HRF eff = 0.69534 / Pop var. = 0.45087 / time = 0.74
best of generation 23 / cbal. = 94.7037 / Wtd. con eff = 3.4826 / Wtd. HRF eff = 0.80286 / Pop var. = 0.44186 / time = 0.76
best of generation 24 / cbal. = 94.7037 / Wtd. con eff = 3.4826 / Wtd. HRF eff = 0.80286 / Pop var. = 0.44035 / time = 0.76
best of generation 25 / cbal. = 94.9763 / Wtd. con eff = 3.5626 / Wtd. HRF eff = 0.89101 / Pop var. = 0.425 / time = 0.74
best of generation 26 / cbal. = 94.9763 / Wtd. con eff = 3.5626 / Wtd. HRF eff = 0.89101 / Pop var. = 0.38732 / time = 0.74
best of generation 27 / cbal. = 94.9763 / Wtd. con eff = 3.5626 / Wtd. HRF eff = 0.89101 / Pop var. = 0.47319 / time = 0.74
best of generation 28 / cbal. = 94.9763 / Wtd. con eff = 3.5626 / Wtd. HRF eff = 0.89101 / Pop var. = 0.45844 / time = 0.74
best of generation 29 / cbal. = 94.9763 / Wtd. con eff = 3.5626 / Wtd. HRF eff = 0.89101 / Pop var. = 0.4265 / time = 0.77
best of generation 30 / cbal. = 94.9763 / Wtd. con eff = 3.5626 / Wtd. HRF eff = 0.89101 / Pop var. = 0.39914 / time = 0.74
best of generation 31 / cbal. = 94.9763 / Wtd. con eff = 3.5626 / Wtd. HRF eff = 0.89101 / Pop var. = 0.46367 / time = 0.74
best of generation 32 / cbal. = 94.9763 / Wtd. con eff = 3.5626 / Wtd. HRF eff = 0.89101 / Pop var. = 0.43948 / time = 0.74
best of generation 33 / cbal. = 95.065 / Wtd. con eff = 3.5312 / Wtd. HRF eff = 1.0115 / Pop var. = 0.47083 / time = 0.74
best of generation 34 / cbal. = 94.8812 / Wtd. con eff = 3.6079 / Wtd. HRF eff = 0.8737 / Pop var. = 0.4431 / time = 0.8
best of generation 35 / cbal. = 94.9763 / Wtd. con eff = 3.6018 / Wtd. HRF eff = 1.0902 / Pop var. = 0.42904 / time = 0.74
best of generation 36 / cbal. = 94.9763 / Wtd. con eff = 3.6018 / Wtd. HRF eff = 1.0902 / Pop var. = 0.35537 / time = 0.74
best of generation 37 / cbal. = 94.9763 / Wtd. con eff = 3.6018 / Wtd. HRF eff = 1.0902 / Pop var. = 0.44894 / time = 0.73
best of generation 38 / cbal. = 94.9763 / Wtd. con eff = 3.6018 / Wtd. HRF eff = 1.0902 / Pop var. = 0.407 / time = 0.74
best of generation 39 / cbal. = 94.9763 / Wtd. con eff = 3.6018 / Wtd. HRF eff = 1.0902 / Pop var. = 0.3643 / time = 0.74
best of generation 40 / cbal. = 94.9763 / Wtd. con eff = 3.6018 / Wtd. HRF eff = 1.0902 / Pop var. = 0.4383 / time = 0.77
best of generation 41 / cbal. = 94.9763 / Wtd. con eff = 3.6018 / Wtd. HRF eff = 1.0902 / Pop var. = 0.42917 / time = 0.74
best of generation 42 / cbal. = 94.9763 / Wtd. con eff = 3.6018 / Wtd. HRF eff = 1.0902 / Pop var. = 0.37309 / time = 0.76
best of generation 43 / cbal. = 94.9763 / Wtd. con eff = 3.6018 / Wtd. HRF eff = 1.0902 / Pop var. = 0.43789 / time = 0.73
best of generation 44 / cbal. = 94.9763 / Wtd. con eff = 3.6018 / Wtd. HRF eff = 1.0902 / Pop var. = 0.41481 / time = 0.75
best of generation 45 / cbal. = 94.7265 / Wtd. con eff = 3.6047 / Wtd. HRF eff = 1.3619 / Pop var. = 0.36471 / time = 0.78
best of generation 46 / cbal. = 95.1389 / Wtd. con eff = 3.5689 / Wtd. HRF eff = 1.086 / Pop var. = 0.44608 / time = 0.75
best of generation 47 / cbal. = 94.9285 / Wtd. con eff = 3.6106 / Wtd. HRF eff = 1.1778 / Pop var. = 0.42389 / time = 0.74
best of generation 48 / cbal. = 94.9285 / Wtd. con eff = 3.6106 / Wtd. HRF eff = 1.1778 / Pop var. = 0.34375 / time = 0.74
best of generation 49 / cbal. = 94.9285 / Wtd. con eff = 3.6106 / Wtd. HRF eff = 1.1778 / Pop var. = 0.44965 / time = 0.74
best of generation 50 / cbal. = 94.9285 / Wtd. con eff = 3.6106 / Wtd. HRF eff = 1.1778 / Pop var. = 0.41713 / time = 0.73
best of generation 51 / cbal. = 94.7418 / Wtd. con eff = 3.6316 / Wtd. HRF eff = 1.3366 / Pop var. = 0.3523 / time = 0.78
best of generation 52 / cbal. = 94.7418 / Wtd. con eff = 3.6316 / Wtd. HRF eff = 1.3366 / Pop var. = 0.42123 / time = 0.74
best of generation 53 / cbal. = 94.7418 / Wtd. con eff = 3.6316 / Wtd. HRF eff = 1.3366 / Pop var. = 0.40774 / time = 0.74
best of generation 54 / cbal. = 94.7418 / Wtd. con eff = 3.6316 / Wtd. HRF eff = 1.3366 / Pop var. = 0.37054 / time = 0.74
best of generation 55 / cbal. = 94.9763 / Wtd. con eff = 3.6188 / Wtd. HRF eff = 1.2159 / Pop var. = 0.44042 / time = 0.74
best of generation 56 / cbal. = 94.9763 / Wtd. con eff = 3.6188 / Wtd. HRF eff = 1.2159 / Pop var. = 0.42002 / time = 0.76
best of generation 57 / cbal. = 94.9763 / Wtd. con eff = 3.6188 / Wtd. HRF eff = 1.2159 / Pop var. = 0.35668 / time = 0.74
best of generation 58 / cbal. = 94.9763 / Wtd. con eff = 3.6188 / Wtd. HRF eff = 1.2159 / Pop var. = 0.462 / time = 0.74
best of generation 59 / cbal. = 94.9763 / Wtd. con eff = 3.6188 / Wtd. HRF eff = 1.2159 / Pop var. = 0.41518 / time = 0.73
best of generation 60 / cbal. = 94.9763 / Wtd. con eff = 3.6188 / Wtd. HRF eff = 1.2159 / Pop var. = 0.3967 / time = 0.75
best of generation 61 / cbal. = 94.9763 / Wtd. con eff = 3.6188 / Wtd. HRF eff = 1.2159 / Pop var. = 0.43622 / time = 0.76
best of generation 62 / cbal. = 94.9763 / Wtd. con eff = 3.6188 / Wtd. HRF eff = 1.2159 / Pop var. = 0.42099 / time = 0.78
best of generation 63 / cbal. = 94.9763 / Wtd. con eff = 3.6188 / Wtd. HRF eff = 1.2159 / Pop var. = 0.35579 / time = 0.74
best of generation 64 / cbal. = 94.9763 / Wtd. con eff = 3.6188 / Wtd. HRF eff = 1.2159 / Pop var. = 0.46056 / time = 0.74
best of generation 65 / cbal. = 94.6059 / Wtd. con eff = 3.6147 / Wtd. HRF eff = 2.1294 / Pop var. = 0.42371 / time = 0.74
best of generation 66 / cbal. = 94.6059 / Wtd. con eff = 3.6147 / Wtd. HRF eff = 2.1294 / Pop var. = 0.40996 / time = 0.76
best of generation 67 / cbal. = 94.6583 / Wtd. con eff = 3.6436 / Wtd. HRF eff = 1.5468 / Pop var. = 0.35091 / time = 0.76
best of generation 68 / cbal. = 94.6583 / Wtd. con eff = 3.6436 / Wtd. HRF eff = 1.5468 / Pop var. = 0.43125 / time = 0.74
best of generation 69 / cbal. = 94.7955 / Wtd. con eff = 3.6212 / Wtd. HRF eff = 1.8283 / Pop var. = 0.37139 / time = 0.75
best of generation 70 / cbal. = 94.7955 / Wtd. con eff = 3.6212 / Wtd. HRF eff = 1.8283 / Pop var. = 0.46452 / time = 0.74
best of generation 71 / cbal. = 94.7955 / Wtd. con eff = 3.6212 / Wtd. HRF eff = 1.8283 / Pop var. = 0.42173 / time = 0.73
best of generation 72 / cbal. = 94.7955 / Wtd. con eff = 3.6212 / Wtd. HRF eff = 1.8283 / Pop var. = 0.39672 / time = 0.77
best of generation 73 / cbal. = 94.7955 / Wtd. con eff = 3.6212 / Wtd. HRF eff = 1.8283 / Pop var. = 0.43835 / time = 0.76
best of generation 74 / cbal. = 94.7955 / Wtd. con eff = 3.6212 / Wtd. HRF eff = 1.8283 / Pop var. = 0.40508 / time = 0.76
best of generation 75 / cbal. = 94.7955 / Wtd. con eff = 3.6212 / Wtd. HRF eff = 1.8283 / Pop var. = 0.40106 / time = 0.75
best of generation 76 / cbal. = 94.7341 / Wtd. con eff = 3.639 / Wtd. HRF eff = 1.9132 / Pop var. = 0.38863 / time = 0.74
best of generation 77 / cbal. = 94.7341 / Wtd. con eff = 3.639 / Wtd. HRF eff = 1.9132 / Pop var. = 0.46386 / time = 0.74
best of generation 78 / cbal. = 94.7341 / Wtd. con eff = 3.639 / Wtd. HRF eff = 1.9132 / Pop var. = 0.45042 / time = 0.76
best of generation 79 / cbal. = 94.3441 / Wtd. con eff = 3.7 / Wtd. HRF eff = 2.0747 / Pop var. = 0.39658 / time = 0.73
best of generation 80 / cbal. = 94.3441 / Wtd. con eff = 3.7 / Wtd. HRF eff = 2.0747 / Pop var. = 0.49119 / time = 0.74
best of generation 81 / cbal. = 94.3441 / Wtd. con eff = 3.7 / Wtd. HRF eff = 2.0747 / Pop var. = 0.42868 / time = 0.74
best of generation 82 / cbal. = 94.3441 / Wtd. con eff = 3.7 / Wtd. HRF eff = 2.0747 / Pop var. = 0.35315 / time = 0.77
best of generation 83 / cbal. = 94.3441 / Wtd. con eff = 3.7 / Wtd. HRF eff = 2.0747 / Pop var. = 0.38571 / time = 0.78
best of generation 84 / cbal. = 94.3441 / Wtd. con eff = 3.7 / Wtd. HRF eff = 2.0747 / Pop var. = 0.44028 / time = 0.76
best of generation 85 / cbal. = 94.3441 / Wtd. con eff = 3.7 / Wtd. HRF eff = 2.0747 / Pop var. = 0.39874 / time = 0.75
best of generation 86 / cbal. = 94.3441 / Wtd. con eff = 3.7 / Wtd. HRF eff = 2.0747 / Pop var. = 0.45014 / time = 0.74
best of generation 87 / cbal. = 94.3441 / Wtd. con eff = 3.7 / Wtd. HRF eff = 2.0747 / Pop var. = 0.39559 / time = 0.74
best of generation 88 / cbal. = 94.3441 / Wtd. con eff = 3.7 / Wtd. HRF eff = 2.0747 / Pop var. = 0.45769 / time = 0.74
best of generation 89 / cbal. = 94.3441 / Wtd. con eff = 3.7 / Wtd. HRF eff = 2.0747 / Pop var. = 0.41668 / time = 0.79
best of generation 90 / cbal. = 94.3441 / Wtd. con eff = 3.7 / Wtd. HRF eff = 2.0747 / Pop var. = 0.40817 / time = 0.74
best of generation 91 / cbal. = 94.3441 / Wtd. con eff = 3.7 / Wtd. HRF eff = 2.0747 / Pop var. = 0.38052 / time = 0.74
best of generation 92 / cbal. = 94.3441 / Wtd. con eff = 3.7 / Wtd. HRF eff = 2.0747 / Pop var. = 0.45366 / time = 0.74
best of generation 93 / cbal. = 94.3441 / Wtd. con eff = 3.7 / Wtd. HRF eff = 2.0747 / Pop var. = 0.41905 / time = 0.74
best of generation 94 / cbal. = 94.3441 / Wtd. con eff = 3.7 / Wtd. HRF eff = 2.0747 / Pop var. = 0.37253 / time = 0.8
best of generation 95 / cbal. = 94.3441 / Wtd. con eff = 3.7 / Wtd. HRF eff = 2.0747 / Pop var. = 0.42495 / time = 0.74
best of generation 96 / cbal. = 94.3441 / Wtd. con eff = 3.7 / Wtd. HRF eff = 2.0747 / Pop var. = 0.41989 / time = 0.76
best of generation 97 / cbal. = 94.3441 / Wtd. con eff = 3.7 / Wtd. HRF eff = 2.0747 / Pop var. = 0.38554 / time = 0.74
best of generation 98 / cbal. = 94.3441 / Wtd. con eff = 3.7 / Wtd. HRF eff = 2.0747 / Pop var. = 0.45362 / time = 0.74
best of generation 99 / cbal. = 94.3441 / Wtd. con eff = 3.7 / Wtd. HRF eff = 2.0747 / Pop var. = 0.39948 / time = 0.74
best of generation 100 / cbal. = 94.7265 / Wtd. con eff = 3.6371 / Wtd. HRF eff = 2.0452 / Pop var. = 0.47638 / time = 0.76
best of generation 101 / cbal. = 94.7265 / Wtd. con eff = 3.6371 / Wtd. HRF eff = 2.0452 / Pop var. = 0.45265 / time = 0.73
best of generation 102 / cbal. = 94.3441 / Wtd. con eff = 3.7 / Wtd. HRF eff = 2.0747 / Pop var. = 0.32274 / time = 0.74
best of generation 103 / cbal. = 94.3441 / Wtd. con eff = 3.7 / Wtd. HRF eff = 2.0747 / Pop var. = 0.35451 / time = 0.75
best of generation 104 / cbal. = 94.3441 / Wtd. con eff = 3.7 / Wtd. HRF eff = 2.0747 / Pop var. = 0.4334 / time = 0.74
best of generation 105 / cbal. = 94.3441 / Wtd. con eff = 3.7 / Wtd. HRF eff = 2.0747 / Pop var. = 0.35866 / time = 0.82
best of generation 106 / cbal. = 94.3441 / Wtd. con eff = 3.7 / Wtd. HRF eff = 2.0747 / Pop var. = 0.45636 / time = 0.74
best of generation 107 / cbal. = 94.3441 / Wtd. con eff = 3.7 / Wtd. HRF eff = 2.0747 / Pop var. = 0.44295 / time = 0.75
best of generation 108 / cbal. = 94.3441 / Wtd. con eff = 3.7 / Wtd. HRF eff = 2.0747 / Pop var. = 0.37964 / time = 0.76
best of generation 109 / cbal. = 94.3441 / Wtd. con eff = 3.7 / Wtd. HRF eff = 2.0747 / Pop var. = 0.44028 / time = 0.74
best of generation 110 / cbal. = 94.3441 / Wtd. con eff = 3.7 / Wtd. HRF eff = 2.0747 / Pop var. = 0.35415 / time = 0.77
best of generation 111 / cbal. = 94.3441 / Wtd. con eff = 3.7 / Wtd. HRF eff = 2.0747 / Pop var. = 0.38891 / time = 0.74
best of generation 112 / cbal. = 94.3441 / Wtd. con eff = 3.7 / Wtd. HRF eff = 2.0747 / Pop var. = 0.4986 / time = 0.74
best of generation 113 / cbal. = 94.3441 / Wtd. con eff = 3.7 / Wtd. HRF eff = 2.0747 / Pop var. = 0.44347 / time = 0.74
best of generation 114 / cbal. = 94.3441 / Wtd. con eff = 3.7 / Wtd. HRF eff = 2.0747 / Pop var. = 0.42329 / time = 0.75
best of generation 115 / cbal. = 94.3441 / Wtd. con eff = 3.7 / Wtd. HRF eff = 2.0747 / Pop var. = 0.39143 / time = 0.75
best of generation 116 / cbal. = 94.3441 / Wtd. con eff = 3.7 / Wtd. HRF eff = 2.0747 / Pop var. = 0.47073 / time = 0.8
best of generation 117 / cbal. = 94.3441 / Wtd. con eff = 3.7 / Wtd. HRF eff = 2.0747 / Pop var. = 0.45921 / time = 0.74
best of generation 118 / cbal. = 94.3441 / Wtd. con eff = 3.7 / Wtd. HRF eff = 2.0747 / Pop var. = 0.3846 / time = 0.74
best of generation 119 / cbal. = 94.3441 / Wtd. con eff = 3.7 / Wtd. HRF eff = 2.0747 / Pop var. = 0.46703 / time = 0.74
best of generation 120 / cbal. = 94.3441 / Wtd. con eff = 3.7 / Wtd. HRF eff = 2.0747 / Pop var. = 0.39618 / time = 0.74
best of generation 121 / cbal. = 94.3441 / Wtd. con eff = 3.7 / Wtd. HRF eff = 2.0747 / Pop var. = 0.48337 / time = 0.77
best of generation 122 / cbal. = 94.3441 / Wtd. con eff = 3.7 / Wtd. HRF eff = 2.0747 / Pop var. = 0.41679 / time = 0.77
best of generation 123 / cbal. = 94.3441 / Wtd. con eff = 3.7 / Wtd. HRF eff = 2.0747 / Pop var. = 0.37943 / time = 0.75
best of generation 124 / cbal. = 94.3441 / Wtd. con eff = 3.7 / Wtd. HRF eff = 2.0747 / Pop var. = 0.47079 / time = 0.74
best of generation 125 / cbal. = 94.3441 / Wtd. con eff = 3.7 / Wtd. HRF eff = 2.0747 / Pop var. = 0.43994 / time = 0.75
best of generation 126 / cbal. = 94.5173 / Wtd. con eff = 3.6379 / Wtd. HRF eff = 3.2096 / Pop var. = 0.40496 / time = 0.74
best of generation 127 / cbal. = 94.3441 / Wtd. con eff = 3.7 / Wtd. HRF eff = 2.0747 / Pop var. = 0.32699 / time = 0.77
best of generation 128 / cbal. = 94.1074 / Wtd. con eff = 3.7075 / Wtd. HRF eff = 3.7459 / Pop var. = 0.37443 / time = 0.75
best of generation 129 / cbal. = 94.1074 / Wtd. con eff = 3.7075 / Wtd. HRF eff = 3.7459 / Pop var. = 0.46204 / time = 0.74
best of generation 130 / cbal. = 94.1074 / Wtd. con eff = 3.7075 / Wtd. HRF eff = 3.7459 / Pop var. = 0.41139 / time = 0.74
best of generation 131 / cbal. = 94.1074 / Wtd. con eff = 3.7075 / Wtd. HRF eff = 3.7459 / Pop var. = 0.38631 / time = 0.75
best of generation 132 / cbal. = 94.1074 / Wtd. con eff = 3.7075 / Wtd. HRF eff = 3.7459 / Pop var. = 0.44206 / time = 0.8
best of generation 133 / cbal. = 94.1074 / Wtd. con eff = 3.7075 / Wtd. HRF eff = 3.7459 / Pop var. = 0.34609 / time = 0.74
best of generation 134 / cbal. = 94.1074 / Wtd. con eff = 3.7075 / Wtd. HRF eff = 3.7459 / Pop var. = 0.41229 / time = 0.76
best of generation 135 / cbal. = 94.1074 / Wtd. con eff = 3.7075 / Wtd. HRF eff = 3.7459 / Pop var. = 0.34306 / time = 0.76
best of generation 136 / cbal. = 94.1074 / Wtd. con eff = 3.7075 / Wtd. HRF eff = 3.7459 / Pop var. = 0.42185 / time = 0.74
best of generation 137 / cbal. = 94.1074 / Wtd. con eff = 3.7075 / Wtd. HRF eff = 3.7459 / Pop var. = 0.36438 / time = 0.74
best of generation 138 / cbal. = 94.1074 / Wtd. con eff = 3.7075 / Wtd. HRF eff = 3.7459 / Pop var. = 0.40445 / time = 0.76
best of generation 139 / cbal. = 94.1074 / Wtd. con eff = 3.7075 / Wtd. HRF eff = 3.7459 / Pop var. = 0.35128 / time = 0.74
best of generation 140 / cbal. = 94.1074 / Wtd. con eff = 3.7075 / Wtd. HRF eff = 3.7459 / Pop var. = 0.41909 / time = 0.75
best of generation 141 / cbal. = 94.1074 / Wtd. con eff = 3.7075 / Wtd. HRF eff = 3.7459 / Pop var. = 0.37905 / time = 0.75
best of generation 142 / cbal. = 94.1074 / Wtd. con eff = 3.7075 / Wtd. HRF eff = 3.7459 / Pop var. = 0.44288 / time = 0.74
best of generation 143 / cbal. = 94.1074 / Wtd. con eff = 3.7075 / Wtd. HRF eff = 3.7459 / Pop var. = 0.4247 / time = 0.78
best of generation 144 / cbal. = 94.1074 / Wtd. con eff = 3.7075 / Wtd. HRF eff = 3.7459 / Pop var. = 0.38443 / time = 0.75
best of generation 145 / cbal. = 94.1074 / Wtd. con eff = 3.7075 / Wtd. HRF eff = 3.7459 / Pop var. = 0.45208 / time = 0.74
best of generation 146 / cbal. = 94.1074 / Wtd. con eff = 3.7075 / Wtd. HRF eff = 3.7459 / Pop var. = 0.40708 / time = 0.74
best of generation 147 / cbal. = 94.1074 / Wtd. con eff = 3.7075 / Wtd. HRF eff = 3.7459 / Pop var. = 0.38352 / time = 0.74
best of generation 148 / cbal. = 94.1074 / Wtd. con eff = 3.7075 / Wtd. HRF eff = 3.7459 / Pop var. = 0.44892 / time = 0.76
best of generation 149 / cbal. = 94.1074 / Wtd. con eff = 3.7075 / Wtd. HRF eff = 3.7459 / Pop var. = 0.36173 / time = 0.74
best of generation 150 / cbal. = 94.1074 / Wtd. con eff = 3.7075 / Wtd. HRF eff = 3.7459 / Pop var. = 0.38729 / time = 0.76
best of generation 151 / cbal. = 94.1074 / Wtd. con eff = 3.7075 / Wtd. HRF eff = 3.7459 / Pop var. = 0.39508 / time = 0.76
best of generation 152 / cbal. = 94.1074 / Wtd. con eff = 3.7075 / Wtd. HRF eff = 3.7459 / Pop var. = 0.4563 / time = 0.77
best of generation 153 / cbal. = 94.1074 / Wtd. con eff = 3.7075 / Wtd. HRF eff = 3.7459 / Pop var. = 0.40769 / time = 0.75
best of generation 154 / cbal. = 94.1074 / Wtd. con eff = 3.7075 / Wtd. HRF eff = 3.7459 / Pop var. = 0.33472 / time = 0.8
best of generation 155 / cbal. = 94.1074 / Wtd. con eff = 3.7075 / Wtd. HRF eff = 3.7459 / Pop var. = 0.3854 / time = 0.74
best of generation 156 / cbal. = 94.1074 / Wtd. con eff = 3.7075 / Wtd. HRF eff = 3.7459 / Pop var. = 0.43604 / time = 0.74
best of generation 157 / cbal. = 94.1074 / Wtd. con eff = 3.7075 / Wtd. HRF eff = 3.7459 / Pop var. = 0.39858 / time = 0.73
best of generation 158 / cbal. = 94.1074 / Wtd. con eff = 3.7075 / Wtd. HRF eff = 3.7459 / Pop var. = 0.46751 / time = 0.74
saving workspace as GAresults.mat
M = 
     origlist: [49x1 double]
     restlist: [20x1 double]
     stimlist: [60x1 double]
           ga: [1x1 struct]
    bestLists: [60x158 uint8]
         date: '11-9-2014'
optimizeGA done: 120.6 s
