Starting Model 100
OptimizeGA
===============================
Saturation threshold = 
Setting up variables
You entered 2 conditions  (event types) that will each be modeled with a regessor. 
 Note that if you enter 0 as a condition number, those events will not be modeled
 (they are assumed to be rest/inter-stimulus interval periods)

Contrasts entered. You entered matrix of 3 contrasts, with weights across 4 conditions.
 Contrasts:
     1     1    -1    -1
     1     0    -1     0
     0     1     0    -1
 ...adding one column to contrast matrix with weights of 0, to model the intercept
You entered a contrast weight vector across 3 contrasts
 	...Using rests of length 1 and resting every 4
================== Parameters ======================
     Total stimuli in scan      : 60
     Fixed rest length in ITIs  : 1
     Fixed Rest stimuli in scan : 11
     Num blank intervals        : 9
     Num of task conds          : 2
     Num stimuli each cond      : 20  20
====================================================
	...generating lists of organisms
	...USING TRANS2BLOCK >
     freqConditions = 0.2         0.2         0.2         0.2
     conditions = 1  2  3  4
REST INTERVALS: not used (to use, freqCond should be one longer than conditions
  ...randomizing organism start state
	...restMatrix is 20 X 40
ans =
     4     4     4     4     4     4     4     4     4     4
     4     4     4     4     4     4     4     4     4     4
     4     4     4     4     4     4     4     4     4     4
     4     4     4     4     4     4     4     4     4     4
     4     4     4     4     4     4     4     4     4     4
======== Num stimuli, averaged across lists (before instruction/rest stimuli) ========
		Condition 0: 9 stimuli, 15% of total stimuli
		Condition 1: 20 stimuli, 33.3333% of total stimuli
		Condition 2: 20 stimuli, 33.3333% of total stimuli
		Condition 3: 0 stimuli, 0% of total stimuli
		Condition 4: 0 stimuli, 0% of total stimuli
======================================================================================
best of generation 1 / cbal. = 94.3894 / Wtd. con eff = 2.6433 / Wtd. HRF eff = 0.61194 / Pop var. = 0.85686 / time = 0.75
best of generation 2 / cbal. = 94.7052 / Wtd. con eff = 2.7793 / Wtd. HRF eff = 0.93074 / Pop var. = 0.83929 / time = 0.72
best of generation 3 / cbal. = 94.8969 / Wtd. con eff = 2.9628 / Wtd. HRF eff = 0.70055 / Pop var. = 0.83074 / time = 0.73
best of generation 4 / cbal. = 94.9098 / Wtd. con eff = 3.104 / Wtd. HRF eff = 0.68763 / Pop var. = 0.80628 / time = 0.72
best of generation 5 / cbal. = 94.9098 / Wtd. con eff = 3.104 / Wtd. HRF eff = 0.68763 / Pop var. = 0.77059 / time = 0.78
best of generation 6 / cbal. = 94.9098 / Wtd. con eff = 3.104 / Wtd. HRF eff = 0.68763 / Pop var. = 0.7749 / time = 0.73
best of generation 7 / cbal. = 95.0796 / Wtd. con eff = 3.2795 / Wtd. HRF eff = 0.65466 / Pop var. = 0.72575 / time = 0.73
best of generation 8 / cbal. = 95.0796 / Wtd. con eff = 3.2795 / Wtd. HRF eff = 0.65466 / Pop var. = 0.69867 / time = 0.73
best of generation 9 / cbal. = 95.0796 / Wtd. con eff = 3.2795 / Wtd. HRF eff = 0.65466 / Pop var. = 0.6644 / time = 0.72
best of generation 10 / cbal. = 95.3158 / Wtd. con eff = 3.3582 / Wtd. HRF eff = 0.62163 / Pop var. = 0.5851 / time = 0.74
best of generation 11 / cbal. = 95.3158 / Wtd. con eff = 3.3582 / Wtd. HRF eff = 0.62163 / Pop var. = 0.4778 / time = 0.72
best of generation 12 / cbal. = 95.3158 / Wtd. con eff = 3.3582 / Wtd. HRF eff = 0.62163 / Pop var. = 0.43719 / time = 0.74
best of generation 13 / cbal. = 95.3158 / Wtd. con eff = 3.3582 / Wtd. HRF eff = 0.62163 / Pop var. = 0.45079 / time = 0.73
best of generation 14 / cbal. = 95.3158 / Wtd. con eff = 3.3582 / Wtd. HRF eff = 0.62163 / Pop var. = 0.45241 / time = 0.74
best of generation 15 / cbal. = 95.2815 / Wtd. con eff = 3.4979 / Wtd. HRF eff = 0.7917 / Pop var. = 0.4206 / time = 0.73
best of generation 16 / cbal. = 95.0895 / Wtd. con eff = 3.5388 / Wtd. HRF eff = 0.77587 / Pop var. = 0.36193 / time = 0.79
best of generation 17 / cbal. = 95.0895 / Wtd. con eff = 3.5388 / Wtd. HRF eff = 0.77587 / Pop var. = 0.40688 / time = 0.73
best of generation 18 / cbal. = 95.0895 / Wtd. con eff = 3.5388 / Wtd. HRF eff = 0.77587 / Pop var. = 0.40291 / time = 0.73
best of generation 19 / cbal. = 95.0895 / Wtd. con eff = 3.5388 / Wtd. HRF eff = 0.77587 / Pop var. = 0.33062 / time = 0.73
best of generation 20 / cbal. = 95.0895 / Wtd. con eff = 3.5388 / Wtd. HRF eff = 0.77587 / Pop var. = 0.39449 / time = 0.73
best of generation 21 / cbal. = 95.0895 / Wtd. con eff = 3.5388 / Wtd. HRF eff = 0.77587 / Pop var. = 0.48317 / time = 0.75
best of generation 22 / cbal. = 95.0895 / Wtd. con eff = 3.5388 / Wtd. HRF eff = 0.77587 / Pop var. = 0.46662 / time = 0.77
best of generation 23 / cbal. = 95.0164 / Wtd. con eff = 3.5737 / Wtd. HRF eff = 0.849 / Pop var. = 0.39843 / time = 0.74
best of generation 24 / cbal. = 95.0164 / Wtd. con eff = 3.5737 / Wtd. HRF eff = 0.849 / Pop var. = 0.4475 / time = 0.74
best of generation 25 / cbal. = 95.0164 / Wtd. con eff = 3.5737 / Wtd. HRF eff = 0.849 / Pop var. = 0.37681 / time = 0.73
best of generation 26 / cbal. = 95.0164 / Wtd. con eff = 3.5737 / Wtd. HRF eff = 0.849 / Pop var. = 0.48219 / time = 0.74
best of generation 27 / cbal. = 95.0164 / Wtd. con eff = 3.5737 / Wtd. HRF eff = 0.849 / Pop var. = 0.43891 / time = 0.77
best of generation 28 / cbal. = 95.0164 / Wtd. con eff = 3.5737 / Wtd. HRF eff = 0.849 / Pop var. = 0.36522 / time = 0.73
best of generation 29 / cbal. = 95.0164 / Wtd. con eff = 3.5737 / Wtd. HRF eff = 0.849 / Pop var. = 0.41162 / time = 0.74
best of generation 30 / cbal. = 95.0164 / Wtd. con eff = 3.5737 / Wtd. HRF eff = 0.849 / Pop var. = 0.40253 / time = 0.75
best of generation 31 / cbal. = 95.0164 / Wtd. con eff = 3.5737 / Wtd. HRF eff = 0.849 / Pop var. = 0.38841 / time = 0.72
best of generation 32 / cbal. = 95.0164 / Wtd. con eff = 3.5737 / Wtd. HRF eff = 0.849 / Pop var. = 0.47066 / time = 0.79
best of generation 33 / cbal. = 95.0164 / Wtd. con eff = 3.5737 / Wtd. HRF eff = 0.849 / Pop var. = 0.4687 / time = 0.74
best of generation 34 / cbal. = 95.0326 / Wtd. con eff = 3.5636 / Wtd. HRF eff = 1.0109 / Pop var. = 0.44569 / time = 0.74
best of generation 35 / cbal. = 95.0326 / Wtd. con eff = 3.5636 / Wtd. HRF eff = 1.0109 / Pop var. = 0.38394 / time = 0.73
best of generation 36 / cbal. = 95.0326 / Wtd. con eff = 3.5636 / Wtd. HRF eff = 1.0109 / Pop var. = 0.43645 / time = 0.73
best of generation 37 / cbal. = 95.0326 / Wtd. con eff = 3.5636 / Wtd. HRF eff = 1.0109 / Pop var. = 0.42335 / time = 0.73
best of generation 38 / cbal. = 95.0326 / Wtd. con eff = 3.5636 / Wtd. HRF eff = 1.0109 / Pop var. = 0.33157 / time = 0.75
best of generation 39 / cbal. = 95.0326 / Wtd. con eff = 3.5636 / Wtd. HRF eff = 1.0109 / Pop var. = 0.41498 / time = 0.73
best of generation 40 / cbal. = 95.0326 / Wtd. con eff = 3.5636 / Wtd. HRF eff = 1.0109 / Pop var. = 0.40689 / time = 0.73
best of generation 41 / cbal. = 94.7647 / Wtd. con eff = 3.6342 / Wtd. HRF eff = 1.0513 / Pop var. = 0.4001 / time = 0.72
best of generation 42 / cbal. = 94.7647 / Wtd. con eff = 3.6342 / Wtd. HRF eff = 1.0513 / Pop var. = 0.37623 / time = 0.73
best of generation 43 / cbal. = 94.7647 / Wtd. con eff = 3.6342 / Wtd. HRF eff = 1.0513 / Pop var. = 0.45745 / time = 0.77
best of generation 44 / cbal. = 94.7647 / Wtd. con eff = 3.6342 / Wtd. HRF eff = 1.0513 / Pop var. = 0.43916 / time = 0.75
best of generation 45 / cbal. = 94.7647 / Wtd. con eff = 3.6342 / Wtd. HRF eff = 1.0513 / Pop var. = 0.41565 / time = 0.74
best of generation 46 / cbal. = 94.7647 / Wtd. con eff = 3.6342 / Wtd. HRF eff = 1.0513 / Pop var. = 0.34453 / time = 0.73
best of generation 47 / cbal. = 94.8577 / Wtd. con eff = 3.5811 / Wtd. HRF eff = 1.3246 / Pop var. = 0.44157 / time = 0.73
best of generation 48 / cbal. = 94.8577 / Wtd. con eff = 3.5811 / Wtd. HRF eff = 1.3246 / Pop var. = 0.44368 / time = 0.76
best of generation 49 / cbal. = 94.5985 / Wtd. con eff = 3.6512 / Wtd. HRF eff = 1.1296 / Pop var. = 0.39901 / time = 0.8
best of generation 50 / cbal. = 94.5985 / Wtd. con eff = 3.6512 / Wtd. HRF eff = 1.1296 / Pop var. = 0.46592 / time = 0.74
best of generation 51 / cbal. = 94.5985 / Wtd. con eff = 3.6512 / Wtd. HRF eff = 1.1296 / Pop var. = 0.42064 / time = 0.74
best of generation 52 / cbal. = 94.5985 / Wtd. con eff = 3.6512 / Wtd. HRF eff = 1.1296 / Pop var. = 0.40298 / time = 0.74
best of generation 53 / cbal. = 94.5985 / Wtd. con eff = 3.6512 / Wtd. HRF eff = 1.1296 / Pop var. = 0.35564 / time = 0.74
best of generation 54 / cbal. = 94.5985 / Wtd. con eff = 3.6512 / Wtd. HRF eff = 1.1296 / Pop var. = 0.44476 / time = 0.78
best of generation 55 / cbal. = 94.5985 / Wtd. con eff = 3.6512 / Wtd. HRF eff = 1.1296 / Pop var. = 0.40734 / time = 0.74
best of generation 56 / cbal. = 94.5985 / Wtd. con eff = 3.6512 / Wtd. HRF eff = 1.1296 / Pop var. = 0.37586 / time = 0.73
best of generation 57 / cbal. = 94.5985 / Wtd. con eff = 3.6512 / Wtd. HRF eff = 1.1296 / Pop var. = 0.47324 / time = 0.74
best of generation 58 / cbal. = 94.5985 / Wtd. con eff = 3.6512 / Wtd. HRF eff = 1.1296 / Pop var. = 0.40258 / time = 0.74
best of generation 59 / cbal. = 94.5985 / Wtd. con eff = 3.6512 / Wtd. HRF eff = 1.1296 / Pop var. = 0.35452 / time = 0.72
best of generation 60 / cbal. = 94.5985 / Wtd. con eff = 3.6512 / Wtd. HRF eff = 1.1296 / Pop var. = 0.46694 / time = 0.76
best of generation 61 / cbal. = 94.5985 / Wtd. con eff = 3.6512 / Wtd. HRF eff = 1.1296 / Pop var. = 0.42559 / time = 0.73
best of generation 62 / cbal. = 94.6885 / Wtd. con eff = 3.6579 / Wtd. HRF eff = 1.0982 / Pop var. = 0.36102 / time = 0.74
best of generation 63 / cbal. = 94.6885 / Wtd. con eff = 3.6579 / Wtd. HRF eff = 1.0982 / Pop var. = 0.41384 / time = 0.74
best of generation 64 / cbal. = 94.6885 / Wtd. con eff = 3.6579 / Wtd. HRF eff = 1.0982 / Pop var. = 0.38932 / time = 0.73
best of generation 65 / cbal. = 94.6885 / Wtd. con eff = 3.6579 / Wtd. HRF eff = 1.0982 / Pop var. = 0.4617 / time = 0.8
best of generation 66 / cbal. = 94.6885 / Wtd. con eff = 3.6579 / Wtd. HRF eff = 1.0982 / Pop var. = 0.42741 / time = 0.74
best of generation 67 / cbal. = 94.6885 / Wtd. con eff = 3.6579 / Wtd. HRF eff = 1.0982 / Pop var. = 0.4124 / time = 0.75
best of generation 68 / cbal. = 94.4953 / Wtd. con eff = 3.6761 / Wtd. HRF eff = 1.159 / Pop var. = 0.3483 / time = 0.73
best of generation 69 / cbal. = 94.4953 / Wtd. con eff = 3.6761 / Wtd. HRF eff = 1.159 / Pop var. = 0.38845 / time = 0.74
best of generation 70 / cbal. = 94.4953 / Wtd. con eff = 3.6761 / Wtd. HRF eff = 1.159 / Pop var. = 0.49357 / time = 0.74
best of generation 71 / cbal. = 94.9683 / Wtd. con eff = 3.6052 / Wtd. HRF eff = 1.4754 / Pop var. = 0.45316 / time = 0.78
best of generation 72 / cbal. = 94.9683 / Wtd. con eff = 3.6052 / Wtd. HRF eff = 1.4754 / Pop var. = 0.43198 / time = 0.74
best of generation 73 / cbal. = 94.7341 / Wtd. con eff = 3.6569 / Wtd. HRF eff = 1.1251 / Pop var. = 0.39021 / time = 0.73
best of generation 74 / cbal. = 94.7341 / Wtd. con eff = 3.6569 / Wtd. HRF eff = 1.1251 / Pop var. = 0.5122 / time = 0.74
best of generation 75 / cbal. = 94.9683 / Wtd. con eff = 3.6052 / Wtd. HRF eff = 1.4754 / Pop var. = 0.45838 / time = 0.73
best of generation 76 / cbal. = 94.4012 / Wtd. con eff = 3.6878 / Wtd. HRF eff = 1.5571 / Pop var. = 0.40519 / time = 0.76
best of generation 77 / cbal. = 94.4012 / Wtd. con eff = 3.6878 / Wtd. HRF eff = 1.5571 / Pop var. = 0.38958 / time = 0.74
best of generation 78 / cbal. = 94.554 / Wtd. con eff = 3.677 / Wtd. HRF eff = 1.6441 / Pop var. = 0.41514 / time = 0.74
best of generation 79 / cbal. = 94.554 / Wtd. con eff = 3.677 / Wtd. HRF eff = 1.6441 / Pop var. = 0.32943 / time = 0.73
best of generation 80 / cbal. = 94.554 / Wtd. con eff = 3.677 / Wtd. HRF eff = 1.6441 / Pop var. = 0.38053 / time = 0.74
best of generation 81 / cbal. = 94.554 / Wtd. con eff = 3.677 / Wtd. HRF eff = 1.6441 / Pop var. = 0.50339 / time = 0.74
best of generation 82 / cbal. = 94.554 / Wtd. con eff = 3.677 / Wtd. HRF eff = 1.6441 / Pop var. = 0.47556 / time = 0.8
best of generation 83 / cbal. = 94.7037 / Wtd. con eff = 3.6599 / Wtd. HRF eff = 1.8049 / Pop var. = 0.3831 / time = 0.74
best of generation 84 / cbal. = 94.7037 / Wtd. con eff = 3.6599 / Wtd. HRF eff = 1.8049 / Pop var. = 0.45598 / time = 0.74
best of generation 85 / cbal. = 94.7037 / Wtd. con eff = 3.6599 / Wtd. HRF eff = 1.8049 / Pop var. = 0.39016 / time = 0.75
best of generation 86 / cbal. = 94.7037 / Wtd. con eff = 3.6599 / Wtd. HRF eff = 1.8049 / Pop var. = 0.4495 / time = 0.74
best of generation 87 / cbal. = 94.7037 / Wtd. con eff = 3.6599 / Wtd. HRF eff = 1.8049 / Pop var. = 0.39504 / time = 0.79
best of generation 88 / cbal. = 94.7037 / Wtd. con eff = 3.6599 / Wtd. HRF eff = 1.8049 / Pop var. = 0.46286 / time = 0.74
best of generation 89 / cbal. = 94.4953 / Wtd. con eff = 3.6998 / Wtd. HRF eff = 1.6275 / Pop var. = 0.40572 / time = 0.74
best of generation 90 / cbal. = 94.7037 / Wtd. con eff = 3.6599 / Wtd. HRF eff = 1.8049 / Pop var. = 0.37631 / time = 0.74
best of generation 91 / cbal. = 94.7037 / Wtd. con eff = 3.6599 / Wtd. HRF eff = 1.8049 / Pop var. = 0.39543 / time = 0.71
best of generation 92 / cbal. = 94.7037 / Wtd. con eff = 3.6599 / Wtd. HRF eff = 1.8049 / Pop var. = 0.44518 / time = 0.75
best of generation 93 / cbal. = 94.7037 / Wtd. con eff = 3.6599 / Wtd. HRF eff = 1.8049 / Pop var. = 0.38185 / time = 0.79
best of generation 94 / cbal. = 94.7037 / Wtd. con eff = 3.6599 / Wtd. HRF eff = 1.8049 / Pop var. = 0.4648 / time = 0.75
best of generation 95 / cbal. = 94.7037 / Wtd. con eff = 3.6599 / Wtd. HRF eff = 1.8049 / Pop var. = 0.43353 / time = 0.73
best of generation 96 / cbal. = 94.7037 / Wtd. con eff = 3.6599 / Wtd. HRF eff = 1.8049 / Pop var. = 0.37003 / time = 0.72
best of generation 97 / cbal. = 94.7037 / Wtd. con eff = 3.6599 / Wtd. HRF eff = 1.8049 / Pop var. = 0.46074 / time = 0.74
best of generation 98 / cbal. = 94.7037 / Wtd. con eff = 3.6599 / Wtd. HRF eff = 1.8049 / Pop var. = 0.40645 / time = 0.76
best of generation 99 / cbal. = 94.7037 / Wtd. con eff = 3.6599 / Wtd. HRF eff = 1.8049 / Pop var. = 0.36317 / time = 0.73
best of generation 100 / cbal. = 94.7037 / Wtd. con eff = 3.6599 / Wtd. HRF eff = 1.8049 / Pop var. = 0.45237 / time = 0.73
best of generation 101 / cbal. = 94.7037 / Wtd. con eff = 3.6599 / Wtd. HRF eff = 1.8049 / Pop var. = 0.38867 / time = 0.72
best of generation 102 / cbal. = 94.7037 / Wtd. con eff = 3.6599 / Wtd. HRF eff = 1.8049 / Pop var. = 0.41194 / time = 0.77
best of generation 103 / cbal. = 94.7037 / Wtd. con eff = 3.6599 / Wtd. HRF eff = 1.8049 / Pop var. = 0.34044 / time = 0.74
best of generation 104 / cbal. = 94.7037 / Wtd. con eff = 3.6599 / Wtd. HRF eff = 1.8049 / Pop var. = 0.41752 / time = 0.77
best of generation 105 / cbal. = 94.7037 / Wtd. con eff = 3.6599 / Wtd. HRF eff = 1.8049 / Pop var. = 0.36542 / time = 0.74
best of generation 106 / cbal. = 94.7037 / Wtd. con eff = 3.6599 / Wtd. HRF eff = 1.8049 / Pop var. = 0.43327 / time = 0.73
best of generation 107 / cbal. = 94.7037 / Wtd. con eff = 3.6599 / Wtd. HRF eff = 1.8049 / Pop var. = 0.39585 / time = 0.73
best of generation 108 / cbal. = 94.7037 / Wtd. con eff = 3.6599 / Wtd. HRF eff = 1.8049 / Pop var. = 0.4227 / time = 0.73
best of generation 109 / cbal. = 94.7037 / Wtd. con eff = 3.6599 / Wtd. HRF eff = 1.8049 / Pop var. = 0.3311 / time = 0.77
best of generation 110 / cbal. = 94.7037 / Wtd. con eff = 3.6599 / Wtd. HRF eff = 1.8049 / Pop var. = 0.39439 / time = 0.74
best of generation 111 / cbal. = 94.7037 / Wtd. con eff = 3.6599 / Wtd. HRF eff = 1.8049 / Pop var. = 0.45148 / time = 0.73
best of generation 112 / cbal. = 94.7037 / Wtd. con eff = 3.6599 / Wtd. HRF eff = 1.8049 / Pop var. = 0.41179 / time = 0.75
best of generation 113 / cbal. = 94.7037 / Wtd. con eff = 3.6599 / Wtd. HRF eff = 1.8049 / Pop var. = 0.36714 / time = 0.74
best of generation 114 / cbal. = 94.7037 / Wtd. con eff = 3.6599 / Wtd. HRF eff = 1.8049 / Pop var. = 0.39102 / time = 0.74
best of generation 115 / cbal. = 94.7037 / Wtd. con eff = 3.6599 / Wtd. HRF eff = 1.8049 / Pop var. = 0.42099 / time = 0.79
best of generation 116 / cbal. = 94.7037 / Wtd. con eff = 3.6599 / Wtd. HRF eff = 1.8049 / Pop var. = 0.37125 / time = 0.74
best of generation 117 / cbal. = 94.7037 / Wtd. con eff = 3.6599 / Wtd. HRF eff = 1.8049 / Pop var. = 0.41553 / time = 0.73
best of generation 118 / cbal. = 94.7037 / Wtd. con eff = 3.6599 / Wtd. HRF eff = 1.8049 / Pop var. = 0.37004 / time = 0.74
best of generation 119 / cbal. = 94.7037 / Wtd. con eff = 3.6599 / Wtd. HRF eff = 1.8049 / Pop var. = 0.43179 / time = 0.74
best of generation 120 / cbal. = 94.7037 / Wtd. con eff = 3.6599 / Wtd. HRF eff = 1.8049 / Pop var. = 0.37209 / time = 0.79
best of generation 121 / cbal. = 94.7037 / Wtd. con eff = 3.6599 / Wtd. HRF eff = 1.8049 / Pop var. = 0.43843 / time = 0.74
best of generation 122 / cbal. = 94.7037 / Wtd. con eff = 3.6599 / Wtd. HRF eff = 1.8049 / Pop var. = 0.41415 / time = 0.74
best of generation 123 / cbal. = 94.7037 / Wtd. con eff = 3.6599 / Wtd. HRF eff = 1.8049 / Pop var. = 0.33157 / time = 0.74
best of generation 124 / cbal. = 94.7037 / Wtd. con eff = 3.6599 / Wtd. HRF eff = 1.8049 / Pop var. = 0.39839 / time = 0.74
best of generation 125 / cbal. = 94.7037 / Wtd. con eff = 3.6599 / Wtd. HRF eff = 1.8049 / Pop var. = 0.47577 / time = 0.76
best of generation 126 / cbal. = 94.7037 / Wtd. con eff = 3.6599 / Wtd. HRF eff = 1.8049 / Pop var. = 0.41233 / time = 0.78
best of generation 127 / cbal. = 94.7037 / Wtd. con eff = 3.6599 / Wtd. HRF eff = 1.8049 / Pop var. = 0.35871 / time = 0.74
best of generation 128 / cbal. = 94.7037 / Wtd. con eff = 3.6599 / Wtd. HRF eff = 1.8049 / Pop var. = 0.4079 / time = 0.73
best of generation 129 / cbal. = 94.7037 / Wtd. con eff = 3.6599 / Wtd. HRF eff = 1.8049 / Pop var. = 0.3603 / time = 0.74
best of generation 130 / cbal. = 94.7037 / Wtd. con eff = 3.6599 / Wtd. HRF eff = 1.8049 / Pop var. = 0.42918 / time = 0.73
best of generation 131 / cbal. = 94.7037 / Wtd. con eff = 3.6599 / Wtd. HRF eff = 1.8049 / Pop var. = 0.38389 / time = 0.78
best of generation 132 / cbal. = 94.7037 / Wtd. con eff = 3.6599 / Wtd. HRF eff = 1.8049 / Pop var. = 0.42659 / time = 0.74
best of generation 133 / cbal. = 94.7037 / Wtd. con eff = 3.6599 / Wtd. HRF eff = 1.8049 / Pop var. = 0.35926 / time = 0.74
best of generation 134 / cbal. = 94.7037 / Wtd. con eff = 3.6599 / Wtd. HRF eff = 1.8049 / Pop var. = 0.38544 / time = 0.74
best of generation 135 / cbal. = 94.7037 / Wtd. con eff = 3.6599 / Wtd. HRF eff = 1.8049 / Pop var. = 0.44749 / time = 0.74
best of generation 136 / cbal. = 94.7037 / Wtd. con eff = 3.6599 / Wtd. HRF eff = 1.8049 / Pop var. = 0.41499 / time = 0.75
best of generation 137 / cbal. = 94.7037 / Wtd. con eff = 3.6599 / Wtd. HRF eff = 1.8049 / Pop var. = 0.31557 / time = 0.74
best of generation 138 / cbal. = 94.7037 / Wtd. con eff = 3.6599 / Wtd. HRF eff = 1.8049 / Pop var. = 0.40021 / time = 0.74
best of generation 139 / cbal. = 94.7037 / Wtd. con eff = 3.6599 / Wtd. HRF eff = 1.8049 / Pop var. = 0.36238 / time = 0.74
best of generation 140 / cbal. = 94.7037 / Wtd. con eff = 3.6599 / Wtd. HRF eff = 1.8049 / Pop var. = 0.43261 / time = 0.74
best of generation 141 / cbal. = 94.7037 / Wtd. con eff = 3.6599 / Wtd. HRF eff = 1.8049 / Pop var. = 0.31429 / time = 0.73
best of generation 142 / cbal. = 94.7037 / Wtd. con eff = 3.6599 / Wtd. HRF eff = 1.8049 / Pop var. = 0.39153 / time = 0.79
best of generation 143 / cbal. = 94.7037 / Wtd. con eff = 3.6599 / Wtd. HRF eff = 1.8049 / Pop var. = 0.46014 / time = 0.74
best of generation 144 / cbal. = 94.7037 / Wtd. con eff = 3.6599 / Wtd. HRF eff = 1.8049 / Pop var. = 0.42069 / time = 0.74
best of generation 145 / cbal. = 94.7037 / Wtd. con eff = 3.6599 / Wtd. HRF eff = 1.8049 / Pop var. = 0.37261 / time = 0.74
best of generation 146 / cbal. = 94.7037 / Wtd. con eff = 3.6599 / Wtd. HRF eff = 1.8049 / Pop var. = 0.47461 / time = 0.73
best of generation 147 / cbal. = 94.7037 / Wtd. con eff = 3.6599 / Wtd. HRF eff = 1.8049 / Pop var. = 0.38917 / time = 0.76
best of generation 148 / cbal. = 94.7037 / Wtd. con eff = 3.6599 / Wtd. HRF eff = 1.8049 / Pop var. = 0.46403 / time = 0.72
best of generation 149 / cbal. = 94.7037 / Wtd. con eff = 3.6599 / Wtd. HRF eff = 1.8049 / Pop var. = 0.36291 / time = 0.74
best of generation 150 / cbal. = 94.7037 / Wtd. con eff = 3.6599 / Wtd. HRF eff = 1.8049 / Pop var. = 0.44707 / time = 0.73
best of generation 151 / cbal. = 94.7037 / Wtd. con eff = 3.6599 / Wtd. HRF eff = 1.8049 / Pop var. = 0.4181 / time = 0.73
best of generation 152 / cbal. = 94.7037 / Wtd. con eff = 3.6599 / Wtd. HRF eff = 1.8049 / Pop var. = 0.33271 / time = 0.75
best of generation 153 / cbal. = 94.7037 / Wtd. con eff = 3.6599 / Wtd. HRF eff = 1.8049 / Pop var. = 0.39905 / time = 0.81
best of generation 154 / cbal. = 94.7037 / Wtd. con eff = 3.6599 / Wtd. HRF eff = 1.8049 / Pop var. = 0.47779 / time = 0.74
best of generation 155 / cbal. = 94.7037 / Wtd. con eff = 3.6599 / Wtd. HRF eff = 1.8049 / Pop var. = 0.41871 / time = 0.74
best of generation 156 / cbal. = 94.7037 / Wtd. con eff = 3.6599 / Wtd. HRF eff = 1.8049 / Pop var. = 0.36591 / time = 0.73
best of generation 157 / cbal. = 94.7037 / Wtd. con eff = 3.6599 / Wtd. HRF eff = 1.8049 / Pop var. = 0.41626 / time = 0.74
best of generation 158 / cbal. = 94.7037 / Wtd. con eff = 3.6599 / Wtd. HRF eff = 1.8049 / Pop var. = 0.37913 / time = 0.75
best of generation 159 / cbal. = 94.7037 / Wtd. con eff = 3.6599 / Wtd. HRF eff = 1.8049 / Pop var. = 0.43399 / time = 0.74
saving workspace as GAresults.mat
M = 
     origlist: [49x1 double]
     restlist: [20x1 double]
     stimlist: [60x1 double]
           ga: [1x1 struct]
    bestLists: [60x159 uint8]
         date: '11-9-2014'
optimizeGA done: 120.64 s
