Starting Model 30
OptimizeGA
===============================
Saturation threshold = 
Setting up variables
You entered 2 conditions  (event types) that will each be modeled with a regessor. 
 Note that if you enter 0 as a condition number, those events will not be modeled
 (they are assumed to be rest/inter-stimulus interval periods)

Contrasts entered. You entered matrix of 3 contrasts, with weights across 4 conditions.
 Contrasts:
     1     1    -1    -1
     1     0    -1     0
     0     1     0    -1
 ...adding one column to contrast matrix with weights of 0, to model the intercept
You entered a contrast weight vector across 3 contrasts
 	...Using rests of length 1 and resting every 4
================== Parameters ======================
     Total stimuli in scan      : 60
     Fixed rest length in ITIs  : 1
     Fixed Rest stimuli in scan : 11
     Num blank intervals        : 9
     Num of task conds          : 2
     Num stimuli each cond      : 20  20
====================================================
	...generating lists of organisms
	...USING TRANS2BLOCK >
     freqConditions = 0.2         0.2         0.2         0.2
     conditions = 1  2  3  4
REST INTERVALS: not used (to use, freqCond should be one longer than conditions
  ...randomizing organism start state
	...restMatrix is 20 X 40
ans =
     4     4     4     4     4     4     4     4     4     4
     4     4     4     4     4     4     4     4     4     4
     4     4     4     4     4     4     4     4     4     4
     4     4     4     4     4     4     4     4     4     4
     4     4     4     4     4     4     4     4     4     4
======== Num stimuli, averaged across lists (before instruction/rest stimuli) ========
		Condition 0: 9 stimuli, 15% of total stimuli
		Condition 1: 20 stimuli, 33.3333% of total stimuli
		Condition 2: 20 stimuli, 33.3333% of total stimuli
		Condition 3: 0 stimuli, 0% of total stimuli
		Condition 4: 0 stimuli, 0% of total stimuli
======================================================================================
best of generation 1 / cbal. = 94.2079 / Wtd. con eff = 2.6426 / Wtd. HRF eff = 0.74936 / Pop var. = 0.85918 / time = 0.8
best of generation 2 / cbal. = 95.1096 / Wtd. con eff = 2.6946 / Wtd. HRF eff = 0.75997 / Pop var. = 0.84721 / time = 0.78
best of generation 3 / cbal. = 93.7823 / Wtd. con eff = 3.04 / Wtd. HRF eff = 0.79228 / Pop var. = 0.84574 / time = 0.8
best of generation 4 / cbal. = 94.5549 / Wtd. con eff = 2.9151 / Wtd. HRF eff = 0.68242 / Pop var. = 0.83948 / time = 0.81
best of generation 5 / cbal. = 94.5549 / Wtd. con eff = 2.9151 / Wtd. HRF eff = 0.68242 / Pop var. = 0.82428 / time = 0.78
best of generation 6 / cbal. = 95.0447 / Wtd. con eff = 3.0437 / Wtd. HRF eff = 0.75313 / Pop var. = 0.80025 / time = 0.77
best of generation 7 / cbal. = 94.6392 / Wtd. con eff = 3.065 / Wtd. HRF eff = 0.85033 / Pop var. = 0.74614 / time = 0.78
best of generation 8 / cbal. = 94.9635 / Wtd. con eff = 3.0504 / Wtd. HRF eff = 0.84988 / Pop var. = 0.72573 / time = 0.77
best of generation 9 / cbal. = 95.4525 / Wtd. con eff = 3.1541 / Wtd. HRF eff = 0.74911 / Pop var. = 0.68992 / time = 0.79
best of generation 10 / cbal. = 95.4525 / Wtd. con eff = 3.1541 / Wtd. HRF eff = 0.74911 / Pop var. = 0.67059 / time = 0.79
best of generation 11 / cbal. = 94.9995 / Wtd. con eff = 3.386 / Wtd. HRF eff = 0.83715 / Pop var. = 0.64648 / time = 0.78
best of generation 12 / cbal. = 94.9323 / Wtd. con eff = 3.3388 / Wtd. HRF eff = 0.68746 / Pop var. = 0.64843 / time = 0.79
best of generation 13 / cbal. = 94.5098 / Wtd. con eff = 3.3339 / Wtd. HRF eff = 0.92234 / Pop var. = 0.6529 / time = 0.79
best of generation 14 / cbal. = 95.214 / Wtd. con eff = 3.3334 / Wtd. HRF eff = 0.75888 / Pop var. = 0.67735 / time = 0.8
best of generation 15 / cbal. = 95.3415 / Wtd. con eff = 3.3825 / Wtd. HRF eff = 0.97762 / Pop var. = 0.65724 / time = 0.79
best of generation 16 / cbal. = 95.3415 / Wtd. con eff = 3.3825 / Wtd. HRF eff = 0.97762 / Pop var. = 0.59874 / time = 0.8
best of generation 17 / cbal. = 95.3415 / Wtd. con eff = 3.3825 / Wtd. HRF eff = 0.97762 / Pop var. = 0.6354 / time = 0.79
best of generation 18 / cbal. = 95.3415 / Wtd. con eff = 3.3825 / Wtd. HRF eff = 0.97762 / Pop var. = 0.58346 / time = 0.8
best of generation 19 / cbal. = 95.3415 / Wtd. con eff = 3.3825 / Wtd. HRF eff = 0.97762 / Pop var. = 0.5143 / time = 0.81
best of generation 20 / cbal. = 94.6885 / Wtd. con eff = 3.5481 / Wtd. HRF eff = 0.95612 / Pop var. = 0.4569 / time = 0.81
best of generation 21 / cbal. = 95.065 / Wtd. con eff = 3.5541 / Wtd. HRF eff = 0.9358 / Pop var. = 0.40474 / time = 0.79
best of generation 22 / cbal. = 94.4228 / Wtd. con eff = 3.6261 / Wtd. HRF eff = 0.97968 / Pop var. = 0.34648 / time = 0.79
best of generation 23 / cbal. = 94.4228 / Wtd. con eff = 3.6261 / Wtd. HRF eff = 0.97968 / Pop var. = 0.44327 / time = 0.81
best of generation 24 / cbal. = 94.4228 / Wtd. con eff = 3.6261 / Wtd. HRF eff = 0.97968 / Pop var. = 0.38552 / time = 0.79
best of generation 25 / cbal. = 94.7189 / Wtd. con eff = 3.5796 / Wtd. HRF eff = 1.0029 / Pop var. = 0.4645 / time = 0.81
best of generation 26 / cbal. = 94.4228 / Wtd. con eff = 3.6261 / Wtd. HRF eff = 0.97968 / Pop var. = 0.42962 / time = 0.78
best of generation 27 / cbal. = 94.6134 / Wtd. con eff = 3.6278 / Wtd. HRF eff = 1.0013 / Pop var. = 0.38499 / time = 0.79
best of generation 28 / cbal. = 94.6134 / Wtd. con eff = 3.6278 / Wtd. HRF eff = 1.0013 / Pop var. = 0.43508 / time = 0.77
best of generation 29 / cbal. = 94.6134 / Wtd. con eff = 3.6278 / Wtd. HRF eff = 1.0013 / Pop var. = 0.40242 / time = 0.79
best of generation 30 / cbal. = 94.6134 / Wtd. con eff = 3.6278 / Wtd. HRF eff = 1.0013 / Pop var. = 0.37509 / time = 0.81
best of generation 31 / cbal. = 94.6134 / Wtd. con eff = 3.6278 / Wtd. HRF eff = 1.0013 / Pop var. = 0.45267 / time = 0.81
best of generation 32 / cbal. = 94.6134 / Wtd. con eff = 3.6278 / Wtd. HRF eff = 1.0013 / Pop var. = 0.41685 / time = 0.79
best of generation 33 / cbal. = 94.554 / Wtd. con eff = 3.6475 / Wtd. HRF eff = 1.2316 / Pop var. = 0.40647 / time = 0.8
best of generation 34 / cbal. = 94.554 / Wtd. con eff = 3.6475 / Wtd. HRF eff = 1.2316 / Pop var. = 0.37772 / time = 0.79
best of generation 35 / cbal. = 95.0407 / Wtd. con eff = 3.5468 / Wtd. HRF eff = 1.3968 / Pop var. = 0.50214 / time = 0.8
best of generation 36 / cbal. = 94.2946 / Wtd. con eff = 3.6522 / Wtd. HRF eff = 1.1822 / Pop var. = 0.43764 / time = 0.77
best of generation 37 / cbal. = 95.0407 / Wtd. con eff = 3.5468 / Wtd. HRF eff = 1.3968 / Pop var. = 0.46286 / time = 0.78
best of generation 38 / cbal. = 94.5836 / Wtd. con eff = 3.6435 / Wtd. HRF eff = 1.2228 / Pop var. = 0.44874 / time = 0.77
best of generation 39 / cbal. = 94.5836 / Wtd. con eff = 3.6435 / Wtd. HRF eff = 1.2228 / Pop var. = 0.42704 / time = 0.8
best of generation 40 / cbal. = 94.8733 / Wtd. con eff = 3.624 / Wtd. HRF eff = 1.432 / Pop var. = 0.38914 / time = 0.78
best of generation 41 / cbal. = 94.8733 / Wtd. con eff = 3.624 / Wtd. HRF eff = 1.432 / Pop var. = 0.47222 / time = 0.78
best of generation 42 / cbal. = 94.8733 / Wtd. con eff = 3.624 / Wtd. HRF eff = 1.432 / Pop var. = 0.47253 / time = 0.81
best of generation 43 / cbal. = 94.8733 / Wtd. con eff = 3.624 / Wtd. HRF eff = 1.432 / Pop var. = 0.44691 / time = 0.78
best of generation 44 / cbal. = 94.4444 / Wtd. con eff = 3.6787 / Wtd. HRF eff = 1.6175 / Pop var. = 0.42567 / time = 0.8
best of generation 45 / cbal. = 94.4444 / Wtd. con eff = 3.6787 / Wtd. HRF eff = 1.6175 / Pop var. = 0.38621 / time = 0.8
best of generation 46 / cbal. = 94.4444 / Wtd. con eff = 3.6787 / Wtd. HRF eff = 1.6175 / Pop var. = 0.49114 / time = 0.8
best of generation 47 / cbal. = 94.4444 / Wtd. con eff = 3.6787 / Wtd. HRF eff = 1.6175 / Pop var. = 0.4626 / time = 0.79
best of generation 48 / cbal. = 94.4444 / Wtd. con eff = 3.6787 / Wtd. HRF eff = 1.6175 / Pop var. = 0.40556 / time = 0.79
best of generation 49 / cbal. = 94.4444 / Wtd. con eff = 3.6787 / Wtd. HRF eff = 1.6175 / Pop var. = 0.3747 / time = 0.78
best of generation 50 / cbal. = 94.4444 / Wtd. con eff = 3.6787 / Wtd. HRF eff = 1.6175 / Pop var. = 0.41779 / time = 0.79
best of generation 51 / cbal. = 94.4444 / Wtd. con eff = 3.6787 / Wtd. HRF eff = 1.6175 / Pop var. = 0.34869 / time = 0.8
best of generation 52 / cbal. = 94.681 / Wtd. con eff = 3.6287 / Wtd. HRF eff = 1.719 / Pop var. = 0.42001 / time = 0.8
best of generation 53 / cbal. = 94.4444 / Wtd. con eff = 3.6787 / Wtd. HRF eff = 1.6175 / Pop var. = 0.3786 / time = 0.79
best of generation 54 / cbal. = 94.4444 / Wtd. con eff = 3.6787 / Wtd. HRF eff = 1.6175 / Pop var. = 0.43004 / time = 0.79
best of generation 55 / cbal. = 94.4444 / Wtd. con eff = 3.6787 / Wtd. HRF eff = 1.6175 / Pop var. = 0.40238 / time = 0.78
best of generation 56 / cbal. = 94.4444 / Wtd. con eff = 3.6787 / Wtd. HRF eff = 1.6175 / Pop var. = 0.36581 / time = 0.8
best of generation 57 / cbal. = 94.4444 / Wtd. con eff = 3.6787 / Wtd. HRF eff = 1.6175 / Pop var. = 0.42764 / time = 0.8
best of generation 58 / cbal. = 94.4444 / Wtd. con eff = 3.6787 / Wtd. HRF eff = 1.6175 / Pop var. = 0.39601 / time = 0.78
best of generation 59 / cbal. = 94.4444 / Wtd. con eff = 3.6787 / Wtd. HRF eff = 1.6175 / Pop var. = 0.38317 / time = 0.79
best of generation 60 / cbal. = 94.4444 / Wtd. con eff = 3.6787 / Wtd. HRF eff = 1.6175 / Pop var. = 0.43828 / time = 0.81
best of generation 61 / cbal. = 94.4444 / Wtd. con eff = 3.6787 / Wtd. HRF eff = 1.6175 / Pop var. = 0.37039 / time = 0.8
best of generation 62 / cbal. = 94.4444 / Wtd. con eff = 3.6787 / Wtd. HRF eff = 1.6175 / Pop var. = 0.43126 / time = 0.8
best of generation 63 / cbal. = 94.4444 / Wtd. con eff = 3.6787 / Wtd. HRF eff = 1.6175 / Pop var. = 0.38633 / time = 0.79
best of generation 64 / cbal. = 94.4444 / Wtd. con eff = 3.6787 / Wtd. HRF eff = 1.6175 / Pop var. = 0.43806 / time = 0.78
best of generation 65 / cbal. = 94.4444 / Wtd. con eff = 3.6787 / Wtd. HRF eff = 1.6175 / Pop var. = 0.40973 / time = 0.77
best of generation 66 / cbal. = 94.5985 / Wtd. con eff = 3.6591 / Wtd. HRF eff = 1.7281 / Pop var. = 0.34476 / time = 0.78
best of generation 67 / cbal. = 94.5985 / Wtd. con eff = 3.6591 / Wtd. HRF eff = 1.7281 / Pop var. = 0.43097 / time = 0.8
best of generation 68 / cbal. = 94.5985 / Wtd. con eff = 3.6591 / Wtd. HRF eff = 1.7281 / Pop var. = 0.36366 / time = 0.8
best of generation 69 / cbal. = 94.5985 / Wtd. con eff = 3.6591 / Wtd. HRF eff = 1.7281 / Pop var. = 0.40356 / time = 0.79
best of generation 70 / cbal. = 94.5985 / Wtd. con eff = 3.6591 / Wtd. HRF eff = 1.7281 / Pop var. = 0.38168 / time = 0.79
best of generation 71 / cbal. = 94.5985 / Wtd. con eff = 3.6591 / Wtd. HRF eff = 1.7281 / Pop var. = 0.46259 / time = 0.78
best of generation 72 / cbal. = 94.7571 / Wtd. con eff = 3.6279 / Wtd. HRF eff = 1.9343 / Pop var. = 0.45342 / time = 0.81
best of generation 73 / cbal. = 94.7571 / Wtd. con eff = 3.6279 / Wtd. HRF eff = 1.9343 / Pop var. = 0.37747 / time = 0.79
best of generation 74 / cbal. = 94.7571 / Wtd. con eff = 3.6279 / Wtd. HRF eff = 1.9343 / Pop var. = 0.45725 / time = 0.78
best of generation 75 / cbal. = 94.7571 / Wtd. con eff = 3.6279 / Wtd. HRF eff = 1.9343 / Pop var. = 0.3945 / time = 0.79
best of generation 76 / cbal. = 94.7571 / Wtd. con eff = 3.6279 / Wtd. HRF eff = 1.9343 / Pop var. = 0.47052 / time = 0.78
best of generation 77 / cbal. = 94.7571 / Wtd. con eff = 3.6279 / Wtd. HRF eff = 1.9343 / Pop var. = 0.41195 / time = 0.79
best of generation 78 / cbal. = 94.7571 / Wtd. con eff = 3.6279 / Wtd. HRF eff = 1.9343 / Pop var. = 0.38364 / time = 0.79
best of generation 79 / cbal. = 94.7571 / Wtd. con eff = 3.6279 / Wtd. HRF eff = 1.9343 / Pop var. = 0.44091 / time = 0.8
best of generation 80 / cbal. = 94.7571 / Wtd. con eff = 3.6279 / Wtd. HRF eff = 1.9343 / Pop var. = 0.39425 / time = 0.79
best of generation 81 / cbal. = 94.7571 / Wtd. con eff = 3.6279 / Wtd. HRF eff = 1.9343 / Pop var. = 0.48303 / time = 0.79
best of generation 82 / cbal. = 94.7571 / Wtd. con eff = 3.6279 / Wtd. HRF eff = 1.9343 / Pop var. = 0.39343 / time = 0.82
best of generation 83 / cbal. = 94.7571 / Wtd. con eff = 3.6279 / Wtd. HRF eff = 1.9343 / Pop var. = 0.45877 / time = 0.8
best of generation 84 / cbal. = 94.7571 / Wtd. con eff = 3.6279 / Wtd. HRF eff = 1.9343 / Pop var. = 0.44731 / time = 0.81
best of generation 85 / cbal. = 94.7571 / Wtd. con eff = 3.6279 / Wtd. HRF eff = 1.9343 / Pop var. = 0.3449 / time = 0.8
best of generation 86 / cbal. = 94.7571 / Wtd. con eff = 3.6279 / Wtd. HRF eff = 1.9343 / Pop var. = 0.42687 / time = 0.75
best of generation 87 / cbal. = 94.5911 / Wtd. con eff = 3.6817 / Wtd. HRF eff = 1.7803 / Pop var. = 0.33985 / time = 0.78
best of generation 88 / cbal. = 94.5911 / Wtd. con eff = 3.6817 / Wtd. HRF eff = 1.7803 / Pop var. = 0.42573 / time = 0.81
best of generation 89 / cbal. = 94.5911 / Wtd. con eff = 3.6817 / Wtd. HRF eff = 1.7803 / Pop var. = 0.3757 / time = 0.8
best of generation 90 / cbal. = 94.5911 / Wtd. con eff = 3.6817 / Wtd. HRF eff = 1.7803 / Pop var. = 0.44993 / time = 0.77
best of generation 91 / cbal. = 94.5911 / Wtd. con eff = 3.6817 / Wtd. HRF eff = 1.7803 / Pop var. = 0.38861 / time = 0.77
best of generation 92 / cbal. = 94.5911 / Wtd. con eff = 3.6817 / Wtd. HRF eff = 1.7803 / Pop var. = 0.46086 / time = 0.78
best of generation 93 / cbal. = 94.5911 / Wtd. con eff = 3.6817 / Wtd. HRF eff = 1.7803 / Pop var. = 0.43266 / time = 0.77
best of generation 94 / cbal. = 94.5911 / Wtd. con eff = 3.6817 / Wtd. HRF eff = 1.7803 / Pop var. = 0.40816 / time = 0.74
best of generation 95 / cbal. = 94.5911 / Wtd. con eff = 3.6817 / Wtd. HRF eff = 1.7803 / Pop var. = 0.36453 / time = 0.74
best of generation 96 / cbal. = 94.5911 / Wtd. con eff = 3.6817 / Wtd. HRF eff = 1.7803 / Pop var. = 0.4257 / time = 0.75
best of generation 97 / cbal. = 94.5911 / Wtd. con eff = 3.6817 / Wtd. HRF eff = 1.7803 / Pop var. = 0.36191 / time = 0.74
best of generation 98 / cbal. = 94.5911 / Wtd. con eff = 3.6817 / Wtd. HRF eff = 1.7803 / Pop var. = 0.44176 / time = 0.77
best of generation 99 / cbal. = 94.5911 / Wtd. con eff = 3.6817 / Wtd. HRF eff = 1.7803 / Pop var. = 0.3882 / time = 0.78
best of generation 100 / cbal. = 94.5911 / Wtd. con eff = 3.6817 / Wtd. HRF eff = 1.7803 / Pop var. = 0.47634 / time = 0.78
best of generation 101 / cbal. = 94.5911 / Wtd. con eff = 3.6817 / Wtd. HRF eff = 1.7803 / Pop var. = 0.46158 / time = 0.79
best of generation 102 / cbal. = 94.5911 / Wtd. con eff = 3.6817 / Wtd. HRF eff = 1.7803 / Pop var. = 0.44144 / time = 0.78
best of generation 103 / cbal. = 94.5911 / Wtd. con eff = 3.6817 / Wtd. HRF eff = 1.7803 / Pop var. = 0.36901 / time = 0.8
best of generation 104 / cbal. = 94.5911 / Wtd. con eff = 3.6817 / Wtd. HRF eff = 1.7803 / Pop var. = 0.42756 / time = 0.82
best of generation 105 / cbal. = 94.5911 / Wtd. con eff = 3.6817 / Wtd. HRF eff = 1.7803 / Pop var. = 0.34559 / time = 0.79
best of generation 106 / cbal. = 94.5911 / Wtd. con eff = 3.6817 / Wtd. HRF eff = 1.7803 / Pop var. = 0.40269 / time = 0.76
best of generation 107 / cbal. = 94.5911 / Wtd. con eff = 3.6817 / Wtd. HRF eff = 1.7803 / Pop var. = 0.42765 / time = 0.78
best of generation 108 / cbal. = 94.5911 / Wtd. con eff = 3.6817 / Wtd. HRF eff = 1.7803 / Pop var. = 0.37462 / time = 0.8
best of generation 109 / cbal. = 94.5911 / Wtd. con eff = 3.6817 / Wtd. HRF eff = 1.7803 / Pop var. = 0.46539 / time = 0.81
best of generation 110 / cbal. = 94.5911 / Wtd. con eff = 3.6817 / Wtd. HRF eff = 1.7803 / Pop var. = 0.44416 / time = 0.8
best of generation 111 / cbal. = 94.5911 / Wtd. con eff = 3.6817 / Wtd. HRF eff = 1.7803 / Pop var. = 0.40055 / time = 0.78
best of generation 112 / cbal. = 94.5911 / Wtd. con eff = 3.6817 / Wtd. HRF eff = 1.7803 / Pop var. = 0.37842 / time = 0.81
best of generation 113 / cbal. = 94.7724 / Wtd. con eff = 3.6607 / Wtd. HRF eff = 1.7641 / Pop var. = 0.42412 / time = 0.79
best of generation 114 / cbal. = 94.7724 / Wtd. con eff = 3.6607 / Wtd. HRF eff = 1.7641 / Pop var. = 0.37065 / time = 0.82
best of generation 115 / cbal. = 94.7724 / Wtd. con eff = 3.6607 / Wtd. HRF eff = 1.7641 / Pop var. = 0.45034 / time = 0.8
best of generation 116 / cbal. = 94.7724 / Wtd. con eff = 3.6607 / Wtd. HRF eff = 1.7641 / Pop var. = 0.40158 / time = 0.8
best of generation 117 / cbal. = 94.7724 / Wtd. con eff = 3.6607 / Wtd. HRF eff = 1.7641 / Pop var. = 0.36057 / time = 0.79
best of generation 118 / cbal. = 94.7724 / Wtd. con eff = 3.6607 / Wtd. HRF eff = 1.7641 / Pop var. = 0.45962 / time = 0.8
best of generation 119 / cbal. = 94.7724 / Wtd. con eff = 3.6607 / Wtd. HRF eff = 1.7641 / Pop var. = 0.43284 / time = 0.82
best of generation 120 / cbal. = 94.7724 / Wtd. con eff = 3.6607 / Wtd. HRF eff = 1.7641 / Pop var. = 0.38757 / time = 0.8
best of generation 121 / cbal. = 94.7724 / Wtd. con eff = 3.6607 / Wtd. HRF eff = 1.7641 / Pop var. = 0.44287 / time = 0.79
best of generation 122 / cbal. = 94.7494 / Wtd. con eff = 3.671 / Wtd. HRF eff = 1.7786 / Pop var. = 0.39591 / time = 0.81
best of generation 123 / cbal. = 94.7494 / Wtd. con eff = 3.671 / Wtd. HRF eff = 1.7786 / Pop var. = 0.4889 / time = 0.78
best of generation 124 / cbal. = 94.7494 / Wtd. con eff = 3.671 / Wtd. HRF eff = 1.7786 / Pop var. = 0.43769 / time = 0.81
best of generation 125 / cbal. = 94.7494 / Wtd. con eff = 3.671 / Wtd. HRF eff = 1.7786 / Pop var. = 0.42173 / time = 0.8
best of generation 126 / cbal. = 94.7494 / Wtd. con eff = 3.671 / Wtd. HRF eff = 1.7786 / Pop var. = 0.40121 / time = 0.8
best of generation 127 / cbal. = 94.7494 / Wtd. con eff = 3.671 / Wtd. HRF eff = 1.7786 / Pop var. = 0.38921 / time = 0.79
best of generation 128 / cbal. = 94.7494 / Wtd. con eff = 3.671 / Wtd. HRF eff = 1.7786 / Pop var. = 0.4604 / time = 0.8
best of generation 129 / cbal. = 94.7494 / Wtd. con eff = 3.671 / Wtd. HRF eff = 1.7786 / Pop var. = 0.40064 / time = 0.79
best of generation 130 / cbal. = 94.6134 / Wtd. con eff = 3.6793 / Wtd. HRF eff = 2.0763 / Pop var. = 0.3493 / time = 0.8
best of generation 131 / cbal. = 94.6134 / Wtd. con eff = 3.6793 / Wtd. HRF eff = 2.0763 / Pop var. = 0.40171 / time = 0.8
best of generation 132 / cbal. = 94.6134 / Wtd. con eff = 3.6793 / Wtd. HRF eff = 2.0763 / Pop var. = 0.38932 / time = 0.8
best of generation 133 / cbal. = 94.6134 / Wtd. con eff = 3.6793 / Wtd. HRF eff = 2.0763 / Pop var. = 0.45642 / time = 0.81
best of generation 134 / cbal. = 94.6134 / Wtd. con eff = 3.6793 / Wtd. HRF eff = 2.0763 / Pop var. = 0.41264 / time = 0.78
best of generation 135 / cbal. = 94.6134 / Wtd. con eff = 3.6793 / Wtd. HRF eff = 2.0763 / Pop var. = 0.35637 / time = 0.85
best of generation 136 / cbal. = 94.6134 / Wtd. con eff = 3.6793 / Wtd. HRF eff = 2.0763 / Pop var. = 0.42473 / time = 0.8
best of generation 137 / cbal. = 94.6134 / Wtd. con eff = 3.6793 / Wtd. HRF eff = 2.0763 / Pop var. = 0.35998 / time = 0.8
best of generation 138 / cbal. = 94.6134 / Wtd. con eff = 3.6793 / Wtd. HRF eff = 2.0763 / Pop var. = 0.41043 / time = 0.78
best of generation 139 / cbal. = 94.6134 / Wtd. con eff = 3.6793 / Wtd. HRF eff = 2.0763 / Pop var. = 0.3418 / time = 0.84
best of generation 140 / cbal. = 94.6134 / Wtd. con eff = 3.6793 / Wtd. HRF eff = 2.0763 / Pop var. = 0.44044 / time = 0.82
best of generation 141 / cbal. = 94.6134 / Wtd. con eff = 3.6793 / Wtd. HRF eff = 2.0763 / Pop var. = 0.42581 / time = 0.79
best of generation 142 / cbal. = 94.6134 / Wtd. con eff = 3.6793 / Wtd. HRF eff = 2.0763 / Pop var. = 0.38772 / time = 0.79
best of generation 143 / cbal. = 94.6134 / Wtd. con eff = 3.6793 / Wtd. HRF eff = 2.0763 / Pop var. = 0.42447 / time = 0.81
best of generation 144 / cbal. = 94.6134 / Wtd. con eff = 3.6793 / Wtd. HRF eff = 2.0763 / Pop var. = 0.42074 / time = 0.8
best of generation 145 / cbal. = 94.6134 / Wtd. con eff = 3.6793 / Wtd. HRF eff = 2.0763 / Pop var. = 0.37139 / time = 0.84
best of generation 146 / cbal. = 94.6134 / Wtd. con eff = 3.6793 / Wtd. HRF eff = 2.0763 / Pop var. = 0.3971 / time = 0.81
best of generation 147 / cbal. = 94.6134 / Wtd. con eff = 3.6793 / Wtd. HRF eff = 2.0763 / Pop var. = 0.45876 / time = 0.8
best of generation 148 / cbal. = 94.6134 / Wtd. con eff = 3.6793 / Wtd. HRF eff = 2.0763 / Pop var. = 0.39948 / time = 0.8
best of generation 149 / cbal. = 94.6134 / Wtd. con eff = 3.6793 / Wtd. HRF eff = 2.0763 / Pop var. = 0.45961 / time = 0.8
saving workspace as GAresults.mat
M = 
     origlist: [49x1 double]
     restlist: [20x1 double]
     stimlist: [60x1 double]
           ga: [1x1 struct]
    bestLists: [60x149 uint8]
         date: '11-9-2014'
optimizeGA done: 120.44 s
