Starting Model 61
OptimizeGA
===============================
Saturation threshold = 
Setting up variables
You entered 2 conditions  (event types) that will each be modeled with a regessor. 
 Note that if you enter 0 as a condition number, those events will not be modeled
 (they are assumed to be rest/inter-stimulus interval periods)

Contrasts entered. You entered matrix of 3 contrasts, with weights across 4 conditions.
 Contrasts:
     1     1    -1    -1
     1     0    -1     0
     0     1     0    -1
 ...adding one column to contrast matrix with weights of 0, to model the intercept
You entered a contrast weight vector across 3 contrasts
 	...Using rests of length 1 and resting every 4
================== Parameters ======================
     Total stimuli in scan      : 60
     Fixed rest length in ITIs  : 1
     Fixed Rest stimuli in scan : 11
     Num blank intervals        : 9
     Num of task conds          : 2
     Num stimuli each cond      : 20  20
====================================================
	...generating lists of organisms
	...USING TRANS2BLOCK >
     freqConditions = 0.2         0.2         0.2         0.2
     conditions = 1  2  3  4
REST INTERVALS: not used (to use, freqCond should be one longer than conditions
  ...randomizing organism start state
	...restMatrix is 20 X 40
ans =
     4     4     4     4     4     4     4     4     4     4
     4     4     4     4     4     4     4     4     4     4
     4     4     4     4     4     4     4     4     4     4
     4     4     4     4     4     4     4     4     4     4
     4     4     4     4     4     4     4     4     4     4
======== Num stimuli, averaged across lists (before instruction/rest stimuli) ========
		Condition 0: 9 stimuli, 15% of total stimuli
		Condition 1: 20 stimuli, 33.3333% of total stimuli
		Condition 2: 20 stimuli, 33.3333% of total stimuli
		Condition 3: 0 stimuli, 0% of total stimuli
		Condition 4: 0 stimuli, 0% of total stimuli
======================================================================================
best of generation 1 / cbal. = 95.1604 / Wtd. con eff = 2.557 / Wtd. HRF eff = 0.76675 / Pop var. = 0.8658 / time = 0.75
best of generation 2 / cbal. = 94.743 / Wtd. con eff = 2.8786 / Wtd. HRF eff = 0.55691 / Pop var. = 0.84473 / time = 0.74
best of generation 3 / cbal. = 94.9503 / Wtd. con eff = 2.9206 / Wtd. HRF eff = 0.53077 / Pop var. = 0.83286 / time = 0.73
best of generation 4 / cbal. = 95.1096 / Wtd. con eff = 2.9171 / Wtd. HRF eff = 0.55483 / Pop var. = 0.82039 / time = 0.72
best of generation 5 / cbal. = 95.1096 / Wtd. con eff = 2.9171 / Wtd. HRF eff = 0.55483 / Pop var. = 0.79625 / time = 0.72
best of generation 6 / cbal. = 94.6216 / Wtd. con eff = 3.0426 / Wtd. HRF eff = 0.67597 / Pop var. = 0.70682 / time = 0.72
best of generation 7 / cbal. = 94.086 / Wtd. con eff = 3.2307 / Wtd. HRF eff = 0.74533 / Pop var. = 0.68294 / time = 0.72
best of generation 8 / cbal. = 94.086 / Wtd. con eff = 3.2307 / Wtd. HRF eff = 0.74533 / Pop var. = 0.60238 / time = 0.74
best of generation 9 / cbal. = 94.086 / Wtd. con eff = 3.2307 / Wtd. HRF eff = 0.74533 / Pop var. = 0.63265 / time = 0.72
best of generation 10 / cbal. = 94.086 / Wtd. con eff = 3.2307 / Wtd. HRF eff = 0.74533 / Pop var. = 0.66273 / time = 0.74
best of generation 11 / cbal. = 94.3108 / Wtd. con eff = 3.3594 / Wtd. HRF eff = 0.67172 / Pop var. = 0.6561 / time = 0.73
best of generation 12 / cbal. = 94.6428 / Wtd. con eff = 3.3608 / Wtd. HRF eff = 0.6847 / Pop var. = 0.66585 / time = 0.72
best of generation 13 / cbal. = 94.1834 / Wtd. con eff = 3.5385 / Wtd. HRF eff = 0.85385 / Pop var. = 0.65131 / time = 0.74
best of generation 14 / cbal. = 94.2385 / Wtd. con eff = 3.4958 / Wtd. HRF eff = 0.95811 / Pop var. = 0.7048 / time = 0.74
best of generation 15 / cbal. = 94.5125 / Wtd. con eff = 3.452 / Wtd. HRF eff = 0.75863 / Pop var. = 0.69247 / time = 0.73
best of generation 16 / cbal. = 95.0977 / Wtd. con eff = 3.4189 / Wtd. HRF eff = 0.83134 / Pop var. = 0.65634 / time = 0.72
best of generation 17 / cbal. = 94.6161 / Wtd. con eff = 3.5132 / Wtd. HRF eff = 0.82657 / Pop var. = 0.62654 / time = 0.73
best of generation 18 / cbal. = 94.6161 / Wtd. con eff = 3.5132 / Wtd. HRF eff = 0.82657 / Pop var. = 0.56347 / time = 0.74
best of generation 19 / cbal. = 94.6161 / Wtd. con eff = 3.5132 / Wtd. HRF eff = 0.82657 / Pop var. = 0.52727 / time = 0.76
best of generation 20 / cbal. = 95.1887 / Wtd. con eff = 3.5166 / Wtd. HRF eff = 0.77037 / Pop var. = 0.5251 / time = 0.74
best of generation 21 / cbal. = 95.1887 / Wtd. con eff = 3.5166 / Wtd. HRF eff = 0.77037 / Pop var. = 0.52286 / time = 0.73
best of generation 22 / cbal. = 94.6433 / Wtd. con eff = 3.5269 / Wtd. HRF eff = 1.1623 / Pop var. = 0.53134 / time = 0.73
best of generation 23 / cbal. = 95.1887 / Wtd. con eff = 3.5166 / Wtd. HRF eff = 0.77037 / Pop var. = 0.55727 / time = 0.74
best of generation 24 / cbal. = 95.0732 / Wtd. con eff = 3.6071 / Wtd. HRF eff = 1.4015 / Pop var. = 0.51976 / time = 0.76
best of generation 25 / cbal. = 94.8969 / Wtd. con eff = 3.5561 / Wtd. HRF eff = 1.8722 / Pop var. = 0.50613 / time = 0.77
best of generation 26 / cbal. = 94.9048 / Wtd. con eff = 3.6375 / Wtd. HRF eff = 1.8377 / Pop var. = 0.48545 / time = 0.73
best of generation 27 / cbal. = 94.9048 / Wtd. con eff = 3.6375 / Wtd. HRF eff = 1.8377 / Pop var. = 0.43208 / time = 0.72
best of generation 28 / cbal. = 94.9048 / Wtd. con eff = 3.6375 / Wtd. HRF eff = 1.8377 / Pop var. = 0.39324 / time = 0.74
best of generation 29 / cbal. = 94.9048 / Wtd. con eff = 3.6375 / Wtd. HRF eff = 1.8377 / Pop var. = 0.46367 / time = 0.73
best of generation 30 / cbal. = 94.9048 / Wtd. con eff = 3.6375 / Wtd. HRF eff = 1.8377 / Pop var. = 0.44972 / time = 0.75
best of generation 31 / cbal. = 94.9048 / Wtd. con eff = 3.6375 / Wtd. HRF eff = 1.8377 / Pop var. = 0.41729 / time = 0.74
best of generation 32 / cbal. = 94.9048 / Wtd. con eff = 3.6375 / Wtd. HRF eff = 1.8377 / Pop var. = 0.3716 / time = 0.74
best of generation 33 / cbal. = 94.9048 / Wtd. con eff = 3.6375 / Wtd. HRF eff = 1.8377 / Pop var. = 0.48577 / time = 0.75
best of generation 34 / cbal. = 94.9048 / Wtd. con eff = 3.6375 / Wtd. HRF eff = 1.8377 / Pop var. = 0.40108 / time = 0.74
best of generation 35 / cbal. = 94.9048 / Wtd. con eff = 3.6375 / Wtd. HRF eff = 1.8377 / Pop var. = 0.27253 / time = 0.75
best of generation 36 / cbal. = 94.9048 / Wtd. con eff = 3.6375 / Wtd. HRF eff = 1.8377 / Pop var. = 0.34706 / time = 0.77
best of generation 37 / cbal. = 94.9048 / Wtd. con eff = 3.6375 / Wtd. HRF eff = 1.8377 / Pop var. = 0.46018 / time = 0.74
best of generation 38 / cbal. = 94.9048 / Wtd. con eff = 3.6375 / Wtd. HRF eff = 1.8377 / Pop var. = 0.38681 / time = 0.74
best of generation 39 / cbal. = 94.9048 / Wtd. con eff = 3.6375 / Wtd. HRF eff = 1.8377 / Pop var. = 0.46129 / time = 0.73
best of generation 40 / cbal. = 94.9048 / Wtd. con eff = 3.6375 / Wtd. HRF eff = 1.8377 / Pop var. = 0.41545 / time = 0.74
best of generation 41 / cbal. = 94.9048 / Wtd. con eff = 3.6375 / Wtd. HRF eff = 1.8377 / Pop var. = 0.38144 / time = 0.76
best of generation 42 / cbal. = 94.9048 / Wtd. con eff = 3.6375 / Wtd. HRF eff = 1.8377 / Pop var. = 0.38245 / time = 0.73
best of generation 43 / cbal. = 94.9048 / Wtd. con eff = 3.6375 / Wtd. HRF eff = 1.8377 / Pop var. = 0.43822 / time = 0.74
best of generation 44 / cbal. = 94.9048 / Wtd. con eff = 3.6375 / Wtd. HRF eff = 1.8377 / Pop var. = 0.39545 / time = 0.74
best of generation 45 / cbal. = 94.9048 / Wtd. con eff = 3.6375 / Wtd. HRF eff = 1.8377 / Pop var. = 0.45467 / time = 0.74
best of generation 46 / cbal. = 94.9048 / Wtd. con eff = 3.6375 / Wtd. HRF eff = 1.8377 / Pop var. = 0.43125 / time = 0.75
best of generation 47 / cbal. = 94.9048 / Wtd. con eff = 3.6375 / Wtd. HRF eff = 1.8377 / Pop var. = 0.36183 / time = 0.73
best of generation 48 / cbal. = 94.9048 / Wtd. con eff = 3.6375 / Wtd. HRF eff = 1.8377 / Pop var. = 0.41313 / time = 0.74
best of generation 49 / cbal. = 94.9048 / Wtd. con eff = 3.6375 / Wtd. HRF eff = 1.8377 / Pop var. = 0.37902 / time = 0.74
best of generation 50 / cbal. = 94.9048 / Wtd. con eff = 3.6375 / Wtd. HRF eff = 1.8377 / Pop var. = 0.43181 / time = 0.74
best of generation 51 / cbal. = 94.9048 / Wtd. con eff = 3.6375 / Wtd. HRF eff = 1.8377 / Pop var. = 0.36822 / time = 0.72
best of generation 52 / cbal. = 94.9048 / Wtd. con eff = 3.6375 / Wtd. HRF eff = 1.8377 / Pop var. = 0.43773 / time = 0.8
best of generation 53 / cbal. = 94.9048 / Wtd. con eff = 3.6375 / Wtd. HRF eff = 1.8377 / Pop var. = 0.39085 / time = 0.74
best of generation 54 / cbal. = 94.9048 / Wtd. con eff = 3.6375 / Wtd. HRF eff = 1.8377 / Pop var. = 0.48209 / time = 0.75
best of generation 55 / cbal. = 94.9048 / Wtd. con eff = 3.6375 / Wtd. HRF eff = 1.8377 / Pop var. = 0.42661 / time = 0.73
best of generation 56 / cbal. = 94.9048 / Wtd. con eff = 3.6375 / Wtd. HRF eff = 1.8377 / Pop var. = 0.39115 / time = 0.74
best of generation 57 / cbal. = 94.9048 / Wtd. con eff = 3.6375 / Wtd. HRF eff = 1.8377 / Pop var. = 0.45163 / time = 0.75
best of generation 58 / cbal. = 94.9048 / Wtd. con eff = 3.6375 / Wtd. HRF eff = 1.8377 / Pop var. = 0.4075 / time = 0.74
best of generation 59 / cbal. = 94.9048 / Wtd. con eff = 3.6375 / Wtd. HRF eff = 1.8377 / Pop var. = 0.31748 / time = 0.73
best of generation 60 / cbal. = 94.9048 / Wtd. con eff = 3.6375 / Wtd. HRF eff = 1.8377 / Pop var. = 0.43293 / time = 0.74
best of generation 61 / cbal. = 94.9048 / Wtd. con eff = 3.6375 / Wtd. HRF eff = 1.8377 / Pop var. = 0.38785 / time = 0.74
best of generation 62 / cbal. = 94.9048 / Wtd. con eff = 3.6375 / Wtd. HRF eff = 1.8377 / Pop var. = 0.47423 / time = 0.75
best of generation 63 / cbal. = 94.9048 / Wtd. con eff = 3.6375 / Wtd. HRF eff = 1.8377 / Pop var. = 0.44418 / time = 0.78
best of generation 64 / cbal. = 94.9048 / Wtd. con eff = 3.6375 / Wtd. HRF eff = 1.8377 / Pop var. = 0.40133 / time = 0.74
best of generation 65 / cbal. = 94.9048 / Wtd. con eff = 3.6375 / Wtd. HRF eff = 1.8377 / Pop var. = 0.35333 / time = 0.75
best of generation 66 / cbal. = 94.9048 / Wtd. con eff = 3.6375 / Wtd. HRF eff = 1.8377 / Pop var. = 0.40156 / time = 0.75
best of generation 67 / cbal. = 94.9048 / Wtd. con eff = 3.6375 / Wtd. HRF eff = 1.8377 / Pop var. = 0.36749 / time = 0.74
best of generation 68 / cbal. = 94.7265 / Wtd. con eff = 3.6635 / Wtd. HRF eff = 1.8562 / Pop var. = 0.44379 / time = 0.75
best of generation 69 / cbal. = 94.7265 / Wtd. con eff = 3.6635 / Wtd. HRF eff = 1.8562 / Pop var. = 0.41636 / time = 0.74
best of generation 70 / cbal. = 94.7265 / Wtd. con eff = 3.6635 / Wtd. HRF eff = 1.8562 / Pop var. = 0.36861 / time = 0.73
best of generation 71 / cbal. = 94.7265 / Wtd. con eff = 3.6635 / Wtd. HRF eff = 1.8562 / Pop var. = 0.42281 / time = 0.73
best of generation 72 / cbal. = 94.7265 / Wtd. con eff = 3.6635 / Wtd. HRF eff = 1.8562 / Pop var. = 0.38023 / time = 0.74
best of generation 73 / cbal. = 94.7265 / Wtd. con eff = 3.6635 / Wtd. HRF eff = 1.8562 / Pop var. = 0.44402 / time = 0.74
best of generation 74 / cbal. = 94.7265 / Wtd. con eff = 3.6635 / Wtd. HRF eff = 1.8562 / Pop var. = 0.38268 / time = 0.77
best of generation 75 / cbal. = 94.7265 / Wtd. con eff = 3.6635 / Wtd. HRF eff = 1.8562 / Pop var. = 0.45441 / time = 0.73
best of generation 76 / cbal. = 94.7265 / Wtd. con eff = 3.6635 / Wtd. HRF eff = 1.8562 / Pop var. = 0.37407 / time = 0.74
best of generation 77 / cbal. = 94.7265 / Wtd. con eff = 3.6635 / Wtd. HRF eff = 1.8562 / Pop var. = 0.39635 / time = 0.74
best of generation 78 / cbal. = 94.7265 / Wtd. con eff = 3.6635 / Wtd. HRF eff = 1.8562 / Pop var. = 0.45534 / time = 0.73
best of generation 79 / cbal. = 94.7265 / Wtd. con eff = 3.6635 / Wtd. HRF eff = 1.8562 / Pop var. = 0.41543 / time = 0.76
best of generation 80 / cbal. = 94.7265 / Wtd. con eff = 3.6635 / Wtd. HRF eff = 1.8562 / Pop var. = 0.39433 / time = 0.74
best of generation 81 / cbal. = 94.7265 / Wtd. con eff = 3.6635 / Wtd. HRF eff = 1.8562 / Pop var. = 0.42726 / time = 0.73
best of generation 82 / cbal. = 94.7265 / Wtd. con eff = 3.6635 / Wtd. HRF eff = 1.8562 / Pop var. = 0.39639 / time = 0.75
best of generation 83 / cbal. = 94.7265 / Wtd. con eff = 3.6635 / Wtd. HRF eff = 1.8562 / Pop var. = 0.47681 / time = 0.74
best of generation 84 / cbal. = 94.7265 / Wtd. con eff = 3.6635 / Wtd. HRF eff = 1.8562 / Pop var. = 0.4501 / time = 0.74
best of generation 85 / cbal. = 94.7265 / Wtd. con eff = 3.6635 / Wtd. HRF eff = 1.8562 / Pop var. = 0.39606 / time = 0.77
best of generation 86 / cbal. = 94.7265 / Wtd. con eff = 3.6635 / Wtd. HRF eff = 1.8562 / Pop var. = 0.43527 / time = 0.74
best of generation 87 / cbal. = 94.7265 / Wtd. con eff = 3.6635 / Wtd. HRF eff = 1.8562 / Pop var. = 0.41094 / time = 0.74
best of generation 88 / cbal. = 94.7265 / Wtd. con eff = 3.6635 / Wtd. HRF eff = 1.8562 / Pop var. = 0.33676 / time = 0.74
best of generation 89 / cbal. = 94.7265 / Wtd. con eff = 3.6635 / Wtd. HRF eff = 1.8562 / Pop var. = 0.43701 / time = 0.74
best of generation 90 / cbal. = 94.7265 / Wtd. con eff = 3.6635 / Wtd. HRF eff = 1.8562 / Pop var. = 0.42278 / time = 0.75
best of generation 91 / cbal. = 94.7265 / Wtd. con eff = 3.6635 / Wtd. HRF eff = 1.8562 / Pop var. = 0.37335 / time = 0.72
best of generation 92 / cbal. = 94.7265 / Wtd. con eff = 3.6635 / Wtd. HRF eff = 1.8562 / Pop var. = 0.47176 / time = 0.75
best of generation 93 / cbal. = 94.7265 / Wtd. con eff = 3.6635 / Wtd. HRF eff = 1.8562 / Pop var. = 0.42207 / time = 0.75
best of generation 94 / cbal. = 94.7265 / Wtd. con eff = 3.6635 / Wtd. HRF eff = 1.8562 / Pop var. = 0.37035 / time = 0.74
best of generation 95 / cbal. = 94.7265 / Wtd. con eff = 3.6635 / Wtd. HRF eff = 1.8562 / Pop var. = 0.43124 / time = 0.76
best of generation 96 / cbal. = 94.7265 / Wtd. con eff = 3.6635 / Wtd. HRF eff = 1.8562 / Pop var. = 0.3906 / time = 0.76
best of generation 97 / cbal. = 94.7265 / Wtd. con eff = 3.6635 / Wtd. HRF eff = 1.8562 / Pop var. = 0.43158 / time = 0.74
best of generation 98 / cbal. = 94.7265 / Wtd. con eff = 3.6635 / Wtd. HRF eff = 1.8562 / Pop var. = 0.40834 / time = 0.75
best of generation 99 / cbal. = 94.7265 / Wtd. con eff = 3.6635 / Wtd. HRF eff = 1.8562 / Pop var. = 0.34523 / time = 0.73
best of generation 100 / cbal. = 94.7265 / Wtd. con eff = 3.6635 / Wtd. HRF eff = 1.8562 / Pop var. = 0.40229 / time = 0.75
best of generation 101 / cbal. = 94.7265 / Wtd. con eff = 3.6635 / Wtd. HRF eff = 1.8562 / Pop var. = 0.32515 / time = 0.76
best of generation 102 / cbal. = 94.7265 / Wtd. con eff = 3.6635 / Wtd. HRF eff = 1.8562 / Pop var. = 0.41038 / time = 0.74
best of generation 103 / cbal. = 94.7265 / Wtd. con eff = 3.6635 / Wtd. HRF eff = 1.8562 / Pop var. = 0.35241 / time = 0.74
best of generation 104 / cbal. = 94.7265 / Wtd. con eff = 3.6635 / Wtd. HRF eff = 1.8562 / Pop var. = 0.43318 / time = 0.75
best of generation 105 / cbal. = 94.7265 / Wtd. con eff = 3.6635 / Wtd. HRF eff = 1.8562 / Pop var. = 0.37853 / time = 0.74
best of generation 106 / cbal. = 94.7265 / Wtd. con eff = 3.6635 / Wtd. HRF eff = 1.8562 / Pop var. = 0.44469 / time = 0.75
best of generation 107 / cbal. = 94.7265 / Wtd. con eff = 3.6635 / Wtd. HRF eff = 1.8562 / Pop var. = 0.38633 / time = 0.73
best of generation 108 / cbal. = 94.7265 / Wtd. con eff = 3.6635 / Wtd. HRF eff = 1.8562 / Pop var. = 0.46728 / time = 0.74
best of generation 109 / cbal. = 94.7265 / Wtd. con eff = 3.6635 / Wtd. HRF eff = 1.8562 / Pop var. = 0.39449 / time = 0.74
best of generation 110 / cbal. = 94.9048 / Wtd. con eff = 3.6398 / Wtd. HRF eff = 1.8429 / Pop var. = 0.40624 / time = 0.75
best of generation 111 / cbal. = 94.9048 / Wtd. con eff = 3.6398 / Wtd. HRF eff = 1.8429 / Pop var. = 0.37161 / time = 0.73
best of generation 112 / cbal. = 94.9048 / Wtd. con eff = 3.6398 / Wtd. HRF eff = 1.8429 / Pop var. = 0.44436 / time = 0.77
best of generation 113 / cbal. = 94.9048 / Wtd. con eff = 3.6398 / Wtd. HRF eff = 1.8429 / Pop var. = 0.4034 / time = 0.74
best of generation 114 / cbal. = 94.9048 / Wtd. con eff = 3.6398 / Wtd. HRF eff = 1.8429 / Pop var. = 0.36939 / time = 0.73
best of generation 115 / cbal. = 94.9048 / Wtd. con eff = 3.6398 / Wtd. HRF eff = 1.8429 / Pop var. = 0.43034 / time = 0.73
best of generation 116 / cbal. = 94.9048 / Wtd. con eff = 3.6398 / Wtd. HRF eff = 1.8429 / Pop var. = 0.3768 / time = 0.74
best of generation 117 / cbal. = 94.9048 / Wtd. con eff = 3.6398 / Wtd. HRF eff = 1.8429 / Pop var. = 0.49074 / time = 0.74
best of generation 118 / cbal. = 94.9048 / Wtd. con eff = 3.6398 / Wtd. HRF eff = 1.8429 / Pop var. = 0.45289 / time = 0.74
best of generation 119 / cbal. = 94.9048 / Wtd. con eff = 3.6398 / Wtd. HRF eff = 1.8429 / Pop var. = 0.39082 / time = 0.74
best of generation 120 / cbal. = 94.9048 / Wtd. con eff = 3.6398 / Wtd. HRF eff = 1.8429 / Pop var. = 0.44842 / time = 0.73
best of generation 121 / cbal. = 94.9048 / Wtd. con eff = 3.6398 / Wtd. HRF eff = 1.8429 / Pop var. = 0.39858 / time = 0.73
best of generation 122 / cbal. = 94.9048 / Wtd. con eff = 3.6398 / Wtd. HRF eff = 1.8429 / Pop var. = 0.48244 / time = 0.74
best of generation 123 / cbal. = 94.9048 / Wtd. con eff = 3.6398 / Wtd. HRF eff = 1.8429 / Pop var. = 0.42692 / time = 0.81
best of generation 124 / cbal. = 94.9048 / Wtd. con eff = 3.6398 / Wtd. HRF eff = 1.8429 / Pop var. = 0.34322 / time = 0.74
best of generation 125 / cbal. = 94.9048 / Wtd. con eff = 3.6398 / Wtd. HRF eff = 1.8429 / Pop var. = 0.41851 / time = 0.75
best of generation 126 / cbal. = 94.9048 / Wtd. con eff = 3.6398 / Wtd. HRF eff = 1.8429 / Pop var. = 0.39365 / time = 0.74
best of generation 127 / cbal. = 94.9048 / Wtd. con eff = 3.6398 / Wtd. HRF eff = 1.8429 / Pop var. = 0.48145 / time = 0.74
best of generation 128 / cbal. = 94.9048 / Wtd. con eff = 3.6398 / Wtd. HRF eff = 1.8429 / Pop var. = 0.44081 / time = 0.75
best of generation 129 / cbal. = 94.9048 / Wtd. con eff = 3.6398 / Wtd. HRF eff = 1.8429 / Pop var. = 0.38649 / time = 0.73
best of generation 130 / cbal. = 94.9048 / Wtd. con eff = 3.6398 / Wtd. HRF eff = 1.8429 / Pop var. = 0.43678 / time = 0.74
best of generation 131 / cbal. = 94.9048 / Wtd. con eff = 3.6398 / Wtd. HRF eff = 1.8429 / Pop var. = 0.3984 / time = 0.73
best of generation 132 / cbal. = 94.9048 / Wtd. con eff = 3.6398 / Wtd. HRF eff = 1.8429 / Pop var. = 0.39555 / time = 0.74
best of generation 133 / cbal. = 94.9048 / Wtd. con eff = 3.6398 / Wtd. HRF eff = 1.8429 / Pop var. = 0.39737 / time = 0.74
best of generation 134 / cbal. = 94.9048 / Wtd. con eff = 3.6398 / Wtd. HRF eff = 1.8429 / Pop var. = 0.41334 / time = 0.78
best of generation 135 / cbal. = 94.9048 / Wtd. con eff = 3.6398 / Wtd. HRF eff = 1.8429 / Pop var. = 0.34044 / time = 0.73
best of generation 136 / cbal. = 94.9048 / Wtd. con eff = 3.6398 / Wtd. HRF eff = 1.8429 / Pop var. = 0.37391 / time = 0.73
best of generation 137 / cbal. = 94.9048 / Wtd. con eff = 3.6398 / Wtd. HRF eff = 1.8429 / Pop var. = 0.4842 / time = 0.73
best of generation 138 / cbal. = 94.9048 / Wtd. con eff = 3.6398 / Wtd. HRF eff = 1.8429 / Pop var. = 0.45919 / time = 0.74
best of generation 139 / cbal. = 94.9048 / Wtd. con eff = 3.6398 / Wtd. HRF eff = 1.8429 / Pop var. = 0.41 / time = 0.75
best of generation 140 / cbal. = 94.9048 / Wtd. con eff = 3.6398 / Wtd. HRF eff = 1.8429 / Pop var. = 0.38454 / time = 0.74
best of generation 141 / cbal. = 94.9048 / Wtd. con eff = 3.6398 / Wtd. HRF eff = 1.8429 / Pop var. = 0.3782 / time = 0.73
best of generation 142 / cbal. = 94.9048 / Wtd. con eff = 3.6398 / Wtd. HRF eff = 1.8429 / Pop var. = 0.42912 / time = 0.73
best of generation 143 / cbal. = 94.9048 / Wtd. con eff = 3.6398 / Wtd. HRF eff = 1.8429 / Pop var. = 0.3731 / time = 0.75
best of generation 144 / cbal. = 94.9048 / Wtd. con eff = 3.6398 / Wtd. HRF eff = 1.8429 / Pop var. = 0.44232 / time = 0.75
best of generation 145 / cbal. = 94.9048 / Wtd. con eff = 3.6398 / Wtd. HRF eff = 1.8429 / Pop var. = 0.38725 / time = 0.77
best of generation 146 / cbal. = 94.9048 / Wtd. con eff = 3.6398 / Wtd. HRF eff = 1.8429 / Pop var. = 0.44146 / time = 0.74
best of generation 147 / cbal. = 94.9048 / Wtd. con eff = 3.6398 / Wtd. HRF eff = 1.8429 / Pop var. = 0.40369 / time = 0.73
best of generation 148 / cbal. = 94.9048 / Wtd. con eff = 3.6398 / Wtd. HRF eff = 1.8429 / Pop var. = 0.32802 / time = 0.74
best of generation 149 / cbal. = 94.9048 / Wtd. con eff = 3.6398 / Wtd. HRF eff = 1.8429 / Pop var. = 0.42252 / time = 0.74
best of generation 150 / cbal. = 94.9048 / Wtd. con eff = 3.6398 / Wtd. HRF eff = 1.8429 / Pop var. = 0.34531 / time = 0.75
best of generation 151 / cbal. = 94.9048 / Wtd. con eff = 3.6398 / Wtd. HRF eff = 1.8429 / Pop var. = 0.3931 / time = 0.72
best of generation 152 / cbal. = 94.9048 / Wtd. con eff = 3.6398 / Wtd. HRF eff = 1.8429 / Pop var. = 0.44371 / time = 0.75
best of generation 153 / cbal. = 94.9048 / Wtd. con eff = 3.6398 / Wtd. HRF eff = 1.8429 / Pop var. = 0.39353 / time = 0.74
best of generation 154 / cbal. = 94.9048 / Wtd. con eff = 3.6398 / Wtd. HRF eff = 1.8429 / Pop var. = 0.48288 / time = 0.74
best of generation 155 / cbal. = 94.9048 / Wtd. con eff = 3.6398 / Wtd. HRF eff = 1.8429 / Pop var. = 0.44164 / time = 0.74
best of generation 156 / cbal. = 94.9048 / Wtd. con eff = 3.6398 / Wtd. HRF eff = 1.8429 / Pop var. = 0.3998 / time = 0.77
best of generation 157 / cbal. = 94.9048 / Wtd. con eff = 3.6398 / Wtd. HRF eff = 1.8429 / Pop var. = 0.44082 / time = 0.74
best of generation 158 / cbal. = 94.9048 / Wtd. con eff = 3.6398 / Wtd. HRF eff = 1.8429 / Pop var. = 0.38237 / time = 0.75
best of generation 159 / cbal. = 94.9048 / Wtd. con eff = 3.6398 / Wtd. HRF eff = 1.8429 / Pop var. = 0.4487 / time = 0.74
saving workspace as GAresults.mat
M = 
     origlist: [49x1 double]
     restlist: [20x1 double]
     stimlist: [60x1 double]
           ga: [1x1 struct]
    bestLists: [60x159 uint8]
         date: '11-9-2014'
optimizeGA done: 120.28 s
