Starting Model 92
OptimizeGA
===============================
Saturation threshold = 
Setting up variables
You entered 2 conditions  (event types) that will each be modeled with a regessor. 
 Note that if you enter 0 as a condition number, those events will not be modeled
 (they are assumed to be rest/inter-stimulus interval periods)

Contrasts entered. You entered matrix of 3 contrasts, with weights across 4 conditions.
 Contrasts:
     1     1    -1    -1
     1     0    -1     0
     0     1     0    -1
 ...adding one column to contrast matrix with weights of 0, to model the intercept
You entered a contrast weight vector across 3 contrasts
 	...Using rests of length 1 and resting every 4
================== Parameters ======================
     Total stimuli in scan      : 60
     Fixed rest length in ITIs  : 1
     Fixed Rest stimuli in scan : 11
     Num blank intervals        : 9
     Num of task conds          : 2
     Num stimuli each cond      : 20  20
====================================================
	...generating lists of organisms
	...USING TRANS2BLOCK >
     freqConditions = 0.2         0.2         0.2         0.2
     conditions = 1  2  3  4
REST INTERVALS: not used (to use, freqCond should be one longer than conditions
  ...randomizing organism start state
	...restMatrix is 20 X 40
ans =
     4     4     4     4     4     4     4     4     4     4
     4     4     4     4     4     4     4     4     4     4
     4     4     4     4     4     4     4     4     4     4
     4     4     4     4     4     4     4     4     4     4
     4     4     4     4     4     4     4     4     4     4
======== Num stimuli, averaged across lists (before instruction/rest stimuli) ========
		Condition 0: 9 stimuli, 15% of total stimuli
		Condition 1: 20 stimuli, 33.3333% of total stimuli
		Condition 2: 20 stimuli, 33.3333% of total stimuli
		Condition 3: 0 stimuli, 0% of total stimuli
		Condition 4: 0 stimuli, 0% of total stimuli
======================================================================================
best of generation 1 / cbal. = 94.4304 / Wtd. con eff = 2.7307 / Wtd. HRF eff = 0.61509 / Pop var. = 0.86141 / time = 0.77
best of generation 2 / cbal. = 94.6525 / Wtd. con eff = 2.7958 / Wtd. HRF eff = 0.62084 / Pop var. = 0.84028 / time = 0.74
best of generation 3 / cbal. = 94.7636 / Wtd. con eff = 2.8853 / Wtd. HRF eff = 0.78927 / Pop var. = 0.83724 / time = 0.73
best of generation 4 / cbal. = 95.0355 / Wtd. con eff = 3.0269 / Wtd. HRF eff = 0.63905 / Pop var. = 0.81659 / time = 0.72
best of generation 5 / cbal. = 94.4921 / Wtd. con eff = 3.1178 / Wtd. HRF eff = 0.70089 / Pop var. = 0.7918 / time = 0.72
best of generation 6 / cbal. = 94.4921 / Wtd. con eff = 3.1178 / Wtd. HRF eff = 0.70089 / Pop var. = 0.7445 / time = 0.72
best of generation 7 / cbal. = 94.4921 / Wtd. con eff = 3.1178 / Wtd. HRF eff = 0.70089 / Pop var. = 0.70255 / time = 0.75
best of generation 8 / cbal. = 94.9169 / Wtd. con eff = 3.2061 / Wtd. HRF eff = 0.70751 / Pop var. = 0.63351 / time = 0.72
best of generation 9 / cbal. = 94.9169 / Wtd. con eff = 3.2061 / Wtd. HRF eff = 0.70751 / Pop var. = 0.51296 / time = 0.73
best of generation 10 / cbal. = 94.9169 / Wtd. con eff = 3.2061 / Wtd. HRF eff = 0.70751 / Pop var. = 0.38334 / time = 0.72
best of generation 11 / cbal. = 94.8311 / Wtd. con eff = 3.3852 / Wtd. HRF eff = 1.2601 / Pop var. = 0.42576 / time = 0.72
best of generation 12 / cbal. = 94.8311 / Wtd. con eff = 3.3852 / Wtd. HRF eff = 1.2601 / Pop var. = 0.4221 / time = 0.72
best of generation 13 / cbal. = 94.8311 / Wtd. con eff = 3.3852 / Wtd. HRF eff = 1.2601 / Pop var. = 0.38944 / time = 0.79
best of generation 14 / cbal. = 94.8311 / Wtd. con eff = 3.3852 / Wtd. HRF eff = 1.2601 / Pop var. = 0.44243 / time = 0.72
best of generation 15 / cbal. = 94.8311 / Wtd. con eff = 3.3852 / Wtd. HRF eff = 1.2601 / Pop var. = 0.40021 / time = 0.73
best of generation 16 / cbal. = 94.7704 / Wtd. con eff = 3.4736 / Wtd. HRF eff = 1.0267 / Pop var. = 0.3362 / time = 0.73
best of generation 17 / cbal. = 95.0766 / Wtd. con eff = 3.4129 / Wtd. HRF eff = 1.0411 / Pop var. = 0.45628 / time = 0.73
best of generation 18 / cbal. = 94.6134 / Wtd. con eff = 3.6468 / Wtd. HRF eff = 1.7826 / Pop var. = 0.45225 / time = 0.78
best of generation 19 / cbal. = 94.6134 / Wtd. con eff = 3.6468 / Wtd. HRF eff = 1.7826 / Pop var. = 0.48715 / time = 0.73
best of generation 20 / cbal. = 94.6134 / Wtd. con eff = 3.6468 / Wtd. HRF eff = 1.7826 / Pop var. = 0.47349 / time = 0.73
best of generation 21 / cbal. = 94.6134 / Wtd. con eff = 3.6468 / Wtd. HRF eff = 1.7826 / Pop var. = 0.48913 / time = 0.73
best of generation 22 / cbal. = 94.6134 / Wtd. con eff = 3.6468 / Wtd. HRF eff = 1.7826 / Pop var. = 0.4725 / time = 0.74
best of generation 23 / cbal. = 94.6134 / Wtd. con eff = 3.6468 / Wtd. HRF eff = 1.7826 / Pop var. = 0.43274 / time = 0.73
best of generation 24 / cbal. = 94.6134 / Wtd. con eff = 3.6468 / Wtd. HRF eff = 1.7826 / Pop var. = 0.35659 / time = 0.77
best of generation 25 / cbal. = 94.6134 / Wtd. con eff = 3.6468 / Wtd. HRF eff = 1.7826 / Pop var. = 0.41542 / time = 0.73
best of generation 26 / cbal. = 94.6134 / Wtd. con eff = 3.6468 / Wtd. HRF eff = 1.7826 / Pop var. = 0.33369 / time = 0.73
best of generation 27 / cbal. = 94.6134 / Wtd. con eff = 3.6468 / Wtd. HRF eff = 1.7826 / Pop var. = 0.4039 / time = 0.74
best of generation 28 / cbal. = 94.6134 / Wtd. con eff = 3.6468 / Wtd. HRF eff = 1.7826 / Pop var. = 0.35559 / time = 0.73
best of generation 29 / cbal. = 94.6134 / Wtd. con eff = 3.6468 / Wtd. HRF eff = 1.7826 / Pop var. = 0.4185 / time = 0.76
best of generation 30 / cbal. = 94.6134 / Wtd. con eff = 3.6468 / Wtd. HRF eff = 1.7826 / Pop var. = 0.36974 / time = 0.74
best of generation 31 / cbal. = 94.6134 / Wtd. con eff = 3.6468 / Wtd. HRF eff = 1.7826 / Pop var. = 0.44802 / time = 0.73
best of generation 32 / cbal. = 94.6134 / Wtd. con eff = 3.6468 / Wtd. HRF eff = 1.7826 / Pop var. = 0.4032 / time = 0.73
best of generation 33 / cbal. = 94.6134 / Wtd. con eff = 3.6468 / Wtd. HRF eff = 1.7826 / Pop var. = 0.34333 / time = 0.74
best of generation 34 / cbal. = 94.6134 / Wtd. con eff = 3.6468 / Wtd. HRF eff = 1.7826 / Pop var. = 0.41213 / time = 0.73
best of generation 35 / cbal. = 94.6134 / Wtd. con eff = 3.6468 / Wtd. HRF eff = 1.7826 / Pop var. = 0.40883 / time = 0.79
best of generation 36 / cbal. = 94.6134 / Wtd. con eff = 3.6608 / Wtd. HRF eff = 2.0324 / Pop var. = 0.36836 / time = 0.74
best of generation 37 / cbal. = 94.6134 / Wtd. con eff = 3.6608 / Wtd. HRF eff = 2.0324 / Pop var. = 0.423 / time = 0.74
best of generation 38 / cbal. = 94.6134 / Wtd. con eff = 3.6608 / Wtd. HRF eff = 2.0324 / Pop var. = 0.33514 / time = 0.73
best of generation 39 / cbal. = 94.6134 / Wtd. con eff = 3.6608 / Wtd. HRF eff = 2.0324 / Pop var. = 0.47014 / time = 0.74
best of generation 40 / cbal. = 94.4372 / Wtd. con eff = 3.6864 / Wtd. HRF eff = 2.0951 / Pop var. = 0.46432 / time = 0.75
best of generation 41 / cbal. = 94.4372 / Wtd. con eff = 3.6864 / Wtd. HRF eff = 2.0951 / Pop var. = 0.3871 / time = 0.73
best of generation 42 / cbal. = 94.4372 / Wtd. con eff = 3.6864 / Wtd. HRF eff = 2.0951 / Pop var. = 0.45221 / time = 0.73
best of generation 43 / cbal. = 94.4372 / Wtd. con eff = 3.6864 / Wtd. HRF eff = 2.0951 / Pop var. = 0.43025 / time = 0.74
best of generation 44 / cbal. = 94.4372 / Wtd. con eff = 3.6864 / Wtd. HRF eff = 2.0951 / Pop var. = 0.40631 / time = 0.73
best of generation 45 / cbal. = 94.4372 / Wtd. con eff = 3.6864 / Wtd. HRF eff = 2.0951 / Pop var. = 0.3481 / time = 0.74
best of generation 46 / cbal. = 94.4372 / Wtd. con eff = 3.6864 / Wtd. HRF eff = 2.0951 / Pop var. = 0.44093 / time = 0.79
best of generation 47 / cbal. = 94.4372 / Wtd. con eff = 3.6864 / Wtd. HRF eff = 2.0951 / Pop var. = 0.40734 / time = 0.74
best of generation 48 / cbal. = 94.4372 / Wtd. con eff = 3.6864 / Wtd. HRF eff = 2.0951 / Pop var. = 0.35945 / time = 0.73
best of generation 49 / cbal. = 94.4372 / Wtd. con eff = 3.6864 / Wtd. HRF eff = 2.0951 / Pop var. = 0.44134 / time = 0.74
best of generation 50 / cbal. = 94.4372 / Wtd. con eff = 3.6864 / Wtd. HRF eff = 2.0951 / Pop var. = 0.34303 / time = 0.73
best of generation 51 / cbal. = 94.4372 / Wtd. con eff = 3.6864 / Wtd. HRF eff = 2.0951 / Pop var. = 0.43145 / time = 0.78
best of generation 52 / cbal. = 94.4372 / Wtd. con eff = 3.6864 / Wtd. HRF eff = 2.0951 / Pop var. = 0.36427 / time = 0.73
best of generation 53 / cbal. = 94.4372 / Wtd. con eff = 3.6864 / Wtd. HRF eff = 2.0951 / Pop var. = 0.44801 / time = 0.74
best of generation 54 / cbal. = 94.6885 / Wtd. con eff = 3.6582 / Wtd. HRF eff = 2.6559 / Pop var. = 0.4087 / time = 0.73
best of generation 55 / cbal. = 94.6885 / Wtd. con eff = 3.6582 / Wtd. HRF eff = 2.6559 / Pop var. = 0.41937 / time = 0.75
best of generation 56 / cbal. = 94.6885 / Wtd. con eff = 3.6582 / Wtd. HRF eff = 2.6559 / Pop var. = 0.40666 / time = 0.74
best of generation 57 / cbal. = 94.6885 / Wtd. con eff = 3.6582 / Wtd. HRF eff = 2.6559 / Pop var. = 0.35692 / time = 0.79
best of generation 58 / cbal. = 94.6885 / Wtd. con eff = 3.6582 / Wtd. HRF eff = 2.6559 / Pop var. = 0.42323 / time = 0.74
best of generation 59 / cbal. = 94.6885 / Wtd. con eff = 3.6582 / Wtd. HRF eff = 2.6559 / Pop var. = 0.38552 / time = 0.74
best of generation 60 / cbal. = 94.6885 / Wtd. con eff = 3.6582 / Wtd. HRF eff = 2.6559 / Pop var. = 0.47401 / time = 0.74
best of generation 61 / cbal. = 94.6885 / Wtd. con eff = 3.6582 / Wtd. HRF eff = 2.6559 / Pop var. = 0.46323 / time = 0.73
best of generation 62 / cbal. = 94.6885 / Wtd. con eff = 3.6582 / Wtd. HRF eff = 2.6559 / Pop var. = 0.42478 / time = 0.78
best of generation 63 / cbal. = 94.6885 / Wtd. con eff = 3.6582 / Wtd. HRF eff = 2.6559 / Pop var. = 0.3807 / time = 0.75
best of generation 64 / cbal. = 94.6885 / Wtd. con eff = 3.6582 / Wtd. HRF eff = 2.6559 / Pop var. = 0.48097 / time = 0.75
best of generation 65 / cbal. = 94.6885 / Wtd. con eff = 3.6582 / Wtd. HRF eff = 2.6559 / Pop var. = 0.4103 / time = 0.74
best of generation 66 / cbal. = 94.6885 / Wtd. con eff = 3.6582 / Wtd. HRF eff = 2.6559 / Pop var. = 0.38871 / time = 0.74
best of generation 67 / cbal. = 94.6885 / Wtd. con eff = 3.6582 / Wtd. HRF eff = 2.6559 / Pop var. = 0.47036 / time = 0.76
best of generation 68 / cbal. = 94.6885 / Wtd. con eff = 3.6582 / Wtd. HRF eff = 2.6559 / Pop var. = 0.36722 / time = 0.74
best of generation 69 / cbal. = 94.2805 / Wtd. con eff = 3.6861 / Wtd. HRF eff = 3.3943 / Pop var. = 0.43047 / time = 0.74
best of generation 70 / cbal. = 94.2805 / Wtd. con eff = 3.6861 / Wtd. HRF eff = 3.3943 / Pop var. = 0.39851 / time = 0.74
best of generation 71 / cbal. = 94.2805 / Wtd. con eff = 3.6861 / Wtd. HRF eff = 3.3943 / Pop var. = 0.49642 / time = 0.72
best of generation 72 / cbal. = 94.2805 / Wtd. con eff = 3.6861 / Wtd. HRF eff = 3.3943 / Pop var. = 0.45392 / time = 0.75
best of generation 73 / cbal. = 94.2805 / Wtd. con eff = 3.6861 / Wtd. HRF eff = 3.3943 / Pop var. = 0.40323 / time = 0.81
best of generation 74 / cbal. = 94.2805 / Wtd. con eff = 3.6861 / Wtd. HRF eff = 3.3943 / Pop var. = 0.35106 / time = 0.73
best of generation 75 / cbal. = 94.2805 / Wtd. con eff = 3.6861 / Wtd. HRF eff = 3.3943 / Pop var. = 0.40581 / time = 0.73
best of generation 76 / cbal. = 94.2805 / Wtd. con eff = 3.6861 / Wtd. HRF eff = 3.3943 / Pop var. = 0.37136 / time = 0.73
best of generation 77 / cbal. = 94.2805 / Wtd. con eff = 3.6861 / Wtd. HRF eff = 3.3943 / Pop var. = 0.43609 / time = 0.74
best of generation 78 / cbal. = 94.0599 / Wtd. con eff = 3.7281 / Wtd. HRF eff = 3.473 / Pop var. = 0.36839 / time = 0.75
best of generation 79 / cbal. = 94.0599 / Wtd. con eff = 3.7281 / Wtd. HRF eff = 3.473 / Pop var. = 0.42552 / time = 0.74
best of generation 80 / cbal. = 94.0599 / Wtd. con eff = 3.7281 / Wtd. HRF eff = 3.473 / Pop var. = 0.35955 / time = 0.73
best of generation 81 / cbal. = 94.0599 / Wtd. con eff = 3.7281 / Wtd. HRF eff = 3.473 / Pop var. = 0.43535 / time = 0.73
best of generation 82 / cbal. = 94.0599 / Wtd. con eff = 3.7281 / Wtd. HRF eff = 3.473 / Pop var. = 0.3896 / time = 0.74
best of generation 83 / cbal. = 94.0599 / Wtd. con eff = 3.7281 / Wtd. HRF eff = 3.473 / Pop var. = 0.45531 / time = 0.75
best of generation 84 / cbal. = 94.0599 / Wtd. con eff = 3.7281 / Wtd. HRF eff = 3.473 / Pop var. = 0.39554 / time = 0.8
best of generation 85 / cbal. = 94.0599 / Wtd. con eff = 3.7281 / Wtd. HRF eff = 3.473 / Pop var. = 0.47694 / time = 0.73
best of generation 86 / cbal. = 94.0599 / Wtd. con eff = 3.7281 / Wtd. HRF eff = 3.473 / Pop var. = 0.42167 / time = 0.73
best of generation 87 / cbal. = 94.1554 / Wtd. con eff = 3.7029 / Wtd. HRF eff = 3.9197 / Pop var. = 0.37504 / time = 0.74
best of generation 88 / cbal. = 94.1554 / Wtd. con eff = 3.7029 / Wtd. HRF eff = 3.9197 / Pop var. = 0.42563 / time = 0.74
best of generation 89 / cbal. = 94.1554 / Wtd. con eff = 3.7029 / Wtd. HRF eff = 3.9197 / Pop var. = 0.37381 / time = 0.75
best of generation 90 / cbal. = 94.1554 / Wtd. con eff = 3.7029 / Wtd. HRF eff = 3.9197 / Pop var. = 0.43483 / time = 0.77
best of generation 91 / cbal. = 94.1554 / Wtd. con eff = 3.7029 / Wtd. HRF eff = 3.9197 / Pop var. = 0.38932 / time = 0.74
best of generation 92 / cbal. = 94.1554 / Wtd. con eff = 3.7029 / Wtd. HRF eff = 3.9197 / Pop var. = 0.4944 / time = 0.73
best of generation 93 / cbal. = 94.1554 / Wtd. con eff = 3.7029 / Wtd. HRF eff = 3.9197 / Pop var. = 0.44057 / time = 0.74
best of generation 94 / cbal. = 94.1554 / Wtd. con eff = 3.7029 / Wtd. HRF eff = 3.9197 / Pop var. = 0.41315 / time = 0.74
best of generation 95 / cbal. = 94.1554 / Wtd. con eff = 3.7029 / Wtd. HRF eff = 3.9197 / Pop var. = 0.34341 / time = 0.79
best of generation 96 / cbal. = 94.1691 / Wtd. con eff = 3.7047 / Wtd. HRF eff = 4.3413 / Pop var. = 0.39295 / time = 0.73
best of generation 97 / cbal. = 94.1691 / Wtd. con eff = 3.7047 / Wtd. HRF eff = 4.3413 / Pop var. = 0.49553 / time = 0.74
best of generation 98 / cbal. = 94.1691 / Wtd. con eff = 3.7047 / Wtd. HRF eff = 4.3413 / Pop var. = 0.44511 / time = 0.74
best of generation 99 / cbal. = 94.1691 / Wtd. con eff = 3.7047 / Wtd. HRF eff = 4.3413 / Pop var. = 0.38941 / time = 0.74
best of generation 100 / cbal. = 94.1691 / Wtd. con eff = 3.7047 / Wtd. HRF eff = 4.3413 / Pop var. = 0.50015 / time = 0.76
best of generation 101 / cbal. = 94.1691 / Wtd. con eff = 3.7047 / Wtd. HRF eff = 4.3413 / Pop var. = 0.40874 / time = 0.74
best of generation 102 / cbal. = 94.1691 / Wtd. con eff = 3.7047 / Wtd. HRF eff = 4.3413 / Pop var. = 0.346 / time = 0.74
best of generation 103 / cbal. = 94.1691 / Wtd. con eff = 3.7047 / Wtd. HRF eff = 4.3413 / Pop var. = 0.41026 / time = 0.73
best of generation 104 / cbal. = 94.1691 / Wtd. con eff = 3.7047 / Wtd. HRF eff = 4.3413 / Pop var. = 0.37607 / time = 0.74
best of generation 105 / cbal. = 94.1691 / Wtd. con eff = 3.7047 / Wtd. HRF eff = 4.3413 / Pop var. = 0.45426 / time = 0.74
best of generation 106 / cbal. = 94.1691 / Wtd. con eff = 3.7047 / Wtd. HRF eff = 4.3413 / Pop var. = 0.3802 / time = 0.79
best of generation 107 / cbal. = 94.1691 / Wtd. con eff = 3.7047 / Wtd. HRF eff = 4.3413 / Pop var. = 0.4265 / time = 0.74
best of generation 108 / cbal. = 94.1691 / Wtd. con eff = 3.7047 / Wtd. HRF eff = 4.3413 / Pop var. = 0.41384 / time = 0.74
best of generation 109 / cbal. = 94.1691 / Wtd. con eff = 3.7047 / Wtd. HRF eff = 4.3413 / Pop var. = 0.35467 / time = 0.75
best of generation 110 / cbal. = 94.1691 / Wtd. con eff = 3.7047 / Wtd. HRF eff = 4.3413 / Pop var. = 0.42704 / time = 0.75
best of generation 111 / cbal. = 94.1691 / Wtd. con eff = 3.7047 / Wtd. HRF eff = 4.3413 / Pop var. = 0.37875 / time = 0.77
best of generation 112 / cbal. = 94.1691 / Wtd. con eff = 3.7047 / Wtd. HRF eff = 4.3413 / Pop var. = 0.44534 / time = 0.74
best of generation 113 / cbal. = 93.9926 / Wtd. con eff = 3.7318 / Wtd. HRF eff = 5.5244 / Pop var. = 0.44873 / time = 0.74
best of generation 114 / cbal. = 93.9926 / Wtd. con eff = 3.7318 / Wtd. HRF eff = 5.5244 / Pop var. = 0.38552 / time = 0.74
best of generation 115 / cbal. = 93.9926 / Wtd. con eff = 3.7318 / Wtd. HRF eff = 5.5244 / Pop var. = 0.4712 / time = 0.75
best of generation 116 / cbal. = 93.9926 / Wtd. con eff = 3.7318 / Wtd. HRF eff = 5.5244 / Pop var. = 0.41084 / time = 0.74
best of generation 117 / cbal. = 93.9926 / Wtd. con eff = 3.7318 / Wtd. HRF eff = 5.5244 / Pop var. = 0.39367 / time = 0.76
best of generation 118 / cbal. = 93.9926 / Wtd. con eff = 3.7318 / Wtd. HRF eff = 5.5244 / Pop var. = 0.46067 / time = 0.75
best of generation 119 / cbal. = 93.9926 / Wtd. con eff = 3.7318 / Wtd. HRF eff = 5.5244 / Pop var. = 0.44276 / time = 0.75
best of generation 120 / cbal. = 93.9926 / Wtd. con eff = 3.7318 / Wtd. HRF eff = 5.5244 / Pop var. = 0.4264 / time = 0.74
best of generation 121 / cbal. = 93.7307 / Wtd. con eff = 3.7322 / Wtd. HRF eff = 7.6649 / Pop var. = 0.40976 / time = 0.74
best of generation 122 / cbal. = 93.7307 / Wtd. con eff = 3.7322 / Wtd. HRF eff = 7.6649 / Pop var. = 0.33453 / time = 0.79
best of generation 123 / cbal. = 93.7307 / Wtd. con eff = 3.7322 / Wtd. HRF eff = 7.6649 / Pop var. = 0.40517 / time = 0.73
best of generation 124 / cbal. = 93.7307 / Wtd. con eff = 3.7322 / Wtd. HRF eff = 7.6649 / Pop var. = 0.39769 / time = 0.74
best of generation 125 / cbal. = 93.7307 / Wtd. con eff = 3.7322 / Wtd. HRF eff = 7.6649 / Pop var. = 0.43004 / time = 0.74
best of generation 126 / cbal. = 93.7307 / Wtd. con eff = 3.7322 / Wtd. HRF eff = 7.6649 / Pop var. = 0.40675 / time = 0.74
best of generation 127 / cbal. = 93.7307 / Wtd. con eff = 3.7322 / Wtd. HRF eff = 7.6649 / Pop var. = 0.33698 / time = 0.74
best of generation 128 / cbal. = 93.7307 / Wtd. con eff = 3.7322 / Wtd. HRF eff = 7.6649 / Pop var. = 0.43375 / time = 0.76
best of generation 129 / cbal. = 93.7307 / Wtd. con eff = 3.7322 / Wtd. HRF eff = 7.6649 / Pop var. = 0.34066 / time = 0.74
best of generation 130 / cbal. = 93.7307 / Wtd. con eff = 3.7322 / Wtd. HRF eff = 7.6649 / Pop var. = 0.3925 / time = 0.74
best of generation 131 / cbal. = 93.7307 / Wtd. con eff = 3.7322 / Wtd. HRF eff = 7.6649 / Pop var. = 0.46677 / time = 0.73
best of generation 132 / cbal. = 93.7307 / Wtd. con eff = 3.7322 / Wtd. HRF eff = 7.6649 / Pop var. = 0.40774 / time = 0.74
best of generation 133 / cbal. = 93.7307 / Wtd. con eff = 3.7322 / Wtd. HRF eff = 7.6649 / Pop var. = 0.37253 / time = 0.78
best of generation 134 / cbal. = 93.7307 / Wtd. con eff = 3.7322 / Wtd. HRF eff = 7.6649 / Pop var. = 0.46611 / time = 0.74
best of generation 135 / cbal. = 93.7307 / Wtd. con eff = 3.7322 / Wtd. HRF eff = 7.6649 / Pop var. = 0.44029 / time = 0.72
best of generation 136 / cbal. = 93.7307 / Wtd. con eff = 3.7322 / Wtd. HRF eff = 7.6649 / Pop var. = 0.41814 / time = 0.74
best of generation 137 / cbal. = 94.1829 / Wtd. con eff = 3.729 / Wtd. HRF eff = 4.1984 / Pop var. = 0.35666 / time = 0.75
best of generation 138 / cbal. = 94.1829 / Wtd. con eff = 3.7261 / Wtd. HRF eff = 4.374 / Pop var. = 0.37237 / time = 0.73
best of generation 139 / cbal. = 94.1829 / Wtd. con eff = 3.7261 / Wtd. HRF eff = 4.374 / Pop var. = 0.46856 / time = 0.75
best of generation 140 / cbal. = 94.1829 / Wtd. con eff = 3.7261 / Wtd. HRF eff = 4.374 / Pop var. = 0.4462 / time = 0.74
best of generation 141 / cbal. = 94.1829 / Wtd. con eff = 3.7261 / Wtd. HRF eff = 4.374 / Pop var. = 0.42419 / time = 0.74
best of generation 142 / cbal. = 94.1829 / Wtd. con eff = 3.7261 / Wtd. HRF eff = 4.374 / Pop var. = 0.39228 / time = 0.74
best of generation 143 / cbal. = 94.1829 / Wtd. con eff = 3.7261 / Wtd. HRF eff = 4.374 / Pop var. = 0.44742 / time = 0.75
best of generation 144 / cbal. = 94.1829 / Wtd. con eff = 3.7261 / Wtd. HRF eff = 4.374 / Pop var. = 0.41622 / time = 0.82
best of generation 145 / cbal. = 94.1829 / Wtd. con eff = 3.7261 / Wtd. HRF eff = 4.374 / Pop var. = 0.33072 / time = 0.74
best of generation 146 / cbal. = 94.1829 / Wtd. con eff = 3.7261 / Wtd. HRF eff = 4.374 / Pop var. = 0.41137 / time = 0.75
best of generation 147 / cbal. = 94.1829 / Wtd. con eff = 3.7261 / Wtd. HRF eff = 4.374 / Pop var. = 0.3175 / time = 0.73
best of generation 148 / cbal. = 94.1829 / Wtd. con eff = 3.7261 / Wtd. HRF eff = 4.374 / Pop var. = 0.40648 / time = 0.75
best of generation 149 / cbal. = 94.1829 / Wtd. con eff = 3.7261 / Wtd. HRF eff = 4.374 / Pop var. = 0.38926 / time = 0.75
best of generation 150 / cbal. = 94.1829 / Wtd. con eff = 3.7261 / Wtd. HRF eff = 4.374 / Pop var. = 0.43918 / time = 0.75
best of generation 151 / cbal. = 94.1829 / Wtd. con eff = 3.7261 / Wtd. HRF eff = 4.374 / Pop var. = 0.37688 / time = 0.73
best of generation 152 / cbal. = 94.1829 / Wtd. con eff = 3.7261 / Wtd. HRF eff = 4.374 / Pop var. = 0.38284 / time = 0.74
best of generation 153 / cbal. = 94.1829 / Wtd. con eff = 3.7261 / Wtd. HRF eff = 4.374 / Pop var. = 0.45137 / time = 0.74
best of generation 154 / cbal. = 94.1829 / Wtd. con eff = 3.7261 / Wtd. HRF eff = 4.374 / Pop var. = 0.38749 / time = 0.76
best of generation 155 / cbal. = 94.1829 / Wtd. con eff = 3.7261 / Wtd. HRF eff = 4.374 / Pop var. = 0.45348 / time = 0.79
best of generation 156 / cbal. = 94.1829 / Wtd. con eff = 3.7261 / Wtd. HRF eff = 4.374 / Pop var. = 0.39635 / time = 0.75
best of generation 157 / cbal. = 94.1829 / Wtd. con eff = 3.7261 / Wtd. HRF eff = 4.374 / Pop var. = 0.46728 / time = 0.73
best of generation 158 / cbal. = 94.1829 / Wtd. con eff = 3.7261 / Wtd. HRF eff = 4.374 / Pop var. = 0.39816 / time = 0.74
best of generation 159 / cbal. = 94.1829 / Wtd. con eff = 3.7261 / Wtd. HRF eff = 4.374 / Pop var. = 0.46942 / time = 0.74
saving workspace as GAresults.mat
M = 
     origlist: [49x1 double]
     restlist: [20x1 double]
     stimlist: [60x1 double]
           ga: [1x1 struct]
    bestLists: [60x159 uint8]
         date: '11-9-2014'
optimizeGA done: 120.73 s
