Starting Model 95
OptimizeGA
===============================
Saturation threshold = 
Setting up variables
You entered 2 conditions  (event types) that will each be modeled with a regessor. 
 Note that if you enter 0 as a condition number, those events will not be modeled
 (they are assumed to be rest/inter-stimulus interval periods)

Contrasts entered. You entered matrix of 3 contrasts, with weights across 4 conditions.
 Contrasts:
     1     1    -1    -1
     1     0    -1     0
     0     1     0    -1
 ...adding one column to contrast matrix with weights of 0, to model the intercept
You entered a contrast weight vector across 3 contrasts
 	...Using rests of length 1 and resting every 4
================== Parameters ======================
     Total stimuli in scan      : 60
     Fixed rest length in ITIs  : 1
     Fixed Rest stimuli in scan : 11
     Num blank intervals        : 9
     Num of task conds          : 2
     Num stimuli each cond      : 20  20
====================================================
	...generating lists of organisms
	...USING TRANS2BLOCK >
     freqConditions = 0.2         0.2         0.2         0.2
     conditions = 1  2  3  4
REST INTERVALS: not used (to use, freqCond should be one longer than conditions
  ...randomizing organism start state
	...restMatrix is 20 X 40
ans =
     4     4     4     4     4     4     4     4     4     4
     4     4     4     4     4     4     4     4     4     4
     4     4     4     4     4     4     4     4     4     4
     4     4     4     4     4     4     4     4     4     4
     4     4     4     4     4     4     4     4     4     4
======== Num stimuli, averaged across lists (before instruction/rest stimuli) ========
		Condition 0: 9 stimuli, 15% of total stimuli
		Condition 1: 20 stimuli, 33.3333% of total stimuli
		Condition 2: 20 stimuli, 33.3333% of total stimuli
		Condition 3: 0 stimuli, 0% of total stimuli
		Condition 4: 0 stimuli, 0% of total stimuli
======================================================================================
best of generation 1 / cbal. = 94.3671 / Wtd. con eff = 2.6264 / Wtd. HRF eff = 0.89492 / Pop var. = 0.85894 / time = 0.75
best of generation 2 / cbal. = 94.0999 / Wtd. con eff = 2.9323 / Wtd. HRF eff = 0.67199 / Pop var. = 0.83955 / time = 0.72
best of generation 3 / cbal. = 94.5237 / Wtd. con eff = 2.9417 / Wtd. HRF eff = 0.59669 / Pop var. = 0.82154 / time = 0.78
best of generation 4 / cbal. = 94.5237 / Wtd. con eff = 2.9417 / Wtd. HRF eff = 0.59669 / Pop var. = 0.8125 / time = 0.72
best of generation 5 / cbal. = 94.5237 / Wtd. con eff = 2.9417 / Wtd. HRF eff = 0.59669 / Pop var. = 0.79375 / time = 0.73
best of generation 6 / cbal. = 95.0524 / Wtd. con eff = 2.9021 / Wtd. HRF eff = 0.74313 / Pop var. = 0.77361 / time = 0.72
best of generation 7 / cbal. = 95.0904 / Wtd. con eff = 2.9552 / Wtd. HRF eff = 0.60978 / Pop var. = 0.7533 / time = 0.72
best of generation 8 / cbal. = 95.0904 / Wtd. con eff = 2.9552 / Wtd. HRF eff = 0.60978 / Pop var. = 0.72529 / time = 0.75
best of generation 9 / cbal. = 95.0904 / Wtd. con eff = 2.9552 / Wtd. HRF eff = 0.60978 / Pop var. = 0.71671 / time = 0.72
best of generation 10 / cbal. = 95.0904 / Wtd. con eff = 2.9552 / Wtd. HRF eff = 0.60978 / Pop var. = 0.68509 / time = 0.74
best of generation 11 / cbal. = 95.0904 / Wtd. con eff = 2.9552 / Wtd. HRF eff = 0.60978 / Pop var. = 0.65985 / time = 0.72
best of generation 12 / cbal. = 95.2721 / Wtd. con eff = 3.1855 / Wtd. HRF eff = 0.70516 / Pop var. = 0.60468 / time = 0.73
best of generation 13 / cbal. = 95.2721 / Wtd. con eff = 3.1855 / Wtd. HRF eff = 0.70516 / Pop var. = 0.57296 / time = 0.72
best of generation 14 / cbal. = 95.2721 / Wtd. con eff = 3.1855 / Wtd. HRF eff = 0.70516 / Pop var. = 0.55907 / time = 0.78
best of generation 15 / cbal. = 95.016 / Wtd. con eff = 3.2826 / Wtd. HRF eff = 0.74113 / Pop var. = 0.47788 / time = 0.73
best of generation 16 / cbal. = 95.016 / Wtd. con eff = 3.2826 / Wtd. HRF eff = 0.74113 / Pop var. = 0.42505 / time = 0.73
best of generation 17 / cbal. = 95.016 / Wtd. con eff = 3.2826 / Wtd. HRF eff = 0.74113 / Pop var. = 0.35893 / time = 0.74
best of generation 18 / cbal. = 95.1107 / Wtd. con eff = 3.3262 / Wtd. HRF eff = 0.80107 / Pop var. = 0.35593 / time = 0.74
best of generation 19 / cbal. = 95.1107 / Wtd. con eff = 3.3262 / Wtd. HRF eff = 0.80107 / Pop var. = 0.38559 / time = 0.76
best of generation 20 / cbal. = 95.1721 / Wtd. con eff = 3.4131 / Wtd. HRF eff = 1.0967 / Pop var. = 0.41902 / time = 0.76
best of generation 21 / cbal. = 95.065 / Wtd. con eff = 3.4093 / Wtd. HRF eff = 1.0209 / Pop var. = 0.43573 / time = 0.73
best of generation 22 / cbal. = 95.065 / Wtd. con eff = 3.4093 / Wtd. HRF eff = 1.0209 / Pop var. = 0.43079 / time = 0.76
best of generation 23 / cbal. = 95.065 / Wtd. con eff = 3.4093 / Wtd. HRF eff = 1.0209 / Pop var. = 0.45172 / time = 0.74
best of generation 24 / cbal. = 94.9603 / Wtd. con eff = 3.4373 / Wtd. HRF eff = 1.1063 / Pop var. = 0.41008 / time = 0.74
best of generation 25 / cbal. = 94.9048 / Wtd. con eff = 3.4702 / Wtd. HRF eff = 1.0506 / Pop var. = 0.40706 / time = 0.79
best of generation 26 / cbal. = 94.9048 / Wtd. con eff = 3.4702 / Wtd. HRF eff = 1.0506 / Pop var. = 0.41873 / time = 0.74
best of generation 27 / cbal. = 94.9048 / Wtd. con eff = 3.4702 / Wtd. HRF eff = 1.0506 / Pop var. = 0.41083 / time = 0.74
best of generation 28 / cbal. = 95.0488 / Wtd. con eff = 3.4621 / Wtd. HRF eff = 1.2726 / Pop var. = 0.39072 / time = 0.74
best of generation 29 / cbal. = 95.0488 / Wtd. con eff = 3.4621 / Wtd. HRF eff = 1.2726 / Pop var. = 0.44751 / time = 0.74
best of generation 30 / cbal. = 95.2139 / Wtd. con eff = 3.4866 / Wtd. HRF eff = 0.86564 / Pop var. = 0.43774 / time = 0.76
best of generation 31 / cbal. = 94.8733 / Wtd. con eff = 3.5272 / Wtd. HRF eff = 1.0552 / Pop var. = 0.39404 / time = 0.73
best of generation 32 / cbal. = 94.8733 / Wtd. con eff = 3.5272 / Wtd. HRF eff = 1.0552 / Pop var. = 0.48593 / time = 0.74
best of generation 33 / cbal. = 94.8733 / Wtd. con eff = 3.5272 / Wtd. HRF eff = 1.0552 / Pop var. = 0.45656 / time = 0.74
best of generation 34 / cbal. = 95.1142 / Wtd. con eff = 3.5038 / Wtd. HRF eff = 1.0385 / Pop var. = 0.44506 / time = 0.74
best of generation 35 / cbal. = 95.1142 / Wtd. con eff = 3.5038 / Wtd. HRF eff = 1.0385 / Pop var. = 0.44599 / time = 0.75
best of generation 36 / cbal. = 95.1142 / Wtd. con eff = 3.5038 / Wtd. HRF eff = 1.0385 / Pop var. = 0.41894 / time = 0.8
best of generation 37 / cbal. = 95.1306 / Wtd. con eff = 3.5369 / Wtd. HRF eff = 0.91375 / Pop var. = 0.39696 / time = 0.74
best of generation 38 / cbal. = 95.1306 / Wtd. con eff = 3.5369 / Wtd. HRF eff = 0.91375 / Pop var. = 0.43926 / time = 0.74
best of generation 39 / cbal. = 95.1306 / Wtd. con eff = 3.5369 / Wtd. HRF eff = 0.91375 / Pop var. = 0.34563 / time = 0.74
best of generation 40 / cbal. = 95.1306 / Wtd. con eff = 3.5369 / Wtd. HRF eff = 0.91375 / Pop var. = 0.46738 / time = 0.74
best of generation 41 / cbal. = 95.1306 / Wtd. con eff = 3.5369 / Wtd. HRF eff = 0.91375 / Pop var. = 0.44577 / time = 0.77
best of generation 42 / cbal. = 95.1306 / Wtd. con eff = 3.5369 / Wtd. HRF eff = 0.91375 / Pop var. = 0.44082 / time = 0.75
best of generation 43 / cbal. = 94.9206 / Wtd. con eff = 3.6076 / Wtd. HRF eff = 0.88046 / Pop var. = 0.38805 / time = 0.75
best of generation 44 / cbal. = 94.9206 / Wtd. con eff = 3.6076 / Wtd. HRF eff = 0.88046 / Pop var. = 0.47866 / time = 0.73
best of generation 45 / cbal. = 94.9206 / Wtd. con eff = 3.6076 / Wtd. HRF eff = 0.88046 / Pop var. = 0.46402 / time = 0.75
best of generation 46 / cbal. = 94.9206 / Wtd. con eff = 3.6076 / Wtd. HRF eff = 0.88046 / Pop var. = 0.43826 / time = 0.74
best of generation 47 / cbal. = 94.9206 / Wtd. con eff = 3.6076 / Wtd. HRF eff = 0.88046 / Pop var. = 0.38165 / time = 0.77
best of generation 48 / cbal. = 94.9206 / Wtd. con eff = 3.6076 / Wtd. HRF eff = 0.88046 / Pop var. = 0.41522 / time = 0.74
best of generation 49 / cbal. = 94.889 / Wtd. con eff = 3.6248 / Wtd. HRF eff = 0.89459 / Pop var. = 0.30354 / time = 0.75
best of generation 50 / cbal. = 94.889 / Wtd. con eff = 3.6248 / Wtd. HRF eff = 0.89459 / Pop var. = 0.38242 / time = 0.73
best of generation 51 / cbal. = 94.889 / Wtd. con eff = 3.6248 / Wtd. HRF eff = 0.89459 / Pop var. = 0.44584 / time = 0.73
best of generation 52 / cbal. = 94.889 / Wtd. con eff = 3.6248 / Wtd. HRF eff = 0.89459 / Pop var. = 0.39983 / time = 0.79
best of generation 53 / cbal. = 94.889 / Wtd. con eff = 3.6248 / Wtd. HRF eff = 0.89459 / Pop var. = 0.4596 / time = 0.76
best of generation 54 / cbal. = 94.889 / Wtd. con eff = 3.6248 / Wtd. HRF eff = 0.89459 / Pop var. = 0.42719 / time = 0.74
best of generation 55 / cbal. = 94.889 / Wtd. con eff = 3.6248 / Wtd. HRF eff = 0.89459 / Pop var. = 0.34855 / time = 0.74
best of generation 56 / cbal. = 94.9285 / Wtd. con eff = 3.603 / Wtd. HRF eff = 1.1709 / Pop var. = 0.44644 / time = 0.74
best of generation 57 / cbal. = 94.9285 / Wtd. con eff = 3.603 / Wtd. HRF eff = 1.1709 / Pop var. = 0.36233 / time = 0.74
best of generation 58 / cbal. = 94.9285 / Wtd. con eff = 3.603 / Wtd. HRF eff = 1.1709 / Pop var. = 0.44559 / time = 0.76
best of generation 59 / cbal. = 94.9285 / Wtd. con eff = 3.603 / Wtd. HRF eff = 1.1709 / Pop var. = 0.44539 / time = 0.75
best of generation 60 / cbal. = 94.9285 / Wtd. con eff = 3.603 / Wtd. HRF eff = 1.1709 / Pop var. = 0.4426 / time = 0.74
best of generation 61 / cbal. = 94.9285 / Wtd. con eff = 3.603 / Wtd. HRF eff = 1.1709 / Pop var. = 0.41547 / time = 0.74
best of generation 62 / cbal. = 94.9285 / Wtd. con eff = 3.603 / Wtd. HRF eff = 1.1709 / Pop var. = 0.33738 / time = 0.73
best of generation 63 / cbal. = 94.9285 / Wtd. con eff = 3.603 / Wtd. HRF eff = 1.1709 / Pop var. = 0.46333 / time = 0.8
best of generation 64 / cbal. = 94.9285 / Wtd. con eff = 3.603 / Wtd. HRF eff = 1.1709 / Pop var. = 0.45811 / time = 0.74
best of generation 65 / cbal. = 94.9285 / Wtd. con eff = 3.603 / Wtd. HRF eff = 1.1709 / Pop var. = 0.41307 / time = 0.74
best of generation 66 / cbal. = 94.9285 / Wtd. con eff = 3.603 / Wtd. HRF eff = 1.1709 / Pop var. = 0.38389 / time = 0.74
best of generation 67 / cbal. = 94.9285 / Wtd. con eff = 3.603 / Wtd. HRF eff = 1.1709 / Pop var. = 0.44987 / time = 0.74
best of generation 68 / cbal. = 94.9285 / Wtd. con eff = 3.603 / Wtd. HRF eff = 1.1709 / Pop var. = 0.38378 / time = 0.76
best of generation 69 / cbal. = 94.9285 / Wtd. con eff = 3.603 / Wtd. HRF eff = 1.1709 / Pop var. = 0.46139 / time = 0.74
best of generation 70 / cbal. = 94.9285 / Wtd. con eff = 3.603 / Wtd. HRF eff = 1.1709 / Pop var. = 0.41388 / time = 0.74
best of generation 71 / cbal. = 94.9285 / Wtd. con eff = 3.603 / Wtd. HRF eff = 1.1709 / Pop var. = 0.3613 / time = 0.74
best of generation 72 / cbal. = 95.0003 / Wtd. con eff = 3.591 / Wtd. HRF eff = 1.2122 / Pop var. = 0.42758 / time = 0.74
best of generation 73 / cbal. = 94.6059 / Wtd. con eff = 3.6668 / Wtd. HRF eff = 0.97542 / Pop var. = 0.31121 / time = 0.74
best of generation 74 / cbal. = 94.6059 / Wtd. con eff = 3.6668 / Wtd. HRF eff = 0.97542 / Pop var. = 0.3557 / time = 0.8
best of generation 75 / cbal. = 94.6059 / Wtd. con eff = 3.6668 / Wtd. HRF eff = 0.97542 / Pop var. = 0.4258 / time = 0.74
best of generation 76 / cbal. = 94.6059 / Wtd. con eff = 3.6668 / Wtd. HRF eff = 0.97542 / Pop var. = 0.35141 / time = 0.76
best of generation 77 / cbal. = 94.9285 / Wtd. con eff = 3.603 / Wtd. HRF eff = 1.1709 / Pop var. = 0.4135 / time = 0.73
best of generation 78 / cbal. = 94.9285 / Wtd. con eff = 3.603 / Wtd. HRF eff = 1.1709 / Pop var. = 0.3598 / time = 0.74
best of generation 79 / cbal. = 94.9285 / Wtd. con eff = 3.603 / Wtd. HRF eff = 1.1709 / Pop var. = 0.45973 / time = 0.77
best of generation 80 / cbal. = 94.9285 / Wtd. con eff = 3.603 / Wtd. HRF eff = 1.1709 / Pop var. = 0.39823 / time = 0.73
best of generation 81 / cbal. = 94.9285 / Wtd. con eff = 3.603 / Wtd. HRF eff = 1.1709 / Pop var. = 0.46121 / time = 0.75
best of generation 82 / cbal. = 94.8265 / Wtd. con eff = 3.6522 / Wtd. HRF eff = 0.97547 / Pop var. = 0.38525 / time = 0.74
best of generation 83 / cbal. = 94.8265 / Wtd. con eff = 3.6522 / Wtd. HRF eff = 0.97547 / Pop var. = 0.44782 / time = 0.74
best of generation 84 / cbal. = 94.8265 / Wtd. con eff = 3.6522 / Wtd. HRF eff = 0.97547 / Pop var. = 0.39464 / time = 0.75
best of generation 85 / cbal. = 94.8265 / Wtd. con eff = 3.6522 / Wtd. HRF eff = 0.97547 / Pop var. = 0.48302 / time = 0.79
best of generation 86 / cbal. = 94.7341 / Wtd. con eff = 3.6292 / Wtd. HRF eff = 1.1857 / Pop var. = 0.4348 / time = 0.74
best of generation 87 / cbal. = 94.8265 / Wtd. con eff = 3.6522 / Wtd. HRF eff = 0.97547 / Pop var. = 0.38659 / time = 0.74
best of generation 88 / cbal. = 94.8265 / Wtd. con eff = 3.6522 / Wtd. HRF eff = 0.97547 / Pop var. = 0.45252 / time = 0.74
best of generation 89 / cbal. = 94.5911 / Wtd. con eff = 3.6719 / Wtd. HRF eff = 1.1949 / Pop var. = 0.43021 / time = 0.75
best of generation 90 / cbal. = 94.5911 / Wtd. con eff = 3.6719 / Wtd. HRF eff = 1.1949 / Pop var. = 0.36272 / time = 0.76
best of generation 91 / cbal. = 94.5911 / Wtd. con eff = 3.6719 / Wtd. HRF eff = 1.1949 / Pop var. = 0.44564 / time = 0.73
best of generation 92 / cbal. = 94.5911 / Wtd. con eff = 3.6719 / Wtd. HRF eff = 1.1949 / Pop var. = 0.41256 / time = 0.75
best of generation 93 / cbal. = 94.5911 / Wtd. con eff = 3.6719 / Wtd. HRF eff = 1.1949 / Pop var. = 0.39207 / time = 0.75
best of generation 94 / cbal. = 94.5911 / Wtd. con eff = 3.6719 / Wtd. HRF eff = 1.1949 / Pop var. = 0.45079 / time = 0.74
best of generation 95 / cbal. = 94.5911 / Wtd. con eff = 3.6719 / Wtd. HRF eff = 1.1949 / Pop var. = 0.39677 / time = 0.74
best of generation 96 / cbal. = 94.5911 / Wtd. con eff = 3.6719 / Wtd. HRF eff = 1.1949 / Pop var. = 0.40176 / time = 0.8
best of generation 97 / cbal. = 94.5911 / Wtd. con eff = 3.6719 / Wtd. HRF eff = 1.1949 / Pop var. = 0.37786 / time = 0.75
best of generation 98 / cbal. = 94.5911 / Wtd. con eff = 3.6719 / Wtd. HRF eff = 1.1949 / Pop var. = 0.40322 / time = 0.76
best of generation 99 / cbal. = 94.5911 / Wtd. con eff = 3.6719 / Wtd. HRF eff = 1.1949 / Pop var. = 0.27719 / time = 0.75
best of generation 100 / cbal. = 94.7189 / Wtd. con eff = 3.6599 / Wtd. HRF eff = 1.1666 / Pop var. = 0.37074 / time = 0.74
best of generation 101 / cbal. = 94.7189 / Wtd. con eff = 3.6599 / Wtd. HRF eff = 1.1666 / Pop var. = 0.45537 / time = 0.79
best of generation 102 / cbal. = 94.6659 / Wtd. con eff = 3.6727 / Wtd. HRF eff = 1.4186 / Pop var. = 0.43114 / time = 0.74
best of generation 103 / cbal. = 95.1472 / Wtd. con eff = 3.6091 / Wtd. HRF eff = 1.3794 / Pop var. = 0.35018 / time = 0.74
best of generation 104 / cbal. = 95.1472 / Wtd. con eff = 3.6091 / Wtd. HRF eff = 1.3794 / Pop var. = 0.41887 / time = 0.74
best of generation 105 / cbal. = 95.1472 / Wtd. con eff = 3.6091 / Wtd. HRF eff = 1.3794 / Pop var. = 0.34157 / time = 0.75
best of generation 106 / cbal. = 95.1472 / Wtd. con eff = 3.6091 / Wtd. HRF eff = 1.3794 / Pop var. = 0.43132 / time = 0.75
best of generation 107 / cbal. = 95.1472 / Wtd. con eff = 3.6091 / Wtd. HRF eff = 1.3794 / Pop var. = 0.41566 / time = 0.76
best of generation 108 / cbal. = 95.1472 / Wtd. con eff = 3.6091 / Wtd. HRF eff = 1.3794 / Pop var. = 0.35995 / time = 0.74
best of generation 109 / cbal. = 95.1472 / Wtd. con eff = 3.6091 / Wtd. HRF eff = 1.3794 / Pop var. = 0.42851 / time = 0.74
best of generation 110 / cbal. = 95.1472 / Wtd. con eff = 3.6091 / Wtd. HRF eff = 1.3794 / Pop var. = 0.3852 / time = 0.74
best of generation 111 / cbal. = 95.1472 / Wtd. con eff = 3.6091 / Wtd. HRF eff = 1.3794 / Pop var. = 0.42356 / time = 0.73
best of generation 112 / cbal. = 95.1472 / Wtd. con eff = 3.6091 / Wtd. HRF eff = 1.3794 / Pop var. = 0.38524 / time = 0.8
best of generation 113 / cbal. = 95.1472 / Wtd. con eff = 3.6091 / Wtd. HRF eff = 1.3794 / Pop var. = 0.452 / time = 0.74
best of generation 114 / cbal. = 95.1472 / Wtd. con eff = 3.6091 / Wtd. HRF eff = 1.3794 / Pop var. = 0.42976 / time = 0.74
best of generation 115 / cbal. = 95.1472 / Wtd. con eff = 3.6091 / Wtd. HRF eff = 1.3794 / Pop var. = 0.41576 / time = 0.76
best of generation 116 / cbal. = 95.1472 / Wtd. con eff = 3.6091 / Wtd. HRF eff = 1.3794 / Pop var. = 0.37729 / time = 0.74
best of generation 117 / cbal. = 95.1472 / Wtd. con eff = 3.6091 / Wtd. HRF eff = 1.3794 / Pop var. = 0.45386 / time = 0.76
best of generation 118 / cbal. = 95.1472 / Wtd. con eff = 3.6091 / Wtd. HRF eff = 1.3794 / Pop var. = 0.41123 / time = 0.74
best of generation 119 / cbal. = 95.1472 / Wtd. con eff = 3.6091 / Wtd. HRF eff = 1.3794 / Pop var. = 0.3579 / time = 0.74
best of generation 120 / cbal. = 95.1472 / Wtd. con eff = 3.6091 / Wtd. HRF eff = 1.3794 / Pop var. = 0.40663 / time = 0.75
best of generation 121 / cbal. = 95.1472 / Wtd. con eff = 3.6091 / Wtd. HRF eff = 1.3794 / Pop var. = 0.3445 / time = 0.74
best of generation 122 / cbal. = 95.1472 / Wtd. con eff = 3.6091 / Wtd. HRF eff = 1.3794 / Pop var. = 0.43314 / time = 0.73
best of generation 123 / cbal. = 95.1472 / Wtd. con eff = 3.6091 / Wtd. HRF eff = 1.3794 / Pop var. = 0.37211 / time = 0.81
best of generation 124 / cbal. = 95.1472 / Wtd. con eff = 3.6091 / Wtd. HRF eff = 1.3794 / Pop var. = 0.42986 / time = 0.74
best of generation 125 / cbal. = 95.0245 / Wtd. con eff = 3.6321 / Wtd. HRF eff = 1.3815 / Pop var. = 0.30896 / time = 0.74
best of generation 126 / cbal. = 95.0245 / Wtd. con eff = 3.6321 / Wtd. HRF eff = 1.3815 / Pop var. = 0.37221 / time = 0.74
best of generation 127 / cbal. = 95.0245 / Wtd. con eff = 3.6321 / Wtd. HRF eff = 1.3815 / Pop var. = 0.4299 / time = 0.73
best of generation 128 / cbal. = 95.0245 / Wtd. con eff = 3.6321 / Wtd. HRF eff = 1.3815 / Pop var. = 0.36276 / time = 0.76
best of generation 129 / cbal. = 95.1804 / Wtd. con eff = 3.6037 / Wtd. HRF eff = 1.3527 / Pop var. = 0.39425 / time = 0.74
best of generation 130 / cbal. = 95.1804 / Wtd. con eff = 3.6037 / Wtd. HRF eff = 1.3527 / Pop var. = 0.45824 / time = 0.74
best of generation 131 / cbal. = 95.1804 / Wtd. con eff = 3.6037 / Wtd. HRF eff = 1.3527 / Pop var. = 0.4041 / time = 0.73
best of generation 132 / cbal. = 95.1804 / Wtd. con eff = 3.6037 / Wtd. HRF eff = 1.3527 / Pop var. = 0.38173 / time = 0.74
best of generation 133 / cbal. = 95.1804 / Wtd. con eff = 3.6037 / Wtd. HRF eff = 1.3527 / Pop var. = 0.46393 / time = 0.74
best of generation 134 / cbal. = 95.1804 / Wtd. con eff = 3.6037 / Wtd. HRF eff = 1.3527 / Pop var. = 0.425 / time = 0.79
best of generation 135 / cbal. = 95.1804 / Wtd. con eff = 3.6037 / Wtd. HRF eff = 1.3527 / Pop var. = 0.38399 / time = 0.74
best of generation 136 / cbal. = 95.1804 / Wtd. con eff = 3.6037 / Wtd. HRF eff = 1.3527 / Pop var. = 0.46226 / time = 0.74
best of generation 137 / cbal. = 95.1804 / Wtd. con eff = 3.6037 / Wtd. HRF eff = 1.3527 / Pop var. = 0.41574 / time = 0.74
best of generation 138 / cbal. = 95.1804 / Wtd. con eff = 3.6037 / Wtd. HRF eff = 1.3527 / Pop var. = 0.39862 / time = 0.73
best of generation 139 / cbal. = 95.1804 / Wtd. con eff = 3.6037 / Wtd. HRF eff = 1.3527 / Pop var. = 0.50157 / time = 0.76
best of generation 140 / cbal. = 95.1804 / Wtd. con eff = 3.6037 / Wtd. HRF eff = 1.3527 / Pop var. = 0.47291 / time = 0.74
best of generation 141 / cbal. = 95.1804 / Wtd. con eff = 3.6037 / Wtd. HRF eff = 1.3527 / Pop var. = 0.44048 / time = 0.73
best of generation 142 / cbal. = 95.1804 / Wtd. con eff = 3.6037 / Wtd. HRF eff = 1.3527 / Pop var. = 0.39313 / time = 0.76
best of generation 143 / cbal. = 95.1804 / Wtd. con eff = 3.6037 / Wtd. HRF eff = 1.3527 / Pop var. = 0.44689 / time = 0.74
best of generation 144 / cbal. = 94.8421 / Wtd. con eff = 3.6427 / Wtd. HRF eff = 1.5783 / Pop var. = 0.39116 / time = 0.74
best of generation 145 / cbal. = 94.8421 / Wtd. con eff = 3.6427 / Wtd. HRF eff = 1.5783 / Pop var. = 0.43806 / time = 0.8
best of generation 146 / cbal. = 94.8421 / Wtd. con eff = 3.6427 / Wtd. HRF eff = 1.5783 / Pop var. = 0.43792 / time = 0.75
best of generation 147 / cbal. = 94.8421 / Wtd. con eff = 3.6427 / Wtd. HRF eff = 1.5783 / Pop var. = 0.38369 / time = 0.75
best of generation 148 / cbal. = 94.8421 / Wtd. con eff = 3.6427 / Wtd. HRF eff = 1.5783 / Pop var. = 0.47009 / time = 0.74
best of generation 149 / cbal. = 94.8421 / Wtd. con eff = 3.6427 / Wtd. HRF eff = 1.5783 / Pop var. = 0.44334 / time = 0.76
best of generation 150 / cbal. = 94.8421 / Wtd. con eff = 3.6427 / Wtd. HRF eff = 1.5783 / Pop var. = 0.40597 / time = 0.75
best of generation 151 / cbal. = 94.8421 / Wtd. con eff = 3.6427 / Wtd. HRF eff = 1.5783 / Pop var. = 0.34421 / time = 0.75
best of generation 152 / cbal. = 94.8421 / Wtd. con eff = 3.6427 / Wtd. HRF eff = 1.5783 / Pop var. = 0.42094 / time = 0.73
best of generation 153 / cbal. = 94.8421 / Wtd. con eff = 3.6427 / Wtd. HRF eff = 1.5783 / Pop var. = 0.38582 / time = 0.75
best of generation 154 / cbal. = 94.8421 / Wtd. con eff = 3.6427 / Wtd. HRF eff = 1.5783 / Pop var. = 0.46173 / time = 0.75
best of generation 155 / cbal. = 94.8421 / Wtd. con eff = 3.6427 / Wtd. HRF eff = 1.5783 / Pop var. = 0.36208 / time = 0.73
best of generation 156 / cbal. = 94.8421 / Wtd. con eff = 3.6427 / Wtd. HRF eff = 1.5783 / Pop var. = 0.41802 / time = 0.78
best of generation 157 / cbal. = 94.8421 / Wtd. con eff = 3.6427 / Wtd. HRF eff = 1.5783 / Pop var. = 0.36387 / time = 0.75
best of generation 158 / cbal. = 94.8421 / Wtd. con eff = 3.6427 / Wtd. HRF eff = 1.5783 / Pop var. = 0.43263 / time = 0.73
saving workspace as GAresults.mat
M = 
     origlist: [49x1 double]
     restlist: [20x1 double]
     stimlist: [60x1 double]
           ga: [1x1 struct]
    bestLists: [60x158 uint8]
         date: '11-9-2014'
optimizeGA done: 120.85 s
