Starting Model 86
OptimizeGA
===============================
Saturation threshold = 
Setting up variables
You entered 2 conditions  (event types) that will each be modeled with a regessor. 
 Note that if you enter 0 as a condition number, those events will not be modeled
 (they are assumed to be rest/inter-stimulus interval periods)

Contrasts entered. You entered matrix of 3 contrasts, with weights across 4 conditions.
 Contrasts:
     1     1    -1    -1
     1     0    -1     0
     0     1     0    -1
 ...adding one column to contrast matrix with weights of 0, to model the intercept
You entered a contrast weight vector across 3 contrasts
 	...Using rests of length 1 and resting every 4
================== Parameters ======================
     Total stimuli in scan      : 60
     Fixed rest length in ITIs  : 1
     Fixed Rest stimuli in scan : 11
     Num blank intervals        : 9
     Num of task conds          : 2
     Num stimuli each cond      : 20  20
====================================================
	...generating lists of organisms
	...USING TRANS2BLOCK >
     freqConditions = 0.2         0.2         0.2         0.2
     conditions = 1  2  3  4
REST INTERVALS: not used (to use, freqCond should be one longer than conditions
  ...randomizing organism start state
	...restMatrix is 20 X 40
ans =
     4     4     4     4     4     4     4     4     4     4
     4     4     4     4     4     4     4     4     4     4
     4     4     4     4     4     4     4     4     4     4
     4     4     4     4     4     4     4     4     4     4
     4     4     4     4     4     4     4     4     4     4
======== Num stimuli, averaged across lists (before instruction/rest stimuli) ========
		Condition 0: 9 stimuli, 15% of total stimuli
		Condition 1: 20 stimuli, 33.3333% of total stimuli
		Condition 2: 20 stimuli, 33.3333% of total stimuli
		Condition 3: 0 stimuli, 0% of total stimuli
		Condition 4: 0 stimuli, 0% of total stimuli
======================================================================================
best of generation 1 / cbal. = 94.8969 / Wtd. con eff = 2.7203 / Wtd. HRF eff = 0.64659 / Pop var. = 0.85974 / time = 0.74
best of generation 2 / cbal. = 94.3511 / Wtd. con eff = 3.1104 / Wtd. HRF eff = 1.1493 / Pop var. = 0.83778 / time = 0.74
best of generation 3 / cbal. = 94.1816 / Wtd. con eff = 3.2117 / Wtd. HRF eff = 1.2816 / Pop var. = 0.81399 / time = 0.72
best of generation 4 / cbal. = 94.569 / Wtd. con eff = 3.1049 / Wtd. HRF eff = 1.1094 / Pop var. = 0.79237 / time = 0.73
best of generation 5 / cbal. = 94.569 / Wtd. con eff = 3.1049 / Wtd. HRF eff = 1.1094 / Pop var. = 0.76421 / time = 0.81
best of generation 6 / cbal. = 94.7937 / Wtd. con eff = 3.157 / Wtd. HRF eff = 0.77894 / Pop var. = 0.73072 / time = 0.73
best of generation 7 / cbal. = 94.807 / Wtd. con eff = 3.2542 / Wtd. HRF eff = 0.83136 / Pop var. = 0.67776 / time = 0.74
best of generation 8 / cbal. = 95.0348 / Wtd. con eff = 3.2458 / Wtd. HRF eff = 0.79651 / Pop var. = 0.53788 / time = 0.73
best of generation 9 / cbal. = 95.0348 / Wtd. con eff = 3.2458 / Wtd. HRF eff = 0.79651 / Pop var. = 0.50982 / time = 0.73
best of generation 10 / cbal. = 95.0348 / Wtd. con eff = 3.2458 / Wtd. HRF eff = 0.79651 / Pop var. = 0.51008 / time = 0.74
best of generation 11 / cbal. = 95.0348 / Wtd. con eff = 3.2458 / Wtd. HRF eff = 0.79651 / Pop var. = 0.40058 / time = 0.73
best of generation 12 / cbal. = 95.0348 / Wtd. con eff = 3.2458 / Wtd. HRF eff = 0.79651 / Pop var. = 0.40265 / time = 0.74
best of generation 13 / cbal. = 94.6487 / Wtd. con eff = 3.442 / Wtd. HRF eff = 0.76318 / Pop var. = 0.34536 / time = 0.74
best of generation 14 / cbal. = 94.7834 / Wtd. con eff = 3.4864 / Wtd. HRF eff = 0.96061 / Pop var. = 0.44854 / time = 0.74
best of generation 15 / cbal. = 94.7834 / Wtd. con eff = 3.4864 / Wtd. HRF eff = 0.96061 / Pop var. = 0.45084 / time = 0.73
best of generation 16 / cbal. = 94.7834 / Wtd. con eff = 3.4864 / Wtd. HRF eff = 0.96061 / Pop var. = 0.38789 / time = 0.78
best of generation 17 / cbal. = 94.8959 / Wtd. con eff = 3.5059 / Wtd. HRF eff = 0.87898 / Pop var. = 0.46581 / time = 0.74
best of generation 18 / cbal. = 94.995 / Wtd. con eff = 3.5246 / Wtd. HRF eff = 0.93945 / Pop var. = 0.43035 / time = 0.75
best of generation 19 / cbal. = 94.995 / Wtd. con eff = 3.5246 / Wtd. HRF eff = 0.93945 / Pop var. = 0.41912 / time = 0.74
best of generation 20 / cbal. = 95.0977 / Wtd. con eff = 3.4314 / Wtd. HRF eff = 1.2115 / Pop var. = 0.39268 / time = 0.74
best of generation 21 / cbal. = 94.9546 / Wtd. con eff = 3.5104 / Wtd. HRF eff = 1.1057 / Pop var. = 0.40314 / time = 0.79
best of generation 22 / cbal. = 94.9546 / Wtd. con eff = 3.5104 / Wtd. HRF eff = 1.1057 / Pop var. = 0.3534 / time = 0.75
best of generation 23 / cbal. = 94.9546 / Wtd. con eff = 3.5104 / Wtd. HRF eff = 1.1057 / Pop var. = 0.42815 / time = 0.76
best of generation 24 / cbal. = 94.9546 / Wtd. con eff = 3.5104 / Wtd. HRF eff = 1.1057 / Pop var. = 0.35417 / time = 0.74
best of generation 25 / cbal. = 94.9546 / Wtd. con eff = 3.5104 / Wtd. HRF eff = 1.1057 / Pop var. = 0.42215 / time = 0.75
best of generation 26 / cbal. = 95.1369 / Wtd. con eff = 3.5091 / Wtd. HRF eff = 1.1357 / Pop var. = 0.39741 / time = 0.76
best of generation 27 / cbal. = 95.1369 / Wtd. con eff = 3.5091 / Wtd. HRF eff = 1.1357 / Pop var. = 0.43525 / time = 0.76
best of generation 28 / cbal. = 95.1369 / Wtd. con eff = 3.5091 / Wtd. HRF eff = 1.1357 / Pop var. = 0.38305 / time = 0.77
best of generation 29 / cbal. = 95.1369 / Wtd. con eff = 3.5091 / Wtd. HRF eff = 1.1357 / Pop var. = 0.48933 / time = 0.78
best of generation 30 / cbal. = 94.7765 / Wtd. con eff = 3.5495 / Wtd. HRF eff = 1.5316 / Pop var. = 0.46992 / time = 0.75
best of generation 31 / cbal. = 94.7238 / Wtd. con eff = 3.613 / Wtd. HRF eff = 1.149 / Pop var. = 0.45086 / time = 0.74
best of generation 32 / cbal. = 94.6597 / Wtd. con eff = 3.6393 / Wtd. HRF eff = 1.1377 / Pop var. = 0.39857 / time = 0.8
best of generation 33 / cbal. = 94.8338 / Wtd. con eff = 3.5768 / Wtd. HRF eff = 2.1785 / Pop var. = 0.44516 / time = 0.74
best of generation 34 / cbal. = 94.8338 / Wtd. con eff = 3.5768 / Wtd. HRF eff = 2.1785 / Pop var. = 0.40884 / time = 0.74
best of generation 35 / cbal. = 94.8338 / Wtd. con eff = 3.5768 / Wtd. HRF eff = 2.1785 / Pop var. = 0.38002 / time = 0.75
best of generation 36 / cbal. = 94.8338 / Wtd. con eff = 3.5768 / Wtd. HRF eff = 2.1785 / Pop var. = 0.49391 / time = 0.76
best of generation 37 / cbal. = 94.9335 / Wtd. con eff = 3.59 / Wtd. HRF eff = 1.5997 / Pop var. = 0.44077 / time = 0.76
best of generation 38 / cbal. = 94.7494 / Wtd. con eff = 3.6032 / Wtd. HRF eff = 3.0014 / Pop var. = 0.38618 / time = 0.75
best of generation 39 / cbal. = 94.7494 / Wtd. con eff = 3.6032 / Wtd. HRF eff = 3.0014 / Pop var. = 0.40677 / time = 0.75
best of generation 40 / cbal. = 94.7494 / Wtd. con eff = 3.6032 / Wtd. HRF eff = 3.0014 / Pop var. = 0.34042 / time = 0.76
best of generation 41 / cbal. = 94.7494 / Wtd. con eff = 3.6032 / Wtd. HRF eff = 3.0014 / Pop var. = 0.45171 / time = 0.75
best of generation 42 / cbal. = 94.7494 / Wtd. con eff = 3.6032 / Wtd. HRF eff = 3.0014 / Pop var. = 0.37935 / time = 0.75
best of generation 43 / cbal. = 94.7494 / Wtd. con eff = 3.6054 / Wtd. HRF eff = 3.0266 / Pop var. = 0.42554 / time = 0.79
best of generation 44 / cbal. = 94.7494 / Wtd. con eff = 3.6054 / Wtd. HRF eff = 3.0266 / Pop var. = 0.42097 / time = 0.75
best of generation 45 / cbal. = 94.7494 / Wtd. con eff = 3.6054 / Wtd. HRF eff = 3.0266 / Pop var. = 0.3796 / time = 0.74
best of generation 46 / cbal. = 94.7494 / Wtd. con eff = 3.6054 / Wtd. HRF eff = 3.0266 / Pop var. = 0.43903 / time = 0.75
best of generation 47 / cbal. = 94.7494 / Wtd. con eff = 3.6054 / Wtd. HRF eff = 3.0266 / Pop var. = 0.38094 / time = 0.77
best of generation 48 / cbal. = 94.7494 / Wtd. con eff = 3.6054 / Wtd. HRF eff = 3.0266 / Pop var. = 0.46047 / time = 0.76
best of generation 49 / cbal. = 94.7494 / Wtd. con eff = 3.6054 / Wtd. HRF eff = 3.0266 / Pop var. = 0.41878 / time = 0.75
best of generation 50 / cbal. = 94.7494 / Wtd. con eff = 3.6054 / Wtd. HRF eff = 3.0266 / Pop var. = 0.38513 / time = 0.76
best of generation 51 / cbal. = 94.7494 / Wtd. con eff = 3.6054 / Wtd. HRF eff = 3.0266 / Pop var. = 0.48266 / time = 0.76
best of generation 52 / cbal. = 94.7494 / Wtd. con eff = 3.6054 / Wtd. HRF eff = 3.0266 / Pop var. = 0.4582 / time = 0.74
best of generation 53 / cbal. = 94.7494 / Wtd. con eff = 3.6054 / Wtd. HRF eff = 3.0266 / Pop var. = 0.42296 / time = 0.76
best of generation 54 / cbal. = 94.7494 / Wtd. con eff = 3.6054 / Wtd. HRF eff = 3.0266 / Pop var. = 0.34693 / time = 0.81
best of generation 55 / cbal. = 94.7494 / Wtd. con eff = 3.6054 / Wtd. HRF eff = 3.0266 / Pop var. = 0.44378 / time = 0.74
best of generation 56 / cbal. = 94.7494 / Wtd. con eff = 3.6054 / Wtd. HRF eff = 3.0266 / Pop var. = 0.34299 / time = 0.75
best of generation 57 / cbal. = 94.7494 / Wtd. con eff = 3.6054 / Wtd. HRF eff = 3.0266 / Pop var. = 0.39367 / time = 0.76
best of generation 58 / cbal. = 94.7494 / Wtd. con eff = 3.6054 / Wtd. HRF eff = 3.0266 / Pop var. = 0.42253 / time = 0.74
best of generation 59 / cbal. = 94.7494 / Wtd. con eff = 3.6054 / Wtd. HRF eff = 3.0266 / Pop var. = 0.3728 / time = 0.78
best of generation 60 / cbal. = 94.7494 / Wtd. con eff = 3.6054 / Wtd. HRF eff = 3.0266 / Pop var. = 0.44119 / time = 0.76
best of generation 61 / cbal. = 94.7494 / Wtd. con eff = 3.6054 / Wtd. HRF eff = 3.0266 / Pop var. = 0.37405 / time = 0.75
best of generation 62 / cbal. = 94.7494 / Wtd. con eff = 3.6054 / Wtd. HRF eff = 3.0266 / Pop var. = 0.47427 / time = 0.75
best of generation 63 / cbal. = 94.7494 / Wtd. con eff = 3.6054 / Wtd. HRF eff = 3.0266 / Pop var. = 0.43903 / time = 0.76
best of generation 64 / cbal. = 94.7494 / Wtd. con eff = 3.6054 / Wtd. HRF eff = 3.0266 / Pop var. = 0.37592 / time = 0.77
best of generation 65 / cbal. = 94.7494 / Wtd. con eff = 3.6054 / Wtd. HRF eff = 3.0266 / Pop var. = 0.47383 / time = 0.78
best of generation 66 / cbal. = 94.7494 / Wtd. con eff = 3.6054 / Wtd. HRF eff = 3.0266 / Pop var. = 0.39142 / time = 0.74
best of generation 67 / cbal. = 94.7494 / Wtd. con eff = 3.6054 / Wtd. HRF eff = 3.0266 / Pop var. = 0.49438 / time = 0.75
best of generation 68 / cbal. = 94.7494 / Wtd. con eff = 3.6054 / Wtd. HRF eff = 3.0266 / Pop var. = 0.44758 / time = 0.76
best of generation 69 / cbal. = 94.7494 / Wtd. con eff = 3.6054 / Wtd. HRF eff = 3.0266 / Pop var. = 0.37205 / time = 0.74
best of generation 70 / cbal. = 94.7494 / Wtd. con eff = 3.6054 / Wtd. HRF eff = 3.0266 / Pop var. = 0.44341 / time = 0.77
best of generation 71 / cbal. = 94.7494 / Wtd. con eff = 3.6054 / Wtd. HRF eff = 3.0266 / Pop var. = 0.38568 / time = 0.76
best of generation 72 / cbal. = 94.7494 / Wtd. con eff = 3.6054 / Wtd. HRF eff = 3.0266 / Pop var. = 0.4057 / time = 0.75
best of generation 73 / cbal. = 94.7494 / Wtd. con eff = 3.6054 / Wtd. HRF eff = 3.0266 / Pop var. = 0.34957 / time = 0.75
best of generation 74 / cbal. = 94.7494 / Wtd. con eff = 3.6054 / Wtd. HRF eff = 3.0266 / Pop var. = 0.46625 / time = 0.75
best of generation 75 / cbal. = 94.7494 / Wtd. con eff = 3.6054 / Wtd. HRF eff = 3.0266 / Pop var. = 0.40783 / time = 0.79
best of generation 76 / cbal. = 94.7494 / Wtd. con eff = 3.6054 / Wtd. HRF eff = 3.0266 / Pop var. = 0.32308 / time = 0.75
best of generation 77 / cbal. = 94.7494 / Wtd. con eff = 3.6054 / Wtd. HRF eff = 3.0266 / Pop var. = 0.37454 / time = 0.76
best of generation 78 / cbal. = 94.7494 / Wtd. con eff = 3.6054 / Wtd. HRF eff = 3.0266 / Pop var. = 0.44305 / time = 0.75
best of generation 79 / cbal. = 94.7494 / Wtd. con eff = 3.6054 / Wtd. HRF eff = 3.0266 / Pop var. = 0.42704 / time = 0.76
best of generation 80 / cbal. = 94.7494 / Wtd. con eff = 3.6054 / Wtd. HRF eff = 3.0266 / Pop var. = 0.37892 / time = 0.75
best of generation 81 / cbal. = 94.7494 / Wtd. con eff = 3.6054 / Wtd. HRF eff = 3.0266 / Pop var. = 0.43757 / time = 0.8
best of generation 82 / cbal. = 94.7494 / Wtd. con eff = 3.6054 / Wtd. HRF eff = 3.0266 / Pop var. = 0.36506 / time = 0.75
best of generation 83 / cbal. = 94.7494 / Wtd. con eff = 3.6054 / Wtd. HRF eff = 3.0266 / Pop var. = 0.4595 / time = 0.76
best of generation 84 / cbal. = 94.7494 / Wtd. con eff = 3.6054 / Wtd. HRF eff = 3.0266 / Pop var. = 0.43455 / time = 0.75
best of generation 85 / cbal. = 94.7494 / Wtd. con eff = 3.6054 / Wtd. HRF eff = 3.0266 / Pop var. = 0.38708 / time = 0.75
best of generation 86 / cbal. = 94.7494 / Wtd. con eff = 3.6054 / Wtd. HRF eff = 3.0266 / Pop var. = 0.43825 / time = 0.8
best of generation 87 / cbal. = 94.7494 / Wtd. con eff = 3.6054 / Wtd. HRF eff = 3.0266 / Pop var. = 0.39034 / time = 0.75
best of generation 88 / cbal. = 94.7494 / Wtd. con eff = 3.6054 / Wtd. HRF eff = 3.0266 / Pop var. = 0.4421 / time = 0.75
best of generation 89 / cbal. = 94.7494 / Wtd. con eff = 3.6054 / Wtd. HRF eff = 3.0266 / Pop var. = 0.41319 / time = 0.76
best of generation 90 / cbal. = 94.7341 / Wtd. con eff = 3.6132 / Wtd. HRF eff = 3.1201 / Pop var. = 0.3474 / time = 0.74
best of generation 91 / cbal. = 94.7341 / Wtd. con eff = 3.6132 / Wtd. HRF eff = 3.1201 / Pop var. = 0.43206 / time = 0.76
best of generation 92 / cbal. = 94.7341 / Wtd. con eff = 3.6132 / Wtd. HRF eff = 3.1201 / Pop var. = 0.36507 / time = 0.78
best of generation 93 / cbal. = 94.7341 / Wtd. con eff = 3.6132 / Wtd. HRF eff = 3.1201 / Pop var. = 0.43015 / time = 0.75
best of generation 94 / cbal. = 94.7341 / Wtd. con eff = 3.6132 / Wtd. HRF eff = 3.1201 / Pop var. = 0.41941 / time = 0.76
best of generation 95 / cbal. = 94.7341 / Wtd. con eff = 3.6132 / Wtd. HRF eff = 3.1201 / Pop var. = 0.38896 / time = 0.76
best of generation 96 / cbal. = 94.7341 / Wtd. con eff = 3.6132 / Wtd. HRF eff = 3.1201 / Pop var. = 0.46669 / time = 0.74
best of generation 97 / cbal. = 94.7341 / Wtd. con eff = 3.6132 / Wtd. HRF eff = 3.1201 / Pop var. = 0.40473 / time = 0.77
best of generation 98 / cbal. = 94.8421 / Wtd. con eff = 3.6351 / Wtd. HRF eff = 1.3353 / Pop var. = 0.35566 / time = 0.76
best of generation 99 / cbal. = 94.8421 / Wtd. con eff = 3.6351 / Wtd. HRF eff = 1.3353 / Pop var. = 0.40715 / time = 0.74
best of generation 100 / cbal. = 94.8421 / Wtd. con eff = 3.6351 / Wtd. HRF eff = 1.3353 / Pop var. = 0.4017 / time = 0.76
best of generation 101 / cbal. = 94.8421 / Wtd. con eff = 3.6351 / Wtd. HRF eff = 1.3353 / Pop var. = 0.34024 / time = 0.76
best of generation 102 / cbal. = 94.8421 / Wtd. con eff = 3.6351 / Wtd. HRF eff = 1.3353 / Pop var. = 0.42412 / time = 0.77
best of generation 103 / cbal. = 94.8421 / Wtd. con eff = 3.6351 / Wtd. HRF eff = 1.3353 / Pop var. = 0.37107 / time = 0.77
best of generation 104 / cbal. = 94.8421 / Wtd. con eff = 3.6351 / Wtd. HRF eff = 1.3353 / Pop var. = 0.46211 / time = 0.74
best of generation 105 / cbal. = 94.8421 / Wtd. con eff = 3.6351 / Wtd. HRF eff = 1.3353 / Pop var. = 0.43816 / time = 0.76
best of generation 106 / cbal. = 94.8421 / Wtd. con eff = 3.6351 / Wtd. HRF eff = 1.3353 / Pop var. = 0.41566 / time = 0.74
best of generation 107 / cbal. = 94.8421 / Wtd. con eff = 3.6351 / Wtd. HRF eff = 1.3353 / Pop var. = 0.36941 / time = 0.76
best of generation 108 / cbal. = 94.8421 / Wtd. con eff = 3.6351 / Wtd. HRF eff = 1.3353 / Pop var. = 0.49182 / time = 0.81
best of generation 109 / cbal. = 94.8421 / Wtd. con eff = 3.6351 / Wtd. HRF eff = 1.3353 / Pop var. = 0.45251 / time = 0.77
best of generation 110 / cbal. = 94.8421 / Wtd. con eff = 3.6351 / Wtd. HRF eff = 1.3353 / Pop var. = 0.39226 / time = 0.75
best of generation 111 / cbal. = 94.8421 / Wtd. con eff = 3.6351 / Wtd. HRF eff = 1.3353 / Pop var. = 0.40773 / time = 0.74
best of generation 112 / cbal. = 94.8421 / Wtd. con eff = 3.6351 / Wtd. HRF eff = 1.3353 / Pop var. = 0.34892 / time = 0.76
best of generation 113 / cbal. = 94.8421 / Wtd. con eff = 3.6351 / Wtd. HRF eff = 1.3353 / Pop var. = 0.38284 / time = 0.79
best of generation 114 / cbal. = 94.8421 / Wtd. con eff = 3.6351 / Wtd. HRF eff = 1.3353 / Pop var. = 0.45822 / time = 0.75
best of generation 115 / cbal. = 94.9683 / Wtd. con eff = 3.614 / Wtd. HRF eff = 1.3583 / Pop var. = 0.42241 / time = 0.76
best of generation 116 / cbal. = 94.9683 / Wtd. con eff = 3.614 / Wtd. HRF eff = 1.3583 / Pop var. = 0.37049 / time = 0.75
best of generation 117 / cbal. = 94.9683 / Wtd. con eff = 3.614 / Wtd. HRF eff = 1.3583 / Pop var. = 0.4353 / time = 0.75
best of generation 118 / cbal. = 94.9683 / Wtd. con eff = 3.614 / Wtd. HRF eff = 1.3583 / Pop var. = 0.41833 / time = 0.75
best of generation 119 / cbal. = 94.9683 / Wtd. con eff = 3.614 / Wtd. HRF eff = 1.3583 / Pop var. = 0.40094 / time = 0.79
best of generation 120 / cbal. = 94.2524 / Wtd. con eff = 3.6539 / Wtd. HRF eff = 3.6029 / Pop var. = 0.33459 / time = 0.76
best of generation 121 / cbal. = 94.2524 / Wtd. con eff = 3.6539 / Wtd. HRF eff = 3.6029 / Pop var. = 0.42425 / time = 0.75
best of generation 122 / cbal. = 94.2524 / Wtd. con eff = 3.6539 / Wtd. HRF eff = 3.6029 / Pop var. = 0.38791 / time = 0.75
best of generation 123 / cbal. = 94.5173 / Wtd. con eff = 3.6476 / Wtd. HRF eff = 3.2206 / Pop var. = 0.46069 / time = 0.75
best of generation 124 / cbal. = 94.5173 / Wtd. con eff = 3.6476 / Wtd. HRF eff = 3.2206 / Pop var. = 0.4011 / time = 0.8
best of generation 125 / cbal. = 94.5173 / Wtd. con eff = 3.6476 / Wtd. HRF eff = 3.2206 / Pop var. = 0.3907 / time = 0.75
best of generation 126 / cbal. = 94.5173 / Wtd. con eff = 3.6476 / Wtd. HRF eff = 3.2206 / Pop var. = 0.47683 / time = 0.75
best of generation 127 / cbal. = 94.5173 / Wtd. con eff = 3.6476 / Wtd. HRF eff = 3.2206 / Pop var. = 0.44805 / time = 0.76
best of generation 128 / cbal. = 94.5173 / Wtd. con eff = 3.6476 / Wtd. HRF eff = 3.2206 / Pop var. = 0.37942 / time = 0.75
best of generation 129 / cbal. = 94.5173 / Wtd. con eff = 3.6476 / Wtd. HRF eff = 3.2206 / Pop var. = 0.4178 / time = 0.77
best of generation 130 / cbal. = 94.5173 / Wtd. con eff = 3.6476 / Wtd. HRF eff = 3.2206 / Pop var. = 0.37278 / time = 0.74
best of generation 131 / cbal. = 94.5173 / Wtd. con eff = 3.6476 / Wtd. HRF eff = 3.2206 / Pop var. = 0.49805 / time = 0.76
best of generation 132 / cbal. = 94.3654 / Wtd. con eff = 3.669 / Wtd. HRF eff = 3.4131 / Pop var. = 0.4006 / time = 0.76
best of generation 133 / cbal. = 94.3654 / Wtd. con eff = 3.669 / Wtd. HRF eff = 3.4131 / Pop var. = 0.33476 / time = 0.75
best of generation 134 / cbal. = 94.3654 / Wtd. con eff = 3.669 / Wtd. HRF eff = 3.4131 / Pop var. = 0.40956 / time = 0.75
best of generation 135 / cbal. = 94.3869 / Wtd. con eff = 3.6684 / Wtd. HRF eff = 3.3369 / Pop var. = 0.38361 / time = 0.79
best of generation 136 / cbal. = 94.3869 / Wtd. con eff = 3.6684 / Wtd. HRF eff = 3.3369 / Pop var. = 0.41532 / time = 0.75
best of generation 137 / cbal. = 94.3869 / Wtd. con eff = 3.6684 / Wtd. HRF eff = 3.3369 / Pop var. = 0.39405 / time = 0.74
best of generation 138 / cbal. = 94.3869 / Wtd. con eff = 3.6684 / Wtd. HRF eff = 3.3369 / Pop var. = 0.44217 / time = 0.74
best of generation 139 / cbal. = 94.3869 / Wtd. con eff = 3.6684 / Wtd. HRF eff = 3.3369 / Pop var. = 0.39578 / time = 0.75
best of generation 140 / cbal. = 94.3869 / Wtd. con eff = 3.6684 / Wtd. HRF eff = 3.3369 / Pop var. = 0.45308 / time = 0.77
best of generation 141 / cbal. = 94.3869 / Wtd. con eff = 3.6684 / Wtd. HRF eff = 3.3369 / Pop var. = 0.41223 / time = 0.74
best of generation 142 / cbal. = 94.3869 / Wtd. con eff = 3.6684 / Wtd. HRF eff = 3.3369 / Pop var. = 0.32834 / time = 0.75
best of generation 143 / cbal. = 94.3869 / Wtd. con eff = 3.6684 / Wtd. HRF eff = 3.3369 / Pop var. = 0.40134 / time = 0.77
best of generation 144 / cbal. = 93.7115 / Wtd. con eff = 3.7303 / Wtd. HRF eff = 4.2152 / Pop var. = 0.33712 / time = 0.74
best of generation 145 / cbal. = 93.7115 / Wtd. con eff = 3.7303 / Wtd. HRF eff = 4.2152 / Pop var. = 0.42268 / time = 0.79
best of generation 146 / cbal. = 94.1623 / Wtd. con eff = 3.7094 / Wtd. HRF eff = 3.6225 / Pop var. = 0.34769 / time = 0.81
best of generation 147 / cbal. = 94.1623 / Wtd. con eff = 3.7094 / Wtd. HRF eff = 3.6225 / Pop var. = 0.3949 / time = 0.76
best of generation 148 / cbal. = 94.1623 / Wtd. con eff = 3.7094 / Wtd. HRF eff = 3.6225 / Pop var. = 0.48087 / time = 0.74
best of generation 149 / cbal. = 94.1623 / Wtd. con eff = 3.7094 / Wtd. HRF eff = 3.6225 / Pop var. = 0.43978 / time = 0.76
best of generation 150 / cbal. = 94.1623 / Wtd. con eff = 3.7094 / Wtd. HRF eff = 3.6225 / Pop var. = 0.33484 / time = 0.81
best of generation 151 / cbal. = 94.1623 / Wtd. con eff = 3.7094 / Wtd. HRF eff = 3.6225 / Pop var. = 0.38132 / time = 0.84
best of generation 152 / cbal. = 94.1623 / Wtd. con eff = 3.7094 / Wtd. HRF eff = 3.6225 / Pop var. = 0.40161 / time = 0.76
best of generation 153 / cbal. = 94.1623 / Wtd. con eff = 3.7094 / Wtd. HRF eff = 3.6225 / Pop var. = 0.30981 / time = 0.77
best of generation 154 / cbal. = 94.1623 / Wtd. con eff = 3.7094 / Wtd. HRF eff = 3.6225 / Pop var. = 0.36517 / time = 0.74
best of generation 155 / cbal. = 94.1623 / Wtd. con eff = 3.7094 / Wtd. HRF eff = 3.6225 / Pop var. = 0.44759 / time = 0.75
best of generation 156 / cbal. = 94.1623 / Wtd. con eff = 3.7094 / Wtd. HRF eff = 3.6225 / Pop var. = 0.40408 / time = 0.77
saving workspace as GAresults.mat
M = 
     origlist: [49x1 double]
     restlist: [20x1 double]
     stimlist: [60x1 double]
           ga: [1x1 struct]
    bestLists: [60x156 uint8]
         date: '11-9-2014'
optimizeGA done: 120.55 s
