Starting Model 44
OptimizeGA
===============================
Saturation threshold = 
Setting up variables
You entered 2 conditions  (event types) that will each be modeled with a regessor. 
 Note that if you enter 0 as a condition number, those events will not be modeled
 (they are assumed to be rest/inter-stimulus interval periods)

Contrasts entered. You entered matrix of 3 contrasts, with weights across 4 conditions.
 Contrasts:
     1     1    -1    -1
     1     0    -1     0
     0     1     0    -1
 ...adding one column to contrast matrix with weights of 0, to model the intercept
You entered a contrast weight vector across 3 contrasts
 	...Using rests of length 1 and resting every 4
================== Parameters ======================
     Total stimuli in scan      : 60
     Fixed rest length in ITIs  : 1
     Fixed Rest stimuli in scan : 11
     Num blank intervals        : 9
     Num of task conds          : 2
     Num stimuli each cond      : 20  20
====================================================
	...generating lists of organisms
	...USING TRANS2BLOCK >
     freqConditions = 0.2         0.2         0.2         0.2
     conditions = 1  2  3  4
REST INTERVALS: not used (to use, freqCond should be one longer than conditions
  ...randomizing organism start state
	...restMatrix is 20 X 40
ans =
     4     4     4     4     4     4     4     4     4     4
     4     4     4     4     4     4     4     4     4     4
     4     4     4     4     4     4     4     4     4     4
     4     4     4     4     4     4     4     4     4     4
     4     4     4     4     4     4     4     4     4     4
======== Num stimuli, averaged across lists (before instruction/rest stimuli) ========
		Condition 0: 9 stimuli, 15% of total stimuli
		Condition 1: 20 stimuli, 33.3333% of total stimuli
		Condition 2: 20 stimuli, 33.3333% of total stimuli
		Condition 3: 0 stimuli, 0% of total stimuli
		Condition 4: 0 stimuli, 0% of total stimuli
======================================================================================
best of generation 1 / cbal. = 94.912 / Wtd. con eff = 2.4937 / Wtd. HRF eff = 0.5436 / Pop var. = 0.86455 / time = 0.74
best of generation 2 / cbal. = 94.3885 / Wtd. con eff = 2.8048 / Wtd. HRF eff = 0.63303 / Pop var. = 0.84601 / time = 0.71
best of generation 3 / cbal. = 94.4834 / Wtd. con eff = 2.7586 / Wtd. HRF eff = 0.63159 / Pop var. = 0.8328 / time = 0.72
best of generation 4 / cbal. = 94.4834 / Wtd. con eff = 2.7586 / Wtd. HRF eff = 0.63159 / Pop var. = 0.81296 / time = 0.75
best of generation 5 / cbal. = 95.0994 / Wtd. con eff = 3.1253 / Wtd. HRF eff = 0.65687 / Pop var. = 0.79807 / time = 0.72
best of generation 6 / cbal. = 95.0994 / Wtd. con eff = 3.1253 / Wtd. HRF eff = 0.65687 / Pop var. = 0.79617 / time = 0.72
best of generation 7 / cbal. = 95.0384 / Wtd. con eff = 3.2312 / Wtd. HRF eff = 0.59964 / Pop var. = 0.7797 / time = 0.72
best of generation 8 / cbal. = 95.0384 / Wtd. con eff = 3.2312 / Wtd. HRF eff = 0.59964 / Pop var. = 0.75209 / time = 0.71
best of generation 9 / cbal. = 95.2265 / Wtd. con eff = 3.202 / Wtd. HRF eff = 0.67185 / Pop var. = 0.69074 / time = 0.72
best of generation 10 / cbal. = 94.5801 / Wtd. con eff = 3.3663 / Wtd. HRF eff = 0.76076 / Pop var. = 0.6236 / time = 0.74
best of generation 11 / cbal. = 95.0552 / Wtd. con eff = 3.2955 / Wtd. HRF eff = 0.86469 / Pop var. = 0.56761 / time = 0.72
best of generation 12 / cbal. = 94.5801 / Wtd. con eff = 3.3663 / Wtd. HRF eff = 0.76076 / Pop var. = 0.46963 / time = 0.73
best of generation 13 / cbal. = 95.2307 / Wtd. con eff = 3.372 / Wtd. HRF eff = 0.82197 / Pop var. = 0.4247 / time = 0.72
best of generation 14 / cbal. = 95.0326 / Wtd. con eff = 3.4063 / Wtd. HRF eff = 0.87783 / Pop var. = 0.33827 / time = 0.73
best of generation 15 / cbal. = 95.1971 / Wtd. con eff = 3.4343 / Wtd. HRF eff = 0.86944 / Pop var. = 0.35102 / time = 0.76
best of generation 16 / cbal. = 95.1971 / Wtd. con eff = 3.4343 / Wtd. HRF eff = 0.86944 / Pop var. = 0.44221 / time = 0.72
best of generation 17 / cbal. = 94.5319 / Wtd. con eff = 3.4951 / Wtd. HRF eff = 1.092 / Pop var. = 0.41676 / time = 0.73
best of generation 18 / cbal. = 95.065 / Wtd. con eff = 3.4746 / Wtd. HRF eff = 1.0051 / Pop var. = 0.40259 / time = 0.73
best of generation 19 / cbal. = 95.065 / Wtd. con eff = 3.4746 / Wtd. HRF eff = 1.0051 / Pop var. = 0.38755 / time = 0.73
best of generation 20 / cbal. = 95.065 / Wtd. con eff = 3.4746 / Wtd. HRF eff = 1.0051 / Pop var. = 0.51929 / time = 0.73
best of generation 21 / cbal. = 95.065 / Wtd. con eff = 3.4746 / Wtd. HRF eff = 1.0051 / Pop var. = 0.49265 / time = 0.75
best of generation 22 / cbal. = 94.5985 / Wtd. con eff = 3.5481 / Wtd. HRF eff = 0.95534 / Pop var. = 0.47343 / time = 0.73
best of generation 23 / cbal. = 94.7113 / Wtd. con eff = 3.5385 / Wtd. HRF eff = 1.127 / Pop var. = 0.43573 / time = 0.74
best of generation 24 / cbal. = 94.7113 / Wtd. con eff = 3.5385 / Wtd. HRF eff = 1.127 / Pop var. = 0.41686 / time = 0.74
best of generation 25 / cbal. = 94.7113 / Wtd. con eff = 3.5385 / Wtd. HRF eff = 1.127 / Pop var. = 0.38732 / time = 0.73
best of generation 26 / cbal. = 94.7113 / Wtd. con eff = 3.5385 / Wtd. HRF eff = 1.127 / Pop var. = 0.47362 / time = 0.75
best of generation 27 / cbal. = 94.7113 / Wtd. con eff = 3.5385 / Wtd. HRF eff = 1.127 / Pop var. = 0.41585 / time = 0.73
best of generation 28 / cbal. = 94.7113 / Wtd. con eff = 3.5385 / Wtd. HRF eff = 1.127 / Pop var. = 0.40108 / time = 0.73
best of generation 29 / cbal. = 94.7113 / Wtd. con eff = 3.5385 / Wtd. HRF eff = 1.127 / Pop var. = 0.37369 / time = 0.73
best of generation 30 / cbal. = 94.7113 / Wtd. con eff = 3.5385 / Wtd. HRF eff = 1.127 / Pop var. = 0.47 / time = 0.73
best of generation 31 / cbal. = 94.1143 / Wtd. con eff = 3.575 / Wtd. HRF eff = 1.4518 / Pop var. = 0.43478 / time = 0.74
best of generation 32 / cbal. = 94.1143 / Wtd. con eff = 3.575 / Wtd. HRF eff = 1.4518 / Pop var. = 0.4027 / time = 0.76
best of generation 33 / cbal. = 94.1143 / Wtd. con eff = 3.575 / Wtd. HRF eff = 1.4518 / Pop var. = 0.36892 / time = 0.73
best of generation 34 / cbal. = 94.1143 / Wtd. con eff = 3.575 / Wtd. HRF eff = 1.4518 / Pop var. = 0.46355 / time = 0.74
best of generation 35 / cbal. = 94.1143 / Wtd. con eff = 3.575 / Wtd. HRF eff = 1.4518 / Pop var. = 0.45679 / time = 0.73
best of generation 36 / cbal. = 94.4517 / Wtd. con eff = 3.5841 / Wtd. HRF eff = 1.3807 / Pop var. = 0.41566 / time = 0.72
best of generation 37 / cbal. = 94.4517 / Wtd. con eff = 3.5841 / Wtd. HRF eff = 1.3807 / Pop var. = 0.40752 / time = 0.74
best of generation 38 / cbal. = 94.4517 / Wtd. con eff = 3.5841 / Wtd. HRF eff = 1.3807 / Pop var. = 0.36314 / time = 0.73
best of generation 39 / cbal. = 94.4517 / Wtd. con eff = 3.5841 / Wtd. HRF eff = 1.3807 / Pop var. = 0.44234 / time = 0.73
best of generation 40 / cbal. = 94.4517 / Wtd. con eff = 3.5841 / Wtd. HRF eff = 1.3807 / Pop var. = 0.39537 / time = 0.72
best of generation 41 / cbal. = 94.4517 / Wtd. con eff = 3.5841 / Wtd. HRF eff = 1.3807 / Pop var. = 0.45912 / time = 0.74
best of generation 42 / cbal. = 94.4662 / Wtd. con eff = 3.6152 / Wtd. HRF eff = 1.1761 / Pop var. = 0.39705 / time = 0.74
best of generation 43 / cbal. = 94.4662 / Wtd. con eff = 3.6152 / Wtd. HRF eff = 1.1761 / Pop var. = 0.50246 / time = 0.76
best of generation 44 / cbal. = 94.4662 / Wtd. con eff = 3.6152 / Wtd. HRF eff = 1.1761 / Pop var. = 0.44492 / time = 0.72
best of generation 45 / cbal. = 94.4662 / Wtd. con eff = 3.6152 / Wtd. HRF eff = 1.1761 / Pop var. = 0.37542 / time = 0.73
best of generation 46 / cbal. = 94.9683 / Wtd. con eff = 3.5476 / Wtd. HRF eff = 1.2361 / Pop var. = 0.44399 / time = 0.73
best of generation 47 / cbal. = 94.4662 / Wtd. con eff = 3.6152 / Wtd. HRF eff = 1.1761 / Pop var. = 0.40049 / time = 0.74
best of generation 48 / cbal. = 94.4662 / Wtd. con eff = 3.6152 / Wtd. HRF eff = 1.1761 / Pop var. = 0.36673 / time = 0.73
best of generation 49 / cbal. = 94.4662 / Wtd. con eff = 3.6152 / Wtd. HRF eff = 1.1761 / Pop var. = 0.43996 / time = 0.73
best of generation 50 / cbal. = 94.8733 / Wtd. con eff = 3.5544 / Wtd. HRF eff = 1.2713 / Pop var. = 0.40225 / time = 0.73
best of generation 51 / cbal. = 94.4662 / Wtd. con eff = 3.6152 / Wtd. HRF eff = 1.1761 / Pop var. = 0.36027 / time = 0.73
best of generation 52 / cbal. = 94.4662 / Wtd. con eff = 3.6152 / Wtd. HRF eff = 1.1761 / Pop var. = 0.42232 / time = 0.73
best of generation 53 / cbal. = 94.4662 / Wtd. con eff = 3.6152 / Wtd. HRF eff = 1.1761 / Pop var. = 0.36717 / time = 0.73
best of generation 54 / cbal. = 94.4662 / Wtd. con eff = 3.6152 / Wtd. HRF eff = 1.1761 / Pop var. = 0.4816 / time = 0.75
best of generation 55 / cbal. = 94.4662 / Wtd. con eff = 3.6152 / Wtd. HRF eff = 1.1761 / Pop var. = 0.44788 / time = 0.73
best of generation 56 / cbal. = 95.0488 / Wtd. con eff = 3.554 / Wtd. HRF eff = 1.334 / Pop var. = 0.41528 / time = 0.73
best of generation 57 / cbal. = 95.0488 / Wtd. con eff = 3.554 / Wtd. HRF eff = 1.334 / Pop var. = 0.39461 / time = 0.73
best of generation 58 / cbal. = 95.0488 / Wtd. con eff = 3.554 / Wtd. HRF eff = 1.334 / Pop var. = 0.49831 / time = 0.73
best of generation 59 / cbal. = 95.0488 / Wtd. con eff = 3.554 / Wtd. HRF eff = 1.334 / Pop var. = 0.46069 / time = 0.74
best of generation 60 / cbal. = 95.0488 / Wtd. con eff = 3.554 / Wtd. HRF eff = 1.334 / Pop var. = 0.4505 / time = 0.73
best of generation 61 / cbal. = 94.889 / Wtd. con eff = 3.58 / Wtd. HRF eff = 1.2642 / Pop var. = 0.44168 / time = 0.73
best of generation 62 / cbal. = 95.0488 / Wtd. con eff = 3.554 / Wtd. HRF eff = 1.334 / Pop var. = 0.43345 / time = 0.74
best of generation 63 / cbal. = 94.7037 / Wtd. con eff = 3.5956 / Wtd. HRF eff = 1.5573 / Pop var. = 0.40508 / time = 0.73
best of generation 64 / cbal. = 94.7037 / Wtd. con eff = 3.5956 / Wtd. HRF eff = 1.5573 / Pop var. = 0.34935 / time = 0.73
best of generation 65 / cbal. = 94.7037 / Wtd. con eff = 3.5956 / Wtd. HRF eff = 1.5573 / Pop var. = 0.42557 / time = 0.77
best of generation 66 / cbal. = 94.6433 / Wtd. con eff = 3.6159 / Wtd. HRF eff = 1.6505 / Pop var. = 0.42469 / time = 0.73
best of generation 67 / cbal. = 94.6433 / Wtd. con eff = 3.6159 / Wtd. HRF eff = 1.6505 / Pop var. = 0.36644 / time = 0.74
best of generation 68 / cbal. = 94.6433 / Wtd. con eff = 3.6159 / Wtd. HRF eff = 1.6505 / Pop var. = 0.41986 / time = 0.74
best of generation 69 / cbal. = 94.2385 / Wtd. con eff = 3.6689 / Wtd. HRF eff = 1.4799 / Pop var. = 0.39304 / time = 0.74
best of generation 70 / cbal. = 94.7189 / Wtd. con eff = 3.6158 / Wtd. HRF eff = 1.989 / Pop var. = 0.46714 / time = 0.76
best of generation 71 / cbal. = 94.6134 / Wtd. con eff = 3.6025 / Wtd. HRF eff = 2.951 / Pop var. = 0.45615 / time = 0.73
best of generation 72 / cbal. = 94.6134 / Wtd. con eff = 3.6025 / Wtd. HRF eff = 2.951 / Pop var. = 0.45274 / time = 0.73
best of generation 73 / cbal. = 94.4662 / Wtd. con eff = 3.6597 / Wtd. HRF eff = 2.9785 / Pop var. = 0.43703 / time = 0.74
best of generation 74 / cbal. = 94.4662 / Wtd. con eff = 3.6597 / Wtd. HRF eff = 2.9785 / Pop var. = 0.44935 / time = 0.73
best of generation 75 / cbal. = 94.4662 / Wtd. con eff = 3.6597 / Wtd. HRF eff = 2.9785 / Pop var. = 0.44793 / time = 0.74
best of generation 76 / cbal. = 94.4662 / Wtd. con eff = 3.6597 / Wtd. HRF eff = 2.9785 / Pop var. = 0.41984 / time = 0.76
best of generation 77 / cbal. = 94.4662 / Wtd. con eff = 3.6597 / Wtd. HRF eff = 2.9785 / Pop var. = 0.41986 / time = 0.73
best of generation 78 / cbal. = 94.4662 / Wtd. con eff = 3.6597 / Wtd. HRF eff = 2.9785 / Pop var. = 0.39455 / time = 0.73
best of generation 79 / cbal. = 94.4662 / Wtd. con eff = 3.6597 / Wtd. HRF eff = 2.9785 / Pop var. = 0.46171 / time = 0.73
best of generation 80 / cbal. = 94.4517 / Wtd. con eff = 3.6607 / Wtd. HRF eff = 3.079 / Pop var. = 0.4368 / time = 0.73
best of generation 81 / cbal. = 94.2385 / Wtd. con eff = 3.7105 / Wtd. HRF eff = 2.9656 / Pop var. = 0.34812 / time = 0.73
best of generation 82 / cbal. = 94.2385 / Wtd. con eff = 3.7105 / Wtd. HRF eff = 2.9656 / Pop var. = 0.41864 / time = 0.76
best of generation 83 / cbal. = 94.2385 / Wtd. con eff = 3.7105 / Wtd. HRF eff = 2.9656 / Pop var. = 0.3387 / time = 0.73
best of generation 84 / cbal. = 94.2385 / Wtd. con eff = 3.7105 / Wtd. HRF eff = 2.9656 / Pop var. = 0.44446 / time = 0.74
best of generation 85 / cbal. = 94.2385 / Wtd. con eff = 3.7105 / Wtd. HRF eff = 2.9656 / Pop var. = 0.42155 / time = 0.74
best of generation 86 / cbal. = 94.2385 / Wtd. con eff = 3.7105 / Wtd. HRF eff = 2.9656 / Pop var. = 0.40828 / time = 0.73
best of generation 87 / cbal. = 94.2385 / Wtd. con eff = 3.7105 / Wtd. HRF eff = 2.9656 / Pop var. = 0.35012 / time = 0.76
best of generation 88 / cbal. = 94.2385 / Wtd. con eff = 3.7105 / Wtd. HRF eff = 2.9656 / Pop var. = 0.43754 / time = 0.74
best of generation 89 / cbal. = 94.2385 / Wtd. con eff = 3.7105 / Wtd. HRF eff = 2.9656 / Pop var. = 0.38337 / time = 0.73
best of generation 90 / cbal. = 94.2524 / Wtd. con eff = 3.723 / Wtd. HRF eff = 3.1378 / Pop var. = 0.42967 / time = 0.73
best of generation 91 / cbal. = 94.2524 / Wtd. con eff = 3.723 / Wtd. HRF eff = 3.1378 / Pop var. = 0.40908 / time = 0.73
best of generation 92 / cbal. = 94.2524 / Wtd. con eff = 3.723 / Wtd. HRF eff = 3.1378 / Pop var. = 0.34744 / time = 0.76
best of generation 93 / cbal. = 94.2875 / Wtd. con eff = 3.7195 / Wtd. HRF eff = 3.088 / Pop var. = 0.41505 / time = 0.75
best of generation 94 / cbal. = 94.2875 / Wtd. con eff = 3.7195 / Wtd. HRF eff = 3.088 / Pop var. = 0.39835 / time = 0.74
best of generation 95 / cbal. = 94.2875 / Wtd. con eff = 3.7195 / Wtd. HRF eff = 3.088 / Pop var. = 0.45839 / time = 0.73
best of generation 96 / cbal. = 94.4589 / Wtd. con eff = 3.6903 / Wtd. HRF eff = 3.47 / Pop var. = 0.4129 / time = 0.74
best of generation 97 / cbal. = 94.4589 / Wtd. con eff = 3.6903 / Wtd. HRF eff = 3.47 / Pop var. = 0.35503 / time = 0.74
best of generation 98 / cbal. = 94.4589 / Wtd. con eff = 3.6903 / Wtd. HRF eff = 3.47 / Pop var. = 0.42604 / time = 0.74
best of generation 99 / cbal. = 94.4589 / Wtd. con eff = 3.6903 / Wtd. HRF eff = 3.47 / Pop var. = 0.42016 / time = 0.74
best of generation 100 / cbal. = 94.4589 / Wtd. con eff = 3.6903 / Wtd. HRF eff = 3.47 / Pop var. = 0.39558 / time = 0.74
best of generation 101 / cbal. = 94.4589 / Wtd. con eff = 3.6903 / Wtd. HRF eff = 3.47 / Pop var. = 0.43342 / time = 0.72
best of generation 102 / cbal. = 94.4589 / Wtd. con eff = 3.6903 / Wtd. HRF eff = 3.47 / Pop var. = 0.34922 / time = 0.74
best of generation 103 / cbal. = 94.4589 / Wtd. con eff = 3.6903 / Wtd. HRF eff = 3.47 / Pop var. = 0.39431 / time = 0.73
best of generation 104 / cbal. = 94.4589 / Wtd. con eff = 3.6903 / Wtd. HRF eff = 3.47 / Pop var. = 0.46525 / time = 0.76
best of generation 105 / cbal. = 94.4589 / Wtd. con eff = 3.6903 / Wtd. HRF eff = 3.47 / Pop var. = 0.3687 / time = 0.72
best of generation 106 / cbal. = 94.4589 / Wtd. con eff = 3.6903 / Wtd. HRF eff = 3.47 / Pop var. = 0.41508 / time = 0.75
best of generation 107 / cbal. = 94.4589 / Wtd. con eff = 3.6903 / Wtd. HRF eff = 3.47 / Pop var. = 0.36702 / time = 0.74
best of generation 108 / cbal. = 94.4589 / Wtd. con eff = 3.6903 / Wtd. HRF eff = 3.47 / Pop var. = 0.48216 / time = 0.74
best of generation 109 / cbal. = 94.4589 / Wtd. con eff = 3.6903 / Wtd. HRF eff = 3.47 / Pop var. = 0.4358 / time = 0.74
best of generation 110 / cbal. = 94.4589 / Wtd. con eff = 3.6903 / Wtd. HRF eff = 3.47 / Pop var. = 0.3768 / time = 0.74
best of generation 111 / cbal. = 94.4589 / Wtd. con eff = 3.6903 / Wtd. HRF eff = 3.47 / Pop var. = 0.45311 / time = 0.73
best of generation 112 / cbal. = 94.4589 / Wtd. con eff = 3.6903 / Wtd. HRF eff = 3.47 / Pop var. = 0.41134 / time = 0.74
best of generation 113 / cbal. = 94.4589 / Wtd. con eff = 3.6903 / Wtd. HRF eff = 3.47 / Pop var. = 0.36709 / time = 0.73
best of generation 114 / cbal. = 94.4589 / Wtd. con eff = 3.6903 / Wtd. HRF eff = 3.47 / Pop var. = 0.45302 / time = 0.73
best of generation 115 / cbal. = 94.4589 / Wtd. con eff = 3.6903 / Wtd. HRF eff = 3.47 / Pop var. = 0.37978 / time = 0.75
best of generation 116 / cbal. = 94.4589 / Wtd. con eff = 3.6903 / Wtd. HRF eff = 3.47 / Pop var. = 0.46138 / time = 0.73
best of generation 117 / cbal. = 94.4589 / Wtd. con eff = 3.6903 / Wtd. HRF eff = 3.47 / Pop var. = 0.41419 / time = 0.73
best of generation 118 / cbal. = 94.4589 / Wtd. con eff = 3.6903 / Wtd. HRF eff = 3.47 / Pop var. = 0.38405 / time = 0.73
best of generation 119 / cbal. = 94.4589 / Wtd. con eff = 3.6903 / Wtd. HRF eff = 3.47 / Pop var. = 0.42509 / time = 0.73
best of generation 120 / cbal. = 94.4589 / Wtd. con eff = 3.6903 / Wtd. HRF eff = 3.47 / Pop var. = 0.33876 / time = 0.75
best of generation 121 / cbal. = 94.4589 / Wtd. con eff = 3.6903 / Wtd. HRF eff = 3.47 / Pop var. = 0.41253 / time = 0.71
best of generation 122 / cbal. = 94.4589 / Wtd. con eff = 3.6903 / Wtd. HRF eff = 3.47 / Pop var. = 0.38446 / time = 0.74
best of generation 123 / cbal. = 94.4589 / Wtd. con eff = 3.6903 / Wtd. HRF eff = 3.47 / Pop var. = 0.45617 / time = 0.73
best of generation 124 / cbal. = 94.4589 / Wtd. con eff = 3.6903 / Wtd. HRF eff = 3.47 / Pop var. = 0.43687 / time = 0.73
best of generation 125 / cbal. = 94.4589 / Wtd. con eff = 3.6903 / Wtd. HRF eff = 3.47 / Pop var. = 0.40222 / time = 0.74
best of generation 126 / cbal. = 94.4589 / Wtd. con eff = 3.6903 / Wtd. HRF eff = 3.47 / Pop var. = 0.39733 / time = 0.77
best of generation 127 / cbal. = 94.4589 / Wtd. con eff = 3.6903 / Wtd. HRF eff = 3.47 / Pop var. = 0.43883 / time = 0.73
best of generation 128 / cbal. = 94.4589 / Wtd. con eff = 3.6903 / Wtd. HRF eff = 3.47 / Pop var. = 0.40709 / time = 0.73
best of generation 129 / cbal. = 94.4589 / Wtd. con eff = 3.6903 / Wtd. HRF eff = 3.47 / Pop var. = 0.37597 / time = 0.72
best of generation 130 / cbal. = 94.4589 / Wtd. con eff = 3.6903 / Wtd. HRF eff = 3.47 / Pop var. = 0.45369 / time = 0.72
best of generation 131 / cbal. = 94.4589 / Wtd. con eff = 3.6903 / Wtd. HRF eff = 3.47 / Pop var. = 0.39614 / time = 0.74
best of generation 132 / cbal. = 94.4589 / Wtd. con eff = 3.6903 / Wtd. HRF eff = 3.47 / Pop var. = 0.4647 / time = 0.75
best of generation 133 / cbal. = 94.4589 / Wtd. con eff = 3.6903 / Wtd. HRF eff = 3.47 / Pop var. = 0.41858 / time = 0.73
best of generation 134 / cbal. = 94.4589 / Wtd. con eff = 3.6903 / Wtd. HRF eff = 3.47 / Pop var. = 0.38034 / time = 0.74
best of generation 135 / cbal. = 94.4589 / Wtd. con eff = 3.6903 / Wtd. HRF eff = 3.47 / Pop var. = 0.43327 / time = 0.73
best of generation 136 / cbal. = 94.4589 / Wtd. con eff = 3.6903 / Wtd. HRF eff = 3.47 / Pop var. = 0.38076 / time = 0.73
best of generation 137 / cbal. = 94.4589 / Wtd. con eff = 3.6903 / Wtd. HRF eff = 3.47 / Pop var. = 0.4631 / time = 0.75
best of generation 138 / cbal. = 94.4589 / Wtd. con eff = 3.6903 / Wtd. HRF eff = 3.47 / Pop var. = 0.40842 / time = 0.72
best of generation 139 / cbal. = 94.4589 / Wtd. con eff = 3.6903 / Wtd. HRF eff = 3.47 / Pop var. = 0.40002 / time = 0.72
best of generation 140 / cbal. = 94.4589 / Wtd. con eff = 3.6903 / Wtd. HRF eff = 3.47 / Pop var. = 0.38233 / time = 0.72
best of generation 141 / cbal. = 94.4589 / Wtd. con eff = 3.6903 / Wtd. HRF eff = 3.47 / Pop var. = 0.47272 / time = 0.72
best of generation 142 / cbal. = 94.4589 / Wtd. con eff = 3.6903 / Wtd. HRF eff = 3.47 / Pop var. = 0.41715 / time = 0.76
best of generation 143 / cbal. = 94.4589 / Wtd. con eff = 3.6903 / Wtd. HRF eff = 3.47 / Pop var. = 0.34342 / time = 0.74
best of generation 144 / cbal. = 94.4589 / Wtd. con eff = 3.6903 / Wtd. HRF eff = 3.47 / Pop var. = 0.42736 / time = 0.74
best of generation 145 / cbal. = 94.4589 / Wtd. con eff = 3.6903 / Wtd. HRF eff = 3.47 / Pop var. = 0.36316 / time = 0.74
best of generation 146 / cbal. = 94.4589 / Wtd. con eff = 3.6903 / Wtd. HRF eff = 3.47 / Pop var. = 0.41194 / time = 0.74
best of generation 147 / cbal. = 94.4589 / Wtd. con eff = 3.6903 / Wtd. HRF eff = 3.47 / Pop var. = 0.35254 / time = 0.73
best of generation 148 / cbal. = 94.4589 / Wtd. con eff = 3.6903 / Wtd. HRF eff = 3.47 / Pop var. = 0.43788 / time = 0.74
best of generation 149 / cbal. = 94.4589 / Wtd. con eff = 3.6903 / Wtd. HRF eff = 3.47 / Pop var. = 0.37953 / time = 0.73
best of generation 150 / cbal. = 94.4589 / Wtd. con eff = 3.6903 / Wtd. HRF eff = 3.47 / Pop var. = 0.40483 / time = 0.73
best of generation 151 / cbal. = 94.4589 / Wtd. con eff = 3.6903 / Wtd. HRF eff = 3.47 / Pop var. = 0.35136 / time = 0.73
best of generation 152 / cbal. = 94.4589 / Wtd. con eff = 3.6903 / Wtd. HRF eff = 3.47 / Pop var. = 0.43607 / time = 0.76
best of generation 153 / cbal. = 94.4589 / Wtd. con eff = 3.6903 / Wtd. HRF eff = 3.47 / Pop var. = 0.40459 / time = 0.76
best of generation 154 / cbal. = 94.4589 / Wtd. con eff = 3.6903 / Wtd. HRF eff = 3.47 / Pop var. = 0.38842 / time = 0.73
best of generation 155 / cbal. = 94.4589 / Wtd. con eff = 3.6903 / Wtd. HRF eff = 3.47 / Pop var. = 0.42484 / time = 0.73
best of generation 156 / cbal. = 94.4589 / Wtd. con eff = 3.6903 / Wtd. HRF eff = 3.47 / Pop var. = 0.39623 / time = 0.74
best of generation 157 / cbal. = 94.4589 / Wtd. con eff = 3.6903 / Wtd. HRF eff = 3.47 / Pop var. = 0.44283 / time = 0.74
best of generation 158 / cbal. = 94.4589 / Wtd. con eff = 3.6903 / Wtd. HRF eff = 3.47 / Pop var. = 0.41966 / time = 0.74
best of generation 159 / cbal. = 94.4589 / Wtd. con eff = 3.6903 / Wtd. HRF eff = 3.47 / Pop var. = 0.33812 / time = 0.74
best of generation 160 / cbal. = 94.4589 / Wtd. con eff = 3.6903 / Wtd. HRF eff = 3.47 / Pop var. = 0.42208 / time = 0.74
best of generation 161 / cbal. = 94.4589 / Wtd. con eff = 3.6903 / Wtd. HRF eff = 3.47 / Pop var. = 0.37108 / time = 0.73
saving workspace as GAresults.mat
M = 
     origlist: [49x1 double]
     restlist: [20x1 double]
     stimlist: [60x1 double]
           ga: [1x1 struct]
    bestLists: [60x161 uint8]
         date: '11-9-2014'
optimizeGA done: 120.78 s
