Starting Model 78
OptimizeGA
===============================
Saturation threshold = 
Setting up variables
You entered 2 conditions  (event types) that will each be modeled with a regessor. 
 Note that if you enter 0 as a condition number, those events will not be modeled
 (they are assumed to be rest/inter-stimulus interval periods)

Contrasts entered. You entered matrix of 3 contrasts, with weights across 4 conditions.
 Contrasts:
     1     1    -1    -1
     1     0    -1     0
     0     1     0    -1
 ...adding one column to contrast matrix with weights of 0, to model the intercept
You entered a contrast weight vector across 3 contrasts
 	...Using rests of length 1 and resting every 4
================== Parameters ======================
     Total stimuli in scan      : 60
     Fixed rest length in ITIs  : 1
     Fixed Rest stimuli in scan : 11
     Num blank intervals        : 9
     Num of task conds          : 2
     Num stimuli each cond      : 20  20
====================================================
	...generating lists of organisms
	...USING TRANS2BLOCK >
     freqConditions = 0.2         0.2         0.2         0.2
     conditions = 1  2  3  4
REST INTERVALS: not used (to use, freqCond should be one longer than conditions
  ...randomizing organism start state
	...restMatrix is 20 X 40
ans =
     4     4     4     4     4     4     4     4     4     4
     4     4     4     4     4     4     4     4     4     4
     4     4     4     4     4     4     4     4     4     4
     4     4     4     4     4     4     4     4     4     4
     4     4     4     4     4     4     4     4     4     4
======== Num stimuli, averaged across lists (before instruction/rest stimuli) ========
		Condition 0: 9 stimuli, 15% of total stimuli
		Condition 1: 20 stimuli, 33.3333% of total stimuli
		Condition 2: 20 stimuli, 33.3333% of total stimuli
		Condition 3: 0 stimuli, 0% of total stimuli
		Condition 4: 0 stimuli, 0% of total stimuli
======================================================================================
best of generation 1 / cbal. = 94.7115 / Wtd. con eff = 2.5657 / Wtd. HRF eff = 0.58655 / Pop var. = 0.86529 / time = 0.74
best of generation 2 / cbal. = 94.7115 / Wtd. con eff = 2.5657 / Wtd. HRF eff = 0.58655 / Pop var. = 0.85125 / time = 0.72
best of generation 3 / cbal. = 94.6248 / Wtd. con eff = 2.6568 / Wtd. HRF eff = 0.56345 / Pop var. = 0.83923 / time = 0.72
best of generation 4 / cbal. = 94.1915 / Wtd. con eff = 2.9332 / Wtd. HRF eff = 0.51181 / Pop var. = 0.82471 / time = 0.72
best of generation 5 / cbal. = 94.1915 / Wtd. con eff = 2.9332 / Wtd. HRF eff = 0.51181 / Pop var. = 0.79028 / time = 0.75
best of generation 6 / cbal. = 94.8561 / Wtd. con eff = 3.0008 / Wtd. HRF eff = 0.67418 / Pop var. = 0.73501 / time = 0.72
best of generation 7 / cbal. = 94.8561 / Wtd. con eff = 3.0008 / Wtd. HRF eff = 0.67418 / Pop var. = 0.6383 / time = 0.72
best of generation 8 / cbal. = 94.8561 / Wtd. con eff = 3.0008 / Wtd. HRF eff = 0.67418 / Pop var. = 0.53579 / time = 0.72
best of generation 9 / cbal. = 95.0116 / Wtd. con eff = 3.0053 / Wtd. HRF eff = 0.87725 / Pop var. = 0.50863 / time = 0.72
best of generation 10 / cbal. = 95.0116 / Wtd. con eff = 3.0053 / Wtd. HRF eff = 0.87725 / Pop var. = 0.39435 / time = 0.74
best of generation 11 / cbal. = 95.0116 / Wtd. con eff = 3.0053 / Wtd. HRF eff = 0.87725 / Pop var. = 0.46274 / time = 0.72
best of generation 12 / cbal. = 94.5623 / Wtd. con eff = 3.3203 / Wtd. HRF eff = 0.76848 / Pop var. = 0.4766 / time = 0.72
best of generation 13 / cbal. = 95.1409 / Wtd. con eff = 3.1691 / Wtd. HRF eff = 0.84404 / Pop var. = 0.44992 / time = 0.73
best of generation 14 / cbal. = 95.2295 / Wtd. con eff = 3.5008 / Wtd. HRF eff = 0.81477 / Pop var. = 0.47085 / time = 0.72
best of generation 15 / cbal. = 95.2295 / Wtd. con eff = 3.5008 / Wtd. HRF eff = 0.81477 / Pop var. = 0.44631 / time = 0.73
best of generation 16 / cbal. = 95.2295 / Wtd. con eff = 3.5008 / Wtd. HRF eff = 0.81477 / Pop var. = 0.44227 / time = 0.76
best of generation 17 / cbal. = 95.2295 / Wtd. con eff = 3.5008 / Wtd. HRF eff = 0.81477 / Pop var. = 0.44484 / time = 0.73
best of generation 18 / cbal. = 95.2295 / Wtd. con eff = 3.5008 / Wtd. HRF eff = 0.81477 / Pop var. = 0.43711 / time = 0.73
best of generation 19 / cbal. = 95.3858 / Wtd. con eff = 3.4832 / Wtd. HRF eff = 0.76114 / Pop var. = 0.4037 / time = 0.72
best of generation 20 / cbal. = 95.2139 / Wtd. con eff = 3.5159 / Wtd. HRF eff = 0.93606 / Pop var. = 0.30874 / time = 0.73
best of generation 21 / cbal. = 95.2139 / Wtd. con eff = 3.5159 / Wtd. HRF eff = 0.93606 / Pop var. = 0.42896 / time = 0.76
best of generation 22 / cbal. = 95.2139 / Wtd. con eff = 3.5159 / Wtd. HRF eff = 0.93606 / Pop var. = 0.39901 / time = 0.77
best of generation 23 / cbal. = 95.2139 / Wtd. con eff = 3.5159 / Wtd. HRF eff = 0.93606 / Pop var. = 0.50248 / time = 0.73
best of generation 24 / cbal. = 95.2139 / Wtd. con eff = 3.5159 / Wtd. HRF eff = 0.93606 / Pop var. = 0.49614 / time = 0.74
best of generation 25 / cbal. = 95.2139 / Wtd. con eff = 3.5159 / Wtd. HRF eff = 0.93606 / Pop var. = 0.48452 / time = 0.73
best of generation 26 / cbal. = 95.1306 / Wtd. con eff = 3.5312 / Wtd. HRF eff = 1.0847 / Pop var. = 0.48808 / time = 0.73
best of generation 27 / cbal. = 95.1306 / Wtd. con eff = 3.5312 / Wtd. HRF eff = 1.0847 / Pop var. = 0.44561 / time = 0.74
best of generation 28 / cbal. = 95.1306 / Wtd. con eff = 3.5312 / Wtd. HRF eff = 1.0847 / Pop var. = 0.38409 / time = 0.74
best of generation 29 / cbal. = 95.1472 / Wtd. con eff = 3.549 / Wtd. HRF eff = 0.99347 / Pop var. = 0.44557 / time = 0.73
best of generation 30 / cbal. = 95.1472 / Wtd. con eff = 3.549 / Wtd. HRF eff = 0.99347 / Pop var. = 0.39279 / time = 0.73
best of generation 31 / cbal. = 95.1472 / Wtd. con eff = 3.549 / Wtd. HRF eff = 0.99347 / Pop var. = 0.5043 / time = 0.73
best of generation 32 / cbal. = 95.1472 / Wtd. con eff = 3.549 / Wtd. HRF eff = 0.99347 / Pop var. = 0.47141 / time = 0.76
best of generation 33 / cbal. = 95.1472 / Wtd. con eff = 3.549 / Wtd. HRF eff = 0.99347 / Pop var. = 0.46827 / time = 0.75
best of generation 34 / cbal. = 95.1472 / Wtd. con eff = 3.549 / Wtd. HRF eff = 0.99347 / Pop var. = 0.44454 / time = 0.74
best of generation 35 / cbal. = 95.1472 / Wtd. con eff = 3.549 / Wtd. HRF eff = 0.99347 / Pop var. = 0.42018 / time = 0.73
best of generation 36 / cbal. = 95.1472 / Wtd. con eff = 3.549 / Wtd. HRF eff = 0.99347 / Pop var. = 0.39239 / time = 0.73
best of generation 37 / cbal. = 95.1472 / Wtd. con eff = 3.549 / Wtd. HRF eff = 0.99347 / Pop var. = 0.46988 / time = 0.74
best of generation 38 / cbal. = 95.1472 / Wtd. con eff = 3.549 / Wtd. HRF eff = 0.99347 / Pop var. = 0.38848 / time = 0.75
best of generation 39 / cbal. = 95.0488 / Wtd. con eff = 3.5619 / Wtd. HRF eff = 1.1123 / Pop var. = 0.4395 / time = 0.73
best of generation 40 / cbal. = 95.0488 / Wtd. con eff = 3.5619 / Wtd. HRF eff = 1.1123 / Pop var. = 0.41336 / time = 0.73
best of generation 41 / cbal. = 95.0488 / Wtd. con eff = 3.5619 / Wtd. HRF eff = 1.1123 / Pop var. = 0.33523 / time = 0.75
best of generation 42 / cbal. = 95.0488 / Wtd. con eff = 3.5619 / Wtd. HRF eff = 1.1123 / Pop var. = 0.47945 / time = 0.73
best of generation 43 / cbal. = 95.0488 / Wtd. con eff = 3.5619 / Wtd. HRF eff = 1.1123 / Pop var. = 0.43003 / time = 0.75
best of generation 44 / cbal. = 94.9683 / Wtd. con eff = 3.5788 / Wtd. HRF eff = 1.1235 / Pop var. = 0.3974 / time = 0.75
best of generation 45 / cbal. = 94.9683 / Wtd. con eff = 3.5788 / Wtd. HRF eff = 1.1235 / Pop var. = 0.4861 / time = 0.73
best of generation 46 / cbal. = 94.9683 / Wtd. con eff = 3.5788 / Wtd. HRF eff = 1.1235 / Pop var. = 0.47785 / time = 0.73
best of generation 47 / cbal. = 94.9683 / Wtd. con eff = 3.5788 / Wtd. HRF eff = 1.1235 / Pop var. = 0.40321 / time = 0.73
best of generation 48 / cbal. = 94.6433 / Wtd. con eff = 3.65 / Wtd. HRF eff = 0.87566 / Pop var. = 0.38253 / time = 0.73
best of generation 49 / cbal. = 95.0814 / Wtd. con eff = 3.5156 / Wtd. HRF eff = 1.2385 / Pop var. = 0.45794 / time = 0.75
best of generation 50 / cbal. = 94.7801 / Wtd. con eff = 3.6233 / Wtd. HRF eff = 0.96593 / Pop var. = 0.37274 / time = 0.73
best of generation 51 / cbal. = 94.7801 / Wtd. con eff = 3.6233 / Wtd. HRF eff = 0.96593 / Pop var. = 0.47433 / time = 0.74
best of generation 52 / cbal. = 94.7801 / Wtd. con eff = 3.6233 / Wtd. HRF eff = 0.96593 / Pop var. = 0.45711 / time = 0.74
best of generation 53 / cbal. = 94.7801 / Wtd. con eff = 3.6233 / Wtd. HRF eff = 0.96593 / Pop var. = 0.40384 / time = 0.74
best of generation 54 / cbal. = 94.7801 / Wtd. con eff = 3.6233 / Wtd. HRF eff = 0.96593 / Pop var. = 0.39058 / time = 0.77
best of generation 55 / cbal. = 94.2385 / Wtd. con eff = 3.6541 / Wtd. HRF eff = 1.2209 / Pop var. = 0.42328 / time = 0.76
best of generation 56 / cbal. = 94.2385 / Wtd. con eff = 3.6541 / Wtd. HRF eff = 1.2209 / Pop var. = 0.33885 / time = 0.77
best of generation 57 / cbal. = 94.2385 / Wtd. con eff = 3.6541 / Wtd. HRF eff = 1.2209 / Pop var. = 0.38486 / time = 0.74
best of generation 58 / cbal. = 94.2385 / Wtd. con eff = 3.6541 / Wtd. HRF eff = 1.2209 / Pop var. = 0.47449 / time = 0.73
best of generation 59 / cbal. = 95.0488 / Wtd. con eff = 3.575 / Wtd. HRF eff = 1.1686 / Pop var. = 0.48025 / time = 0.74
best of generation 60 / cbal. = 94.7037 / Wtd. con eff = 3.6589 / Wtd. HRF eff = 0.96535 / Pop var. = 0.40009 / time = 0.76
best of generation 61 / cbal. = 94.7037 / Wtd. con eff = 3.6589 / Wtd. HRF eff = 0.96535 / Pop var. = 0.35991 / time = 0.74
best of generation 62 / cbal. = 94.7037 / Wtd. con eff = 3.6589 / Wtd. HRF eff = 0.96535 / Pop var. = 0.48029 / time = 0.74
best of generation 63 / cbal. = 94.7037 / Wtd. con eff = 3.6589 / Wtd. HRF eff = 0.96535 / Pop var. = 0.46772 / time = 0.74
best of generation 64 / cbal. = 94.7037 / Wtd. con eff = 3.6589 / Wtd. HRF eff = 0.96535 / Pop var. = 0.43373 / time = 0.74
best of generation 65 / cbal. = 94.7037 / Wtd. con eff = 3.6589 / Wtd. HRF eff = 0.96535 / Pop var. = 0.40775 / time = 0.81
best of generation 66 / cbal. = 94.6209 / Wtd. con eff = 3.62 / Wtd. HRF eff = 1.2969 / Pop var. = 0.38253 / time = 0.74
best of generation 67 / cbal. = 94.6209 / Wtd. con eff = 3.62 / Wtd. HRF eff = 1.2969 / Pop var. = 0.43896 / time = 0.74
best of generation 68 / cbal. = 94.6209 / Wtd. con eff = 3.62 / Wtd. HRF eff = 1.2969 / Pop var. = 0.38774 / time = 0.74
best of generation 69 / cbal. = 94.6209 / Wtd. con eff = 3.62 / Wtd. HRF eff = 1.2969 / Pop var. = 0.45438 / time = 0.74
best of generation 70 / cbal. = 94.6734 / Wtd. con eff = 3.6252 / Wtd. HRF eff = 1.2799 / Pop var. = 0.43129 / time = 0.75
best of generation 71 / cbal. = 94.6734 / Wtd. con eff = 3.6252 / Wtd. HRF eff = 1.2799 / Pop var. = 0.40633 / time = 0.77
best of generation 72 / cbal. = 94.6734 / Wtd. con eff = 3.6252 / Wtd. HRF eff = 1.2799 / Pop var. = 0.39426 / time = 0.74
best of generation 73 / cbal. = 94.7265 / Wtd. con eff = 3.6108 / Wtd. HRF eff = 1.3362 / Pop var. = 0.46258 / time = 0.75
best of generation 74 / cbal. = 95.1142 / Wtd. con eff = 3.5648 / Wtd. HRF eff = 1.3273 / Pop var. = 0.40821 / time = 0.74
best of generation 75 / cbal. = 95.1142 / Wtd. con eff = 3.5648 / Wtd. HRF eff = 1.3273 / Pop var. = 0.3191 / time = 0.75
best of generation 76 / cbal. = 95.0814 / Wtd. con eff = 3.552 / Wtd. HRF eff = 1.5828 / Pop var. = 0.41517 / time = 0.77
best of generation 77 / cbal. = 95.0814 / Wtd. con eff = 3.552 / Wtd. HRF eff = 1.5828 / Pop var. = 0.42919 / time = 0.74
best of generation 78 / cbal. = 94.6059 / Wtd. con eff = 3.6257 / Wtd. HRF eff = 1.1542 / Pop var. = 0.38949 / time = 0.74
best of generation 79 / cbal. = 94.6059 / Wtd. con eff = 3.6257 / Wtd. HRF eff = 1.1542 / Pop var. = 0.49798 / time = 0.74
best of generation 80 / cbal. = 94.6059 / Wtd. con eff = 3.6257 / Wtd. HRF eff = 1.1542 / Pop var. = 0.46427 / time = 0.74
best of generation 81 / cbal. = 94.6059 / Wtd. con eff = 3.6257 / Wtd. HRF eff = 1.1542 / Pop var. = 0.44777 / time = 0.73
best of generation 82 / cbal. = 94.6734 / Wtd. con eff = 3.645 / Wtd. HRF eff = 1.2179 / Pop var. = 0.38091 / time = 0.79
best of generation 83 / cbal. = 94.6734 / Wtd. con eff = 3.645 / Wtd. HRF eff = 1.2179 / Pop var. = 0.42073 / time = 0.74
best of generation 84 / cbal. = 94.6734 / Wtd. con eff = 3.645 / Wtd. HRF eff = 1.2179 / Pop var. = 0.37688 / time = 0.73
best of generation 85 / cbal. = 94.6734 / Wtd. con eff = 3.645 / Wtd. HRF eff = 1.2179 / Pop var. = 0.43132 / time = 0.72
best of generation 86 / cbal. = 94.6734 / Wtd. con eff = 3.645 / Wtd. HRF eff = 1.2179 / Pop var. = 0.38772 / time = 0.74
best of generation 87 / cbal. = 94.6734 / Wtd. con eff = 3.645 / Wtd. HRF eff = 1.2179 / Pop var. = 0.42757 / time = 0.77
best of generation 88 / cbal. = 94.6734 / Wtd. con eff = 3.645 / Wtd. HRF eff = 1.2179 / Pop var. = 0.34824 / time = 0.74
best of generation 89 / cbal. = 94.6734 / Wtd. con eff = 3.645 / Wtd. HRF eff = 1.2179 / Pop var. = 0.40825 / time = 0.73
best of generation 90 / cbal. = 94.6734 / Wtd. con eff = 3.645 / Wtd. HRF eff = 1.2179 / Pop var. = 0.39599 / time = 0.75
best of generation 91 / cbal. = 94.6734 / Wtd. con eff = 3.645 / Wtd. HRF eff = 1.2179 / Pop var. = 0.51936 / time = 0.73
best of generation 92 / cbal. = 94.6734 / Wtd. con eff = 3.645 / Wtd. HRF eff = 1.2179 / Pop var. = 0.49661 / time = 0.76
best of generation 93 / cbal. = 94.6734 / Wtd. con eff = 3.645 / Wtd. HRF eff = 1.2179 / Pop var. = 0.41119 / time = 0.76
best of generation 94 / cbal. = 94.9683 / Wtd. con eff = 3.6183 / Wtd. HRF eff = 1.1874 / Pop var. = 0.37198 / time = 0.73
best of generation 95 / cbal. = 94.9683 / Wtd. con eff = 3.6183 / Wtd. HRF eff = 1.1874 / Pop var. = 0.47676 / time = 0.74
best of generation 96 / cbal. = 94.9683 / Wtd. con eff = 3.6183 / Wtd. HRF eff = 1.1874 / Pop var. = 0.43391 / time = 0.74
best of generation 97 / cbal. = 94.9683 / Wtd. con eff = 3.6183 / Wtd. HRF eff = 1.1874 / Pop var. = 0.36953 / time = 0.73
best of generation 98 / cbal. = 94.9683 / Wtd. con eff = 3.6183 / Wtd. HRF eff = 1.1874 / Pop var. = 0.45899 / time = 0.75
best of generation 99 / cbal. = 94.9683 / Wtd. con eff = 3.6183 / Wtd. HRF eff = 1.1874 / Pop var. = 0.42829 / time = 0.74
best of generation 100 / cbal. = 94.9683 / Wtd. con eff = 3.6183 / Wtd. HRF eff = 1.1874 / Pop var. = 0.40959 / time = 0.74
best of generation 101 / cbal. = 94.5246 / Wtd. con eff = 3.6846 / Wtd. HRF eff = 1.1265 / Pop var. = 0.37335 / time = 0.73
best of generation 102 / cbal. = 94.5246 / Wtd. con eff = 3.6846 / Wtd. HRF eff = 1.1265 / Pop var. = 0.429 / time = 0.74
best of generation 103 / cbal. = 94.5246 / Wtd. con eff = 3.6846 / Wtd. HRF eff = 1.1265 / Pop var. = 0.3953 / time = 0.76
best of generation 104 / cbal. = 94.5246 / Wtd. con eff = 3.6846 / Wtd. HRF eff = 1.1265 / Pop var. = 0.48097 / time = 0.75
best of generation 105 / cbal. = 94.5246 / Wtd. con eff = 3.6846 / Wtd. HRF eff = 1.1265 / Pop var. = 0.43925 / time = 0.73
best of generation 106 / cbal. = 94.5246 / Wtd. con eff = 3.6846 / Wtd. HRF eff = 1.1265 / Pop var. = 0.40939 / time = 0.73
best of generation 107 / cbal. = 94.5246 / Wtd. con eff = 3.6846 / Wtd. HRF eff = 1.1265 / Pop var. = 0.39957 / time = 0.73
best of generation 108 / cbal. = 94.5246 / Wtd. con eff = 3.6846 / Wtd. HRF eff = 1.1265 / Pop var. = 0.48061 / time = 0.74
best of generation 109 / cbal. = 94.5246 / Wtd. con eff = 3.6846 / Wtd. HRF eff = 1.1265 / Pop var. = 0.45322 / time = 0.75
best of generation 110 / cbal. = 94.5246 / Wtd. con eff = 3.6846 / Wtd. HRF eff = 1.1265 / Pop var. = 0.41432 / time = 0.74
best of generation 111 / cbal. = 94.4084 / Wtd. con eff = 3.6923 / Wtd. HRF eff = 1.3547 / Pop var. = 0.34972 / time = 0.73
best of generation 112 / cbal. = 94.4084 / Wtd. con eff = 3.6923 / Wtd. HRF eff = 1.3547 / Pop var. = 0.43352 / time = 0.74
best of generation 113 / cbal. = 94.4084 / Wtd. con eff = 3.6923 / Wtd. HRF eff = 1.3547 / Pop var. = 0.355 / time = 0.74
best of generation 114 / cbal. = 94.4084 / Wtd. con eff = 3.6923 / Wtd. HRF eff = 1.3547 / Pop var. = 0.44064 / time = 0.76
best of generation 115 / cbal. = 94.4084 / Wtd. con eff = 3.6923 / Wtd. HRF eff = 1.3547 / Pop var. = 0.37273 / time = 0.77
best of generation 116 / cbal. = 94.4084 / Wtd. con eff = 3.6923 / Wtd. HRF eff = 1.3547 / Pop var. = 0.45057 / time = 0.74
best of generation 117 / cbal. = 94.4084 / Wtd. con eff = 3.6923 / Wtd. HRF eff = 1.3547 / Pop var. = 0.43202 / time = 0.74
best of generation 118 / cbal. = 94.4084 / Wtd. con eff = 3.6923 / Wtd. HRF eff = 1.3547 / Pop var. = 0.34624 / time = 0.74
best of generation 119 / cbal. = 94.4084 / Wtd. con eff = 3.6923 / Wtd. HRF eff = 1.3547 / Pop var. = 0.41271 / time = 0.74
best of generation 120 / cbal. = 94.4084 / Wtd. con eff = 3.6923 / Wtd. HRF eff = 1.3547 / Pop var. = 0.3979 / time = 0.79
best of generation 121 / cbal. = 94.4084 / Wtd. con eff = 3.6923 / Wtd. HRF eff = 1.3547 / Pop var. = 0.47044 / time = 0.73
best of generation 122 / cbal. = 94.4084 / Wtd. con eff = 3.6923 / Wtd. HRF eff = 1.3547 / Pop var. = 0.4392 / time = 0.74
best of generation 123 / cbal. = 94.4084 / Wtd. con eff = 3.6923 / Wtd. HRF eff = 1.3547 / Pop var. = 0.41242 / time = 0.75
best of generation 124 / cbal. = 94.4084 / Wtd. con eff = 3.6923 / Wtd. HRF eff = 1.3547 / Pop var. = 0.36729 / time = 0.74
best of generation 125 / cbal. = 94.4084 / Wtd. con eff = 3.6923 / Wtd. HRF eff = 1.3547 / Pop var. = 0.45122 / time = 0.76
best of generation 126 / cbal. = 94.4084 / Wtd. con eff = 3.6923 / Wtd. HRF eff = 1.3547 / Pop var. = 0.40003 / time = 0.77
best of generation 127 / cbal. = 94.5099 / Wtd. con eff = 3.6983 / Wtd. HRF eff = 1.3334 / Pop var. = 0.33592 / time = 0.74
best of generation 128 / cbal. = 94.5099 / Wtd. con eff = 3.6983 / Wtd. HRF eff = 1.3334 / Pop var. = 0.37799 / time = 0.74
best of generation 129 / cbal. = 94.5099 / Wtd. con eff = 3.6983 / Wtd. HRF eff = 1.3334 / Pop var. = 0.43251 / time = 0.74
best of generation 130 / cbal. = 94.5099 / Wtd. con eff = 3.6983 / Wtd. HRF eff = 1.3334 / Pop var. = 0.36788 / time = 0.74
best of generation 131 / cbal. = 94.5099 / Wtd. con eff = 3.6983 / Wtd. HRF eff = 1.3334 / Pop var. = 0.43963 / time = 0.78
best of generation 132 / cbal. = 94.5099 / Wtd. con eff = 3.6983 / Wtd. HRF eff = 1.3334 / Pop var. = 0.39169 / time = 0.74
best of generation 133 / cbal. = 94.5099 / Wtd. con eff = 3.6983 / Wtd. HRF eff = 1.3334 / Pop var. = 0.46922 / time = 0.73
best of generation 134 / cbal. = 94.5099 / Wtd. con eff = 3.6983 / Wtd. HRF eff = 1.3334 / Pop var. = 0.40405 / time = 0.74
best of generation 135 / cbal. = 94.5099 / Wtd. con eff = 3.6983 / Wtd. HRF eff = 1.3334 / Pop var. = 0.33635 / time = 0.74
best of generation 136 / cbal. = 94.5099 / Wtd. con eff = 3.6983 / Wtd. HRF eff = 1.3334 / Pop var. = 0.41275 / time = 0.74
best of generation 137 / cbal. = 94.5099 / Wtd. con eff = 3.6983 / Wtd. HRF eff = 1.3334 / Pop var. = 0.38981 / time = 0.74
best of generation 138 / cbal. = 94.5099 / Wtd. con eff = 3.6983 / Wtd. HRF eff = 1.3334 / Pop var. = 0.43964 / time = 0.73
best of generation 139 / cbal. = 94.5099 / Wtd. con eff = 3.6983 / Wtd. HRF eff = 1.3334 / Pop var. = 0.37271 / time = 0.73
best of generation 140 / cbal. = 94.5099 / Wtd. con eff = 3.6983 / Wtd. HRF eff = 1.3334 / Pop var. = 0.43332 / time = 0.73
best of generation 141 / cbal. = 94.5099 / Wtd. con eff = 3.6983 / Wtd. HRF eff = 1.3334 / Pop var. = 0.37792 / time = 0.73
best of generation 142 / cbal. = 94.5099 / Wtd. con eff = 3.6983 / Wtd. HRF eff = 1.3334 / Pop var. = 0.43491 / time = 0.77
best of generation 143 / cbal. = 94.5099 / Wtd. con eff = 3.6983 / Wtd. HRF eff = 1.3334 / Pop var. = 0.42261 / time = 0.74
best of generation 144 / cbal. = 94.5099 / Wtd. con eff = 3.6983 / Wtd. HRF eff = 1.3334 / Pop var. = 0.37192 / time = 0.74
best of generation 145 / cbal. = 94.5099 / Wtd. con eff = 3.6983 / Wtd. HRF eff = 1.3334 / Pop var. = 0.45008 / time = 0.73
best of generation 146 / cbal. = 94.6433 / Wtd. con eff = 3.6629 / Wtd. HRF eff = 1.5085 / Pop var. = 0.40084 / time = 0.74
best of generation 147 / cbal. = 94.5099 / Wtd. con eff = 3.6983 / Wtd. HRF eff = 1.3334 / Pop var. = 0.3854 / time = 0.77
best of generation 148 / cbal. = 94.5099 / Wtd. con eff = 3.6983 / Wtd. HRF eff = 1.3334 / Pop var. = 0.45267 / time = 0.73
best of generation 149 / cbal. = 94.5099 / Wtd. con eff = 3.6983 / Wtd. HRF eff = 1.3334 / Pop var. = 0.41664 / time = 0.74
best of generation 150 / cbal. = 94.5099 / Wtd. con eff = 3.6983 / Wtd. HRF eff = 1.3334 / Pop var. = 0.39322 / time = 0.74
best of generation 151 / cbal. = 94.5099 / Wtd. con eff = 3.6983 / Wtd. HRF eff = 1.3334 / Pop var. = 0.41033 / time = 0.73
best of generation 152 / cbal. = 94.5099 / Wtd. con eff = 3.6983 / Wtd. HRF eff = 1.3334 / Pop var. = 0.33127 / time = 0.74
best of generation 153 / cbal. = 94.5985 / Wtd. con eff = 3.6556 / Wtd. HRF eff = 1.5382 / Pop var. = 0.39528 / time = 0.78
best of generation 154 / cbal. = 94.5985 / Wtd. con eff = 3.6556 / Wtd. HRF eff = 1.5382 / Pop var. = 0.49159 / time = 0.74
best of generation 155 / cbal. = 94.5985 / Wtd. con eff = 3.6556 / Wtd. HRF eff = 1.5382 / Pop var. = 0.41429 / time = 0.74
best of generation 156 / cbal. = 94.5985 / Wtd. con eff = 3.6556 / Wtd. HRF eff = 1.5382 / Pop var. = 0.40481 / time = 0.75
best of generation 157 / cbal. = 94.5985 / Wtd. con eff = 3.6556 / Wtd. HRF eff = 1.5382 / Pop var. = 0.37042 / time = 0.74
best of generation 158 / cbal. = 94.5985 / Wtd. con eff = 3.6556 / Wtd. HRF eff = 1.5382 / Pop var. = 0.45829 / time = 0.75
best of generation 159 / cbal. = 94.5985 / Wtd. con eff = 3.6556 / Wtd. HRF eff = 1.5382 / Pop var. = 0.43071 / time = 0.74
saving workspace as GAresults.mat
M = 
     origlist: [49x1 double]
     restlist: [20x1 double]
     stimlist: [60x1 double]
           ga: [1x1 struct]
    bestLists: [60x159 uint8]
         date: '11-9-2014'
optimizeGA done: 120.33 s
