Starting Model 69
OptimizeGA
===============================
Saturation threshold = 
Setting up variables
You entered 2 conditions  (event types) that will each be modeled with a regessor. 
 Note that if you enter 0 as a condition number, those events will not be modeled
 (they are assumed to be rest/inter-stimulus interval periods)

Contrasts entered. You entered matrix of 3 contrasts, with weights across 4 conditions.
 Contrasts:
     1     1    -1    -1
     1     0    -1     0
     0     1     0    -1
 ...adding one column to contrast matrix with weights of 0, to model the intercept
You entered a contrast weight vector across 3 contrasts
 	...Using rests of length 1 and resting every 4
================== Parameters ======================
     Total stimuli in scan      : 60
     Fixed rest length in ITIs  : 1
     Fixed Rest stimuli in scan : 11
     Num blank intervals        : 9
     Num of task conds          : 2
     Num stimuli each cond      : 20  20
====================================================
	...generating lists of organisms
	...USING TRANS2BLOCK >
     freqConditions = 0.2         0.2         0.2         0.2
     conditions = 1  2  3  4
REST INTERVALS: not used (to use, freqCond should be one longer than conditions
  ...randomizing organism start state
	...restMatrix is 20 X 40
ans =
     4     4     4     4     4     4     4     4     4     4
     4     4     4     4     4     4     4     4     4     4
     4     4     4     4     4     4     4     4     4     4
     4     4     4     4     4     4     4     4     4     4
     4     4     4     4     4     4     4     4     4     4
======== Num stimuli, averaged across lists (before instruction/rest stimuli) ========
		Condition 0: 9 stimuli, 15% of total stimuli
		Condition 1: 20 stimuli, 33.3333% of total stimuli
		Condition 2: 20 stimuli, 33.3333% of total stimuli
		Condition 3: 0 stimuli, 0% of total stimuli
		Condition 4: 0 stimuli, 0% of total stimuli
======================================================================================
best of generation 1 / cbal. = 94.9683 / Wtd. con eff = 2.6031 / Wtd. HRF eff = 0.69195 / Pop var. = 0.8587 / time = 0.76
best of generation 2 / cbal. = 93.8081 / Wtd. con eff = 2.849 / Wtd. HRF eff = 0.68522 / Pop var. = 0.84185 / time = 0.73
best of generation 3 / cbal. = 95.1389 / Wtd. con eff = 2.9295 / Wtd. HRF eff = 0.6054 / Pop var. = 0.83586 / time = 0.72
best of generation 4 / cbal. = 95.1389 / Wtd. con eff = 2.9295 / Wtd. HRF eff = 0.6054 / Pop var. = 0.83212 / time = 0.72
best of generation 5 / cbal. = 95.0012 / Wtd. con eff = 2.8554 / Wtd. HRF eff = 0.56375 / Pop var. = 0.80812 / time = 0.71
best of generation 6 / cbal. = 94.7295 / Wtd. con eff = 3.1944 / Wtd. HRF eff = 0.95121 / Pop var. = 0.80048 / time = 0.77
best of generation 7 / cbal. = 94.7295 / Wtd. con eff = 3.1944 / Wtd. HRF eff = 0.95121 / Pop var. = 0.75108 / time = 0.72
best of generation 8 / cbal. = 94.7295 / Wtd. con eff = 3.1944 / Wtd. HRF eff = 0.95121 / Pop var. = 0.71535 / time = 0.72
best of generation 9 / cbal. = 94.7295 / Wtd. con eff = 3.1944 / Wtd. HRF eff = 0.95121 / Pop var. = 0.67236 / time = 0.73
best of generation 10 / cbal. = 94.7295 / Wtd. con eff = 3.1944 / Wtd. HRF eff = 0.95121 / Pop var. = 0.62256 / time = 0.72
best of generation 11 / cbal. = 94.7787 / Wtd. con eff = 3.237 / Wtd. HRF eff = 0.87243 / Pop var. = 0.62381 / time = 0.73
best of generation 12 / cbal. = 94.7787 / Wtd. con eff = 3.237 / Wtd. HRF eff = 0.87243 / Pop var. = 0.64611 / time = 0.74
best of generation 13 / cbal. = 94.6765 / Wtd. con eff = 3.366 / Wtd. HRF eff = 0.79142 / Pop var. = 0.66685 / time = 0.71
best of generation 14 / cbal. = 94.2731 / Wtd. con eff = 3.39 / Wtd. HRF eff = 0.75969 / Pop var. = 0.64574 / time = 0.72
best of generation 15 / cbal. = 94.9756 / Wtd. con eff = 3.401 / Wtd. HRF eff = 0.82144 / Pop var. = 0.60178 / time = 0.73
best of generation 16 / cbal. = 94.9756 / Wtd. con eff = 3.401 / Wtd. HRF eff = 0.82144 / Pop var. = 0.54941 / time = 0.71
best of generation 17 / cbal. = 94.8751 / Wtd. con eff = 3.4419 / Wtd. HRF eff = 0.84877 / Pop var. = 0.50979 / time = 0.73
best of generation 18 / cbal. = 94.8751 / Wtd. con eff = 3.4419 / Wtd. HRF eff = 0.84877 / Pop var. = 0.4961 / time = 0.71
best of generation 19 / cbal. = 94.8751 / Wtd. con eff = 3.4419 / Wtd. HRF eff = 0.84877 / Pop var. = 0.45776 / time = 0.72
best of generation 20 / cbal. = 95.0488 / Wtd. con eff = 3.4422 / Wtd. HRF eff = 0.89499 / Pop var. = 0.43341 / time = 0.72
best of generation 21 / cbal. = 95.0488 / Wtd. con eff = 3.4422 / Wtd. HRF eff = 0.89499 / Pop var. = 0.45015 / time = 0.72
best of generation 22 / cbal. = 95.0488 / Wtd. con eff = 3.4422 / Wtd. HRF eff = 0.89499 / Pop var. = 0.37062 / time = 0.76
best of generation 23 / cbal. = 95.3675 / Wtd. con eff = 3.4116 / Wtd. HRF eff = 1.0644 / Pop var. = 0.46596 / time = 0.75
best of generation 24 / cbal. = 94.8421 / Wtd. con eff = 3.5563 / Wtd. HRF eff = 0.84317 / Pop var. = 0.43956 / time = 0.74
best of generation 25 / cbal. = 94.811 / Wtd. con eff = 3.5455 / Wtd. HRF eff = 1.1291 / Pop var. = 0.42822 / time = 0.72
best of generation 26 / cbal. = 94.811 / Wtd. con eff = 3.5455 / Wtd. HRF eff = 1.1291 / Pop var. = 0.41539 / time = 0.73
best of generation 27 / cbal. = 94.811 / Wtd. con eff = 3.5455 / Wtd. HRF eff = 1.1291 / Pop var. = 0.39187 / time = 0.74
best of generation 28 / cbal. = 94.811 / Wtd. con eff = 3.5455 / Wtd. HRF eff = 1.1291 / Pop var. = 0.45537 / time = 0.75
best of generation 29 / cbal. = 94.5393 / Wtd. con eff = 3.6371 / Wtd. HRF eff = 0.87547 / Pop var. = 0.40386 / time = 0.73
best of generation 30 / cbal. = 94.811 / Wtd. con eff = 3.5455 / Wtd. HRF eff = 1.1291 / Pop var. = 0.41028 / time = 0.73
best of generation 31 / cbal. = 94.811 / Wtd. con eff = 3.5455 / Wtd. HRF eff = 1.1291 / Pop var. = 0.37547 / time = 0.73
best of generation 32 / cbal. = 94.9523 / Wtd. con eff = 3.588 / Wtd. HRF eff = 0.94234 / Pop var. = 0.39843 / time = 0.73
best of generation 33 / cbal. = 94.9523 / Wtd. con eff = 3.588 / Wtd. HRF eff = 0.94234 / Pop var. = 0.46097 / time = 0.76
best of generation 34 / cbal. = 94.9523 / Wtd. con eff = 3.588 / Wtd. HRF eff = 0.94234 / Pop var. = 0.47404 / time = 0.75
best of generation 35 / cbal. = 94.9523 / Wtd. con eff = 3.588 / Wtd. HRF eff = 0.94234 / Pop var. = 0.46179 / time = 0.74
best of generation 36 / cbal. = 94.9523 / Wtd. con eff = 3.588 / Wtd. HRF eff = 0.94234 / Pop var. = 0.46211 / time = 0.73
best of generation 37 / cbal. = 94.9523 / Wtd. con eff = 3.588 / Wtd. HRF eff = 0.94234 / Pop var. = 0.42093 / time = 0.73
best of generation 38 / cbal. = 94.6508 / Wtd. con eff = 3.6381 / Wtd. HRF eff = 1.0268 / Pop var. = 0.3577 / time = 0.73
best of generation 39 / cbal. = 94.6508 / Wtd. con eff = 3.6381 / Wtd. HRF eff = 1.0268 / Pop var. = 0.43207 / time = 0.76
best of generation 40 / cbal. = 94.8033 / Wtd. con eff = 3.6332 / Wtd. HRF eff = 1.2727 / Pop var. = 0.3859 / time = 0.73
best of generation 41 / cbal. = 94.8033 / Wtd. con eff = 3.6332 / Wtd. HRF eff = 1.2727 / Pop var. = 0.4702 / time = 0.72
best of generation 42 / cbal. = 94.8033 / Wtd. con eff = 3.6332 / Wtd. HRF eff = 1.2727 / Pop var. = 0.39981 / time = 0.73
best of generation 43 / cbal. = 94.8033 / Wtd. con eff = 3.6332 / Wtd. HRF eff = 1.2727 / Pop var. = 0.4543 / time = 0.75
best of generation 44 / cbal. = 94.8033 / Wtd. con eff = 3.6332 / Wtd. HRF eff = 1.2727 / Pop var. = 0.42537 / time = 0.74
best of generation 45 / cbal. = 94.8033 / Wtd. con eff = 3.6332 / Wtd. HRF eff = 1.2727 / Pop var. = 0.34768 / time = 0.75
best of generation 46 / cbal. = 94.8033 / Wtd. con eff = 3.6332 / Wtd. HRF eff = 1.2727 / Pop var. = 0.42224 / time = 0.73
best of generation 47 / cbal. = 94.8033 / Wtd. con eff = 3.6332 / Wtd. HRF eff = 1.2727 / Pop var. = 0.35893 / time = 0.73
best of generation 48 / cbal. = 94.8033 / Wtd. con eff = 3.6332 / Wtd. HRF eff = 1.2727 / Pop var. = 0.46753 / time = 0.73
best of generation 49 / cbal. = 95.0488 / Wtd. con eff = 3.6106 / Wtd. HRF eff = 1.278 / Pop var. = 0.43168 / time = 0.73
best of generation 50 / cbal. = 95.2139 / Wtd. con eff = 3.5885 / Wtd. HRF eff = 1.3752 / Pop var. = 0.40712 / time = 0.75
best of generation 51 / cbal. = 95.2139 / Wtd. con eff = 3.5885 / Wtd. HRF eff = 1.3752 / Pop var. = 0.35175 / time = 0.73
best of generation 52 / cbal. = 95.2139 / Wtd. con eff = 3.5885 / Wtd. HRF eff = 1.3752 / Pop var. = 0.43411 / time = 0.73
best of generation 53 / cbal. = 94.8812 / Wtd. con eff = 3.6324 / Wtd. HRF eff = 1.3211 / Pop var. = 0.37653 / time = 0.74
best of generation 54 / cbal. = 94.9364 / Wtd. con eff = 3.6316 / Wtd. HRF eff = 1.7683 / Pop var. = 0.48034 / time = 0.74
best of generation 55 / cbal. = 94.9364 / Wtd. con eff = 3.6316 / Wtd. HRF eff = 1.7683 / Pop var. = 0.42934 / time = 0.75
best of generation 56 / cbal. = 94.9364 / Wtd. con eff = 3.6316 / Wtd. HRF eff = 1.7683 / Pop var. = 0.41672 / time = 0.76
best of generation 57 / cbal. = 94.9364 / Wtd. con eff = 3.6316 / Wtd. HRF eff = 1.7683 / Pop var. = 0.41433 / time = 0.74
best of generation 58 / cbal. = 94.9364 / Wtd. con eff = 3.6316 / Wtd. HRF eff = 1.7683 / Pop var. = 0.38561 / time = 0.74
best of generation 59 / cbal. = 94.9364 / Wtd. con eff = 3.6316 / Wtd. HRF eff = 1.7683 / Pop var. = 0.43894 / time = 0.73
best of generation 60 / cbal. = 94.9364 / Wtd. con eff = 3.6316 / Wtd. HRF eff = 1.7683 / Pop var. = 0.40956 / time = 0.73
best of generation 61 / cbal. = 94.9364 / Wtd. con eff = 3.6316 / Wtd. HRF eff = 1.7683 / Pop var. = 0.36188 / time = 0.78
best of generation 62 / cbal. = 94.9364 / Wtd. con eff = 3.6316 / Wtd. HRF eff = 1.7683 / Pop var. = 0.42702 / time = 0.74
best of generation 63 / cbal. = 94.9364 / Wtd. con eff = 3.6316 / Wtd. HRF eff = 1.7683 / Pop var. = 0.39023 / time = 0.74
best of generation 64 / cbal. = 94.9364 / Wtd. con eff = 3.6316 / Wtd. HRF eff = 1.7683 / Pop var. = 0.43746 / time = 0.73
best of generation 65 / cbal. = 94.9364 / Wtd. con eff = 3.6316 / Wtd. HRF eff = 1.7683 / Pop var. = 0.38094 / time = 0.74
best of generation 66 / cbal. = 94.9364 / Wtd. con eff = 3.6316 / Wtd. HRF eff = 1.7683 / Pop var. = 0.44364 / time = 0.74
best of generation 67 / cbal. = 94.9364 / Wtd. con eff = 3.6316 / Wtd. HRF eff = 1.7683 / Pop var. = 0.3872 / time = 0.74
best of generation 68 / cbal. = 94.9364 / Wtd. con eff = 3.6316 / Wtd. HRF eff = 1.7683 / Pop var. = 0.42927 / time = 0.74
best of generation 69 / cbal. = 94.9364 / Wtd. con eff = 3.6316 / Wtd. HRF eff = 1.7683 / Pop var. = 0.3988 / time = 0.74
best of generation 70 / cbal. = 94.9364 / Wtd. con eff = 3.6316 / Wtd. HRF eff = 1.7683 / Pop var. = 0.44119 / time = 0.74
best of generation 71 / cbal. = 94.9364 / Wtd. con eff = 3.6316 / Wtd. HRF eff = 1.7683 / Pop var. = 0.39306 / time = 0.72
best of generation 72 / cbal. = 94.9364 / Wtd. con eff = 3.6316 / Wtd. HRF eff = 1.7683 / Pop var. = 0.47851 / time = 0.77
best of generation 73 / cbal. = 94.9364 / Wtd. con eff = 3.6316 / Wtd. HRF eff = 1.7683 / Pop var. = 0.4644 / time = 0.74
best of generation 74 / cbal. = 94.9364 / Wtd. con eff = 3.6316 / Wtd. HRF eff = 1.7683 / Pop var. = 0.45654 / time = 0.74
best of generation 75 / cbal. = 94.4807 / Wtd. con eff = 3.6714 / Wtd. HRF eff = 3.7849 / Pop var. = 0.39263 / time = 0.73
best of generation 76 / cbal. = 94.4807 / Wtd. con eff = 3.6714 / Wtd. HRF eff = 3.7849 / Pop var. = 0.49925 / time = 0.73
best of generation 77 / cbal. = 94.4953 / Wtd. con eff = 3.6705 / Wtd. HRF eff = 4.0177 / Pop var. = 0.4096 / time = 0.73
best of generation 78 / cbal. = 94.4953 / Wtd. con eff = 3.6705 / Wtd. HRF eff = 4.0177 / Pop var. = 0.36353 / time = 0.74
best of generation 79 / cbal. = 94.4953 / Wtd. con eff = 3.6705 / Wtd. HRF eff = 4.0177 / Pop var. = 0.42646 / time = 0.74
best of generation 80 / cbal. = 94.4953 / Wtd. con eff = 3.6705 / Wtd. HRF eff = 4.0177 / Pop var. = 0.36526 / time = 0.73
best of generation 81 / cbal. = 94.4953 / Wtd. con eff = 3.6705 / Wtd. HRF eff = 4.0177 / Pop var. = 0.4142 / time = 0.73
best of generation 82 / cbal. = 94.4953 / Wtd. con eff = 3.6705 / Wtd. HRF eff = 4.0177 / Pop var. = 0.34188 / time = 0.74
best of generation 83 / cbal. = 94.4953 / Wtd. con eff = 3.6705 / Wtd. HRF eff = 4.0177 / Pop var. = 0.4213 / time = 0.79
best of generation 84 / cbal. = 94.4953 / Wtd. con eff = 3.6705 / Wtd. HRF eff = 4.0177 / Pop var. = 0.37168 / time = 0.74
best of generation 85 / cbal. = 94.4953 / Wtd. con eff = 3.6705 / Wtd. HRF eff = 4.0177 / Pop var. = 0.42649 / time = 0.73
best of generation 86 / cbal. = 94.4953 / Wtd. con eff = 3.6705 / Wtd. HRF eff = 4.0177 / Pop var. = 0.37487 / time = 0.74
best of generation 87 / cbal. = 94.4953 / Wtd. con eff = 3.6705 / Wtd. HRF eff = 4.0177 / Pop var. = 0.43481 / time = 0.74
best of generation 88 / cbal. = 94.4953 / Wtd. con eff = 3.6705 / Wtd. HRF eff = 4.0177 / Pop var. = 0.41274 / time = 0.74
best of generation 89 / cbal. = 94.4953 / Wtd. con eff = 3.6705 / Wtd. HRF eff = 4.0177 / Pop var. = 0.42385 / time = 0.76
best of generation 90 / cbal. = 94.4953 / Wtd. con eff = 3.6705 / Wtd. HRF eff = 4.0177 / Pop var. = 0.37566 / time = 0.73
best of generation 91 / cbal. = 94.4953 / Wtd. con eff = 3.6705 / Wtd. HRF eff = 4.0177 / Pop var. = 0.44351 / time = 0.72
best of generation 92 / cbal. = 94.4953 / Wtd. con eff = 3.6705 / Wtd. HRF eff = 4.0177 / Pop var. = 0.38902 / time = 0.75
best of generation 93 / cbal. = 94.4953 / Wtd. con eff = 3.6705 / Wtd. HRF eff = 4.0177 / Pop var. = 0.45799 / time = 0.74
best of generation 94 / cbal. = 94.4953 / Wtd. con eff = 3.6705 / Wtd. HRF eff = 4.0177 / Pop var. = 0.37966 / time = 0.77
best of generation 95 / cbal. = 94.4953 / Wtd. con eff = 3.6705 / Wtd. HRF eff = 4.0177 / Pop var. = 0.47027 / time = 0.73
best of generation 96 / cbal. = 94.4953 / Wtd. con eff = 3.6705 / Wtd. HRF eff = 4.0177 / Pop var. = 0.42649 / time = 0.74
best of generation 97 / cbal. = 94.4953 / Wtd. con eff = 3.6705 / Wtd. HRF eff = 4.0177 / Pop var. = 0.38867 / time = 0.74
best of generation 98 / cbal. = 94.4953 / Wtd. con eff = 3.6705 / Wtd. HRF eff = 4.0177 / Pop var. = 0.43507 / time = 0.73
best of generation 99 / cbal. = 94.4953 / Wtd. con eff = 3.6705 / Wtd. HRF eff = 4.0177 / Pop var. = 0.33373 / time = 0.73
best of generation 100 / cbal. = 94.4953 / Wtd. con eff = 3.6705 / Wtd. HRF eff = 4.0177 / Pop var. = 0.39764 / time = 0.75
best of generation 101 / cbal. = 94.4953 / Wtd. con eff = 3.6705 / Wtd. HRF eff = 4.0177 / Pop var. = 0.4695 / time = 0.73
best of generation 102 / cbal. = 94.4953 / Wtd. con eff = 3.6705 / Wtd. HRF eff = 4.0177 / Pop var. = 0.398 / time = 0.73
best of generation 103 / cbal. = 94.4953 / Wtd. con eff = 3.6705 / Wtd. HRF eff = 4.0177 / Pop var. = 0.4553 / time = 0.74
best of generation 104 / cbal. = 94.4953 / Wtd. con eff = 3.6705 / Wtd. HRF eff = 4.0177 / Pop var. = 0.37409 / time = 0.74
best of generation 105 / cbal. = 94.4953 / Wtd. con eff = 3.6705 / Wtd. HRF eff = 4.0177 / Pop var. = 0.42991 / time = 0.77
best of generation 106 / cbal. = 94.4953 / Wtd. con eff = 3.6705 / Wtd. HRF eff = 4.0177 / Pop var. = 0.38571 / time = 0.72
best of generation 107 / cbal. = 94.4953 / Wtd. con eff = 3.6705 / Wtd. HRF eff = 4.0177 / Pop var. = 0.41642 / time = 0.74
best of generation 108 / cbal. = 94.4953 / Wtd. con eff = 3.6705 / Wtd. HRF eff = 4.0177 / Pop var. = 0.37699 / time = 0.74
best of generation 109 / cbal. = 95.0326 / Wtd. con eff = 3.6306 / Wtd. HRF eff = 1.7381 / Pop var. = 0.44269 / time = 0.73
best of generation 110 / cbal. = 95.0326 / Wtd. con eff = 3.6306 / Wtd. HRF eff = 1.7381 / Pop var. = 0.38311 / time = 0.72
best of generation 111 / cbal. = 94.7189 / Wtd. con eff = 3.6201 / Wtd. HRF eff = 3.7596 / Pop var. = 0.45597 / time = 0.75
best of generation 112 / cbal. = 94.7189 / Wtd. con eff = 3.6201 / Wtd. HRF eff = 3.7596 / Pop var. = 0.43992 / time = 0.74
best of generation 113 / cbal. = 94.5985 / Wtd. con eff = 3.6732 / Wtd. HRF eff = 3.6365 / Pop var. = 0.35686 / time = 0.73
best of generation 114 / cbal. = 94.5985 / Wtd. con eff = 3.6732 / Wtd. HRF eff = 3.6365 / Pop var. = 0.46543 / time = 0.74
best of generation 115 / cbal. = 94.5985 / Wtd. con eff = 3.6732 / Wtd. HRF eff = 3.6365 / Pop var. = 0.43203 / time = 0.73
best of generation 116 / cbal. = 94.5985 / Wtd. con eff = 3.6732 / Wtd. HRF eff = 3.6365 / Pop var. = 0.38215 / time = 0.77
best of generation 117 / cbal. = 94.5985 / Wtd. con eff = 3.6732 / Wtd. HRF eff = 3.6365 / Pop var. = 0.44225 / time = 0.73
best of generation 118 / cbal. = 94.5985 / Wtd. con eff = 3.6732 / Wtd. HRF eff = 3.6365 / Pop var. = 0.36128 / time = 0.73
best of generation 119 / cbal. = 94.5985 / Wtd. con eff = 3.6732 / Wtd. HRF eff = 3.6365 / Pop var. = 0.47119 / time = 0.73
best of generation 120 / cbal. = 94.5985 / Wtd. con eff = 3.6732 / Wtd. HRF eff = 3.6365 / Pop var. = 0.47071 / time = 0.73
best of generation 121 / cbal. = 94.5985 / Wtd. con eff = 3.6732 / Wtd. HRF eff = 3.6365 / Pop var. = 0.40682 / time = 0.72
best of generation 122 / cbal. = 94.5985 / Wtd. con eff = 3.6732 / Wtd. HRF eff = 3.6365 / Pop var. = 0.34104 / time = 0.78
best of generation 123 / cbal. = 94.5985 / Wtd. con eff = 3.6732 / Wtd. HRF eff = 3.6365 / Pop var. = 0.39288 / time = 0.73
best of generation 124 / cbal. = 94.5985 / Wtd. con eff = 3.6732 / Wtd. HRF eff = 3.6365 / Pop var. = 0.47411 / time = 0.73
best of generation 125 / cbal. = 94.5985 / Wtd. con eff = 3.6732 / Wtd. HRF eff = 3.6365 / Pop var. = 0.44628 / time = 0.74
best of generation 126 / cbal. = 94.5985 / Wtd. con eff = 3.6732 / Wtd. HRF eff = 3.6365 / Pop var. = 0.40504 / time = 0.74
best of generation 127 / cbal. = 94.5985 / Wtd. con eff = 3.6732 / Wtd. HRF eff = 3.6365 / Pop var. = 0.35008 / time = 0.75
best of generation 128 / cbal. = 94.5985 / Wtd. con eff = 3.6732 / Wtd. HRF eff = 3.6365 / Pop var. = 0.41199 / time = 0.73
best of generation 129 / cbal. = 94.5985 / Wtd. con eff = 3.6732 / Wtd. HRF eff = 3.6365 / Pop var. = 0.35224 / time = 0.73
best of generation 130 / cbal. = 94.5985 / Wtd. con eff = 3.6732 / Wtd. HRF eff = 3.6365 / Pop var. = 0.41385 / time = 0.73
best of generation 131 / cbal. = 94.5985 / Wtd. con eff = 3.6732 / Wtd. HRF eff = 3.6365 / Pop var. = 0.36304 / time = 0.73
best of generation 132 / cbal. = 94.5985 / Wtd. con eff = 3.6732 / Wtd. HRF eff = 3.6365 / Pop var. = 0.41603 / time = 0.73
best of generation 133 / cbal. = 94.5985 / Wtd. con eff = 3.6732 / Wtd. HRF eff = 3.6365 / Pop var. = 0.37812 / time = 0.77
best of generation 134 / cbal. = 94.5985 / Wtd. con eff = 3.6732 / Wtd. HRF eff = 3.6365 / Pop var. = 0.46071 / time = 0.74
best of generation 135 / cbal. = 94.5985 / Wtd. con eff = 3.6732 / Wtd. HRF eff = 3.6365 / Pop var. = 0.39496 / time = 0.73
best of generation 136 / cbal. = 94.5985 / Wtd. con eff = 3.6732 / Wtd. HRF eff = 3.6365 / Pop var. = 0.4673 / time = 0.74
best of generation 137 / cbal. = 94.5985 / Wtd. con eff = 3.6732 / Wtd. HRF eff = 3.6365 / Pop var. = 0.43229 / time = 0.73
best of generation 138 / cbal. = 94.5985 / Wtd. con eff = 3.6732 / Wtd. HRF eff = 3.6365 / Pop var. = 0.4044 / time = 0.78
best of generation 139 / cbal. = 94.5985 / Wtd. con eff = 3.6732 / Wtd. HRF eff = 3.6365 / Pop var. = 0.40497 / time = 0.74
best of generation 140 / cbal. = 94.5985 / Wtd. con eff = 3.6732 / Wtd. HRF eff = 3.6365 / Pop var. = 0.34655 / time = 0.73
best of generation 141 / cbal. = 94.5985 / Wtd. con eff = 3.6732 / Wtd. HRF eff = 3.6365 / Pop var. = 0.44884 / time = 0.73
best of generation 142 / cbal. = 94.5985 / Wtd. con eff = 3.6732 / Wtd. HRF eff = 3.6365 / Pop var. = 0.40137 / time = 0.73
best of generation 143 / cbal. = 94.5985 / Wtd. con eff = 3.6732 / Wtd. HRF eff = 3.6365 / Pop var. = 0.35778 / time = 0.73
best of generation 144 / cbal. = 94.5985 / Wtd. con eff = 3.6732 / Wtd. HRF eff = 3.6365 / Pop var. = 0.40294 / time = 0.77
best of generation 145 / cbal. = 94.5985 / Wtd. con eff = 3.6732 / Wtd. HRF eff = 3.6365 / Pop var. = 0.36916 / time = 0.74
best of generation 146 / cbal. = 94.5985 / Wtd. con eff = 3.6732 / Wtd. HRF eff = 3.6365 / Pop var. = 0.40852 / time = 0.74
best of generation 147 / cbal. = 94.5985 / Wtd. con eff = 3.6732 / Wtd. HRF eff = 3.6365 / Pop var. = 0.38772 / time = 0.74
best of generation 148 / cbal. = 94.5985 / Wtd. con eff = 3.6732 / Wtd. HRF eff = 3.6365 / Pop var. = 0.4611 / time = 0.74
best of generation 149 / cbal. = 94.5985 / Wtd. con eff = 3.6732 / Wtd. HRF eff = 3.6365 / Pop var. = 0.38001 / time = 0.75
best of generation 150 / cbal. = 94.5985 / Wtd. con eff = 3.6732 / Wtd. HRF eff = 3.6365 / Pop var. = 0.44255 / time = 0.73
best of generation 151 / cbal. = 94.5985 / Wtd. con eff = 3.6732 / Wtd. HRF eff = 3.6365 / Pop var. = 0.38813 / time = 0.72
best of generation 152 / cbal. = 94.5985 / Wtd. con eff = 3.6732 / Wtd. HRF eff = 3.6365 / Pop var. = 0.45499 / time = 0.74
best of generation 153 / cbal. = 94.5985 / Wtd. con eff = 3.6732 / Wtd. HRF eff = 3.6365 / Pop var. = 0.39192 / time = 0.73
best of generation 154 / cbal. = 94.5985 / Wtd. con eff = 3.6732 / Wtd. HRF eff = 3.6365 / Pop var. = 0.44255 / time = 0.74
best of generation 155 / cbal. = 94.5985 / Wtd. con eff = 3.6732 / Wtd. HRF eff = 3.6365 / Pop var. = 0.39286 / time = 0.76
best of generation 156 / cbal. = 94.5985 / Wtd. con eff = 3.6732 / Wtd. HRF eff = 3.6365 / Pop var. = 0.39803 / time = 0.73
best of generation 157 / cbal. = 94.5985 / Wtd. con eff = 3.6732 / Wtd. HRF eff = 3.6365 / Pop var. = 0.5083 / time = 0.74
best of generation 158 / cbal. = 94.5985 / Wtd. con eff = 3.6732 / Wtd. HRF eff = 3.6365 / Pop var. = 0.49886 / time = 0.73
best of generation 159 / cbal. = 94.5985 / Wtd. con eff = 3.6732 / Wtd. HRF eff = 3.6365 / Pop var. = 0.44815 / time = 0.74
best of generation 160 / cbal. = 94.5985 / Wtd. con eff = 3.6732 / Wtd. HRF eff = 3.6365 / Pop var. = 0.37249 / time = 0.75
saving workspace as GAresults.mat
M = 
     origlist: [49x1 double]
     restlist: [20x1 double]
     stimlist: [60x1 double]
           ga: [1x1 struct]
    bestLists: [60x160 uint8]
         date: '11-9-2014'
optimizeGA done: 120.38 s
