Starting Model 20
OptimizeGA
===============================
Saturation threshold = 
Setting up variables
You entered 2 conditions  (event types) that will each be modeled with a regessor. 
 Note that if you enter 0 as a condition number, those events will not be modeled
 (they are assumed to be rest/inter-stimulus interval periods)

Contrasts entered. You entered matrix of 3 contrasts, with weights across 4 conditions.
 Contrasts:
     1     1    -1    -1
     1     0    -1     0
     0     1     0    -1
 ...adding one column to contrast matrix with weights of 0, to model the intercept
You entered a contrast weight vector across 3 contrasts
 	...Using rests of length 1 and resting every 4
================== Parameters ======================
     Total stimuli in scan      : 60
     Fixed rest length in ITIs  : 1
     Fixed Rest stimuli in scan : 11
     Num blank intervals        : 9
     Num of task conds          : 2
     Num stimuli each cond      : 20  20
====================================================
	...generating lists of organisms
	...USING TRANS2BLOCK >
     freqConditions = 0.2         0.2         0.2         0.2
     conditions = 1  2  3  4
REST INTERVALS: not used (to use, freqCond should be one longer than conditions
  ...randomizing organism start state
	...restMatrix is 20 X 40
ans =
     4     4     4     4     4     4     4     4     4     4
     4     4     4     4     4     4     4     4     4     4
     4     4     4     4     4     4     4     4     4     4
     4     4     4     4     4     4     4     4     4     4
     4     4     4     4     4     4     4     4     4     4
======== Num stimuli, averaged across lists (before instruction/rest stimuli) ========
		Condition 0: 9 stimuli, 15% of total stimuli
		Condition 1: 20 stimuli, 33.3333% of total stimuli
		Condition 2: 20 stimuli, 33.3333% of total stimuli
		Condition 3: 0 stimuli, 0% of total stimuli
		Condition 4: 0 stimuli, 0% of total stimuli
======================================================================================
best of generation 1 / cbal. = 94.7571 / Wtd. con eff = 2.6596 / Wtd. HRF eff = 0.52949 / Pop var. = 0.86365 / time = 0.74
best of generation 2 / cbal. = 94.7571 / Wtd. con eff = 2.6596 / Wtd. HRF eff = 0.52949 / Pop var. = 0.84132 / time = 0.72
best of generation 3 / cbal. = 94.9979 / Wtd. con eff = 2.777 / Wtd. HRF eff = 0.67339 / Pop var. = 0.83301 / time = 0.74
best of generation 4 / cbal. = 93.9745 / Wtd. con eff = 3.0769 / Wtd. HRF eff = 0.83502 / Pop var. = 0.82418 / time = 0.73
best of generation 5 / cbal. = 93.9745 / Wtd. con eff = 3.0769 / Wtd. HRF eff = 0.83502 / Pop var. = 0.81308 / time = 0.72
best of generation 6 / cbal. = 95.0796 / Wtd. con eff = 3.043 / Wtd. HRF eff = 0.71308 / Pop var. = 0.79064 / time = 0.71
best of generation 7 / cbal. = 94.9773 / Wtd. con eff = 3.0782 / Wtd. HRF eff = 0.80984 / Pop var. = 0.75861 / time = 0.72
best of generation 8 / cbal. = 94.9773 / Wtd. con eff = 3.0782 / Wtd. HRF eff = 0.80984 / Pop var. = 0.71599 / time = 0.72
best of generation 9 / cbal. = 94.114 / Wtd. con eff = 3.1681 / Wtd. HRF eff = 1.0232 / Pop var. = 0.63516 / time = 0.72
best of generation 10 / cbal. = 95.0589 / Wtd. con eff = 3.1669 / Wtd. HRF eff = 0.9381 / Pop var. = 0.5834 / time = 0.72
best of generation 11 / cbal. = 94.5338 / Wtd. con eff = 3.4082 / Wtd. HRF eff = 0.98813 / Pop var. = 0.54962 / time = 0.71
best of generation 12 / cbal. = 94.5338 / Wtd. con eff = 3.4082 / Wtd. HRF eff = 0.98813 / Pop var. = 0.49934 / time = 0.73
best of generation 13 / cbal. = 94.5338 / Wtd. con eff = 3.4082 / Wtd. HRF eff = 0.98813 / Pop var. = 0.53453 / time = 0.73
best of generation 14 / cbal. = 94.8668 / Wtd. con eff = 3.4959 / Wtd. HRF eff = 1.108 / Pop var. = 0.47616 / time = 0.74
best of generation 15 / cbal. = 94.8668 / Wtd. con eff = 3.4959 / Wtd. HRF eff = 1.108 / Pop var. = 0.44551 / time = 0.72
best of generation 16 / cbal. = 94.8668 / Wtd. con eff = 3.4959 / Wtd. HRF eff = 1.108 / Pop var. = 0.38267 / time = 0.73
best of generation 17 / cbal. = 95.2206 / Wtd. con eff = 3.4892 / Wtd. HRF eff = 1.0313 / Pop var. = 0.4906 / time = 0.73
best of generation 18 / cbal. = 95.2206 / Wtd. con eff = 3.4892 / Wtd. HRF eff = 1.0313 / Pop var. = 0.40545 / time = 0.73
best of generation 19 / cbal. = 95.2206 / Wtd. con eff = 3.4892 / Wtd. HRF eff = 1.0313 / Pop var. = 0.32535 / time = 0.75
best of generation 20 / cbal. = 95.2206 / Wtd. con eff = 3.4892 / Wtd. HRF eff = 1.0313 / Pop var. = 0.40273 / time = 0.73
best of generation 21 / cbal. = 95.2676 / Wtd. con eff = 3.523 / Wtd. HRF eff = 0.92484 / Pop var. = 0.38709 / time = 0.73
best of generation 22 / cbal. = 95.2676 / Wtd. con eff = 3.523 / Wtd. HRF eff = 0.92484 / Pop var. = 0.46833 / time = 0.75
best of generation 23 / cbal. = 95.2676 / Wtd. con eff = 3.523 / Wtd. HRF eff = 0.92484 / Pop var. = 0.38671 / time = 0.74
best of generation 24 / cbal. = 95.2676 / Wtd. con eff = 3.523 / Wtd. HRF eff = 0.92484 / Pop var. = 0.47732 / time = 0.74
best of generation 25 / cbal. = 95.2676 / Wtd. con eff = 3.523 / Wtd. HRF eff = 0.92484 / Pop var. = 0.42291 / time = 0.74
best of generation 26 / cbal. = 95.2676 / Wtd. con eff = 3.523 / Wtd. HRF eff = 0.92484 / Pop var. = 0.37217 / time = 0.73
best of generation 27 / cbal. = 94.9285 / Wtd. con eff = 3.5622 / Wtd. HRF eff = 1.0005 / Pop var. = 0.43007 / time = 0.73
best of generation 28 / cbal. = 94.9285 / Wtd. con eff = 3.5622 / Wtd. HRF eff = 1.0005 / Pop var. = 0.44237 / time = 0.74
best of generation 29 / cbal. = 94.9285 / Wtd. con eff = 3.5622 / Wtd. HRF eff = 1.0005 / Pop var. = 0.39171 / time = 0.72
best of generation 30 / cbal. = 94.9285 / Wtd. con eff = 3.5622 / Wtd. HRF eff = 1.0005 / Pop var. = 0.49477 / time = 0.74
best of generation 31 / cbal. = 94.9285 / Wtd. con eff = 3.5622 / Wtd. HRF eff = 1.0005 / Pop var. = 0.47532 / time = 0.73
best of generation 32 / cbal. = 94.9285 / Wtd. con eff = 3.5622 / Wtd. HRF eff = 1.0005 / Pop var. = 0.42051 / time = 0.73
best of generation 33 / cbal. = 95.0895 / Wtd. con eff = 3.5754 / Wtd. HRF eff = 1.0184 / Pop var. = 0.45541 / time = 0.73
best of generation 34 / cbal. = 95.0895 / Wtd. con eff = 3.5754 / Wtd. HRF eff = 1.0184 / Pop var. = 0.42998 / time = 0.73
best of generation 35 / cbal. = 95.2223 / Wtd. con eff = 3.5947 / Wtd. HRF eff = 1.1457 / Pop var. = 0.38579 / time = 0.73
best of generation 36 / cbal. = 95.2223 / Wtd. con eff = 3.5947 / Wtd. HRF eff = 1.1457 / Pop var. = 0.43075 / time = 0.8
best of generation 37 / cbal. = 95.2223 / Wtd. con eff = 3.5947 / Wtd. HRF eff = 1.1457 / Pop var. = 0.41265 / time = 0.72
best of generation 38 / cbal. = 94.8969 / Wtd. con eff = 3.6395 / Wtd. HRF eff = 1.172 / Pop var. = 0.35936 / time = 0.73
best of generation 39 / cbal. = 94.8969 / Wtd. con eff = 3.6395 / Wtd. HRF eff = 1.172 / Pop var. = 0.46383 / time = 0.74
best of generation 40 / cbal. = 94.8969 / Wtd. con eff = 3.6395 / Wtd. HRF eff = 1.172 / Pop var. = 0.37826 / time = 0.74
best of generation 41 / cbal. = 94.8969 / Wtd. con eff = 3.6395 / Wtd. HRF eff = 1.172 / Pop var. = 0.4036 / time = 0.74
best of generation 42 / cbal. = 94.8969 / Wtd. con eff = 3.6395 / Wtd. HRF eff = 1.172 / Pop var. = 0.34524 / time = 0.74
best of generation 43 / cbal. = 94.8969 / Wtd. con eff = 3.6395 / Wtd. HRF eff = 1.172 / Pop var. = 0.43698 / time = 0.73
best of generation 44 / cbal. = 94.8969 / Wtd. con eff = 3.6395 / Wtd. HRF eff = 1.172 / Pop var. = 0.37485 / time = 0.74
best of generation 45 / cbal. = 94.8969 / Wtd. con eff = 3.6395 / Wtd. HRF eff = 1.172 / Pop var. = 0.43012 / time = 0.73
best of generation 46 / cbal. = 94.8969 / Wtd. con eff = 3.6395 / Wtd. HRF eff = 1.172 / Pop var. = 0.37827 / time = 0.74
best of generation 47 / cbal. = 94.8969 / Wtd. con eff = 3.6395 / Wtd. HRF eff = 1.172 / Pop var. = 0.45769 / time = 0.74
best of generation 48 / cbal. = 94.8969 / Wtd. con eff = 3.6395 / Wtd. HRF eff = 1.172 / Pop var. = 0.42347 / time = 0.74
best of generation 49 / cbal. = 94.8969 / Wtd. con eff = 3.6395 / Wtd. HRF eff = 1.172 / Pop var. = 0.35341 / time = 0.73
best of generation 50 / cbal. = 94.8969 / Wtd. con eff = 3.6395 / Wtd. HRF eff = 1.172 / Pop var. = 0.42521 / time = 0.73
best of generation 51 / cbal. = 94.8969 / Wtd. con eff = 3.6395 / Wtd. HRF eff = 1.172 / Pop var. = 0.35002 / time = 0.72
best of generation 52 / cbal. = 94.8969 / Wtd. con eff = 3.6395 / Wtd. HRF eff = 1.172 / Pop var. = 0.43933 / time = 0.76
best of generation 53 / cbal. = 94.8969 / Wtd. con eff = 3.6395 / Wtd. HRF eff = 1.172 / Pop var. = 0.40956 / time = 0.74
best of generation 54 / cbal. = 94.8969 / Wtd. con eff = 3.6395 / Wtd. HRF eff = 1.172 / Pop var. = 0.3402 / time = 0.74
best of generation 55 / cbal. = 94.9843 / Wtd. con eff = 3.6283 / Wtd. HRF eff = 1.1986 / Pop var. = 0.38457 / time = 0.74
best of generation 56 / cbal. = 94.9843 / Wtd. con eff = 3.6283 / Wtd. HRF eff = 1.1986 / Pop var. = 0.42914 / time = 0.73
best of generation 57 / cbal. = 94.9843 / Wtd. con eff = 3.6283 / Wtd. HRF eff = 1.1986 / Pop var. = 0.33561 / time = 0.74
best of generation 58 / cbal. = 94.8733 / Wtd. con eff = 3.5965 / Wtd. HRF eff = 1.5868 / Pop var. = 0.36626 / time = 0.74
best of generation 59 / cbal. = 94.8733 / Wtd. con eff = 3.5965 / Wtd. HRF eff = 1.5868 / Pop var. = 0.44089 / time = 0.74
best of generation 60 / cbal. = 94.8733 / Wtd. con eff = 3.5965 / Wtd. HRF eff = 1.5868 / Pop var. = 0.42393 / time = 0.75
best of generation 61 / cbal. = 94.8733 / Wtd. con eff = 3.5965 / Wtd. HRF eff = 1.5868 / Pop var. = 0.38913 / time = 0.75
best of generation 62 / cbal. = 94.8733 / Wtd. con eff = 3.5965 / Wtd. HRF eff = 1.5868 / Pop var. = 0.48992 / time = 0.74
best of generation 63 / cbal. = 94.6059 / Wtd. con eff = 3.6633 / Wtd. HRF eff = 1.2165 / Pop var. = 0.45785 / time = 0.75
best of generation 64 / cbal. = 94.6059 / Wtd. con eff = 3.6633 / Wtd. HRF eff = 1.2165 / Pop var. = 0.46552 / time = 0.75
best of generation 65 / cbal. = 94.6059 / Wtd. con eff = 3.6633 / Wtd. HRF eff = 1.2165 / Pop var. = 0.43221 / time = 0.74
best of generation 66 / cbal. = 94.7494 / Wtd. con eff = 3.6306 / Wtd. HRF eff = 1.8272 / Pop var. = 0.43658 / time = 0.75
best of generation 67 / cbal. = 94.7494 / Wtd. con eff = 3.6306 / Wtd. HRF eff = 1.8272 / Pop var. = 0.44405 / time = 0.74
best of generation 68 / cbal. = 94.7494 / Wtd. con eff = 3.6306 / Wtd. HRF eff = 1.8272 / Pop var. = 0.46831 / time = 0.74
best of generation 69 / cbal. = 94.811 / Wtd. con eff = 3.65 / Wtd. HRF eff = 1.7033 / Pop var. = 0.4368 / time = 0.74
best of generation 70 / cbal. = 94.811 / Wtd. con eff = 3.65 / Wtd. HRF eff = 1.7033 / Pop var. = 0.40923 / time = 0.74
best of generation 71 / cbal. = 94.811 / Wtd. con eff = 3.65 / Wtd. HRF eff = 1.7033 / Pop var. = 0.34912 / time = 0.73
best of generation 72 / cbal. = 94.811 / Wtd. con eff = 3.65 / Wtd. HRF eff = 1.7033 / Pop var. = 0.47424 / time = 0.74
best of generation 73 / cbal. = 94.811 / Wtd. con eff = 3.65 / Wtd. HRF eff = 1.7033 / Pop var. = 0.43103 / time = 0.74
best of generation 74 / cbal. = 94.811 / Wtd. con eff = 3.65 / Wtd. HRF eff = 1.7033 / Pop var. = 0.39609 / time = 0.75
best of generation 75 / cbal. = 94.811 / Wtd. con eff = 3.65 / Wtd. HRF eff = 1.7033 / Pop var. = 0.46888 / time = 0.73
best of generation 76 / cbal. = 94.811 / Wtd. con eff = 3.65 / Wtd. HRF eff = 1.7033 / Pop var. = 0.43131 / time = 0.75
best of generation 77 / cbal. = 94.811 / Wtd. con eff = 3.65 / Wtd. HRF eff = 1.7033 / Pop var. = 0.38209 / time = 0.74
best of generation 78 / cbal. = 94.811 / Wtd. con eff = 3.65 / Wtd. HRF eff = 1.7033 / Pop var. = 0.42144 / time = 0.74
best of generation 79 / cbal. = 94.811 / Wtd. con eff = 3.65 / Wtd. HRF eff = 1.7033 / Pop var. = 0.34495 / time = 0.73
best of generation 80 / cbal. = 94.9683 / Wtd. con eff = 3.626 / Wtd. HRF eff = 1.8274 / Pop var. = 0.41445 / time = 0.75
best of generation 81 / cbal. = 94.9683 / Wtd. con eff = 3.626 / Wtd. HRF eff = 1.8274 / Pop var. = 0.37313 / time = 0.74
best of generation 82 / cbal. = 94.811 / Wtd. con eff = 3.65 / Wtd. HRF eff = 1.7033 / Pop var. = 0.42933 / time = 0.74
best of generation 83 / cbal. = 94.811 / Wtd. con eff = 3.65 / Wtd. HRF eff = 1.7033 / Pop var. = 0.38229 / time = 0.75
best of generation 84 / cbal. = 94.811 / Wtd. con eff = 3.65 / Wtd. HRF eff = 1.7033 / Pop var. = 0.45884 / time = 0.75
best of generation 85 / cbal. = 94.811 / Wtd. con eff = 3.65 / Wtd. HRF eff = 1.7033 / Pop var. = 0.42781 / time = 0.78
best of generation 86 / cbal. = 94.9683 / Wtd. con eff = 3.626 / Wtd. HRF eff = 1.8274 / Pop var. = 0.36707 / time = 0.77
best of generation 87 / cbal. = 94.4228 / Wtd. con eff = 3.7029 / Wtd. HRF eff = 1.9523 / Pop var. = 0.42532 / time = 0.75
best of generation 88 / cbal. = 94.4228 / Wtd. con eff = 3.7029 / Wtd. HRF eff = 1.9523 / Pop var. = 0.38969 / time = 0.74
best of generation 89 / cbal. = 94.4228 / Wtd. con eff = 3.7029 / Wtd. HRF eff = 1.9523 / Pop var. = 0.44915 / time = 0.74
best of generation 90 / cbal. = 94.4228 / Wtd. con eff = 3.7029 / Wtd. HRF eff = 1.9523 / Pop var. = 0.42661 / time = 0.75
best of generation 91 / cbal. = 94.4228 / Wtd. con eff = 3.7029 / Wtd. HRF eff = 1.9523 / Pop var. = 0.3735 / time = 0.76
best of generation 92 / cbal. = 94.4228 / Wtd. con eff = 3.7029 / Wtd. HRF eff = 1.9523 / Pop var. = 0.47649 / time = 0.74
best of generation 93 / cbal. = 94.4228 / Wtd. con eff = 3.7029 / Wtd. HRF eff = 1.9523 / Pop var. = 0.41467 / time = 0.74
best of generation 94 / cbal. = 94.4228 / Wtd. con eff = 3.7029 / Wtd. HRF eff = 1.9523 / Pop var. = 0.38462 / time = 0.74
best of generation 95 / cbal. = 94.4228 / Wtd. con eff = 3.7029 / Wtd. HRF eff = 1.9523 / Pop var. = 0.48661 / time = 0.74
best of generation 96 / cbal. = 94.5099 / Wtd. con eff = 3.6929 / Wtd. HRF eff = 3.1883 / Pop var. = 0.43885 / time = 0.76
best of generation 97 / cbal. = 94.5099 / Wtd. con eff = 3.6929 / Wtd. HRF eff = 3.1883 / Pop var. = 0.40236 / time = 0.74
best of generation 98 / cbal. = 94.5099 / Wtd. con eff = 3.6929 / Wtd. HRF eff = 3.1883 / Pop var. = 0.34087 / time = 0.73
best of generation 99 / cbal. = 94.5099 / Wtd. con eff = 3.6929 / Wtd. HRF eff = 3.1883 / Pop var. = 0.36257 / time = 0.74
best of generation 100 / cbal. = 94.5099 / Wtd. con eff = 3.6929 / Wtd. HRF eff = 3.1883 / Pop var. = 0.441 / time = 0.75
best of generation 101 / cbal. = 94.5099 / Wtd. con eff = 3.6929 / Wtd. HRF eff = 3.1883 / Pop var. = 0.39491 / time = 0.75
best of generation 102 / cbal. = 94.5099 / Wtd. con eff = 3.6929 / Wtd. HRF eff = 3.1883 / Pop var. = 0.44466 / time = 0.75
best of generation 103 / cbal. = 94.5099 / Wtd. con eff = 3.6929 / Wtd. HRF eff = 3.1883 / Pop var. = 0.42582 / time = 0.75
best of generation 104 / cbal. = 94.5099 / Wtd. con eff = 3.6929 / Wtd. HRF eff = 3.1883 / Pop var. = 0.40062 / time = 0.76
best of generation 105 / cbal. = 94.2106 / Wtd. con eff = 3.7293 / Wtd. HRF eff = 3.7916 / Pop var. = 0.36284 / time = 0.76
best of generation 106 / cbal. = 94.5099 / Wtd. con eff = 3.6929 / Wtd. HRF eff = 3.1883 / Pop var. = 0.37474 / time = 0.75
best of generation 107 / cbal. = 94.5099 / Wtd. con eff = 3.6929 / Wtd. HRF eff = 3.1883 / Pop var. = 0.45668 / time = 0.75
best of generation 108 / cbal. = 94.5099 / Wtd. con eff = 3.6929 / Wtd. HRF eff = 3.1883 / Pop var. = 0.40869 / time = 0.74
best of generation 109 / cbal. = 94.5099 / Wtd. con eff = 3.6929 / Wtd. HRF eff = 3.1883 / Pop var. = 0.35894 / time = 0.75
best of generation 110 / cbal. = 94.5099 / Wtd. con eff = 3.6929 / Wtd. HRF eff = 3.1883 / Pop var. = 0.45047 / time = 0.74
best of generation 111 / cbal. = 94.2106 / Wtd. con eff = 3.7293 / Wtd. HRF eff = 3.7916 / Pop var. = 0.3765 / time = 0.73
best of generation 112 / cbal. = 94.2106 / Wtd. con eff = 3.7293 / Wtd. HRF eff = 3.7916 / Pop var. = 0.45308 / time = 0.75
best of generation 113 / cbal. = 94.2106 / Wtd. con eff = 3.7293 / Wtd. HRF eff = 3.7916 / Pop var. = 0.39689 / time = 0.74
best of generation 114 / cbal. = 94.2106 / Wtd. con eff = 3.7293 / Wtd. HRF eff = 3.7916 / Pop var. = 0.48002 / time = 0.73
best of generation 115 / cbal. = 94.2106 / Wtd. con eff = 3.7293 / Wtd. HRF eff = 3.7916 / Pop var. = 0.41505 / time = 0.74
best of generation 116 / cbal. = 94.2106 / Wtd. con eff = 3.7293 / Wtd. HRF eff = 3.7916 / Pop var. = 0.35861 / time = 0.75
best of generation 117 / cbal. = 94.2106 / Wtd. con eff = 3.7293 / Wtd. HRF eff = 3.7916 / Pop var. = 0.44634 / time = 0.72
best of generation 118 / cbal. = 94.2106 / Wtd. con eff = 3.7293 / Wtd. HRF eff = 3.7916 / Pop var. = 0.40094 / time = 0.74
best of generation 119 / cbal. = 94.2106 / Wtd. con eff = 3.7293 / Wtd. HRF eff = 3.7916 / Pop var. = 0.30762 / time = 0.74
best of generation 120 / cbal. = 94.2106 / Wtd. con eff = 3.7293 / Wtd. HRF eff = 3.7916 / Pop var. = 0.37423 / time = 0.74
best of generation 121 / cbal. = 94.2106 / Wtd. con eff = 3.7293 / Wtd. HRF eff = 3.7916 / Pop var. = 0.41345 / time = 0.74
best of generation 122 / cbal. = 94.2106 / Wtd. con eff = 3.7293 / Wtd. HRF eff = 3.7916 / Pop var. = 0.41303 / time = 0.74
best of generation 123 / cbal. = 94.2106 / Wtd. con eff = 3.7293 / Wtd. HRF eff = 3.7916 / Pop var. = 0.33455 / time = 0.75
best of generation 124 / cbal. = 94.2106 / Wtd. con eff = 3.7293 / Wtd. HRF eff = 3.7916 / Pop var. = 0.41719 / time = 0.74
best of generation 125 / cbal. = 94.2106 / Wtd. con eff = 3.7293 / Wtd. HRF eff = 3.7916 / Pop var. = 0.39923 / time = 0.74
best of generation 126 / cbal. = 94.2106 / Wtd. con eff = 3.7293 / Wtd. HRF eff = 3.7916 / Pop var. = 0.39319 / time = 0.74
best of generation 127 / cbal. = 94.2106 / Wtd. con eff = 3.7293 / Wtd. HRF eff = 3.7916 / Pop var. = 0.43957 / time = 0.75
best of generation 128 / cbal. = 94.2106 / Wtd. con eff = 3.7293 / Wtd. HRF eff = 3.7916 / Pop var. = 0.35529 / time = 0.74
best of generation 129 / cbal. = 94.2106 / Wtd. con eff = 3.7293 / Wtd. HRF eff = 3.7916 / Pop var. = 0.44214 / time = 0.75
best of generation 130 / cbal. = 94.2106 / Wtd. con eff = 3.7293 / Wtd. HRF eff = 3.7916 / Pop var. = 0.36665 / time = 0.74
best of generation 131 / cbal. = 94.2106 / Wtd. con eff = 3.7293 / Wtd. HRF eff = 3.7916 / Pop var. = 0.42972 / time = 0.73
best of generation 132 / cbal. = 94.2106 / Wtd. con eff = 3.7293 / Wtd. HRF eff = 3.7916 / Pop var. = 0.43284 / time = 0.75
best of generation 133 / cbal. = 94.2106 / Wtd. con eff = 3.7293 / Wtd. HRF eff = 3.7916 / Pop var. = 0.33653 / time = 0.73
best of generation 134 / cbal. = 94.2106 / Wtd. con eff = 3.7293 / Wtd. HRF eff = 3.7916 / Pop var. = 0.39312 / time = 0.74
best of generation 135 / cbal. = 94.2106 / Wtd. con eff = 3.7293 / Wtd. HRF eff = 3.7916 / Pop var. = 0.47477 / time = 0.75
best of generation 136 / cbal. = 94.2106 / Wtd. con eff = 3.7293 / Wtd. HRF eff = 3.7916 / Pop var. = 0.39018 / time = 0.75
best of generation 137 / cbal. = 94.2106 / Wtd. con eff = 3.7293 / Wtd. HRF eff = 3.7916 / Pop var. = 0.48143 / time = 0.74
best of generation 138 / cbal. = 94.2106 / Wtd. con eff = 3.7293 / Wtd. HRF eff = 3.7916 / Pop var. = 0.45099 / time = 0.74
best of generation 139 / cbal. = 94.2106 / Wtd. con eff = 3.7293 / Wtd. HRF eff = 3.7916 / Pop var. = 0.41568 / time = 0.75
best of generation 140 / cbal. = 94.2106 / Wtd. con eff = 3.7293 / Wtd. HRF eff = 3.7916 / Pop var. = 0.3725 / time = 0.75
best of generation 141 / cbal. = 94.2106 / Wtd. con eff = 3.7293 / Wtd. HRF eff = 3.7916 / Pop var. = 0.41482 / time = 0.73
best of generation 142 / cbal. = 94.2106 / Wtd. con eff = 3.7293 / Wtd. HRF eff = 3.7916 / Pop var. = 0.38811 / time = 0.74
best of generation 143 / cbal. = 94.2106 / Wtd. con eff = 3.7293 / Wtd. HRF eff = 3.7916 / Pop var. = 0.46348 / time = 0.75
best of generation 144 / cbal. = 94.2106 / Wtd. con eff = 3.7293 / Wtd. HRF eff = 3.7916 / Pop var. = 0.37498 / time = 0.74
best of generation 145 / cbal. = 94.2106 / Wtd. con eff = 3.7293 / Wtd. HRF eff = 3.7916 / Pop var. = 0.46612 / time = 0.75
best of generation 146 / cbal. = 94.2106 / Wtd. con eff = 3.7293 / Wtd. HRF eff = 3.7916 / Pop var. = 0.38766 / time = 0.75
best of generation 147 / cbal. = 94.2106 / Wtd. con eff = 3.7293 / Wtd. HRF eff = 3.7916 / Pop var. = 0.44821 / time = 0.73
best of generation 148 / cbal. = 94.2106 / Wtd. con eff = 3.7293 / Wtd. HRF eff = 3.7916 / Pop var. = 0.39427 / time = 0.74
best of generation 149 / cbal. = 94.2106 / Wtd. con eff = 3.7293 / Wtd. HRF eff = 3.7916 / Pop var. = 0.43735 / time = 0.75
best of generation 150 / cbal. = 94.2106 / Wtd. con eff = 3.7293 / Wtd. HRF eff = 3.7916 / Pop var. = 0.40002 / time = 0.74
best of generation 151 / cbal. = 94.2106 / Wtd. con eff = 3.7293 / Wtd. HRF eff = 3.7916 / Pop var. = 0.33859 / time = 0.74
best of generation 152 / cbal. = 94.2106 / Wtd. con eff = 3.7293 / Wtd. HRF eff = 3.7916 / Pop var. = 0.38471 / time = 0.74
best of generation 153 / cbal. = 94.2106 / Wtd. con eff = 3.7293 / Wtd. HRF eff = 3.7916 / Pop var. = 0.39834 / time = 0.74
best of generation 154 / cbal. = 94.2106 / Wtd. con eff = 3.7293 / Wtd. HRF eff = 3.7916 / Pop var. = 0.4079 / time = 0.73
best of generation 155 / cbal. = 94.2106 / Wtd. con eff = 3.7293 / Wtd. HRF eff = 3.7916 / Pop var. = 0.32897 / time = 0.73
best of generation 156 / cbal. = 94.2106 / Wtd. con eff = 3.7293 / Wtd. HRF eff = 3.7916 / Pop var. = 0.39732 / time = 0.75
best of generation 157 / cbal. = 94.2106 / Wtd. con eff = 3.7293 / Wtd. HRF eff = 3.7916 / Pop var. = 0.47187 / time = 0.73
best of generation 158 / cbal. = 94.2106 / Wtd. con eff = 3.7293 / Wtd. HRF eff = 3.7916 / Pop var. = 0.41812 / time = 0.74
best of generation 159 / cbal. = 94.2106 / Wtd. con eff = 3.7293 / Wtd. HRF eff = 3.7916 / Pop var. = 0.33365 / time = 0.74
best of generation 160 / cbal. = 94.2106 / Wtd. con eff = 3.7293 / Wtd. HRF eff = 3.7916 / Pop var. = 0.42914 / time = 0.73
saving workspace as GAresults.mat
M = 
     origlist: [49x1 double]
     restlist: [20x1 double]
     stimlist: [60x1 double]
           ga: [1x1 struct]
    bestLists: [60x160 uint8]
         date: '11-9-2014'
optimizeGA done: 120.66 s
