Starting Model 51
OptimizeGA
===============================
Saturation threshold = 
Setting up variables
You entered 2 conditions  (event types) that will each be modeled with a regessor. 
 Note that if you enter 0 as a condition number, those events will not be modeled
 (they are assumed to be rest/inter-stimulus interval periods)

Contrasts entered. You entered matrix of 3 contrasts, with weights across 4 conditions.
 Contrasts:
     1     1    -1    -1
     1     0    -1     0
     0     1     0    -1
 ...adding one column to contrast matrix with weights of 0, to model the intercept
You entered a contrast weight vector across 3 contrasts
 	...Using rests of length 1 and resting every 4
================== Parameters ======================
     Total stimuli in scan      : 60
     Fixed rest length in ITIs  : 1
     Fixed Rest stimuli in scan : 11
     Num blank intervals        : 9
     Num of task conds          : 2
     Num stimuli each cond      : 20  20
====================================================
	...generating lists of organisms
	...USING TRANS2BLOCK >
     freqConditions = 0.2         0.2         0.2         0.2
     conditions = 1  2  3  4
REST INTERVALS: not used (to use, freqCond should be one longer than conditions
  ...randomizing organism start state
	...restMatrix is 20 X 40
ans =
     4     4     4     4     4     4     4     4     4     4
     4     4     4     4     4     4     4     4     4     4
     4     4     4     4     4     4     4     4     4     4
     4     4     4     4     4     4     4     4     4     4
     4     4     4     4     4     4     4     4     4     4
======== Num stimuli, averaged across lists (before instruction/rest stimuli) ========
		Condition 0: 9 stimuli, 15% of total stimuli
		Condition 1: 20 stimuli, 33.3333% of total stimuli
		Condition 2: 20 stimuli, 33.3333% of total stimuli
		Condition 3: 0 stimuli, 0% of total stimuli
		Condition 4: 0 stimuli, 0% of total stimuli
======================================================================================
best of generation 1 / cbal. = 94.0016 / Wtd. con eff = 2.7821 / Wtd. HRF eff = 0.60946 / Pop var. = 0.85971 / time = 0.74
best of generation 2 / cbal. = 94.6251 / Wtd. con eff = 3.2259 / Wtd. HRF eff = 0.57863 / Pop var. = 0.84319 / time = 0.74
best of generation 3 / cbal. = 94.6251 / Wtd. con eff = 3.2259 / Wtd. HRF eff = 0.57863 / Pop var. = 0.81888 / time = 0.71
best of generation 4 / cbal. = 94.9098 / Wtd. con eff = 3.1483 / Wtd. HRF eff = 0.64856 / Pop var. = 0.79225 / time = 0.74
best of generation 5 / cbal. = 94.7877 / Wtd. con eff = 3.3023 / Wtd. HRF eff = 0.6098 / Pop var. = 0.72721 / time = 0.72
best of generation 6 / cbal. = 94.7877 / Wtd. con eff = 3.3023 / Wtd. HRF eff = 0.6098 / Pop var. = 0.56542 / time = 0.72
best of generation 7 / cbal. = 94.9057 / Wtd. con eff = 3.3225 / Wtd. HRF eff = 0.77477 / Pop var. = 0.52079 / time = 0.72
best of generation 8 / cbal. = 94.9057 / Wtd. con eff = 3.3225 / Wtd. HRF eff = 0.77477 / Pop var. = 0.3861 / time = 0.73
best of generation 9 / cbal. = 95.1238 / Wtd. con eff = 3.3029 / Wtd. HRF eff = 0.72179 / Pop var. = 0.47762 / time = 0.73
best of generation 10 / cbal. = 95.1238 / Wtd. con eff = 3.3029 / Wtd. HRF eff = 0.72179 / Pop var. = 0.44569 / time = 0.73
best of generation 11 / cbal. = 94.9968 / Wtd. con eff = 3.4023 / Wtd. HRF eff = 0.72502 / Pop var. = 0.38968 / time = 0.73
best of generation 12 / cbal. = 95.0438 / Wtd. con eff = 3.4888 / Wtd. HRF eff = 0.7526 / Pop var. = 0.45967 / time = 0.73
best of generation 13 / cbal. = 95.0438 / Wtd. con eff = 3.4888 / Wtd. HRF eff = 0.7526 / Pop var. = 0.45889 / time = 0.76
best of generation 14 / cbal. = 95.0438 / Wtd. con eff = 3.4888 / Wtd. HRF eff = 0.7526 / Pop var. = 0.43494 / time = 0.73
best of generation 15 / cbal. = 95.0438 / Wtd. con eff = 3.4888 / Wtd. HRF eff = 0.7526 / Pop var. = 0.40997 / time = 0.73
best of generation 16 / cbal. = 95.0438 / Wtd. con eff = 3.4888 / Wtd. HRF eff = 0.7526 / Pop var. = 0.34091 / time = 0.73
best of generation 17 / cbal. = 94.4807 / Wtd. con eff = 3.5387 / Wtd. HRF eff = 1.1666 / Pop var. = 0.42089 / time = 0.73
best of generation 18 / cbal. = 94.4807 / Wtd. con eff = 3.5387 / Wtd. HRF eff = 1.1666 / Pop var. = 0.43488 / time = 0.72
best of generation 19 / cbal. = 94.4517 / Wtd. con eff = 3.558 / Wtd. HRF eff = 1.2885 / Pop var. = 0.41148 / time = 0.77
best of generation 20 / cbal. = 94.811 / Wtd. con eff = 3.5766 / Wtd. HRF eff = 1.3018 / Pop var. = 0.36852 / time = 0.73
best of generation 21 / cbal. = 94.811 / Wtd. con eff = 3.5766 / Wtd. HRF eff = 1.3018 / Pop var. = 0.45897 / time = 0.72
best of generation 22 / cbal. = 94.811 / Wtd. con eff = 3.5766 / Wtd. HRF eff = 1.3018 / Pop var. = 0.44726 / time = 0.74
best of generation 23 / cbal. = 94.4444 / Wtd. con eff = 3.6755 / Wtd. HRF eff = 0.88916 / Pop var. = 0.37581 / time = 0.73
best of generation 24 / cbal. = 94.6885 / Wtd. con eff = 3.5772 / Wtd. HRF eff = 1.4397 / Pop var. = 0.47197 / time = 0.77
best of generation 25 / cbal. = 94.9285 / Wtd. con eff = 3.596 / Wtd. HRF eff = 1.4488 / Pop var. = 0.42179 / time = 0.73
best of generation 26 / cbal. = 94.9285 / Wtd. con eff = 3.596 / Wtd. HRF eff = 1.4488 / Pop var. = 0.38268 / time = 0.72
best of generation 27 / cbal. = 94.9285 / Wtd. con eff = 3.596 / Wtd. HRF eff = 1.4488 / Pop var. = 0.47212 / time = 0.73
best of generation 28 / cbal. = 94.9763 / Wtd. con eff = 3.5895 / Wtd. HRF eff = 1.605 / Pop var. = 0.40015 / time = 0.74
best of generation 29 / cbal. = 94.9763 / Wtd. con eff = 3.5895 / Wtd. HRF eff = 1.605 / Pop var. = 0.3789 / time = 0.73
best of generation 30 / cbal. = 94.9763 / Wtd. con eff = 3.5895 / Wtd. HRF eff = 1.605 / Pop var. = 0.47576 / time = 0.74
best of generation 31 / cbal. = 94.9763 / Wtd. con eff = 3.5895 / Wtd. HRF eff = 1.605 / Pop var. = 0.41807 / time = 0.73
best of generation 32 / cbal. = 94.9763 / Wtd. con eff = 3.5895 / Wtd. HRF eff = 1.605 / Pop var. = 0.39236 / time = 0.74
best of generation 33 / cbal. = 94.9763 / Wtd. con eff = 3.5895 / Wtd. HRF eff = 1.605 / Pop var. = 0.45532 / time = 0.74
best of generation 34 / cbal. = 94.9444 / Wtd. con eff = 3.584 / Wtd. HRF eff = 2.1674 / Pop var. = 0.3975 / time = 0.73
best of generation 35 / cbal. = 94.9444 / Wtd. con eff = 3.584 / Wtd. HRF eff = 2.1674 / Pop var. = 0.50416 / time = 0.75
best of generation 36 / cbal. = 94.9444 / Wtd. con eff = 3.584 / Wtd. HRF eff = 2.1674 / Pop var. = 0.47921 / time = 0.74
best of generation 37 / cbal. = 94.9444 / Wtd. con eff = 3.584 / Wtd. HRF eff = 2.1674 / Pop var. = 0.41003 / time = 0.73
best of generation 38 / cbal. = 94.9444 / Wtd. con eff = 3.584 / Wtd. HRF eff = 2.1674 / Pop var. = 0.39009 / time = 0.73
best of generation 39 / cbal. = 94.9444 / Wtd. con eff = 3.584 / Wtd. HRF eff = 2.1674 / Pop var. = 0.43611 / time = 0.74
best of generation 40 / cbal. = 94.9444 / Wtd. con eff = 3.584 / Wtd. HRF eff = 2.1674 / Pop var. = 0.4147 / time = 0.73
best of generation 41 / cbal. = 94.9444 / Wtd. con eff = 3.584 / Wtd. HRF eff = 2.1674 / Pop var. = 0.38409 / time = 0.75
best of generation 42 / cbal. = 94.9444 / Wtd. con eff = 3.584 / Wtd. HRF eff = 2.1674 / Pop var. = 0.45407 / time = 0.74
best of generation 43 / cbal. = 94.9444 / Wtd. con eff = 3.584 / Wtd. HRF eff = 2.1674 / Pop var. = 0.4198 / time = 0.73
best of generation 44 / cbal. = 94.8499 / Wtd. con eff = 3.6132 / Wtd. HRF eff = 2.0481 / Pop var. = 0.36367 / time = 0.73
best of generation 45 / cbal. = 94.8499 / Wtd. con eff = 3.6132 / Wtd. HRF eff = 2.0481 / Pop var. = 0.42879 / time = 0.74
best of generation 46 / cbal. = 94.6059 / Wtd. con eff = 3.639 / Wtd. HRF eff = 2.1696 / Pop var. = 0.35311 / time = 0.74
best of generation 47 / cbal. = 94.6059 / Wtd. con eff = 3.639 / Wtd. HRF eff = 2.1696 / Pop var. = 0.42226 / time = 0.74
best of generation 48 / cbal. = 94.6059 / Wtd. con eff = 3.639 / Wtd. HRF eff = 2.1696 / Pop var. = 0.38441 / time = 0.73
best of generation 49 / cbal. = 94.6059 / Wtd. con eff = 3.639 / Wtd. HRF eff = 2.1696 / Pop var. = 0.41323 / time = 0.74
best of generation 50 / cbal. = 94.6059 / Wtd. con eff = 3.639 / Wtd. HRF eff = 2.1696 / Pop var. = 0.35316 / time = 0.74
best of generation 51 / cbal. = 94.681 / Wtd. con eff = 3.6286 / Wtd. HRF eff = 2.3801 / Pop var. = 0.38648 / time = 0.72
best of generation 52 / cbal. = 94.681 / Wtd. con eff = 3.6286 / Wtd. HRF eff = 2.3801 / Pop var. = 0.4635 / time = 0.77
best of generation 53 / cbal. = 94.681 / Wtd. con eff = 3.6286 / Wtd. HRF eff = 2.3801 / Pop var. = 0.4259 / time = 0.73
best of generation 54 / cbal. = 94.681 / Wtd. con eff = 3.6286 / Wtd. HRF eff = 2.3801 / Pop var. = 0.35742 / time = 0.74
best of generation 55 / cbal. = 94.681 / Wtd. con eff = 3.6286 / Wtd. HRF eff = 2.3801 / Pop var. = 0.45213 / time = 0.74
best of generation 56 / cbal. = 94.681 / Wtd. con eff = 3.6286 / Wtd. HRF eff = 2.3801 / Pop var. = 0.40705 / time = 0.74
best of generation 57 / cbal. = 94.681 / Wtd. con eff = 3.6286 / Wtd. HRF eff = 2.3801 / Pop var. = 0.35224 / time = 0.74
best of generation 58 / cbal. = 94.681 / Wtd. con eff = 3.6286 / Wtd. HRF eff = 2.3801 / Pop var. = 0.42429 / time = 0.73
best of generation 59 / cbal. = 94.681 / Wtd. con eff = 3.6286 / Wtd. HRF eff = 2.3801 / Pop var. = 0.38337 / time = 0.73
best of generation 60 / cbal. = 94.681 / Wtd. con eff = 3.6286 / Wtd. HRF eff = 2.3801 / Pop var. = 0.44014 / time = 0.73
best of generation 61 / cbal. = 94.5026 / Wtd. con eff = 3.6488 / Wtd. HRF eff = 2.3658 / Pop var. = 0.39485 / time = 0.72
best of generation 62 / cbal. = 94.681 / Wtd. con eff = 3.6286 / Wtd. HRF eff = 2.3801 / Pop var. = 0.42626 / time = 0.74
best of generation 63 / cbal. = 94.681 / Wtd. con eff = 3.6286 / Wtd. HRF eff = 2.3801 / Pop var. = 0.35737 / time = 0.77
best of generation 64 / cbal. = 94.681 / Wtd. con eff = 3.6286 / Wtd. HRF eff = 2.3801 / Pop var. = 0.47339 / time = 0.73
best of generation 65 / cbal. = 94.681 / Wtd. con eff = 3.6286 / Wtd. HRF eff = 2.3801 / Pop var. = 0.4174 / time = 0.74
best of generation 66 / cbal. = 94.681 / Wtd. con eff = 3.6286 / Wtd. HRF eff = 2.3801 / Pop var. = 0.36381 / time = 0.73
best of generation 67 / cbal. = 94.681 / Wtd. con eff = 3.6286 / Wtd. HRF eff = 2.3801 / Pop var. = 0.42409 / time = 0.73
best of generation 68 / cbal. = 94.681 / Wtd. con eff = 3.6286 / Wtd. HRF eff = 2.3801 / Pop var. = 0.36163 / time = 0.75
best of generation 69 / cbal. = 94.681 / Wtd. con eff = 3.6286 / Wtd. HRF eff = 2.3801 / Pop var. = 0.4566 / time = 0.74
best of generation 70 / cbal. = 94.681 / Wtd. con eff = 3.6286 / Wtd. HRF eff = 2.3801 / Pop var. = 0.43978 / time = 0.74
best of generation 71 / cbal. = 94.681 / Wtd. con eff = 3.6286 / Wtd. HRF eff = 2.3801 / Pop var. = 0.41659 / time = 0.73
best of generation 72 / cbal. = 94.681 / Wtd. con eff = 3.6286 / Wtd. HRF eff = 2.3801 / Pop var. = 0.37039 / time = 0.74
best of generation 73 / cbal. = 94.681 / Wtd. con eff = 3.6286 / Wtd. HRF eff = 2.3801 / Pop var. = 0.43647 / time = 0.73
best of generation 74 / cbal. = 94.681 / Wtd. con eff = 3.6286 / Wtd. HRF eff = 2.3801 / Pop var. = 0.41305 / time = 0.77
best of generation 75 / cbal. = 94.681 / Wtd. con eff = 3.6286 / Wtd. HRF eff = 2.3801 / Pop var. = 0.38197 / time = 0.73
best of generation 76 / cbal. = 94.8499 / Wtd. con eff = 3.6439 / Wtd. HRF eff = 1.9272 / Pop var. = 0.44618 / time = 0.74
best of generation 77 / cbal. = 94.8499 / Wtd. con eff = 3.6439 / Wtd. HRF eff = 1.9272 / Pop var. = 0.38716 / time = 0.74
best of generation 78 / cbal. = 94.8499 / Wtd. con eff = 3.6439 / Wtd. HRF eff = 1.9272 / Pop var. = 0.47797 / time = 0.74
best of generation 79 / cbal. = 94.8499 / Wtd. con eff = 3.6439 / Wtd. HRF eff = 1.9272 / Pop var. = 0.40544 / time = 0.74
best of generation 80 / cbal. = 94.8499 / Wtd. con eff = 3.6439 / Wtd. HRF eff = 1.9272 / Pop var. = 0.35313 / time = 0.74
best of generation 81 / cbal. = 94.8499 / Wtd. con eff = 3.6439 / Wtd. HRF eff = 1.9272 / Pop var. = 0.40997 / time = 0.73
best of generation 82 / cbal. = 94.8499 / Wtd. con eff = 3.6439 / Wtd. HRF eff = 1.9272 / Pop var. = 0.35225 / time = 0.75
best of generation 83 / cbal. = 94.8499 / Wtd. con eff = 3.6439 / Wtd. HRF eff = 1.9272 / Pop var. = 0.4022 / time = 0.74
best of generation 84 / cbal. = 94.8499 / Wtd. con eff = 3.6439 / Wtd. HRF eff = 1.9272 / Pop var. = 0.34561 / time = 0.73
best of generation 85 / cbal. = 94.8499 / Wtd. con eff = 3.6439 / Wtd. HRF eff = 1.9272 / Pop var. = 0.41271 / time = 0.77
best of generation 86 / cbal. = 94.8499 / Wtd. con eff = 3.6439 / Wtd. HRF eff = 1.9272 / Pop var. = 0.34277 / time = 0.73
best of generation 87 / cbal. = 94.8499 / Wtd. con eff = 3.6439 / Wtd. HRF eff = 1.9272 / Pop var. = 0.41313 / time = 0.73
best of generation 88 / cbal. = 94.8499 / Wtd. con eff = 3.6439 / Wtd. HRF eff = 1.9272 / Pop var. = 0.32798 / time = 0.76
best of generation 89 / cbal. = 94.8499 / Wtd. con eff = 3.6439 / Wtd. HRF eff = 1.9272 / Pop var. = 0.38142 / time = 0.73
best of generation 90 / cbal. = 94.8499 / Wtd. con eff = 3.6439 / Wtd. HRF eff = 1.9272 / Pop var. = 0.44808 / time = 0.75
best of generation 91 / cbal. = 94.8499 / Wtd. con eff = 3.6439 / Wtd. HRF eff = 1.9272 / Pop var. = 0.40397 / time = 0.73
best of generation 92 / cbal. = 94.8499 / Wtd. con eff = 3.6439 / Wtd. HRF eff = 1.9272 / Pop var. = 0.39725 / time = 0.74
best of generation 93 / cbal. = 94.8499 / Wtd. con eff = 3.6439 / Wtd. HRF eff = 1.9272 / Pop var. = 0.4234 / time = 0.74
best of generation 94 / cbal. = 94.8499 / Wtd. con eff = 3.6439 / Wtd. HRF eff = 1.9272 / Pop var. = 0.43242 / time = 0.74
best of generation 95 / cbal. = 94.8499 / Wtd. con eff = 3.6439 / Wtd. HRF eff = 1.9272 / Pop var. = 0.39745 / time = 0.73
best of generation 96 / cbal. = 94.8499 / Wtd. con eff = 3.6439 / Wtd. HRF eff = 1.9272 / Pop var. = 0.4115 / time = 0.76
best of generation 97 / cbal. = 94.8499 / Wtd. con eff = 3.6439 / Wtd. HRF eff = 1.9272 / Pop var. = 0.34339 / time = 0.74
best of generation 98 / cbal. = 94.8499 / Wtd. con eff = 3.6439 / Wtd. HRF eff = 1.9272 / Pop var. = 0.42583 / time = 0.74
best of generation 99 / cbal. = 94.8499 / Wtd. con eff = 3.6439 / Wtd. HRF eff = 1.9272 / Pop var. = 0.41045 / time = 0.74
best of generation 100 / cbal. = 94.8499 / Wtd. con eff = 3.6439 / Wtd. HRF eff = 1.9272 / Pop var. = 0.35879 / time = 0.74
best of generation 101 / cbal. = 94.8499 / Wtd. con eff = 3.6439 / Wtd. HRF eff = 1.9272 / Pop var. = 0.434 / time = 0.78
best of generation 102 / cbal. = 94.8499 / Wtd. con eff = 3.6439 / Wtd. HRF eff = 1.9272 / Pop var. = 0.40935 / time = 0.74
best of generation 103 / cbal. = 94.8499 / Wtd. con eff = 3.6439 / Wtd. HRF eff = 1.9272 / Pop var. = 0.35332 / time = 0.74
best of generation 104 / cbal. = 94.8499 / Wtd. con eff = 3.6439 / Wtd. HRF eff = 1.9272 / Pop var. = 0.44228 / time = 0.74
best of generation 105 / cbal. = 94.1829 / Wtd. con eff = 3.6705 / Wtd. HRF eff = 3.3811 / Pop var. = 0.38643 / time = 0.74
best of generation 106 / cbal. = 94.1829 / Wtd. con eff = 3.6705 / Wtd. HRF eff = 3.3811 / Pop var. = 0.45599 / time = 0.74
best of generation 107 / cbal. = 94.1829 / Wtd. con eff = 3.6705 / Wtd. HRF eff = 3.3811 / Pop var. = 0.41956 / time = 0.74
best of generation 108 / cbal. = 94.1829 / Wtd. con eff = 3.6705 / Wtd. HRF eff = 3.3811 / Pop var. = 0.34086 / time = 0.74
best of generation 109 / cbal. = 94.1829 / Wtd. con eff = 3.6705 / Wtd. HRF eff = 3.3811 / Pop var. = 0.44463 / time = 0.75
best of generation 110 / cbal. = 94.1829 / Wtd. con eff = 3.6705 / Wtd. HRF eff = 3.3811 / Pop var. = 0.40085 / time = 0.74
best of generation 111 / cbal. = 94.3087 / Wtd. con eff = 3.6874 / Wtd. HRF eff = 2.828 / Pop var. = 0.28611 / time = 0.74
best of generation 112 / cbal. = 94.3087 / Wtd. con eff = 3.6874 / Wtd. HRF eff = 2.828 / Pop var. = 0.35626 / time = 0.78
best of generation 113 / cbal. = 94.3087 / Wtd. con eff = 3.6874 / Wtd. HRF eff = 2.828 / Pop var. = 0.45002 / time = 0.74
best of generation 114 / cbal. = 94.3087 / Wtd. con eff = 3.6874 / Wtd. HRF eff = 2.828 / Pop var. = 0.40529 / time = 0.74
best of generation 115 / cbal. = 94.3087 / Wtd. con eff = 3.6874 / Wtd. HRF eff = 2.828 / Pop var. = 0.36449 / time = 0.73
best of generation 116 / cbal. = 94.3087 / Wtd. con eff = 3.6874 / Wtd. HRF eff = 2.828 / Pop var. = 0.41511 / time = 0.74
best of generation 117 / cbal. = 94.3087 / Wtd. con eff = 3.6874 / Wtd. HRF eff = 2.828 / Pop var. = 0.3953 / time = 0.73
best of generation 118 / cbal. = 94.3087 / Wtd. con eff = 3.6874 / Wtd. HRF eff = 2.828 / Pop var. = 0.46065 / time = 0.76
best of generation 119 / cbal. = 94.3087 / Wtd. con eff = 3.6874 / Wtd. HRF eff = 2.828 / Pop var. = 0.40176 / time = 0.73
best of generation 120 / cbal. = 94.4084 / Wtd. con eff = 3.6525 / Wtd. HRF eff = 4.2354 / Pop var. = 0.34649 / time = 0.74
best of generation 121 / cbal. = 94.4084 / Wtd. con eff = 3.6525 / Wtd. HRF eff = 4.2354 / Pop var. = 0.41608 / time = 0.73
best of generation 122 / cbal. = 94.0734 / Wtd. con eff = 3.6994 / Wtd. HRF eff = 4.3955 / Pop var. = 0.39276 / time = 0.74
best of generation 123 / cbal. = 94.0734 / Wtd. con eff = 3.6994 / Wtd. HRF eff = 4.3955 / Pop var. = 0.43875 / time = 0.78
best of generation 124 / cbal. = 94.0734 / Wtd. con eff = 3.6994 / Wtd. HRF eff = 4.3955 / Pop var. = 0.39354 / time = 0.73
best of generation 125 / cbal. = 94.0734 / Wtd. con eff = 3.6994 / Wtd. HRF eff = 4.3955 / Pop var. = 0.46524 / time = 0.74
best of generation 126 / cbal. = 94.0734 / Wtd. con eff = 3.6994 / Wtd. HRF eff = 4.3955 / Pop var. = 0.40111 / time = 0.74
best of generation 127 / cbal. = 94.0734 / Wtd. con eff = 3.6994 / Wtd. HRF eff = 4.3955 / Pop var. = 0.29552 / time = 0.73
best of generation 128 / cbal. = 94.0734 / Wtd. con eff = 3.6994 / Wtd. HRF eff = 4.3955 / Pop var. = 0.34511 / time = 0.74
best of generation 129 / cbal. = 94.0734 / Wtd. con eff = 3.6994 / Wtd. HRF eff = 4.3955 / Pop var. = 0.40556 / time = 0.75
best of generation 130 / cbal. = 94.0734 / Wtd. con eff = 3.6994 / Wtd. HRF eff = 4.3955 / Pop var. = 0.35552 / time = 0.73
best of generation 131 / cbal. = 94.0734 / Wtd. con eff = 3.6994 / Wtd. HRF eff = 4.3955 / Pop var. = 0.38663 / time = 0.73
best of generation 132 / cbal. = 94.0734 / Wtd. con eff = 3.6994 / Wtd. HRF eff = 4.3955 / Pop var. = 0.40335 / time = 0.73
best of generation 133 / cbal. = 94.0734 / Wtd. con eff = 3.6994 / Wtd. HRF eff = 4.3955 / Pop var. = 0.35565 / time = 0.74
best of generation 134 / cbal. = 94.0734 / Wtd. con eff = 3.6994 / Wtd. HRF eff = 4.3955 / Pop var. = 0.41644 / time = 0.77
best of generation 135 / cbal. = 94.0734 / Wtd. con eff = 3.6994 / Wtd. HRF eff = 4.3955 / Pop var. = 0.40055 / time = 0.72
best of generation 136 / cbal. = 94.0734 / Wtd. con eff = 3.6994 / Wtd. HRF eff = 4.3955 / Pop var. = 0.31018 / time = 0.73
best of generation 137 / cbal. = 94.0734 / Wtd. con eff = 3.6994 / Wtd. HRF eff = 4.3955 / Pop var. = 0.37538 / time = 0.74
best of generation 138 / cbal. = 94.0734 / Wtd. con eff = 3.6994 / Wtd. HRF eff = 4.3955 / Pop var. = 0.45552 / time = 0.73
best of generation 139 / cbal. = 94.0734 / Wtd. con eff = 3.6994 / Wtd. HRF eff = 4.3955 / Pop var. = 0.39361 / time = 0.74
best of generation 140 / cbal. = 94.0734 / Wtd. con eff = 3.6994 / Wtd. HRF eff = 4.3955 / Pop var. = 0.44885 / time = 0.75
best of generation 141 / cbal. = 94.0734 / Wtd. con eff = 3.6994 / Wtd. HRF eff = 4.3955 / Pop var. = 0.37517 / time = 0.73
best of generation 142 / cbal. = 94.0734 / Wtd. con eff = 3.6994 / Wtd. HRF eff = 4.3955 / Pop var. = 0.46114 / time = 0.74
best of generation 143 / cbal. = 94.0734 / Wtd. con eff = 3.6994 / Wtd. HRF eff = 4.3955 / Pop var. = 0.42836 / time = 0.74
best of generation 144 / cbal. = 94.0734 / Wtd. con eff = 3.6994 / Wtd. HRF eff = 4.3955 / Pop var. = 0.33994 / time = 0.73
best of generation 145 / cbal. = 94.0734 / Wtd. con eff = 3.6994 / Wtd. HRF eff = 4.3955 / Pop var. = 0.37356 / time = 0.76
best of generation 146 / cbal. = 94.0734 / Wtd. con eff = 3.6994 / Wtd. HRF eff = 4.3955 / Pop var. = 0.41441 / time = 0.74
best of generation 147 / cbal. = 94.0599 / Wtd. con eff = 3.6996 / Wtd. HRF eff = 4.5494 / Pop var. = 0.38072 / time = 0.73
best of generation 148 / cbal. = 94.0599 / Wtd. con eff = 3.6996 / Wtd. HRF eff = 4.5494 / Pop var. = 0.42859 / time = 0.75
best of generation 149 / cbal. = 94.0599 / Wtd. con eff = 3.6996 / Wtd. HRF eff = 4.5494 / Pop var. = 0.38587 / time = 0.72
best of generation 150 / cbal. = 94.0599 / Wtd. con eff = 3.6996 / Wtd. HRF eff = 4.5494 / Pop var. = 0.45788 / time = 0.73
best of generation 151 / cbal. = 94.0599 / Wtd. con eff = 3.6996 / Wtd. HRF eff = 4.5494 / Pop var. = 0.39311 / time = 0.75
best of generation 152 / cbal. = 94.0599 / Wtd. con eff = 3.6996 / Wtd. HRF eff = 4.5494 / Pop var. = 0.47552 / time = 0.74
best of generation 153 / cbal. = 94.0599 / Wtd. con eff = 3.6996 / Wtd. HRF eff = 4.5494 / Pop var. = 0.41544 / time = 0.74
best of generation 154 / cbal. = 94.0599 / Wtd. con eff = 3.6996 / Wtd. HRF eff = 4.5494 / Pop var. = 0.39257 / time = 0.73
best of generation 155 / cbal. = 94.0599 / Wtd. con eff = 3.6996 / Wtd. HRF eff = 4.5494 / Pop var. = 0.50812 / time = 0.74
best of generation 156 / cbal. = 94.0599 / Wtd. con eff = 3.6996 / Wtd. HRF eff = 4.5494 / Pop var. = 0.48192 / time = 0.78
best of generation 157 / cbal. = 94.0599 / Wtd. con eff = 3.6996 / Wtd. HRF eff = 4.5494 / Pop var. = 0.43538 / time = 0.74
best of generation 158 / cbal. = 94.0599 / Wtd. con eff = 3.6996 / Wtd. HRF eff = 4.5494 / Pop var. = 0.42309 / time = 0.73
best of generation 159 / cbal. = 94.0599 / Wtd. con eff = 3.6996 / Wtd. HRF eff = 4.5494 / Pop var. = 0.41206 / time = 0.74
best of generation 160 / cbal. = 94.0599 / Wtd. con eff = 3.6996 / Wtd. HRF eff = 4.5494 / Pop var. = 0.37495 / time = 0.74
saving workspace as GAresults.mat
M = 
     origlist: [49x1 double]
     restlist: [20x1 double]
     stimlist: [60x1 double]
           ga: [1x1 struct]
    bestLists: [60x160 uint8]
         date: '11-9-2014'
optimizeGA done: 120.43 s
