Starting Model 49
OptimizeGA
===============================
Saturation threshold = 
Setting up variables
You entered 2 conditions  (event types) that will each be modeled with a regessor. 
 Note that if you enter 0 as a condition number, those events will not be modeled
 (they are assumed to be rest/inter-stimulus interval periods)

Contrasts entered. You entered matrix of 3 contrasts, with weights across 4 conditions.
 Contrasts:
     1     1    -1    -1
     1     0    -1     0
     0     1     0    -1
 ...adding one column to contrast matrix with weights of 0, to model the intercept
You entered a contrast weight vector across 3 contrasts
 	...Using rests of length 1 and resting every 4
================== Parameters ======================
     Total stimuli in scan      : 60
     Fixed rest length in ITIs  : 1
     Fixed Rest stimuli in scan : 11
     Num blank intervals        : 9
     Num of task conds          : 2
     Num stimuli each cond      : 20  20
====================================================
	...generating lists of organisms
	...USING TRANS2BLOCK >
     freqConditions = 0.2         0.2         0.2         0.2
     conditions = 1  2  3  4
REST INTERVALS: not used (to use, freqCond should be one longer than conditions
  ...randomizing organism start state
	...restMatrix is 20 X 40
ans =
     4     4     4     4     4     4     4     4     4     4
     4     4     4     4     4     4     4     4     4     4
     4     4     4     4     4     4     4     4     4     4
     4     4     4     4     4     4     4     4     4     4
     4     4     4     4     4     4     4     4     4     4
======== Num stimuli, averaged across lists (before instruction/rest stimuli) ========
		Condition 0: 9 stimuli, 15% of total stimuli
		Condition 1: 20 stimuli, 33.3333% of total stimuli
		Condition 2: 20 stimuli, 33.3333% of total stimuli
		Condition 3: 0 stimuli, 0% of total stimuli
		Condition 4: 0 stimuli, 0% of total stimuli
======================================================================================
best of generation 1 / cbal. = 94.5536 / Wtd. con eff = 2.6469 / Wtd. HRF eff = 0.63961 / Pop var. = 0.85686 / time = 0.73
best of generation 2 / cbal. = 94.5532 / Wtd. con eff = 2.6337 / Wtd. HRF eff = 0.65388 / Pop var. = 0.84833 / time = 0.72
best of generation 3 / cbal. = 94.3296 / Wtd. con eff = 2.9402 / Wtd. HRF eff = 0.52548 / Pop var. = 0.83109 / time = 0.71
best of generation 4 / cbal. = 94.6181 / Wtd. con eff = 2.957 / Wtd. HRF eff = 0.50973 / Pop var. = 0.8177 / time = 0.72
best of generation 5 / cbal. = 94.8201 / Wtd. con eff = 2.9509 / Wtd. HRF eff = 0.61912 / Pop var. = 0.78078 / time = 0.73
best of generation 6 / cbal. = 95.4425 / Wtd. con eff = 2.9616 / Wtd. HRF eff = 0.59501 / Pop var. = 0.75833 / time = 0.73
best of generation 7 / cbal. = 94.3303 / Wtd. con eff = 3.2231 / Wtd. HRF eff = 0.51917 / Pop var. = 0.7315 / time = 0.71
best of generation 8 / cbal. = 94.5614 / Wtd. con eff = 3.254 / Wtd. HRF eff = 1.1044 / Pop var. = 0.72826 / time = 0.71
best of generation 9 / cbal. = 95.1411 / Wtd. con eff = 3.4054 / Wtd. HRF eff = 0.93549 / Pop var. = 0.69345 / time = 0.72
best of generation 10 / cbal. = 94.6508 / Wtd. con eff = 3.5007 / Wtd. HRF eff = 1.1501 / Pop var. = 0.667 / time = 0.72
best of generation 11 / cbal. = 94.6508 / Wtd. con eff = 3.5007 / Wtd. HRF eff = 1.1501 / Pop var. = 0.61421 / time = 0.74
best of generation 12 / cbal. = 94.6508 / Wtd. con eff = 3.5007 / Wtd. HRF eff = 1.1501 / Pop var. = 0.56666 / time = 0.72
best of generation 13 / cbal. = 94.6508 / Wtd. con eff = 3.5007 / Wtd. HRF eff = 1.1501 / Pop var. = 0.52266 / time = 0.73
best of generation 14 / cbal. = 95.256 / Wtd. con eff = 3.4836 / Wtd. HRF eff = 1.1259 / Pop var. = 0.47352 / time = 0.73
best of generation 15 / cbal. = 95.256 / Wtd. con eff = 3.4836 / Wtd. HRF eff = 1.1259 / Pop var. = 0.39526 / time = 0.73
best of generation 16 / cbal. = 94.3228 / Wtd. con eff = 3.6408 / Wtd. HRF eff = 1.1676 / Pop var. = 0.41617 / time = 0.73
best of generation 17 / cbal. = 94.3228 / Wtd. con eff = 3.6408 / Wtd. HRF eff = 1.1676 / Pop var. = 0.3767 / time = 0.74
best of generation 18 / cbal. = 94.3228 / Wtd. con eff = 3.6408 / Wtd. HRF eff = 1.1676 / Pop var. = 0.45107 / time = 0.72
best of generation 19 / cbal. = 94.3228 / Wtd. con eff = 3.6408 / Wtd. HRF eff = 1.1676 / Pop var. = 0.40467 / time = 0.73
best of generation 20 / cbal. = 94.4662 / Wtd. con eff = 3.6586 / Wtd. HRF eff = 1.2186 / Pop var. = 0.36481 / time = 0.73
best of generation 21 / cbal. = 94.4662 / Wtd. con eff = 3.6586 / Wtd. HRF eff = 1.2186 / Pop var. = 0.44624 / time = 0.73
best of generation 22 / cbal. = 94.9206 / Wtd. con eff = 3.6363 / Wtd. HRF eff = 1.1425 / Pop var. = 0.40513 / time = 0.76
best of generation 23 / cbal. = 94.9206 / Wtd. con eff = 3.6363 / Wtd. HRF eff = 1.1425 / Pop var. = 0.3938 / time = 0.73
best of generation 24 / cbal. = 94.9206 / Wtd. con eff = 3.6363 / Wtd. HRF eff = 1.1425 / Pop var. = 0.48678 / time = 0.74
best of generation 25 / cbal. = 94.9206 / Wtd. con eff = 3.6363 / Wtd. HRF eff = 1.1425 / Pop var. = 0.43954 / time = 0.74
best of generation 26 / cbal. = 94.9206 / Wtd. con eff = 3.6363 / Wtd. HRF eff = 1.1425 / Pop var. = 0.38621 / time = 0.74
best of generation 27 / cbal. = 94.9206 / Wtd. con eff = 3.6363 / Wtd. HRF eff = 1.1425 / Pop var. = 0.45121 / time = 0.74
best of generation 28 / cbal. = 94.7037 / Wtd. con eff = 3.6583 / Wtd. HRF eff = 1.1757 / Pop var. = 0.42141 / time = 0.75
best of generation 29 / cbal. = 94.7037 / Wtd. con eff = 3.6583 / Wtd. HRF eff = 1.1757 / Pop var. = 0.37348 / time = 0.73
best of generation 30 / cbal. = 94.7037 / Wtd. con eff = 3.6583 / Wtd. HRF eff = 1.1757 / Pop var. = 0.50358 / time = 0.73
best of generation 31 / cbal. = 94.7037 / Wtd. con eff = 3.6583 / Wtd. HRF eff = 1.1757 / Pop var. = 0.4709 / time = 0.73
best of generation 32 / cbal. = 94.7037 / Wtd. con eff = 3.6583 / Wtd. HRF eff = 1.1757 / Pop var. = 0.4521 / time = 0.76
best of generation 33 / cbal. = 94.7037 / Wtd. con eff = 3.6583 / Wtd. HRF eff = 1.1757 / Pop var. = 0.43217 / time = 0.76
best of generation 34 / cbal. = 94.7037 / Wtd. con eff = 3.6583 / Wtd. HRF eff = 1.1757 / Pop var. = 0.44965 / time = 0.75
best of generation 35 / cbal. = 94.7037 / Wtd. con eff = 3.6583 / Wtd. HRF eff = 1.1757 / Pop var. = 0.44576 / time = 0.73
best of generation 36 / cbal. = 94.9206 / Wtd. con eff = 3.6363 / Wtd. HRF eff = 1.1425 / Pop var. = 0.39441 / time = 0.74
best of generation 37 / cbal. = 94.9206 / Wtd. con eff = 3.6363 / Wtd. HRF eff = 1.1425 / Pop var. = 0.44875 / time = 0.74
best of generation 38 / cbal. = 94.9206 / Wtd. con eff = 3.6363 / Wtd. HRF eff = 1.1425 / Pop var. = 0.39622 / time = 0.74
best of generation 39 / cbal. = 94.9206 / Wtd. con eff = 3.6363 / Wtd. HRF eff = 1.1425 / Pop var. = 0.38934 / time = 0.74
best of generation 40 / cbal. = 94.9603 / Wtd. con eff = 3.5948 / Wtd. HRF eff = 1.4034 / Pop var. = 0.46908 / time = 0.73
best of generation 41 / cbal. = 94.9603 / Wtd. con eff = 3.5948 / Wtd. HRF eff = 1.4034 / Pop var. = 0.40645 / time = 0.74
best of generation 42 / cbal. = 94.9603 / Wtd. con eff = 3.5948 / Wtd. HRF eff = 1.4034 / Pop var. = 0.36949 / time = 0.76
best of generation 43 / cbal. = 94.9603 / Wtd. con eff = 3.5948 / Wtd. HRF eff = 1.4034 / Pop var. = 0.43234 / time = 0.73
best of generation 44 / cbal. = 94.9603 / Wtd. con eff = 3.5948 / Wtd. HRF eff = 1.4034 / Pop var. = 0.4147 / time = 0.76
best of generation 45 / cbal. = 94.9603 / Wtd. con eff = 3.5948 / Wtd. HRF eff = 1.4034 / Pop var. = 0.38124 / time = 0.74
best of generation 46 / cbal. = 94.9603 / Wtd. con eff = 3.5948 / Wtd. HRF eff = 1.4034 / Pop var. = 0.46091 / time = 0.74
best of generation 47 / cbal. = 94.9603 / Wtd. con eff = 3.5948 / Wtd. HRF eff = 1.4034 / Pop var. = 0.43048 / time = 0.73
best of generation 48 / cbal. = 94.9603 / Wtd. con eff = 3.5948 / Wtd. HRF eff = 1.4034 / Pop var. = 0.41241 / time = 0.74
best of generation 49 / cbal. = 94.4156 / Wtd. con eff = 3.6766 / Wtd. HRF eff = 1.1828 / Pop var. = 0.37537 / time = 0.75
best of generation 50 / cbal. = 94.1279 / Wtd. con eff = 3.6778 / Wtd. HRF eff = 1.6571 / Pop var. = 0.46022 / time = 0.74
best of generation 51 / cbal. = 94.1279 / Wtd. con eff = 3.6778 / Wtd. HRF eff = 1.6571 / Pop var. = 0.42183 / time = 0.73
best of generation 52 / cbal. = 94.1279 / Wtd. con eff = 3.6778 / Wtd. HRF eff = 1.6571 / Pop var. = 0.40113 / time = 0.74
best of generation 53 / cbal. = 94.3441 / Wtd. con eff = 3.6844 / Wtd. HRF eff = 1.9831 / Pop var. = 0.36603 / time = 0.74
best of generation 54 / cbal. = 94.3441 / Wtd. con eff = 3.6844 / Wtd. HRF eff = 1.9831 / Pop var. = 0.43017 / time = 0.73
best of generation 55 / cbal. = 94.1899 / Wtd. con eff = 3.6934 / Wtd. HRF eff = 3.6432 / Pop var. = 0.35067 / time = 0.77
best of generation 56 / cbal. = 94.1899 / Wtd. con eff = 3.6934 / Wtd. HRF eff = 3.6432 / Pop var. = 0.44887 / time = 0.73
best of generation 57 / cbal. = 94.1899 / Wtd. con eff = 3.6934 / Wtd. HRF eff = 3.6432 / Pop var. = 0.41312 / time = 0.75
best of generation 58 / cbal. = 94.1899 / Wtd. con eff = 3.6934 / Wtd. HRF eff = 3.6432 / Pop var. = 0.35596 / time = 0.72
best of generation 59 / cbal. = 94.1899 / Wtd. con eff = 3.6934 / Wtd. HRF eff = 3.6432 / Pop var. = 0.42348 / time = 0.74
best of generation 60 / cbal. = 94.1899 / Wtd. con eff = 3.6934 / Wtd. HRF eff = 3.6432 / Pop var. = 0.41095 / time = 0.74
best of generation 61 / cbal. = 94.1899 / Wtd. con eff = 3.6934 / Wtd. HRF eff = 3.6432 / Pop var. = 0.31624 / time = 0.74
best of generation 62 / cbal. = 94.1899 / Wtd. con eff = 3.6934 / Wtd. HRF eff = 3.6432 / Pop var. = 0.44681 / time = 0.74
best of generation 63 / cbal. = 94.1899 / Wtd. con eff = 3.6934 / Wtd. HRF eff = 3.6432 / Pop var. = 0.3909 / time = 0.74
best of generation 64 / cbal. = 94.1899 / Wtd. con eff = 3.6934 / Wtd. HRF eff = 3.6432 / Pop var. = 0.43297 / time = 0.73
best of generation 65 / cbal. = 94.1899 / Wtd. con eff = 3.6934 / Wtd. HRF eff = 3.6432 / Pop var. = 0.36754 / time = 0.74
best of generation 66 / cbal. = 94.1899 / Wtd. con eff = 3.6934 / Wtd. HRF eff = 3.6432 / Pop var. = 0.42645 / time = 0.77
best of generation 67 / cbal. = 94.1899 / Wtd. con eff = 3.6934 / Wtd. HRF eff = 3.6432 / Pop var. = 0.38548 / time = 0.74
best of generation 68 / cbal. = 94.1899 / Wtd. con eff = 3.6934 / Wtd. HRF eff = 3.6432 / Pop var. = 0.46333 / time = 0.73
best of generation 69 / cbal. = 94.1899 / Wtd. con eff = 3.6934 / Wtd. HRF eff = 3.6432 / Pop var. = 0.38837 / time = 0.74
best of generation 70 / cbal. = 94.1899 / Wtd. con eff = 3.6934 / Wtd. HRF eff = 3.6432 / Pop var. = 0.4646 / time = 0.73
best of generation 71 / cbal. = 94.1899 / Wtd. con eff = 3.6934 / Wtd. HRF eff = 3.6432 / Pop var. = 0.45839 / time = 0.74
best of generation 72 / cbal. = 94.1899 / Wtd. con eff = 3.6934 / Wtd. HRF eff = 3.6432 / Pop var. = 0.36639 / time = 0.75
best of generation 73 / cbal. = 94.1899 / Wtd. con eff = 3.6934 / Wtd. HRF eff = 3.6432 / Pop var. = 0.44027 / time = 0.73
best of generation 74 / cbal. = 94.1899 / Wtd. con eff = 3.6934 / Wtd. HRF eff = 3.6432 / Pop var. = 0.39015 / time = 0.73
best of generation 75 / cbal. = 94.1899 / Wtd. con eff = 3.6934 / Wtd. HRF eff = 3.6432 / Pop var. = 0.45328 / time = 0.73
best of generation 76 / cbal. = 94.1899 / Wtd. con eff = 3.6934 / Wtd. HRF eff = 3.6432 / Pop var. = 0.41472 / time = 0.73
best of generation 77 / cbal. = 94.1899 / Wtd. con eff = 3.6934 / Wtd. HRF eff = 3.6432 / Pop var. = 0.36677 / time = 0.75
best of generation 78 / cbal. = 94.1899 / Wtd. con eff = 3.6934 / Wtd. HRF eff = 3.6432 / Pop var. = 0.45453 / time = 0.74
best of generation 79 / cbal. = 94.1899 / Wtd. con eff = 3.6934 / Wtd. HRF eff = 3.6432 / Pop var. = 0.39417 / time = 0.73
best of generation 80 / cbal. = 94.1899 / Wtd. con eff = 3.6934 / Wtd. HRF eff = 3.6432 / Pop var. = 0.45038 / time = 0.73
best of generation 81 / cbal. = 94.1899 / Wtd. con eff = 3.6934 / Wtd. HRF eff = 3.6432 / Pop var. = 0.43747 / time = 0.74
best of generation 82 / cbal. = 94.1899 / Wtd. con eff = 3.6934 / Wtd. HRF eff = 3.6432 / Pop var. = 0.40437 / time = 0.76
best of generation 83 / cbal. = 94.1899 / Wtd. con eff = 3.6934 / Wtd. HRF eff = 3.6432 / Pop var. = 0.3865 / time = 0.77
best of generation 84 / cbal. = 94.1899 / Wtd. con eff = 3.6934 / Wtd. HRF eff = 3.6432 / Pop var. = 0.43761 / time = 0.73
best of generation 85 / cbal. = 94.1899 / Wtd. con eff = 3.6934 / Wtd. HRF eff = 3.6432 / Pop var. = 0.38172 / time = 0.74
best of generation 86 / cbal. = 94.1899 / Wtd. con eff = 3.6934 / Wtd. HRF eff = 3.6432 / Pop var. = 0.46914 / time = 0.73
best of generation 87 / cbal. = 94.1899 / Wtd. con eff = 3.6934 / Wtd. HRF eff = 3.6432 / Pop var. = 0.43515 / time = 0.74
best of generation 88 / cbal. = 94.1899 / Wtd. con eff = 3.6934 / Wtd. HRF eff = 3.6432 / Pop var. = 0.35586 / time = 0.76
best of generation 89 / cbal. = 94.5099 / Wtd. con eff = 3.6552 / Wtd. HRF eff = 3.5188 / Pop var. = 0.39517 / time = 0.74
best of generation 90 / cbal. = 94.5099 / Wtd. con eff = 3.6552 / Wtd. HRF eff = 3.5188 / Pop var. = 0.47907 / time = 0.74
best of generation 91 / cbal. = 94.5099 / Wtd. con eff = 3.6552 / Wtd. HRF eff = 3.5188 / Pop var. = 0.44224 / time = 0.72
best of generation 92 / cbal. = 94.5099 / Wtd. con eff = 3.6552 / Wtd. HRF eff = 3.5188 / Pop var. = 0.43611 / time = 0.73
best of generation 93 / cbal. = 94.5099 / Wtd. con eff = 3.6552 / Wtd. HRF eff = 3.5188 / Pop var. = 0.36023 / time = 0.74
best of generation 94 / cbal. = 94.5099 / Wtd. con eff = 3.6552 / Wtd. HRF eff = 3.5188 / Pop var. = 0.40123 / time = 0.75
best of generation 95 / cbal. = 94.5099 / Wtd. con eff = 3.6552 / Wtd. HRF eff = 3.5188 / Pop var. = 0.38159 / time = 0.73
best of generation 96 / cbal. = 94.5099 / Wtd. con eff = 3.6552 / Wtd. HRF eff = 3.5188 / Pop var. = 0.44351 / time = 0.74
best of generation 97 / cbal. = 94.5099 / Wtd. con eff = 3.6552 / Wtd. HRF eff = 3.5188 / Pop var. = 0.41171 / time = 0.74
best of generation 98 / cbal. = 94.5099 / Wtd. con eff = 3.6552 / Wtd. HRF eff = 3.5188 / Pop var. = 0.38917 / time = 0.73
best of generation 99 / cbal. = 94.5099 / Wtd. con eff = 3.6552 / Wtd. HRF eff = 3.5188 / Pop var. = 0.42306 / time = 0.74
best of generation 100 / cbal. = 94.5099 / Wtd. con eff = 3.6552 / Wtd. HRF eff = 3.5188 / Pop var. = 0.38926 / time = 0.73
best of generation 101 / cbal. = 94.5099 / Wtd. con eff = 3.6552 / Wtd. HRF eff = 3.5188 / Pop var. = 0.44271 / time = 0.72
best of generation 102 / cbal. = 94.5099 / Wtd. con eff = 3.6552 / Wtd. HRF eff = 3.5188 / Pop var. = 0.41677 / time = 0.73
best of generation 103 / cbal. = 94.5099 / Wtd. con eff = 3.6552 / Wtd. HRF eff = 3.5188 / Pop var. = 0.33831 / time = 0.74
best of generation 104 / cbal. = 94.5099 / Wtd. con eff = 3.6552 / Wtd. HRF eff = 3.5188 / Pop var. = 0.38645 / time = 0.75
best of generation 105 / cbal. = 94.5099 / Wtd. con eff = 3.6552 / Wtd. HRF eff = 3.5188 / Pop var. = 0.44809 / time = 0.76
best of generation 106 / cbal. = 94.5099 / Wtd. con eff = 3.6552 / Wtd. HRF eff = 3.5188 / Pop var. = 0.40067 / time = 0.75
best of generation 107 / cbal. = 94.5099 / Wtd. con eff = 3.6552 / Wtd. HRF eff = 3.5188 / Pop var. = 0.34019 / time = 0.74
best of generation 108 / cbal. = 94.5099 / Wtd. con eff = 3.6552 / Wtd. HRF eff = 3.5188 / Pop var. = 0.40724 / time = 0.72
best of generation 109 / cbal. = 94.5099 / Wtd. con eff = 3.6552 / Wtd. HRF eff = 3.5188 / Pop var. = 0.35678 / time = 0.75
best of generation 110 / cbal. = 94.5099 / Wtd. con eff = 3.6552 / Wtd. HRF eff = 3.5188 / Pop var. = 0.44156 / time = 0.74
best of generation 111 / cbal. = 94.5099 / Wtd. con eff = 3.6552 / Wtd. HRF eff = 3.5188 / Pop var. = 0.42236 / time = 0.72
best of generation 112 / cbal. = 94.5099 / Wtd. con eff = 3.6552 / Wtd. HRF eff = 3.5188 / Pop var. = 0.3908 / time = 0.74
best of generation 113 / cbal. = 94.5099 / Wtd. con eff = 3.6552 / Wtd. HRF eff = 3.5188 / Pop var. = 0.49213 / time = 0.73
best of generation 114 / cbal. = 94.5099 / Wtd. con eff = 3.6552 / Wtd. HRF eff = 3.5188 / Pop var. = 0.48305 / time = 0.73
best of generation 115 / cbal. = 94.5099 / Wtd. con eff = 3.6552 / Wtd. HRF eff = 3.5188 / Pop var. = 0.35782 / time = 0.75
best of generation 116 / cbal. = 94.5099 / Wtd. con eff = 3.6552 / Wtd. HRF eff = 3.5188 / Pop var. = 0.37727 / time = 0.75
best of generation 117 / cbal. = 94.5099 / Wtd. con eff = 3.6552 / Wtd. HRF eff = 3.5188 / Pop var. = 0.44571 / time = 0.73
best of generation 118 / cbal. = 94.5099 / Wtd. con eff = 3.6552 / Wtd. HRF eff = 3.5188 / Pop var. = 0.44187 / time = 0.73
best of generation 119 / cbal. = 94.5099 / Wtd. con eff = 3.6552 / Wtd. HRF eff = 3.5188 / Pop var. = 0.40435 / time = 0.73
best of generation 120 / cbal. = 94.5099 / Wtd. con eff = 3.6552 / Wtd. HRF eff = 3.5188 / Pop var. = 0.36391 / time = 0.73
best of generation 121 / cbal. = 94.5099 / Wtd. con eff = 3.6552 / Wtd. HRF eff = 3.5188 / Pop var. = 0.39472 / time = 0.75
best of generation 122 / cbal. = 94.5099 / Wtd. con eff = 3.6552 / Wtd. HRF eff = 3.5188 / Pop var. = 0.44374 / time = 0.73
best of generation 123 / cbal. = 94.5099 / Wtd. con eff = 3.6552 / Wtd. HRF eff = 3.5188 / Pop var. = 0.41326 / time = 0.74
best of generation 124 / cbal. = 94.5099 / Wtd. con eff = 3.6552 / Wtd. HRF eff = 3.5188 / Pop var. = 0.35598 / time = 0.74
best of generation 125 / cbal. = 94.5099 / Wtd. con eff = 3.6552 / Wtd. HRF eff = 3.5188 / Pop var. = 0.45835 / time = 0.74
best of generation 126 / cbal. = 94.5099 / Wtd. con eff = 3.6552 / Wtd. HRF eff = 3.5188 / Pop var. = 0.4314 / time = 0.74
best of generation 127 / cbal. = 94.5099 / Wtd. con eff = 3.6552 / Wtd. HRF eff = 3.5188 / Pop var. = 0.39693 / time = 0.73
best of generation 128 / cbal. = 94.5099 / Wtd. con eff = 3.6552 / Wtd. HRF eff = 3.5188 / Pop var. = 0.48983 / time = 0.73
best of generation 129 / cbal. = 94.5099 / Wtd. con eff = 3.6552 / Wtd. HRF eff = 3.5188 / Pop var. = 0.40402 / time = 0.72
best of generation 130 / cbal. = 94.2176 / Wtd. con eff = 3.6871 / Wtd. HRF eff = 3.5804 / Pop var. = 0.3305 / time = 0.74
best of generation 131 / cbal. = 94.5393 / Wtd. con eff = 3.6554 / Wtd. HRF eff = 3.4088 / Pop var. = 0.41053 / time = 0.72
best of generation 132 / cbal. = 94.5393 / Wtd. con eff = 3.6554 / Wtd. HRF eff = 3.4088 / Pop var. = 0.34526 / time = 0.76
best of generation 133 / cbal. = 94.5393 / Wtd. con eff = 3.6554 / Wtd. HRF eff = 3.4088 / Pop var. = 0.40848 / time = 0.74
best of generation 134 / cbal. = 94.5393 / Wtd. con eff = 3.6554 / Wtd. HRF eff = 3.4088 / Pop var. = 0.38611 / time = 0.73
best of generation 135 / cbal. = 94.5393 / Wtd. con eff = 3.6554 / Wtd. HRF eff = 3.4088 / Pop var. = 0.44734 / time = 0.73
best of generation 136 / cbal. = 94.5393 / Wtd. con eff = 3.6516 / Wtd. HRF eff = 3.6917 / Pop var. = 0.42031 / time = 0.73
best of generation 137 / cbal. = 94.5393 / Wtd. con eff = 3.6554 / Wtd. HRF eff = 3.4088 / Pop var. = 0.3626 / time = 0.74
best of generation 138 / cbal. = 94.5393 / Wtd. con eff = 3.6554 / Wtd. HRF eff = 3.4088 / Pop var. = 0.42306 / time = 0.73
best of generation 139 / cbal. = 94.554 / Wtd. con eff = 3.6554 / Wtd. HRF eff = 3.3877 / Pop var. = 0.39544 / time = 0.73
best of generation 140 / cbal. = 94.554 / Wtd. con eff = 3.6554 / Wtd. HRF eff = 3.3877 / Pop var. = 0.41226 / time = 0.74
best of generation 141 / cbal. = 94.554 / Wtd. con eff = 3.6554 / Wtd. HRF eff = 3.3877 / Pop var. = 0.35985 / time = 0.73
best of generation 142 / cbal. = 94.554 / Wtd. con eff = 3.6554 / Wtd. HRF eff = 3.3877 / Pop var. = 0.4299 / time = 0.73
best of generation 143 / cbal. = 94.554 / Wtd. con eff = 3.6554 / Wtd. HRF eff = 3.3877 / Pop var. = 0.39081 / time = 0.76
best of generation 144 / cbal. = 94.554 / Wtd. con eff = 3.6554 / Wtd. HRF eff = 3.3877 / Pop var. = 0.46805 / time = 0.74
best of generation 145 / cbal. = 94.554 / Wtd. con eff = 3.6554 / Wtd. HRF eff = 3.3877 / Pop var. = 0.44541 / time = 0.74
best of generation 146 / cbal. = 94.554 / Wtd. con eff = 3.6554 / Wtd. HRF eff = 3.3877 / Pop var. = 0.40248 / time = 0.73
best of generation 147 / cbal. = 94.554 / Wtd. con eff = 3.6554 / Wtd. HRF eff = 3.3877 / Pop var. = 0.34784 / time = 0.73
best of generation 148 / cbal. = 94.554 / Wtd. con eff = 3.6554 / Wtd. HRF eff = 3.3877 / Pop var. = 0.41406 / time = 0.73
best of generation 149 / cbal. = 94.554 / Wtd. con eff = 3.6554 / Wtd. HRF eff = 3.3877 / Pop var. = 0.3713 / time = 0.74
best of generation 150 / cbal. = 94.554 / Wtd. con eff = 3.6554 / Wtd. HRF eff = 3.3877 / Pop var. = 0.44039 / time = 0.73
best of generation 151 / cbal. = 94.554 / Wtd. con eff = 3.6554 / Wtd. HRF eff = 3.3877 / Pop var. = 0.36243 / time = 0.72
best of generation 152 / cbal. = 94.554 / Wtd. con eff = 3.6554 / Wtd. HRF eff = 3.3877 / Pop var. = 0.45032 / time = 0.74
best of generation 153 / cbal. = 94.554 / Wtd. con eff = 3.6554 / Wtd. HRF eff = 3.3877 / Pop var. = 0.35212 / time = 0.75
best of generation 154 / cbal. = 94.554 / Wtd. con eff = 3.6554 / Wtd. HRF eff = 3.3877 / Pop var. = 0.45386 / time = 0.79
best of generation 155 / cbal. = 94.554 / Wtd. con eff = 3.6554 / Wtd. HRF eff = 3.3877 / Pop var. = 0.44802 / time = 0.74
best of generation 156 / cbal. = 94.554 / Wtd. con eff = 3.6554 / Wtd. HRF eff = 3.3877 / Pop var. = 0.41464 / time = 0.74
best of generation 157 / cbal. = 94.554 / Wtd. con eff = 3.6554 / Wtd. HRF eff = 3.3877 / Pop var. = 0.34691 / time = 0.73
best of generation 158 / cbal. = 94.554 / Wtd. con eff = 3.6554 / Wtd. HRF eff = 3.3877 / Pop var. = 0.40035 / time = 0.74
best of generation 159 / cbal. = 94.554 / Wtd. con eff = 3.6554 / Wtd. HRF eff = 3.3877 / Pop var. = 0.33734 / time = 0.74
best of generation 160 / cbal. = 94.554 / Wtd. con eff = 3.6554 / Wtd. HRF eff = 3.3877 / Pop var. = 0.46046 / time = 0.75
saving workspace as GAresults.mat
M = 
     origlist: [49x1 double]
     restlist: [20x1 double]
     stimlist: [60x1 double]
           ga: [1x1 struct]
    bestLists: [60x160 uint8]
         date: '11-9-2014'
optimizeGA done: 120.28 s
