Starting Model 43
OptimizeGA
===============================
Saturation threshold = 
Setting up variables
You entered 2 conditions  (event types) that will each be modeled with a regessor. 
 Note that if you enter 0 as a condition number, those events will not be modeled
 (they are assumed to be rest/inter-stimulus interval periods)

Contrasts entered. You entered matrix of 3 contrasts, with weights across 4 conditions.
 Contrasts:
     1     1    -1    -1
     1     0    -1     0
     0     1     0    -1
 ...adding one column to contrast matrix with weights of 0, to model the intercept
You entered a contrast weight vector across 3 contrasts
 	...Using rests of length 1 and resting every 4
================== Parameters ======================
     Total stimuli in scan      : 60
     Fixed rest length in ITIs  : 1
     Fixed Rest stimuli in scan : 11
     Num blank intervals        : 9
     Num of task conds          : 2
     Num stimuli each cond      : 20  20
====================================================
	...generating lists of organisms
	...USING TRANS2BLOCK >
     freqConditions = 0.2         0.2         0.2         0.2
     conditions = 1  2  3  4
REST INTERVALS: not used (to use, freqCond should be one longer than conditions
  ...randomizing organism start state
	...restMatrix is 20 X 40
ans =
     4     4     4     4     4     4     4     4     4     4
     4     4     4     4     4     4     4     4     4     4
     4     4     4     4     4     4     4     4     4     4
     4     4     4     4     4     4     4     4     4     4
     4     4     4     4     4     4     4     4     4     4
======== Num stimuli, averaged across lists (before instruction/rest stimuli) ========
		Condition 0: 9 stimuli, 15% of total stimuli
		Condition 1: 20 stimuli, 33.3333% of total stimuli
		Condition 2: 20 stimuli, 33.3333% of total stimuli
		Condition 3: 0 stimuli, 0% of total stimuli
		Condition 4: 0 stimuli, 0% of total stimuli
======================================================================================
best of generation 1 / cbal. = 94.061 / Wtd. con eff = 2.5168 / Wtd. HRF eff = 0.76786 / Pop var. = 0.86365 / time = 0.74
best of generation 2 / cbal. = 94.9479 / Wtd. con eff = 2.7603 / Wtd. HRF eff = 0.56186 / Pop var. = 0.8414 / time = 0.72
best of generation 3 / cbal. = 94.484 / Wtd. con eff = 2.8141 / Wtd. HRF eff = 0.64591 / Pop var. = 0.82439 / time = 0.72
best of generation 4 / cbal. = 95.3688 / Wtd. con eff = 2.9832 / Wtd. HRF eff = 0.71533 / Pop var. = 0.80392 / time = 0.71
best of generation 5 / cbal. = 95.3688 / Wtd. con eff = 2.9832 / Wtd. HRF eff = 0.71533 / Pop var. = 0.79128 / time = 0.73
best of generation 6 / cbal. = 95.1062 / Wtd. con eff = 3.0441 / Wtd. HRF eff = 0.7127 / Pop var. = 0.79722 / time = 0.72
best of generation 7 / cbal. = 95.2737 / Wtd. con eff = 3.0096 / Wtd. HRF eff = 0.68812 / Pop var. = 0.78461 / time = 0.72
best of generation 8 / cbal. = 95.2737 / Wtd. con eff = 3.0096 / Wtd. HRF eff = 0.68812 / Pop var. = 0.76002 / time = 0.72
best of generation 9 / cbal. = 95.1698 / Wtd. con eff = 3.2904 / Wtd. HRF eff = 0.75438 / Pop var. = 0.71687 / time = 0.72
best of generation 10 / cbal. = 95.155 / Wtd. con eff = 3.2964 / Wtd. HRF eff = 0.72378 / Pop var. = 0.70715 / time = 0.73
best of generation 11 / cbal. = 95.155 / Wtd. con eff = 3.2964 / Wtd. HRF eff = 0.72378 / Pop var. = 0.70657 / time = 0.76
best of generation 12 / cbal. = 94.9608 / Wtd. con eff = 3.3746 / Wtd. HRF eff = 0.74317 / Pop var. = 0.69598 / time = 0.73
best of generation 13 / cbal. = 94.8812 / Wtd. con eff = 3.4676 / Wtd. HRF eff = 0.96806 / Pop var. = 0.69363 / time = 0.72
best of generation 14 / cbal. = 94.8812 / Wtd. con eff = 3.4676 / Wtd. HRF eff = 0.96806 / Pop var. = 0.65416 / time = 0.73
best of generation 15 / cbal. = 94.6961 / Wtd. con eff = 3.5783 / Wtd. HRF eff = 1.0788 / Pop var. = 0.65955 / time = 0.72
best of generation 16 / cbal. = 95.0245 / Wtd. con eff = 3.5707 / Wtd. HRF eff = 0.90041 / Pop var. = 0.65274 / time = 0.74
best of generation 17 / cbal. = 95.0245 / Wtd. con eff = 3.5707 / Wtd. HRF eff = 0.90041 / Pop var. = 0.61217 / time = 0.73
best of generation 18 / cbal. = 95.0003 / Wtd. con eff = 3.5666 / Wtd. HRF eff = 1.0092 / Pop var. = 0.59455 / time = 0.73
best of generation 19 / cbal. = 95.0003 / Wtd. con eff = 3.5666 / Wtd. HRF eff = 1.0092 / Pop var. = 0.5779 / time = 0.72
best of generation 20 / cbal. = 94.8033 / Wtd. con eff = 3.6026 / Wtd. HRF eff = 1.0084 / Pop var. = 0.52469 / time = 0.73
best of generation 21 / cbal. = 94.8033 / Wtd. con eff = 3.6026 / Wtd. HRF eff = 1.0084 / Pop var. = 0.49355 / time = 0.73
best of generation 22 / cbal. = 94.8033 / Wtd. con eff = 3.6026 / Wtd. HRF eff = 1.0084 / Pop var. = 0.41873 / time = 0.75
best of generation 23 / cbal. = 94.8033 / Wtd. con eff = 3.6026 / Wtd. HRF eff = 1.0084 / Pop var. = 0.35655 / time = 0.73
best of generation 24 / cbal. = 95.0245 / Wtd. con eff = 3.5735 / Wtd. HRF eff = 0.93836 / Pop var. = 0.43433 / time = 0.73
best of generation 25 / cbal. = 95.0245 / Wtd. con eff = 3.5735 / Wtd. HRF eff = 0.93836 / Pop var. = 0.41263 / time = 0.73
best of generation 26 / cbal. = 95.0245 / Wtd. con eff = 3.5735 / Wtd. HRF eff = 0.93836 / Pop var. = 0.40086 / time = 0.73
best of generation 27 / cbal. = 94.8033 / Wtd. con eff = 3.6026 / Wtd. HRF eff = 1.0084 / Pop var. = 0.36414 / time = 0.74
best of generation 28 / cbal. = 94.8033 / Wtd. con eff = 3.6026 / Wtd. HRF eff = 1.0084 / Pop var. = 0.44961 / time = 0.73
best of generation 29 / cbal. = 94.8499 / Wtd. con eff = 3.6291 / Wtd. HRF eff = 0.81901 / Pop var. = 0.46352 / time = 0.73
best of generation 30 / cbal. = 94.8499 / Wtd. con eff = 3.6291 / Wtd. HRF eff = 0.81901 / Pop var. = 0.36605 / time = 0.73
best of generation 31 / cbal. = 94.8033 / Wtd. con eff = 3.6026 / Wtd. HRF eff = 1.0084 / Pop var. = 0.44093 / time = 0.72
best of generation 32 / cbal. = 94.5614 / Wtd. con eff = 3.6576 / Wtd. HRF eff = 1.0289 / Pop var. = 0.43433 / time = 0.73
best of generation 33 / cbal. = 94.5614 / Wtd. con eff = 3.6576 / Wtd. HRF eff = 1.0289 / Pop var. = 0.39926 / time = 0.76
best of generation 34 / cbal. = 94.5614 / Wtd. con eff = 3.6576 / Wtd. HRF eff = 1.0289 / Pop var. = 0.4656 / time = 0.74
best of generation 35 / cbal. = 94.5614 / Wtd. con eff = 3.6576 / Wtd. HRF eff = 1.0289 / Pop var. = 0.44622 / time = 0.73
best of generation 36 / cbal. = 94.5614 / Wtd. con eff = 3.6576 / Wtd. HRF eff = 1.0289 / Pop var. = 0.39481 / time = 0.73
best of generation 37 / cbal. = 94.5614 / Wtd. con eff = 3.6576 / Wtd. HRF eff = 1.0289 / Pop var. = 0.46908 / time = 0.73
best of generation 38 / cbal. = 94.5614 / Wtd. con eff = 3.6576 / Wtd. HRF eff = 1.0289 / Pop var. = 0.4262 / time = 0.74
best of generation 39 / cbal. = 94.5614 / Wtd. con eff = 3.6576 / Wtd. HRF eff = 1.0289 / Pop var. = 0.42453 / time = 0.73
best of generation 40 / cbal. = 94.5614 / Wtd. con eff = 3.6576 / Wtd. HRF eff = 1.0289 / Pop var. = 0.3387 / time = 0.73
best of generation 41 / cbal. = 94.8343 / Wtd. con eff = 3.5915 / Wtd. HRF eff = 1.3068 / Pop var. = 0.41543 / time = 0.72
best of generation 42 / cbal. = 94.7878 / Wtd. con eff = 3.6404 / Wtd. HRF eff = 1.0582 / Pop var. = 0.3332 / time = 0.74
best of generation 43 / cbal. = 94.7878 / Wtd. con eff = 3.6404 / Wtd. HRF eff = 1.0582 / Pop var. = 0.37813 / time = 0.73
best of generation 44 / cbal. = 94.7878 / Wtd. con eff = 3.6404 / Wtd. HRF eff = 1.0582 / Pop var. = 0.43939 / time = 0.75
best of generation 45 / cbal. = 94.7878 / Wtd. con eff = 3.6404 / Wtd. HRF eff = 1.0582 / Pop var. = 0.38019 / time = 0.73
best of generation 46 / cbal. = 94.7878 / Wtd. con eff = 3.6404 / Wtd. HRF eff = 1.0582 / Pop var. = 0.45194 / time = 0.73
best of generation 47 / cbal. = 94.7878 / Wtd. con eff = 3.6404 / Wtd. HRF eff = 1.0582 / Pop var. = 0.41606 / time = 0.73
best of generation 48 / cbal. = 94.7878 / Wtd. con eff = 3.6404 / Wtd. HRF eff = 1.0582 / Pop var. = 0.37709 / time = 0.73
best of generation 49 / cbal. = 94.9206 / Wtd. con eff = 3.5982 / Wtd. HRF eff = 1.3522 / Pop var. = 0.41905 / time = 0.73
best of generation 50 / cbal. = 94.9206 / Wtd. con eff = 3.5982 / Wtd. HRF eff = 1.3522 / Pop var. = 0.3798 / time = 0.74
best of generation 51 / cbal. = 94.9206 / Wtd. con eff = 3.5982 / Wtd. HRF eff = 1.3522 / Pop var. = 0.44855 / time = 0.73
best of generation 52 / cbal. = 95.0003 / Wtd. con eff = 3.5972 / Wtd. HRF eff = 1.3577 / Pop var. = 0.44313 / time = 0.74
best of generation 53 / cbal. = 94.9523 / Wtd. con eff = 3.6156 / Wtd. HRF eff = 1.3638 / Pop var. = 0.42447 / time = 0.73
best of generation 54 / cbal. = 94.9523 / Wtd. con eff = 3.6156 / Wtd. HRF eff = 1.3638 / Pop var. = 0.38113 / time = 0.74
best of generation 55 / cbal. = 94.9523 / Wtd. con eff = 3.6156 / Wtd. HRF eff = 1.3638 / Pop var. = 0.41376 / time = 0.76
best of generation 56 / cbal. = 94.9523 / Wtd. con eff = 3.6156 / Wtd. HRF eff = 1.3638 / Pop var. = 0.40288 / time = 0.74
best of generation 57 / cbal. = 94.9523 / Wtd. con eff = 3.6156 / Wtd. HRF eff = 1.3638 / Pop var. = 0.34788 / time = 0.73
best of generation 58 / cbal. = 94.9523 / Wtd. con eff = 3.6156 / Wtd. HRF eff = 1.3638 / Pop var. = 0.43772 / time = 0.73
best of generation 59 / cbal. = 94.9523 / Wtd. con eff = 3.6156 / Wtd. HRF eff = 1.3638 / Pop var. = 0.41126 / time = 0.73
best of generation 60 / cbal. = 94.9523 / Wtd. con eff = 3.6156 / Wtd. HRF eff = 1.3638 / Pop var. = 0.40374 / time = 0.73
best of generation 61 / cbal. = 94.9523 / Wtd. con eff = 3.6156 / Wtd. HRF eff = 1.3638 / Pop var. = 0.38581 / time = 0.75
best of generation 62 / cbal. = 94.9523 / Wtd. con eff = 3.6156 / Wtd. HRF eff = 1.3638 / Pop var. = 0.42969 / time = 0.74
best of generation 63 / cbal. = 94.9523 / Wtd. con eff = 3.6156 / Wtd. HRF eff = 1.3638 / Pop var. = 0.4008 / time = 0.73
best of generation 64 / cbal. = 94.4444 / Wtd. con eff = 3.699 / Wtd. HRF eff = 1.5393 / Pop var. = 0.35348 / time = 0.73
best of generation 65 / cbal. = 94.4444 / Wtd. con eff = 3.699 / Wtd. HRF eff = 1.5393 / Pop var. = 0.45116 / time = 0.73
best of generation 66 / cbal. = 94.4444 / Wtd. con eff = 3.699 / Wtd. HRF eff = 1.5393 / Pop var. = 0.43251 / time = 0.75
best of generation 67 / cbal. = 94.4444 / Wtd. con eff = 3.699 / Wtd. HRF eff = 1.5393 / Pop var. = 0.39887 / time = 0.74
best of generation 68 / cbal. = 94.4444 / Wtd. con eff = 3.699 / Wtd. HRF eff = 1.5393 / Pop var. = 0.46746 / time = 0.74
best of generation 69 / cbal. = 94.4444 / Wtd. con eff = 3.699 / Wtd. HRF eff = 1.5393 / Pop var. = 0.4126 / time = 0.74
best of generation 70 / cbal. = 94.4444 / Wtd. con eff = 3.699 / Wtd. HRF eff = 1.5393 / Pop var. = 0.37662 / time = 0.74
best of generation 71 / cbal. = 94.4444 / Wtd. con eff = 3.699 / Wtd. HRF eff = 1.5393 / Pop var. = 0.47238 / time = 0.73
best of generation 72 / cbal. = 94.4444 / Wtd. con eff = 3.699 / Wtd. HRF eff = 1.5393 / Pop var. = 0.40145 / time = 0.77
best of generation 73 / cbal. = 94.4444 / Wtd. con eff = 3.699 / Wtd. HRF eff = 1.5393 / Pop var. = 0.37374 / time = 0.73
best of generation 74 / cbal. = 94.4444 / Wtd. con eff = 3.699 / Wtd. HRF eff = 1.5393 / Pop var. = 0.41679 / time = 0.73
best of generation 75 / cbal. = 94.4444 / Wtd. con eff = 3.699 / Wtd. HRF eff = 1.5393 / Pop var. = 0.37816 / time = 0.75
best of generation 76 / cbal. = 94.4444 / Wtd. con eff = 3.699 / Wtd. HRF eff = 1.5393 / Pop var. = 0.45259 / time = 0.73
best of generation 77 / cbal. = 94.4444 / Wtd. con eff = 3.699 / Wtd. HRF eff = 1.5393 / Pop var. = 0.39186 / time = 0.73
best of generation 78 / cbal. = 94.4444 / Wtd. con eff = 3.699 / Wtd. HRF eff = 1.5393 / Pop var. = 0.47673 / time = 0.75
best of generation 79 / cbal. = 94.4444 / Wtd. con eff = 3.699 / Wtd. HRF eff = 1.5393 / Pop var. = 0.46035 / time = 0.74
best of generation 80 / cbal. = 94.4444 / Wtd. con eff = 3.699 / Wtd. HRF eff = 1.5393 / Pop var. = 0.43044 / time = 0.74
best of generation 81 / cbal. = 94.4953 / Wtd. con eff = 3.689 / Wtd. HRF eff = 1.708 / Pop var. = 0.41619 / time = 0.73
best of generation 82 / cbal. = 94.4953 / Wtd. con eff = 3.689 / Wtd. HRF eff = 1.708 / Pop var. = 0.3752 / time = 0.73
best of generation 83 / cbal. = 94.4953 / Wtd. con eff = 3.689 / Wtd. HRF eff = 1.708 / Pop var. = 0.43877 / time = 0.76
best of generation 84 / cbal. = 94.4953 / Wtd. con eff = 3.689 / Wtd. HRF eff = 1.708 / Pop var. = 0.4072 / time = 0.74
best of generation 85 / cbal. = 94.4953 / Wtd. con eff = 3.689 / Wtd. HRF eff = 1.708 / Pop var. = 0.32809 / time = 0.72
best of generation 86 / cbal. = 94.4953 / Wtd. con eff = 3.689 / Wtd. HRF eff = 1.708 / Pop var. = 0.42524 / time = 0.73
best of generation 87 / cbal. = 94.4953 / Wtd. con eff = 3.689 / Wtd. HRF eff = 1.708 / Pop var. = 0.38962 / time = 0.73
best of generation 88 / cbal. = 94.4953 / Wtd. con eff = 3.689 / Wtd. HRF eff = 1.708 / Pop var. = 0.45952 / time = 0.76
best of generation 89 / cbal. = 94.4953 / Wtd. con eff = 3.689 / Wtd. HRF eff = 1.708 / Pop var. = 0.42424 / time = 0.74
best of generation 90 / cbal. = 94.4953 / Wtd. con eff = 3.689 / Wtd. HRF eff = 1.708 / Pop var. = 0.38775 / time = 0.73
best of generation 91 / cbal. = 94.4953 / Wtd. con eff = 3.689 / Wtd. HRF eff = 1.708 / Pop var. = 0.44312 / time = 0.73
best of generation 92 / cbal. = 94.4953 / Wtd. con eff = 3.689 / Wtd. HRF eff = 1.708 / Pop var. = 0.402 / time = 0.73
best of generation 93 / cbal. = 94.4953 / Wtd. con eff = 3.689 / Wtd. HRF eff = 1.708 / Pop var. = 0.34962 / time = 0.74
best of generation 94 / cbal. = 94.4953 / Wtd. con eff = 3.689 / Wtd. HRF eff = 1.708 / Pop var. = 0.43058 / time = 0.75
best of generation 95 / cbal. = 94.4953 / Wtd. con eff = 3.689 / Wtd. HRF eff = 1.708 / Pop var. = 0.34853 / time = 0.73
best of generation 96 / cbal. = 94.4953 / Wtd. con eff = 3.689 / Wtd. HRF eff = 1.708 / Pop var. = 0.45877 / time = 0.72
best of generation 97 / cbal. = 94.4953 / Wtd. con eff = 3.689 / Wtd. HRF eff = 1.708 / Pop var. = 0.3632 / time = 0.72
best of generation 98 / cbal. = 94.4953 / Wtd. con eff = 3.689 / Wtd. HRF eff = 1.708 / Pop var. = 0.37733 / time = 0.73
best of generation 99 / cbal. = 94.4953 / Wtd. con eff = 3.689 / Wtd. HRF eff = 1.708 / Pop var. = 0.44313 / time = 0.74
best of generation 100 / cbal. = 94.4953 / Wtd. con eff = 3.689 / Wtd. HRF eff = 1.708 / Pop var. = 0.39241 / time = 0.73
best of generation 101 / cbal. = 94.4953 / Wtd. con eff = 3.689 / Wtd. HRF eff = 1.708 / Pop var. = 0.46947 / time = 0.71
best of generation 102 / cbal. = 94.4953 / Wtd. con eff = 3.689 / Wtd. HRF eff = 1.708 / Pop var. = 0.39821 / time = 0.75
best of generation 103 / cbal. = 94.4953 / Wtd. con eff = 3.689 / Wtd. HRF eff = 1.708 / Pop var. = 0.48142 / time = 0.74
best of generation 104 / cbal. = 94.4953 / Wtd. con eff = 3.689 / Wtd. HRF eff = 1.708 / Pop var. = 0.4391 / time = 0.74
best of generation 105 / cbal. = 94.4953 / Wtd. con eff = 3.689 / Wtd. HRF eff = 1.708 / Pop var. = 0.37245 / time = 0.76
best of generation 106 / cbal. = 94.7341 / Wtd. con eff = 3.6444 / Wtd. HRF eff = 1.756 / Pop var. = 0.43024 / time = 0.74
best of generation 107 / cbal. = 94.4953 / Wtd. con eff = 3.689 / Wtd. HRF eff = 1.708 / Pop var. = 0.38482 / time = 0.74
best of generation 108 / cbal. = 94.4953 / Wtd. con eff = 3.689 / Wtd. HRF eff = 1.708 / Pop var. = 0.4458 / time = 0.73
best of generation 109 / cbal. = 94.4953 / Wtd. con eff = 3.689 / Wtd. HRF eff = 1.708 / Pop var. = 0.39252 / time = 0.73
best of generation 110 / cbal. = 94.4953 / Wtd. con eff = 3.689 / Wtd. HRF eff = 1.708 / Pop var. = 0.43968 / time = 0.74
best of generation 111 / cbal. = 94.4953 / Wtd. con eff = 3.689 / Wtd. HRF eff = 1.708 / Pop var. = 0.33259 / time = 0.72
best of generation 112 / cbal. = 94.6583 / Wtd. con eff = 3.6591 / Wtd. HRF eff = 1.7242 / Pop var. = 0.40995 / time = 0.73
best of generation 113 / cbal. = 94.6583 / Wtd. con eff = 3.6591 / Wtd. HRF eff = 1.7242 / Pop var. = 0.34552 / time = 0.74
best of generation 114 / cbal. = 94.6583 / Wtd. con eff = 3.6591 / Wtd. HRF eff = 1.7242 / Pop var. = 0.40653 / time = 0.73
best of generation 115 / cbal. = 94.6885 / Wtd. con eff = 3.6471 / Wtd. HRF eff = 1.9082 / Pop var. = 0.34447 / time = 0.73
best of generation 116 / cbal. = 94.6885 / Wtd. con eff = 3.6471 / Wtd. HRF eff = 1.9082 / Pop var. = 0.40479 / time = 0.76
best of generation 117 / cbal. = 94.6885 / Wtd. con eff = 3.6471 / Wtd. HRF eff = 1.9082 / Pop var. = 0.32729 / time = 0.74
best of generation 118 / cbal. = 94.6885 / Wtd. con eff = 3.6471 / Wtd. HRF eff = 1.9082 / Pop var. = 0.38036 / time = 0.72
best of generation 119 / cbal. = 94.3087 / Wtd. con eff = 3.717 / Wtd. HRF eff = 1.8706 / Pop var. = 0.45402 / time = 0.72
best of generation 120 / cbal. = 94.3087 / Wtd. con eff = 3.717 / Wtd. HRF eff = 1.8706 / Pop var. = 0.3809 / time = 0.74
best of generation 121 / cbal. = 94.3087 / Wtd. con eff = 3.717 / Wtd. HRF eff = 1.8706 / Pop var. = 0.44346 / time = 0.75
best of generation 122 / cbal. = 94.3087 / Wtd. con eff = 3.717 / Wtd. HRF eff = 1.8706 / Pop var. = 0.36778 / time = 0.74
best of generation 123 / cbal. = 94.3087 / Wtd. con eff = 3.717 / Wtd. HRF eff = 1.8706 / Pop var. = 0.40775 / time = 0.73
best of generation 124 / cbal. = 94.3087 / Wtd. con eff = 3.717 / Wtd. HRF eff = 1.8706 / Pop var. = 0.35201 / time = 1.35
best of generation 125 / cbal. = 94.3087 / Wtd. con eff = 3.717 / Wtd. HRF eff = 1.8706 / Pop var. = 0.40672 / time = 0.75
best of generation 126 / cbal. = 94.3087 / Wtd. con eff = 3.717 / Wtd. HRF eff = 1.8706 / Pop var. = 0.40779 / time = 0.74
best of generation 127 / cbal. = 94.3087 / Wtd. con eff = 3.717 / Wtd. HRF eff = 1.8706 / Pop var. = 0.36496 / time = 0.75
best of generation 128 / cbal. = 94.3087 / Wtd. con eff = 3.717 / Wtd. HRF eff = 1.8706 / Pop var. = 0.42823 / time = 0.74
best of generation 129 / cbal. = 94.3087 / Wtd. con eff = 3.717 / Wtd. HRF eff = 1.8706 / Pop var. = 0.43193 / time = 0.73
best of generation 130 / cbal. = 94.3087 / Wtd. con eff = 3.717 / Wtd. HRF eff = 1.8706 / Pop var. = 0.33082 / time = 0.73
best of generation 131 / cbal. = 94.3087 / Wtd. con eff = 3.717 / Wtd. HRF eff = 1.8706 / Pop var. = 0.38864 / time = 0.73
best of generation 132 / cbal. = 94.3087 / Wtd. con eff = 3.717 / Wtd. HRF eff = 1.8706 / Pop var. = 0.44048 / time = 0.78
best of generation 133 / cbal. = 94.3087 / Wtd. con eff = 3.717 / Wtd. HRF eff = 1.8706 / Pop var. = 0.38995 / time = 0.73
best of generation 134 / cbal. = 94.3087 / Wtd. con eff = 3.717 / Wtd. HRF eff = 1.8706 / Pop var. = 0.43487 / time = 0.74
best of generation 135 / cbal. = 94.3087 / Wtd. con eff = 3.717 / Wtd. HRF eff = 1.8706 / Pop var. = 0.39549 / time = 0.74
best of generation 136 / cbal. = 94.3087 / Wtd. con eff = 3.717 / Wtd. HRF eff = 1.8706 / Pop var. = 0.42657 / time = 0.73
best of generation 137 / cbal. = 94.3087 / Wtd. con eff = 3.717 / Wtd. HRF eff = 1.8706 / Pop var. = 0.35324 / time = 0.74
best of generation 138 / cbal. = 94.3087 / Wtd. con eff = 3.717 / Wtd. HRF eff = 1.8706 / Pop var. = 0.39959 / time = 0.74
best of generation 139 / cbal. = 94.3087 / Wtd. con eff = 3.717 / Wtd. HRF eff = 1.8706 / Pop var. = 0.43043 / time = 0.73
best of generation 140 / cbal. = 94.3087 / Wtd. con eff = 3.717 / Wtd. HRF eff = 1.8706 / Pop var. = 0.41018 / time = 0.74
best of generation 141 / cbal. = 94.3087 / Wtd. con eff = 3.717 / Wtd. HRF eff = 1.8706 / Pop var. = 0.38102 / time = 0.73
best of generation 142 / cbal. = 94.3087 / Wtd. con eff = 3.717 / Wtd. HRF eff = 1.8706 / Pop var. = 0.4262 / time = 0.75
best of generation 143 / cbal. = 94.3087 / Wtd. con eff = 3.717 / Wtd. HRF eff = 1.8706 / Pop var. = 0.39888 / time = 0.76
best of generation 144 / cbal. = 94.3087 / Wtd. con eff = 3.717 / Wtd. HRF eff = 1.8706 / Pop var. = 0.42709 / time = 0.73
best of generation 145 / cbal. = 94.3087 / Wtd. con eff = 3.717 / Wtd. HRF eff = 1.8706 / Pop var. = 0.34056 / time = 0.74
best of generation 146 / cbal. = 94.3087 / Wtd. con eff = 3.717 / Wtd. HRF eff = 1.8706 / Pop var. = 0.41448 / time = 0.74
best of generation 147 / cbal. = 94.3087 / Wtd. con eff = 3.717 / Wtd. HRF eff = 1.8706 / Pop var. = 0.3505 / time = 0.74
best of generation 148 / cbal. = 94.3087 / Wtd. con eff = 3.717 / Wtd. HRF eff = 1.8706 / Pop var. = 0.38016 / time = 0.74
best of generation 149 / cbal. = 94.3087 / Wtd. con eff = 3.717 / Wtd. HRF eff = 1.8706 / Pop var. = 0.40197 / time = 0.74
best of generation 150 / cbal. = 94.3087 / Wtd. con eff = 3.717 / Wtd. HRF eff = 1.8706 / Pop var. = 0.37411 / time = 0.73
best of generation 151 / cbal. = 94.3087 / Wtd. con eff = 3.717 / Wtd. HRF eff = 1.8706 / Pop var. = 0.45379 / time = 0.72
best of generation 152 / cbal. = 94.3087 / Wtd. con eff = 3.717 / Wtd. HRF eff = 1.8706 / Pop var. = 0.41225 / time = 0.75
best of generation 153 / cbal. = 94.3087 / Wtd. con eff = 3.717 / Wtd. HRF eff = 1.8706 / Pop var. = 0.32561 / time = 0.75
best of generation 154 / cbal. = 94.3087 / Wtd. con eff = 3.717 / Wtd. HRF eff = 1.8706 / Pop var. = 0.43438 / time = 0.75
best of generation 155 / cbal. = 94.3087 / Wtd. con eff = 3.717 / Wtd. HRF eff = 1.8706 / Pop var. = 0.38603 / time = 0.74
best of generation 156 / cbal. = 94.3087 / Wtd. con eff = 3.717 / Wtd. HRF eff = 1.8706 / Pop var. = 0.47587 / time = 0.74
best of generation 157 / cbal. = 94.4228 / Wtd. con eff = 3.6985 / Wtd. HRF eff = 1.8595 / Pop var. = 0.42163 / time = 0.73
best of generation 158 / cbal. = 94.3087 / Wtd. con eff = 3.717 / Wtd. HRF eff = 1.8706 / Pop var. = 0.34654 / time = 0.73
best of generation 159 / cbal. = 94.3087 / Wtd. con eff = 3.717 / Wtd. HRF eff = 1.8706 / Pop var. = 0.37271 / time = 0.73
best of generation 160 / cbal. = 94.3087 / Wtd. con eff = 3.717 / Wtd. HRF eff = 1.8706 / Pop var. = 0.43642 / time = 0.74
saving workspace as GAresults.mat
M = 
     origlist: [49x1 double]
     restlist: [20x1 double]
     stimlist: [60x1 double]
           ga: [1x1 struct]
    bestLists: [60x160 uint8]
         date: '11-9-2014'
optimizeGA done: 120.59 s
