Starting Model 42
OptimizeGA
===============================
Saturation threshold = 
Setting up variables
You entered 2 conditions  (event types) that will each be modeled with a regessor. 
 Note that if you enter 0 as a condition number, those events will not be modeled
 (they are assumed to be rest/inter-stimulus interval periods)

Contrasts entered. You entered matrix of 3 contrasts, with weights across 4 conditions.
 Contrasts:
     1     1    -1    -1
     1     0    -1     0
     0     1     0    -1
 ...adding one column to contrast matrix with weights of 0, to model the intercept
You entered a contrast weight vector across 3 contrasts
 	...Using rests of length 1 and resting every 4
================== Parameters ======================
     Total stimuli in scan      : 60
     Fixed rest length in ITIs  : 1
     Fixed Rest stimuli in scan : 11
     Num blank intervals        : 9
     Num of task conds          : 2
     Num stimuli each cond      : 20  20
====================================================
	...generating lists of organisms
	...USING TRANS2BLOCK >
     freqConditions = 0.2         0.2         0.2         0.2
     conditions = 1  2  3  4
REST INTERVALS: not used (to use, freqCond should be one longer than conditions
  ...randomizing organism start state
	...restMatrix is 20 X 40
ans =
     4     4     4     4     4     4     4     4     4     4
     4     4     4     4     4     4     4     4     4     4
     4     4     4     4     4     4     4     4     4     4
     4     4     4     4     4     4     4     4     4     4
     4     4     4     4     4     4     4     4     4     4
======== Num stimuli, averaged across lists (before instruction/rest stimuli) ========
		Condition 0: 9 stimuli, 15% of total stimuli
		Condition 1: 20 stimuli, 33.3333% of total stimuli
		Condition 2: 20 stimuli, 33.3333% of total stimuli
		Condition 3: 0 stimuli, 0% of total stimuli
		Condition 4: 0 stimuli, 0% of total stimuli
======================================================================================
best of generation 1 / cbal. = 94.3386 / Wtd. con eff = 2.7316 / Wtd. HRF eff = 0.84306 / Pop var. = 0.8627 / time = 0.73
best of generation 2 / cbal. = 94.3386 / Wtd. con eff = 2.7316 / Wtd. HRF eff = 0.84306 / Pop var. = 0.83785 / time = 0.74
best of generation 3 / cbal. = 94.3386 / Wtd. con eff = 2.7316 / Wtd. HRF eff = 0.84306 / Pop var. = 0.81112 / time = 0.73
best of generation 4 / cbal. = 95.0839 / Wtd. con eff = 2.8263 / Wtd. HRF eff = 0.58405 / Pop var. = 0.78562 / time = 0.71
best of generation 5 / cbal. = 94.2501 / Wtd. con eff = 2.958 / Wtd. HRF eff = 0.65435 / Pop var. = 0.75832 / time = 0.72
best of generation 6 / cbal. = 94.6586 / Wtd. con eff = 3.0664 / Wtd. HRF eff = 0.49322 / Pop var. = 0.76876 / time = 0.71
best of generation 7 / cbal. = 94.6821 / Wtd. con eff = 3.0795 / Wtd. HRF eff = 0.6144 / Pop var. = 0.76395 / time = 0.73
best of generation 8 / cbal. = 94.6821 / Wtd. con eff = 3.0795 / Wtd. HRF eff = 0.6144 / Pop var. = 0.69974 / time = 0.71
best of generation 9 / cbal. = 94.5207 / Wtd. con eff = 3.0862 / Wtd. HRF eff = 0.70832 / Pop var. = 0.67655 / time = 0.72
best of generation 10 / cbal. = 94.6266 / Wtd. con eff = 3.1162 / Wtd. HRF eff = 0.62865 / Pop var. = 0.66078 / time = 0.72
best of generation 11 / cbal. = 95.0384 / Wtd. con eff = 3.114 / Wtd. HRF eff = 0.6714 / Pop var. = 0.61644 / time = 0.72
best of generation 12 / cbal. = 94.7753 / Wtd. con eff = 3.2982 / Wtd. HRF eff = 0.60439 / Pop var. = 0.59259 / time = 0.73
best of generation 13 / cbal. = 94.9617 / Wtd. con eff = 3.2585 / Wtd. HRF eff = 0.66283 / Pop var. = 0.5661 / time = 0.74
best of generation 14 / cbal. = 94.9617 / Wtd. con eff = 3.2585 / Wtd. HRF eff = 0.66283 / Pop var. = 0.5464 / time = 0.72
best of generation 15 / cbal. = 94.9784 / Wtd. con eff = 3.2438 / Wtd. HRF eff = 0.71 / Pop var. = 0.52042 / time = 0.74
best of generation 16 / cbal. = 95.2702 / Wtd. con eff = 3.2672 / Wtd. HRF eff = 0.74978 / Pop var. = 0.44228 / time = 0.73
best of generation 17 / cbal. = 95.287 / Wtd. con eff = 3.2979 / Wtd. HRF eff = 0.68595 / Pop var. = 0.42538 / time = 0.71
best of generation 18 / cbal. = 95.287 / Wtd. con eff = 3.2979 / Wtd. HRF eff = 0.68595 / Pop var. = 0.38995 / time = 0.74
best of generation 19 / cbal. = 95.1597 / Wtd. con eff = 3.3249 / Wtd. HRF eff = 0.71033 / Pop var. = 0.48311 / time = 0.74
best of generation 20 / cbal. = 95.0096 / Wtd. con eff = 3.3882 / Wtd. HRF eff = 0.68004 / Pop var. = 0.50591 / time = 0.72
best of generation 21 / cbal. = 95.0493 / Wtd. con eff = 3.3822 / Wtd. HRF eff = 0.70724 / Pop var. = 0.47666 / time = 0.72
best of generation 22 / cbal. = 95.1224 / Wtd. con eff = 3.3987 / Wtd. HRF eff = 0.93998 / Pop var. = 0.45459 / time = 0.73
best of generation 23 / cbal. = 95.1306 / Wtd. con eff = 3.3626 / Wtd. HRF eff = 1.0237 / Pop var. = 0.47488 / time = 0.73
best of generation 24 / cbal. = 95.1306 / Wtd. con eff = 3.3626 / Wtd. HRF eff = 1.0237 / Pop var. = 0.43588 / time = 0.75
best of generation 25 / cbal. = 94.8733 / Wtd. con eff = 3.54 / Wtd. HRF eff = 0.87931 / Pop var. = 0.4448 / time = 0.73
best of generation 26 / cbal. = 94.9444 / Wtd. con eff = 3.5397 / Wtd. HRF eff = 0.9069 / Pop var. = 0.41039 / time = 0.72
best of generation 27 / cbal. = 95.1555 / Wtd. con eff = 3.5218 / Wtd. HRF eff = 1.0022 / Pop var. = 0.39496 / time = 0.73
best of generation 28 / cbal. = 95.1555 / Wtd. con eff = 3.5218 / Wtd. HRF eff = 1.0022 / Pop var. = 0.43552 / time = 0.73
best of generation 29 / cbal. = 95.1555 / Wtd. con eff = 3.5218 / Wtd. HRF eff = 1.0022 / Pop var. = 0.35429 / time = 0.73
best of generation 30 / cbal. = 95.1555 / Wtd. con eff = 3.5218 / Wtd. HRF eff = 1.0022 / Pop var. = 0.49442 / time = 0.74
best of generation 31 / cbal. = 95.1555 / Wtd. con eff = 3.5218 / Wtd. HRF eff = 1.0022 / Pop var. = 0.40864 / time = 0.73
best of generation 32 / cbal. = 95.1555 / Wtd. con eff = 3.5218 / Wtd. HRF eff = 1.0022 / Pop var. = 0.35847 / time = 0.73
best of generation 33 / cbal. = 95.3243 / Wtd. con eff = 3.5269 / Wtd. HRF eff = 1.0915 / Pop var. = 0.41851 / time = 0.73
best of generation 34 / cbal. = 95.3243 / Wtd. con eff = 3.5269 / Wtd. HRF eff = 1.0915 / Pop var. = 0.36339 / time = 0.73
best of generation 35 / cbal. = 95.3243 / Wtd. con eff = 3.5269 / Wtd. HRF eff = 1.0915 / Pop var. = 0.4006 / time = 0.76
best of generation 36 / cbal. = 95.3243 / Wtd. con eff = 3.5269 / Wtd. HRF eff = 1.0915 / Pop var. = 0.398 / time = 0.74
best of generation 37 / cbal. = 95.29 / Wtd. con eff = 3.5612 / Wtd. HRF eff = 1.004 / Pop var. = 0.47409 / time = 0.73
best of generation 38 / cbal. = 95.29 / Wtd. con eff = 3.5612 / Wtd. HRF eff = 1.004 / Pop var. = 0.44641 / time = 0.74
best of generation 39 / cbal. = 95.29 / Wtd. con eff = 3.5612 / Wtd. HRF eff = 1.004 / Pop var. = 0.3381 / time = 0.73
best of generation 40 / cbal. = 95.273 / Wtd. con eff = 3.5654 / Wtd. HRF eff = 1.0972 / Pop var. = 0.40178 / time = 0.74
best of generation 41 / cbal. = 95.273 / Wtd. con eff = 3.5654 / Wtd. HRF eff = 1.0972 / Pop var. = 0.34901 / time = 0.75
best of generation 42 / cbal. = 95.273 / Wtd. con eff = 3.5654 / Wtd. HRF eff = 1.0972 / Pop var. = 0.41053 / time = 0.73
best of generation 43 / cbal. = 95.273 / Wtd. con eff = 3.5654 / Wtd. HRF eff = 1.0972 / Pop var. = 0.35249 / time = 0.73
best of generation 44 / cbal. = 95.273 / Wtd. con eff = 3.5654 / Wtd. HRF eff = 1.0972 / Pop var. = 0.39333 / time = 0.73
best of generation 45 / cbal. = 95.273 / Wtd. con eff = 3.5654 / Wtd. HRF eff = 1.0972 / Pop var. = 0.49745 / time = 0.74
best of generation 46 / cbal. = 95.273 / Wtd. con eff = 3.5654 / Wtd. HRF eff = 1.0972 / Pop var. = 0.49336 / time = 0.74
best of generation 47 / cbal. = 95.273 / Wtd. con eff = 3.5654 / Wtd. HRF eff = 1.0972 / Pop var. = 0.4708 / time = 0.73
best of generation 48 / cbal. = 95.273 / Wtd. con eff = 3.5654 / Wtd. HRF eff = 1.0972 / Pop var. = 0.43141 / time = 0.73
best of generation 49 / cbal. = 95.273 / Wtd. con eff = 3.5654 / Wtd. HRF eff = 1.0972 / Pop var. = 0.36231 / time = 0.73
best of generation 50 / cbal. = 95.273 / Wtd. con eff = 3.5654 / Wtd. HRF eff = 1.0972 / Pop var. = 0.43689 / time = 0.74
best of generation 51 / cbal. = 95.273 / Wtd. con eff = 3.5654 / Wtd. HRF eff = 1.0972 / Pop var. = 0.37686 / time = 0.74
best of generation 52 / cbal. = 95.273 / Wtd. con eff = 3.5654 / Wtd. HRF eff = 1.0972 / Pop var. = 0.51708 / time = 0.75
best of generation 53 / cbal. = 95.273 / Wtd. con eff = 3.5654 / Wtd. HRF eff = 1.0972 / Pop var. = 0.4783 / time = 0.74
best of generation 54 / cbal. = 95.273 / Wtd. con eff = 3.5654 / Wtd. HRF eff = 1.0972 / Pop var. = 0.42234 / time = 0.74
best of generation 55 / cbal. = 95.273 / Wtd. con eff = 3.5654 / Wtd. HRF eff = 1.0972 / Pop var. = 0.38731 / time = 0.74
best of generation 56 / cbal. = 95.273 / Wtd. con eff = 3.5654 / Wtd. HRF eff = 1.0972 / Pop var. = 0.4083 / time = 0.73
best of generation 57 / cbal. = 95.273 / Wtd. con eff = 3.5654 / Wtd. HRF eff = 1.0972 / Pop var. = 0.3833 / time = 0.74
best of generation 58 / cbal. = 95.2645 / Wtd. con eff = 3.571 / Wtd. HRF eff = 1.1933 / Pop var. = 0.40403 / time = 0.73
best of generation 59 / cbal. = 95.2645 / Wtd. con eff = 3.571 / Wtd. HRF eff = 1.1933 / Pop var. = 0.32539 / time = 0.74
best of generation 60 / cbal. = 95.2645 / Wtd. con eff = 3.571 / Wtd. HRF eff = 1.1933 / Pop var. = 0.40723 / time = 0.73
best of generation 61 / cbal. = 95.2645 / Wtd. con eff = 3.571 / Wtd. HRF eff = 1.1933 / Pop var. = 0.36071 / time = 0.73
best of generation 62 / cbal. = 95.2645 / Wtd. con eff = 3.571 / Wtd. HRF eff = 1.1933 / Pop var. = 0.44429 / time = 0.75
best of generation 63 / cbal. = 95.2645 / Wtd. con eff = 3.571 / Wtd. HRF eff = 1.1933 / Pop var. = 0.37424 / time = 0.76
best of generation 64 / cbal. = 95.2645 / Wtd. con eff = 3.571 / Wtd. HRF eff = 1.1933 / Pop var. = 0.46476 / time = 0.73
best of generation 65 / cbal. = 95.2645 / Wtd. con eff = 3.571 / Wtd. HRF eff = 1.1933 / Pop var. = 0.39862 / time = 0.74
best of generation 66 / cbal. = 95.2645 / Wtd. con eff = 3.571 / Wtd. HRF eff = 1.1933 / Pop var. = 0.45979 / time = 0.74
best of generation 67 / cbal. = 95.2645 / Wtd. con eff = 3.571 / Wtd. HRF eff = 1.1933 / Pop var. = 0.37295 / time = 0.73
best of generation 68 / cbal. = 95.2645 / Wtd. con eff = 3.571 / Wtd. HRF eff = 1.1933 / Pop var. = 0.43441 / time = 0.74
best of generation 69 / cbal. = 95.2645 / Wtd. con eff = 3.571 / Wtd. HRF eff = 1.1933 / Pop var. = 0.37387 / time = 0.73
best of generation 70 / cbal. = 95.0164 / Wtd. con eff = 3.5932 / Wtd. HRF eff = 1.3251 / Pop var. = 0.40799 / time = 0.73
best of generation 71 / cbal. = 95.0164 / Wtd. con eff = 3.5932 / Wtd. HRF eff = 1.3251 / Pop var. = 0.38289 / time = 0.72
best of generation 72 / cbal. = 95.0164 / Wtd. con eff = 3.5932 / Wtd. HRF eff = 1.3251 / Pop var. = 0.47789 / time = 0.74
best of generation 73 / cbal. = 94.6283 / Wtd. con eff = 3.6481 / Wtd. HRF eff = 1.6219 / Pop var. = 0.46145 / time = 0.73
best of generation 74 / cbal. = 94.6283 / Wtd. con eff = 3.6481 / Wtd. HRF eff = 1.6219 / Pop var. = 0.43467 / time = 0.77
best of generation 75 / cbal. = 94.6283 / Wtd. con eff = 3.6481 / Wtd. HRF eff = 1.6219 / Pop var. = 0.39251 / time = 0.73
best of generation 76 / cbal. = 94.7647 / Wtd. con eff = 3.6539 / Wtd. HRF eff = 1.3751 / Pop var. = 0.47264 / time = 0.73
best of generation 77 / cbal. = 94.7647 / Wtd. con eff = 3.6539 / Wtd. HRF eff = 1.3751 / Pop var. = 0.43127 / time = 0.73
best of generation 78 / cbal. = 94.7647 / Wtd. con eff = 3.6539 / Wtd. HRF eff = 1.3751 / Pop var. = 0.41642 / time = 0.72
best of generation 79 / cbal. = 94.7647 / Wtd. con eff = 3.6539 / Wtd. HRF eff = 1.3751 / Pop var. = 0.35581 / time = 0.74
best of generation 80 / cbal. = 94.7647 / Wtd. con eff = 3.6539 / Wtd. HRF eff = 1.3751 / Pop var. = 0.45678 / time = 0.73
best of generation 81 / cbal. = 94.7037 / Wtd. con eff = 3.6739 / Wtd. HRF eff = 1.6333 / Pop var. = 0.39858 / time = 0.72
best of generation 82 / cbal. = 94.7037 / Wtd. con eff = 3.6739 / Wtd. HRF eff = 1.6333 / Pop var. = 0.4711 / time = 0.72
best of generation 83 / cbal. = 94.7037 / Wtd. con eff = 3.6739 / Wtd. HRF eff = 1.6333 / Pop var. = 0.43087 / time = 0.75
best of generation 84 / cbal. = 94.7037 / Wtd. con eff = 3.6739 / Wtd. HRF eff = 1.6333 / Pop var. = 0.39618 / time = 0.73
best of generation 85 / cbal. = 94.7037 / Wtd. con eff = 3.6739 / Wtd. HRF eff = 1.6333 / Pop var. = 0.41746 / time = 0.76
best of generation 86 / cbal. = 94.7037 / Wtd. con eff = 3.6739 / Wtd. HRF eff = 1.6333 / Pop var. = 0.36197 / time = 0.74
best of generation 87 / cbal. = 94.7037 / Wtd. con eff = 3.6739 / Wtd. HRF eff = 1.6333 / Pop var. = 0.43626 / time = 0.74
best of generation 88 / cbal. = 94.7037 / Wtd. con eff = 3.6739 / Wtd. HRF eff = 1.6333 / Pop var. = 0.43888 / time = 0.73
best of generation 89 / cbal. = 94.7037 / Wtd. con eff = 3.6739 / Wtd. HRF eff = 1.6333 / Pop var. = 0.37417 / time = 0.73
best of generation 90 / cbal. = 94.7037 / Wtd. con eff = 3.6739 / Wtd. HRF eff = 1.6333 / Pop var. = 0.42881 / time = 0.74
best of generation 91 / cbal. = 94.7037 / Wtd. con eff = 3.6739 / Wtd. HRF eff = 1.6333 / Pop var. = 0.37491 / time = 0.73
best of generation 92 / cbal. = 94.7037 / Wtd. con eff = 3.6739 / Wtd. HRF eff = 1.6333 / Pop var. = 0.38585 / time = 0.74
best of generation 93 / cbal. = 94.7037 / Wtd. con eff = 3.6739 / Wtd. HRF eff = 1.6333 / Pop var. = 0.43797 / time = 0.74
best of generation 94 / cbal. = 94.7037 / Wtd. con eff = 3.6739 / Wtd. HRF eff = 1.6333 / Pop var. = 0.37056 / time = 0.73
best of generation 95 / cbal. = 94.7037 / Wtd. con eff = 3.6739 / Wtd. HRF eff = 1.6333 / Pop var. = 0.41771 / time = 0.74
best of generation 96 / cbal. = 94.7037 / Wtd. con eff = 3.6739 / Wtd. HRF eff = 1.6333 / Pop var. = 0.394 / time = 0.76
best of generation 97 / cbal. = 94.7037 / Wtd. con eff = 3.6739 / Wtd. HRF eff = 1.6333 / Pop var. = 0.43457 / time = 0.74
best of generation 98 / cbal. = 94.889 / Wtd. con eff = 3.6403 / Wtd. HRF eff = 1.7124 / Pop var. = 0.39531 / time = 0.73
best of generation 99 / cbal. = 94.889 / Wtd. con eff = 3.6403 / Wtd. HRF eff = 1.7124 / Pop var. = 0.40959 / time = 0.74
best of generation 100 / cbal. = 94.889 / Wtd. con eff = 3.6403 / Wtd. HRF eff = 1.7124 / Pop var. = 0.35339 / time = 0.74
best of generation 101 / cbal. = 94.7037 / Wtd. con eff = 3.6739 / Wtd. HRF eff = 1.6333 / Pop var. = 0.39752 / time = 0.75
best of generation 102 / cbal. = 94.7037 / Wtd. con eff = 3.6739 / Wtd. HRF eff = 1.6333 / Pop var. = 0.44103 / time = 0.74
best of generation 103 / cbal. = 94.7037 / Wtd. con eff = 3.6739 / Wtd. HRF eff = 1.6333 / Pop var. = 0.37526 / time = 0.73
best of generation 104 / cbal. = 94.7037 / Wtd. con eff = 3.6739 / Wtd. HRF eff = 1.6333 / Pop var. = 0.45677 / time = 0.73
best of generation 105 / cbal. = 94.7037 / Wtd. con eff = 3.6739 / Wtd. HRF eff = 1.6333 / Pop var. = 0.44493 / time = 0.73
best of generation 106 / cbal. = 94.7037 / Wtd. con eff = 3.6739 / Wtd. HRF eff = 1.6333 / Pop var. = 0.3868 / time = 0.74
best of generation 107 / cbal. = 94.7037 / Wtd. con eff = 3.6739 / Wtd. HRF eff = 1.6333 / Pop var. = 0.48023 / time = 0.74
best of generation 108 / cbal. = 94.7037 / Wtd. con eff = 3.6739 / Wtd. HRF eff = 1.6333 / Pop var. = 0.4238 / time = 0.74
best of generation 109 / cbal. = 94.7037 / Wtd. con eff = 3.6739 / Wtd. HRF eff = 1.6333 / Pop var. = 0.35981 / time = 0.74
best of generation 110 / cbal. = 94.7037 / Wtd. con eff = 3.6739 / Wtd. HRF eff = 1.6333 / Pop var. = 0.43659 / time = 0.74
best of generation 111 / cbal. = 94.7037 / Wtd. con eff = 3.6739 / Wtd. HRF eff = 1.6333 / Pop var. = 0.39057 / time = 0.73
best of generation 112 / cbal. = 94.7037 / Wtd. con eff = 3.6739 / Wtd. HRF eff = 1.6333 / Pop var. = 0.42817 / time = 0.75
best of generation 113 / cbal. = 94.7037 / Wtd. con eff = 3.6739 / Wtd. HRF eff = 1.6333 / Pop var. = 0.37963 / time = 0.74
best of generation 114 / cbal. = 94.7037 / Wtd. con eff = 3.6739 / Wtd. HRF eff = 1.6333 / Pop var. = 0.46413 / time = 0.73
best of generation 115 / cbal. = 94.7037 / Wtd. con eff = 3.6739 / Wtd. HRF eff = 1.6333 / Pop var. = 0.43754 / time = 0.73
best of generation 116 / cbal. = 94.7037 / Wtd. con eff = 3.6739 / Wtd. HRF eff = 1.6333 / Pop var. = 0.41923 / time = 0.73
best of generation 117 / cbal. = 94.7037 / Wtd. con eff = 3.6739 / Wtd. HRF eff = 1.6333 / Pop var. = 0.3944 / time = 0.73
best of generation 118 / cbal. = 94.7037 / Wtd. con eff = 3.6739 / Wtd. HRF eff = 1.6333 / Pop var. = 0.42507 / time = 0.79
best of generation 119 / cbal. = 94.7037 / Wtd. con eff = 3.6739 / Wtd. HRF eff = 1.6333 / Pop var. = 0.34265 / time = 0.73
best of generation 120 / cbal. = 94.7037 / Wtd. con eff = 3.6739 / Wtd. HRF eff = 1.6333 / Pop var. = 0.40868 / time = 0.74
best of generation 121 / cbal. = 94.7037 / Wtd. con eff = 3.6739 / Wtd. HRF eff = 1.6333 / Pop var. = 0.34358 / time = 0.73
best of generation 122 / cbal. = 94.7037 / Wtd. con eff = 3.6739 / Wtd. HRF eff = 1.6333 / Pop var. = 0.41105 / time = 0.74
best of generation 123 / cbal. = 94.7037 / Wtd. con eff = 3.6739 / Wtd. HRF eff = 1.6333 / Pop var. = 0.38758 / time = 0.76
best of generation 124 / cbal. = 94.7037 / Wtd. con eff = 3.6739 / Wtd. HRF eff = 1.6333 / Pop var. = 0.43296 / time = 0.74
best of generation 125 / cbal. = 94.7037 / Wtd. con eff = 3.6739 / Wtd. HRF eff = 1.6333 / Pop var. = 0.41634 / time = 0.73
best of generation 126 / cbal. = 94.7037 / Wtd. con eff = 3.6739 / Wtd. HRF eff = 1.6333 / Pop var. = 0.35232 / time = 0.72
best of generation 127 / cbal. = 94.7037 / Wtd. con eff = 3.6739 / Wtd. HRF eff = 1.6333 / Pop var. = 0.37121 / time = 0.74
best of generation 128 / cbal. = 94.7037 / Wtd. con eff = 3.6739 / Wtd. HRF eff = 1.6333 / Pop var. = 0.48488 / time = 0.74
best of generation 129 / cbal. = 94.7037 / Wtd. con eff = 3.6739 / Wtd. HRF eff = 1.6333 / Pop var. = 0.46723 / time = 0.75
best of generation 130 / cbal. = 94.7037 / Wtd. con eff = 3.6739 / Wtd. HRF eff = 1.6333 / Pop var. = 0.39616 / time = 0.74
best of generation 131 / cbal. = 94.7037 / Wtd. con eff = 3.6739 / Wtd. HRF eff = 1.6333 / Pop var. = 0.40784 / time = 0.72
best of generation 132 / cbal. = 94.7037 / Wtd. con eff = 3.6739 / Wtd. HRF eff = 1.6333 / Pop var. = 0.31818 / time = 0.75
best of generation 133 / cbal. = 94.7037 / Wtd. con eff = 3.6739 / Wtd. HRF eff = 1.6333 / Pop var. = 0.36017 / time = 0.74
best of generation 134 / cbal. = 94.7037 / Wtd. con eff = 3.6739 / Wtd. HRF eff = 1.6333 / Pop var. = 0.40208 / time = 0.75
best of generation 135 / cbal. = 94.7037 / Wtd. con eff = 3.6739 / Wtd. HRF eff = 1.6333 / Pop var. = 0.32342 / time = 0.73
best of generation 136 / cbal. = 94.7037 / Wtd. con eff = 3.6739 / Wtd. HRF eff = 1.6333 / Pop var. = 0.391 / time = 0.73
best of generation 137 / cbal. = 94.7037 / Wtd. con eff = 3.6739 / Wtd. HRF eff = 1.6333 / Pop var. = 0.48274 / time = 0.74
best of generation 138 / cbal. = 94.7037 / Wtd. con eff = 3.6739 / Wtd. HRF eff = 1.6333 / Pop var. = 0.42227 / time = 0.74
best of generation 139 / cbal. = 94.7037 / Wtd. con eff = 3.6739 / Wtd. HRF eff = 1.6333 / Pop var. = 0.38348 / time = 0.73
best of generation 140 / cbal. = 94.7037 / Wtd. con eff = 3.6739 / Wtd. HRF eff = 1.6333 / Pop var. = 0.48517 / time = 0.74
best of generation 141 / cbal. = 94.7037 / Wtd. con eff = 3.6739 / Wtd. HRF eff = 1.6333 / Pop var. = 0.43666 / time = 0.73
best of generation 142 / cbal. = 94.7037 / Wtd. con eff = 3.6739 / Wtd. HRF eff = 1.6333 / Pop var. = 0.37951 / time = 0.74
best of generation 143 / cbal. = 94.7037 / Wtd. con eff = 3.6739 / Wtd. HRF eff = 1.6333 / Pop var. = 0.4227 / time = 0.72
best of generation 144 / cbal. = 94.7037 / Wtd. con eff = 3.6739 / Wtd. HRF eff = 1.6333 / Pop var. = 0.41641 / time = 0.73
best of generation 145 / cbal. = 94.7037 / Wtd. con eff = 3.6739 / Wtd. HRF eff = 1.6333 / Pop var. = 0.30783 / time = 0.76
best of generation 146 / cbal. = 94.889 / Wtd. con eff = 3.6403 / Wtd. HRF eff = 1.7124 / Pop var. = 0.39025 / time = 0.74
best of generation 147 / cbal. = 94.889 / Wtd. con eff = 3.6403 / Wtd. HRF eff = 1.7124 / Pop var. = 0.42326 / time = 0.73
best of generation 148 / cbal. = 94.889 / Wtd. con eff = 3.6403 / Wtd. HRF eff = 1.7124 / Pop var. = 0.34472 / time = 0.74
best of generation 149 / cbal. = 94.889 / Wtd. con eff = 3.6403 / Wtd. HRF eff = 1.7124 / Pop var. = 0.39367 / time = 0.74
best of generation 150 / cbal. = 94.6885 / Wtd. con eff = 3.6509 / Wtd. HRF eff = 3.1679 / Pop var. = 0.46348 / time = 0.74
best of generation 151 / cbal. = 94.6885 / Wtd. con eff = 3.6509 / Wtd. HRF eff = 3.1679 / Pop var. = 0.41591 / time = 0.75
best of generation 152 / cbal. = 94.6885 / Wtd. con eff = 3.6509 / Wtd. HRF eff = 3.1679 / Pop var. = 0.40889 / time = 0.74
best of generation 153 / cbal. = 94.6885 / Wtd. con eff = 3.6509 / Wtd. HRF eff = 3.1679 / Pop var. = 0.39115 / time = 0.74
best of generation 154 / cbal. = 94.6885 / Wtd. con eff = 3.6509 / Wtd. HRF eff = 3.1679 / Pop var. = 0.44292 / time = 0.73
best of generation 155 / cbal. = 94.6885 / Wtd. con eff = 3.6509 / Wtd. HRF eff = 3.1679 / Pop var. = 0.34775 / time = 0.74
best of generation 156 / cbal. = 94.6885 / Wtd. con eff = 3.6509 / Wtd. HRF eff = 3.1679 / Pop var. = 0.45198 / time = 0.74
best of generation 157 / cbal. = 94.6885 / Wtd. con eff = 3.6509 / Wtd. HRF eff = 3.1679 / Pop var. = 0.40864 / time = 0.73
best of generation 158 / cbal. = 94.6885 / Wtd. con eff = 3.6509 / Wtd. HRF eff = 3.1679 / Pop var. = 0.35111 / time = 0.73
best of generation 159 / cbal. = 94.6885 / Wtd. con eff = 3.6509 / Wtd. HRF eff = 3.1679 / Pop var. = 0.42959 / time = 0.73
best of generation 160 / cbal. = 94.6885 / Wtd. con eff = 3.6509 / Wtd. HRF eff = 3.1679 / Pop var. = 0.40052 / time = 0.74
best of generation 161 / cbal. = 94.6885 / Wtd. con eff = 3.6509 / Wtd. HRF eff = 3.1679 / Pop var. = 0.35934 / time = 0.73
saving workspace as GAresults.mat
M = 
     origlist: [49x1 double]
     restlist: [20x1 double]
     stimlist: [60x1 double]
           ga: [1x1 struct]
    bestLists: [60x161 uint8]
         date: '11-9-2014'
optimizeGA done: 120.68 s
